#
# A fatal error has been detected by the Java Runtime Environment:
#
#  EXCEPTION_ACCESS_VIOLATION (0xc0000005) at pc=0x00007ffb53f2065b, pid=3460, tid=8120
#
# JRE version: Java(TM) SE Runtime Environment 18.9 (11.0.13+10) (build 11.0.13+10-LTS-370)
# Java VM: Java HotSpot(TM) 64-Bit Server VM 18.9 (11.0.13+10-LTS-370, mixed mode, tiered, compressed oops, g1 gc, windows-amd64)
# Problematic frame:
# V  [jvm.dll+0x31065b]
#
# No core dump will be written. Minidumps are not enabled by default on client versions of Windows
#
# If you would like to submit a bug report, please visit:
#   https://bugreport.java.com/bugreport/crash.jsp
#

---------------  S U M M A R Y ------------

Command Line: --add-opens=java.base/java.util=ALL-UNNAMED --add-opens=java.base/java.lang=ALL-UNNAMED --add-opens=java.base/java.lang.invoke=ALL-UNNAMED --add-opens=java.prefs/java.util.prefs=ALL-UNNAMED -XX:MaxMetaspaceSize=256m -XX:+HeapDumpOnOutOfMemoryError -Xms256m -Xmx512m -Dfile.encoding=windows-1252 -Duser.country=US -Duser.language=en -Duser.variant org.gradle.launcher.daemon.bootstrap.GradleDaemon 5.5

Host: Intel(R) Core(TM) i5-3230M CPU @ 2.60GHz, 4 cores, 11G,  Windows 10 , 64 bit Build 19041 (10.0.19041.1806)
Time: Tue Aug  2 02:37:49 2022 Tokyo Standard Time elapsed time: 184.754111 seconds (0d 0h 3m 4s)

---------------  T H R E A D  ---------------

Current thread (0x0000018c7a772800):  JavaThread "C2 CompilerThread0" daemon [_thread_in_native, id=8120, stack(0x00000045f8e00000,0x00000045f8f00000)]


Current CompileTask:
C2: 184754 21343       4       com.google.common.collect.SparseImmutableTable::<init> (519 bytes)

Stack: [0x00000045f8e00000,0x00000045f8f00000],  sp=0x00000045f8efba30,  free space=1006k
Native frames: (J=compiled Java code, j=interpreted, Vv=VM code, C=native code)
V  [jvm.dll+0x31065b]
V  [jvm.dll+0x30e2a8]
V  [jvm.dll+0x30d94a]
V  [jvm.dll+0x1f8255]
V  [jvm.dll+0x1f743d]
V  [jvm.dll+0x177991]
V  [jvm.dll+0x206d84]
V  [jvm.dll+0x204ebb]
V  [jvm.dll+0x727e70]
V  [jvm.dll+0x720a54]
V  [jvm.dll+0x627606]
C  [ucrtbase.dll+0x21bb2]
C  [KERNEL32.DLL+0x17034]
C  [ntdll.dll+0x52651]


siginfo: EXCEPTION_ACCESS_VIOLATION (0xc0000005), reading address 0x00007dfb543d2fc8


Register to memory mapping:

RIP=0x00007ffb53f2065b jvm.dll
RAX=0x00007dfb543d2f20 is an unknown value
RBX=0x00000000000005de is an unknown value
RCX=0x0000018c7e0281c0 points into unknown readable memory: 0x00007dfb543d2f20 | 20 2f 3d 54 fb 7d 00 00
RDX=0x0000018c7e028330 points into unknown readable memory: 0x00007ffb543c3ee0 | e0 3e 3c 54 fb 7f 00 00
RSP=0x00000045f8efba30 is pointing into the stack for thread: 0x0000018c7a772800
RBP=0x0000000000000004 is an unknown value
RSI=0x0000000000000004 is an unknown value
RDI=0x0000018c7e0281c0 points into unknown readable memory: 0x00007dfb543d2f20 | 20 2f 3d 54 fb 7d 00 00
R8 =0x0000018c7bf6b790 points into unknown readable memory: 0x00007ffb5443f970 | 70 f9 43 54 fb 7f 00 00
R9 =0x0 is NULL
R10=0x0000000000000015 is an unknown value
R11=0x0000000000000002 is an unknown value
R12=0x00000045f8efbb40 is pointing into the stack for thread: 0x0000018c7a772800
R13=0x0 is NULL
R14=0x00000045f8efbaf0 is pointing into the stack for thread: 0x0000018c7a772800
R15=0x00000045f8efbfa0 is pointing into the stack for thread: 0x0000018c7a772800


Registers:
RAX=0x00007dfb543d2f20, RBX=0x00000000000005de, RCX=0x0000018c7e0281c0, RDX=0x0000018c7e028330
RSP=0x00000045f8efba30, RBP=0x0000000000000004, RSI=0x0000000000000004, RDI=0x0000018c7e0281c0
R8 =0x0000018c7bf6b790, R9 =0x0000000000000000, R10=0x0000000000000015, R11=0x0000000000000002
R12=0x00000045f8efbb40, R13=0x0000000000000000, R14=0x00000045f8efbaf0, R15=0x00000045f8efbfa0
RIP=0x00007ffb53f2065b, EFLAGS=0x0000000000010246

Top of Stack: (sp=0x00000045f8efba30)
0x00000045f8efba30:   0000018c0590d9d8 0000000000000036
0x00000045f8efba40:   0000018c7a75c5d0 0000018c05dd7d00
0x00000045f8efba50:   0000018c0145b100 0000018c0145b200
0x00000045f8efba60:   0000018c0145b100 0000018c7a75c5d0
0x00000045f8efba70:   0000018c7a774b78 0000000000000000
0x00000045f8efba80:   0000018c7a75c5d0 0000018c7e04f690
0x00000045f8efba90:   000000000000d820 00007ffb53f1e2a8
0x00000045f8efbaa0:   00000045f8efbba0 0000018c7a75c5d0
0x00000045f8efbab0:   00000045f8efbfa0 0000000000008ac0
0x00000045f8efbac0:   000000007bb60101 0000018c010ca700
0x00000045f8efbad0:   0000000000000e6a 000000000000008a
0x00000045f8efbae0:   00000000000000d5 0000018cf708ff00
0x00000045f8efbaf0:   0000018c7e4c0bb0 0000018c7e4cd540
0x00000045f8efbb00:   0000018c7e4bfd20 0000018c7a75c5d0
0x00000045f8efbb10:   0000000000000001 0000018c5e760000
0x00000045f8efbb20:   0000000000000802 00007ffbf708ff00 

Instructions: (pc=0x00007ffb53f2065b)
0x00007ffb53f2063b:   8b ce e8 be 84 2f 00 49 8b 06 48 89 18 44 89 68
0x00007ffb53f2064b:   08 3b 77 1c 0f 82 5b ff ff ff 48 8b 07 48 8b cf
0x00007ffb53f2065b:   ff 90 a8 00 00 00 84 c0 75 63 8b 47 1c 49 8b f5
0x00007ffb53f2066b:   45 8b d5 85 c0 74 3a 48 8b 57 08 44 8b c8 0f 1f 


Stack slot to memory mapping:
stack at sp + 0 slots: 0x0000018c0590d9d8 points into unknown readable memory: 0x00007ffb5443b5c0 | c0 b5 43 54 fb 7f 00 00
stack at sp + 1 slots: 0x0000000000000036 is an unknown value
stack at sp + 2 slots: 0x0000018c7a75c5d0 points into unknown readable memory: 0x0000000000000006 | 06 00 00 00 00 00 00 00
stack at sp + 3 slots: 0x0000018c05dd7d00 points into unknown readable memory: 0xffffffffffffffff | ff ff ff ff ff ff ff ff
stack at sp + 4 slots: 0x0000018c0145b100 points into unknown readable memory: 0x0000018c7e028088 | 88 80 02 7e 8c 01 00 00
stack at sp + 5 slots: 0x0000018c0145b200 points into unknown readable memory: 0x676f6f672e6d6f63 | 63 6f 6d 2e 67 6f 6f 67
stack at sp + 6 slots: 0x0000018c0145b100 points into unknown readable memory: 0x0000018c7e028088 | 88 80 02 7e 8c 01 00 00
stack at sp + 7 slots: 0x0000018c7a75c5d0 points into unknown readable memory: 0x0000000000000006 | 06 00 00 00 00 00 00 00


---------------  P R O C E S S  ---------------

Threads class SMR info:
_java_thread_list=0x0000018c06cecc30, length=45, elements={
0x0000018c608f8000, 0x0000018c7a74c800, 0x0000018c7a756000, 0x0000018c7a76c000,
0x0000018c7a76d000, 0x0000018c7a76f800, 0x0000018c7a772800, 0x0000018c7a776000,
0x0000018c7b126000, 0x0000018c7b22a800, 0x0000018c7c5af800, 0x0000018c7c82e800,
0x0000018c7c869000, 0x0000018c7ca1e800, 0x0000018c7c85b000, 0x0000018c7c8dd000,
0x0000018c7c8f0000, 0x0000018c7c8f6800, 0x0000018c7c8f7800, 0x0000018c7c8eb000,
0x0000018c7c8ea000, 0x0000018c7c8e6800, 0x0000018c7c8e7800, 0x0000018c7c8e8800,
0x0000018c7c8e6000, 0x0000018c7c8ec800, 0x0000018c7e05f800, 0x0000018c7e060800,
0x0000018c7e061800, 0x0000018c7e05b800, 0x0000018c7e05d800, 0x0000018c7e05c800,
0x0000018c7e062000, 0x0000018c7e290800, 0x0000018c7e28a800, 0x0000018c7e28b800,
0x0000018c7e28f800, 0x0000018c7e28c000, 0x0000018c7e291000, 0x0000018c7e292000,
0x0000018c7e28e800, 0x0000018c7e293000, 0x0000018c7e28d000, 0x0000018c7e293800,
0x0000018c000c4000
}

Java Threads: ( => current thread )
  0x0000018c608f8000 JavaThread "main" [_thread_blocked, id=10304, stack(0x00000045f8200000,0x00000045f8300000)]
  0x0000018c7a74c800 JavaThread "Reference Handler" daemon [_thread_blocked, id=108, stack(0x00000045f8900000,0x00000045f8a00000)]
  0x0000018c7a756000 JavaThread "Finalizer" daemon [_thread_blocked, id=8636, stack(0x00000045f8a00000,0x00000045f8b00000)]
  0x0000018c7a76c000 JavaThread "Signal Dispatcher" daemon [_thread_blocked, id=8064, stack(0x00000045f8b00000,0x00000045f8c00000)]
  0x0000018c7a76d000 JavaThread "Attach Listener" daemon [_thread_blocked, id=12348, stack(0x00000045f8c00000,0x00000045f8d00000)]
  0x0000018c7a76f800 JavaThread "Service Thread" daemon [_thread_blocked, id=10600, stack(0x00000045f8d00000,0x00000045f8e00000)]
=>0x0000018c7a772800 JavaThread "C2 CompilerThread0" daemon [_thread_in_native, id=8120, stack(0x00000045f8e00000,0x00000045f8f00000)]
  0x0000018c7a776000 JavaThread "C1 CompilerThread0" daemon [_thread_blocked, id=10684, stack(0x00000045f8f00000,0x00000045f9000000)]
  0x0000018c7b126000 JavaThread "Sweeper thread" daemon [_thread_blocked, id=13588, stack(0x00000045f9000000,0x00000045f9100000)]
  0x0000018c7b22a800 JavaThread "Common-Cleaner" daemon [_thread_blocked, id=928, stack(0x00000045f9100000,0x00000045f9200000)]
  0x0000018c7c5af800 JavaThread "Daemon health stats" [_thread_blocked, id=13480, stack(0x00000045f9700000,0x00000045f9800000)]
  0x0000018c7c82e800 JavaThread "Incoming local TCP Connector on port 49246" [_thread_in_native, id=13428, stack(0x00000045f9600000,0x00000045f9700000)]
  0x0000018c7c869000 JavaThread "Daemon periodic checks" [_thread_blocked, id=6076, stack(0x00000045f9800000,0x00000045f9900000)]
  0x0000018c7ca1e800 JavaThread "Daemon" [_thread_blocked, id=10892, stack(0x00000045f9900000,0x00000045f9a00000)]
  0x0000018c7c85b000 JavaThread "Handler for socket connection from /127.0.0.1:49246 to /127.0.0.1:49247" [_thread_in_native, id=11748, stack(0x00000045f9a00000,0x00000045f9b00000)]
  0x0000018c7c8dd000 JavaThread "Cancel handler" [_thread_blocked, id=14048, stack(0x00000045f9b00000,0x00000045f9c00000)]
  0x0000018c7c8f0000 JavaThread "Daemon worker" [_thread_blocked, id=3440, stack(0x00000045f9c00000,0x00000045f9d00000)]
  0x0000018c7c8f6800 JavaThread "Asynchronous log dispatcher for DefaultDaemonConnection: socket connection from /127.0.0.1:49246 to /127.0.0.1:49247" [_thread_blocked, id=8668, stack(0x00000045f9d00000,0x00000045f9e00000)]
  0x0000018c7c8f7800 JavaThread "Stdin handler" [_thread_blocked, id=8188, stack(0x00000045f9e00000,0x00000045f9f00000)]
  0x0000018c7c8eb000 JavaThread "Thread-8" [_thread_blocked, id=8492, stack(0x00000045f9f00000,0x00000045fa000000)]
  0x0000018c7c8ea000 JavaThread "Cache worker for file hash cache (C:\Users\LUCKY\.gradle\caches\5.5\fileHashes)" [_thread_blocked, id=8208, stack(0x00000045fa000000,0x00000045fa100000)]
  0x0000018c7c8e6800 JavaThread "File lock request listener" [_thread_in_native, id=3844, stack(0x00000045fa100000,0x00000045fa200000)]
  0x0000018c7c8e7800 JavaThread "Cache worker for journal cache (C:\Users\LUCKY\.gradle\caches\journal-1)" [_thread_blocked, id=13476, stack(0x00000045fa200000,0x00000045fa300000)]
  0x0000018c7c8e8800 JavaThread "Cache worker for file hash cache (D:\MyWork\ReactNative\whsnxt_mvp\android\.gradle\5.5\fileHashes)" [_thread_blocked, id=11780, stack(0x00000045fa300000,0x00000045fa400000)]
  0x0000018c7c8e6000 JavaThread "Cache worker for cache directory md-supplier (C:\Users\LUCKY\.gradle\caches\5.5\md-supplier)" [_thread_blocked, id=4732, stack(0x00000045fa500000,0x00000045fa600000)]
  0x0000018c7c8ec800 JavaThread "Cache worker for cache directory md-rule (C:\Users\LUCKY\.gradle\caches\5.5\md-rule)" [_thread_blocked, id=5736, stack(0x00000045fa600000,0x00000045fa700000)]
  0x0000018c7e05f800 JavaThread "Cache worker for execution history cache (C:\Users\LUCKY\.gradle\caches\5.5\executionHistory)" [_thread_blocked, id=8656, stack(0x00000045fa700000,0x00000045fa800000)]
  0x0000018c7e060800 JavaThread "Build operations" [_thread_blocked, id=11372, stack(0x00000045fa900000,0x00000045faa00000)]
  0x0000018c7e061800 JavaThread "Build operations Thread 2" [_thread_blocked, id=11104, stack(0x00000045faa00000,0x00000045fab00000)]
  0x0000018c7e05b800 JavaThread "Build operations Thread 3" [_thread_blocked, id=12420, stack(0x00000045fab00000,0x00000045fac00000)]
  0x0000018c7e05d800 JavaThread "Build operations Thread 4" [_thread_blocked, id=10144, stack(0x00000045fac00000,0x00000045fad00000)]
  0x0000018c7e05c800 JavaThread "Cache worker for Build Output Cleanup Cache (D:\MyWork\ReactNative\whsnxt_mvp\android\.gradle\buildOutputCleanup)" [_thread_blocked, id=13652, stack(0x00000045f8000000,0x00000045f8100000)]
  0x0000018c7e062000 JavaThread "Memory manager" [_thread_blocked, id=3096, stack(0x00000045fad00000,0x00000045fae00000)]
  0x0000018c7e290800 JavaThread "Cache worker for file content cache (C:\Users\LUCKY\.gradle\caches\5.5\fileContent)" [_thread_blocked, id=10276, stack(0x00000045fae00000,0x00000045faf00000)]
  0x0000018c7e28a800 JavaThread "Cache worker for file content cache (D:\MyWork\ReactNative\whsnxt_mvp\android\.gradle\5.5\fileContent)" [_thread_blocked, id=12960, stack(0x00000045faf00000,0x00000045fb000000)]
  0x0000018c7e28b800 JavaThread "Execution worker for ':'" [_thread_blocked, id=1068, stack(0x00000045f8100000,0x00000045f8200000)]
  0x0000018c7e28f800 JavaThread "Execution worker for ':' Thread 2" [_thread_in_Java, id=12456, stack(0x00000045fa400000,0x00000045fa500000)]
  0x0000018c7e28c000 JavaThread "Execution worker for ':' Thread 3" [_thread_blocked, id=9612, stack(0x00000045fb000000,0x00000045fb100000)]
  0x0000018c7e291000 JavaThread "Cache worker for execution history cache (D:\MyWork\ReactNative\whsnxt_mvp\android\.gradle\5.5\executionHistory)" [_thread_blocked, id=1832, stack(0x00000045fb300000,0x00000045fb400000)]
  0x0000018c7e292000 JavaThread "Cache worker for Java compile cache (C:\Users\LUCKY\.gradle\caches\5.5\javaCompile)" [_thread_blocked, id=668, stack(0x00000045fb400000,0x00000045fb500000)]
  0x0000018c7e28e800 JavaThread "Cache worker for Java compile cache (D:\MyWork\ReactNative\whsnxt_mvp\android\.gradle\5.5\javaCompile)" [_thread_blocked, id=8216, stack(0x00000045fb500000,0x00000045fb600000)]
  0x0000018c7e293000 JavaThread "ForkJoinPool.commonPool-worker-3" daemon [_thread_blocked, id=852, stack(0x00000045fb600000,0x00000045fb700000)]
  0x0000018c7e28d000 JavaThread "ForkJoinPool.commonPool-worker-5" daemon [_thread_blocked, id=2532, stack(0x00000045fb700000,0x00000045fb800000)]
  0x0000018c7e293800 JavaThread "ForkJoinPool.commonPool-worker-7" daemon [_thread_blocked, id=10260, stack(0x00000045fb900000,0x00000045fba00000)]
  0x0000018c000c4000 JavaThread "C2 CompilerThread1" daemon [_thread_blocked, id=1952, stack(0x00000045f7f00000,0x00000045f8000000)]

Other Threads:
  0x0000018c7a727000 VMThread "VM Thread" [stack: 0x00000045f8800000,0x00000045f8900000] [id=6532]
  0x0000018c7b26b000 WatcherThread [stack: 0x00000045f9200000,0x00000045f9300000] [id=10528]
  0x0000018c6090e000 GCTaskThread "GC Thread#0" [stack: 0x00000045f8300000,0x00000045f8400000] [id=4528]
  0x0000018c7bc8e000 GCTaskThread "GC Thread#1" [stack: 0x00000045f9300000,0x00000045f9400000] [id=13436]
  0x0000018c7bb23800 GCTaskThread "GC Thread#2" [stack: 0x00000045f9400000,0x00000045f9500000] [id=14072]
  0x0000018c7bb24000 GCTaskThread "GC Thread#3" [stack: 0x00000045f9500000,0x00000045f9600000] [id=9832]
  0x0000018c60921000 ConcurrentGCThread "G1 Main Marker" [stack: 0x00000045f8400000,0x00000045f8500000] [id=5348]
  0x0000018c60923800 ConcurrentGCThread "G1 Conc#0" [stack: 0x00000045f8500000,0x00000045f8600000] [id=10300]
  0x0000018c7a5c2800 ConcurrentGCThread "G1 Refine#0" [stack: 0x00000045f8600000,0x00000045f8700000] [id=10744]
  0x0000018c00c8e800 ConcurrentGCThread "G1 Refine#1" [stack: 0x00000045fb100000,0x00000045fb200000] [id=14280]
  0x0000018c00c8b000 ConcurrentGCThread "G1 Refine#2" [stack: 0x00000045fb200000,0x00000045fb300000] [id=12884]
  0x0000018c609db000 ConcurrentGCThread "G1 Young RemSet Sampling" [stack: 0x00000045f8700000,0x00000045f8800000] [id=12244]

Threads with active compile tasks:
C2 CompilerThread0 184862 21343       4       com.google.common.collect.SparseImmutableTable::<init> (519 bytes)

VM state:not at safepoint (normal execution)

VM Mutex/Monitor currently owned by a thread: None

Heap address: 0x00000000e0000000, size: 512 MB, Compressed Oops mode: 32-bit
Narrow klass base: 0x0000000000000000, Narrow klass shift: 3
Compressed class space size: 260046848 Address: 0x0000000100000000

Heap:
 garbage-first heap   total 262144K, used 197558K [0x00000000e0000000, 0x0000000100000000)
  region size 1024K, 22 young (22528K), 3 survivors (3072K)
 Metaspace       used 104942K, capacity 108290K, committed 108620K, reserved 350208K
  class space    used 12538K, capacity 13595K, committed 13696K, reserved 253952K
Heap Regions: E=young(eden), S=young(survivor), O=old, HS=humongous(starts), HC=humongous(continues), CS=collection set, F=free, A=archive, TAMS=top-at-mark-start (previous, next)
|   0|0x00000000e0000000, 0x00000000e0100000, 0x00000000e0100000|100%| O|  |TAMS 0x00000000e0100000, 0x00000000e0100000| Untracked 
|   1|0x00000000e0100000, 0x00000000e0200000, 0x00000000e0200000|100%| O|  |TAMS 0x00000000e0200000, 0x00000000e0200000| Untracked 
|   2|0x00000000e0200000, 0x00000000e0300000, 0x00000000e0300000|100%|HS|  |TAMS 0x00000000e0300000, 0x00000000e0300000| Complete 
|   3|0x00000000e0300000, 0x00000000e0400000, 0x00000000e0400000|100%|HS|  |TAMS 0x00000000e0400000, 0x00000000e0400000| Complete 
|   4|0x00000000e0400000, 0x00000000e0500000, 0x00000000e0500000|100%|HC|  |TAMS 0x00000000e0500000, 0x00000000e0500000| Complete 
|   5|0x00000000e0500000, 0x00000000e0600000, 0x00000000e0600000|100%| O|  |TAMS 0x00000000e0600000, 0x00000000e0600000| Untracked 
|   6|0x00000000e0600000, 0x00000000e0700000, 0x00000000e0700000|100%| O|  |TAMS 0x00000000e0700000, 0x00000000e0700000| Untracked 
|   7|0x00000000e0700000, 0x00000000e0800000, 0x00000000e0800000|100%| O|  |TAMS 0x00000000e0800000, 0x00000000e0800000| Untracked 
|   8|0x00000000e0800000, 0x00000000e0900000, 0x00000000e0900000|100%| O|  |TAMS 0x00000000e0900000, 0x00000000e0900000| Untracked 
|   9|0x00000000e0900000, 0x00000000e0a00000, 0x00000000e0a00000|100%| O|  |TAMS 0x00000000e0a00000, 0x00000000e0a00000| Untracked 
|  10|0x00000000e0a00000, 0x00000000e0b00000, 0x00000000e0b00000|100%| O|  |TAMS 0x00000000e0b00000, 0x00000000e0b00000| Untracked 
|  11|0x00000000e0b00000, 0x00000000e0c00000, 0x00000000e0c00000|100%| O|  |TAMS 0x00000000e0c00000, 0x00000000e0c00000| Untracked 
|  12|0x00000000e0c00000, 0x00000000e0d00000, 0x00000000e0d00000|100%| O|  |TAMS 0x00000000e0d00000, 0x00000000e0d00000| Untracked 
|  13|0x00000000e0d00000, 0x00000000e0e00000, 0x00000000e0e00000|100%| O|  |TAMS 0x00000000e0e00000, 0x00000000e0e00000| Untracked 
|  14|0x00000000e0e00000, 0x00000000e0f00000, 0x00000000e0f00000|100%| O|  |TAMS 0x00000000e0f00000, 0x00000000e0f00000| Untracked 
|  15|0x00000000e0f00000, 0x00000000e1000000, 0x00000000e1000000|100%| O|  |TAMS 0x00000000e1000000, 0x00000000e1000000| Untracked 
|  16|0x00000000e1000000, 0x00000000e1100000, 0x00000000e1100000|100%| O|  |TAMS 0x00000000e1100000, 0x00000000e1100000| Untracked 
|  17|0x00000000e1100000, 0x00000000e1200000, 0x00000000e1200000|100%| O|  |TAMS 0x00000000e1200000, 0x00000000e1200000| Untracked 
|  18|0x00000000e1200000, 0x00000000e1300000, 0x00000000e1300000|100%| O|  |TAMS 0x00000000e1300000, 0x00000000e1300000| Untracked 
|  19|0x00000000e1300000, 0x00000000e1400000, 0x00000000e1400000|100%| O|  |TAMS 0x00000000e1400000, 0x00000000e1400000| Untracked 
|  20|0x00000000e1400000, 0x00000000e1500000, 0x00000000e1500000|100%|HS|  |TAMS 0x00000000e1500000, 0x00000000e1500000| Complete 
|  21|0x00000000e1500000, 0x00000000e1600000, 0x00000000e1600000|100%|HC|  |TAMS 0x00000000e1600000, 0x00000000e1600000| Complete 
|  22|0x00000000e1600000, 0x00000000e1700000, 0x00000000e1700000|100%|HC|  |TAMS 0x00000000e1700000, 0x00000000e1700000| Complete 
|  23|0x00000000e1700000, 0x00000000e1800000, 0x00000000e1800000|100%|HS|  |TAMS 0x00000000e1800000, 0x00000000e1800000| Complete 
|  24|0x00000000e1800000, 0x00000000e1900000, 0x00000000e1900000|100%|HC|  |TAMS 0x00000000e1900000, 0x00000000e1900000| Complete 
|  25|0x00000000e1900000, 0x00000000e1a00000, 0x00000000e1a00000|100%| O|  |TAMS 0x00000000e1a00000, 0x00000000e1a00000| Untracked 
|  26|0x00000000e1a00000, 0x00000000e1b00000, 0x00000000e1b00000|100%| O|  |TAMS 0x00000000e1b00000, 0x00000000e1b00000| Untracked 
|  27|0x00000000e1b00000, 0x00000000e1c00000, 0x00000000e1c00000|100%| O|  |TAMS 0x00000000e1c00000, 0x00000000e1c00000| Untracked 
|  28|0x00000000e1c00000, 0x00000000e1d00000, 0x00000000e1d00000|100%| O|  |TAMS 0x00000000e1d00000, 0x00000000e1d00000| Untracked 
|  29|0x00000000e1d00000, 0x00000000e1e00000, 0x00000000e1e00000|100%| O|  |TAMS 0x00000000e1e00000, 0x00000000e1e00000| Untracked 
|  30|0x00000000e1e00000, 0x00000000e1f00000, 0x00000000e1f00000|100%| O|  |TAMS 0x00000000e1f00000, 0x00000000e1f00000| Untracked 
|  31|0x00000000e1f00000, 0x00000000e2000000, 0x00000000e2000000|100%| O|  |TAMS 0x00000000e2000000, 0x00000000e2000000| Untracked 
|  32|0x00000000e2000000, 0x00000000e2100000, 0x00000000e2100000|100%| O|  |TAMS 0x00000000e2100000, 0x00000000e2100000| Untracked 
|  33|0x00000000e2100000, 0x00000000e2200000, 0x00000000e2200000|100%| O|  |TAMS 0x00000000e2200000, 0x00000000e2200000| Untracked 
|  34|0x00000000e2200000, 0x00000000e2300000, 0x00000000e2300000|100%| O|  |TAMS 0x00000000e2300000, 0x00000000e2300000| Untracked 
|  35|0x00000000e2300000, 0x00000000e2400000, 0x00000000e2400000|100%| O|  |TAMS 0x00000000e2400000, 0x00000000e2400000| Untracked 
|  36|0x00000000e2400000, 0x00000000e2500000, 0x00000000e2500000|100%| O|  |TAMS 0x00000000e2500000, 0x00000000e2500000| Untracked 
|  37|0x00000000e2500000, 0x00000000e2600000, 0x00000000e2600000|100%| O|  |TAMS 0x00000000e2600000, 0x00000000e2600000| Untracked 
|  38|0x00000000e2600000, 0x00000000e2700000, 0x00000000e2700000|100%| O|  |TAMS 0x00000000e2700000, 0x00000000e2700000| Untracked 
|  39|0x00000000e2700000, 0x00000000e2800000, 0x00000000e2800000|100%| O|  |TAMS 0x00000000e2800000, 0x00000000e2800000| Untracked 
|  40|0x00000000e2800000, 0x00000000e2900000, 0x00000000e2900000|100%| O|  |TAMS 0x00000000e2900000, 0x00000000e2900000| Untracked 
|  41|0x00000000e2900000, 0x00000000e2a00000, 0x00000000e2a00000|100%| O|  |TAMS 0x00000000e2a00000, 0x00000000e2a00000| Untracked 
|  42|0x00000000e2a00000, 0x00000000e2b00000, 0x00000000e2b00000|100%| O|  |TAMS 0x00000000e2b00000, 0x00000000e2b00000| Untracked 
|  43|0x00000000e2b00000, 0x00000000e2c00000, 0x00000000e2c00000|100%| O|  |TAMS 0x00000000e2c00000, 0x00000000e2c00000| Untracked 
|  44|0x00000000e2c00000, 0x00000000e2d00000, 0x00000000e2d00000|100%| O|  |TAMS 0x00000000e2d00000, 0x00000000e2d00000| Untracked 
|  45|0x00000000e2d00000, 0x00000000e2e00000, 0x00000000e2e00000|100%| O|  |TAMS 0x00000000e2e00000, 0x00000000e2e00000| Untracked 
|  46|0x00000000e2e00000, 0x00000000e2f00000, 0x00000000e2f00000|100%| O|  |TAMS 0x00000000e2f00000, 0x00000000e2f00000| Untracked 
|  47|0x00000000e2f00000, 0x00000000e3000000, 0x00000000e3000000|100%| O|  |TAMS 0x00000000e3000000, 0x00000000e3000000| Untracked 
|  48|0x00000000e3000000, 0x00000000e3100000, 0x00000000e3100000|100%| O|  |TAMS 0x00000000e3100000, 0x00000000e3100000| Untracked 
|  49|0x00000000e3100000, 0x00000000e3200000, 0x00000000e3200000|100%| O|  |TAMS 0x00000000e3200000, 0x00000000e3200000| Untracked 
|  50|0x00000000e3200000, 0x00000000e3300000, 0x00000000e3300000|100%| O|  |TAMS 0x00000000e3300000, 0x00000000e3300000| Untracked 
|  51|0x00000000e3300000, 0x00000000e3400000, 0x00000000e3400000|100%| O|  |TAMS 0x00000000e3400000, 0x00000000e3400000| Untracked 
|  52|0x00000000e3400000, 0x00000000e3500000, 0x00000000e3500000|100%|HS|  |TAMS 0x00000000e3500000, 0x00000000e3500000| Complete 
|  53|0x00000000e3500000, 0x00000000e3600000, 0x00000000e3600000|100%|HC|  |TAMS 0x00000000e3600000, 0x00000000e3600000| Complete 
|  54|0x00000000e3600000, 0x00000000e3700000, 0x00000000e3700000|100%|HC|  |TAMS 0x00000000e3700000, 0x00000000e3700000| Complete 
|  55|0x00000000e3700000, 0x00000000e3800000, 0x00000000e3800000|100%| O|  |TAMS 0x00000000e3800000, 0x00000000e3800000| Untracked 
|  56|0x00000000e3800000, 0x00000000e3900000, 0x00000000e3900000|100%| O|  |TAMS 0x00000000e3900000, 0x00000000e3900000| Untracked 
|  57|0x00000000e3900000, 0x00000000e3a00000, 0x00000000e3a00000|100%| O|  |TAMS 0x00000000e3a00000, 0x00000000e3a00000| Untracked 
|  58|0x00000000e3a00000, 0x00000000e3b00000, 0x00000000e3b00000|100%| O|  |TAMS 0x00000000e3b00000, 0x00000000e3b00000| Untracked 
|  59|0x00000000e3b00000, 0x00000000e3c00000, 0x00000000e3c00000|100%| O|  |TAMS 0x00000000e3c00000, 0x00000000e3c00000| Untracked 
|  60|0x00000000e3c00000, 0x00000000e3d00000, 0x00000000e3d00000|100%| O|  |TAMS 0x00000000e3d00000, 0x00000000e3d00000| Untracked 
|  61|0x00000000e3d00000, 0x00000000e3e00000, 0x00000000e3e00000|100%| O|  |TAMS 0x00000000e3e00000, 0x00000000e3e00000| Untracked 
|  62|0x00000000e3e00000, 0x00000000e3f00000, 0x00000000e3f00000|100%| O|  |TAMS 0x00000000e3f00000, 0x00000000e3f00000| Untracked 
|  63|0x00000000e3f00000, 0x00000000e4000000, 0x00000000e4000000|100%| O|  |TAMS 0x00000000e4000000, 0x00000000e4000000| Untracked 
|  64|0x00000000e4000000, 0x00000000e4100000, 0x00000000e4100000|100%| O|  |TAMS 0x00000000e4100000, 0x00000000e4100000| Untracked 
|  65|0x00000000e4100000, 0x00000000e4200000, 0x00000000e4200000|100%| O|  |TAMS 0x00000000e4200000, 0x00000000e4200000| Untracked 
|  66|0x00000000e4200000, 0x00000000e4300000, 0x00000000e4300000|100%| O|  |TAMS 0x00000000e4300000, 0x00000000e4300000| Untracked 
|  67|0x00000000e4300000, 0x00000000e4400000, 0x00000000e4400000|100%| O|  |TAMS 0x00000000e4400000, 0x00000000e4400000| Untracked 
|  68|0x00000000e4400000, 0x00000000e4500000, 0x00000000e4500000|100%| O|  |TAMS 0x00000000e4500000, 0x00000000e4500000| Untracked 
|  69|0x00000000e4500000, 0x00000000e4600000, 0x00000000e4600000|100%| O|  |TAMS 0x00000000e4600000, 0x00000000e4600000| Untracked 
|  70|0x00000000e4600000, 0x00000000e4700000, 0x00000000e4700000|100%| O|  |TAMS 0x00000000e4700000, 0x00000000e4700000| Untracked 
|  71|0x00000000e4700000, 0x00000000e4800000, 0x00000000e4800000|100%| O|  |TAMS 0x00000000e4800000, 0x00000000e4800000| Untracked 
|  72|0x00000000e4800000, 0x00000000e4900000, 0x00000000e4900000|100%| O|  |TAMS 0x00000000e4900000, 0x00000000e4900000| Untracked 
|  73|0x00000000e4900000, 0x00000000e4a00000, 0x00000000e4a00000|100%| O|  |TAMS 0x00000000e4a00000, 0x00000000e4a00000| Untracked 
|  74|0x00000000e4a00000, 0x00000000e4b00000, 0x00000000e4b00000|100%| O|  |TAMS 0x00000000e4b00000, 0x00000000e4b00000| Untracked 
|  75|0x00000000e4b00000, 0x00000000e4c00000, 0x00000000e4c00000|100%| O|  |TAMS 0x00000000e4c00000, 0x00000000e4c00000| Untracked 
|  76|0x00000000e4c00000, 0x00000000e4d00000, 0x00000000e4d00000|100%| O|  |TAMS 0x00000000e4d00000, 0x00000000e4d00000| Untracked 
|  77|0x00000000e4d00000, 0x00000000e4e00000, 0x00000000e4e00000|100%| O|  |TAMS 0x00000000e4e00000, 0x00000000e4e00000| Untracked 
|  78|0x00000000e4e00000, 0x00000000e4f00000, 0x00000000e4f00000|100%| O|  |TAMS 0x00000000e4f00000, 0x00000000e4f00000| Untracked 
|  79|0x00000000e4f00000, 0x00000000e5000000, 0x00000000e5000000|100%| O|  |TAMS 0x00000000e5000000, 0x00000000e5000000| Untracked 
|  80|0x00000000e5000000, 0x00000000e5100000, 0x00000000e5100000|100%| O|  |TAMS 0x00000000e5100000, 0x00000000e5100000| Untracked 
|  81|0x00000000e5100000, 0x00000000e5200000, 0x00000000e5200000|100%| O|  |TAMS 0x00000000e5200000, 0x00000000e5200000| Untracked 
|  82|0x00000000e5200000, 0x00000000e5300000, 0x00000000e5300000|100%| O|  |TAMS 0x00000000e5300000, 0x00000000e5300000| Untracked 
|  83|0x00000000e5300000, 0x00000000e5400000, 0x00000000e5400000|100%| O|  |TAMS 0x00000000e5400000, 0x00000000e5400000| Untracked 
|  84|0x00000000e5400000, 0x00000000e5500000, 0x00000000e5500000|100%| O|  |TAMS 0x00000000e5500000, 0x00000000e5500000| Untracked 
|  85|0x00000000e5500000, 0x00000000e5600000, 0x00000000e5600000|100%| O|  |TAMS 0x00000000e5600000, 0x00000000e5600000| Untracked 
|  86|0x00000000e5600000, 0x00000000e5700000, 0x00000000e5700000|100%| O|  |TAMS 0x00000000e5700000, 0x00000000e5700000| Untracked 
|  87|0x00000000e5700000, 0x00000000e5800000, 0x00000000e5800000|100%| O|  |TAMS 0x00000000e5800000, 0x00000000e5800000| Untracked 
|  88|0x00000000e5800000, 0x00000000e5900000, 0x00000000e5900000|100%| O|  |TAMS 0x00000000e5900000, 0x00000000e5900000| Untracked 
|  89|0x00000000e5900000, 0x00000000e5a00000, 0x00000000e5a00000|100%| O|  |TAMS 0x00000000e5a00000, 0x00000000e5a00000| Untracked 
|  90|0x00000000e5a00000, 0x00000000e5b00000, 0x00000000e5b00000|100%| O|  |TAMS 0x00000000e5b00000, 0x00000000e5b00000| Untracked 
|  91|0x00000000e5b00000, 0x00000000e5c00000, 0x00000000e5c00000|100%| O|  |TAMS 0x00000000e5c00000, 0x00000000e5c00000| Untracked 
|  92|0x00000000e5c00000, 0x00000000e5d00000, 0x00000000e5d00000|100%| O|  |TAMS 0x00000000e5d00000, 0x00000000e5d00000| Untracked 
|  93|0x00000000e5d00000, 0x00000000e5e00000, 0x00000000e5e00000|100%| O|  |TAMS 0x00000000e5e00000, 0x00000000e5e00000| Untracked 
|  94|0x00000000e5e00000, 0x00000000e5f00000, 0x00000000e5f00000|100%| O|  |TAMS 0x00000000e5f00000, 0x00000000e5f00000| Untracked 
|  95|0x00000000e5f00000, 0x00000000e6000000, 0x00000000e6000000|100%| O|  |TAMS 0x00000000e6000000, 0x00000000e6000000| Untracked 
|  96|0x00000000e6000000, 0x00000000e6100000, 0x00000000e6100000|100%| O|  |TAMS 0x00000000e6100000, 0x00000000e6100000| Untracked 
|  97|0x00000000e6100000, 0x00000000e6200000, 0x00000000e6200000|100%| O|  |TAMS 0x00000000e6200000, 0x00000000e6200000| Untracked 
|  98|0x00000000e6200000, 0x00000000e6300000, 0x00000000e6300000|100%| O|  |TAMS 0x00000000e6300000, 0x00000000e6300000| Untracked 
|  99|0x00000000e6300000, 0x00000000e6400000, 0x00000000e6400000|100%| O|  |TAMS 0x00000000e6400000, 0x00000000e6400000| Untracked 
| 100|0x00000000e6400000, 0x00000000e6500000, 0x00000000e6500000|100%| O|  |TAMS 0x00000000e6500000, 0x00000000e6500000| Untracked 
| 101|0x00000000e6500000, 0x00000000e6600000, 0x00000000e6600000|100%| O|  |TAMS 0x00000000e6600000, 0x00000000e6600000| Untracked 
| 102|0x00000000e6600000, 0x00000000e6700000, 0x00000000e6700000|100%| O|  |TAMS 0x00000000e6700000, 0x00000000e6700000| Untracked 
| 103|0x00000000e6700000, 0x00000000e6800000, 0x00000000e6800000|100%| O|  |TAMS 0x00000000e6800000, 0x00000000e6800000| Untracked 
| 104|0x00000000e6800000, 0x00000000e6900000, 0x00000000e6900000|100%| O|  |TAMS 0x00000000e6900000, 0x00000000e6900000| Untracked 
| 105|0x00000000e6900000, 0x00000000e6a00000, 0x00000000e6a00000|100%|HS|  |TAMS 0x00000000e6a00000, 0x00000000e6a00000| Complete 
| 106|0x00000000e6a00000, 0x00000000e6b00000, 0x00000000e6b00000|100%|HC|  |TAMS 0x00000000e6b00000, 0x00000000e6b00000| Complete 
| 107|0x00000000e6b00000, 0x00000000e6c00000, 0x00000000e6c00000|100%|HS|  |TAMS 0x00000000e6c00000, 0x00000000e6c00000| Complete 
| 108|0x00000000e6c00000, 0x00000000e6d00000, 0x00000000e6d00000|100%|HC|  |TAMS 0x00000000e6d00000, 0x00000000e6d00000| Complete 
| 109|0x00000000e6d00000, 0x00000000e6e00000, 0x00000000e6e00000|100%| O|  |TAMS 0x00000000e6e00000, 0x00000000e6e00000| Untracked 
| 110|0x00000000e6e00000, 0x00000000e6f00000, 0x00000000e6f00000|100%| O|  |TAMS 0x00000000e6f00000, 0x00000000e6f00000| Untracked 
| 111|0x00000000e6f00000, 0x00000000e7000000, 0x00000000e7000000|100%| O|  |TAMS 0x00000000e7000000, 0x00000000e7000000| Untracked 
| 112|0x00000000e7000000, 0x00000000e7100000, 0x00000000e7100000|100%| O|  |TAMS 0x00000000e7100000, 0x00000000e7100000| Untracked 
| 113|0x00000000e7100000, 0x00000000e7200000, 0x00000000e7200000|100%| O|  |TAMS 0x00000000e7200000, 0x00000000e7200000| Untracked 
| 114|0x00000000e7200000, 0x00000000e7300000, 0x00000000e7300000|100%| O|  |TAMS 0x00000000e7300000, 0x00000000e7300000| Untracked 
| 115|0x00000000e7300000, 0x00000000e7400000, 0x00000000e7400000|100%| O|  |TAMS 0x00000000e7400000, 0x00000000e7400000| Untracked 
| 116|0x00000000e7400000, 0x00000000e7500000, 0x00000000e7500000|100%| O|  |TAMS 0x00000000e7500000, 0x00000000e7500000| Untracked 
| 117|0x00000000e7500000, 0x00000000e7600000, 0x00000000e7600000|100%| O|  |TAMS 0x00000000e7600000, 0x00000000e7600000| Untracked 
| 118|0x00000000e7600000, 0x00000000e7700000, 0x00000000e7700000|100%| O|  |TAMS 0x00000000e7700000, 0x00000000e7700000| Untracked 
| 119|0x00000000e7700000, 0x00000000e7800000, 0x00000000e7800000|100%| O|  |TAMS 0x00000000e7800000, 0x00000000e7800000| Untracked 
| 120|0x00000000e7800000, 0x00000000e7900000, 0x00000000e7900000|100%| O|  |TAMS 0x00000000e7900000, 0x00000000e7900000| Untracked 
| 121|0x00000000e7900000, 0x00000000e7a00000, 0x00000000e7a00000|100%| O|  |TAMS 0x00000000e7a00000, 0x00000000e7a00000| Untracked 
| 122|0x00000000e7a00000, 0x00000000e7b00000, 0x00000000e7b00000|100%| O|  |TAMS 0x00000000e7b00000, 0x00000000e7b00000| Untracked 
| 123|0x00000000e7b00000, 0x00000000e7c00000, 0x00000000e7c00000|100%| O|  |TAMS 0x00000000e7c00000, 0x00000000e7c00000| Untracked 
| 124|0x00000000e7c00000, 0x00000000e7d00000, 0x00000000e7d00000|100%| O|  |TAMS 0x00000000e7d00000, 0x00000000e7d00000| Untracked 
| 125|0x00000000e7d00000, 0x00000000e7e00000, 0x00000000e7e00000|100%| O|  |TAMS 0x00000000e7e00000, 0x00000000e7e00000| Untracked 
| 126|0x00000000e7e00000, 0x00000000e7f00000, 0x00000000e7f00000|100%| O|  |TAMS 0x00000000e7f00000, 0x00000000e7f00000| Untracked 
| 127|0x00000000e7f00000, 0x00000000e8000000, 0x00000000e8000000|100%| O|  |TAMS 0x00000000e8000000, 0x00000000e8000000| Untracked 
| 128|0x00000000e8000000, 0x00000000e8100000, 0x00000000e8100000|100%| O|  |TAMS 0x00000000e8100000, 0x00000000e8100000| Untracked 
| 129|0x00000000e8100000, 0x00000000e8200000, 0x00000000e8200000|100%| O|  |TAMS 0x00000000e8100000, 0x00000000e8200000| Untracked 
| 130|0x00000000e8200000, 0x00000000e8300000, 0x00000000e8300000|100%| O|  |TAMS 0x00000000e82d3c00, 0x00000000e8300000| Untracked 
| 131|0x00000000e8300000, 0x00000000e8400000, 0x00000000e8400000|100%| O|  |TAMS 0x00000000e8400000, 0x00000000e8400000| Untracked 
| 132|0x00000000e8400000, 0x00000000e8500000, 0x00000000e8500000|100%| O|  |TAMS 0x00000000e8500000, 0x00000000e8500000| Untracked 
| 133|0x00000000e8500000, 0x00000000e8600000, 0x00000000e8600000|100%| O|  |TAMS 0x00000000e8600000, 0x00000000e8600000| Untracked 
| 134|0x00000000e8600000, 0x00000000e8700000, 0x00000000e8700000|100%| O|  |TAMS 0x00000000e8600000, 0x00000000e8700000| Untracked 
| 135|0x00000000e8700000, 0x00000000e8800000, 0x00000000e8800000|100%| O|  |TAMS 0x00000000e8800000, 0x00000000e8800000| Untracked 
| 136|0x00000000e8800000, 0x00000000e8900000, 0x00000000e8900000|100%| O|  |TAMS 0x00000000e8900000, 0x00000000e8900000| Untracked 
| 137|0x00000000e8900000, 0x00000000e8a00000, 0x00000000e8a00000|100%| O|  |TAMS 0x00000000e8a00000, 0x00000000e8a00000| Untracked 
| 138|0x00000000e8a00000, 0x00000000e8b00000, 0x00000000e8b00000|100%| O|  |TAMS 0x00000000e8b00000, 0x00000000e8b00000| Untracked 
| 139|0x00000000e8b00000, 0x00000000e8c00000, 0x00000000e8c00000|100%|HS|  |TAMS 0x00000000e8c00000, 0x00000000e8c00000| Complete 
| 140|0x00000000e8c00000, 0x00000000e8d00000, 0x00000000e8d00000|100%|HC|  |TAMS 0x00000000e8d00000, 0x00000000e8d00000| Complete 
| 141|0x00000000e8d00000, 0x00000000e8e00000, 0x00000000e8e00000|100%| O|  |TAMS 0x00000000e8e00000, 0x00000000e8e00000| Untracked 
| 142|0x00000000e8e00000, 0x00000000e8f00000, 0x00000000e8f00000|100%| O|  |TAMS 0x00000000e8f00000, 0x00000000e8f00000| Untracked 
| 143|0x00000000e8f00000, 0x00000000e9000000, 0x00000000e9000000|100%| O|  |TAMS 0x00000000e9000000, 0x00000000e9000000| Untracked 
| 144|0x00000000e9000000, 0x00000000e9100000, 0x00000000e9100000|100%|HS|  |TAMS 0x00000000e9000000, 0x00000000e9100000| Complete 
| 145|0x00000000e9100000, 0x00000000e9200000, 0x00000000e9200000|100%|HC|  |TAMS 0x00000000e9100000, 0x00000000e9200000| Complete 
| 146|0x00000000e9200000, 0x00000000e9300000, 0x00000000e9300000|100%| O|  |TAMS 0x00000000e9200000, 0x00000000e9300000| Untracked 
| 147|0x00000000e9300000, 0x00000000e9400000, 0x00000000e9400000|100%| O|  |TAMS 0x00000000e9300000, 0x00000000e9400000| Untracked 
| 148|0x00000000e9400000, 0x00000000e9500000, 0x00000000e9500000|100%| O|  |TAMS 0x00000000e9400000, 0x00000000e9500000| Untracked 
| 149|0x00000000e9500000, 0x00000000e9600000, 0x00000000e9600000|100%| O|  |TAMS 0x00000000e9500000, 0x00000000e9600000| Untracked 
| 150|0x00000000e9600000, 0x00000000e9700000, 0x00000000e9700000|100%| O|  |TAMS 0x00000000e9600000, 0x00000000e9700000| Untracked 
| 151|0x00000000e9700000, 0x00000000e9800000, 0x00000000e9800000|100%| O|  |TAMS 0x00000000e9700000, 0x00000000e9800000| Untracked 
| 152|0x00000000e9800000, 0x00000000e9900000, 0x00000000e9900000|100%| O|  |TAMS 0x00000000e9800000, 0x00000000e9900000| Untracked 
| 153|0x00000000e9900000, 0x00000000e9a00000, 0x00000000e9a00000|100%| O|  |TAMS 0x00000000e9900000, 0x00000000e9a00000| Untracked 
| 154|0x00000000e9a00000, 0x00000000e9b00000, 0x00000000e9b00000|100%| O|  |TAMS 0x00000000e9a00000, 0x00000000e9b00000| Untracked 
| 155|0x00000000e9b00000, 0x00000000e9c00000, 0x00000000e9c00000|100%| O|  |TAMS 0x00000000e9b00000, 0x00000000e9c00000| Untracked 
| 156|0x00000000e9c00000, 0x00000000e9d00000, 0x00000000e9d00000|100%|HS|  |TAMS 0x00000000e9c00000, 0x00000000e9d00000| Complete 
| 157|0x00000000e9d00000, 0x00000000e9e00000, 0x00000000e9e00000|100%|HC|  |TAMS 0x00000000e9d00000, 0x00000000e9e00000| Complete 
| 158|0x00000000e9e00000, 0x00000000e9f00000, 0x00000000e9f00000|100%|HS|  |TAMS 0x00000000e9e00000, 0x00000000e9f00000| Complete 
| 159|0x00000000e9f00000, 0x00000000ea000000, 0x00000000ea000000|100%|HC|  |TAMS 0x00000000e9f00000, 0x00000000ea000000| Complete 
| 160|0x00000000ea000000, 0x00000000ea100000, 0x00000000ea100000|100%| O|  |TAMS 0x00000000ea000000, 0x00000000ea100000| Untracked 
| 161|0x00000000ea100000, 0x00000000ea200000, 0x00000000ea200000|100%| O|  |TAMS 0x00000000ea100000, 0x00000000ea200000| Untracked 
| 162|0x00000000ea200000, 0x00000000ea300000, 0x00000000ea300000|100%| O|  |TAMS 0x00000000ea200000, 0x00000000ea300000| Untracked 
| 163|0x00000000ea300000, 0x00000000ea400000, 0x00000000ea400000|100%| O|  |TAMS 0x00000000ea300000, 0x00000000ea400000| Untracked 
| 164|0x00000000ea400000, 0x00000000ea500000, 0x00000000ea500000|100%| O|  |TAMS 0x00000000ea400000, 0x00000000ea500000| Untracked 
| 165|0x00000000ea500000, 0x00000000ea600000, 0x00000000ea600000|100%| O|  |TAMS 0x00000000ea500000, 0x00000000ea600000| Untracked 
| 166|0x00000000ea600000, 0x00000000ea700000, 0x00000000ea700000|100%| O|  |TAMS 0x00000000ea600000, 0x00000000ea700000| Untracked 
| 167|0x00000000ea700000, 0x00000000ea800000, 0x00000000ea800000|100%| O|  |TAMS 0x00000000ea700000, 0x00000000ea800000| Untracked 
| 168|0x00000000ea800000, 0x00000000ea900000, 0x00000000ea900000|100%| O|  |TAMS 0x00000000ea900000, 0x00000000ea900000| Untracked 
| 169|0x00000000ea900000, 0x00000000eaa00000, 0x00000000eaa00000|100%| O|  |TAMS 0x00000000eaa00000, 0x00000000eaa00000| Untracked 
| 170|0x00000000eaa00000, 0x00000000eab00000, 0x00000000eab00000|100%| O|  |TAMS 0x00000000eaa00000, 0x00000000eab00000| Untracked 
| 171|0x00000000eab00000, 0x00000000eac00000, 0x00000000eac00000|100%| O|  |TAMS 0x00000000eab00000, 0x00000000eac00000| Untracked 
| 172|0x00000000eac00000, 0x00000000eac3c600, 0x00000000ead00000| 23%| O|  |TAMS 0x00000000eac00000, 0x00000000eac3c600| Untracked 
| 173|0x00000000ead00000, 0x00000000ead00000, 0x00000000eae00000|  0%| F|  |TAMS 0x00000000ead00000, 0x00000000ead00000| Untracked 
| 174|0x00000000eae00000, 0x00000000eae00000, 0x00000000eaf00000|  0%| F|  |TAMS 0x00000000eae00000, 0x00000000eae00000| Untracked 
| 175|0x00000000eaf00000, 0x00000000eaf00000, 0x00000000eb000000|  0%| F|  |TAMS 0x00000000eaf00000, 0x00000000eaf00000| Untracked 
| 176|0x00000000eb000000, 0x00000000eb000000, 0x00000000eb100000|  0%| F|  |TAMS 0x00000000eb000000, 0x00000000eb000000| Untracked 
| 177|0x00000000eb100000, 0x00000000eb100000, 0x00000000eb200000|  0%| F|  |TAMS 0x00000000eb100000, 0x00000000eb100000| Untracked 
| 178|0x00000000eb200000, 0x00000000eb200000, 0x00000000eb300000|  0%| F|  |TAMS 0x00000000eb200000, 0x00000000eb200000| Untracked 
| 179|0x00000000eb300000, 0x00000000eb300000, 0x00000000eb400000|  0%| F|  |TAMS 0x00000000eb300000, 0x00000000eb300000| Untracked 
| 180|0x00000000eb400000, 0x00000000eb400000, 0x00000000eb500000|  0%| F|  |TAMS 0x00000000eb400000, 0x00000000eb400000| Untracked 
| 181|0x00000000eb500000, 0x00000000eb500000, 0x00000000eb600000|  0%| F|  |TAMS 0x00000000eb500000, 0x00000000eb500000| Untracked 
| 182|0x00000000eb600000, 0x00000000eb600000, 0x00000000eb700000|  0%| F|  |TAMS 0x00000000eb600000, 0x00000000eb600000| Untracked 
| 183|0x00000000eb700000, 0x00000000eb700000, 0x00000000eb800000|  0%| F|  |TAMS 0x00000000eb700000, 0x00000000eb700000| Untracked 
| 184|0x00000000eb800000, 0x00000000eb800000, 0x00000000eb900000|  0%| F|  |TAMS 0x00000000eb800000, 0x00000000eb800000| Untracked 
| 185|0x00000000eb900000, 0x00000000eb900000, 0x00000000eba00000|  0%| F|  |TAMS 0x00000000eb900000, 0x00000000eb900000| Untracked 
| 186|0x00000000eba00000, 0x00000000eba00000, 0x00000000ebb00000|  0%| F|  |TAMS 0x00000000eba00000, 0x00000000eba00000| Untracked 
| 187|0x00000000ebb00000, 0x00000000ebb00000, 0x00000000ebc00000|  0%| F|  |TAMS 0x00000000ebb00000, 0x00000000ebb00000| Untracked 
| 188|0x00000000ebc00000, 0x00000000ebc00000, 0x00000000ebd00000|  0%| F|  |TAMS 0x00000000ebc00000, 0x00000000ebc00000| Untracked 
| 189|0x00000000ebd00000, 0x00000000ebd00000, 0x00000000ebe00000|  0%| F|  |TAMS 0x00000000ebd00000, 0x00000000ebd00000| Untracked 
| 190|0x00000000ebe00000, 0x00000000ebe00000, 0x00000000ebf00000|  0%| F|  |TAMS 0x00000000ebe00000, 0x00000000ebe00000| Untracked 
| 191|0x00000000ebf00000, 0x00000000ebf00000, 0x00000000ec000000|  0%| F|  |TAMS 0x00000000ebf00000, 0x00000000ebf00000| Untracked 
| 192|0x00000000ec000000, 0x00000000ec000000, 0x00000000ec100000|  0%| F|  |TAMS 0x00000000ec000000, 0x00000000ec000000| Untracked 
| 193|0x00000000ec100000, 0x00000000ec100000, 0x00000000ec200000|  0%| F|  |TAMS 0x00000000ec100000, 0x00000000ec100000| Untracked 
| 194|0x00000000ec200000, 0x00000000ec200000, 0x00000000ec300000|  0%| F|  |TAMS 0x00000000ec200000, 0x00000000ec200000| Untracked 
| 195|0x00000000ec300000, 0x00000000ec300000, 0x00000000ec400000|  0%| F|  |TAMS 0x00000000ec300000, 0x00000000ec300000| Untracked 
| 196|0x00000000ec400000, 0x00000000ec400000, 0x00000000ec500000|  0%| F|  |TAMS 0x00000000ec400000, 0x00000000ec400000| Untracked 
| 197|0x00000000ec500000, 0x00000000ec500000, 0x00000000ec600000|  0%| F|  |TAMS 0x00000000ec500000, 0x00000000ec500000| Untracked 
| 198|0x00000000ec600000, 0x00000000ec600000, 0x00000000ec700000|  0%| F|  |TAMS 0x00000000ec600000, 0x00000000ec600000| Untracked 
| 199|0x00000000ec700000, 0x00000000ec700000, 0x00000000ec800000|  0%| F|  |TAMS 0x00000000ec700000, 0x00000000ec700000| Untracked 
| 200|0x00000000ec800000, 0x00000000ec800000, 0x00000000ec900000|  0%| F|  |TAMS 0x00000000ec800000, 0x00000000ec800000| Untracked 
| 201|0x00000000ec900000, 0x00000000ec900000, 0x00000000eca00000|  0%| F|  |TAMS 0x00000000ec900000, 0x00000000ec900000| Untracked 
| 202|0x00000000eca00000, 0x00000000eca00000, 0x00000000ecb00000|  0%| F|  |TAMS 0x00000000eca00000, 0x00000000eca00000| Untracked 
| 203|0x00000000ecb00000, 0x00000000ecb00000, 0x00000000ecc00000|  0%| F|  |TAMS 0x00000000ecb00000, 0x00000000ecb00000| Untracked 
| 204|0x00000000ecc00000, 0x00000000ecc00000, 0x00000000ecd00000|  0%| F|  |TAMS 0x00000000ecc00000, 0x00000000ecc00000| Untracked 
| 205|0x00000000ecd00000, 0x00000000ecd00000, 0x00000000ece00000|  0%| F|  |TAMS 0x00000000ecd00000, 0x00000000ecd00000| Untracked 
| 206|0x00000000ece00000, 0x00000000ece00000, 0x00000000ecf00000|  0%| F|  |TAMS 0x00000000ece00000, 0x00000000ece00000| Untracked 
| 207|0x00000000ecf00000, 0x00000000ecf00000, 0x00000000ed000000|  0%| F|  |TAMS 0x00000000ecf00000, 0x00000000ecf00000| Untracked 
| 208|0x00000000ed000000, 0x00000000ed000000, 0x00000000ed100000|  0%| F|  |TAMS 0x00000000ed000000, 0x00000000ed000000| Untracked 
| 209|0x00000000ed100000, 0x00000000ed100000, 0x00000000ed200000|  0%| F|  |TAMS 0x00000000ed100000, 0x00000000ed100000| Untracked 
| 210|0x00000000ed200000, 0x00000000ed200000, 0x00000000ed300000|  0%| F|  |TAMS 0x00000000ed200000, 0x00000000ed200000| Untracked 
| 211|0x00000000ed300000, 0x00000000ed3b1228, 0x00000000ed400000| 69%| S|CS|TAMS 0x00000000ed300000, 0x00000000ed300000| Complete 
| 212|0x00000000ed400000, 0x00000000ed500000, 0x00000000ed500000|100%| S|CS|TAMS 0x00000000ed400000, 0x00000000ed400000| Complete 
| 213|0x00000000ed500000, 0x00000000ed600000, 0x00000000ed600000|100%| S|CS|TAMS 0x00000000ed500000, 0x00000000ed500000| Complete 
| 214|0x00000000ed600000, 0x00000000ed600000, 0x00000000ed700000|  0%| F|  |TAMS 0x00000000ed600000, 0x00000000ed600000| Untracked 
| 215|0x00000000ed700000, 0x00000000ed700000, 0x00000000ed800000|  0%| F|  |TAMS 0x00000000ed700000, 0x00000000ed700000| Untracked 
| 216|0x00000000ed800000, 0x00000000ed800000, 0x00000000ed900000|  0%| F|  |TAMS 0x00000000ed800000, 0x00000000ed800000| Untracked 
| 217|0x00000000ed900000, 0x00000000ed900000, 0x00000000eda00000|  0%| F|  |TAMS 0x00000000ed900000, 0x00000000ed900000| Untracked 
| 218|0x00000000eda00000, 0x00000000eda00000, 0x00000000edb00000|  0%| F|  |TAMS 0x00000000eda00000, 0x00000000eda00000| Untracked 
| 219|0x00000000edb00000, 0x00000000edb00000, 0x00000000edc00000|  0%| F|  |TAMS 0x00000000edb00000, 0x00000000edb00000| Untracked 
| 220|0x00000000edc00000, 0x00000000edc00000, 0x00000000edd00000|  0%| F|  |TAMS 0x00000000edc00000, 0x00000000edc00000| Untracked 
| 221|0x00000000edd00000, 0x00000000edd00000, 0x00000000ede00000|  0%| F|  |TAMS 0x00000000edd00000, 0x00000000edd00000| Untracked 
| 222|0x00000000ede00000, 0x00000000ede00000, 0x00000000edf00000|  0%| F|  |TAMS 0x00000000ede00000, 0x00000000ede00000| Untracked 
| 223|0x00000000edf00000, 0x00000000edf00000, 0x00000000ee000000|  0%| F|  |TAMS 0x00000000edf00000, 0x00000000edf00000| Untracked 
| 224|0x00000000ee000000, 0x00000000ee000000, 0x00000000ee100000|  0%| F|  |TAMS 0x00000000ee000000, 0x00000000ee000000| Untracked 
| 225|0x00000000ee100000, 0x00000000ee100000, 0x00000000ee200000|  0%| F|  |TAMS 0x00000000ee100000, 0x00000000ee100000| Untracked 
| 226|0x00000000ee200000, 0x00000000ee200000, 0x00000000ee300000|  0%| F|  |TAMS 0x00000000ee200000, 0x00000000ee200000| Untracked 
| 227|0x00000000ee300000, 0x00000000ee300000, 0x00000000ee400000|  0%| F|  |TAMS 0x00000000ee300000, 0x00000000ee300000| Untracked 
| 228|0x00000000ee400000, 0x00000000ee400000, 0x00000000ee500000|  0%| F|  |TAMS 0x00000000ee400000, 0x00000000ee400000| Untracked 
| 229|0x00000000ee500000, 0x00000000ee500000, 0x00000000ee600000|  0%| F|  |TAMS 0x00000000ee500000, 0x00000000ee500000| Untracked 
| 230|0x00000000ee600000, 0x00000000ee600000, 0x00000000ee700000|  0%| F|  |TAMS 0x00000000ee600000, 0x00000000ee600000| Untracked 
| 231|0x00000000ee700000, 0x00000000ee700000, 0x00000000ee800000|  0%| F|  |TAMS 0x00000000ee700000, 0x00000000ee700000| Untracked 
| 232|0x00000000ee800000, 0x00000000ee800000, 0x00000000ee900000|  0%| F|  |TAMS 0x00000000ee800000, 0x00000000ee800000| Untracked 
| 233|0x00000000ee900000, 0x00000000ee900000, 0x00000000eea00000|  0%| F|  |TAMS 0x00000000ee900000, 0x00000000ee900000| Untracked 
| 234|0x00000000eea00000, 0x00000000eea6afe0, 0x00000000eeb00000| 41%| E|  |TAMS 0x00000000eea00000, 0x00000000eea00000| Complete 
| 235|0x00000000eeb00000, 0x00000000eec00000, 0x00000000eec00000|100%| E|CS|TAMS 0x00000000eeb00000, 0x00000000eeb00000| Complete 
| 236|0x00000000eec00000, 0x00000000eed00000, 0x00000000eed00000|100%| E|CS|TAMS 0x00000000eec00000, 0x00000000eec00000| Complete 
| 237|0x00000000eed00000, 0x00000000eee00000, 0x00000000eee00000|100%| E|CS|TAMS 0x00000000eed00000, 0x00000000eed00000| Complete 
| 238|0x00000000eee00000, 0x00000000eef00000, 0x00000000eef00000|100%| E|CS|TAMS 0x00000000eee00000, 0x00000000eee00000| Complete 
| 239|0x00000000eef00000, 0x00000000ef000000, 0x00000000ef000000|100%| E|CS|TAMS 0x00000000eef00000, 0x00000000eef00000| Complete 
| 240|0x00000000ef000000, 0x00000000ef100000, 0x00000000ef100000|100%| E|CS|TAMS 0x00000000ef000000, 0x00000000ef000000| Complete 
| 241|0x00000000ef100000, 0x00000000ef200000, 0x00000000ef200000|100%| E|CS|TAMS 0x00000000ef100000, 0x00000000ef100000| Complete 
| 242|0x00000000ef200000, 0x00000000ef300000, 0x00000000ef300000|100%| E|CS|TAMS 0x00000000ef200000, 0x00000000ef200000| Complete 
| 243|0x00000000ef300000, 0x00000000ef400000, 0x00000000ef400000|100%| E|CS|TAMS 0x00000000ef300000, 0x00000000ef300000| Complete 
| 244|0x00000000ef400000, 0x00000000ef500000, 0x00000000ef500000|100%| E|CS|TAMS 0x00000000ef400000, 0x00000000ef400000| Complete 
| 245|0x00000000ef500000, 0x00000000ef600000, 0x00000000ef600000|100%| E|CS|TAMS 0x00000000ef500000, 0x00000000ef500000| Complete 
| 246|0x00000000ef600000, 0x00000000ef700000, 0x00000000ef700000|100%| E|CS|TAMS 0x00000000ef600000, 0x00000000ef600000| Complete 
| 247|0x00000000ef700000, 0x00000000ef800000, 0x00000000ef800000|100%| E|CS|TAMS 0x00000000ef700000, 0x00000000ef700000| Complete 
| 248|0x00000000ef800000, 0x00000000ef900000, 0x00000000ef900000|100%| E|CS|TAMS 0x00000000ef800000, 0x00000000ef800000| Complete 
| 249|0x00000000ef900000, 0x00000000efa00000, 0x00000000efa00000|100%| E|CS|TAMS 0x00000000ef900000, 0x00000000ef900000| Complete 
| 250|0x00000000efa00000, 0x00000000efb00000, 0x00000000efb00000|100%| E|CS|TAMS 0x00000000efa00000, 0x00000000efa00000| Complete 
| 251|0x00000000efb00000, 0x00000000efc00000, 0x00000000efc00000|100%| E|CS|TAMS 0x00000000efb00000, 0x00000000efb00000| Complete 
| 252|0x00000000efc00000, 0x00000000efd00000, 0x00000000efd00000|100%| E|CS|TAMS 0x00000000efc00000, 0x00000000efc00000| Complete 
| 253|0x00000000efd00000, 0x00000000efe00000, 0x00000000efe00000|100%| E|CS|TAMS 0x00000000efd00000, 0x00000000efd00000| Complete 
| 254|0x00000000efe00000, 0x00000000eff00000, 0x00000000eff00000|100%| E|CS|TAMS 0x00000000efe00000, 0x00000000efe00000| Complete 
| 255|0x00000000eff00000, 0x00000000f0000000, 0x00000000f0000000|100%| E|CS|TAMS 0x00000000eff00000, 0x00000000eff00000| Complete 

Card table byte_map: [0x0000018c76f30000,0x0000018c77030000] _byte_map_base: 0x0000018c76830000

Marking Bits (Prev, Next): (CMBitMap*) 0x0000018c6091e518, (CMBitMap*) 0x0000018c6091e550
 Prev Bits: [0x0000018c77130000, 0x0000018c77930000)
 Next Bits: [0x0000018c77930000, 0x0000018c78130000)

Polling page: 0x0000018c5e750000

Metaspace:

Usage:
  Non-class:     92.48 MB capacity,    90.24 MB ( 98%) used,     1.99 MB (  2%) free+waste,   257.44 KB ( <1%) overhead. 
      Class:     13.28 MB capacity,    12.24 MB ( 92%) used,   940.32 KB (  7%) free+waste,   116.56 KB ( <1%) overhead. 
       Both:    105.75 MB capacity,   102.48 MB ( 97%) used,     2.90 MB (  3%) free+waste,   374.00 KB ( <1%) overhead. 

Virtual space:
  Non-class space:       94.00 MB reserved,      92.70 MB ( 99%) committed 
      Class space:      248.00 MB reserved,      13.38 MB (  5%) committed 
             Both:      342.00 MB reserved,     106.07 MB ( 31%) committed 

Chunk freelists:
   Non-Class:  4.63 KB
       Class:  0 bytes
        Both:  4.63 KB

CodeHeap 'non-profiled nmethods': size=120064Kb used=14660Kb max_used=14660Kb free=105403Kb
 bounds [0x0000018c6f9f0000, 0x0000018c70850000, 0x0000018c76f30000]
CodeHeap 'profiled nmethods': size=120000Kb used=44360Kb max_used=44360Kb free=75639Kb
 bounds [0x0000018c684c0000, 0x0000018c6b030000, 0x0000018c6f9f0000]
CodeHeap 'non-nmethods': size=5696Kb used=2326Kb max_used=2404Kb free=3369Kb
 bounds [0x0000018c67f30000, 0x0000018c681a0000, 0x0000018c684c0000]
 total_blobs=19825 nmethods=18881 adapters=854
 compilation: enabled
              stopped_count=0, restarted_count=0
 full_count=0

Compilation events (10 events):
Event: 184.703 Thread 0x0000018c000c4000 nmethod 21368 0x0000018c7083bc90 code [0x0000018c7083be00, 0x0000018c7083bef8]
Event: 184.703 Thread 0x0000018c000c4000 21369       4       kotlin.text.DelimitedRangesSequence$iterator$1::next (64 bytes)
Event: 184.705 Thread 0x0000018c000c4000 nmethod 21369 0x0000018c7083c010 code [0x0000018c7083c180, 0x0000018c7083c278]
Event: 184.705 Thread 0x0000018c000c4000 21370       4       kotlin.text.StringsKt__StringsKt$splitToSequence$1::invoke (9 bytes)
Event: 184.721 Thread 0x0000018c7a776000 21374       3       org.gradle.internal.resources.ExclusiveAccessResourceLock::releaseLock (8 bytes)
Event: 184.721 Thread 0x0000018c7a776000 nmethod 21374 0x0000018c6b027690 code [0x0000018c6b027840, 0x0000018c6b027a68]
Event: 184.725 Thread 0x0000018c000c4000 nmethod 21370 0x0000018c7083c390 code [0x0000018c7083c580, 0x0000018c7083d088]
Event: 184.725 Thread 0x0000018c000c4000 21371       4       kotlin.text.StringsKt__StringsKt::substring (40 bytes)
Event: 184.737 Thread 0x0000018c7a776000 21375       3       org.gradle.api.internal.tasks.TaskStateInternal::getSkipped (23 bytes)
Event: 184.737 Thread 0x0000018c7a776000 nmethod 21375 0x0000018c6b027b90 code [0x0000018c6b027d20, 0x0000018c6b027ed8]

GC Heap History (10 events):
Event: 178.668 GC heap before
{Heap before GC invocations=56 (full 0):
 garbage-first heap   total 262144K, used 215887K [0x00000000e0000000, 0x0000000100000000)
  region size 1024K, 63 young (64512K), 8 survivors (8192K)
 Metaspace       used 104551K, capacity 107956K, committed 108108K, reserved 350208K
  class space    used 12526K, capacity 13573K, committed 13696K, reserved 253952K
}
Event: 178.682 GC heap after
{Heap after GC invocations=57 (full 0):
 garbage-first heap   total 262144K, used 163675K [0x00000000e0000000, 0x0000000100000000)
  region size 1024K, 5 young (5120K), 5 survivors (5120K)
 Metaspace       used 104551K, capacity 107956K, committed 108108K, reserved 350208K
  class space    used 12526K, capacity 13573K, committed 13696K, reserved 253952K
}
Event: 179.444 GC heap before
{Heap before GC invocations=57 (full 0):
 garbage-first heap   total 262144K, used 170843K [0x00000000e0000000, 0x0000000100000000)
  region size 1024K, 12 young (12288K), 5 survivors (5120K)
 Metaspace       used 104551K, capacity 107956K, committed 108108K, reserved 350208K
  class space    used 12526K, capacity 13573K, committed 13696K, reserved 253952K
}
Event: 179.455 GC heap after
{Heap after GC invocations=58 (full 0):
 garbage-first heap   total 262144K, used 161262K [0x00000000e0000000, 0x0000000100000000)
  region size 1024K, 2 young (2048K), 2 survivors (2048K)
 Metaspace       used 104551K, capacity 107956K, committed 108108K, reserved 350208K
  class space    used 12526K, capacity 13573K, committed 13696K, reserved 253952K
}
Event: 181.129 GC heap before
{Heap before GC invocations=58 (full 0):
 garbage-first heap   total 262144K, used 217582K [0x00000000e0000000, 0x0000000100000000)
  region size 1024K, 56 young (57344K), 2 survivors (2048K)
 Metaspace       used 104644K, capacity 108070K, committed 108364K, reserved 350208K
  class space    used 12534K, capacity 13589K, committed 13696K, reserved 253952K
}
Event: 181.142 GC heap after
{Heap after GC invocations=59 (full 0):
 garbage-first heap   total 262144K, used 170993K [0x00000000e0000000, 0x0000000100000000)
  region size 1024K, 7 young (7168K), 7 survivors (7168K)
 Metaspace       used 104644K, capacity 108070K, committed 108364K, reserved 350208K
  class space    used 12534K, capacity 13589K, committed 13696K, reserved 253952K
}
Event: 182.483 GC heap before
{Heap before GC invocations=59 (full 0):
 garbage-first heap   total 262144K, used 221169K [0x00000000e0000000, 0x0000000100000000)
  region size 1024K, 55 young (56320K), 7 survivors (7168K)
 Metaspace       used 104754K, capacity 108096K, committed 108364K, reserved 350208K
  class space    used 12538K, capacity 13595K, committed 13696K, reserved 253952K
}
Event: 182.498 GC heap after
{Heap after GC invocations=60 (full 0):
 garbage-first heap   total 262144K, used 178193K [0x00000000e0000000, 0x0000000100000000)
  region size 1024K, 6 young (6144K), 6 survivors (6144K)
 Metaspace       used 104754K, capacity 108096K, committed 108364K, reserved 350208K
  class space    used 12538K, capacity 13595K, committed 13696K, reserved 253952K
}
Event: 184.421 GC heap before
{Heap before GC invocations=60 (full 0):
 garbage-first heap   total 262144K, used 221201K [0x00000000e0000000, 0x0000000100000000)
  region size 1024K, 48 young (49152K), 6 survivors (6144K)
 Metaspace       used 104938K, capacity 108290K, committed 108620K, reserved 350208K
  class space    used 12538K, capacity 13595K, committed 13696K, reserved 253952K
}
Event: 184.435 GC heap after
{Heap after GC invocations=61 (full 0):
 garbage-first heap   total 262144K, used 179126K [0x00000000e0000000, 0x0000000100000000)
  region size 1024K, 3 young (3072K), 3 survivors (3072K)
 Metaspace       used 104938K, capacity 108290K, committed 108620K, reserved 350208K
  class space    used 12538K, capacity 13595K, committed 13696K, reserved 253952K
}

Deoptimization events (10 events):
Event: 183.222 Thread 0x0000018c7e28c000 Uncommon trap: reason=class_check action=maybe_recompile pc=0x0000018c705d86fc method=com.sun.tools.javac.jvm.Pool.makePoolValue(Ljava/lang/Object;)Ljava/lang/Object; @ 58 c2
Event: 183.222 Thread 0x0000018c7e28c000 Uncommon trap: reason=class_check action=maybe_recompile pc=0x0000018c705d86fc method=com.sun.tools.javac.jvm.Pool.makePoolValue(Ljava/lang/Object;)Ljava/lang/Object; @ 58 c2
Event: 183.892 Thread 0x0000018c7e28c000 Uncommon trap: reason=bimorphic_or_optimized_type_check action=maybe_recompile pc=0x0000018c70780c20 method=com.sun.tools.javac.code.Types$13.visitClassType(Lcom/sun/tools/javac/code/Type$ClassType;Lcom/sun/tools/javac/code/Symbol;)Lcom/sun/tools/javac/co
Event: 183.892 Thread 0x0000018c7e28c000 Uncommon trap: reason=bimorphic_or_optimized_type_check action=maybe_recompile pc=0x0000018c70780c20 method=com.sun.tools.javac.code.Types$13.visitClassType(Lcom/sun/tools/javac/code/Type$ClassType;Lcom/sun/tools/javac/code/Symbol;)Lcom/sun/tools/javac/co
Event: 183.892 Thread 0x0000018c7e28c000 Uncommon trap: reason=bimorphic_or_optimized_type_check action=maybe_recompile pc=0x0000018c70780c20 method=com.sun.tools.javac.code.Types$13.visitClassType(Lcom/sun/tools/javac/code/Type$ClassType;Lcom/sun/tools/javac/code/Symbol;)Lcom/sun/tools/javac/co
Event: 183.892 Thread 0x0000018c7e28c000 Uncommon trap: reason=bimorphic_or_optimized_type_check action=maybe_recompile pc=0x0000018c70780c20 method=com.sun.tools.javac.code.Types$13.visitClassType(Lcom/sun/tools/javac/code/Type$ClassType;Lcom/sun/tools/javac/code/Symbol;)Lcom/sun/tools/javac/co
Event: 183.893 Thread 0x0000018c7e28c000 Uncommon trap: reason=bimorphic_or_optimized_type_check action=maybe_recompile pc=0x0000018c707825f0 method=com.sun.tools.javac.code.Types$13.visitClassType(Lcom/sun/tools/javac/code/Type$ClassType;Lcom/sun/tools/javac/code/Symbol;)Lcom/sun/tools/javac/co
Event: 184.180 Thread 0x0000018c7e28c000 Uncommon trap: reason=array_check action=maybe_recompile pc=0x0000018c70702aa4 method=com.google.common.collect.RegularImmutableMap.fromEntryArray(I[Ljava/util/Map$Entry;)Lcom/google/common/collect/ImmutableMap; @ 157 c2
Event: 184.413 Thread 0x0000018c7c8f0000 Uncommon trap: reason=profile_predicate action=maybe_recompile pc=0x0000018c7003b7dc method=com.google.common.collect.RegularImmutableMap.fromEntryArray(I[Ljava/util/Map$Entry;)Lcom/google/common/collect/ImmutableMap; @ 56 c2
Event: 184.436 Thread 0x0000018c7c8f0000 Uncommon trap: reason=profile_predicate action=maybe_recompile pc=0x0000018c7003b7dc method=com.google.common.collect.RegularImmutableMap.fromEntryArray(I[Ljava/util/Map$Entry;)Lcom/google/common/collect/ImmutableMap; @ 56 c2

Classes redefined (0 events):
No events

Internal exceptions (10 events):
Event: 184.190 Thread 0x0000018c7e293800 Exception <a 'sun/nio/fs/WindowsException'{0x00000000edc08d98}> (0x00000000edc08d98) thrown at [./open/src/hotspot/share/prims/jni.cpp, line 611]
Event: 184.324 Thread 0x0000018c7c8f0000 Exception <a 'sun/nio/fs/WindowsException'{0x00000000ed945bb8}> (0x00000000ed945bb8) thrown at [./open/src/hotspot/share/prims/jni.cpp, line 611]
Event: 184.324 Thread 0x0000018c7c8f0000 Exception <a 'sun/nio/fs/WindowsException'{0x00000000ed945f30}> (0x00000000ed945f30) thrown at [./open/src/hotspot/share/prims/jni.cpp, line 611]
Event: 184.324 Thread 0x0000018c7c8f0000 Exception <a 'sun/nio/fs/WindowsException'{0x00000000ed9488e0}> (0x00000000ed9488e0) thrown at [./open/src/hotspot/share/prims/jni.cpp, line 611]
Event: 184.324 Thread 0x0000018c7c8f0000 Exception <a 'sun/nio/fs/WindowsException'{0x00000000ed948c60}> (0x00000000ed948c60) thrown at [./open/src/hotspot/share/prims/jni.cpp, line 611]
Event: 184.325 Thread 0x0000018c7c8f0000 Exception <a 'sun/nio/fs/WindowsException'{0x00000000ed94b720}> (0x00000000ed94b720) thrown at [./open/src/hotspot/share/prims/jni.cpp, line 611]
Event: 184.325 Thread 0x0000018c7c8f0000 Exception <a 'sun/nio/fs/WindowsException'{0x00000000ed94ba98}> (0x00000000ed94ba98) thrown at [./open/src/hotspot/share/prims/jni.cpp, line 611]
Event: 184.325 Thread 0x0000018c7c8f0000 Exception <a 'sun/nio/fs/WindowsException'{0x00000000ed94e470}> (0x00000000ed94e470) thrown at [./open/src/hotspot/share/prims/jni.cpp, line 611]
Event: 184.325 Thread 0x0000018c7c8f0000 Exception <a 'sun/nio/fs/WindowsException'{0x00000000ed94e7f0}> (0x00000000ed94e7f0) thrown at [./open/src/hotspot/share/prims/jni.cpp, line 611]
Event: 184.494 Thread 0x0000018c7c8f0000 Exception <a 'sun/nio/fs/WindowsException'{0x00000000efaef698}> (0x00000000efaef698) thrown at [./open/src/hotspot/share/prims/jni.cpp, line 611]

Events (10 events):
Event: 184.435 Executing VM operation: G1CollectForAllocation done
Event: 184.435 Thread 0x0000018c7c8f0000 DEOPT PACKING pc=0x0000018c6ade158e sp=0x00000045f9cf8dc0
Event: 184.435 Thread 0x0000018c7c8f0000 DEOPT UNPACKING pc=0x0000018c67f56d5e sp=0x00000045f9cf8378 mode 0
Event: 184.436 Thread 0x0000018c7c8f0000 Uncommon trap: trap_request=0xffffffbe fr.pc=0x0000018c7003b7dc relative=0x000000000000101c
Event: 184.436 Thread 0x0000018c7c8f0000 DEOPT PACKING pc=0x0000018c7003b7dc sp=0x00000045f9cf8d50
Event: 184.436 Thread 0x0000018c7c8f0000 DEOPT UNPACKING pc=0x0000018c67f565af sp=0x00000045f9cf8d28 mode 2
Event: 184.531 Thread 0x0000018c7c8f0000 DEOPT PACKING pc=0x0000018c686207b6 sp=0x00000045f9cf9120
Event: 184.531 Thread 0x0000018c7c8f0000 DEOPT UNPACKING pc=0x0000018c67f56d5e sp=0x00000045f9cf8710 mode 0
Event: 184.532 Thread 0x0000018c7c8f0000 DEOPT PACKING pc=0x0000018c6ade158e sp=0x00000045f9cf8dc0
Event: 184.532 Thread 0x0000018c7c8f0000 DEOPT UNPACKING pc=0x0000018c67f56d5e sp=0x00000045f9cf8378 mode 0


Dynamic libraries:
0x00007ff7510d0000 - 0x00007ff7510df000 	C:\Program Files\Java\jdk-11.0.13\bin\java.exe
0x00007ffba0b70000 - 0x00007ffba0d68000 	C:\Windows\SYSTEM32\ntdll.dll
0x00007ffb9ebd0000 - 0x00007ffb9ec8d000 	C:\Windows\System32\KERNEL32.DLL
0x00007ffb9e2e0000 - 0x00007ffb9e5ae000 	C:\Windows\System32\KERNELBASE.dll
0x00007ffb9e820000 - 0x00007ffb9e920000 	C:\Windows\System32\ucrtbase.dll
0x00007ffb951e0000 - 0x00007ffb951f8000 	C:\Program Files\Java\jdk-11.0.13\bin\jli.dll
0x00007ffb8b830000 - 0x00007ffb8b845000 	C:\Program Files\Java\jdk-11.0.13\bin\VCRUNTIME140.dll
0x00007ffb9ed30000 - 0x00007ffb9edde000 	C:\Windows\System32\ADVAPI32.dll
0x00007ffb9ffe0000 - 0x00007ffba007e000 	C:\Windows\System32\msvcrt.dll
0x00007ffb9ec90000 - 0x00007ffb9ed2c000 	C:\Windows\System32\sechost.dll
0x00007ffba03c0000 - 0x00007ffba04e5000 	C:\Windows\System32\RPCRT4.dll
0x00007ffb9f640000 - 0x00007ffb9f7e0000 	C:\Windows\System32\USER32.dll
0x00007ffb9e9c0000 - 0x00007ffb9e9e2000 	C:\Windows\System32\win32u.dll
0x00007ffb9d640000 - 0x00007ffb9d8da000 	C:\Windows\WinSxS\amd64_microsoft.windows.common-controls_6595b64144ccf1df_6.0.19041.1110_none_60b5254171f9507e\COMCTL32.dll
0x00007ffba0a90000 - 0x00007ffba0aba000 	C:\Windows\System32\GDI32.dll
0x00007ffb9e5b0000 - 0x00007ffb9e6bb000 	C:\Windows\System32\gdi32full.dll
0x00007ffb9e9f0000 - 0x00007ffb9ea8d000 	C:\Windows\System32\msvcp_win.dll
0x00007ffb8e4b0000 - 0x00007ffb8e4ba000 	C:\Windows\SYSTEM32\VERSION.dll
0x00007ffb9ffa0000 - 0x00007ffb9ffd0000 	C:\Windows\System32\IMM32.DLL
0x00007ffb6d540000 - 0x00007ffb6d5db000 	C:\Program Files\Java\jdk-11.0.13\bin\msvcp140.dll
0x00007ffb53c10000 - 0x00007ffb54723000 	C:\Program Files\Java\jdk-11.0.13\bin\server\jvm.dll
0x00007ffba0b20000 - 0x00007ffba0b28000 	C:\Windows\System32\PSAPI.DLL
0x00007ffb8e6c0000 - 0x00007ffb8e6c9000 	C:\Windows\SYSTEM32\WSOCK32.dll
0x00007ffb9ff30000 - 0x00007ffb9ff9b000 	C:\Windows\System32\WS2_32.dll
0x00007ffb90c20000 - 0x00007ffb90c47000 	C:\Windows\SYSTEM32\WINMM.dll
0x00007ffb9bb40000 - 0x00007ffb9bb52000 	C:\Windows\SYSTEM32\kernel.appcore.dll
0x00007ffb8cb40000 - 0x00007ffb8cb50000 	C:\Program Files\Java\jdk-11.0.13\bin\verify.dll
0x00007ffb9dbc0000 - 0x00007ffb9dda4000 	C:\Windows\SYSTEM32\DBGHELP.DLL
0x00007ffb9d9f0000 - 0x00007ffb9da1c000 	C:\Windows\SYSTEM32\dbgcore.DLL
0x00007ffb9ea90000 - 0x00007ffb9eb12000 	C:\Windows\System32\bcryptPrimitives.dll
0x00007ffb8b4a0000 - 0x00007ffb8b4c8000 	C:\Program Files\Java\jdk-11.0.13\bin\java.dll
0x00007ffb8bed0000 - 0x00007ffb8beda000 	C:\Program Files\Java\jdk-11.0.13\bin\jimage.dll
0x00007ffb8b050000 - 0x00007ffb8b066000 	C:\Program Files\Java\jdk-11.0.13\bin\zip.dll
0x00007ffb9f7e0000 - 0x00007ffb9ff24000 	C:\Windows\System32\SHELL32.dll
0x00007ffb9bd40000 - 0x00007ffb9c4d4000 	C:\Windows\SYSTEM32\windows.storage.dll
0x00007ffb9ee40000 - 0x00007ffb9f194000 	C:\Windows\System32\combase.dll
0x00007ffb9d5a0000 - 0x00007ffb9d5d0000 	C:\Windows\SYSTEM32\Wldp.dll
0x00007ffba0570000 - 0x00007ffba061d000 	C:\Windows\System32\SHCORE.dll
0x00007ffb9ede0000 - 0x00007ffb9ee35000 	C:\Windows\System32\shlwapi.dll
0x00007ffb9e1d0000 - 0x00007ffb9e1ef000 	C:\Windows\SYSTEM32\profapi.dll
0x00007ffb868a0000 - 0x00007ffb868b9000 	C:\Program Files\Java\jdk-11.0.13\bin\net.dll
0x00007ffb917f0000 - 0x00007ffb918fa000 	C:\Windows\SYSTEM32\WINHTTP.dll
0x00007ffb9d470000 - 0x00007ffb9d4da000 	C:\Windows\system32\mswsock.dll
0x00007ffb81350000 - 0x00007ffb81362000 	C:\Program Files\Java\jdk-11.0.13\bin\nio.dll
0x00007ffb76170000 - 0x00007ffb76196000 	C:\Users\LUCKY\.gradle\native\29\windows-amd64\native-platform.dll
0x00007ffb8b180000 - 0x00007ffb8b189000 	C:\Program Files\Java\jdk-11.0.13\bin\management.dll
0x00007ffb8aef0000 - 0x00007ffb8aefb000 	C:\Program Files\Java\jdk-11.0.13\bin\management_ext.dll
0x00007ffb9df50000 - 0x00007ffb9df68000 	C:\Windows\SYSTEM32\CRYPTSP.dll
0x00007ffb9cca0000 - 0x00007ffb9ccd4000 	C:\Windows\system32\rsaenh.dll
0x00007ffb9e990000 - 0x00007ffb9e9b7000 	C:\Windows\System32\bcrypt.dll
0x00007ffb9e190000 - 0x00007ffb9e1be000 	C:\Windows\SYSTEM32\USERENV.dll
0x00007ffb9d560000 - 0x00007ffb9d56c000 	C:\Windows\SYSTEM32\CRYPTBASE.dll
0x00007ffb9cff0000 - 0x00007ffb9d02b000 	C:\Windows\SYSTEM32\IPHLPAPI.DLL
0x00007ffb9ffd0000 - 0x00007ffb9ffd8000 	C:\Windows\System32\NSI.dll
0x00007ffb96bb0000 - 0x00007ffb96bc7000 	C:\Windows\SYSTEM32\dhcpcsvc6.DLL
0x00007ffb96df0000 - 0x00007ffb96e0d000 	C:\Windows\SYSTEM32\dhcpcsvc.DLL
0x00007ffb9d030000 - 0x00007ffb9d0fb000 	C:\Windows\SYSTEM32\DNSAPI.dll
0x00007ffb74070000 - 0x00007ffb74095000 	C:\Program Files\Java\jdk-11.0.13\bin\sunec.dll
0x00007ffb91710000 - 0x00007ffb9171a000 	C:\Windows\System32\rasadhlp.dll
0x00007ffb92030000 - 0x00007ffb920b0000 	C:\Windows\System32\fwpuclnt.dll
0x00007ffb8aa00000 - 0x00007ffb8aa0d000 	C:\Program Files\Java\jdk-11.0.13\bin\sunmscapi.dll
0x00007ffb9e6c0000 - 0x00007ffb9e816000 	C:\Windows\System32\CRYPT32.dll
0x00007ffb9d610000 - 0x00007ffb9d637000 	C:\Windows\SYSTEM32\ncrypt.dll
0x00007ffb9d5d0000 - 0x00007ffb9d60b000 	C:\Windows\SYSTEM32\NTASN1.dll
0x00007ffb9df10000 - 0x00007ffb9df43000 	C:\Windows\SYSTEM32\ntmarta.dll

dbghelp: loaded successfully - version: 4.0.5 - missing functions: none
symbol engine: initialized successfully - sym options: 0x614 - pdb path: .;C:\Program Files\Java\jdk-11.0.13\bin;C:\Windows\SYSTEM32;C:\Windows\WinSxS\amd64_microsoft.windows.common-controls_6595b64144ccf1df_6.0.19041.1110_none_60b5254171f9507e;C:\Program Files\Java\jdk-11.0.13\bin\server;C:\Users\LUCKY\.gradle\native\29\windows-amd64

VM Arguments:
jvm_args: --add-opens=java.base/java.util=ALL-UNNAMED --add-opens=java.base/java.lang=ALL-UNNAMED --add-opens=java.base/java.lang.invoke=ALL-UNNAMED --add-opens=java.prefs/java.util.prefs=ALL-UNNAMED -XX:MaxMetaspaceSize=256m -XX:+HeapDumpOnOutOfMemoryError -Xms256m -Xmx512m -Dfile.encoding=windows-1252 -Duser.country=US -Duser.language=en -Duser.variant 
java_command: org.gradle.launcher.daemon.bootstrap.GradleDaemon 5.5
java_class_path (initial): C:\Users\LUCKY\.gradle\wrapper\dists\gradle-5.5-all\byeise1led9a3w3p149d02kfj\gradle-5.5\lib\gradle-launcher-5.5.jar
Launcher Type: SUN_STANDARD

[Global flags]
     intx CICompilerCount                          = 3                                         {product} {ergonomic}
   size_t CompressedClassSpaceSize                 = 260046848                                 {product} {ergonomic}
     uint ConcGCThreads                            = 1                                         {product} {ergonomic}
     uint G1ConcRefinementThreads                  = 4                                         {product} {ergonomic}
   size_t G1HeapRegionSize                         = 1048576                                   {product} {ergonomic}
    uintx GCDrainStackTargetSize                   = 64                                        {product} {ergonomic}
     bool HeapDumpOnOutOfMemoryError               = true                                   {manageable} {command line}
   size_t InitialHeapSize                          = 268435456                                 {product} {command line}
   size_t MarkStackSize                            = 4194304                                   {product} {ergonomic}
   size_t MaxHeapSize                              = 536870912                                 {product} {command line}
   size_t MaxMetaspaceSize                         = 268435456                                 {product} {command line}
   size_t MaxNewSize                               = 321912832                                 {product} {ergonomic}
   size_t MinHeapDeltaBytes                        = 1048576                                   {product} {ergonomic}
    uintx NonNMethodCodeHeapSize                   = 5830732                                {pd product} {ergonomic}
    uintx NonProfiledCodeHeapSize                  = 122913754                              {pd product} {ergonomic}
    uintx ProfiledCodeHeapSize                     = 122913754                              {pd product} {ergonomic}
    uintx ReservedCodeCacheSize                    = 251658240                              {pd product} {ergonomic}
     bool SegmentedCodeCache                       = true                                      {product} {ergonomic}
     bool UseCompressedClassPointers               = true                                 {lp64_product} {ergonomic}
     bool UseCompressedOops                        = true                                 {lp64_product} {ergonomic}
     bool UseG1GC                                  = true                                      {product} {ergonomic}
     bool UseLargePagesIndividualAllocation        = false                                  {pd product} {ergonomic}

Logging:
Log output configuration:
 #0: stdout all=warning uptime,level,tags
 #1: stderr all=off uptime,level,tags

Environment Variables:
JAVA_HOME=C:\Program Files\Java\jdk-11.0.13\
CLASSPATH=D:\MyWork\ReactNative\whsnxt_mvp\android\\gradle\wrapper\gradle-wrapper.jar
PATH=D:\MyWork\ReactNative\whsnxt_mvp\android\node_modules\.bin;D:\MyWork\ReactNative\whsnxt_mvp\node_modules\.bin;D:\MyWork\ReactNative\node_modules\.bin;D:\MyWork\node_modules\.bin;D:\node_modules\.bin;C:\Program Files\nodejs;C:\Program Files (x86)\OpenJDK\jdk-8.0.262.10-hotspot\bin;C:\Program Files (x86)\Common Files\Oracle\Java\javapath;C:\Program Files\Common Files\Oracle\Java\javapath;C:\Windows\system32;C:\Windows;C:\Windows\System32\Wbem;C:\Windows\System32\WindowsPowerShell\v1.0\;C:\Windows\System32\OpenSSH\;C:\Program Files\Git\cmd;C:\Users\LUCKY\AppData\Roaming\nvm;C:\Program Files\nodejs;C:\xampp\php;C:\ProgramData\ComposerSetup\bin;C:\Program Files\PuTTY\;C:\Program Files\Java\jdk-18.0.1.1\bin;C:\Program Files\Microsoft SQL Server\150\Tools\Binn\;C:\Users\LUCKY\AppData\Local\Android\Sdk\platform-tools;C:\Program Files\Java\jdk-11.0.13\bin;C:\Users\LUCKY\AppData\Local\Android\Sdk\ndk-bundle;C:\Users\LUCKY\AppData\Local\Programs\Python\Python310\Scripts\;C:\Users\LUCKY\AppData\Local\Programs\Python\Python310\;C:\Users\LUCKY\AppData\Local\Microsoft\WindowsApps;C:\Program Files\Bandizip\;C:\Users\LUCKY\AppData\Roaming\npm;C:\Users\LUCKY\AppData\Local\Programs\Microsoft VS Code\bin;C:\Users\LUCKY\AppData\Roaming\nvm;C:\Program Files\nodejs;C:\Users\LUCKY\AppData\Roaming\Composer\vendor\bin;C:\Program Files\JetBrains\PyCharm Community Edition 2022.1.1\bin;;C:\Users\LUCKY\AppData\Local\Android\Sdk\ndk-bundle;C:\Users\LUCKY\AppData\Local\Android\Sdk\platform-tools;
USERNAME=LUCKY
OS=Windows_NT
PROCESSOR_IDENTIFIER=Intel64 Family 6 Model 58 Stepping 9, GenuineIntel



---------------  S Y S T E M  ---------------

OS: Windows 10 , 64 bit Build 19041 (10.0.19041.1806)

CPU:total 4 (initial active 4) (2 cores per cpu, 2 threads per core) family 6 model 58 stepping 9 microcode 0x21, cmov, cx8, fxsr, mmx, sse, sse2, sse3, ssse3, sse4.1, sse4.2, popcnt, avx, aes, clmul, erms, ht, tsc, tscinvbit, tscinv

Memory: 4k page, system-wide physical 12182M (2626M free)
TotalPageFile size 24470M (AvailPageFile size 8971M)
current process WorkingSet (physical memory assigned to process): 569M, peak: 577M
current process commit charge ("private bytes"): 604M, peak: 612M

vm_info: Java HotSpot(TM) 64-Bit Server VM (11.0.13+10-LTS-370) for windows-amd64 JRE (11.0.13+10-LTS-370), built on Sep 15 2021 22:10:36 by "mach5one" with MS VC++ 15.9 (VS2017)

END.
