#
# A fatal error has been detected by the Java Runtime Environment:
#
#  EXCEPTION_ACCESS_VIOLATION (0xc0000005) at pc=0x00007ffb5414d5d2, pid=3180, tid=320
#
# JRE version: Java(TM) SE Runtime Environment 18.9 (11.0.13+10) (build 11.0.13+10-LTS-370)
# Java VM: Java HotSpot(TM) 64-Bit Server VM 18.9 (11.0.13+10-LTS-370, mixed mode, tiered, compressed oops, g1 gc, windows-amd64)
# Problematic frame:
# V  [jvm.dll+0x53d5d2]
#
# No core dump will be written. Minidumps are not enabled by default on client versions of Windows
#
# If you would like to submit a bug report, please visit:
#   https://bugreport.java.com/bugreport/crash.jsp
#

---------------  S U M M A R Y ------------

Command Line: --add-opens=java.base/java.util=ALL-UNNAMED --add-opens=java.base/java.lang=ALL-UNNAMED --add-opens=java.base/java.lang.invoke=ALL-UNNAMED --add-opens=java.prefs/java.util.prefs=ALL-UNNAMED -XX:MaxMetaspaceSize=256m -XX:+HeapDumpOnOutOfMemoryError -Xms256m -Xmx512m -Dfile.encoding=windows-1252 -Duser.country=US -Duser.language=en -Duser.variant org.gradle.launcher.daemon.bootstrap.GradleDaemon 5.5

Host: Intel(R) Core(TM) i5-3230M CPU @ 2.60GHz, 4 cores, 11G,  Windows 10 , 64 bit Build 19041 (10.0.19041.1806)
Time: Mon Aug  1 20:47:38 2022 Tokyo Standard Time elapsed time: 17.638683 seconds (0d 0h 0m 17s)

---------------  T H R E A D  ---------------

Current thread (0x00000144f26f9800):  JavaThread "C2 CompilerThread1" daemon [_thread_in_native, id=320, stack(0x0000001d9ee00000,0x0000001d9ef00000)]


Current CompileTask:
C2:  17638 4035       4       java.lang.reflect.AccessibleObject::checkCanSetAccessible (386 bytes)

Stack: [0x0000001d9ee00000,0x0000001d9ef00000],  sp=0x0000001d9eefb780,  free space=1005k
Native frames: (J=compiled Java code, j=interpreted, Vv=VM code, C=native code)
V  [jvm.dll+0x53d5d2]
V  [jvm.dll+0x53bd5d]
V  [jvm.dll+0x1f9d8b]
V  [jvm.dll+0x1f731d]
V  [jvm.dll+0x177991]
V  [jvm.dll+0x206d84]
V  [jvm.dll+0x204ebb]
V  [jvm.dll+0x727e70]
V  [jvm.dll+0x720a54]
V  [jvm.dll+0x627606]
C  [ucrtbase.dll+0x21bb2]
C  [KERNEL32.DLL+0x17034]
C  [ntdll.dll+0x52651]


siginfo: EXCEPTION_ACCESS_VIOLATION (0xc0000005), reading address 0x00007dfb543c8fe0


Register to memory mapping:

RIP=0x00007ffb5414d5d2 jvm.dll
RAX=0x00007dfb543c8fd0 is an unknown value
RBX=0x00000144f14751c0 points into unknown readable memory: 0x00007dfb543c8fd0 | d0 8f 3c 54 fb 7d 00 00
RCX=0x00000144f14751c0 points into unknown readable memory: 0x00007dfb543c8fd0 | d0 8f 3c 54 fb 7d 00 00
RDX=0x0000000000000040 is an unknown value
RSP=0x0000001d9eefb780 is pointing into the stack for thread: 0x00000144f26f9800
RBP=0x0000001d9eefb7e0 is pointing into the stack for thread: 0x00000144f26f9800
RSI=0x0000000000000058 is an unknown value
RDI=0x0000000000000003 is an unknown value
R8 =0x000000000000003f is an unknown value
R9 =0x00000144f2336408 points into unknown readable memory: 0x00000000000000b0 | b0 00 00 00 00 00 00 00
R10=0x0000000000000001 is an unknown value
R11=0x00000144f2334470 points into unknown readable memory: 0x0000000000000002 | 02 00 00 00 00 00 00 00
R12=0x00000144f300a500 points into unknown readable memory: 0x6361726168632074 | 74 20 63 68 61 72 61 63
R13=0x00000144f1474d50 points into unknown readable memory: 0x00007ffb54450370 | 70 03 45 54 fb 7f 00 00
R14=0x0000001d9eefc820 is pointing into the stack for thread: 0x00000144f26f9800
R15=0x0000000000000040 is an unknown value


Registers:
RAX=0x00007dfb543c8fd0, RBX=0x00000144f14751c0, RCX=0x00000144f14751c0, RDX=0x0000000000000040
RSP=0x0000001d9eefb780, RBP=0x0000001d9eefb7e0, RSI=0x0000000000000058, RDI=0x0000000000000003
R8 =0x000000000000003f, R9 =0x00000144f2336408, R10=0x0000000000000001, R11=0x00000144f2334470
R12=0x00000144f300a500, R13=0x00000144f1474d50, R14=0x0000001d9eefc820, R15=0x0000000000000040
RIP=0x00007ffb5414d5d2, EFLAGS=0x0000000000010206

Top of Stack: (sp=0x0000001d9eefb780)
0x0000001d9eefb780:   00000144f1474d50 0000000000000058
0x0000001d9eefb790:   0000000000000053 00000144f146fed0
0x0000001d9eefb7a0:   000001ea00000040 0000000000000000
0x0000001d9eefb7b0:   0000014400000008 00000144f2336c60
0x0000001d9eefb7c0:   00000144f26d22c0 00000144f300a568
0x0000001d9eefb7d0:   0000000000000005 000000000000002a
0x0000001d9eefb7e0:   0000001d9eefb8f0 00007ffb5414bd5d
0x0000001d9eefb7f0:   00000144f14751c0 0000000000000000
0x0000001d9eefb800:   0000001d9eefc820 0000000000000001
0x0000001d9eefb810:   00000144f26d22c0 0000014400000200
0x0000001d9eefb820:   00000144f2335610 0000014400000000
0x0000001d9eefb830:   00007ffb544c8160 00000144f26d22c0
0x0000001d9eefb840:   0000000000000002 00000144f0c79ca0
0x0000001d9eefb850:   00000144f26d22c0 00000144f0c79c50
0x0000001d9eefb860:   0000000000040310 00000144f0c79ca0
0x0000001d9eefb870:   00000144f0c81c38 0000014402000002 

Instructions: (pc=0x00007ffb5414d5d2)
0x00007ffb5414d5b2:   20 83 e8 01 48 63 f8 78 7b 0f 1f 44 00 00 49 8b
0x00007ffb5414d5c2:   45 10 48 8b 1c f8 48 8b cb 48 89 5d 10 48 8b 03
0x00007ffb5414d5d2:   ff 50 10 84 c0 74 57 4d 8b 8e 98 09 00 00 8b 43
0x00007ffb5414d5e2:   28 41 83 3c 81 00 75 46 48 8b 53 10 8b 43 20 4c 


Stack slot to memory mapping:
stack at sp + 0 slots: 0x00000144f1474d50 points into unknown readable memory: 0x00007ffb54450370 | 70 03 45 54 fb 7f 00 00
stack at sp + 1 slots: 0x0000000000000058 is an unknown value
stack at sp + 2 slots: 0x0000000000000053 is an unknown value
stack at sp + 3 slots: 0x00000144f146fed0 points into unknown readable memory: 0x00000144f31ec938 | 38 c9 1e f3 44 01 00 00
stack at sp + 4 slots: 0x000001ea00000040 is an unknown value
stack at sp + 5 slots: 0x0 is NULL
stack at sp + 6 slots: 0x0000014400000008 is an unknown value
stack at sp + 7 slots: 0x00000144f2336c60 points into unknown readable memory: 0x00000144efb56180 | 80 61 b5 ef 44 01 00 00


---------------  P R O C E S S  ---------------

Threads class SMR info:
_java_thread_list=0x00000144f151ddb0, length=32, elements={
0x00000144d3206000, 0x00000144ed75c800, 0x00000144ed766000, 0x00000144ed77b000,
0x00000144ed77c800, 0x00000144ed77f000, 0x00000144ed784800, 0x00000144ed78a000,
0x00000144ed78b800, 0x00000144ee234000, 0x00000144efa2a000, 0x00000144ef64b000,
0x00000144ef94c800, 0x00000144ef982800, 0x00000144efa17000, 0x00000144efa16000,
0x00000144efa17800, 0x00000144ef993800, 0x00000144efce8000, 0x00000144efcd4000,
0x00000144efcd6800, 0x00000144efcd5000, 0x00000144efcd9000, 0x00000144efcd9800,
0x00000144f26f9800, 0x00000144efcd5800, 0x00000144efcd8000, 0x00000144f3f20000,
0x00000144f3f1d800, 0x00000144f3f1d000, 0x00000144f3f1f800, 0x00000144f3f21800
}

Java Threads: ( => current thread )
  0x00000144d3206000 JavaThread "main" [_thread_blocked, id=9308, stack(0x0000001d9ca00000,0x0000001d9cb00000)]
  0x00000144ed75c800 JavaThread "Reference Handler" daemon [_thread_blocked, id=4900, stack(0x0000001d9d200000,0x0000001d9d300000)]
  0x00000144ed766000 JavaThread "Finalizer" daemon [_thread_blocked, id=12836, stack(0x0000001d9d300000,0x0000001d9d400000)]
  0x00000144ed77b000 JavaThread "Signal Dispatcher" daemon [_thread_blocked, id=10860, stack(0x0000001d9d500000,0x0000001d9d600000)]
  0x00000144ed77c800 JavaThread "Attach Listener" daemon [_thread_blocked, id=5504, stack(0x0000001d9d600000,0x0000001d9d700000)]
  0x00000144ed77f000 JavaThread "Service Thread" daemon [_thread_blocked, id=6928, stack(0x0000001d9d700000,0x0000001d9d800000)]
  0x00000144ed784800 JavaThread "C2 CompilerThread0" daemon [_thread_in_native, id=3520, stack(0x0000001d9d800000,0x0000001d9d900000)]
  0x00000144ed78a000 JavaThread "C1 CompilerThread0" daemon [_thread_in_native, id=9908, stack(0x0000001d9d900000,0x0000001d9da00000)]
  0x00000144ed78b800 JavaThread "Sweeper thread" daemon [_thread_blocked, id=10484, stack(0x0000001d9da00000,0x0000001d9db00000)]
  0x00000144ee234000 JavaThread "Common-Cleaner" daemon [_thread_blocked, id=6776, stack(0x0000001d9db00000,0x0000001d9dc00000)]
  0x00000144efa2a000 JavaThread "Daemon health stats" [_thread_blocked, id=3200, stack(0x0000001d9e100000,0x0000001d9e200000)]
  0x00000144ef64b000 JavaThread "Incoming local TCP Connector on port 54486" [_thread_in_native, id=10652, stack(0x0000001d9e000000,0x0000001d9e100000)]
  0x00000144ef94c800 JavaThread "Daemon periodic checks" [_thread_blocked, id=10984, stack(0x0000001d9e200000,0x0000001d9e300000)]
  0x00000144ef982800 JavaThread "Daemon" [_thread_blocked, id=876, stack(0x0000001d9e300000,0x0000001d9e400000)]
  0x00000144efa17000 JavaThread "Handler for socket connection from /127.0.0.1:54486 to /127.0.0.1:54487" [_thread_in_native, id=13044, stack(0x0000001d9e400000,0x0000001d9e500000)]
  0x00000144efa16000 JavaThread "Cancel handler" [_thread_blocked, id=3448, stack(0x0000001d9e500000,0x0000001d9e600000)]
  0x00000144efa17800 JavaThread "Daemon worker" [_thread_in_vm, id=1716, stack(0x0000001d9e600000,0x0000001d9e700000)]
  0x00000144ef993800 JavaThread "Asynchronous log dispatcher for DefaultDaemonConnection: socket connection from /127.0.0.1:54486 to /127.0.0.1:54487" [_thread_blocked, id=7648, stack(0x0000001d9e700000,0x0000001d9e800000)]
  0x00000144efce8000 JavaThread "Stdin handler" [_thread_blocked, id=3424, stack(0x0000001d9e800000,0x0000001d9e900000)]
  0x00000144efcd4000 JavaThread "Thread-8" [_thread_blocked, id=7492, stack(0x0000001d9e900000,0x0000001d9ea00000)]
  0x00000144efcd6800 JavaThread "Cache worker for file hash cache (C:\Users\LUCKY\.gradle\caches\5.5\fileHashes)" [_thread_blocked, id=9268, stack(0x0000001d9ea00000,0x0000001d9eb00000)]
  0x00000144efcd5000 JavaThread "File lock request listener" [_thread_in_native, id=4420, stack(0x0000001d9eb00000,0x0000001d9ec00000)]
  0x00000144efcd9000 JavaThread "Cache worker for journal cache (C:\Users\LUCKY\.gradle\caches\journal-1)" [_thread_blocked, id=11080, stack(0x0000001d9ec00000,0x0000001d9ed00000)]
  0x00000144efcd9800 JavaThread "Cache worker for file hash cache (D:\MyWork\ReactNative\whsnxt_mvp\android\.gradle\5.5\fileHashes)" [_thread_blocked, id=9620, stack(0x0000001d9ed00000,0x0000001d9ee00000)]
=>0x00000144f26f9800 JavaThread "C2 CompilerThread1" daemon [_thread_in_native, id=320, stack(0x0000001d9ee00000,0x0000001d9ef00000)]
  0x00000144efcd5800 JavaThread "Cache worker for cache directory md-supplier (C:\Users\LUCKY\.gradle\caches\5.5\md-supplier)" [_thread_blocked, id=9352, stack(0x0000001d9ef00000,0x0000001d9f000000)]
  0x00000144efcd8000 JavaThread "Cache worker for cache directory md-rule (C:\Users\LUCKY\.gradle\caches\5.5\md-rule)" [_thread_blocked, id=12356, stack(0x0000001d9f000000,0x0000001d9f100000)]
  0x00000144f3f20000 JavaThread "Cache worker for execution history cache (C:\Users\LUCKY\.gradle\caches\5.5\executionHistory)" [_thread_blocked, id=9724, stack(0x0000001d9f100000,0x0000001d9f200000)]
  0x00000144f3f1d800 JavaThread "Build operations" [_thread_blocked, id=12488, stack(0x0000001d9f200000,0x0000001d9f300000)]
  0x00000144f3f1d000 JavaThread "Build operations Thread 2" [_thread_blocked, id=8092, stack(0x0000001d9f300000,0x0000001d9f400000)]
  0x00000144f3f1f800 JavaThread "Build operations Thread 3" [_thread_blocked, id=7508, stack(0x0000001d9f400000,0x0000001d9f500000)]
  0x00000144f3f21800 JavaThread "Build operations Thread 4" [_thread_blocked, id=7516, stack(0x0000001d9f500000,0x0000001d9f600000)]

Other Threads:
  0x00000144ed737000 VMThread "VM Thread" [stack: 0x0000001d9d100000,0x0000001d9d200000] [id=1508]
  0x00000144ee263000 WatcherThread [stack: 0x0000001d9dc00000,0x0000001d9dd00000] [id=11624]
  0x00000144d321e000 GCTaskThread "GC Thread#0" [stack: 0x0000001d9cc00000,0x0000001d9cd00000] [id=11092]
  0x00000144ee99a800 GCTaskThread "GC Thread#1" [stack: 0x0000001d9dd00000,0x0000001d9de00000] [id=10992]
  0x00000144ee99b800 GCTaskThread "GC Thread#2" [stack: 0x0000001d9de00000,0x0000001d9df00000] [id=10384]
  0x00000144ee99c000 GCTaskThread "GC Thread#3" [stack: 0x0000001d9df00000,0x0000001d9e000000] [id=10524]
  0x00000144d3232000 ConcurrentGCThread "G1 Main Marker" [stack: 0x0000001d9cd00000,0x0000001d9ce00000] [id=10376]
  0x00000144d3234000 ConcurrentGCThread "G1 Conc#0" [stack: 0x0000001d9ce00000,0x0000001d9cf00000] [id=12752]
  0x00000144ed5d0800 ConcurrentGCThread "G1 Refine#0" [stack: 0x0000001d9cf00000,0x0000001d9d000000] [id=11464]
  0x00000144ed5d1800 ConcurrentGCThread "G1 Young RemSet Sampling" [stack: 0x0000001d9d000000,0x0000001d9d100000] [id=5276]

Threads with active compile tasks:
C2 CompilerThread0  17731 4080       4       jdk.internal.reflect.ClassFileAssembler::emitConstantPoolUTF8 (50 bytes)
C2 CompilerThread1  17731 4035       4       java.lang.reflect.AccessibleObject::checkCanSetAccessible (386 bytes)

VM state:not at safepoint (normal execution)

VM Mutex/Monitor currently owned by a thread:  ([mutex/lock_event])
[0x00000144d32054d0] AdapterHandlerLibrary_lock - owner thread: 0x00000144efa17800

Heap address: 0x00000000e0000000, size: 512 MB, Compressed Oops mode: 32-bit
Narrow klass base: 0x0000000000000000, Narrow klass shift: 3
Compressed class space size: 260046848 Address: 0x0000000100000000

Heap:
 garbage-first heap   total 262144K, used 115230K [0x00000000e0000000, 0x0000000100000000)
  region size 1024K, 94 young (96256K), 8 survivors (8192K)
 Metaspace       used 40997K, capacity 41866K, committed 41984K, reserved 290816K
  class space    used 5258K, capacity 5522K, committed 5632K, reserved 253952K
Heap Regions: E=young(eden), S=young(survivor), O=old, HS=humongous(starts), HC=humongous(continues), CS=collection set, F=free, A=archive, TAMS=top-at-mark-start (previous, next)
|   0|0x00000000e0000000, 0x00000000e0100000, 0x00000000e0100000|100%| O|  |TAMS 0x00000000e0100000, 0x00000000e0000000| Untracked 
|   1|0x00000000e0100000, 0x00000000e0200000, 0x00000000e0200000|100%| O|  |TAMS 0x00000000e0200000, 0x00000000e0100000| Untracked 
|   2|0x00000000e0200000, 0x00000000e0300000, 0x00000000e0300000|100%|HS|  |TAMS 0x00000000e0300000, 0x00000000e0200000| Complete 
|   3|0x00000000e0300000, 0x00000000e0400000, 0x00000000e0400000|100%|HS|  |TAMS 0x00000000e0400000, 0x00000000e0300000| Complete 
|   4|0x00000000e0400000, 0x00000000e0500000, 0x00000000e0500000|100%|HC|  |TAMS 0x00000000e0500000, 0x00000000e0400000| Complete 
|   5|0x00000000e0500000, 0x00000000e0600000, 0x00000000e0600000|100%| O|  |TAMS 0x00000000e0600000, 0x00000000e0500000| Untracked 
|   6|0x00000000e0600000, 0x00000000e0700000, 0x00000000e0700000|100%| O|  |TAMS 0x00000000e0700000, 0x00000000e0600000| Untracked 
|   7|0x00000000e0700000, 0x00000000e0800000, 0x00000000e0800000|100%| O|  |TAMS 0x00000000e0800000, 0x00000000e0700000| Untracked 
|   8|0x00000000e0800000, 0x00000000e0900000, 0x00000000e0900000|100%| O|  |TAMS 0x00000000e0900000, 0x00000000e0800000| Untracked 
|   9|0x00000000e0900000, 0x00000000e0a00000, 0x00000000e0a00000|100%| O|  |TAMS 0x00000000e0a00000, 0x00000000e0900000| Untracked 
|  10|0x00000000e0a00000, 0x00000000e0b00000, 0x00000000e0b00000|100%| O|  |TAMS 0x00000000e0b00000, 0x00000000e0a00000| Untracked 
|  11|0x00000000e0b00000, 0x00000000e0c00000, 0x00000000e0c00000|100%| O|  |TAMS 0x00000000e0c00000, 0x00000000e0b00000| Untracked 
|  12|0x00000000e0c00000, 0x00000000e0d00000, 0x00000000e0d00000|100%| O|  |TAMS 0x00000000e0d00000, 0x00000000e0c00000| Untracked 
|  13|0x00000000e0d00000, 0x00000000e0e00000, 0x00000000e0e00000|100%| O|  |TAMS 0x00000000e0e00000, 0x00000000e0d00000| Untracked 
|  14|0x00000000e0e00000, 0x00000000e0ef2800, 0x00000000e0f00000| 94%| O|  |TAMS 0x00000000e0ef2800, 0x00000000e0e00000| Untracked 
|  15|0x00000000e0f00000, 0x00000000e1000000, 0x00000000e1000000|100%|HS|  |TAMS 0x00000000e0f00000, 0x00000000e0f00000| Complete 
|  16|0x00000000e1000000, 0x00000000e1100000, 0x00000000e1100000|100%|HC|  |TAMS 0x00000000e1000000, 0x00000000e1000000| Complete 
|  17|0x00000000e1100000, 0x00000000e1200000, 0x00000000e1200000|100%|HC|  |TAMS 0x00000000e1100000, 0x00000000e1100000| Complete 
|  18|0x00000000e1200000, 0x00000000e1300000, 0x00000000e1300000|100%|HS|  |TAMS 0x00000000e1200000, 0x00000000e1200000| Complete 
|  19|0x00000000e1300000, 0x00000000e1400000, 0x00000000e1400000|100%|HC|  |TAMS 0x00000000e1300000, 0x00000000e1300000| Complete 
|  20|0x00000000e1400000, 0x00000000e1400000, 0x00000000e1500000|  0%| F|  |TAMS 0x00000000e1400000, 0x00000000e1400000| Untracked 
|  21|0x00000000e1500000, 0x00000000e1500000, 0x00000000e1600000|  0%| F|  |TAMS 0x00000000e1500000, 0x00000000e1500000| Untracked 
|  22|0x00000000e1600000, 0x00000000e1600000, 0x00000000e1700000|  0%| F|  |TAMS 0x00000000e1600000, 0x00000000e1600000| Untracked 
|  23|0x00000000e1700000, 0x00000000e1700000, 0x00000000e1800000|  0%| F|  |TAMS 0x00000000e1700000, 0x00000000e1700000| Untracked 
|  24|0x00000000e1800000, 0x00000000e1800000, 0x00000000e1900000|  0%| F|  |TAMS 0x00000000e1800000, 0x00000000e1800000| Untracked 
|  25|0x00000000e1900000, 0x00000000e1900000, 0x00000000e1a00000|  0%| F|  |TAMS 0x00000000e1900000, 0x00000000e1900000| Untracked 
|  26|0x00000000e1a00000, 0x00000000e1a00000, 0x00000000e1b00000|  0%| F|  |TAMS 0x00000000e1a00000, 0x00000000e1a00000| Untracked 
|  27|0x00000000e1b00000, 0x00000000e1b00000, 0x00000000e1c00000|  0%| F|  |TAMS 0x00000000e1b00000, 0x00000000e1b00000| Untracked 
|  28|0x00000000e1c00000, 0x00000000e1c00000, 0x00000000e1d00000|  0%| F|  |TAMS 0x00000000e1c00000, 0x00000000e1c00000| Untracked 
|  29|0x00000000e1d00000, 0x00000000e1d00000, 0x00000000e1e00000|  0%| F|  |TAMS 0x00000000e1d00000, 0x00000000e1d00000| Untracked 
|  30|0x00000000e1e00000, 0x00000000e1e00000, 0x00000000e1f00000|  0%| F|  |TAMS 0x00000000e1e00000, 0x00000000e1e00000| Untracked 
|  31|0x00000000e1f00000, 0x00000000e1f00000, 0x00000000e2000000|  0%| F|  |TAMS 0x00000000e1f00000, 0x00000000e1f00000| Untracked 
|  32|0x00000000e2000000, 0x00000000e2000000, 0x00000000e2100000|  0%| F|  |TAMS 0x00000000e2000000, 0x00000000e2000000| Untracked 
|  33|0x00000000e2100000, 0x00000000e2100000, 0x00000000e2200000|  0%| F|  |TAMS 0x00000000e2100000, 0x00000000e2100000| Untracked 
|  34|0x00000000e2200000, 0x00000000e2200000, 0x00000000e2300000|  0%| F|  |TAMS 0x00000000e2200000, 0x00000000e2200000| Untracked 
|  35|0x00000000e2300000, 0x00000000e2300000, 0x00000000e2400000|  0%| F|  |TAMS 0x00000000e2300000, 0x00000000e2300000| Untracked 
|  36|0x00000000e2400000, 0x00000000e2400000, 0x00000000e2500000|  0%| F|  |TAMS 0x00000000e2400000, 0x00000000e2400000| Untracked 
|  37|0x00000000e2500000, 0x00000000e2500000, 0x00000000e2600000|  0%| F|  |TAMS 0x00000000e2500000, 0x00000000e2500000| Untracked 
|  38|0x00000000e2600000, 0x00000000e2600000, 0x00000000e2700000|  0%| F|  |TAMS 0x00000000e2600000, 0x00000000e2600000| Untracked 
|  39|0x00000000e2700000, 0x00000000e2700000, 0x00000000e2800000|  0%| F|  |TAMS 0x00000000e2700000, 0x00000000e2700000| Untracked 
|  40|0x00000000e2800000, 0x00000000e2800000, 0x00000000e2900000|  0%| F|  |TAMS 0x00000000e2800000, 0x00000000e2800000| Untracked 
|  41|0x00000000e2900000, 0x00000000e2900000, 0x00000000e2a00000|  0%| F|  |TAMS 0x00000000e2900000, 0x00000000e2900000| Untracked 
|  42|0x00000000e2a00000, 0x00000000e2a00000, 0x00000000e2b00000|  0%| F|  |TAMS 0x00000000e2a00000, 0x00000000e2a00000| Untracked 
|  43|0x00000000e2b00000, 0x00000000e2b00000, 0x00000000e2c00000|  0%| F|  |TAMS 0x00000000e2b00000, 0x00000000e2b00000| Untracked 
|  44|0x00000000e2c00000, 0x00000000e2c00000, 0x00000000e2d00000|  0%| F|  |TAMS 0x00000000e2c00000, 0x00000000e2c00000| Untracked 
|  45|0x00000000e2d00000, 0x00000000e2d00000, 0x00000000e2e00000|  0%| F|  |TAMS 0x00000000e2d00000, 0x00000000e2d00000| Untracked 
|  46|0x00000000e2e00000, 0x00000000e2e00000, 0x00000000e2f00000|  0%| F|  |TAMS 0x00000000e2e00000, 0x00000000e2e00000| Untracked 
|  47|0x00000000e2f00000, 0x00000000e2f00000, 0x00000000e3000000|  0%| F|  |TAMS 0x00000000e2f00000, 0x00000000e2f00000| Untracked 
|  48|0x00000000e3000000, 0x00000000e3000000, 0x00000000e3100000|  0%| F|  |TAMS 0x00000000e3000000, 0x00000000e3000000| Untracked 
|  49|0x00000000e3100000, 0x00000000e3100000, 0x00000000e3200000|  0%| F|  |TAMS 0x00000000e3100000, 0x00000000e3100000| Untracked 
|  50|0x00000000e3200000, 0x00000000e3200000, 0x00000000e3300000|  0%| F|  |TAMS 0x00000000e3200000, 0x00000000e3200000| Untracked 
|  51|0x00000000e3300000, 0x00000000e3300000, 0x00000000e3400000|  0%| F|  |TAMS 0x00000000e3300000, 0x00000000e3300000| Untracked 
|  52|0x00000000e3400000, 0x00000000e3400000, 0x00000000e3500000|  0%| F|  |TAMS 0x00000000e3400000, 0x00000000e3400000| Untracked 
|  53|0x00000000e3500000, 0x00000000e3500000, 0x00000000e3600000|  0%| F|  |TAMS 0x00000000e3500000, 0x00000000e3500000| Untracked 
|  54|0x00000000e3600000, 0x00000000e3600000, 0x00000000e3700000|  0%| F|  |TAMS 0x00000000e3600000, 0x00000000e3600000| Untracked 
|  55|0x00000000e3700000, 0x00000000e3700000, 0x00000000e3800000|  0%| F|  |TAMS 0x00000000e3700000, 0x00000000e3700000| Untracked 
|  56|0x00000000e3800000, 0x00000000e3800000, 0x00000000e3900000|  0%| F|  |TAMS 0x00000000e3800000, 0x00000000e3800000| Untracked 
|  57|0x00000000e3900000, 0x00000000e3900000, 0x00000000e3a00000|  0%| F|  |TAMS 0x00000000e3900000, 0x00000000e3900000| Untracked 
|  58|0x00000000e3a00000, 0x00000000e3a00000, 0x00000000e3b00000|  0%| F|  |TAMS 0x00000000e3a00000, 0x00000000e3a00000| Untracked 
|  59|0x00000000e3b00000, 0x00000000e3b00000, 0x00000000e3c00000|  0%| F|  |TAMS 0x00000000e3b00000, 0x00000000e3b00000| Untracked 
|  60|0x00000000e3c00000, 0x00000000e3c00000, 0x00000000e3d00000|  0%| F|  |TAMS 0x00000000e3c00000, 0x00000000e3c00000| Untracked 
|  61|0x00000000e3d00000, 0x00000000e3d00000, 0x00000000e3e00000|  0%| F|  |TAMS 0x00000000e3d00000, 0x00000000e3d00000| Untracked 
|  62|0x00000000e3e00000, 0x00000000e3e00000, 0x00000000e3f00000|  0%| F|  |TAMS 0x00000000e3e00000, 0x00000000e3e00000| Untracked 
|  63|0x00000000e3f00000, 0x00000000e3f00000, 0x00000000e4000000|  0%| F|  |TAMS 0x00000000e3f00000, 0x00000000e3f00000| Untracked 
|  64|0x00000000e4000000, 0x00000000e4000000, 0x00000000e4100000|  0%| F|  |TAMS 0x00000000e4000000, 0x00000000e4000000| Untracked 
|  65|0x00000000e4100000, 0x00000000e4100000, 0x00000000e4200000|  0%| F|  |TAMS 0x00000000e4100000, 0x00000000e4100000| Untracked 
|  66|0x00000000e4200000, 0x00000000e4200000, 0x00000000e4300000|  0%| F|  |TAMS 0x00000000e4200000, 0x00000000e4200000| Untracked 
|  67|0x00000000e4300000, 0x00000000e4300000, 0x00000000e4400000|  0%| F|  |TAMS 0x00000000e4300000, 0x00000000e4300000| Untracked 
|  68|0x00000000e4400000, 0x00000000e4400000, 0x00000000e4500000|  0%| F|  |TAMS 0x00000000e4400000, 0x00000000e4400000| Untracked 
|  69|0x00000000e4500000, 0x00000000e4500000, 0x00000000e4600000|  0%| F|  |TAMS 0x00000000e4500000, 0x00000000e4500000| Untracked 
|  70|0x00000000e4600000, 0x00000000e4600000, 0x00000000e4700000|  0%| F|  |TAMS 0x00000000e4600000, 0x00000000e4600000| Untracked 
|  71|0x00000000e4700000, 0x00000000e4700000, 0x00000000e4800000|  0%| F|  |TAMS 0x00000000e4700000, 0x00000000e4700000| Untracked 
|  72|0x00000000e4800000, 0x00000000e4800000, 0x00000000e4900000|  0%| F|  |TAMS 0x00000000e4800000, 0x00000000e4800000| Untracked 
|  73|0x00000000e4900000, 0x00000000e4900000, 0x00000000e4a00000|  0%| F|  |TAMS 0x00000000e4900000, 0x00000000e4900000| Untracked 
|  74|0x00000000e4a00000, 0x00000000e4a00000, 0x00000000e4b00000|  0%| F|  |TAMS 0x00000000e4a00000, 0x00000000e4a00000| Untracked 
|  75|0x00000000e4b00000, 0x00000000e4b00000, 0x00000000e4c00000|  0%| F|  |TAMS 0x00000000e4b00000, 0x00000000e4b00000| Untracked 
|  76|0x00000000e4c00000, 0x00000000e4c00000, 0x00000000e4d00000|  0%| F|  |TAMS 0x00000000e4c00000, 0x00000000e4c00000| Untracked 
|  77|0x00000000e4d00000, 0x00000000e4d00000, 0x00000000e4e00000|  0%| F|  |TAMS 0x00000000e4d00000, 0x00000000e4d00000| Untracked 
|  78|0x00000000e4e00000, 0x00000000e4e00000, 0x00000000e4f00000|  0%| F|  |TAMS 0x00000000e4e00000, 0x00000000e4e00000| Untracked 
|  79|0x00000000e4f00000, 0x00000000e4f00000, 0x00000000e5000000|  0%| F|  |TAMS 0x00000000e4f00000, 0x00000000e4f00000| Untracked 
|  80|0x00000000e5000000, 0x00000000e5000000, 0x00000000e5100000|  0%| F|  |TAMS 0x00000000e5000000, 0x00000000e5000000| Untracked 
|  81|0x00000000e5100000, 0x00000000e5100000, 0x00000000e5200000|  0%| F|  |TAMS 0x00000000e5100000, 0x00000000e5100000| Untracked 
|  82|0x00000000e5200000, 0x00000000e5200000, 0x00000000e5300000|  0%| F|  |TAMS 0x00000000e5200000, 0x00000000e5200000| Untracked 
|  83|0x00000000e5300000, 0x00000000e5300000, 0x00000000e5400000|  0%| F|  |TAMS 0x00000000e5300000, 0x00000000e5300000| Untracked 
|  84|0x00000000e5400000, 0x00000000e5400000, 0x00000000e5500000|  0%| F|  |TAMS 0x00000000e5400000, 0x00000000e5400000| Untracked 
|  85|0x00000000e5500000, 0x00000000e5500000, 0x00000000e5600000|  0%| F|  |TAMS 0x00000000e5500000, 0x00000000e5500000| Untracked 
|  86|0x00000000e5600000, 0x00000000e5600000, 0x00000000e5700000|  0%| F|  |TAMS 0x00000000e5600000, 0x00000000e5600000| Untracked 
|  87|0x00000000e5700000, 0x00000000e5700000, 0x00000000e5800000|  0%| F|  |TAMS 0x00000000e5700000, 0x00000000e5700000| Untracked 
|  88|0x00000000e5800000, 0x00000000e5800000, 0x00000000e5900000|  0%| F|  |TAMS 0x00000000e5800000, 0x00000000e5800000| Untracked 
|  89|0x00000000e5900000, 0x00000000e5900000, 0x00000000e5a00000|  0%| F|  |TAMS 0x00000000e5900000, 0x00000000e5900000| Untracked 
|  90|0x00000000e5a00000, 0x00000000e5a00000, 0x00000000e5b00000|  0%| F|  |TAMS 0x00000000e5a00000, 0x00000000e5a00000| Untracked 
|  91|0x00000000e5b00000, 0x00000000e5b00000, 0x00000000e5c00000|  0%| F|  |TAMS 0x00000000e5b00000, 0x00000000e5b00000| Untracked 
|  92|0x00000000e5c00000, 0x00000000e5c00000, 0x00000000e5d00000|  0%| F|  |TAMS 0x00000000e5c00000, 0x00000000e5c00000| Untracked 
|  93|0x00000000e5d00000, 0x00000000e5d00000, 0x00000000e5e00000|  0%| F|  |TAMS 0x00000000e5d00000, 0x00000000e5d00000| Untracked 
|  94|0x00000000e5e00000, 0x00000000e5e00000, 0x00000000e5f00000|  0%| F|  |TAMS 0x00000000e5e00000, 0x00000000e5e00000| Untracked 
|  95|0x00000000e5f00000, 0x00000000e5f00000, 0x00000000e6000000|  0%| F|  |TAMS 0x00000000e5f00000, 0x00000000e5f00000| Untracked 
|  96|0x00000000e6000000, 0x00000000e6000000, 0x00000000e6100000|  0%| F|  |TAMS 0x00000000e6000000, 0x00000000e6000000| Untracked 
|  97|0x00000000e6100000, 0x00000000e6100000, 0x00000000e6200000|  0%| F|  |TAMS 0x00000000e6100000, 0x00000000e6100000| Untracked 
|  98|0x00000000e6200000, 0x00000000e6200000, 0x00000000e6300000|  0%| F|  |TAMS 0x00000000e6200000, 0x00000000e6200000| Untracked 
|  99|0x00000000e6300000, 0x00000000e6300000, 0x00000000e6400000|  0%| F|  |TAMS 0x00000000e6300000, 0x00000000e6300000| Untracked 
| 100|0x00000000e6400000, 0x00000000e6400000, 0x00000000e6500000|  0%| F|  |TAMS 0x00000000e6400000, 0x00000000e6400000| Untracked 
| 101|0x00000000e6500000, 0x00000000e6500000, 0x00000000e6600000|  0%| F|  |TAMS 0x00000000e6500000, 0x00000000e6500000| Untracked 
| 102|0x00000000e6600000, 0x00000000e6600000, 0x00000000e6700000|  0%| F|  |TAMS 0x00000000e6600000, 0x00000000e6600000| Untracked 
| 103|0x00000000e6700000, 0x00000000e6700000, 0x00000000e6800000|  0%| F|  |TAMS 0x00000000e6700000, 0x00000000e6700000| Untracked 
| 104|0x00000000e6800000, 0x00000000e6800000, 0x00000000e6900000|  0%| F|  |TAMS 0x00000000e6800000, 0x00000000e6800000| Untracked 
| 105|0x00000000e6900000, 0x00000000e6900000, 0x00000000e6a00000|  0%| F|  |TAMS 0x00000000e6900000, 0x00000000e6900000| Untracked 
| 106|0x00000000e6a00000, 0x00000000e6a00000, 0x00000000e6b00000|  0%| F|  |TAMS 0x00000000e6a00000, 0x00000000e6a00000| Untracked 
| 107|0x00000000e6b00000, 0x00000000e6b00000, 0x00000000e6c00000|  0%| F|  |TAMS 0x00000000e6b00000, 0x00000000e6b00000| Untracked 
| 108|0x00000000e6c00000, 0x00000000e6c00000, 0x00000000e6d00000|  0%| F|  |TAMS 0x00000000e6c00000, 0x00000000e6c00000| Untracked 
| 109|0x00000000e6d00000, 0x00000000e6d00000, 0x00000000e6e00000|  0%| F|  |TAMS 0x00000000e6d00000, 0x00000000e6d00000| Untracked 
| 110|0x00000000e6e00000, 0x00000000e6e00000, 0x00000000e6f00000|  0%| F|  |TAMS 0x00000000e6e00000, 0x00000000e6e00000| Untracked 
| 111|0x00000000e6f00000, 0x00000000e6f00000, 0x00000000e7000000|  0%| F|  |TAMS 0x00000000e6f00000, 0x00000000e6f00000| Untracked 
| 112|0x00000000e7000000, 0x00000000e7000000, 0x00000000e7100000|  0%| F|  |TAMS 0x00000000e7000000, 0x00000000e7000000| Untracked 
| 113|0x00000000e7100000, 0x00000000e7100000, 0x00000000e7200000|  0%| F|  |TAMS 0x00000000e7100000, 0x00000000e7100000| Untracked 
| 114|0x00000000e7200000, 0x00000000e7200000, 0x00000000e7300000|  0%| F|  |TAMS 0x00000000e7200000, 0x00000000e7200000| Untracked 
| 115|0x00000000e7300000, 0x00000000e7300000, 0x00000000e7400000|  0%| F|  |TAMS 0x00000000e7300000, 0x00000000e7300000| Untracked 
| 116|0x00000000e7400000, 0x00000000e7400000, 0x00000000e7500000|  0%| F|  |TAMS 0x00000000e7400000, 0x00000000e7400000| Untracked 
| 117|0x00000000e7500000, 0x00000000e7500000, 0x00000000e7600000|  0%| F|  |TAMS 0x00000000e7500000, 0x00000000e7500000| Untracked 
| 118|0x00000000e7600000, 0x00000000e7600000, 0x00000000e7700000|  0%| F|  |TAMS 0x00000000e7600000, 0x00000000e7600000| Untracked 
| 119|0x00000000e7700000, 0x00000000e7700000, 0x00000000e7800000|  0%| F|  |TAMS 0x00000000e7700000, 0x00000000e7700000| Untracked 
| 120|0x00000000e7800000, 0x00000000e7800000, 0x00000000e7900000|  0%| F|  |TAMS 0x00000000e7800000, 0x00000000e7800000| Untracked 
| 121|0x00000000e7900000, 0x00000000e7900000, 0x00000000e7a00000|  0%| F|  |TAMS 0x00000000e7900000, 0x00000000e7900000| Untracked 
| 122|0x00000000e7a00000, 0x00000000e7a00000, 0x00000000e7b00000|  0%| F|  |TAMS 0x00000000e7a00000, 0x00000000e7a00000| Untracked 
| 123|0x00000000e7b00000, 0x00000000e7b00000, 0x00000000e7c00000|  0%| F|  |TAMS 0x00000000e7b00000, 0x00000000e7b00000| Untracked 
| 124|0x00000000e7c00000, 0x00000000e7c00000, 0x00000000e7d00000|  0%| F|  |TAMS 0x00000000e7c00000, 0x00000000e7c00000| Untracked 
| 125|0x00000000e7d00000, 0x00000000e7d00000, 0x00000000e7e00000|  0%| F|  |TAMS 0x00000000e7d00000, 0x00000000e7d00000| Untracked 
| 126|0x00000000e7e00000, 0x00000000e7e00000, 0x00000000e7f00000|  0%| F|  |TAMS 0x00000000e7e00000, 0x00000000e7e00000| Untracked 
| 127|0x00000000e7f00000, 0x00000000e7f00000, 0x00000000e8000000|  0%| F|  |TAMS 0x00000000e7f00000, 0x00000000e7f00000| Untracked 
| 128|0x00000000e8000000, 0x00000000e8000000, 0x00000000e8100000|  0%| F|  |TAMS 0x00000000e8000000, 0x00000000e8000000| Untracked 
| 129|0x00000000e8100000, 0x00000000e8100000, 0x00000000e8200000|  0%| F|  |TAMS 0x00000000e8100000, 0x00000000e8100000| Untracked 
| 130|0x00000000e8200000, 0x00000000e8200000, 0x00000000e8300000|  0%| F|  |TAMS 0x00000000e8200000, 0x00000000e8200000| Untracked 
| 131|0x00000000e8300000, 0x00000000e8300000, 0x00000000e8400000|  0%| F|  |TAMS 0x00000000e8300000, 0x00000000e8300000| Untracked 
| 132|0x00000000e8400000, 0x00000000e8400000, 0x00000000e8500000|  0%| F|  |TAMS 0x00000000e8400000, 0x00000000e8400000| Untracked 
| 133|0x00000000e8500000, 0x00000000e8500000, 0x00000000e8600000|  0%| F|  |TAMS 0x00000000e8500000, 0x00000000e8500000| Untracked 
| 134|0x00000000e8600000, 0x00000000e8600000, 0x00000000e8700000|  0%| F|  |TAMS 0x00000000e8600000, 0x00000000e8600000| Untracked 
| 135|0x00000000e8700000, 0x00000000e8700000, 0x00000000e8800000|  0%| F|  |TAMS 0x00000000e8700000, 0x00000000e8700000| Untracked 
| 136|0x00000000e8800000, 0x00000000e8800000, 0x00000000e8900000|  0%| F|  |TAMS 0x00000000e8800000, 0x00000000e8800000| Untracked 
| 137|0x00000000e8900000, 0x00000000e8900000, 0x00000000e8a00000|  0%| F|  |TAMS 0x00000000e8900000, 0x00000000e8900000| Untracked 
| 138|0x00000000e8a00000, 0x00000000e8a00000, 0x00000000e8b00000|  0%| F|  |TAMS 0x00000000e8a00000, 0x00000000e8a00000| Untracked 
| 139|0x00000000e8b00000, 0x00000000e8b00000, 0x00000000e8c00000|  0%| F|  |TAMS 0x00000000e8b00000, 0x00000000e8b00000| Untracked 
| 140|0x00000000e8c00000, 0x00000000e8c00000, 0x00000000e8d00000|  0%| F|  |TAMS 0x00000000e8c00000, 0x00000000e8c00000| Untracked 
| 141|0x00000000e8d00000, 0x00000000e8d00000, 0x00000000e8e00000|  0%| F|  |TAMS 0x00000000e8d00000, 0x00000000e8d00000| Untracked 
| 142|0x00000000e8e00000, 0x00000000e8e00000, 0x00000000e8f00000|  0%| F|  |TAMS 0x00000000e8e00000, 0x00000000e8e00000| Untracked 
| 143|0x00000000e8f00000, 0x00000000e8f00000, 0x00000000e9000000|  0%| F|  |TAMS 0x00000000e8f00000, 0x00000000e8f00000| Untracked 
| 144|0x00000000e9000000, 0x00000000e9000000, 0x00000000e9100000|  0%| F|  |TAMS 0x00000000e9000000, 0x00000000e9000000| Untracked 
| 145|0x00000000e9100000, 0x00000000e9100000, 0x00000000e9200000|  0%| F|  |TAMS 0x00000000e9100000, 0x00000000e9100000| Untracked 
| 146|0x00000000e9200000, 0x00000000e9200000, 0x00000000e9300000|  0%| F|  |TAMS 0x00000000e9200000, 0x00000000e9200000| Untracked 
| 147|0x00000000e9300000, 0x00000000e9300000, 0x00000000e9400000|  0%| F|  |TAMS 0x00000000e9300000, 0x00000000e9300000| Untracked 
| 148|0x00000000e9400000, 0x00000000e9400000, 0x00000000e9500000|  0%| F|  |TAMS 0x00000000e9400000, 0x00000000e9400000| Untracked 
| 149|0x00000000e9500000, 0x00000000e9500000, 0x00000000e9600000|  0%| F|  |TAMS 0x00000000e9500000, 0x00000000e9500000| Untracked 
| 150|0x00000000e9600000, 0x00000000e9600000, 0x00000000e9700000|  0%| F|  |TAMS 0x00000000e9600000, 0x00000000e9600000| Untracked 
| 151|0x00000000e9700000, 0x00000000e9700000, 0x00000000e9800000|  0%| F|  |TAMS 0x00000000e9700000, 0x00000000e9700000| Untracked 
| 152|0x00000000e9800000, 0x00000000e9800000, 0x00000000e9900000|  0%| F|  |TAMS 0x00000000e9800000, 0x00000000e9800000| Untracked 
| 153|0x00000000e9900000, 0x00000000e9900000, 0x00000000e9a00000|  0%| F|  |TAMS 0x00000000e9900000, 0x00000000e9900000| Untracked 
| 154|0x00000000e9a00000, 0x00000000e9a00000, 0x00000000e9b00000|  0%| F|  |TAMS 0x00000000e9a00000, 0x00000000e9a00000| Untracked 
| 155|0x00000000e9b00000, 0x00000000e9b00000, 0x00000000e9c00000|  0%| F|  |TAMS 0x00000000e9b00000, 0x00000000e9b00000| Untracked 
| 156|0x00000000e9c00000, 0x00000000e9c00000, 0x00000000e9d00000|  0%| F|  |TAMS 0x00000000e9c00000, 0x00000000e9c00000| Untracked 
| 157|0x00000000e9d00000, 0x00000000e9d00000, 0x00000000e9e00000|  0%| F|  |TAMS 0x00000000e9d00000, 0x00000000e9d00000| Untracked 
| 158|0x00000000e9e00000, 0x00000000e9e00000, 0x00000000e9f00000|  0%| F|  |TAMS 0x00000000e9e00000, 0x00000000e9e00000| Untracked 
| 159|0x00000000e9f00000, 0x00000000e9f00000, 0x00000000ea000000|  0%| F|  |TAMS 0x00000000e9f00000, 0x00000000e9f00000| Untracked 
| 160|0x00000000ea000000, 0x00000000ea000000, 0x00000000ea100000|  0%| F|  |TAMS 0x00000000ea000000, 0x00000000ea000000| Untracked 
| 161|0x00000000ea100000, 0x00000000ea192f38, 0x00000000ea200000| 57%| E|  |TAMS 0x00000000ea100000, 0x00000000ea100000| Complete 
| 162|0x00000000ea200000, 0x00000000ea300000, 0x00000000ea300000|100%| E|CS|TAMS 0x00000000ea200000, 0x00000000ea200000| Complete 
| 163|0x00000000ea300000, 0x00000000ea400000, 0x00000000ea400000|100%| E|CS|TAMS 0x00000000ea300000, 0x00000000ea300000| Complete 
| 164|0x00000000ea400000, 0x00000000ea500000, 0x00000000ea500000|100%| E|CS|TAMS 0x00000000ea400000, 0x00000000ea400000| Complete 
| 165|0x00000000ea500000, 0x00000000ea600000, 0x00000000ea600000|100%| E|CS|TAMS 0x00000000ea500000, 0x00000000ea500000| Complete 
| 166|0x00000000ea600000, 0x00000000ea700000, 0x00000000ea700000|100%| E|CS|TAMS 0x00000000ea600000, 0x00000000ea600000| Complete 
| 167|0x00000000ea700000, 0x00000000ea800000, 0x00000000ea800000|100%| E|CS|TAMS 0x00000000ea700000, 0x00000000ea700000| Complete 
| 168|0x00000000ea800000, 0x00000000ea900000, 0x00000000ea900000|100%| E|CS|TAMS 0x00000000ea800000, 0x00000000ea800000| Complete 
| 169|0x00000000ea900000, 0x00000000eaa00000, 0x00000000eaa00000|100%| E|CS|TAMS 0x00000000ea900000, 0x00000000ea900000| Complete 
| 170|0x00000000eaa00000, 0x00000000eab00000, 0x00000000eab00000|100%| E|CS|TAMS 0x00000000eaa00000, 0x00000000eaa00000| Complete 
| 171|0x00000000eab00000, 0x00000000eac00000, 0x00000000eac00000|100%| E|CS|TAMS 0x00000000eab00000, 0x00000000eab00000| Complete 
| 172|0x00000000eac00000, 0x00000000ead00000, 0x00000000ead00000|100%| E|CS|TAMS 0x00000000eac00000, 0x00000000eac00000| Complete 
| 173|0x00000000ead00000, 0x00000000eae00000, 0x00000000eae00000|100%| E|CS|TAMS 0x00000000ead00000, 0x00000000ead00000| Complete 
| 174|0x00000000eae00000, 0x00000000eaf00000, 0x00000000eaf00000|100%| E|CS|TAMS 0x00000000eae00000, 0x00000000eae00000| Complete 
| 175|0x00000000eaf00000, 0x00000000eb000000, 0x00000000eb000000|100%| E|CS|TAMS 0x00000000eaf00000, 0x00000000eaf00000| Complete 
| 176|0x00000000eb000000, 0x00000000eb100000, 0x00000000eb100000|100%| E|CS|TAMS 0x00000000eb000000, 0x00000000eb000000| Complete 
| 177|0x00000000eb100000, 0x00000000eb200000, 0x00000000eb200000|100%| E|CS|TAMS 0x00000000eb100000, 0x00000000eb100000| Complete 
| 178|0x00000000eb200000, 0x00000000eb300000, 0x00000000eb300000|100%| E|CS|TAMS 0x00000000eb200000, 0x00000000eb200000| Complete 
| 179|0x00000000eb300000, 0x00000000eb400000, 0x00000000eb400000|100%| E|CS|TAMS 0x00000000eb300000, 0x00000000eb300000| Complete 
| 180|0x00000000eb400000, 0x00000000eb500000, 0x00000000eb500000|100%| E|CS|TAMS 0x00000000eb400000, 0x00000000eb400000| Complete 
| 181|0x00000000eb500000, 0x00000000eb600000, 0x00000000eb600000|100%| E|CS|TAMS 0x00000000eb500000, 0x00000000eb500000| Complete 
| 182|0x00000000eb600000, 0x00000000eb700000, 0x00000000eb700000|100%| E|CS|TAMS 0x00000000eb600000, 0x00000000eb600000| Complete 
| 183|0x00000000eb700000, 0x00000000eb800000, 0x00000000eb800000|100%| E|CS|TAMS 0x00000000eb700000, 0x00000000eb700000| Complete 
| 184|0x00000000eb800000, 0x00000000eb900000, 0x00000000eb900000|100%| E|CS|TAMS 0x00000000eb800000, 0x00000000eb800000| Complete 
| 185|0x00000000eb900000, 0x00000000eba00000, 0x00000000eba00000|100%| E|CS|TAMS 0x00000000eb900000, 0x00000000eb900000| Complete 
| 186|0x00000000eba00000, 0x00000000ebb00000, 0x00000000ebb00000|100%| E|CS|TAMS 0x00000000eba00000, 0x00000000eba00000| Complete 
| 187|0x00000000ebb00000, 0x00000000ebc00000, 0x00000000ebc00000|100%| E|CS|TAMS 0x00000000ebb00000, 0x00000000ebb00000| Complete 
| 188|0x00000000ebc00000, 0x00000000ebd00000, 0x00000000ebd00000|100%| E|CS|TAMS 0x00000000ebc00000, 0x00000000ebc00000| Complete 
| 189|0x00000000ebd00000, 0x00000000ebe00000, 0x00000000ebe00000|100%| E|CS|TAMS 0x00000000ebd00000, 0x00000000ebd00000| Complete 
| 190|0x00000000ebe00000, 0x00000000ebf00000, 0x00000000ebf00000|100%| E|CS|TAMS 0x00000000ebe00000, 0x00000000ebe00000| Complete 
| 191|0x00000000ebf00000, 0x00000000ec000000, 0x00000000ec000000|100%| E|CS|TAMS 0x00000000ebf00000, 0x00000000ebf00000| Complete 
| 192|0x00000000ec000000, 0x00000000ec100000, 0x00000000ec100000|100%| E|CS|TAMS 0x00000000ec000000, 0x00000000ec000000| Complete 
| 193|0x00000000ec100000, 0x00000000ec200000, 0x00000000ec200000|100%| E|CS|TAMS 0x00000000ec100000, 0x00000000ec100000| Complete 
| 194|0x00000000ec200000, 0x00000000ec300000, 0x00000000ec300000|100%| E|CS|TAMS 0x00000000ec200000, 0x00000000ec200000| Complete 
| 195|0x00000000ec300000, 0x00000000ec400000, 0x00000000ec400000|100%| E|CS|TAMS 0x00000000ec300000, 0x00000000ec300000| Complete 
| 196|0x00000000ec400000, 0x00000000ec500000, 0x00000000ec500000|100%| E|CS|TAMS 0x00000000ec400000, 0x00000000ec400000| Complete 
| 197|0x00000000ec500000, 0x00000000ec600000, 0x00000000ec600000|100%| E|CS|TAMS 0x00000000ec500000, 0x00000000ec500000| Complete 
| 198|0x00000000ec600000, 0x00000000ec700000, 0x00000000ec700000|100%| E|CS|TAMS 0x00000000ec600000, 0x00000000ec600000| Complete 
| 199|0x00000000ec700000, 0x00000000ec800000, 0x00000000ec800000|100%| E|CS|TAMS 0x00000000ec700000, 0x00000000ec700000| Complete 
| 200|0x00000000ec800000, 0x00000000ec900000, 0x00000000ec900000|100%| E|CS|TAMS 0x00000000ec800000, 0x00000000ec800000| Complete 
| 201|0x00000000ec900000, 0x00000000eca00000, 0x00000000eca00000|100%| E|CS|TAMS 0x00000000ec900000, 0x00000000ec900000| Complete 
| 202|0x00000000eca00000, 0x00000000ecb00000, 0x00000000ecb00000|100%| E|CS|TAMS 0x00000000eca00000, 0x00000000eca00000| Complete 
| 203|0x00000000ecb00000, 0x00000000ecc00000, 0x00000000ecc00000|100%| E|CS|TAMS 0x00000000ecb00000, 0x00000000ecb00000| Complete 
| 204|0x00000000ecc00000, 0x00000000ecd00000, 0x00000000ecd00000|100%| E|CS|TAMS 0x00000000ecc00000, 0x00000000ecc00000| Complete 
| 205|0x00000000ecd00000, 0x00000000ece00000, 0x00000000ece00000|100%| E|CS|TAMS 0x00000000ecd00000, 0x00000000ecd00000| Complete 
| 206|0x00000000ece00000, 0x00000000ecf00000, 0x00000000ecf00000|100%| E|CS|TAMS 0x00000000ece00000, 0x00000000ece00000| Complete 
| 207|0x00000000ecf00000, 0x00000000ed000000, 0x00000000ed000000|100%| E|CS|TAMS 0x00000000ecf00000, 0x00000000ecf00000| Complete 
| 208|0x00000000ed000000, 0x00000000ed100000, 0x00000000ed100000|100%| E|CS|TAMS 0x00000000ed000000, 0x00000000ed000000| Complete 
| 209|0x00000000ed100000, 0x00000000ed200000, 0x00000000ed200000|100%| E|CS|TAMS 0x00000000ed100000, 0x00000000ed100000| Complete 
| 210|0x00000000ed200000, 0x00000000ed295160, 0x00000000ed300000| 58%| S|CS|TAMS 0x00000000ed200000, 0x00000000ed200000| Complete 
| 211|0x00000000ed300000, 0x00000000ed400000, 0x00000000ed400000|100%| S|CS|TAMS 0x00000000ed300000, 0x00000000ed300000| Complete 
| 212|0x00000000ed400000, 0x00000000ed500000, 0x00000000ed500000|100%| S|CS|TAMS 0x00000000ed400000, 0x00000000ed400000| Complete 
| 213|0x00000000ed500000, 0x00000000ed600000, 0x00000000ed600000|100%| S|CS|TAMS 0x00000000ed500000, 0x00000000ed500000| Complete 
| 214|0x00000000ed600000, 0x00000000ed700000, 0x00000000ed700000|100%| S|CS|TAMS 0x00000000ed600000, 0x00000000ed600000| Complete 
| 215|0x00000000ed700000, 0x00000000ed800000, 0x00000000ed800000|100%| S|CS|TAMS 0x00000000ed700000, 0x00000000ed700000| Complete 
| 216|0x00000000ed800000, 0x00000000ed900000, 0x00000000ed900000|100%| S|CS|TAMS 0x00000000ed800000, 0x00000000ed800000| Complete 
| 217|0x00000000ed900000, 0x00000000eda00000, 0x00000000eda00000|100%| S|CS|TAMS 0x00000000ed900000, 0x00000000ed900000| Complete 
| 218|0x00000000eda00000, 0x00000000edb00000, 0x00000000edb00000|100%| E|CS|TAMS 0x00000000eda00000, 0x00000000eda00000| Complete 
| 219|0x00000000edb00000, 0x00000000edc00000, 0x00000000edc00000|100%| E|CS|TAMS 0x00000000edb00000, 0x00000000edb00000| Complete 
| 220|0x00000000edc00000, 0x00000000edd00000, 0x00000000edd00000|100%| E|CS|TAMS 0x00000000edc00000, 0x00000000edc00000| Complete 
| 221|0x00000000edd00000, 0x00000000ede00000, 0x00000000ede00000|100%| E|CS|TAMS 0x00000000edd00000, 0x00000000edd00000| Complete 
| 222|0x00000000ede00000, 0x00000000edf00000, 0x00000000edf00000|100%| E|CS|TAMS 0x00000000ede00000, 0x00000000ede00000| Complete 
| 223|0x00000000edf00000, 0x00000000ee000000, 0x00000000ee000000|100%| E|CS|TAMS 0x00000000edf00000, 0x00000000edf00000| Complete 
| 224|0x00000000ee000000, 0x00000000ee100000, 0x00000000ee100000|100%| E|CS|TAMS 0x00000000ee000000, 0x00000000ee000000| Complete 
| 225|0x00000000ee100000, 0x00000000ee200000, 0x00000000ee200000|100%| E|CS|TAMS 0x00000000ee100000, 0x00000000ee100000| Complete 
| 226|0x00000000ee200000, 0x00000000ee300000, 0x00000000ee300000|100%| E|CS|TAMS 0x00000000ee200000, 0x00000000ee200000| Complete 
| 227|0x00000000ee300000, 0x00000000ee400000, 0x00000000ee400000|100%| E|CS|TAMS 0x00000000ee300000, 0x00000000ee300000| Complete 
| 228|0x00000000ee400000, 0x00000000ee500000, 0x00000000ee500000|100%| E|CS|TAMS 0x00000000ee400000, 0x00000000ee400000| Complete 
| 229|0x00000000ee500000, 0x00000000ee600000, 0x00000000ee600000|100%| E|CS|TAMS 0x00000000ee500000, 0x00000000ee500000| Complete 
| 230|0x00000000ee600000, 0x00000000ee700000, 0x00000000ee700000|100%| E|CS|TAMS 0x00000000ee600000, 0x00000000ee600000| Complete 
| 231|0x00000000ee700000, 0x00000000ee800000, 0x00000000ee800000|100%| E|CS|TAMS 0x00000000ee700000, 0x00000000ee700000| Complete 
| 232|0x00000000ee800000, 0x00000000ee900000, 0x00000000ee900000|100%| E|CS|TAMS 0x00000000ee800000, 0x00000000ee800000| Complete 
| 233|0x00000000ee900000, 0x00000000eea00000, 0x00000000eea00000|100%| E|CS|TAMS 0x00000000ee900000, 0x00000000ee900000| Complete 
| 234|0x00000000eea00000, 0x00000000eeb00000, 0x00000000eeb00000|100%| E|CS|TAMS 0x00000000eea00000, 0x00000000eea00000| Complete 
| 235|0x00000000eeb00000, 0x00000000eec00000, 0x00000000eec00000|100%| E|CS|TAMS 0x00000000eeb00000, 0x00000000eeb00000| Complete 
| 236|0x00000000eec00000, 0x00000000eed00000, 0x00000000eed00000|100%| E|CS|TAMS 0x00000000eec00000, 0x00000000eec00000| Complete 
| 237|0x00000000eed00000, 0x00000000eee00000, 0x00000000eee00000|100%| E|CS|TAMS 0x00000000eed00000, 0x00000000eed00000| Complete 
| 238|0x00000000eee00000, 0x00000000eef00000, 0x00000000eef00000|100%| E|CS|TAMS 0x00000000eee00000, 0x00000000eee00000| Complete 
| 239|0x00000000eef00000, 0x00000000ef000000, 0x00000000ef000000|100%| E|CS|TAMS 0x00000000eef00000, 0x00000000eef00000| Complete 
| 240|0x00000000ef000000, 0x00000000ef100000, 0x00000000ef100000|100%| E|CS|TAMS 0x00000000ef000000, 0x00000000ef000000| Complete 
| 241|0x00000000ef100000, 0x00000000ef200000, 0x00000000ef200000|100%| E|CS|TAMS 0x00000000ef100000, 0x00000000ef100000| Complete 
| 242|0x00000000ef200000, 0x00000000ef300000, 0x00000000ef300000|100%| E|CS|TAMS 0x00000000ef200000, 0x00000000ef200000| Complete 
| 243|0x00000000ef300000, 0x00000000ef400000, 0x00000000ef400000|100%| E|CS|TAMS 0x00000000ef300000, 0x00000000ef300000| Complete 
| 244|0x00000000ef400000, 0x00000000ef500000, 0x00000000ef500000|100%| E|CS|TAMS 0x00000000ef400000, 0x00000000ef400000| Complete 
| 245|0x00000000ef500000, 0x00000000ef600000, 0x00000000ef600000|100%| E|CS|TAMS 0x00000000ef500000, 0x00000000ef500000| Complete 
| 246|0x00000000ef600000, 0x00000000ef700000, 0x00000000ef700000|100%| E|CS|TAMS 0x00000000ef600000, 0x00000000ef600000| Complete 
| 247|0x00000000ef700000, 0x00000000ef800000, 0x00000000ef800000|100%| E|CS|TAMS 0x00000000ef700000, 0x00000000ef700000| Complete 
| 248|0x00000000ef800000, 0x00000000ef900000, 0x00000000ef900000|100%| E|CS|TAMS 0x00000000ef800000, 0x00000000ef800000| Complete 
| 249|0x00000000ef900000, 0x00000000efa00000, 0x00000000efa00000|100%| E|CS|TAMS 0x00000000ef900000, 0x00000000ef900000| Complete 
| 250|0x00000000efa00000, 0x00000000efb00000, 0x00000000efb00000|100%| E|CS|TAMS 0x00000000efa00000, 0x00000000efa00000| Complete 
| 251|0x00000000efb00000, 0x00000000efc00000, 0x00000000efc00000|100%| E|CS|TAMS 0x00000000efb00000, 0x00000000efb00000| Complete 
| 252|0x00000000efc00000, 0x00000000efd00000, 0x00000000efd00000|100%| E|CS|TAMS 0x00000000efc00000, 0x00000000efc00000| Complete 
| 253|0x00000000efd00000, 0x00000000efe00000, 0x00000000efe00000|100%| E|CS|TAMS 0x00000000efd00000, 0x00000000efd00000| Complete 
| 254|0x00000000efe00000, 0x00000000eff00000, 0x00000000eff00000|100%| E|CS|TAMS 0x00000000efe00000, 0x00000000efe00000| Complete 
| 255|0x00000000eff00000, 0x00000000f0000000, 0x00000000f0000000|100%| E|CS|TAMS 0x00000000eff00000, 0x00000000eff00000| Complete 

Card table byte_map: [0x00000144e9f60000,0x00000144ea060000] _byte_map_base: 0x00000144e9860000

Marking Bits (Prev, Next): (CMBitMap*) 0x00000144d322efb8, (CMBitMap*) 0x00000144d322eff0
 Prev Bits: [0x00000144ea160000, 0x00000144ea960000)
 Next Bits: [0x00000144ea960000, 0x00000144eb160000)

Polling page: 0x00000144d18b0000

Metaspace:

Usage:
  Non-class:     35.56 MB capacity,    34.94 MB ( 98%) used,   572.00 KB (  2%) free+waste,    66.13 KB ( <1%) overhead. 
      Class:      5.40 MB capacity,     5.14 MB ( 95%) used,   232.34 KB (  4%) free+waste,    31.31 KB ( <1%) overhead. 
       Both:     40.96 MB capacity,    40.08 MB ( 98%) used,   804.34 KB (  2%) free+waste,    97.44 KB ( <1%) overhead. 

Virtual space:
  Non-class space:       36.00 MB reserved,      35.75 MB (>99%) committed 
      Class space:      248.00 MB reserved,       5.50 MB (  2%) committed 
             Both:      284.00 MB reserved,      41.25 MB ( 15%) committed 

Chunk freelists:
   Non-Class:  0 bytes
       Class:  0 bytes
        Both:  0 bytes

CodeHeap 'non-profiled nmethods': size=120064Kb used=2138Kb max_used=2138Kb free=117925Kb
 bounds [0x00000144e2300000, 0x00000144e2570000, 0x00000144e9840000]
CodeHeap 'profiled nmethods': size=120000Kb used=8409Kb max_used=8409Kb free=111590Kb
 bounds [0x00000144dadd0000, 0x00000144db610000, 0x00000144e2300000]
CodeHeap 'non-nmethods': size=5696Kb used=2207Kb max_used=2255Kb free=3488Kb
 bounds [0x00000144da840000, 0x00000144daab0000, 0x00000144dadd0000]
 total_blobs=4876 nmethods=4102 adapters=685
 compilation: enabled
              stopped_count=0, restarted_count=0
 full_count=0

Compilation events (10 events):
Event: 17.627 Thread 0x00000144ed78a000 nmethod 4042 0x00000144db5dd090 code [0x00000144db5dd260, 0x00000144db5dd5f8]
Event: 17.627 Thread 0x00000144ed78a000 4043       1       groovy.lang.Closure::getOwner (5 bytes)
Event: 17.627 Thread 0x00000144ed78a000 nmethod 4043 0x00000144e250d710 code [0x00000144e250d8a0, 0x00000144e250d958]
Event: 17.627 Thread 0x00000144ed78a000 4045       3       org.gradle.internal.metaobject.AbstractDynamicObject::<init> (5 bytes)
Event: 17.627 Thread 0x00000144ed78a000 nmethod 4045 0x00000144db5dd790 code [0x00000144db5dd920, 0x00000144db5dda78]
Event: 17.627 Thread 0x00000144ed78a000 4046       3       groovy.lang.MetaClassImpl::pickMethod (12 bytes)
Event: 17.628 Thread 0x00000144ed78a000 nmethod 4046 0x00000144db5ddb10 code [0x00000144db5ddd00, 0x00000144db5de3e8]
Event: 17.628 Thread 0x00000144ed78a000 4047       3       org.codehaus.groovy.reflection.ParameterTypes::coerceArgumentsToClasses (55 bytes)
Event: 17.629 Thread 0x00000144ed78a000 nmethod 4047 0x00000144db5de590 code [0x00000144db5de760, 0x00000144db5dec98]
Event: 17.629 Thread 0x00000144ed78a000 4048       3       groovy.lang.GroovyObjectSupport::<init> (13 bytes)

GC Heap History (10 events):
Event: 2.683 GC heap before
{Heap before GC invocations=2 (full 0):
 garbage-first heap   total 262144K, used 37343K [0x00000000e0000000, 0x0000000100000000)
  region size 1024K, 31 young (31744K), 1 survivors (1024K)
 Metaspace       used 12123K, capacity 12365K, committed 12416K, reserved 266240K
  class space    used 1316K, capacity 1398K, committed 1408K, reserved 253952K
}
Event: 2.688 GC heap after
{Heap after GC invocations=3 (full 0):
 garbage-first heap   total 262144K, used 12850K [0x00000000e0000000, 0x0000000100000000)
  region size 1024K, 4 young (4096K), 4 survivors (4096K)
 Metaspace       used 12123K, capacity 12365K, committed 12416K, reserved 266240K
  class space    used 1316K, capacity 1398K, committed 1408K, reserved 253952K
}
Event: 4.658 GC heap before
{Heap before GC invocations=3 (full 0):
 garbage-first heap   total 262144K, used 58930K [0x00000000e0000000, 0x0000000100000000)
  region size 1024K, 49 young (50176K), 4 survivors (4096K)
 Metaspace       used 20459K, capacity 20831K, committed 20992K, reserved 272384K
  class space    used 2584K, capacity 2722K, committed 2816K, reserved 253952K
}
Event: 4.667 GC heap after
{Heap after GC invocations=4 (full 0):
 garbage-first heap   total 262144K, used 15514K [0x00000000e0000000, 0x0000000100000000)
  region size 1024K, 3 young (3072K), 3 survivors (3072K)
 Metaspace       used 20459K, capacity 20831K, committed 20992K, reserved 272384K
  class space    used 2584K, capacity 2722K, committed 2816K, reserved 253952K
}
Event: 4.733 GC heap before
{Heap before GC invocations=4 (full 0):
 garbage-first heap   total 262144K, used 17562K [0x00000000e0000000, 0x0000000100000000)
  region size 1024K, 6 young (6144K), 3 survivors (3072K)
 Metaspace       used 20848K, capacity 21218K, committed 21248K, reserved 272384K
  class space    used 2632K, capacity 2787K, committed 2816K, reserved 253952K
}
Event: 4.737 GC heap after
{Heap after GC invocations=5 (full 0):
 garbage-first heap   total 262144K, used 15705K [0x00000000e0000000, 0x0000000100000000)
  region size 1024K, 3 young (3072K), 3 survivors (3072K)
 Metaspace       used 20848K, capacity 21218K, committed 21248K, reserved 272384K
  class space    used 2632K, capacity 2787K, committed 2816K, reserved 253952K
}
Event: 7.073 GC heap before
{Heap before GC invocations=6 (full 0):
 garbage-first heap   total 262144K, used 79193K [0x00000000e0000000, 0x0000000100000000)
  region size 1024K, 63 young (64512K), 3 survivors (3072K)
 Metaspace       used 31690K, capacity 32264K, committed 32512K, reserved 282624K
  class space    used 3858K, capacity 4059K, committed 4096K, reserved 253952K
}
Event: 7.085 GC heap after
{Heap after GC invocations=7 (full 0):
 garbage-first heap   total 262144K, used 20457K [0x00000000e0000000, 0x0000000100000000)
  region size 1024K, 8 young (8192K), 8 survivors (8192K)
 Metaspace       used 31690K, capacity 32264K, committed 32512K, reserved 282624K
  class space    used 3858K, capacity 4059K, committed 4096K, reserved 253952K
}
Event: 15.345 GC heap before
{Heap before GC invocations=7 (full 0):
 garbage-first heap   total 262144K, used 58345K [0x00000000e0000000, 0x0000000100000000)
  region size 1024K, 46 young (47104K), 8 survivors (8192K)
 Metaspace       used 35166K, capacity 35709K, committed 35840K, reserved 286720K
  class space    used 4394K, capacity 4585K, committed 4608K, reserved 253952K
}
Event: 15.360 GC heap after
{Heap after GC invocations=8 (full 0):
 garbage-first heap   total 262144K, used 23070K [0x00000000e0000000, 0x0000000100000000)
  region size 1024K, 8 young (8192K), 8 survivors (8192K)
 Metaspace       used 35166K, capacity 35709K, committed 35840K, reserved 286720K
  class space    used 4394K, capacity 4585K, committed 4608K, reserved 253952K
}

Deoptimization events (10 events):
Event: 16.466 Thread 0x00000144efa17800 Uncommon trap: reason=unstable_if action=reinterpret pc=0x00000144e23d67b0 method=jdk.internal.org.objectweb.asm.Type.getArgumentsAndReturnSizes(Ljava/lang/String;)I @ 88 c2
Event: 16.732 Thread 0x00000144efa17800 Uncommon trap: reason=unstable_if action=reinterpret pc=0x00000144e247816c method=java.util.ArrayDeque.addLast(Ljava/lang/Object;)V @ 42 c2
Event: 16.860 Thread 0x00000144efa17800 Uncommon trap: reason=unstable_if action=reinterpret pc=0x00000144e249fecc method=java.util.concurrent.ConcurrentHashMap.computeIfAbsent(Ljava/lang/Object;Ljava/util/function/Function;)Ljava/lang/Object; @ 312 c2
Event: 16.930 Thread 0x00000144efa17800 Uncommon trap: reason=unstable_if action=reinterpret pc=0x00000144e2478670 method=java.util.ArrayDeque.addLast(Ljava/lang/Object;)V @ 42 c2
Event: 17.028 Thread 0x00000144efa17800 Uncommon trap: reason=class_check action=maybe_recompile pc=0x00000144e2479cb8 method=java.util.concurrent.ConcurrentHashMap.putVal(Ljava/lang/Object;Ljava/lang/Object;Z)Ljava/lang/Object; @ 242 c2
Event: 17.028 Thread 0x00000144f3f1f800 Uncommon trap: reason=class_check action=maybe_recompile pc=0x00000144e2479cb8 method=java.util.concurrent.ConcurrentHashMap.putVal(Ljava/lang/Object;Ljava/lang/Object;Z)Ljava/lang/Object; @ 242 c2
Event: 17.353 Thread 0x00000144efa17800 Uncommon trap: reason=intrinsic_or_type_checked_inlining action=make_not_entrant pc=0x00000144e24f1ca4 method=java.util.ArrayList.toArray([Ljava/lang/Object;)[Ljava/lang/Object; @ 36 c2
Event: 17.525 Thread 0x00000144efa17800 Uncommon trap: reason=unstable_if action=reinterpret pc=0x00000144e2363a20 method=java.util.jar.JarFile.match([B[B[B[B)I @ 52 c2
Event: 17.541 Thread 0x00000144efa17800 Uncommon trap: reason=unstable_if action=reinterpret pc=0x00000144e2366200 method=java.util.jar.JarFile.match([B[B[B[B)I @ 52 c2
Event: 17.544 Thread 0x00000144efa17800 Uncommon trap: reason=unstable_if action=reinterpret pc=0x00000144e235a464 method=java.util.jar.JarFile.match([B[B[B[B)I @ 52 c2

Classes redefined (0 events):
No events

Internal exceptions (10 events):
Event: 17.547 Thread 0x00000144efa17800 Exception <a 'java/lang/ClassNotFoundException'{0x00000000ea6b4750}: org/gradle/api/internal/artifacts/repositories/DefaultMavenArtifactRepository_DecoratedBeanInfo> (0x00000000ea6b4750) thrown at [./open/src/hotspot/share/classfile/systemDictionary.cpp, 
Event: 17.549 Thread 0x00000144efa17800 Exception <a 'java/lang/ClassNotFoundException'{0x00000000ea6ec7c8}: org/gradle/api/internal/artifacts/repositories/DefaultMavenArtifactRepositoryBeanInfo> (0x00000000ea6ec7c8) thrown at [./open/src/hotspot/share/classfile/systemDictionary.cpp, line 227]
Event: 17.551 Thread 0x00000144efa17800 Exception <a 'java/lang/ClassNotFoundException'{0x00000000ea527160}: org/gradle/api/internal/artifacts/repositories/AbstractAuthenticationSupportedRepositoryBeanInfo> (0x00000000ea527160) thrown at [./open/src/hotspot/share/classfile/systemDictionary.cpp,
Event: 17.553 Thread 0x00000144efa17800 Exception <a 'java/lang/ClassNotFoundException'{0x00000000ea561620}: org/gradle/api/internal/artifacts/repositories/AbstractResolutionAwareArtifactRepositoryBeanInfo> (0x00000000ea561620) thrown at [./open/src/hotspot/share/classfile/systemDictionary.cpp,
Event: 17.555 Thread 0x00000144efa17800 Exception <a 'java/lang/ClassNotFoundException'{0x00000000ea5976d0}: org/gradle/api/internal/artifacts/repositories/AbstractArtifactRepositoryBeanInfo> (0x00000000ea5976d0) thrown at [./open/src/hotspot/share/classfile/systemDictionary.cpp, line 227]
Event: 17.557 Thread 0x00000144efa17800 Exception <a 'java/lang/ClassNotFoundException'{0x00000000ea5cf6f0}: org/gradle/api/internal/artifacts/repositories/AbstractArtifactRepositoryCustomizer> (0x00000000ea5cf6f0) thrown at [./open/src/hotspot/share/classfile/systemDictionary.cpp, line 227]
Event: 17.561 Thread 0x00000144efa17800 Exception <a 'java/lang/ClassNotFoundException'{0x00000000ea4252f8}: org/gradle/api/internal/artifacts/repositories/AbstractResolutionAwareArtifactRepositoryCustomizer> (0x00000000ea4252f8) thrown at [./open/src/hotspot/share/classfile/systemDictionary.cp
Event: 17.564 Thread 0x00000144efa17800 Exception <a 'java/lang/ClassNotFoundException'{0x00000000ea468c08}: org/gradle/api/internal/artifacts/repositories/AbstractAuthenticationSupportedRepositoryCustomizer> (0x00000000ea468c08) thrown at [./open/src/hotspot/share/classfile/systemDictionary.cp
Event: 17.569 Thread 0x00000144efa17800 Exception <a 'java/lang/ClassNotFoundException'{0x00000000ea4b0220}: org/gradle/api/internal/artifacts/repositories/DefaultMavenArtifactRepositoryCustomizer> (0x00000000ea4b0220) thrown at [./open/src/hotspot/share/classfile/systemDictionary.cpp, line 227
Event: 17.572 Thread 0x00000144efa17800 Exception <a 'java/lang/ClassNotFoundException'{0x00000000ea4fbbd8}: org/gradle/api/internal/artifacts/repositories/DefaultMavenArtifactRepository_DecoratedCustomizer> (0x00000000ea4fbbd8) thrown at [./open/src/hotspot/share/classfile/systemDictionary.cpp

Events (10 events):
Event: 17.571 loading class org/gradle/api/internal/artifacts/repositories/DefaultMavenArtifactRepository_DecoratedCustomizer
Event: 17.571 loading class org/gradle/api/internal/artifacts/repositories/DefaultMavenArtifactRepository_DecoratedCustomizer done
Event: 17.571 loading class org/gradle/api/internal/artifacts/repositories/DefaultMavenArtifactRepository_DecoratedCustomizer
Event: 17.571 loading class org/gradle/api/internal/artifacts/repositories/DefaultMavenArtifactRepository_DecoratedCustomizer done
Event: 17.572 loading class org/gradle/api/internal/artifacts/repositories/DefaultMavenArtifactRepository_DecoratedCustomizer
Event: 17.572 loading class org/gradle/api/internal/artifacts/repositories/DefaultMavenArtifactRepository_DecoratedCustomizer done
Event: 17.582 loading class groovy/runtime/metaclass/build_6l0kmbkhervs3xj66mmyh32d2$_run_closure1$_closure2$_closure4MetaClass
Event: 17.582 loading class groovy/runtime/metaclass/build_6l0kmbkhervs3xj66mmyh32d2$_run_closure1$_closure2$_closure4MetaClass done
Event: 17.585 loading class groovy/runtime/metaclass/build_6l0kmbkhervs3xj66mmyh32d2$_run_closure1$_closure2$_closure5MetaClass
Event: 17.585 loading class groovy/runtime/metaclass/build_6l0kmbkhervs3xj66mmyh32d2$_run_closure1$_closure2$_closure5MetaClass done


Dynamic libraries:
0x00007ff7510d0000 - 0x00007ff7510df000 	C:\Program Files\Java\jdk-11.0.13\bin\java.exe
0x00007ffba0b70000 - 0x00007ffba0d68000 	C:\Windows\SYSTEM32\ntdll.dll
0x00007ffb9ebd0000 - 0x00007ffb9ec8d000 	C:\Windows\System32\KERNEL32.DLL
0x00007ffb9e2e0000 - 0x00007ffb9e5ae000 	C:\Windows\System32\KERNELBASE.dll
0x00007ffb9e820000 - 0x00007ffb9e920000 	C:\Windows\System32\ucrtbase.dll
0x00007ffb951e0000 - 0x00007ffb951f8000 	C:\Program Files\Java\jdk-11.0.13\bin\jli.dll
0x00007ffb9ed30000 - 0x00007ffb9edde000 	C:\Windows\System32\ADVAPI32.dll
0x00007ffb9ffe0000 - 0x00007ffba007e000 	C:\Windows\System32\msvcrt.dll
0x00007ffb9ec90000 - 0x00007ffb9ed2c000 	C:\Windows\System32\sechost.dll
0x00007ffba03c0000 - 0x00007ffba04e5000 	C:\Windows\System32\RPCRT4.dll
0x00007ffb9f640000 - 0x00007ffb9f7e0000 	C:\Windows\System32\USER32.dll
0x00007ffb9e9c0000 - 0x00007ffb9e9e2000 	C:\Windows\System32\win32u.dll
0x00007ffba0a90000 - 0x00007ffba0aba000 	C:\Windows\System32\GDI32.dll
0x00007ffb9e5b0000 - 0x00007ffb9e6bb000 	C:\Windows\System32\gdi32full.dll
0x00007ffb9e9f0000 - 0x00007ffb9ea8d000 	C:\Windows\System32\msvcp_win.dll
0x00007ffb8b830000 - 0x00007ffb8b845000 	C:\Program Files\Java\jdk-11.0.13\bin\VCRUNTIME140.dll
0x00007ffb9d640000 - 0x00007ffb9d8da000 	C:\Windows\WinSxS\amd64_microsoft.windows.common-controls_6595b64144ccf1df_6.0.19041.1110_none_60b5254171f9507e\COMCTL32.dll
0x00007ffb8e4b0000 - 0x00007ffb8e4ba000 	C:\Windows\SYSTEM32\VERSION.dll
0x00007ffb9ffa0000 - 0x00007ffb9ffd0000 	C:\Windows\System32\IMM32.DLL
0x00007ffb6d380000 - 0x00007ffb6d41b000 	C:\Program Files\Java\jdk-11.0.13\bin\msvcp140.dll
0x00007ffb53c10000 - 0x00007ffb54723000 	C:\Program Files\Java\jdk-11.0.13\bin\server\jvm.dll
0x00007ffba0b20000 - 0x00007ffba0b28000 	C:\Windows\System32\PSAPI.DLL
0x00007ffb8cb40000 - 0x00007ffb8cb49000 	C:\Windows\SYSTEM32\WSOCK32.dll
0x00007ffb9ff30000 - 0x00007ffb9ff9b000 	C:\Windows\System32\WS2_32.dll
0x00007ffb90c20000 - 0x00007ffb90c47000 	C:\Windows\SYSTEM32\WINMM.dll
0x00007ffb9bb40000 - 0x00007ffb9bb52000 	C:\Windows\SYSTEM32\kernel.appcore.dll
0x00007ffb8bed0000 - 0x00007ffb8bee0000 	C:\Program Files\Java\jdk-11.0.13\bin\verify.dll
0x00007ffb9dbc0000 - 0x00007ffb9dda4000 	C:\Windows\SYSTEM32\DBGHELP.DLL
0x00007ffb9d9f0000 - 0x00007ffb9da1c000 	C:\Windows\SYSTEM32\dbgcore.DLL
0x00007ffb9ea90000 - 0x00007ffb9eb12000 	C:\Windows\System32\bcryptPrimitives.dll
0x00007ffb8b4a0000 - 0x00007ffb8b4c8000 	C:\Program Files\Java\jdk-11.0.13\bin\java.dll
0x00007ffb8bc40000 - 0x00007ffb8bc4a000 	C:\Program Files\Java\jdk-11.0.13\bin\jimage.dll
0x00007ffb8b050000 - 0x00007ffb8b066000 	C:\Program Files\Java\jdk-11.0.13\bin\zip.dll
0x00007ffb9f7e0000 - 0x00007ffb9ff24000 	C:\Windows\System32\SHELL32.dll
0x00007ffb9bd40000 - 0x00007ffb9c4d4000 	C:\Windows\SYSTEM32\windows.storage.dll
0x00007ffb9ee40000 - 0x00007ffb9f194000 	C:\Windows\System32\combase.dll
0x00007ffb9d5a0000 - 0x00007ffb9d5d0000 	C:\Windows\SYSTEM32\Wldp.dll
0x00007ffba0570000 - 0x00007ffba061d000 	C:\Windows\System32\SHCORE.dll
0x00007ffb9ede0000 - 0x00007ffb9ee35000 	C:\Windows\System32\shlwapi.dll
0x00007ffb9e1d0000 - 0x00007ffb9e1ef000 	C:\Windows\SYSTEM32\profapi.dll
0x00007ffb868a0000 - 0x00007ffb868b9000 	C:\Program Files\Java\jdk-11.0.13\bin\net.dll
0x00007ffb917f0000 - 0x00007ffb918fa000 	C:\Windows\SYSTEM32\WINHTTP.dll
0x00007ffb9d470000 - 0x00007ffb9d4da000 	C:\Windows\system32\mswsock.dll
0x00007ffb81350000 - 0x00007ffb81362000 	C:\Program Files\Java\jdk-11.0.13\bin\nio.dll
0x00007ffb76170000 - 0x00007ffb76196000 	C:\Users\LUCKY\.gradle\native\29\windows-amd64\native-platform.dll
0x00007ffb8aef0000 - 0x00007ffb8aef9000 	C:\Program Files\Java\jdk-11.0.13\bin\management.dll
0x00007ffb8aa00000 - 0x00007ffb8aa0b000 	C:\Program Files\Java\jdk-11.0.13\bin\management_ext.dll
0x00007ffb9df50000 - 0x00007ffb9df68000 	C:\Windows\SYSTEM32\CRYPTSP.dll
0x00007ffb9cca0000 - 0x00007ffb9ccd4000 	C:\Windows\system32\rsaenh.dll
0x00007ffb9e990000 - 0x00007ffb9e9b7000 	C:\Windows\System32\bcrypt.dll
0x00007ffb9e190000 - 0x00007ffb9e1be000 	C:\Windows\SYSTEM32\USERENV.dll
0x00007ffb9d560000 - 0x00007ffb9d56c000 	C:\Windows\SYSTEM32\CRYPTBASE.dll
0x00007ffb9cff0000 - 0x00007ffb9d02b000 	C:\Windows\SYSTEM32\IPHLPAPI.DLL
0x00007ffb9ffd0000 - 0x00007ffb9ffd8000 	C:\Windows\System32\NSI.dll
0x00007ffb96bb0000 - 0x00007ffb96bc7000 	C:\Windows\SYSTEM32\dhcpcsvc6.DLL
0x00007ffb96df0000 - 0x00007ffb96e0d000 	C:\Windows\SYSTEM32\dhcpcsvc.DLL
0x00007ffb9d030000 - 0x00007ffb9d0fb000 	C:\Windows\SYSTEM32\DNSAPI.dll

dbghelp: loaded successfully - version: 4.0.5 - missing functions: none
symbol engine: initialized successfully - sym options: 0x614 - pdb path: .;C:\Program Files\Java\jdk-11.0.13\bin;C:\Windows\SYSTEM32;C:\Windows\WinSxS\amd64_microsoft.windows.common-controls_6595b64144ccf1df_6.0.19041.1110_none_60b5254171f9507e;C:\Program Files\Java\jdk-11.0.13\bin\server;C:\Users\LUCKY\.gradle\native\29\windows-amd64

VM Arguments:
jvm_args: --add-opens=java.base/java.util=ALL-UNNAMED --add-opens=java.base/java.lang=ALL-UNNAMED --add-opens=java.base/java.lang.invoke=ALL-UNNAMED --add-opens=java.prefs/java.util.prefs=ALL-UNNAMED -XX:MaxMetaspaceSize=256m -XX:+HeapDumpOnOutOfMemoryError -Xms256m -Xmx512m -Dfile.encoding=windows-1252 -Duser.country=US -Duser.language=en -Duser.variant 
java_command: org.gradle.launcher.daemon.bootstrap.GradleDaemon 5.5
java_class_path (initial): C:\Users\LUCKY\.gradle\wrapper\dists\gradle-5.5-all\byeise1led9a3w3p149d02kfj\gradle-5.5\lib\gradle-launcher-5.5.jar
Launcher Type: SUN_STANDARD

[Global flags]
     intx CICompilerCount                          = 3                                         {product} {ergonomic}
   size_t CompressedClassSpaceSize                 = 260046848                                 {product} {ergonomic}
     uint ConcGCThreads                            = 1                                         {product} {ergonomic}
     uint G1ConcRefinementThreads                  = 4                                         {product} {ergonomic}
   size_t G1HeapRegionSize                         = 1048576                                   {product} {ergonomic}
    uintx GCDrainStackTargetSize                   = 64                                        {product} {ergonomic}
     bool HeapDumpOnOutOfMemoryError               = true                                   {manageable} {command line}
   size_t InitialHeapSize                          = 268435456                                 {product} {command line}
   size_t MarkStackSize                            = 4194304                                   {product} {ergonomic}
   size_t MaxHeapSize                              = 536870912                                 {product} {command line}
   size_t MaxMetaspaceSize                         = 268435456                                 {product} {command line}
   size_t MaxNewSize                               = 321912832                                 {product} {ergonomic}
   size_t MinHeapDeltaBytes                        = 1048576                                   {product} {ergonomic}
    uintx NonNMethodCodeHeapSize                   = 5830732                                {pd product} {ergonomic}
    uintx NonProfiledCodeHeapSize                  = 122913754                              {pd product} {ergonomic}
    uintx ProfiledCodeHeapSize                     = 122913754                              {pd product} {ergonomic}
    uintx ReservedCodeCacheSize                    = 251658240                              {pd product} {ergonomic}
     bool SegmentedCodeCache                       = true                                      {product} {ergonomic}
     bool UseCompressedClassPointers               = true                                 {lp64_product} {ergonomic}
     bool UseCompressedOops                        = true                                 {lp64_product} {ergonomic}
     bool UseG1GC                                  = true                                      {product} {ergonomic}
     bool UseLargePagesIndividualAllocation        = false                                  {pd product} {ergonomic}

Logging:
Log output configuration:
 #0: stdout all=warning uptime,level,tags
 #1: stderr all=off uptime,level,tags

Environment Variables:
JAVA_HOME=C:\Program Files\Java\jdk-11.0.13\
CLASSPATH=D:\MyWork\ReactNative\whsnxt_mvp\android\\gradle\wrapper\gradle-wrapper.jar
PATH=C:\Program Files (x86)\OpenJDK\jdk-8.0.262.10-hotspot\bin;C:\Program Files (x86)\Common Files\Oracle\Java\javapath;C:\Program Files\Common Files\Oracle\Java\javapath;C:\Windows\system32;C:\Windows;C:\Windows\System32\Wbem;C:\Windows\System32\WindowsPowerShell\v1.0\;C:\Windows\System32\OpenSSH\;C:\Program Files\Git\cmd;C:\Users\LUCKY\AppData\Roaming\nvm;C:\Program Files\nodejs;C:\xampp\php;C:\ProgramData\ComposerSetup\bin;C:\Program Files\PuTTY\;C:\Program Files\Java\jdk-18.0.1.1\bin;C:\Program Files\Microsoft SQL Server\150\Tools\Binn\;C:\Users\LUCKY\AppData\Local\Android\Sdk\platform-tools;C:\Program Files\Java\jdk-11.0.13\bin;C:\Users\LUCKY\AppData\Local\Android\Sdk\ndk-bundle;C:\Users\LUCKY\AppData\Local\Programs\Python\Python310\Scripts\;C:\Users\LUCKY\AppData\Local\Programs\Python\Python310\;C:\Users\LUCKY\AppData\Local\Microsoft\WindowsApps;C:\Program Files\Bandizip\;C:\Users\LUCKY\AppData\Roaming\npm;C:\Users\LUCKY\AppData\Local\Programs\Microsoft VS Code\bin;C:\Users\LUCKY\AppData\Roaming\nvm;C:\Program Files\nodejs;C:\Users\LUCKY\AppData\Roaming\Composer\vendor\bin;C:\Program Files\JetBrains\PyCharm Community Edition 2022.1.1\bin;;C:\Users\LUCKY\AppData\Local\Android\Sdk\ndk-bundle;C:\Users\LUCKY\AppData\Local\Android\Sdk\platform-tools;
USERNAME=LUCKY
OS=Windows_NT
PROCESSOR_IDENTIFIER=Intel64 Family 6 Model 58 Stepping 9, GenuineIntel



---------------  S Y S T E M  ---------------

OS: Windows 10 , 64 bit Build 19041 (10.0.19041.1806)

CPU:total 4 (initial active 4) (2 cores per cpu, 2 threads per core) family 6 model 58 stepping 9 microcode 0x21, cmov, cx8, fxsr, mmx, sse, sse2, sse3, ssse3, sse4.1, sse4.2, popcnt, avx, aes, clmul, erms, ht, tsc, tscinvbit, tscinv

Memory: 4k page, system-wide physical 12182M (3411M free)
TotalPageFile size 24470M (AvailPageFile size 12667M)
current process WorkingSet (physical memory assigned to process): 251M, peak: 251M
current process commit charge ("private bytes"): 430M, peak: 433M

vm_info: Java HotSpot(TM) 64-Bit Server VM (11.0.13+10-LTS-370) for windows-amd64 JRE (11.0.13+10-LTS-370), built on Sep 15 2021 22:10:36 by "mach5one" with MS VC++ 15.9 (VS2017)

END.
