#
# A fatal error has been detected by the Java Runtime Environment:
#
#  EXCEPTION_ACCESS_VIOLATION (0xc0000005) at pc=0x00007ffca11c6d92, pid=7352, tid=10864
#
# JRE version: Java(TM) SE Runtime Environment 18.9 (11.0.13+10) (build 11.0.13+10-LTS-370)
# Java VM: Java HotSpot(TM) 64-Bit Server VM 18.9 (11.0.13+10-LTS-370, mixed mode, tiered, compressed oops, g1 gc, windows-amd64)
# Problematic frame:
# V  [jvm.dll+0x6f6d92]
#
# No core dump will be written. Minidumps are not enabled by default on client versions of Windows
#
# If you would like to submit a bug report, please visit:
#   https://bugreport.java.com/bugreport/crash.jsp
#

---------------  S U M M A R Y ------------

Command Line: --add-opens=java.base/java.util=ALL-UNNAMED --add-opens=java.base/java.lang=ALL-UNNAMED --add-opens=java.base/java.lang.invoke=ALL-UNNAMED --add-opens=java.prefs/java.util.prefs=ALL-UNNAMED -XX:MaxMetaspaceSize=256m -XX:+HeapDumpOnOutOfMemoryError -Xms256m -Xmx512m -Dfile.encoding=windows-1252 -Duser.country=US -Duser.language=en -Duser.variant org.gradle.launcher.daemon.bootstrap.GradleDaemon 5.5

Host: Intel(R) Core(TM) i5-3230M CPU @ 2.60GHz, 4 cores, 11G,  Windows 10 , 64 bit Build 19041 (10.0.19041.1806)
Time: Tue Aug  9 19:50:58 2022 Tokyo Standard Time elapsed time: 631.140065 seconds (0d 0h 10m 31s)

---------------  T H R E A D  ---------------

Current thread (0x000001a01304b800):  JavaThread "ForkJoinPool-6-worker-3" daemon [_thread_in_vm, id=10864, stack(0x0000008d15b00000,0x0000008d15c00000)]

Stack: [0x0000008d15b00000,0x0000008d15c00000],  sp=0x0000008d15bfe5c0,  free space=1017k
Native frames: (J=compiled Java code, j=interpreted, Vv=VM code, C=native code)
V  [jvm.dll+0x6f6d92]
V  [jvm.dll+0x6f5c07]
V  [jvm.dll+0x3ef6fd]
C  0x000001a007ac68c9

Java frames: (J=compiled Java code, j=interpreted, Vv=VM code)
J 103  java.lang.System.identityHashCode(Ljava/lang/Object;)I java.base@11.0.13 (0 bytes) @ 0x000001a007ac682d [0x000001a007ac67a0+0x000000000000008d]
J 23919 c2 java.util.IdentityHashMap.containsKey(Ljava/lang/Object;)Z java.base@11.0.13 (55 bytes) @ 0x000001a008d0277c [0x000001a008d026a0+0x00000000000000dc]
J 25544 c2 com.android.tools.r8.dex.VirtualFile$IndexedItemTransaction.addType(Lcom/android/tools/r8/graph/DexType;)Z (17 bytes) @ 0x000001a0084e93c8 [0x000001a0084e9360+0x0000000000000068]
J 24640 c1 com.android.tools.r8.graph.DexMethod.collectIndexedItemsExceptName(Lcom/android/tools/r8/dex/IndexedItemCollection;Lcom/android/tools/r8/graph/DexMethod;I)Z (34 bytes) @ 0x000001a003415f0c [0x000001a003415e60+0x00000000000000ac]
J 24419 c1 com.android.tools.r8.graph.DexEncodedMethod.collectIndexedItems(Lcom/android/tools/r8/dex/IndexedItemCollection;Lcom/android/tools/r8/graph/DexMethod;I)V (48 bytes) @ 0x000001a0033d900c [0x000001a0033d8f80+0x000000000000008c]
J 25533 c2 com.android.tools.r8.graph.DexItem.consumeArray([Lcom/android/tools/r8/graph/DexItem;Ljava/util/function/Consumer;)V (45 bytes) @ 0x000001a0083496f4 [0x000001a008349620+0x00000000000000d4]
J 25435 c1 com.android.tools.r8.graph.DexProgramClass.collectIndexedItems(Lcom/android/tools/r8/dex/IndexedItemCollection;Lcom/android/tools/r8/graph/DexMethod;I)V (210 bytes) @ 0x000001a0010c3084 [0x000001a0010c2540+0x0000000000000b44]
J 24972 c1 com.android.tools.r8.dex.VirtualFile.addClass(Lcom/android/tools/r8/graph/DexProgramClass;)V (9 bytes) @ 0x000001a0034870bc [0x000001a003487040+0x000000000000007c]
j  com.android.tools.r8.dex.VirtualFile$PackageSplitPopulator.call()Ljava/util/Map;+245
j  com.android.tools.r8.dex.VirtualFile$FillFilesDistributor.run()Ljava/util/Collection;+292
j  com.android.tools.r8.dex.ApplicationWriter.distribute(Ljava/util/concurrent/ExecutorService;)Ljava/lang/Iterable;+111
j  com.android.tools.r8.dex.ApplicationWriter.write(Ljava/util/concurrent/ExecutorService;)V+113
j  com.android.tools.r8.D8.run(Lcom/android/tools/r8/utils/AndroidApp;Lcom/android/tools/r8/utils/InternalOptions;Ljava/util/concurrent/ExecutorService;)V+243
j  com.android.tools.r8.D8.lambda$run$1(Lcom/android/tools/r8/utils/AndroidApp;Lcom/android/tools/r8/utils/InternalOptions;Ljava/util/concurrent/ExecutorService;)V+3
j  com.android.tools.r8.D8$$Lambda$813.run()V+12
j  com.android.tools.r8.utils.ExceptionUtils.withCompilationHandler(Lcom/android/tools/r8/utils/Reporter;Lcom/android/tools/r8/utils/ExceptionUtils$CompileAction;)V+1
j  com.android.tools.r8.utils.ExceptionUtils.withD8CompilationHandler(Lcom/android/tools/r8/utils/Reporter;Lcom/android/tools/r8/utils/ExceptionUtils$CompileAction;)V+2
j  com.android.tools.r8.D8.run(Lcom/android/tools/r8/D8Command;Ljava/util/concurrent/ExecutorService;)V+22
j  com.android.builder.dexing.D8DexArchiveMerger.mergeDexArchives(Ljava/util/Iterator;Ljava/nio/file/Path;Ljava/nio/file/Path;Lcom/android/builder/dexing/DexingType;)V+411
j  com.android.build.gradle.internal.transforms.DexMergerTransformCallable.call()Ljava/lang/Void;+175
j  com.android.build.gradle.internal.transforms.DexMergerTransformCallable.call()Ljava/lang/Object;+1
J 25983 c1 java.util.concurrent.ForkJoinTask$AdaptedCallable.exec()Z java.base@11.0.13 (28 bytes) @ 0x000001a00267b5c4 [0x000001a00267b4c0+0x0000000000000104]
J 26012 c1 java.util.concurrent.ForkJoinTask.doExec()I java.base@11.0.13 (37 bytes) @ 0x000001a00268075c [0x000001a0026806e0+0x000000000000007c]
j  java.util.concurrent.ForkJoinPool$WorkQueue.topLevelExec(Ljava/util/concurrent/ForkJoinTask;Ljava/util/concurrent/ForkJoinPool$WorkQueue;I)V+12 java.base@11.0.13
j  java.util.concurrent.ForkJoinPool.scan(Ljava/util/concurrent/ForkJoinPool$WorkQueue;I)Z+182 java.base@11.0.13
j  java.util.concurrent.ForkJoinPool.runWorker(Ljava/util/concurrent/ForkJoinPool$WorkQueue;)V+25 java.base@11.0.13
j  java.util.concurrent.ForkJoinWorkerThread.run()V+24 java.base@11.0.13
v  ~StubRoutines::call_stub

siginfo: EXCEPTION_ACCESS_VIOLATION (0xc0000005), reading address 0xffffffffffffffff


Register to memory mapping:

RIP=0x00007ffca11c6d92 jvm.dll
RAX=0x676461422f656764 is an unknown value
RBX=0x000001a07c9f7500 points into unknown readable memory: 0x0000000000000000 | 00 00 00 00 00 00 00 00
RCX=0x0 is NULL
RDX=0x00000000f106d920 is pointing into object: [B 
{0x00000000f106d8f0} - klass: {type array byte}
 - length: 62
RSP=0x0000008d15bfe5c0 is pointing into the stack for thread: 0x000001a01304b800
RBP=0x000001a01304b800 is a thread
RSI=0x00000000f106d920 is pointing into object: [B 
{0x00000000f106d8f0} - klass: {type array byte}
 - length: 62
RDI=0x676461422f656764 is an unknown value
R8 =0x676461422f656764 is an unknown value
R9 =0x00000000e00181c8 is an oop: java.lang.Object 
{0x00000000e00181c8} - klass: 'java/lang/Object'
R10=0x00007ffcd5af6a74 java.dll
R11=0x00000000f3782ec0 is an oop: [Ljava.lang.Object; 
{0x00000000f3782ec0} - klass: 'java/lang/Object'[]
 - length: 16384
R12=0x0 is NULL
R13=0x000000000000082c is an unknown value
R14=0x0000000000000004 is an unknown value
R15=0x0 is NULL


Registers:
RAX=0x676461422f656764, RBX=0x000001a07c9f7500, RCX=0x0000000000000000, RDX=0x00000000f106d920
RSP=0x0000008d15bfe5c0, RBP=0x000001a01304b800, RSI=0x00000000f106d920, RDI=0x676461422f656764
R8 =0x676461422f656764, R9 =0x00000000e00181c8, R10=0x00007ffcd5af6a74, R11=0x00000000f3782ec0
R12=0x0000000000000000, R13=0x000000000000082c, R14=0x0000000000000004, R15=0x0000000000000000
RIP=0x00007ffca11c6d92, EFLAGS=0x0000000000010202

Top of Stack: (sp=0x0000008d15bfe5c0)
0x0000008d15bfe5c0:   0000000000000000 00000000f58288f0
0x0000008d15bfe5d0:   00000000f58288e0 000001a003430f6c
0x0000008d15bfe5e0:   0000000000000000 0000000000000000
0x0000008d15bfe5f0:   00000000f0d44100 000001a079d3f208
0x0000008d15bfe600:   000001a0109fa860 00007ffca11c5ba2
0x0000008d15bfe610:   000001a01304b800 000001a01304b800
0x0000008d15bfe620:   00000000e0018100 00000000f106d920
0x0000008d15bfe630:   0000007fffffff00 00007ffca11c5c07
0x0000008d15bfe640:   676461422f656764 0000000000000000
0x0000008d15bfe650:   0000000000000004 000000000000082c
0x0000008d15bfe660:   0000000000000000 00000000e0018100
0x0000008d15bfe670:   000001a01304b800 00007ffca0ebf6fd
0x0000008d15bfe680:   000001a01304b800 000001a01304b800
0x0000008d15bfe690:   0000008d15bfe6d0 00000000ffffffff
0x0000008d15bfe6a0:   0000008d15bfe700 000001a007ac68c9
0x0000008d15bfe6b0:   00000000f106d920 0000008d15bfe710 

Instructions: (pc=0x00007ffca11c6d92)
0x00007ffca11c6d72:   00 4c 89 bb c8 00 00 00 4c 89 bb 90 00 00 00 e8
0x00007ffca11c6d82:   8a 0d 00 00 e9 d5 fe ff ff 48 8b c7 48 83 e0 fd
0x00007ffca11c6d92:   48 8b 00 48 89 03 48 89 bb 80 00 00 00 4c 89 bb
0x00007ffca11c6da2:   90 00 00 00 48 89 73 08 48 8b 06 48 85 c0 74 24 


Stack slot to memory mapping:
stack at sp + 0 slots: 0x0 is NULL
stack at sp + 1 slots: 0x00000000f58288f0 is an oop: com.android.tools.r8.graph.DexItem$$Lambda$901/0x0000000100e0a040 
{0x00000000f58288f0} - klass: 'com/android/tools/r8/graph/DexItem$$Lambda$901'
stack at sp + 2 slots: 0x00000000f58288e0 is an oop: com.android.tools.r8.graph.DexItem$$Lambda$901/0x0000000100e0a040 
{0x00000000f58288e0} - klass: 'com/android/tools/r8/graph/DexItem$$Lambda$901'
stack at sp + 3 slots: 0x000001a003430f6c is at entry_point+396 in (nmethod*)0x000001a003430c10
stack at sp + 4 slots: 0x0 is NULL
stack at sp + 5 slots: 0x0 is NULL
stack at sp + 6 slots: 0x00000000f0d44100 points into unknown readable memory: 0xf0bbb1b8f0bbb1e0 | e0 b1 bb f0 b8 b1 bb f0
stack at sp + 7 slots: 0x000001a079d3f208 points into unknown readable memory: 0x00000000f0d441b0 | b0 41 d4 f0 00 00 00 00


---------------  P R O C E S S  ---------------

Threads class SMR info:
_java_thread_list=0x000001a012c960e0, length=57, elements={
0x000001a06dd87000, 0x000001a0792bd000, 0x000001a0792de800, 0x000001a0792fb000,
0x000001a0792fd000, 0x000001a0792ff800, 0x000001a079306000, 0x000001a079316000,
0x000001a079319800, 0x000001a079dc8000, 0x000001a07abb4800, 0x000001a07b57c800,
0x000001a07a4ab000, 0x000001a079fc6800, 0x000001a079fc3800, 0x000001a079fc5000,
0x000001a07b7af800, 0x000001a07b7ad000, 0x000001a07b7ac000, 0x000001a07b7b0800,
0x000001a07b7b3800, 0x000001a07b7b4800, 0x000001a07b7b1000, 0x000001a07b7b2000,
0x000001a07b7ae800, 0x000001a07b7b8800, 0x000001a07b7b9800, 0x000001a07b7b6000,
0x000001a07b7bb000, 0x000001a07b7b5000, 0x000001a07b7b7000, 0x000001a07b7b7800,
0x000001a079fc8800, 0x000001a079fc9000, 0x000001a079fc6000, 0x000001a00f6c3000,
0x000001a00f6c0800, 0x000001a00f6c1800, 0x000001a00f6c4000, 0x000001a00f6c2800,
0x000001a00f6c5800, 0x000001a00f6c4800, 0x000001a00f6c0000, 0x000001a00f6c9800,
0x000001a00f6c8000, 0x000001a00f6cd000, 0x000001a00f6c7000, 0x000001a01304a000,
0x000001a013046800, 0x000001a013048800, 0x000001a01304b000, 0x000001a013045000,
0x000001a01304b800, 0x000001a01304c800, 0x000001a01304d800, 0x000001a013047800,
0x000001a012c4a000
}

Java Threads: ( => current thread )
  0x000001a06dd87000 JavaThread "main" [_thread_blocked, id=9468, stack(0x0000008d13000000,0x0000008d13100000)]
  0x000001a0792bd000 JavaThread "Reference Handler" daemon [_thread_blocked, id=8160, stack(0x0000008d13700000,0x0000008d13800000)]
  0x000001a0792de800 JavaThread "Finalizer" daemon [_thread_blocked, id=11736, stack(0x0000008d13800000,0x0000008d13900000)]
  0x000001a0792fb000 JavaThread "Signal Dispatcher" daemon [_thread_blocked, id=13632, stack(0x0000008d13900000,0x0000008d13a00000)]
  0x000001a0792fd000 JavaThread "Attach Listener" daemon [_thread_blocked, id=13452, stack(0x0000008d13a00000,0x0000008d13b00000)]
  0x000001a0792ff800 JavaThread "Service Thread" daemon [_thread_blocked, id=12480, stack(0x0000008d13b00000,0x0000008d13c00000)]
  0x000001a079306000 JavaThread "C2 CompilerThread0" daemon [_thread_blocked, id=13796, stack(0x0000008d13c00000,0x0000008d13d00000)]
  0x000001a079316000 JavaThread "C1 CompilerThread0" daemon [_thread_blocked, id=7348, stack(0x0000008d13d00000,0x0000008d13e00000)]
  0x000001a079319800 JavaThread "Sweeper thread" daemon [_thread_blocked, id=12292, stack(0x0000008d13e00000,0x0000008d13f00000)]
  0x000001a079dc8000 JavaThread "Common-Cleaner" daemon [_thread_blocked, id=11772, stack(0x0000008d13f00000,0x0000008d14000000)]
  0x000001a07abb4800 JavaThread "Daemon health stats" [_thread_blocked, id=7388, stack(0x0000008d14500000,0x0000008d14600000)]
  0x000001a07b57c800 JavaThread "Incoming local TCP Connector on port 54100" [_thread_in_native, id=10544, stack(0x0000008d14400000,0x0000008d14500000)]
  0x000001a07a4ab000 JavaThread "Daemon periodic checks" [_thread_blocked, id=8208, stack(0x0000008d14600000,0x0000008d14700000)]
  0x000001a079fc6800 JavaThread "Cache worker for file hash cache (C:\Users\LUCKY\.gradle\caches\5.5\fileHashes)" [_thread_blocked, id=6164, stack(0x0000008d14e00000,0x0000008d14f00000)]
  0x000001a079fc3800 JavaThread "File lock request listener" [_thread_in_native, id=12664, stack(0x0000008d14f00000,0x0000008d15000000)]
  0x000001a079fc5000 JavaThread "Cache worker for journal cache (C:\Users\LUCKY\.gradle\caches\journal-1)" [_thread_blocked, id=9336, stack(0x0000008d15000000,0x0000008d15100000)]
  0x000001a07b7af800 JavaThread "Cache worker for execution history cache (C:\Users\LUCKY\.gradle\caches\5.5\executionHistory)" [_thread_blocked, id=3200, stack(0x0000008d15500000,0x0000008d15600000)]
  0x000001a07b7ad000 JavaThread "Memory manager" [_thread_blocked, id=8544, stack(0x0000008d15c00000,0x0000008d15d00000)]
  0x000001a07b7ac000 JavaThread "pool-1-thread-1" [_thread_blocked, id=13188, stack(0x0000008d15300000,0x0000008d15400000)]
  0x000001a07b7b0800 JavaThread "Daemon Thread 2" [_thread_blocked, id=10732, stack(0x0000008d12d00000,0x0000008d12e00000)]
  0x000001a07b7b3800 JavaThread "Handler for socket connection from /127.0.0.1:54100 to /127.0.0.1:54314" [_thread_in_native, id=11128, stack(0x0000008d12e00000,0x0000008d12f00000)]
  0x000001a07b7b4800 JavaThread "Cancel handler" [_thread_blocked, id=13664, stack(0x0000008d12f00000,0x0000008d13000000)]
  0x000001a07b7b1000 JavaThread "Daemon worker Thread 2" [_thread_blocked, id=11512, stack(0x0000008d14700000,0x0000008d14800000)]
  0x000001a07b7b2000 JavaThread "Asynchronous log dispatcher for DefaultDaemonConnection: socket connection from /127.0.0.1:54100 to /127.0.0.1:54314" [_thread_blocked, id=16076, stack(0x0000008d14800000,0x0000008d14900000)]
  0x000001a07b7ae800 JavaThread "Stdin handler" [_thread_blocked, id=6784, stack(0x0000008d14900000,0x0000008d14a00000)]
  0x000001a07b7b8800 JavaThread "Thread-32" [_thread_blocked, id=12972, stack(0x0000008d14a00000,0x0000008d14b00000)]
  0x000001a07b7b9800 JavaThread "Cache worker for file hash cache (D:\MyWork\ReactNative\whsnxt_mvp (2)\android\.gradle\5.5\fileHashes)" [_thread_blocked, id=10180, stack(0x0000008d14b00000,0x0000008d14c00000)]
  0x000001a07b7b6000 JavaThread "Cache worker for cache directory md-supplier (C:\Users\LUCKY\.gradle\caches\5.5\md-supplier)" [_thread_blocked, id=14404, stack(0x0000008d14d00000,0x0000008d14e00000)]
  0x000001a07b7bb000 JavaThread "Cache worker for cache directory md-rule (C:\Users\LUCKY\.gradle\caches\5.5\md-rule)" [_thread_blocked, id=14296, stack(0x0000008d15100000,0x0000008d15200000)]
  0x000001a07b7b5000 JavaThread "Build operations" [_thread_blocked, id=14232, stack(0x0000008d15200000,0x0000008d15300000)]
  0x000001a07b7b7000 JavaThread "Build operations Thread 2" [_thread_blocked, id=10944, stack(0x0000008d15400000,0x0000008d15500000)]
  0x000001a07b7b7800 JavaThread "Build operations Thread 3" [_thread_blocked, id=4236, stack(0x0000008d15600000,0x0000008d15700000)]
  0x000001a079fc8800 JavaThread "Build operations Thread 4" [_thread_blocked, id=9992, stack(0x0000008d15700000,0x0000008d15800000)]
  0x000001a079fc9000 JavaThread "Cache worker for Build Output Cleanup Cache (D:\MyWork\ReactNative\whsnxt_mvp (2)\android\.gradle\buildOutputCleanup)" [_thread_blocked, id=13092, stack(0x0000008d15800000,0x0000008d15900000)]
  0x000001a079fc6000 JavaThread "Cache worker for file content cache (C:\Users\LUCKY\.gradle\caches\5.5\fileContent)" [_thread_blocked, id=10212, stack(0x0000008d15f00000,0x0000008d16000000)]
  0x000001a00f6c3000 JavaThread "Cache worker for file content cache (D:\MyWork\ReactNative\whsnxt_mvp (2)\android\.gradle\5.5\fileContent)" [_thread_blocked, id=5960, stack(0x0000008d16000000,0x0000008d16100000)]
  0x000001a00f6c0800 JavaThread "Execution worker for ':'" [_thread_blocked, id=13740, stack(0x0000008d16100000,0x0000008d16200000)]
  0x000001a00f6c1800 JavaThread "Execution worker for ':' Thread 2" [_thread_blocked, id=8896, stack(0x0000008d16200000,0x0000008d16300000)]
  0x000001a00f6c4000 JavaThread "Execution worker for ':' Thread 3" [_thread_blocked, id=13624, stack(0x0000008d16300000,0x0000008d16400000)]
  0x000001a00f6c2800 JavaThread "Cache worker for execution history cache (D:\MyWork\ReactNative\whsnxt_mvp (2)\android\.gradle\5.5\executionHistory)" [_thread_blocked, id=5224, stack(0x0000008d15e00000,0x0000008d15f00000)]
  0x000001a00f6c5800 JavaThread "Cache worker for Java compile cache (C:\Users\LUCKY\.gradle\caches\5.5\javaCompile)" [_thread_blocked, id=9272, stack(0x0000008d15900000,0x0000008d15a00000)]
  0x000001a00f6c4800 JavaThread "Cache worker for Java compile cache (D:\MyWork\ReactNative\whsnxt_mvp (2)\android\.gradle\5.5\javaCompile)" [_thread_blocked, id=7740, stack(0x0000008d15a00000,0x0000008d15b00000)]
  0x000001a00f6c0000 JavaThread "ForkJoinPool.commonPool-worker-3" daemon [_thread_blocked, id=13752, stack(0x0000008d16700000,0x0000008d16800000)]
  0x000001a00f6c9800 JavaThread "ForkJoinPool.commonPool-worker-5" daemon [_thread_blocked, id=14996, stack(0x0000008d16800000,0x0000008d16900000)]
  0x000001a00f6c8000 JavaThread "ForkJoinPool.commonPool-worker-7" daemon [_thread_blocked, id=5740, stack(0x0000008d16900000,0x0000008d16a00000)]
  0x000001a00f6cd000 JavaThread "pool-2-thread-1" [_thread_blocked, id=11848, stack(0x0000008d16a00000,0x0000008d16b00000)]
  0x000001a00f6c7000 JavaThread "stderr" daemon [_thread_in_native, id=12348, stack(0x0000008d16b00000,0x0000008d16c00000)]
  0x000001a01304a000 JavaThread "stdout" daemon [_thread_in_native, id=12236, stack(0x0000008d16c00000,0x0000008d16d00000)]
  0x000001a013046800 JavaThread "stderr" daemon [_thread_in_native, id=16252, stack(0x0000008d16d00000,0x0000008d16e00000)]
  0x000001a013048800 JavaThread "stdout" daemon [_thread_in_native, id=13608, stack(0x0000008d16e00000,0x0000008d16f00000)]
  0x000001a01304b000 JavaThread "stderr" daemon [_thread_in_native, id=5876, stack(0x0000008d16f00000,0x0000008d17000000)]
  0x000001a013045000 JavaThread "stdout" daemon [_thread_in_native, id=12504, stack(0x0000008d17000000,0x0000008d17100000)]
=>0x000001a01304b800 JavaThread "ForkJoinPool-6-worker-3" daemon [_thread_in_vm, id=10864, stack(0x0000008d15b00000,0x0000008d15c00000)]
  0x000001a01304c800 JavaThread "ForkJoinPool-6-worker-5" daemon [_thread_blocked, id=11528, stack(0x0000008d17100000,0x0000008d17200000)]
  0x000001a01304d800 JavaThread "ForkJoinPool-6-worker-7" daemon [_thread_blocked, id=10296, stack(0x0000008d17300000,0x0000008d17400000)]
  0x000001a013047800 JavaThread "ForkJoinPool-6-worker-1" daemon [_thread_blocked, id=14432, stack(0x0000008d17400000,0x0000008d17500000)]
  0x000001a012c4a000 JavaThread "C2 CompilerThread1" daemon [_thread_blocked, id=12988, stack(0x0000008d17200000,0x0000008d17300000)]

Other Threads:
  0x000001a0792b8000 VMThread "VM Thread" [stack: 0x0000008d13600000,0x0000008d13700000] [id=14956]
  0x000001a079e09800 WatcherThread [stack: 0x0000008d14000000,0x0000008d14100000] [id=14604]
  0x000001a06dd9d000 GCTaskThread "GC Thread#0" [stack: 0x0000008d13100000,0x0000008d13200000] [id=12888]
  0x000001a07a417800 GCTaskThread "GC Thread#1" [stack: 0x0000008d14100000,0x0000008d14200000] [id=1140]
  0x000001a07a413000 GCTaskThread "GC Thread#2" [stack: 0x0000008d14200000,0x0000008d14300000] [id=15136]
  0x000001a07a413800 GCTaskThread "GC Thread#3" [stack: 0x0000008d14300000,0x0000008d14400000] [id=2288]
  0x000001a06ddb0800 ConcurrentGCThread "G1 Main Marker" [stack: 0x0000008d13200000,0x0000008d13300000] [id=13360]
  0x000001a06ddb3000 ConcurrentGCThread "G1 Conc#0" [stack: 0x0000008d13300000,0x0000008d13400000] [id=15064]
  0x000001a06de6e000 ConcurrentGCThread "G1 Refine#0" [stack: 0x0000008d13400000,0x0000008d13500000] [id=8952]
  0x000001a07d697000 ConcurrentGCThread "G1 Refine#1" [stack: 0x0000008d15d00000,0x0000008d15e00000] [id=12300]
  0x000001a07d699800 ConcurrentGCThread "G1 Refine#2" [stack: 0x0000008d16400000,0x0000008d16500000] [id=14176]
  0x000001a079150800 ConcurrentGCThread "G1 Young RemSet Sampling" [stack: 0x0000008d13500000,0x0000008d13600000] [id=12368]

Threads with active compile tasks:

VM state:not at safepoint (normal execution)

VM Mutex/Monitor currently owned by a thread: None

Heap address: 0x00000000e0000000, size: 512 MB, Compressed Oops mode: 32-bit
Narrow klass base: 0x0000000000000000, Narrow klass shift: 3
Compressed class space size: 260046848 Address: 0x0000000100000000

Heap:
 garbage-first heap   total 354304K, used 242949K [0x00000000e0000000, 0x0000000100000000)
  region size 1024K, 7 young (7168K), 5 survivors (5120K)
 Metaspace       used 116422K, capacity 120039K, committed 120568K, reserved 360448K
  class space    used 13767K, capacity 14912K, committed 15096K, reserved 253952K
Heap Regions: E=young(eden), S=young(survivor), O=old, HS=humongous(starts), HC=humongous(continues), CS=collection set, F=free, A=archive, TAMS=top-at-mark-start (previous, next)
|   0|0x00000000e0000000, 0x00000000e0100000, 0x00000000e0100000|100%| O|  |TAMS 0x00000000e0100000, 0x00000000e0000000| Untracked 
|   1|0x00000000e0100000, 0x00000000e0200000, 0x00000000e0200000|100%| O|  |TAMS 0x00000000e0200000, 0x00000000e0100000| Untracked 
|   2|0x00000000e0200000, 0x00000000e0300000, 0x00000000e0300000|100%|HS|  |TAMS 0x00000000e0300000, 0x00000000e0200000| Complete 
|   3|0x00000000e0300000, 0x00000000e0400000, 0x00000000e0400000|100%|HS|  |TAMS 0x00000000e0400000, 0x00000000e0300000| Complete 
|   4|0x00000000e0400000, 0x00000000e0500000, 0x00000000e0500000|100%|HC|  |TAMS 0x00000000e0500000, 0x00000000e0400000| Complete 
|   5|0x00000000e0500000, 0x00000000e0600000, 0x00000000e0600000|100%| O|  |TAMS 0x00000000e0600000, 0x00000000e0500000| Untracked 
|   6|0x00000000e0600000, 0x00000000e0700000, 0x00000000e0700000|100%| O|  |TAMS 0x00000000e0700000, 0x00000000e0600000| Untracked 
|   7|0x00000000e0700000, 0x00000000e0800000, 0x00000000e0800000|100%| O|  |TAMS 0x00000000e0800000, 0x00000000e0700000| Complete 
|   8|0x00000000e0800000, 0x00000000e0900000, 0x00000000e0900000|100%| O|  |TAMS 0x00000000e0900000, 0x00000000e0800000| Untracked 
|   9|0x00000000e0900000, 0x00000000e0a00000, 0x00000000e0a00000|100%| O|  |TAMS 0x00000000e0a00000, 0x00000000e0900000| Untracked 
|  10|0x00000000e0a00000, 0x00000000e0b00000, 0x00000000e0b00000|100%| O|  |TAMS 0x00000000e0b00000, 0x00000000e0a00000| Untracked 
|  11|0x00000000e0b00000, 0x00000000e0c00000, 0x00000000e0c00000|100%| O|  |TAMS 0x00000000e0c00000, 0x00000000e0b00000| Untracked 
|  12|0x00000000e0c00000, 0x00000000e0d00000, 0x00000000e0d00000|100%|HS|  |TAMS 0x00000000e0c00000, 0x00000000e0c00000| Complete 
|  13|0x00000000e0d00000, 0x00000000e0e00000, 0x00000000e0e00000|100%|HS|  |TAMS 0x00000000e0e00000, 0x00000000e0d00000| Complete 
|  14|0x00000000e0e00000, 0x00000000e0f00000, 0x00000000e0f00000|100%|HC|  |TAMS 0x00000000e0f00000, 0x00000000e0e00000| Complete 
|  15|0x00000000e0f00000, 0x00000000e1000000, 0x00000000e1000000|100%|HC|  |TAMS 0x00000000e1000000, 0x00000000e0f00000| Complete 
|  16|0x00000000e1000000, 0x00000000e1100000, 0x00000000e1100000|100%|HS|  |TAMS 0x00000000e1100000, 0x00000000e1000000| Complete 
|  17|0x00000000e1100000, 0x00000000e1200000, 0x00000000e1200000|100%|HC|  |TAMS 0x00000000e1200000, 0x00000000e1100000| Complete 
|  18|0x00000000e1200000, 0x00000000e1300000, 0x00000000e1300000|100%| O|  |TAMS 0x00000000e1300000, 0x00000000e1200000| Complete 
|  19|0x00000000e1300000, 0x00000000e1400000, 0x00000000e1400000|100%| O|  |TAMS 0x00000000e1400000, 0x00000000e1300000| Untracked 
|  20|0x00000000e1400000, 0x00000000e1500000, 0x00000000e1500000|100%| O|  |TAMS 0x00000000e1500000, 0x00000000e1400000| Untracked 
|  21|0x00000000e1500000, 0x00000000e1600000, 0x00000000e1600000|100%| O|  |TAMS 0x00000000e1600000, 0x00000000e1500000| Complete 
|  22|0x00000000e1600000, 0x00000000e1700000, 0x00000000e1700000|100%| O|  |TAMS 0x00000000e1700000, 0x00000000e1600000| Untracked 
|  23|0x00000000e1700000, 0x00000000e1800000, 0x00000000e1800000|100%| O|  |TAMS 0x00000000e1800000, 0x00000000e1700000| Complete 
|  24|0x00000000e1800000, 0x00000000e1900000, 0x00000000e1900000|100%| O|  |TAMS 0x00000000e1900000, 0x00000000e1800000| Complete 
|  25|0x00000000e1900000, 0x00000000e1a00000, 0x00000000e1a00000|100%| O|  |TAMS 0x00000000e1a00000, 0x00000000e1900000| Complete 
|  26|0x00000000e1a00000, 0x00000000e1b00000, 0x00000000e1b00000|100%| O|  |TAMS 0x00000000e1b00000, 0x00000000e1a00000| Untracked 
|  27|0x00000000e1b00000, 0x00000000e1c00000, 0x00000000e1c00000|100%| O|  |TAMS 0x00000000e1c00000, 0x00000000e1b00000| Untracked 
|  28|0x00000000e1c00000, 0x00000000e1d00000, 0x00000000e1d00000|100%| O|  |TAMS 0x00000000e1d00000, 0x00000000e1c00000| Untracked 
|  29|0x00000000e1d00000, 0x00000000e1e00000, 0x00000000e1e00000|100%| O|  |TAMS 0x00000000e1e00000, 0x00000000e1d00000| Untracked 
|  30|0x00000000e1e00000, 0x00000000e1f00000, 0x00000000e1f00000|100%| O|  |TAMS 0x00000000e1f00000, 0x00000000e1e00000| Complete 
|  31|0x00000000e1f00000, 0x00000000e2000000, 0x00000000e2000000|100%|HS|  |TAMS 0x00000000e2000000, 0x00000000e1f00000| Complete 
|  32|0x00000000e2000000, 0x00000000e2100000, 0x00000000e2100000|100%| O|  |TAMS 0x00000000e2100000, 0x00000000e2000000| Complete 
|  33|0x00000000e2100000, 0x00000000e2200000, 0x00000000e2200000|100%| O|  |TAMS 0x00000000e2200000, 0x00000000e2100000| Complete 
|  34|0x00000000e2200000, 0x00000000e2300000, 0x00000000e2300000|100%|HS|  |TAMS 0x00000000e2200000, 0x00000000e2200000| Complete 
|  35|0x00000000e2300000, 0x00000000e2400000, 0x00000000e2400000|100%| O|  |TAMS 0x00000000e2400000, 0x00000000e2300000| Complete 
|  36|0x00000000e2400000, 0x00000000e2500000, 0x00000000e2500000|100%| O|  |TAMS 0x00000000e2500000, 0x00000000e2400000| Untracked 
|  37|0x00000000e2500000, 0x00000000e2600000, 0x00000000e2600000|100%| O|  |TAMS 0x00000000e2600000, 0x00000000e2500000| Untracked 
|  38|0x00000000e2600000, 0x00000000e2700000, 0x00000000e2700000|100%| O|  |TAMS 0x00000000e2700000, 0x00000000e2600000| Complete 
|  39|0x00000000e2700000, 0x00000000e2800000, 0x00000000e2800000|100%| O|  |TAMS 0x00000000e2800000, 0x00000000e2700000| Complete 
|  40|0x00000000e2800000, 0x00000000e2900000, 0x00000000e2900000|100%| O|  |TAMS 0x00000000e2900000, 0x00000000e2800000| Complete 
|  41|0x00000000e2900000, 0x00000000e2a00000, 0x00000000e2a00000|100%|HS|  |TAMS 0x00000000e2a00000, 0x00000000e2900000| Complete 
|  42|0x00000000e2a00000, 0x00000000e2b00000, 0x00000000e2b00000|100%|HC|  |TAMS 0x00000000e2b00000, 0x00000000e2a00000| Complete 
|  43|0x00000000e2b00000, 0x00000000e2c00000, 0x00000000e2c00000|100%|HC|  |TAMS 0x00000000e2c00000, 0x00000000e2b00000| Complete 
|  44|0x00000000e2c00000, 0x00000000e2d00000, 0x00000000e2d00000|100%| O|  |TAMS 0x00000000e2d00000, 0x00000000e2c00000| Complete 
|  45|0x00000000e2d00000, 0x00000000e2e00000, 0x00000000e2e00000|100%| O|  |TAMS 0x00000000e2e00000, 0x00000000e2d00000| Complete 
|  46|0x00000000e2e00000, 0x00000000e2f00000, 0x00000000e2f00000|100%| O|  |TAMS 0x00000000e2f00000, 0x00000000e2e00000| Untracked 
|  47|0x00000000e2f00000, 0x00000000e3000000, 0x00000000e3000000|100%| O|  |TAMS 0x00000000e3000000, 0x00000000e2f00000| Complete 
|  48|0x00000000e3000000, 0x00000000e3100000, 0x00000000e3100000|100%| O|  |TAMS 0x00000000e3100000, 0x00000000e3000000| Untracked 
|  49|0x00000000e3100000, 0x00000000e3200000, 0x00000000e3200000|100%| O|  |TAMS 0x00000000e3200000, 0x00000000e3100000| Complete 
|  50|0x00000000e3200000, 0x00000000e3300000, 0x00000000e3300000|100%| O|  |TAMS 0x00000000e3300000, 0x00000000e3200000| Complete 
|  51|0x00000000e3300000, 0x00000000e3400000, 0x00000000e3400000|100%| O|  |TAMS 0x00000000e3400000, 0x00000000e3300000| Complete 
|  52|0x00000000e3400000, 0x00000000e3500000, 0x00000000e3500000|100%|HS|  |TAMS 0x00000000e3500000, 0x00000000e3400000| Complete 
|  53|0x00000000e3500000, 0x00000000e3600000, 0x00000000e3600000|100%| O|  |TAMS 0x00000000e3600000, 0x00000000e3500000| Untracked 
|  54|0x00000000e3600000, 0x00000000e3700000, 0x00000000e3700000|100%| O|  |TAMS 0x00000000e3700000, 0x00000000e3600000| Untracked 
|  55|0x00000000e3700000, 0x00000000e3800000, 0x00000000e3800000|100%| O|  |TAMS 0x00000000e3800000, 0x00000000e3700000| Complete 
|  56|0x00000000e3800000, 0x00000000e3900000, 0x00000000e3900000|100%| O|  |TAMS 0x00000000e3900000, 0x00000000e3800000| Untracked 
|  57|0x00000000e3900000, 0x00000000e3a00000, 0x00000000e3a00000|100%| O|  |TAMS 0x00000000e3a00000, 0x00000000e3900000| Untracked 
|  58|0x00000000e3a00000, 0x00000000e3b00000, 0x00000000e3b00000|100%| O|  |TAMS 0x00000000e3b00000, 0x00000000e3a00000| Untracked 
|  59|0x00000000e3b00000, 0x00000000e3c00000, 0x00000000e3c00000|100%| O|  |TAMS 0x00000000e3c00000, 0x00000000e3b00000| Untracked 
|  60|0x00000000e3c00000, 0x00000000e3d00000, 0x00000000e3d00000|100%| O|  |TAMS 0x00000000e3d00000, 0x00000000e3c00000| Untracked 
|  61|0x00000000e3d00000, 0x00000000e3e00000, 0x00000000e3e00000|100%| O|  |TAMS 0x00000000e3e00000, 0x00000000e3d00000| Complete 
|  62|0x00000000e3e00000, 0x00000000e3f00000, 0x00000000e3f00000|100%| O|  |TAMS 0x00000000e3f00000, 0x00000000e3e00000| Complete 
|  63|0x00000000e3f00000, 0x00000000e4000000, 0x00000000e4000000|100%| O|  |TAMS 0x00000000e4000000, 0x00000000e3f00000| Untracked 
|  64|0x00000000e4000000, 0x00000000e4100000, 0x00000000e4100000|100%| O|  |TAMS 0x00000000e4100000, 0x00000000e4000000| Complete 
|  65|0x00000000e4100000, 0x00000000e4200000, 0x00000000e4200000|100%| O|  |TAMS 0x00000000e4200000, 0x00000000e4100000| Complete 
|  66|0x00000000e4200000, 0x00000000e4300000, 0x00000000e4300000|100%| O|  |TAMS 0x00000000e4300000, 0x00000000e4200000| Complete 
|  67|0x00000000e4300000, 0x00000000e4400000, 0x00000000e4400000|100%| O|  |TAMS 0x00000000e4400000, 0x00000000e4300000| Complete 
|  68|0x00000000e4400000, 0x00000000e4500000, 0x00000000e4500000|100%| O|  |TAMS 0x00000000e4500000, 0x00000000e4400000| Untracked 
|  69|0x00000000e4500000, 0x00000000e4600000, 0x00000000e4600000|100%| O|  |TAMS 0x00000000e4600000, 0x00000000e4500000| Complete 
|  70|0x00000000e4600000, 0x00000000e4700000, 0x00000000e4700000|100%| O|  |TAMS 0x00000000e4700000, 0x00000000e4600000| Complete 
|  71|0x00000000e4700000, 0x00000000e4800000, 0x00000000e4800000|100%| O|  |TAMS 0x00000000e4800000, 0x00000000e4700000| Untracked 
|  72|0x00000000e4800000, 0x00000000e4900000, 0x00000000e4900000|100%| O|  |TAMS 0x00000000e4900000, 0x00000000e4800000| Complete 
|  73|0x00000000e4900000, 0x00000000e4a00000, 0x00000000e4a00000|100%| O|  |TAMS 0x00000000e4a00000, 0x00000000e4900000| Untracked 
|  74|0x00000000e4a00000, 0x00000000e4b00000, 0x00000000e4b00000|100%| O|  |TAMS 0x00000000e4b00000, 0x00000000e4a00000| Complete 
|  75|0x00000000e4b00000, 0x00000000e4c00000, 0x00000000e4c00000|100%| O|  |TAMS 0x00000000e4c00000, 0x00000000e4b00000| Untracked 
|  76|0x00000000e4c00000, 0x00000000e4d00000, 0x00000000e4d00000|100%| O|  |TAMS 0x00000000e4d00000, 0x00000000e4c00000| Untracked 
|  77|0x00000000e4d00000, 0x00000000e4e00000, 0x00000000e4e00000|100%| O|  |TAMS 0x00000000e4e00000, 0x00000000e4d00000| Untracked 
|  78|0x00000000e4e00000, 0x00000000e4f00000, 0x00000000e4f00000|100%| O|  |TAMS 0x00000000e4f00000, 0x00000000e4e00000| Complete 
|  79|0x00000000e4f00000, 0x00000000e5000000, 0x00000000e5000000|100%| O|  |TAMS 0x00000000e5000000, 0x00000000e4f00000| Complete 
|  80|0x00000000e5000000, 0x00000000e5100000, 0x00000000e5100000|100%| O|  |TAMS 0x00000000e5100000, 0x00000000e5000000| Complete 
|  81|0x00000000e5100000, 0x00000000e5200000, 0x00000000e5200000|100%| O|  |TAMS 0x00000000e5200000, 0x00000000e5100000| Untracked 
|  82|0x00000000e5200000, 0x00000000e5300000, 0x00000000e5300000|100%| O|  |TAMS 0x00000000e5300000, 0x00000000e5200000| Untracked 
|  83|0x00000000e5300000, 0x00000000e5400000, 0x00000000e5400000|100%| O|  |TAMS 0x00000000e5400000, 0x00000000e5300000| Complete 
|  84|0x00000000e5400000, 0x00000000e5500000, 0x00000000e5500000|100%| O|  |TAMS 0x00000000e5500000, 0x00000000e5400000| Untracked 
|  85|0x00000000e5500000, 0x00000000e5600000, 0x00000000e5600000|100%| O|  |TAMS 0x00000000e5600000, 0x00000000e5500000| Untracked 
|  86|0x00000000e5600000, 0x00000000e5700000, 0x00000000e5700000|100%| O|  |TAMS 0x00000000e5700000, 0x00000000e5600000| Untracked 
|  87|0x00000000e5700000, 0x00000000e5800000, 0x00000000e5800000|100%| O|  |TAMS 0x00000000e5800000, 0x00000000e5700000| Untracked 
|  88|0x00000000e5800000, 0x00000000e5900000, 0x00000000e5900000|100%| O|  |TAMS 0x00000000e5900000, 0x00000000e5800000| Untracked 
|  89|0x00000000e5900000, 0x00000000e5a00000, 0x00000000e5a00000|100%| O|  |TAMS 0x00000000e5a00000, 0x00000000e5900000| Untracked 
|  90|0x00000000e5a00000, 0x00000000e5b00000, 0x00000000e5b00000|100%| O|  |TAMS 0x00000000e5b00000, 0x00000000e5a00000| Untracked 
|  91|0x00000000e5b00000, 0x00000000e5c00000, 0x00000000e5c00000|100%| O|  |TAMS 0x00000000e5c00000, 0x00000000e5b00000| Untracked 
|  92|0x00000000e5c00000, 0x00000000e5d00000, 0x00000000e5d00000|100%| O|  |TAMS 0x00000000e5d00000, 0x00000000e5c00000| Untracked 
|  93|0x00000000e5d00000, 0x00000000e5e00000, 0x00000000e5e00000|100%| O|  |TAMS 0x00000000e5e00000, 0x00000000e5d00000| Untracked 
|  94|0x00000000e5e00000, 0x00000000e5f00000, 0x00000000e5f00000|100%| O|  |TAMS 0x00000000e5f00000, 0x00000000e5e00000| Untracked 
|  95|0x00000000e5f00000, 0x00000000e6000000, 0x00000000e6000000|100%| O|  |TAMS 0x00000000e6000000, 0x00000000e5f00000| Untracked 
|  96|0x00000000e6000000, 0x00000000e6100000, 0x00000000e6100000|100%| O|  |TAMS 0x00000000e6100000, 0x00000000e6000000| Untracked 
|  97|0x00000000e6100000, 0x00000000e6200000, 0x00000000e6200000|100%| O|  |TAMS 0x00000000e6200000, 0x00000000e6100000| Untracked 
|  98|0x00000000e6200000, 0x00000000e6300000, 0x00000000e6300000|100%| O|  |TAMS 0x00000000e6300000, 0x00000000e6200000| Untracked 
|  99|0x00000000e6300000, 0x00000000e6400000, 0x00000000e6400000|100%| O|  |TAMS 0x00000000e6400000, 0x00000000e6300000| Untracked 
| 100|0x00000000e6400000, 0x00000000e6500000, 0x00000000e6500000|100%| O|  |TAMS 0x00000000e6500000, 0x00000000e6400000| Untracked 
| 101|0x00000000e6500000, 0x00000000e6600000, 0x00000000e6600000|100%| O|  |TAMS 0x00000000e6600000, 0x00000000e6500000| Untracked 
| 102|0x00000000e6600000, 0x00000000e6700000, 0x00000000e6700000|100%| O|  |TAMS 0x00000000e6700000, 0x00000000e6600000| Complete 
| 103|0x00000000e6700000, 0x00000000e6800000, 0x00000000e6800000|100%| O|  |TAMS 0x00000000e6800000, 0x00000000e6700000| Untracked 
| 104|0x00000000e6800000, 0x00000000e6900000, 0x00000000e6900000|100%| O|  |TAMS 0x00000000e6900000, 0x00000000e6800000| Complete 
| 105|0x00000000e6900000, 0x00000000e6a00000, 0x00000000e6a00000|100%| O|  |TAMS 0x00000000e6a00000, 0x00000000e6900000| Complete 
| 106|0x00000000e6a00000, 0x00000000e6b00000, 0x00000000e6b00000|100%| O|  |TAMS 0x00000000e6b00000, 0x00000000e6a00000| Untracked 
| 107|0x00000000e6b00000, 0x00000000e6c00000, 0x00000000e6c00000|100%| O|  |TAMS 0x00000000e6c00000, 0x00000000e6b00000| Untracked 
| 108|0x00000000e6c00000, 0x00000000e6d00000, 0x00000000e6d00000|100%| O|  |TAMS 0x00000000e6d00000, 0x00000000e6c00000| Untracked 
| 109|0x00000000e6d00000, 0x00000000e6e00000, 0x00000000e6e00000|100%| O|  |TAMS 0x00000000e6e00000, 0x00000000e6d00000| Untracked 
| 110|0x00000000e6e00000, 0x00000000e6f00000, 0x00000000e6f00000|100%| O|  |TAMS 0x00000000e6f00000, 0x00000000e6e00000| Untracked 
| 111|0x00000000e6f00000, 0x00000000e7000000, 0x00000000e7000000|100%| O|  |TAMS 0x00000000e7000000, 0x00000000e6f00000| Untracked 
| 112|0x00000000e7000000, 0x00000000e7100000, 0x00000000e7100000|100%| O|  |TAMS 0x00000000e7100000, 0x00000000e7000000| Complete 
| 113|0x00000000e7100000, 0x00000000e7200000, 0x00000000e7200000|100%| O|  |TAMS 0x00000000e7200000, 0x00000000e7100000| Untracked 
| 114|0x00000000e7200000, 0x00000000e7300000, 0x00000000e7300000|100%| O|  |TAMS 0x00000000e7300000, 0x00000000e7200000| Untracked 
| 115|0x00000000e7300000, 0x00000000e7400000, 0x00000000e7400000|100%| O|  |TAMS 0x00000000e7400000, 0x00000000e7300000| Untracked 
| 116|0x00000000e7400000, 0x00000000e7500000, 0x00000000e7500000|100%| O|  |TAMS 0x00000000e7500000, 0x00000000e7400000| Untracked 
| 117|0x00000000e7500000, 0x00000000e7600000, 0x00000000e7600000|100%| O|  |TAMS 0x00000000e7600000, 0x00000000e7500000| Untracked 
| 118|0x00000000e7600000, 0x00000000e7700000, 0x00000000e7700000|100%| O|  |TAMS 0x00000000e7700000, 0x00000000e7600000| Untracked 
| 119|0x00000000e7700000, 0x00000000e7800000, 0x00000000e7800000|100%| O|  |TAMS 0x00000000e7800000, 0x00000000e7700000| Untracked 
| 120|0x00000000e7800000, 0x00000000e7900000, 0x00000000e7900000|100%| O|  |TAMS 0x00000000e7900000, 0x00000000e7800000| Untracked 
| 121|0x00000000e7900000, 0x00000000e7a00000, 0x00000000e7a00000|100%| O|  |TAMS 0x00000000e7a00000, 0x00000000e7900000| Untracked 
| 122|0x00000000e7a00000, 0x00000000e7b00000, 0x00000000e7b00000|100%| O|  |TAMS 0x00000000e7b00000, 0x00000000e7a00000| Untracked 
| 123|0x00000000e7b00000, 0x00000000e7c00000, 0x00000000e7c00000|100%| O|  |TAMS 0x00000000e7c00000, 0x00000000e7b00000| Untracked 
| 124|0x00000000e7c00000, 0x00000000e7d00000, 0x00000000e7d00000|100%| O|  |TAMS 0x00000000e7d00000, 0x00000000e7c00000| Untracked 
| 125|0x00000000e7d00000, 0x00000000e7e00000, 0x00000000e7e00000|100%| O|  |TAMS 0x00000000e7e00000, 0x00000000e7d00000| Untracked 
| 126|0x00000000e7e00000, 0x00000000e7f00000, 0x00000000e7f00000|100%| O|  |TAMS 0x00000000e7f00000, 0x00000000e7e00000| Untracked 
| 127|0x00000000e7f00000, 0x00000000e8000000, 0x00000000e8000000|100%| O|  |TAMS 0x00000000e8000000, 0x00000000e7f00000| Complete 
| 128|0x00000000e8000000, 0x00000000e8100000, 0x00000000e8100000|100%| O|  |TAMS 0x00000000e8100000, 0x00000000e8000000| Complete 
| 129|0x00000000e8100000, 0x00000000e8200000, 0x00000000e8200000|100%| O|  |TAMS 0x00000000e8200000, 0x00000000e8100000| Untracked 
| 130|0x00000000e8200000, 0x00000000e8300000, 0x00000000e8300000|100%| O|  |TAMS 0x00000000e8300000, 0x00000000e8200000| Untracked 
| 131|0x00000000e8300000, 0x00000000e8400000, 0x00000000e8400000|100%| O|  |TAMS 0x00000000e8400000, 0x00000000e8300000| Untracked 
| 132|0x00000000e8400000, 0x00000000e8500000, 0x00000000e8500000|100%| O|  |TAMS 0x00000000e8500000, 0x00000000e8400000| Untracked 
| 133|0x00000000e8500000, 0x00000000e8600000, 0x00000000e8600000|100%| O|  |TAMS 0x00000000e8600000, 0x00000000e8500000| Complete 
| 134|0x00000000e8600000, 0x00000000e8700000, 0x00000000e8700000|100%| O|  |TAMS 0x00000000e8700000, 0x00000000e8600000| Untracked 
| 135|0x00000000e8700000, 0x00000000e8800000, 0x00000000e8800000|100%| O|  |TAMS 0x00000000e8800000, 0x00000000e8700000| Untracked 
| 136|0x00000000e8800000, 0x00000000e8900000, 0x00000000e8900000|100%| O|  |TAMS 0x00000000e8900000, 0x00000000e8800000| Untracked 
| 137|0x00000000e8900000, 0x00000000e8a00000, 0x00000000e8a00000|100%| O|  |TAMS 0x00000000e8a00000, 0x00000000e8900000| Complete 
| 138|0x00000000e8a00000, 0x00000000e8b00000, 0x00000000e8b00000|100%| O|  |TAMS 0x00000000e8b00000, 0x00000000e8a00000| Complete 
| 139|0x00000000e8b00000, 0x00000000e8c00000, 0x00000000e8c00000|100%| O|  |TAMS 0x00000000e8c00000, 0x00000000e8b00000| Complete 
| 140|0x00000000e8c00000, 0x00000000e8d00000, 0x00000000e8d00000|100%| O|  |TAMS 0x00000000e8d00000, 0x00000000e8c00000| Untracked 
| 141|0x00000000e8d00000, 0x00000000e8e00000, 0x00000000e8e00000|100%| O|  |TAMS 0x00000000e8e00000, 0x00000000e8d00000| Untracked 
| 142|0x00000000e8e00000, 0x00000000e8f00000, 0x00000000e8f00000|100%| O|  |TAMS 0x00000000e8f00000, 0x00000000e8e00000| Untracked 
| 143|0x00000000e8f00000, 0x00000000e9000000, 0x00000000e9000000|100%| O|  |TAMS 0x00000000e8f00000, 0x00000000e8f00000| Untracked 
| 144|0x00000000e9000000, 0x00000000e9100000, 0x00000000e9100000|100%| O|  |TAMS 0x00000000e9100000, 0x00000000e9000000| Untracked 
| 145|0x00000000e9100000, 0x00000000e9200000, 0x00000000e9200000|100%| O|  |TAMS 0x00000000e9200000, 0x00000000e9100000| Untracked 
| 146|0x00000000e9200000, 0x00000000e9300000, 0x00000000e9300000|100%| O|  |TAMS 0x00000000e9300000, 0x00000000e9200000| Untracked 
| 147|0x00000000e9300000, 0x00000000e9400000, 0x00000000e9400000|100%| O|  |TAMS 0x00000000e9400000, 0x00000000e9300000| Complete 
| 148|0x00000000e9400000, 0x00000000e9500000, 0x00000000e9500000|100%| O|  |TAMS 0x00000000e9400000, 0x00000000e9400000| Untracked 
| 149|0x00000000e9500000, 0x00000000e9600000, 0x00000000e9600000|100%| O|  |TAMS 0x00000000e9600000, 0x00000000e9500000| Complete 
| 150|0x00000000e9600000, 0x00000000e9700000, 0x00000000e9700000|100%| O|  |TAMS 0x00000000e9700000, 0x00000000e9600000| Complete 
| 151|0x00000000e9700000, 0x00000000e9800000, 0x00000000e9800000|100%| O|  |TAMS 0x00000000e9800000, 0x00000000e9700000| Complete 
| 152|0x00000000e9800000, 0x00000000e9900000, 0x00000000e9900000|100%| O|  |TAMS 0x00000000e9900000, 0x00000000e9800000| Untracked 
| 153|0x00000000e9900000, 0x00000000e9a00000, 0x00000000e9a00000|100%| O|  |TAMS 0x00000000e9a00000, 0x00000000e9900000| Complete 
| 154|0x00000000e9a00000, 0x00000000e9b00000, 0x00000000e9b00000|100%| O|  |TAMS 0x00000000e9b00000, 0x00000000e9a00000| Untracked 
| 155|0x00000000e9b00000, 0x00000000e9c00000, 0x00000000e9c00000|100%| O|  |TAMS 0x00000000e9c00000, 0x00000000e9b00000| Complete 
| 156|0x00000000e9c00000, 0x00000000e9d00000, 0x00000000e9d00000|100%| O|  |TAMS 0x00000000e9d00000, 0x00000000e9c00000| Untracked 
| 157|0x00000000e9d00000, 0x00000000e9e00000, 0x00000000e9e00000|100%| O|  |TAMS 0x00000000e9e00000, 0x00000000e9d00000| Complete 
| 158|0x00000000e9e00000, 0x00000000e9f00000, 0x00000000e9f00000|100%| O|  |TAMS 0x00000000e9f00000, 0x00000000e9e00000| Complete 
| 159|0x00000000e9f00000, 0x00000000ea000000, 0x00000000ea000000|100%| O|  |TAMS 0x00000000ea000000, 0x00000000e9f00000| Complete 
| 160|0x00000000ea000000, 0x00000000ea100000, 0x00000000ea100000|100%| O|  |TAMS 0x00000000ea100000, 0x00000000ea000000| Complete 
| 161|0x00000000ea100000, 0x00000000ea200000, 0x00000000ea200000|100%| O|  |TAMS 0x00000000ea200000, 0x00000000ea100000| Untracked 
| 162|0x00000000ea200000, 0x00000000ea300000, 0x00000000ea300000|100%| O|  |TAMS 0x00000000ea300000, 0x00000000ea200000| Complete 
| 163|0x00000000ea300000, 0x00000000ea400000, 0x00000000ea400000|100%| O|  |TAMS 0x00000000ea400000, 0x00000000ea300000| Untracked 
| 164|0x00000000ea400000, 0x00000000ea500000, 0x00000000ea500000|100%| O|  |TAMS 0x00000000ea500000, 0x00000000ea400000| Untracked 
| 165|0x00000000ea500000, 0x00000000ea600000, 0x00000000ea600000|100%| O|  |TAMS 0x00000000ea500000, 0x00000000ea500000| Untracked 
| 166|0x00000000ea600000, 0x00000000ea700000, 0x00000000ea700000|100%| O|  |TAMS 0x00000000ea700000, 0x00000000ea600000| Untracked 
| 167|0x00000000ea700000, 0x00000000ea800000, 0x00000000ea800000|100%| O|  |TAMS 0x00000000ea800000, 0x00000000ea700000| Untracked 
| 168|0x00000000ea800000, 0x00000000ea900000, 0x00000000ea900000|100%| O|  |TAMS 0x00000000ea900000, 0x00000000ea800000| Complete 
| 169|0x00000000ea900000, 0x00000000eaa00000, 0x00000000eaa00000|100%| O|  |TAMS 0x00000000eaa00000, 0x00000000ea900000| Untracked 
| 170|0x00000000eaa00000, 0x00000000eab00000, 0x00000000eab00000|100%| O|  |TAMS 0x00000000eab00000, 0x00000000eaa00000| Complete 
| 171|0x00000000eab00000, 0x00000000eac00000, 0x00000000eac00000|100%| O|  |TAMS 0x00000000eac00000, 0x00000000eab00000| Untracked 
| 172|0x00000000eac00000, 0x00000000ead00000, 0x00000000ead00000|100%| O|  |TAMS 0x00000000ead00000, 0x00000000eac00000| Untracked 
| 173|0x00000000ead00000, 0x00000000eae00000, 0x00000000eae00000|100%| O|  |TAMS 0x00000000eae00000, 0x00000000ead00000| Untracked 
| 174|0x00000000eae00000, 0x00000000eaf00000, 0x00000000eaf00000|100%| O|  |TAMS 0x00000000eaf00000, 0x00000000eae00000| Complete 
| 175|0x00000000eaf00000, 0x00000000eb000000, 0x00000000eb000000|100%| O|  |TAMS 0x00000000eb000000, 0x00000000eaf00000| Complete 
| 176|0x00000000eb000000, 0x00000000eb100000, 0x00000000eb100000|100%| O|  |TAMS 0x00000000eb100000, 0x00000000eb000000| Untracked 
| 177|0x00000000eb100000, 0x00000000eb200000, 0x00000000eb200000|100%| O|  |TAMS 0x00000000eb200000, 0x00000000eb100000| Complete 
| 178|0x00000000eb200000, 0x00000000eb300000, 0x00000000eb300000|100%| O|  |TAMS 0x00000000eb300000, 0x00000000eb200000| Complete 
| 179|0x00000000eb300000, 0x00000000eb400000, 0x00000000eb400000|100%| O|  |TAMS 0x00000000eb400000, 0x00000000eb300000| Untracked 
| 180|0x00000000eb400000, 0x00000000eb500000, 0x00000000eb500000|100%| O|  |TAMS 0x00000000eb500000, 0x00000000eb400000| Untracked 
| 181|0x00000000eb500000, 0x00000000eb600000, 0x00000000eb600000|100%| O|  |TAMS 0x00000000eb600000, 0x00000000eb500000| Complete 
| 182|0x00000000eb600000, 0x00000000eb700000, 0x00000000eb700000|100%| O|  |TAMS 0x00000000eb700000, 0x00000000eb600000| Complete 
| 183|0x00000000eb700000, 0x00000000eb800000, 0x00000000eb800000|100%| O|  |TAMS 0x00000000eb77b400, 0x00000000eb700000| Untracked 
| 184|0x00000000eb800000, 0x00000000eb900000, 0x00000000eb900000|100%| O|  |TAMS 0x00000000eb800000, 0x00000000eb800000| Untracked 
| 185|0x00000000eb900000, 0x00000000eba00000, 0x00000000eba00000|100%| O|  |TAMS 0x00000000eb900000, 0x00000000eb900000| Untracked 
| 186|0x00000000eba00000, 0x00000000ebb00000, 0x00000000ebb00000|100%| O|  |TAMS 0x00000000eba00000, 0x00000000eba00000| Untracked 
| 187|0x00000000ebb00000, 0x00000000ebb00000, 0x00000000ebc00000|  0%| F|  |TAMS 0x00000000ebb00000, 0x00000000ebb00000| Untracked 
| 188|0x00000000ebc00000, 0x00000000ebc00000, 0x00000000ebd00000|  0%| F|  |TAMS 0x00000000ebc00000, 0x00000000ebc00000| Untracked 
| 189|0x00000000ebd00000, 0x00000000ebe00000, 0x00000000ebe00000|100%| O|  |TAMS 0x00000000ebe00000, 0x00000000ebd00000| Complete 
| 190|0x00000000ebe00000, 0x00000000ebe00000, 0x00000000ebf00000|  0%| F|  |TAMS 0x00000000ebe00000, 0x00000000ebe00000| Untracked 
| 191|0x00000000ebf00000, 0x00000000ec000000, 0x00000000ec000000|100%| O|  |TAMS 0x00000000ec000000, 0x00000000ebf00000| Complete 
| 192|0x00000000ec000000, 0x00000000ec000000, 0x00000000ec100000|  0%| F|  |TAMS 0x00000000ec000000, 0x00000000ec000000| Untracked 
| 193|0x00000000ec100000, 0x00000000ec200000, 0x00000000ec200000|100%| O|  |TAMS 0x00000000ec200000, 0x00000000ec100000| Untracked 
| 194|0x00000000ec200000, 0x00000000ec200000, 0x00000000ec300000|  0%| F|  |TAMS 0x00000000ec200000, 0x00000000ec200000| Untracked 
| 195|0x00000000ec300000, 0x00000000ec300000, 0x00000000ec400000|  0%| F|  |TAMS 0x00000000ec300000, 0x00000000ec300000| Untracked 
| 196|0x00000000ec400000, 0x00000000ec400000, 0x00000000ec500000|  0%| F|  |TAMS 0x00000000ec400000, 0x00000000ec400000| Untracked 
| 197|0x00000000ec500000, 0x00000000ec500000, 0x00000000ec600000|  0%| F|  |TAMS 0x00000000ec500000, 0x00000000ec500000| Untracked 
| 198|0x00000000ec600000, 0x00000000ec600000, 0x00000000ec700000|  0%| F|  |TAMS 0x00000000ec600000, 0x00000000ec600000| Untracked 
| 199|0x00000000ec700000, 0x00000000ec700000, 0x00000000ec800000|  0%| F|  |TAMS 0x00000000ec700000, 0x00000000ec700000| Untracked 
| 200|0x00000000ec800000, 0x00000000ec800000, 0x00000000ec900000|  0%| F|  |TAMS 0x00000000ec800000, 0x00000000ec800000| Untracked 
| 201|0x00000000ec900000, 0x00000000eca00000, 0x00000000eca00000|100%| O|  |TAMS 0x00000000eca00000, 0x00000000ec900000| Complete 
| 202|0x00000000eca00000, 0x00000000ecb00000, 0x00000000ecb00000|100%| O|  |TAMS 0x00000000ecb00000, 0x00000000eca00000| Untracked 
| 203|0x00000000ecb00000, 0x00000000ecb00000, 0x00000000ecc00000|  0%| F|  |TAMS 0x00000000ecb00000, 0x00000000ecb00000| Untracked 
| 204|0x00000000ecc00000, 0x00000000ecc00000, 0x00000000ecd00000|  0%| F|  |TAMS 0x00000000ecc00000, 0x00000000ecc00000| Untracked 
| 205|0x00000000ecd00000, 0x00000000ecd00000, 0x00000000ece00000|  0%| F|  |TAMS 0x00000000ecd00000, 0x00000000ecd00000| Untracked 
| 206|0x00000000ece00000, 0x00000000ecf00000, 0x00000000ecf00000|100%| O|  |TAMS 0x00000000ecf00000, 0x00000000ece00000| Complete 
| 207|0x00000000ecf00000, 0x00000000ed000000, 0x00000000ed000000|100%| O|  |TAMS 0x00000000ed000000, 0x00000000ecf00000| Complete 
| 208|0x00000000ed000000, 0x00000000ed000000, 0x00000000ed100000|  0%| F|  |TAMS 0x00000000ed000000, 0x00000000ed000000| Untracked 
| 209|0x00000000ed100000, 0x00000000ed200000, 0x00000000ed200000|100%| O|  |TAMS 0x00000000ed200000, 0x00000000ed100000| Complete 
| 210|0x00000000ed200000, 0x00000000ed300000, 0x00000000ed300000|100%| O|  |TAMS 0x00000000ed300000, 0x00000000ed200000| Complete 
| 211|0x00000000ed300000, 0x00000000ed300000, 0x00000000ed400000|  0%| F|  |TAMS 0x00000000ed300000, 0x00000000ed300000| Untracked 
| 212|0x00000000ed400000, 0x00000000ed400000, 0x00000000ed500000|  0%| F|  |TAMS 0x00000000ed400000, 0x00000000ed400000| Untracked 
| 213|0x00000000ed500000, 0x00000000ed500000, 0x00000000ed600000|  0%| F|  |TAMS 0x00000000ed500000, 0x00000000ed500000| Untracked 
| 214|0x00000000ed600000, 0x00000000ed600000, 0x00000000ed700000|  0%| F|  |TAMS 0x00000000ed600000, 0x00000000ed600000| Untracked 
| 215|0x00000000ed700000, 0x00000000ed800000, 0x00000000ed800000|100%| O|  |TAMS 0x00000000ed800000, 0x00000000ed700000| Complete 
| 216|0x00000000ed800000, 0x00000000ed800000, 0x00000000ed900000|  0%| F|  |TAMS 0x00000000ed800000, 0x00000000ed800000| Untracked 
| 217|0x00000000ed900000, 0x00000000ed900000, 0x00000000eda00000|  0%| F|  |TAMS 0x00000000ed900000, 0x00000000ed900000| Untracked 
| 218|0x00000000eda00000, 0x00000000eda00000, 0x00000000edb00000|  0%| F|  |TAMS 0x00000000eda00000, 0x00000000eda00000| Untracked 
| 219|0x00000000edb00000, 0x00000000edb00000, 0x00000000edc00000|  0%| F|  |TAMS 0x00000000edb00000, 0x00000000edb00000| Untracked 
| 220|0x00000000edc00000, 0x00000000edd00000, 0x00000000edd00000|100%| O|  |TAMS 0x00000000edd00000, 0x00000000edc00000| Untracked 
| 221|0x00000000edd00000, 0x00000000edd00000, 0x00000000ede00000|  0%| F|  |TAMS 0x00000000edd00000, 0x00000000edd00000| Untracked 
| 222|0x00000000ede00000, 0x00000000ede00000, 0x00000000edf00000|  0%| F|  |TAMS 0x00000000ede00000, 0x00000000ede00000| Untracked 
| 223|0x00000000edf00000, 0x00000000edf00000, 0x00000000ee000000|  0%| F|  |TAMS 0x00000000edf00000, 0x00000000edf00000| Untracked 
| 224|0x00000000ee000000, 0x00000000ee000000, 0x00000000ee100000|  0%| F|  |TAMS 0x00000000ee000000, 0x00000000ee000000| Untracked 
| 225|0x00000000ee100000, 0x00000000ee100000, 0x00000000ee200000|  0%| F|  |TAMS 0x00000000ee100000, 0x00000000ee100000| Untracked 
| 226|0x00000000ee200000, 0x00000000ee200000, 0x00000000ee300000|  0%| F|  |TAMS 0x00000000ee200000, 0x00000000ee200000| Untracked 
| 227|0x00000000ee300000, 0x00000000ee300000, 0x00000000ee400000|  0%| F|  |TAMS 0x00000000ee300000, 0x00000000ee300000| Untracked 
| 228|0x00000000ee400000, 0x00000000ee500000, 0x00000000ee500000|100%| O|  |TAMS 0x00000000ee500000, 0x00000000ee400000| Untracked 
| 229|0x00000000ee500000, 0x00000000ee500000, 0x00000000ee600000|  0%| F|  |TAMS 0x00000000ee500000, 0x00000000ee500000| Untracked 
| 230|0x00000000ee600000, 0x00000000ee600000, 0x00000000ee700000|  0%| F|  |TAMS 0x00000000ee600000, 0x00000000ee600000| Untracked 
| 231|0x00000000ee700000, 0x00000000ee700000, 0x00000000ee800000|  0%| F|  |TAMS 0x00000000ee700000, 0x00000000ee700000| Untracked 
| 232|0x00000000ee800000, 0x00000000ee800000, 0x00000000ee900000|  0%| F|  |TAMS 0x00000000ee800000, 0x00000000ee800000| Untracked 
| 233|0x00000000ee900000, 0x00000000eea00000, 0x00000000eea00000|100%| O|  |TAMS 0x00000000eea00000, 0x00000000ee900000| Untracked 
| 234|0x00000000eea00000, 0x00000000eea00000, 0x00000000eeb00000|  0%| F|  |TAMS 0x00000000eea00000, 0x00000000eea00000| Untracked 
| 235|0x00000000eeb00000, 0x00000000eeb00000, 0x00000000eec00000|  0%| F|  |TAMS 0x00000000eeb00000, 0x00000000eeb00000| Untracked 
| 236|0x00000000eec00000, 0x00000000eec00000, 0x00000000eed00000|  0%| F|  |TAMS 0x00000000eec00000, 0x00000000eec00000| Untracked 
| 237|0x00000000eed00000, 0x00000000eed00000, 0x00000000eee00000|  0%| F|  |TAMS 0x00000000eed00000, 0x00000000eed00000| Untracked 
| 238|0x00000000eee00000, 0x00000000eee00000, 0x00000000eef00000|  0%| F|  |TAMS 0x00000000eee00000, 0x00000000eee00000| Untracked 
| 239|0x00000000eef00000, 0x00000000ef000000, 0x00000000ef000000|100%| O|  |TAMS 0x00000000ef000000, 0x00000000eef00000| Complete 
| 240|0x00000000ef000000, 0x00000000ef100000, 0x00000000ef100000|100%| O|  |TAMS 0x00000000ef100000, 0x00000000ef000000| Complete 
| 241|0x00000000ef100000, 0x00000000ef100000, 0x00000000ef200000|  0%| F|  |TAMS 0x00000000ef100000, 0x00000000ef100000| Untracked 
| 242|0x00000000ef200000, 0x00000000ef200000, 0x00000000ef300000|  0%| F|  |TAMS 0x00000000ef200000, 0x00000000ef200000| Untracked 
| 243|0x00000000ef300000, 0x00000000ef300000, 0x00000000ef400000|  0%| F|  |TAMS 0x00000000ef300000, 0x00000000ef300000| Untracked 
| 244|0x00000000ef400000, 0x00000000ef400000, 0x00000000ef500000|  0%| F|  |TAMS 0x00000000ef400000, 0x00000000ef400000| Untracked 
| 245|0x00000000ef500000, 0x00000000ef500000, 0x00000000ef600000|  0%| F|  |TAMS 0x00000000ef500000, 0x00000000ef500000| Untracked 
| 246|0x00000000ef600000, 0x00000000ef600000, 0x00000000ef700000|  0%| F|  |TAMS 0x00000000ef600000, 0x00000000ef600000| Untracked 
| 247|0x00000000ef700000, 0x00000000ef800000, 0x00000000ef800000|100%| O|  |TAMS 0x00000000ef800000, 0x00000000ef700000| Complete 
| 248|0x00000000ef800000, 0x00000000ef900000, 0x00000000ef900000|100%| O|  |TAMS 0x00000000ef900000, 0x00000000ef800000| Complete 
| 249|0x00000000ef900000, 0x00000000efa00000, 0x00000000efa00000|100%| O|  |TAMS 0x00000000efa00000, 0x00000000ef900000| Complete 
| 250|0x00000000efa00000, 0x00000000efb00000, 0x00000000efb00000|100%| O|  |TAMS 0x00000000efb00000, 0x00000000efa00000| Complete 
| 251|0x00000000efb00000, 0x00000000efb00000, 0x00000000efc00000|  0%| F|  |TAMS 0x00000000efb00000, 0x00000000efb00000| Untracked 
| 252|0x00000000efc00000, 0x00000000efd00000, 0x00000000efd00000|100%| O|  |TAMS 0x00000000efd00000, 0x00000000efc00000| Untracked 
| 253|0x00000000efd00000, 0x00000000efd00000, 0x00000000efe00000|  0%| F|  |TAMS 0x00000000efd00000, 0x00000000efd00000| Untracked 
| 254|0x00000000efe00000, 0x00000000eff00000, 0x00000000eff00000|100%| O|  |TAMS 0x00000000eff00000, 0x00000000efe00000| Untracked 
| 255|0x00000000eff00000, 0x00000000f0000000, 0x00000000f0000000|100%| O|  |TAMS 0x00000000f0000000, 0x00000000eff00000| Untracked 
| 256|0x00000000f0000000, 0x00000000f0100000, 0x00000000f0100000|100%| O|  |TAMS 0x00000000f0100000, 0x00000000f0000000| Complete 
| 257|0x00000000f0100000, 0x00000000f0100000, 0x00000000f0200000|  0%| F|  |TAMS 0x00000000f0100000, 0x00000000f0100000| Untracked 
| 258|0x00000000f0200000, 0x00000000f0200000, 0x00000000f0300000|  0%| F|  |TAMS 0x00000000f0200000, 0x00000000f0200000| Untracked 
| 259|0x00000000f0300000, 0x00000000f0300000, 0x00000000f0400000|  0%| F|  |TAMS 0x00000000f0300000, 0x00000000f0300000| Untracked 
| 260|0x00000000f0400000, 0x00000000f0400000, 0x00000000f0500000|  0%| F|  |TAMS 0x00000000f0400000, 0x00000000f0400000| Untracked 
| 261|0x00000000f0500000, 0x00000000f0500000, 0x00000000f0600000|  0%| F|  |TAMS 0x00000000f0500000, 0x00000000f0500000| Untracked 
| 262|0x00000000f0600000, 0x00000000f0700000, 0x00000000f0700000|100%| O|  |TAMS 0x00000000f0700000, 0x00000000f0600000| Complete 
| 263|0x00000000f0700000, 0x00000000f0800000, 0x00000000f0800000|100%| O|  |TAMS 0x00000000f0800000, 0x00000000f0700000| Complete 
| 264|0x00000000f0800000, 0x00000000f0800000, 0x00000000f0900000|  0%| F|  |TAMS 0x00000000f0800000, 0x00000000f0800000| Untracked 
| 265|0x00000000f0900000, 0x00000000f0900000, 0x00000000f0a00000|  0%| F|  |TAMS 0x00000000f0900000, 0x00000000f0900000| Untracked 
| 266|0x00000000f0a00000, 0x00000000f0b00000, 0x00000000f0b00000|100%| O|  |TAMS 0x00000000f0b00000, 0x00000000f0a00000| Complete 
| 267|0x00000000f0b00000, 0x00000000f0c00000, 0x00000000f0c00000|100%| O|  |TAMS 0x00000000f0c00000, 0x00000000f0b00000| Complete 
| 268|0x00000000f0c00000, 0x00000000f0d00000, 0x00000000f0d00000|100%| O|  |TAMS 0x00000000f0d00000, 0x00000000f0c00000| Complete 
| 269|0x00000000f0d00000, 0x00000000f0e00000, 0x00000000f0e00000|100%| O|  |TAMS 0x00000000f0e00000, 0x00000000f0d00000| Complete 
| 270|0x00000000f0e00000, 0x00000000f0f00000, 0x00000000f0f00000|100%| O|  |TAMS 0x00000000f0f00000, 0x00000000f0e00000| Complete 
| 271|0x00000000f0f00000, 0x00000000f1000000, 0x00000000f1000000|100%|HS|  |TAMS 0x00000000f1000000, 0x00000000f0f00000| Complete 
| 272|0x00000000f1000000, 0x00000000f1100000, 0x00000000f1100000|100%| O|  |TAMS 0x00000000f1100000, 0x00000000f1000000| Complete 
| 273|0x00000000f1100000, 0x00000000f1200000, 0x00000000f1200000|100%| O|  |TAMS 0x00000000f1200000, 0x00000000f1100000| Untracked 
| 274|0x00000000f1200000, 0x00000000f1300000, 0x00000000f1300000|100%| O|  |TAMS 0x00000000f1300000, 0x00000000f1200000| Untracked 
| 275|0x00000000f1300000, 0x00000000f1400000, 0x00000000f1400000|100%| O|  |TAMS 0x00000000f1400000, 0x00000000f1300000| Complete 
| 276|0x00000000f1400000, 0x00000000f1500000, 0x00000000f1500000|100%| O|  |TAMS 0x00000000f1500000, 0x00000000f1400000| Complete 
| 277|0x00000000f1500000, 0x00000000f1600000, 0x00000000f1600000|100%| O|  |TAMS 0x00000000f1600000, 0x00000000f1500000| Complete 
| 278|0x00000000f1600000, 0x00000000f1700000, 0x00000000f1700000|100%|HS|  |TAMS 0x00000000f1700000, 0x00000000f1600000| Complete 
| 279|0x00000000f1700000, 0x00000000f1800000, 0x00000000f1800000|100%|HS|  |TAMS 0x00000000f1800000, 0x00000000f1700000| Complete 
| 280|0x00000000f1800000, 0x00000000f1900000, 0x00000000f1900000|100%| O|  |TAMS 0x00000000f1900000, 0x00000000f1800000| Untracked 
| 281|0x00000000f1900000, 0x00000000f1a00000, 0x00000000f1a00000|100%| O|  |TAMS 0x00000000f1a00000, 0x00000000f1900000| Complete 
| 282|0x00000000f1a00000, 0x00000000f1b00000, 0x00000000f1b00000|100%| O|  |TAMS 0x00000000f1b00000, 0x00000000f1a00000| Complete 
| 283|0x00000000f1b00000, 0x00000000f1c00000, 0x00000000f1c00000|100%| O|  |TAMS 0x00000000f1c00000, 0x00000000f1b00000| Complete 
| 284|0x00000000f1c00000, 0x00000000f1d00000, 0x00000000f1d00000|100%| O|  |TAMS 0x00000000f1d00000, 0x00000000f1c00000| Complete 
| 285|0x00000000f1d00000, 0x00000000f1e00000, 0x00000000f1e00000|100%| O|  |TAMS 0x00000000f1e00000, 0x00000000f1d00000| Complete 
| 286|0x00000000f1e00000, 0x00000000f1e00000, 0x00000000f1f00000|  0%| F|  |TAMS 0x00000000f1e00000, 0x00000000f1e00000| Untracked 
| 287|0x00000000f1f00000, 0x00000000f1f00000, 0x00000000f2000000|  0%| F|  |TAMS 0x00000000f1f00000, 0x00000000f1f00000| Untracked 
| 288|0x00000000f2000000, 0x00000000f2000000, 0x00000000f2100000|  0%| F|  |TAMS 0x00000000f2000000, 0x00000000f2000000| Untracked 
| 289|0x00000000f2100000, 0x00000000f2100000, 0x00000000f2200000|  0%| F|  |TAMS 0x00000000f2100000, 0x00000000f2100000| Untracked 
| 290|0x00000000f2200000, 0x00000000f2200000, 0x00000000f2300000|  0%| F|  |TAMS 0x00000000f2200000, 0x00000000f2200000| Untracked 
| 291|0x00000000f2300000, 0x00000000f2300000, 0x00000000f2400000|  0%| F|  |TAMS 0x00000000f2300000, 0x00000000f2300000| Untracked 
| 292|0x00000000f2400000, 0x00000000f2400000, 0x00000000f2500000|  0%| F|  |TAMS 0x00000000f2400000, 0x00000000f2400000| Untracked 
| 293|0x00000000f2500000, 0x00000000f2500000, 0x00000000f2600000|  0%| F|  |TAMS 0x00000000f2500000, 0x00000000f2500000| Untracked 
| 294|0x00000000f2600000, 0x00000000f2600000, 0x00000000f2700000|  0%| F|  |TAMS 0x00000000f2600000, 0x00000000f2600000| Untracked 
| 295|0x00000000f2700000, 0x00000000f2700000, 0x00000000f2800000|  0%| F|  |TAMS 0x00000000f2700000, 0x00000000f2700000| Untracked 
| 296|0x00000000f2800000, 0x00000000f2800000, 0x00000000f2900000|  0%| F|  |TAMS 0x00000000f2800000, 0x00000000f2800000| Untracked 
| 297|0x00000000f2900000, 0x00000000f2900000, 0x00000000f2a00000|  0%| F|  |TAMS 0x00000000f2900000, 0x00000000f2900000| Untracked 
| 298|0x00000000f2a00000, 0x00000000f2a00000, 0x00000000f2b00000|  0%| F|  |TAMS 0x00000000f2a00000, 0x00000000f2a00000| Untracked 
| 299|0x00000000f2b00000, 0x00000000f2b00000, 0x00000000f2c00000|  0%| F|  |TAMS 0x00000000f2b00000, 0x00000000f2b00000| Untracked 
| 300|0x00000000f2c00000, 0x00000000f2c00000, 0x00000000f2d00000|  0%| F|  |TAMS 0x00000000f2c00000, 0x00000000f2c00000| Untracked 
| 301|0x00000000f2d00000, 0x00000000f2d00000, 0x00000000f2e00000|  0%| F|  |TAMS 0x00000000f2d00000, 0x00000000f2d00000| Untracked 
| 302|0x00000000f2e00000, 0x00000000f2e00000, 0x00000000f2f00000|  0%| F|  |TAMS 0x00000000f2e00000, 0x00000000f2e00000| Untracked 
| 303|0x00000000f2f00000, 0x00000000f2f00000, 0x00000000f3000000|  0%| F|  |TAMS 0x00000000f2f00000, 0x00000000f2f00000| Untracked 
| 304|0x00000000f3000000, 0x00000000f3000000, 0x00000000f3100000|  0%| F|  |TAMS 0x00000000f3000000, 0x00000000f3000000| Untracked 
| 305|0x00000000f3100000, 0x00000000f3100000, 0x00000000f3200000|  0%| F|  |TAMS 0x00000000f3100000, 0x00000000f3100000| Untracked 
| 306|0x00000000f3200000, 0x00000000f3200000, 0x00000000f3300000|  0%| F|  |TAMS 0x00000000f3200000, 0x00000000f3200000| Untracked 
| 307|0x00000000f3300000, 0x00000000f3300000, 0x00000000f3400000|  0%| F|  |TAMS 0x00000000f3300000, 0x00000000f3300000| Untracked 
| 308|0x00000000f3400000, 0x00000000f3400000, 0x00000000f3500000|  0%| F|  |TAMS 0x00000000f3400000, 0x00000000f3400000| Untracked 
| 309|0x00000000f3500000, 0x00000000f3500000, 0x00000000f3600000|  0%| F|  |TAMS 0x00000000f3500000, 0x00000000f3500000| Untracked 
| 310|0x00000000f3600000, 0x00000000f3641760, 0x00000000f3700000| 25%| S|CS|TAMS 0x00000000f3600000, 0x00000000f3600000| Complete 
| 311|0x00000000f3700000, 0x00000000f3800000, 0x00000000f3800000|100%| S|CS|TAMS 0x00000000f3700000, 0x00000000f3700000| Complete 
| 312|0x00000000f3800000, 0x00000000f3900000, 0x00000000f3900000|100%| S|CS|TAMS 0x00000000f3800000, 0x00000000f3800000| Complete 
| 313|0x00000000f3900000, 0x00000000f3a00000, 0x00000000f3a00000|100%| S|CS|TAMS 0x00000000f3900000, 0x00000000f3900000| Complete 
| 314|0x00000000f3a00000, 0x00000000f3b00000, 0x00000000f3b00000|100%| S|CS|TAMS 0x00000000f3a00000, 0x00000000f3a00000| Complete 
| 315|0x00000000f3b00000, 0x00000000f3b00000, 0x00000000f3c00000|  0%| F|  |TAMS 0x00000000f3b00000, 0x00000000f3b00000| Untracked 
| 316|0x00000000f3c00000, 0x00000000f3c00000, 0x00000000f3d00000|  0%| F|  |TAMS 0x00000000f3c00000, 0x00000000f3c00000| Untracked 
| 317|0x00000000f3d00000, 0x00000000f3d00000, 0x00000000f3e00000|  0%| F|  |TAMS 0x00000000f3d00000, 0x00000000f3d00000| Untracked 
| 318|0x00000000f3e00000, 0x00000000f3e00000, 0x00000000f3f00000|  0%| F|  |TAMS 0x00000000f3e00000, 0x00000000f3e00000| Untracked 
| 319|0x00000000f3f00000, 0x00000000f3f00000, 0x00000000f4000000|  0%| F|  |TAMS 0x00000000f3f00000, 0x00000000f3f00000| Untracked 
| 320|0x00000000f4000000, 0x00000000f4000000, 0x00000000f4100000|  0%| F|  |TAMS 0x00000000f4000000, 0x00000000f4000000| Untracked 
| 321|0x00000000f4100000, 0x00000000f4100000, 0x00000000f4200000|  0%| F|  |TAMS 0x00000000f4100000, 0x00000000f4100000| Untracked 
| 322|0x00000000f4200000, 0x00000000f4200000, 0x00000000f4300000|  0%| F|  |TAMS 0x00000000f4200000, 0x00000000f4200000| Untracked 
| 323|0x00000000f4300000, 0x00000000f4300000, 0x00000000f4400000|  0%| F|  |TAMS 0x00000000f4300000, 0x00000000f4300000| Untracked 
| 324|0x00000000f4400000, 0x00000000f4400000, 0x00000000f4500000|  0%| F|  |TAMS 0x00000000f4400000, 0x00000000f4400000| Untracked 
| 325|0x00000000f4500000, 0x00000000f4500000, 0x00000000f4600000|  0%| F|  |TAMS 0x00000000f4500000, 0x00000000f4500000| Untracked 
| 326|0x00000000f4600000, 0x00000000f4600000, 0x00000000f4700000|  0%| F|  |TAMS 0x00000000f4600000, 0x00000000f4600000| Untracked 
| 327|0x00000000f4700000, 0x00000000f4700000, 0x00000000f4800000|  0%| F|  |TAMS 0x00000000f4700000, 0x00000000f4700000| Untracked 
| 328|0x00000000f4800000, 0x00000000f4800000, 0x00000000f4900000|  0%| F|  |TAMS 0x00000000f4800000, 0x00000000f4800000| Untracked 
| 329|0x00000000f4900000, 0x00000000f4900000, 0x00000000f4a00000|  0%| F|  |TAMS 0x00000000f4900000, 0x00000000f4900000| Untracked 
| 330|0x00000000f4a00000, 0x00000000f4a00000, 0x00000000f4b00000|  0%| F|  |TAMS 0x00000000f4a00000, 0x00000000f4a00000| Untracked 
| 331|0x00000000f4b00000, 0x00000000f4b00000, 0x00000000f4c00000|  0%| F|  |TAMS 0x00000000f4b00000, 0x00000000f4b00000| Untracked 
| 332|0x00000000f4c00000, 0x00000000f4c00000, 0x00000000f4d00000|  0%| F|  |TAMS 0x00000000f4c00000, 0x00000000f4c00000| Untracked 
| 333|0x00000000f4d00000, 0x00000000f4d00000, 0x00000000f4e00000|  0%| F|  |TAMS 0x00000000f4d00000, 0x00000000f4d00000| Untracked 
| 334|0x00000000f4e00000, 0x00000000f4e00000, 0x00000000f4f00000|  0%| F|  |TAMS 0x00000000f4e00000, 0x00000000f4e00000| Untracked 
| 335|0x00000000f4f00000, 0x00000000f4f00000, 0x00000000f5000000|  0%| F|  |TAMS 0x00000000f4f00000, 0x00000000f4f00000| Untracked 
| 336|0x00000000f5000000, 0x00000000f5000000, 0x00000000f5100000|  0%| F|  |TAMS 0x00000000f5000000, 0x00000000f5000000| Untracked 
| 337|0x00000000f5100000, 0x00000000f5100000, 0x00000000f5200000|  0%| F|  |TAMS 0x00000000f5100000, 0x00000000f5100000| Untracked 
| 338|0x00000000f5200000, 0x00000000f5200000, 0x00000000f5300000|  0%| F|  |TAMS 0x00000000f5200000, 0x00000000f5200000| Untracked 
| 339|0x00000000f5300000, 0x00000000f5300000, 0x00000000f5400000|  0%| F|  |TAMS 0x00000000f5300000, 0x00000000f5300000| Untracked 
| 340|0x00000000f5400000, 0x00000000f5400000, 0x00000000f5500000|  0%| F|  |TAMS 0x00000000f5400000, 0x00000000f5400000| Untracked 
| 341|0x00000000f5500000, 0x00000000f5500000, 0x00000000f5600000|  0%| F|  |TAMS 0x00000000f5500000, 0x00000000f5500000| Untracked 
| 342|0x00000000f5600000, 0x00000000f5600000, 0x00000000f5700000|  0%| F|  |TAMS 0x00000000f5600000, 0x00000000f5600000| Untracked 
| 343|0x00000000f5700000, 0x00000000f5700000, 0x00000000f5800000|  0%| F|  |TAMS 0x00000000f5700000, 0x00000000f5700000| Untracked 
| 344|0x00000000f5800000, 0x00000000f5829350, 0x00000000f5900000| 16%| E|  |TAMS 0x00000000f5800000, 0x00000000f5800000| Complete 
| 345|0x00000000f5900000, 0x00000000f5a00000, 0x00000000f5a00000|100%| E|CS|TAMS 0x00000000f5900000, 0x00000000f5900000| Complete 

Card table byte_map: [0x000001a075ae0000,0x000001a075be0000] _byte_map_base: 0x000001a0753e0000

Marking Bits (Prev, Next): (CMBitMap*) 0x000001a06ddada58, (CMBitMap*) 0x000001a06ddada90
 Prev Bits: [0x000001a075ce0000, 0x000001a0764e0000)
 Next Bits: [0x000001a0764e0000, 0x000001a076ce0000)

Polling page: 0x000001a06c400000

Metaspace:

Usage:
  Non-class:    102.66 MB capacity,   100.25 MB ( 98%) used,     2.10 MB (  2%) free+waste,   318.81 KB ( <1%) overhead. 
      Class:     14.56 MB capacity,    13.44 MB ( 92%) used,  1007.20 KB (  7%) free+waste,   137.31 KB ( <1%) overhead. 
       Both:    117.23 MB capacity,   113.69 MB ( 97%) used,     3.09 MB (  3%) free+waste,   456.13 KB ( <1%) overhead. 

Virtual space:
  Non-class space:      104.00 MB reserved,     103.00 MB (>99%) committed 
      Class space:      248.00 MB reserved,      14.74 MB (  6%) committed 
             Both:      352.00 MB reserved,     117.74 MB ( 33%) committed 

Chunk freelists:
   Non-Class:  27.13 KB
       Class:  17.38 KB
        Both:  44.50 KB

CodeHeap 'non-profiled nmethods': size=120064Kb used=21506Kb max_used=21665Kb free=98557Kb
 bounds [0x000001a007ac0000, 0x000001a008ff0000, 0x000001a00f000000]
CodeHeap 'profiled nmethods': size=120000Kb used=47668Kb max_used=49821Kb free=72331Kb
 bounds [0x000001a000590000, 0x000001a003660000, 0x000001a007ac0000]
CodeHeap 'non-nmethods': size=5696Kb used=2342Kb max_used=2430Kb free=3353Kb
 bounds [0x000001a000000000, 0x000001a000270000, 0x000001a000590000]
 total_blobs=23299 nmethods=22331 adapters=877
 compilation: enabled
              stopped_count=0, restarted_count=0
 full_count=0

Compilation events (10 events):
Event: 631.111 Thread 0x000001a079306000 nmethod 27144 0x000001a007d73690 code [0x000001a007d73800, 0x000001a007d73898]
Event: 631.111 Thread 0x000001a079306000 27169       4       com.android.tools.r8.code.MoveResultObject::collectIndexedItems (8 bytes)
Event: 631.111 Thread 0x000001a079306000 nmethod 27169 0x000001a007e42a90 code [0x000001a007e42c00, 0x000001a007e42c58]
Event: 631.111 Thread 0x000001a079306000 27164       4       com.android.tools.r8.graph.DexDebugEvent$StartLocal::collectIndexedItems (52 bytes)
Event: 631.122 Thread 0x000001a079316000 27173       3       com.android.tools.r8.code.AndInt2Addr::collectIndexedItems (8 bytes)
Event: 631.123 Thread 0x000001a079316000 nmethod 27173 0x000001a000957b10 code [0x000001a000957ca0, 0x000001a000957df8]
Event: 631.123 Thread 0x000001a079316000 27174       3       com.android.tools.r8.code.IntToLong::collectIndexedItems (8 bytes)
Event: 631.123 Thread 0x000001a079316000 nmethod 27174 0x000001a000965210 code [0x000001a0009653a0, 0x000001a0009654f8]
Event: 631.125 Thread 0x000001a079316000 27175       3       com.android.tools.r8.code.OrInt2Addr::collectIndexedItems (8 bytes)
Event: 631.125 Thread 0x000001a079316000 nmethod 27175 0x000001a000986f10 code [0x000001a0009870a0, 0x000001a0009871f8]

GC Heap History (10 events):
Event: 627.758 GC heap before
{Heap before GC invocations=138 (full 0):
 garbage-first heap   total 332800K, used 303104K [0x00000000e0000000, 0x0000000100000000)
  region size 1024K, 16 young (16384K), 2 survivors (2048K)
 Metaspace       used 116191K, capacity 119952K, committed 120056K, reserved 360448K
  class space    used 13808K, capacity 15038K, committed 15096K, reserved 253952K
}
Event: 627.781 GC heap after
{Heap after GC invocations=139 (full 0):
 garbage-first heap   total 332800K, used 294688K [0x00000000e0000000, 0x0000000100000000)
  region size 1024K, 2 young (2048K), 2 survivors (2048K)
 Metaspace       used 116191K, capacity 119952K, committed 120056K, reserved 360448K
  class space    used 13808K, capacity 15038K, committed 15096K, reserved 253952K
}
Event: 628.333 GC heap before
{Heap before GC invocations=140 (full 0):
 garbage-first heap   total 332800K, used 242464K [0x00000000e0000000, 0x0000000100000000)
  region size 1024K, 16 young (16384K), 2 survivors (2048K)
 Metaspace       used 116343K, capacity 119975K, committed 120568K, reserved 360448K
  class space    used 13763K, capacity 14912K, committed 15096K, reserved 253952K
}
Event: 628.366 GC heap after
{Heap after GC invocations=141 (full 0):
 garbage-first heap   total 354304K, used 234219K [0x00000000e0000000, 0x0000000100000000)
  region size 1024K, 2 young (2048K), 2 survivors (2048K)
 Metaspace       used 116343K, capacity 119975K, committed 120568K, reserved 360448K
  class space    used 13763K, capacity 14912K, committed 15096K, reserved 253952K
}
Event: 628.695 GC heap before
{Heap before GC invocations=141 (full 0):
 garbage-first heap   total 354304K, used 249579K [0x00000000e0000000, 0x0000000100000000)
  region size 1024K, 17 young (17408K), 2 survivors (2048K)
 Metaspace       used 116362K, capacity 120039K, committed 120568K, reserved 360448K
  class space    used 13763K, capacity 14912K, committed 15096K, reserved 253952K
}
Event: 628.725 GC heap after
{Heap after GC invocations=142 (full 0):
 garbage-first heap   total 354304K, used 216064K [0x00000000e0000000, 0x0000000100000000)
  region size 1024K, 3 young (3072K), 3 survivors (3072K)
 Metaspace       used 116362K, capacity 120039K, committed 120568K, reserved 360448K
  class space    used 13763K, capacity 14912K, committed 15096K, reserved 253952K
}
Event: 629.375 GC heap before
{Heap before GC invocations=142 (full 0):
 garbage-first heap   total 354304K, used 259072K [0x00000000e0000000, 0x0000000100000000)
  region size 1024K, 45 young (46080K), 3 survivors (3072K)
 Metaspace       used 116395K, capacity 120042K, committed 120568K, reserved 360448K
  class space    used 13766K, capacity 14913K, committed 15096K, reserved 253952K
}
Event: 629.425 GC heap after
{Heap after GC invocations=143 (full 0):
 garbage-first heap   total 354304K, used 242157K [0x00000000e0000000, 0x0000000100000000)
  region size 1024K, 6 young (6144K), 6 survivors (6144K)
 Metaspace       used 116395K, capacity 120042K, committed 120568K, reserved 360448K
  class space    used 13766K, capacity 14913K, committed 15096K, reserved 253952K
}
Event: 631.044 GC heap before
{Heap before GC invocations=144 (full 0):
 garbage-first heap   total 354304K, used 267757K [0x00000000e0000000, 0x0000000100000000)
  region size 1024K, 37 young (37888K), 6 survivors (6144K)
 Metaspace       used 116420K, capacity 120039K, committed 120568K, reserved 360448K
  class space    used 13767K, capacity 14912K, committed 15096K, reserved 253952K
}
Event: 631.075 GC heap after
{Heap after GC invocations=145 (full 0):
 garbage-first heap   total 354304K, used 241925K [0x00000000e0000000, 0x0000000100000000)
  region size 1024K, 5 young (5120K), 5 survivors (5120K)
 Metaspace       used 116420K, capacity 120039K, committed 120568K, reserved 360448K
  class space    used 13767K, capacity 14912K, committed 15096K, reserved 253952K
}

Deoptimization events (10 events):
Event: 628.372 Thread 0x000001a013047800 Uncommon trap: reason=unstable_if action=reinterpret pc=0x000001a008fa5c18 method=com.android.tools.r8.code.BaseInstructionFactory.create(IILcom/android/tools/r8/code/BytecodeStream;Lcom/android/tools/r8/graph/OffsetToObjectMapping;)Lcom/android/tools/r8/
Event: 628.436 Thread 0x000001a01304c800 Uncommon trap: reason=unloaded action=reinterpret pc=0x000001a008f9ee38 method=com.android.tools.r8.dex.DexParser.parseEncodedValue()Lcom/android/tools/r8/graph/DexValue; @ 493 c2
Event: 629.054 Thread 0x000001a01304d800 Uncommon trap: reason=profile_predicate action=maybe_recompile pc=0x000001a008fc8434 method=com.android.tools.r8.graph.DexTypeList.slowCompareTo(Lcom/android/tools/r8/graph/DexTypeList;)I @ 19 c2
Event: 629.054 Thread 0x000001a01304d800 Uncommon trap: reason=profile_predicate action=maybe_recompile pc=0x000001a008fc8434 method=com.android.tools.r8.graph.DexTypeList.slowCompareTo(Lcom/android/tools/r8/graph/DexTypeList;)I @ 19 c2
Event: 629.054 Thread 0x000001a01304d800 Uncommon trap: reason=profile_predicate action=maybe_recompile pc=0x000001a008fc8434 method=com.android.tools.r8.graph.DexTypeList.slowCompareTo(Lcom/android/tools/r8/graph/DexTypeList;)I @ 19 c2
Event: 629.054 Thread 0x000001a01304d800 Uncommon trap: reason=profile_predicate action=maybe_recompile pc=0x000001a008fc8434 method=com.android.tools.r8.graph.DexTypeList.slowCompareTo(Lcom/android/tools/r8/graph/DexTypeList;)I @ 19 c2
Event: 629.368 Thread 0x000001a01304b800 Uncommon trap: reason=unstable_if action=reinterpret pc=0x000001a008d010dc method=com.android.tools.r8.dex.Marker.parse(Lcom/android/tools/r8/graph/DexString;)Lcom/android/tools/r8/dex/Marker; @ 16 c2
Event: 629.541 Thread 0x000001a01304b800 Uncommon trap: reason=unstable_if action=reinterpret pc=0x000001a007bc8484 method=com.android.tools.r8.graph.DexItemFactory.extractMarkers()Ljava/util/List; @ 25 c2
Event: 629.679 Thread 0x000001a01304b800 Uncommon trap: reason=unstable_if action=reinterpret pc=0x000001a008cc0ec8 method=com.android.tools.r8.graph.DexString.slowCompareTo(Lcom/android/tools/r8/graph/DexString;)I @ 80 c2
Event: 629.705 Thread 0x000001a01304b800 Uncommon trap: reason=unstable_if action=reinterpret pc=0x000001a007cbf304 method=com.android.tools.r8.graph.DexString.slowCompareTo(Lcom/android/tools/r8/graph/DexString;)I @ 54 c2

Classes redefined (0 events):
No events

Internal exceptions (10 events):
Event: 625.027 Thread 0x000001a00f6c0800 Implicit null exception at 0x000001a008d825dd to 0x000001a008d87418
Event: 626.715 Thread 0x000001a00f6c0800 Exception <a 'sun/nio/fs/WindowsException'{0x00000000f1be6d18}> (0x00000000f1be6d18) thrown at [./open/src/hotspot/share/prims/jni.cpp, line 611]
Event: 626.895 Thread 0x000001a00f6c0800 Exception <a 'sun/nio/fs/WindowsException'{0x00000000f42aa338}> (0x00000000f42aa338) thrown at [./open/src/hotspot/share/prims/jni.cpp, line 611]
Event: 627.242 Thread 0x000001a01304b800 Exception <a 'sun/nio/fs/WindowsException'{0x00000000f248dbf8}> (0x00000000f248dbf8) thrown at [./open/src/hotspot/share/prims/jni.cpp, line 611]
Event: 627.818 Thread 0x000001a013047800 Implicit null exception at 0x000001a007c3352f to 0x000001a007c3361c
Event: 628.099 Thread 0x000001a01304d800 Implicit null exception at 0x000001a008f95caf to 0x000001a008f96551
Event: 628.101 Thread 0x000001a013047800 Implicit null exception at 0x000001a008f95caf to 0x000001a008f96551
Event: 628.101 Thread 0x000001a013047800 Implicit null exception at 0x000001a008f95caf to 0x000001a008f96551
Event: 628.102 Thread 0x000001a013047800 Implicit null exception at 0x000001a008f95caf to 0x000001a008f96551
Event: 629.541 Thread 0x000001a01304b800 Implicit null exception at 0x000001a007bc7f23 to 0x000001a007bc8464

Events (10 events):
Event: 629.930 Thread 0x000001a012c4a000 Thread exited: 0x000001a012c4a000
Event: 629.939 Thread 0x000001a01304b800 DEOPT PACKING pc=0x000001a0034852ab sp=0x0000008d15bfebd0
Event: 629.939 Thread 0x000001a01304b800 DEOPT UNPACKING pc=0x000001a000026d5e sp=0x0000008d15bfe0e8 mode 0
Event: 630.165 Executing VM operation: CGC_Operation
Event: 630.198 Executing VM operation: CGC_Operation done
Event: 630.312 Thread 0x000001a012c4a000 Thread added: 0x000001a012c4a000
Event: 630.591 Executing VM operation: CGC_Operation
Event: 630.591 Executing VM operation: CGC_Operation done
Event: 631.044 Executing VM operation: G1CollectForAllocation
Event: 631.075 Executing VM operation: G1CollectForAllocation done


Dynamic libraries:
0x00007ff630090000 - 0x00007ff63009f000 	C:\Program Files\Java\jdk-11.0.13\bin\java.exe
0x00007ffd10db0000 - 0x00007ffd10fa8000 	C:\Windows\SYSTEM32\ntdll.dll
0x00007ffd10480000 - 0x00007ffd1053d000 	C:\Windows\System32\KERNEL32.DLL
0x00007ffd0e6d0000 - 0x00007ffd0e99e000 	C:\Windows\System32\KERNELBASE.dll
0x00007ffd0ed10000 - 0x00007ffd0ee10000 	C:\Windows\System32\ucrtbase.dll
0x00007ffcf1cd0000 - 0x00007ffcf1ce5000 	C:\Program Files\Java\jdk-11.0.13\bin\VCRUNTIME140.dll
0x00007ffcf1fb0000 - 0x00007ffcf1fc8000 	C:\Program Files\Java\jdk-11.0.13\bin\jli.dll
0x00007ffd0f620000 - 0x00007ffd0f6ce000 	C:\Windows\System32\ADVAPI32.dll
0x00007ffd10340000 - 0x00007ffd103de000 	C:\Windows\System32\msvcrt.dll
0x00007ffd103e0000 - 0x00007ffd1047c000 	C:\Windows\System32\sechost.dll
0x00007ffd0ee10000 - 0x00007ffd0ef35000 	C:\Windows\System32\RPCRT4.dll
0x00007ffd10b20000 - 0x00007ffd10cc0000 	C:\Windows\System32\USER32.dll
0x00007ffd0e610000 - 0x00007ffd0e632000 	C:\Windows\System32\win32u.dll
0x00007ffd00c40000 - 0x00007ffd00eda000 	C:\Windows\WinSxS\amd64_microsoft.windows.common-controls_6595b64144ccf1df_6.0.19041.1110_none_60b5254171f9507e\COMCTL32.dll
0x00007ffd102b0000 - 0x00007ffd102da000 	C:\Windows\System32\GDI32.dll
0x00007ffd0e4d0000 - 0x00007ffd0e5db000 	C:\Windows\System32\gdi32full.dll
0x00007ffd0ec20000 - 0x00007ffd0ecbd000 	C:\Windows\System32\msvcp_win.dll
0x00007ffcfdf20000 - 0x00007ffcfdf2a000 	C:\Windows\SYSTEM32\VERSION.dll
0x00007ffd10280000 - 0x00007ffd102b0000 	C:\Windows\System32\IMM32.DLL
0x00007ffcb6190000 - 0x00007ffcb622b000 	C:\Program Files\Java\jdk-11.0.13\bin\msvcp140.dll
0x00007ffca0ad0000 - 0x00007ffca15e3000 	C:\Program Files\Java\jdk-11.0.13\bin\server\jvm.dll
0x00007ffd0f980000 - 0x00007ffd0f988000 	C:\Windows\System32\PSAPI.DLL
0x00007ffcfceb0000 - 0x00007ffcfceb9000 	C:\Windows\SYSTEM32\WSOCK32.dll
0x00007ffd0ef60000 - 0x00007ffd0efcb000 	C:\Windows\System32\WS2_32.dll
0x00007ffcffd40000 - 0x00007ffcffd67000 	C:\Windows\SYSTEM32\WINMM.dll
0x00007ffd0c3d0000 - 0x00007ffd0c3e2000 	C:\Windows\SYSTEM32\kernel.appcore.dll
0x00007ffcef470000 - 0x00007ffcef480000 	C:\Program Files\Java\jdk-11.0.13\bin\verify.dll
0x00007ffcffdc0000 - 0x00007ffcfffa4000 	C:\Windows\SYSTEM32\DBGHELP.DLL
0x00007ffcffc30000 - 0x00007ffcffc5c000 	C:\Windows\SYSTEM32\dbgcore.DLL
0x00007ffd0e640000 - 0x00007ffd0e6c2000 	C:\Windows\System32\bcryptPrimitives.dll
0x00007ffcd5af0000 - 0x00007ffcd5b18000 	C:\Program Files\Java\jdk-11.0.13\bin\java.dll
0x00007ffcef460000 - 0x00007ffcef46a000 	C:\Program Files\Java\jdk-11.0.13\bin\jimage.dll
0x00007ffcd6f60000 - 0x00007ffcd6f76000 	C:\Program Files\Java\jdk-11.0.13\bin\zip.dll
0x00007ffd0fa40000 - 0x00007ffd10184000 	C:\Windows\System32\SHELL32.dll
0x00007ffd0c5d0000 - 0x00007ffd0cd64000 	C:\Windows\SYSTEM32\windows.storage.dll
0x00007ffd0efd0000 - 0x00007ffd0f324000 	C:\Windows\System32\combase.dll
0x00007ffd0de60000 - 0x00007ffd0de90000 	C:\Windows\SYSTEM32\Wldp.dll
0x00007ffd10cc0000 - 0x00007ffd10d6d000 	C:\Windows\System32\SHCORE.dll
0x00007ffd105d0000 - 0x00007ffd10625000 	C:\Windows\System32\shlwapi.dll
0x00007ffd0e410000 - 0x00007ffd0e42f000 	C:\Windows\SYSTEM32\profapi.dll
0x00007ffcd5330000 - 0x00007ffcd5349000 	C:\Program Files\Java\jdk-11.0.13\bin\net.dll
0x00007ffd027d0000 - 0x00007ffd028da000 	C:\Windows\SYSTEM32\WINHTTP.dll
0x00007ffd0dbc0000 - 0x00007ffd0dc2a000 	C:\Windows\system32\mswsock.dll
0x00007ffcd3c00000 - 0x00007ffcd3c12000 	C:\Program Files\Java\jdk-11.0.13\bin\nio.dll
0x00007ffccf8b0000 - 0x00007ffccf8d6000 	C:\Users\LUCKY\.gradle\native\29\windows-amd64\native-platform.dll
0x00007ffcd5ae0000 - 0x00007ffcd5ae9000 	C:\Program Files\Java\jdk-11.0.13\bin\management.dll
0x00007ffcd3bd0000 - 0x00007ffcd3bdb000 	C:\Program Files\Java\jdk-11.0.13\bin\management_ext.dll
0x00007ffd0ddb0000 - 0x00007ffd0ddc8000 	C:\Windows\SYSTEM32\CRYPTSP.dll
0x00007ffd0d540000 - 0x00007ffd0d574000 	C:\Windows\system32\rsaenh.dll
0x00007ffd0e5e0000 - 0x00007ffd0e607000 	C:\Windows\System32\bcrypt.dll
0x00007ffd0e390000 - 0x00007ffd0e3be000 	C:\Windows\SYSTEM32\USERENV.dll
0x00007ffd0ddd0000 - 0x00007ffd0dddc000 	C:\Windows\SYSTEM32\CRYPTBASE.dll
0x00007ffd0d8b0000 - 0x00007ffd0d8eb000 	C:\Windows\SYSTEM32\IPHLPAPI.DLL
0x00007ffd10270000 - 0x00007ffd10278000 	C:\Windows\System32\NSI.dll
0x00007ffd07bd0000 - 0x00007ffd07be7000 	C:\Windows\SYSTEM32\dhcpcsvc6.DLL
0x00007ffd07ca0000 - 0x00007ffd07cbd000 	C:\Windows\SYSTEM32\dhcpcsvc.DLL
0x00007ffd0d8f0000 - 0x00007ffd0d9bb000 	C:\Windows\SYSTEM32\DNSAPI.dll
0x00007ffcfc050000 - 0x00007ffcfc05d000 	C:\Program Files\Java\jdk-11.0.13\bin\sunmscapi.dll
0x00007ffd0e9a0000 - 0x00007ffd0eaf6000 	C:\Windows\System32\CRYPT32.dll
0x00007ffd0ded0000 - 0x00007ffd0def7000 	C:\Windows\SYSTEM32\ncrypt.dll
0x00007ffd0de90000 - 0x00007ffd0decb000 	C:\Windows\SYSTEM32\NTASN1.dll
0x00007ffcfc020000 - 0x00007ffcfc045000 	C:\Program Files\Java\jdk-11.0.13\bin\sunec.dll
0x00007ffd01da0000 - 0x00007ffd01daa000 	C:\Windows\System32\rasadhlp.dll
0x00007ffd025e0000 - 0x00007ffd02660000 	C:\Windows\System32\fwpuclnt.dll
0x00007ffd0d1d0000 - 0x00007ffd0d203000 	C:\Windows\SYSTEM32\ntmarta.dll

dbghelp: loaded successfully - version: 4.0.5 - missing functions: none
symbol engine: initialized successfully - sym options: 0x614 - pdb path: .;C:\Program Files\Java\jdk-11.0.13\bin;C:\Windows\SYSTEM32;C:\Windows\WinSxS\amd64_microsoft.windows.common-controls_6595b64144ccf1df_6.0.19041.1110_none_60b5254171f9507e;C:\Program Files\Java\jdk-11.0.13\bin\server;C:\Users\LUCKY\.gradle\native\29\windows-amd64

VM Arguments:
jvm_args: --add-opens=java.base/java.util=ALL-UNNAMED --add-opens=java.base/java.lang=ALL-UNNAMED --add-opens=java.base/java.lang.invoke=ALL-UNNAMED --add-opens=java.prefs/java.util.prefs=ALL-UNNAMED -XX:MaxMetaspaceSize=256m -XX:+HeapDumpOnOutOfMemoryError -Xms256m -Xmx512m -Dfile.encoding=windows-1252 -Duser.country=US -Duser.language=en -Duser.variant 
java_command: org.gradle.launcher.daemon.bootstrap.GradleDaemon 5.5
java_class_path (initial): C:\Users\LUCKY\.gradle\wrapper\dists\gradle-5.5-all\byeise1led9a3w3p149d02kfj\gradle-5.5\lib\gradle-launcher-5.5.jar
Launcher Type: SUN_STANDARD

[Global flags]
     intx CICompilerCount                          = 3                                         {product} {ergonomic}
   size_t CompressedClassSpaceSize                 = 260046848                                 {product} {ergonomic}
     uint ConcGCThreads                            = 1                                         {product} {ergonomic}
     uint G1ConcRefinementThreads                  = 4                                         {product} {ergonomic}
   size_t G1HeapRegionSize                         = 1048576                                   {product} {ergonomic}
    uintx GCDrainStackTargetSize                   = 64                                        {product} {ergonomic}
     bool HeapDumpOnOutOfMemoryError               = true                                   {manageable} {command line}
   size_t InitialHeapSize                          = 268435456                                 {product} {command line}
   size_t MarkStackSize                            = 4194304                                   {product} {ergonomic}
   size_t MaxHeapSize                              = 536870912                                 {product} {command line}
   size_t MaxMetaspaceSize                         = 268435456                                 {product} {command line}
   size_t MaxNewSize                               = 321912832                                 {product} {ergonomic}
   size_t MinHeapDeltaBytes                        = 1048576                                   {product} {ergonomic}
    uintx NonNMethodCodeHeapSize                   = 5830732                                {pd product} {ergonomic}
    uintx NonProfiledCodeHeapSize                  = 122913754                              {pd product} {ergonomic}
    uintx ProfiledCodeHeapSize                     = 122913754                              {pd product} {ergonomic}
    uintx ReservedCodeCacheSize                    = 251658240                              {pd product} {ergonomic}
     bool SegmentedCodeCache                       = true                                      {product} {ergonomic}
     bool UseCompressedClassPointers               = true                                 {lp64_product} {ergonomic}
     bool UseCompressedOops                        = true                                 {lp64_product} {ergonomic}
     bool UseG1GC                                  = true                                      {product} {ergonomic}
     bool UseLargePagesIndividualAllocation        = false                                  {pd product} {ergonomic}

Logging:
Log output configuration:
 #0: stdout all=warning uptime,level,tags
 #1: stderr all=off uptime,level,tags

Environment Variables:
JAVA_HOME=C:\Program Files\Java\jdk-11.0.13\
CLASSPATH=D:\MyWork\ReactNative\whsnxt_mvp (2)\android\\gradle\wrapper\gradle-wrapper.jar
PATH=C:\Program Files (x86)\OpenJDK\jdk-8.0.262.10-hotspot\bin;C:\Program Files (x86)\Common Files\Oracle\Java\javapath;C:\Program Files\Common Files\Oracle\Java\javapath;C:\Windows\system32;C:\Windows;C:\Windows\System32\Wbem;C:\Windows\System32\WindowsPowerShell\v1.0\;C:\Windows\System32\OpenSSH\;C:\Program Files\Git\cmd;C:\Users\LUCKY\AppData\Roaming\nvm;C:\Program Files\nodejs;C:\xampp\php;C:\ProgramData\ComposerSetup\bin;C:\Program Files\PuTTY\;C:\Program Files\Java\jdk-18.0.1.1\bin;C:\Program Files\Microsoft SQL Server\150\Tools\Binn\;C:\Users\LUCKY\AppData\Local\Android\Sdk\platform-tools;C:\Program Files\Java\jdk-11.0.13\bin;C:\Users\LUCKY\AppData\Local\Android\Sdk\ndk-bundle;C:\Users\LUCKY\AppData\Local\Programs\Python\Python310\Scripts\;C:\Users\LUCKY\AppData\Local\Programs\Python\Python310\;C:\Users\LUCKY\AppData\Local\Microsoft\WindowsApps;C:\Program Files\Bandizip\;C:\Users\LUCKY\AppData\Roaming\npm;C:\Users\LUCKY\AppData\Local\Programs\Microsoft VS Code\bin;C:\Users\LUCKY\AppData\Roaming\nvm;C:\Program Files\nodejs;C:\Users\LUCKY\AppData\Roaming\Composer\vendor\bin;C:\Program Files\JetBrains\PyCharm Community Edition 2022.1.1\bin;;C:\Users\LUCKY\AppData\Local\Android\Sdk\ndk-bundle;C:\Users\LUCKY\AppData\Local\Android\Sdk\platform-tools;
USERNAME=LUCKY
OS=Windows_NT
PROCESSOR_IDENTIFIER=Intel64 Family 6 Model 58 Stepping 9, GenuineIntel



---------------  S Y S T E M  ---------------

OS: Windows 10 , 64 bit Build 19041 (10.0.19041.1806)

CPU:total 4 (initial active 4) (2 cores per cpu, 2 threads per core) family 6 model 58 stepping 9 microcode 0x21, cmov, cx8, fxsr, mmx, sse, sse2, sse3, ssse3, sse4.1, sse4.2, popcnt, avx, aes, clmul, erms, ht, tsc, tscinvbit, tscinv

Memory: 4k page, system-wide physical 12182M (3255M free)
TotalPageFile size 24470M (AvailPageFile size 13896M)
current process WorkingSet (physical memory assigned to process): 765M, peak: 767M
current process commit charge ("private bytes"): 798M, peak: 800M

vm_info: Java HotSpot(TM) 64-Bit Server VM (11.0.13+10-LTS-370) for windows-amd64 JRE (11.0.13+10-LTS-370), built on Sep 15 2021 22:10:36 by "mach5one" with MS VC++ 15.9 (VS2017)

END.
