#
# A fatal error has been detected by the Java Runtime Environment:
#
#  EXCEPTION_ACCESS_VIOLATION (0xc0000005) at pc=0x00007ffa9b9453a0, pid=15792, tid=8916
#
# JRE version: Java(TM) SE Runtime Environment 18.9 (11.0.13+10) (build 11.0.13+10-LTS-370)
# Java VM: Java HotSpot(TM) 64-Bit Server VM 18.9 (11.0.13+10-LTS-370, mixed mode, tiered, compressed oops, g1 gc, windows-amd64)
# Problematic frame:
# V  [jvm.dll+0x3453a0]
#
# No core dump will be written. Minidumps are not enabled by default on client versions of Windows
#
# If you would like to submit a bug report, please visit:
#   https://bugreport.java.com/bugreport/crash.jsp
#

---------------  S U M M A R Y ------------

Command Line: --add-opens=java.base/java.util=ALL-UNNAMED --add-opens=java.base/java.lang=ALL-UNNAMED --add-opens=java.base/java.lang.invoke=ALL-UNNAMED --add-opens=java.prefs/java.util.prefs=ALL-UNNAMED -XX:MaxMetaspaceSize=256m -XX:+HeapDumpOnOutOfMemoryError -Xms256m -Xmx512m -Dfile.encoding=windows-1252 -Duser.country=US -Duser.language=en -Duser.variant org.gradle.launcher.daemon.bootstrap.GradleDaemon 5.5

Host: Intel(R) Core(TM) i5-3230M CPU @ 2.60GHz, 4 cores, 11G,  Windows 10 , 64 bit Build 19041 (10.0.19041.1889)
Time: Mon Aug 22 00:49:03 2022 Tokyo Standard Time elapsed time: 1706.251391 seconds (0d 0h 28m 26s)

---------------  T H R E A D  ---------------

Current thread (0x0000010e753f9800):  JavaThread "C2 CompilerThread1" daemon [_thread_in_native, id=8916, stack(0x00000004cfa00000,0x00000004cfb00000)]


Current CompileTask:
C2:1706251 11750       4       org.gradle.internal.logging.sink.OutputEventTransformer::onOutput (399 bytes)

Stack: [0x00000004cfa00000,0x00000004cfb00000],  sp=0x00000004cfafb920,  free space=1006k
Native frames: (J=compiled Java code, j=interpreted, Vv=VM code, C=native code)
V  [jvm.dll+0x3453a0]
V  [jvm.dll+0x33ec8f]
V  [jvm.dll+0x18ca27]
V  [jvm.dll+0x1f8362]
V  [jvm.dll+0x1f743d]
V  [jvm.dll+0x177991]
V  [jvm.dll+0x206d84]
V  [jvm.dll+0x204ebb]
V  [jvm.dll+0x727e70]
V  [jvm.dll+0x720a54]
V  [jvm.dll+0x627606]
C  [ucrtbase.dll+0x21bb2]
C  [KERNEL32.DLL+0x17034]
C  [ntdll.dll+0x52651]


siginfo: EXCEPTION_ACCESS_VIOLATION (0xc0000005), reading address 0x0000030e711b60e0


Register to memory mapping:

RIP=0x00007ffa9b9453a0 jvm.dll
RAX=0x0 is NULL
RBX=0x000000000000000c is an unknown value
RCX=0x0 is NULL
RDX=0x0000000000000008 is an unknown value
RSP=0x00000004cfafb920 is pointing into the stack for thread: 0x0000010e753f9800
RBP=0x0000000000000008 is an unknown value
RSI=0x00007ffa9c0432e8 jvm.dll
RDI=0x0000010e714fd9e0 points into unknown readable memory: 0x0000010e7522cbf0 | f0 cb 22 75 0e 01 00 00
R8 =0x0000030e711b60e0 is an unknown value
R9 =0x00000004cfafb970 is pointing into the stack for thread: 0x0000010e753f9800
R10=0x000000000000000c is an unknown value
R11=0x00000004cfafb880 is pointing into the stack for thread: 0x0000010e753f9800
R12=0x00007ffa9b600000 jvm.dll
R13=0x0000010e6b20e8e0 points into unknown readable memory: 0x0000010e73506e90 | 90 6e 50 73 0e 01 00 00
R14=0x00000000000f8f20 is an unknown value
R15=0x0000000000001001 is an unknown value


Registers:
RAX=0x0000000000000000, RBX=0x000000000000000c, RCX=0x0000000000000000, RDX=0x0000000000000008
RSP=0x00000004cfafb920, RBP=0x0000000000000008, RSI=0x00007ffa9c0432e8, RDI=0x0000010e714fd9e0
R8 =0x0000030e711b60e0, R9 =0x00000004cfafb970, R10=0x000000000000000c, R11=0x00000004cfafb880
R12=0x00007ffa9b600000, R13=0x0000010e6b20e8e0, R14=0x00000000000f8f20, R15=0x0000000000001001
RIP=0x00007ffa9b9453a0, EFLAGS=0x0000000000010246

Top of Stack: (sp=0x00000004cfafb920)
0x00000004cfafb920:   00000004cfaf0000 0000000000000000
0x00000004cfafb930:   0000000000000418 0000010e70a0ef00
0x00000004cfafb940:   0000000000000004 00007ffa9b93ec8f
0x00000004cfafb950:   0000000000000002 00000000000018e5
0x00000004cfafb960:   00000004cfafbaa0 00007ffa9be74580
0x00000004cfafb970:   00000b8a00000000 0000010e00000005
0x00000004cfafb980:   0000030e711b60e0 000000000000000c
0x00000004cfafb990:   0000010e6dc0c160 000000000000001a
0x00000004cfafb9a0:   0000010e735ffdc0 0000000000000000
0x00000004cfafb9b0:   0000010e6b20e8f0 00000004cfafbf38
0x00000004cfafb9c0:   00000004cfafbad0 00007ffa9b78ca27
0x00000004cfafb9d0:   00000004cfafbe50 0000000000000000
0x00000004cfafb9e0:   0000010e6b20ecc8 00000000000003d8
0x00000004cfafb9f0:   00007ffa9be2ec00 000000000000000d
0x00000004cfafba00:   00007ffa00000006 0000010e6b20e8e0
0x00000004cfafba10:   0000010e72d67430 0000010e72d6d3e0 

Instructions: (pc=0x00007ffa9b9453a0)
0x00007ffa9b945380:   49 8b 41 20 41 8b da 4c 8b 04 d8 4c 3b c6 74 7a
0x00007ffa9b945390:   33 c0 4d 89 41 10 33 c9 0f 1f 84 00 00 00 00 00
0x00007ffa9b9453a0:   42 83 3c 01 00 8d 50 01 0f 85 be 00 00 00 48 83
0x00007ffa9b9453b0:   c1 04 8b c2 83 fa 08 72 e7 4d 8b 59 30 4d 85 db 


Stack slot to memory mapping:
stack at sp + 0 slots: 0x00000004cfaf0000 is pointing into the stack for thread: 0x0000010e753f9800
stack at sp + 1 slots: 0x0 is NULL
stack at sp + 2 slots: 0x0000000000000418 is an unknown value
stack at sp + 3 slots: 0x0000010e70a0ef00 points into unknown readable memory: 0x74726f6800000020 | 20 00 00 00 68 6f 72 74
stack at sp + 4 slots: 0x0000000000000004 is an unknown value
stack at sp + 5 slots: 0x00007ffa9b93ec8f jvm.dll
stack at sp + 6 slots: 0x0000000000000002 is an unknown value
stack at sp + 7 slots: 0x00000000000018e5 is an unknown value


---------------  P R O C E S S  ---------------

Threads class SMR info:
_java_thread_list=0x0000010e70996310, length=35, elements={
0x0000010e508f9800, 0x0000010e6a730800, 0x0000010e6a739800, 0x0000010e6a74c800,
0x0000010e6a74e800, 0x0000010e6a750800, 0x0000010e6a759000, 0x0000010e6a764800,
0x0000010e6a766000, 0x0000010e6b20b000, 0x0000010e6c60a800, 0x0000010e6b988800,
0x0000010e6c96d800, 0x0000010e6cb26000, 0x0000010e6cb28800, 0x0000010e6cb22800,
0x0000010e6c0f5800, 0x0000010e6c0f6000, 0x0000010e6c0fc800, 0x0000010e6c0f7000,
0x0000010e6c0fa800, 0x0000010e6cb27000, 0x0000010e6cb24800, 0x0000010e6cb25000,
0x0000010e6cb27800, 0x0000010e6c0fc000, 0x0000010e6c0fd800, 0x0000010e6c0f8000,
0x0000010e6c0fe800, 0x0000010e6c0ff000, 0x0000010e6c0f9800, 0x0000010e6c100000,
0x0000010e6c101000, 0x0000010e6c101800, 0x0000010e753f9800
}

Java Threads: ( => current thread )
  0x0000010e508f9800 JavaThread "main" [_thread_blocked, id=16700, stack(0x00000004cd900000,0x00000004cda00000)]
  0x0000010e6a730800 JavaThread "Reference Handler" daemon [_thread_blocked, id=11376, stack(0x00000004ce000000,0x00000004ce100000)]
  0x0000010e6a739800 JavaThread "Finalizer" daemon [_thread_blocked, id=18288, stack(0x00000004ce100000,0x00000004ce200000)]
  0x0000010e6a74c800 JavaThread "Signal Dispatcher" daemon [_thread_blocked, id=12108, stack(0x00000004ce200000,0x00000004ce300000)]
  0x0000010e6a74e800 JavaThread "Attach Listener" daemon [_thread_blocked, id=708, stack(0x00000004ce300000,0x00000004ce400000)]
  0x0000010e6a750800 JavaThread "Service Thread" daemon [_thread_blocked, id=18264, stack(0x00000004ce400000,0x00000004ce500000)]
  0x0000010e6a759000 JavaThread "C2 CompilerThread0" daemon [_thread_in_native, id=1284, stack(0x00000004ce500000,0x00000004ce600000)]
  0x0000010e6a764800 JavaThread "C1 CompilerThread0" daemon [_thread_blocked, id=11444, stack(0x00000004ce600000,0x00000004ce700000)]
  0x0000010e6a766000 JavaThread "Sweeper thread" daemon [_thread_blocked, id=9924, stack(0x00000004ce700000,0x00000004ce800000)]
  0x0000010e6b20b000 JavaThread "Common-Cleaner" daemon [_thread_blocked, id=3624, stack(0x00000004ce800000,0x00000004ce900000)]
  0x0000010e6c60a800 JavaThread "Daemon health stats" [_thread_blocked, id=16212, stack(0x00000004cee00000,0x00000004cef00000)]
  0x0000010e6b988800 JavaThread "Incoming local TCP Connector on port 52242" [_thread_in_native, id=12112, stack(0x00000004ced00000,0x00000004cee00000)]
  0x0000010e6c96d800 JavaThread "Daemon periodic checks" [_thread_blocked, id=16416, stack(0x00000004cef00000,0x00000004cf000000)]
  0x0000010e6cb26000 JavaThread "Cache worker for file hash cache (C:\Users\LUCKY\.gradle\caches\5.5\fileHashes)" [_thread_blocked, id=17968, stack(0x00000004cf700000,0x00000004cf800000)]
  0x0000010e6cb28800 JavaThread "File lock request listener" [_thread_in_native, id=16420, stack(0x00000004cf800000,0x00000004cf900000)]
  0x0000010e6cb22800 JavaThread "Cache worker for journal cache (C:\Users\LUCKY\.gradle\caches\journal-1)" [_thread_blocked, id=15704, stack(0x00000004cf900000,0x00000004cfa00000)]
  0x0000010e6c0f5800 JavaThread "Cache worker for execution history cache (C:\Users\LUCKY\.gradle\caches\5.5\executionHistory)" [_thread_blocked, id=18428, stack(0x00000004cfe00000,0x00000004cff00000)]
  0x0000010e6c0f6000 JavaThread "Memory manager" [_thread_blocked, id=16592, stack(0x00000004d0600000,0x00000004d0700000)]
  0x0000010e6c0fc800 JavaThread "pool-1-thread-1" [_thread_blocked, id=13856, stack(0x00000004cfc00000,0x00000004cfd00000)]
  0x0000010e6c0f7000 JavaThread "Daemon Thread 2" [_thread_blocked, id=16328, stack(0x00000004cd600000,0x00000004cd700000)]
  0x0000010e6c0fa800 JavaThread "Daemon worker Thread 2" [_thread_in_native, id=9748, stack(0x00000004cf000000,0x00000004cf100000)]
  0x0000010e6cb27000 JavaThread "Handler for socket connection from /127.0.0.1:52242 to /127.0.0.1:52344" [_thread_in_native, id=6656, stack(0x00000004cd700000,0x00000004cd800000)]
  0x0000010e6cb24800 JavaThread "Cancel handler" [_thread_blocked, id=17188, stack(0x00000004cd800000,0x00000004cd900000)]
  0x0000010e6cb25000 JavaThread "Asynchronous log dispatcher for DefaultDaemonConnection: socket connection from /127.0.0.1:52242 to /127.0.0.1:52344" [_thread_blocked, id=3324, stack(0x00000004cf100000,0x00000004cf200000)]
  0x0000010e6cb27800 JavaThread "Stdin handler" [_thread_blocked, id=12820, stack(0x00000004cf200000,0x00000004cf300000)]
  0x0000010e6c0fc000 JavaThread "Thread-45" [_thread_blocked, id=4372, stack(0x00000004cf300000,0x00000004cf400000)]
  0x0000010e6c0fd800 JavaThread "Cache worker for file hash cache (D:\MyWork\ReactNative\whsnxt_mvp (2)\android\.gradle\5.5\fileHashes)" [_thread_blocked, id=11352, stack(0x00000004cf400000,0x00000004cf500000)]
  0x0000010e6c0f8000 JavaThread "Cache worker for cache directory md-supplier (C:\Users\LUCKY\.gradle\caches\5.5\md-supplier)" [_thread_blocked, id=12260, stack(0x00000004cf500000,0x00000004cf600000)]
  0x0000010e6c0fe800 JavaThread "Cache worker for cache directory md-rule (C:\Users\LUCKY\.gradle\caches\5.5\md-rule)" [_thread_blocked, id=5360, stack(0x00000004cf600000,0x00000004cf700000)]
  0x0000010e6c0ff000 JavaThread "Build operations" [_thread_blocked, id=14072, stack(0x00000004cfb00000,0x00000004cfc00000)]
  0x0000010e6c0f9800 JavaThread "Build operations Thread 2" [_thread_blocked, id=9120, stack(0x00000004cfd00000,0x00000004cfe00000)]
  0x0000010e6c100000 JavaThread "Build operations Thread 3" [_thread_blocked, id=6192, stack(0x00000004cff00000,0x00000004d0000000)]
  0x0000010e6c101000 JavaThread "Build operations Thread 4" [_thread_blocked, id=17272, stack(0x00000004d0000000,0x00000004d0100000)]
  0x0000010e6c101800 JavaThread "Cache worker for Build Output Cleanup Cache (D:\MyWork\ReactNative\whsnxt_mvp (2)\android\.gradle\buildOutputCleanup)" [_thread_blocked, id=8264, stack(0x00000004d0100000,0x00000004d0200000)]
=>0x0000010e753f9800 JavaThread "C2 CompilerThread1" daemon [_thread_in_native, id=8916, stack(0x00000004cfa00000,0x00000004cfb00000)]

Other Threads:
  0x0000010e6a70b000 VMThread "VM Thread" [stack: 0x00000004cdf00000,0x00000004ce000000] [id=16148]
  0x0000010e6b248800 WatcherThread [stack: 0x00000004ce900000,0x00000004cea00000] [id=5064]
  0x0000010e5090e000 GCTaskThread "GC Thread#0" [stack: 0x00000004cda00000,0x00000004cdb00000] [id=8044]
  0x0000010e6b46e000 GCTaskThread "GC Thread#1" [stack: 0x00000004cea00000,0x00000004ceb00000] [id=10300]
  0x0000010e6b974800 GCTaskThread "GC Thread#2" [stack: 0x00000004ceb00000,0x00000004cec00000] [id=10844]
  0x0000010e6b975000 GCTaskThread "GC Thread#3" [stack: 0x00000004cec00000,0x00000004ced00000] [id=7680]
  0x0000010e50922000 ConcurrentGCThread "G1 Main Marker" [stack: 0x00000004cdb00000,0x00000004cdc00000] [id=11028]
  0x0000010e50924800 ConcurrentGCThread "G1 Conc#0" [stack: 0x00000004cdc00000,0x00000004cdd00000] [id=8764]
  0x0000010e6a5a2800 ConcurrentGCThread "G1 Refine#0" [stack: 0x00000004cdd00000,0x00000004cde00000] [id=14912]
  0x0000010e6fea5000 ConcurrentGCThread "G1 Refine#1" [stack: 0x00000004d0700000,0x00000004d0800000] [id=16392]
  0x0000010e6fea5800 ConcurrentGCThread "G1 Refine#2" [stack: 0x00000004d0800000,0x00000004d0900000] [id=6328]
  0x0000010e6a5a3800 ConcurrentGCThread "G1 Young RemSet Sampling" [stack: 0x00000004cde00000,0x00000004cdf00000] [id=2196]

Threads with active compile tasks:
C2 CompilerThread01706317 11880       4       java.util.HashMap$HashIterator::<init> (79 bytes)
C2 CompilerThread11706317 11750       4       org.gradle.internal.logging.sink.OutputEventTransformer::onOutput (399 bytes)

VM state:not at safepoint (normal execution)

VM Mutex/Monitor currently owned by a thread: None

Heap address: 0x00000000e0000000, size: 512 MB, Compressed Oops mode: 32-bit
Narrow klass base: 0x0000000000000000, Narrow klass shift: 3
Compressed class space size: 260046848 Address: 0x0000000100000000

Heap:
 garbage-first heap   total 262144K, used 187392K [0x00000000e0000000, 0x0000000100000000)
  region size 1024K, 95 young (97280K), 13 survivors (13312K)
 Metaspace       used 82202K, capacity 85436K, committed 85496K, reserved 329728K
  class space    used 10264K, capacity 11228K, committed 11256K, reserved 253952K
Heap Regions: E=young(eden), S=young(survivor), O=old, HS=humongous(starts), HC=humongous(continues), CS=collection set, F=free, A=archive, TAMS=top-at-mark-start (previous, next)
|   0|0x00000000e0000000, 0x00000000e0100000, 0x00000000e0100000|100%| O|  |TAMS 0x00000000e0100000, 0x00000000e0000000| Untracked 
|   1|0x00000000e0100000, 0x00000000e0200000, 0x00000000e0200000|100%| O|  |TAMS 0x00000000e0200000, 0x00000000e0100000| Untracked 
|   2|0x00000000e0200000, 0x00000000e0300000, 0x00000000e0300000|100%|HS|  |TAMS 0x00000000e0300000, 0x00000000e0200000| Complete 
|   3|0x00000000e0300000, 0x00000000e0400000, 0x00000000e0400000|100%|HS|  |TAMS 0x00000000e0400000, 0x00000000e0300000| Complete 
|   4|0x00000000e0400000, 0x00000000e0500000, 0x00000000e0500000|100%|HC|  |TAMS 0x00000000e0500000, 0x00000000e0400000| Complete 
|   5|0x00000000e0500000, 0x00000000e0600000, 0x00000000e0600000|100%| O|  |TAMS 0x00000000e0600000, 0x00000000e0500000| Untracked 
|   6|0x00000000e0600000, 0x00000000e0700000, 0x00000000e0700000|100%| O|  |TAMS 0x00000000e0700000, 0x00000000e0600000| Untracked 
|   7|0x00000000e0700000, 0x00000000e0800000, 0x00000000e0800000|100%| O|  |TAMS 0x00000000e0800000, 0x00000000e0700000| Untracked 
|   8|0x00000000e0800000, 0x00000000e0900000, 0x00000000e0900000|100%| O|  |TAMS 0x00000000e0900000, 0x00000000e0800000| Untracked 
|   9|0x00000000e0900000, 0x00000000e0a00000, 0x00000000e0a00000|100%| O|  |TAMS 0x00000000e0a00000, 0x00000000e0900000| Untracked 
|  10|0x00000000e0a00000, 0x00000000e0b00000, 0x00000000e0b00000|100%| O|  |TAMS 0x00000000e0b00000, 0x00000000e0a00000| Untracked 
|  11|0x00000000e0b00000, 0x00000000e0c00000, 0x00000000e0c00000|100%| O|  |TAMS 0x00000000e0c00000, 0x00000000e0b00000| Untracked 
|  12|0x00000000e0c00000, 0x00000000e0d00000, 0x00000000e0d00000|100%| O|  |TAMS 0x00000000e0d00000, 0x00000000e0c00000| Untracked 
|  13|0x00000000e0d00000, 0x00000000e0e00000, 0x00000000e0e00000|100%| O|  |TAMS 0x00000000e0e00000, 0x00000000e0d00000| Untracked 
|  14|0x00000000e0e00000, 0x00000000e0f00000, 0x00000000e0f00000|100%| O|  |TAMS 0x00000000e0f00000, 0x00000000e0e00000| Untracked 
|  15|0x00000000e0f00000, 0x00000000e1000000, 0x00000000e1000000|100%|HS|  |TAMS 0x00000000e1000000, 0x00000000e0f00000| Complete 
|  16|0x00000000e1000000, 0x00000000e1100000, 0x00000000e1100000|100%|HC|  |TAMS 0x00000000e1100000, 0x00000000e1000000| Complete 
|  17|0x00000000e1100000, 0x00000000e1200000, 0x00000000e1200000|100%|HC|  |TAMS 0x00000000e1200000, 0x00000000e1100000| Complete 
|  18|0x00000000e1200000, 0x00000000e1300000, 0x00000000e1300000|100%|HS|  |TAMS 0x00000000e1300000, 0x00000000e1200000| Complete 
|  19|0x00000000e1300000, 0x00000000e1400000, 0x00000000e1400000|100%|HC|  |TAMS 0x00000000e1400000, 0x00000000e1300000| Complete 
|  20|0x00000000e1400000, 0x00000000e1500000, 0x00000000e1500000|100%| O|  |TAMS 0x00000000e1500000, 0x00000000e1400000| Untracked 
|  21|0x00000000e1500000, 0x00000000e1600000, 0x00000000e1600000|100%| O|  |TAMS 0x00000000e1600000, 0x00000000e1500000| Untracked 
|  22|0x00000000e1600000, 0x00000000e1700000, 0x00000000e1700000|100%| O|  |TAMS 0x00000000e1700000, 0x00000000e1600000| Untracked 
|  23|0x00000000e1700000, 0x00000000e1800000, 0x00000000e1800000|100%| O|  |TAMS 0x00000000e1800000, 0x00000000e1700000| Untracked 
|  24|0x00000000e1800000, 0x00000000e1900000, 0x00000000e1900000|100%| O|  |TAMS 0x00000000e1900000, 0x00000000e1800000| Untracked 
|  25|0x00000000e1900000, 0x00000000e1a00000, 0x00000000e1a00000|100%| O|  |TAMS 0x00000000e1a00000, 0x00000000e1900000| Untracked 
|  26|0x00000000e1a00000, 0x00000000e1b00000, 0x00000000e1b00000|100%| O|  |TAMS 0x00000000e1b00000, 0x00000000e1a00000| Untracked 
|  27|0x00000000e1b00000, 0x00000000e1c00000, 0x00000000e1c00000|100%| O|  |TAMS 0x00000000e1c00000, 0x00000000e1b00000| Untracked 
|  28|0x00000000e1c00000, 0x00000000e1d00000, 0x00000000e1d00000|100%| O|  |TAMS 0x00000000e1d00000, 0x00000000e1c00000| Untracked 
|  29|0x00000000e1d00000, 0x00000000e1e00000, 0x00000000e1e00000|100%| O|  |TAMS 0x00000000e1e00000, 0x00000000e1d00000| Untracked 
|  30|0x00000000e1e00000, 0x00000000e1f00000, 0x00000000e1f00000|100%| O|  |TAMS 0x00000000e1f00000, 0x00000000e1e00000| Untracked 
|  31|0x00000000e1f00000, 0x00000000e2000000, 0x00000000e2000000|100%| O|  |TAMS 0x00000000e2000000, 0x00000000e1f00000| Untracked 
|  32|0x00000000e2000000, 0x00000000e2100000, 0x00000000e2100000|100%| O|  |TAMS 0x00000000e2100000, 0x00000000e2000000| Untracked 
|  33|0x00000000e2100000, 0x00000000e2200000, 0x00000000e2200000|100%| O|  |TAMS 0x00000000e2200000, 0x00000000e2100000| Untracked 
|  34|0x00000000e2200000, 0x00000000e2300000, 0x00000000e2300000|100%| O|  |TAMS 0x00000000e2300000, 0x00000000e2200000| Untracked 
|  35|0x00000000e2300000, 0x00000000e2400000, 0x00000000e2400000|100%| O|  |TAMS 0x00000000e2400000, 0x00000000e2300000| Untracked 
|  36|0x00000000e2400000, 0x00000000e2500000, 0x00000000e2500000|100%| O|  |TAMS 0x00000000e2500000, 0x00000000e2400000| Untracked 
|  37|0x00000000e2500000, 0x00000000e2600000, 0x00000000e2600000|100%| O|  |TAMS 0x00000000e2600000, 0x00000000e2500000| Untracked 
|  38|0x00000000e2600000, 0x00000000e2700000, 0x00000000e2700000|100%| O|  |TAMS 0x00000000e2700000, 0x00000000e2600000| Untracked 
|  39|0x00000000e2700000, 0x00000000e2800000, 0x00000000e2800000|100%| O|  |TAMS 0x00000000e2800000, 0x00000000e2700000| Untracked 
|  40|0x00000000e2800000, 0x00000000e2900000, 0x00000000e2900000|100%| O|  |TAMS 0x00000000e2900000, 0x00000000e2800000| Untracked 
|  41|0x00000000e2900000, 0x00000000e2a00000, 0x00000000e2a00000|100%| O|  |TAMS 0x00000000e2a00000, 0x00000000e2900000| Untracked 
|  42|0x00000000e2a00000, 0x00000000e2b00000, 0x00000000e2b00000|100%| O|  |TAMS 0x00000000e2b00000, 0x00000000e2a00000| Untracked 
|  43|0x00000000e2b00000, 0x00000000e2c00000, 0x00000000e2c00000|100%| O|  |TAMS 0x00000000e2c00000, 0x00000000e2b00000| Untracked 
|  44|0x00000000e2c00000, 0x00000000e2d00000, 0x00000000e2d00000|100%| O|  |TAMS 0x00000000e2d00000, 0x00000000e2c00000| Untracked 
|  45|0x00000000e2d00000, 0x00000000e2e00000, 0x00000000e2e00000|100%| O|  |TAMS 0x00000000e2e00000, 0x00000000e2d00000| Untracked 
|  46|0x00000000e2e00000, 0x00000000e2f00000, 0x00000000e2f00000|100%| O|  |TAMS 0x00000000e2f00000, 0x00000000e2e00000| Untracked 
|  47|0x00000000e2f00000, 0x00000000e3000000, 0x00000000e3000000|100%| O|  |TAMS 0x00000000e2f8bc00, 0x00000000e2f00000| Untracked 
|  48|0x00000000e3000000, 0x00000000e3100000, 0x00000000e3100000|100%|HS|  |TAMS 0x00000000e3000000, 0x00000000e3000000| Complete 
|  49|0x00000000e3100000, 0x00000000e3200000, 0x00000000e3200000|100%|HC|  |TAMS 0x00000000e3100000, 0x00000000e3100000| Complete 
|  50|0x00000000e3200000, 0x00000000e3300000, 0x00000000e3300000|100%|HC|  |TAMS 0x00000000e3200000, 0x00000000e3200000| Complete 
|  51|0x00000000e3300000, 0x00000000e3400000, 0x00000000e3400000|100%| O|  |TAMS 0x00000000e3300000, 0x00000000e3300000| Untracked 
|  52|0x00000000e3400000, 0x00000000e3500000, 0x00000000e3500000|100%| O|  |TAMS 0x00000000e3400000, 0x00000000e3400000| Untracked 
|  53|0x00000000e3500000, 0x00000000e3600000, 0x00000000e3600000|100%| O|  |TAMS 0x00000000e3500000, 0x00000000e3500000| Untracked 
|  54|0x00000000e3600000, 0x00000000e3700000, 0x00000000e3700000|100%| O|  |TAMS 0x00000000e3600000, 0x00000000e3600000| Untracked 
|  55|0x00000000e3700000, 0x00000000e3800000, 0x00000000e3800000|100%| O|  |TAMS 0x00000000e3700000, 0x00000000e3700000| Untracked 
|  56|0x00000000e3800000, 0x00000000e3900000, 0x00000000e3900000|100%| O|  |TAMS 0x00000000e3800000, 0x00000000e3800000| Untracked 
|  57|0x00000000e3900000, 0x00000000e3a00000, 0x00000000e3a00000|100%| O|  |TAMS 0x00000000e3900000, 0x00000000e3900000| Untracked 
|  58|0x00000000e3a00000, 0x00000000e3b00000, 0x00000000e3b00000|100%| O|  |TAMS 0x00000000e3a00000, 0x00000000e3a00000| Untracked 
|  59|0x00000000e3b00000, 0x00000000e3c00000, 0x00000000e3c00000|100%| O|  |TAMS 0x00000000e3b00000, 0x00000000e3b00000| Untracked 
|  60|0x00000000e3c00000, 0x00000000e3d00000, 0x00000000e3d00000|100%| O|  |TAMS 0x00000000e3c00000, 0x00000000e3c00000| Untracked 
|  61|0x00000000e3d00000, 0x00000000e3e00000, 0x00000000e3e00000|100%| O|  |TAMS 0x00000000e3d00000, 0x00000000e3d00000| Untracked 
|  62|0x00000000e3e00000, 0x00000000e3f00000, 0x00000000e3f00000|100%| O|  |TAMS 0x00000000e3e00000, 0x00000000e3e00000| Untracked 
|  63|0x00000000e3f00000, 0x00000000e4000000, 0x00000000e4000000|100%| O|  |TAMS 0x00000000e3f00000, 0x00000000e3f00000| Untracked 
|  64|0x00000000e4000000, 0x00000000e4100000, 0x00000000e4100000|100%| O|  |TAMS 0x00000000e4000000, 0x00000000e4000000| Untracked 
|  65|0x00000000e4100000, 0x00000000e4200000, 0x00000000e4200000|100%| O|  |TAMS 0x00000000e4100000, 0x00000000e4100000| Untracked 
|  66|0x00000000e4200000, 0x00000000e4300000, 0x00000000e4300000|100%| O|  |TAMS 0x00000000e4200000, 0x00000000e4200000| Untracked 
|  67|0x00000000e4300000, 0x00000000e4400000, 0x00000000e4400000|100%| O|  |TAMS 0x00000000e4300000, 0x00000000e4300000| Untracked 
|  68|0x00000000e4400000, 0x00000000e4500000, 0x00000000e4500000|100%| O|  |TAMS 0x00000000e4400000, 0x00000000e4400000| Untracked 
|  69|0x00000000e4500000, 0x00000000e4600000, 0x00000000e4600000|100%| O|  |TAMS 0x00000000e4500000, 0x00000000e4500000| Untracked 
|  70|0x00000000e4600000, 0x00000000e4700000, 0x00000000e4700000|100%| O|  |TAMS 0x00000000e4600000, 0x00000000e4600000| Untracked 
|  71|0x00000000e4700000, 0x00000000e4800000, 0x00000000e4800000|100%| O|  |TAMS 0x00000000e4700000, 0x00000000e4700000| Untracked 
|  72|0x00000000e4800000, 0x00000000e4900000, 0x00000000e4900000|100%| O|  |TAMS 0x00000000e4800000, 0x00000000e4800000| Untracked 
|  73|0x00000000e4900000, 0x00000000e4a00000, 0x00000000e4a00000|100%| O|  |TAMS 0x00000000e4900000, 0x00000000e4900000| Untracked 
|  74|0x00000000e4a00000, 0x00000000e4b00000, 0x00000000e4b00000|100%| O|  |TAMS 0x00000000e4a00000, 0x00000000e4a00000| Untracked 
|  75|0x00000000e4b00000, 0x00000000e4c00000, 0x00000000e4c00000|100%| O|  |TAMS 0x00000000e4b00000, 0x00000000e4b00000| Untracked 
|  76|0x00000000e4c00000, 0x00000000e4d00000, 0x00000000e4d00000|100%| O|  |TAMS 0x00000000e4c00000, 0x00000000e4c00000| Untracked 
|  77|0x00000000e4d00000, 0x00000000e4e00000, 0x00000000e4e00000|100%| O|  |TAMS 0x00000000e4d00000, 0x00000000e4d00000| Untracked 
|  78|0x00000000e4e00000, 0x00000000e4f00000, 0x00000000e4f00000|100%| O|  |TAMS 0x00000000e4e00000, 0x00000000e4e00000| Untracked 
|  79|0x00000000e4f00000, 0x00000000e5000000, 0x00000000e5000000|100%| O|  |TAMS 0x00000000e4f00000, 0x00000000e4f00000| Untracked 
|  80|0x00000000e5000000, 0x00000000e5100000, 0x00000000e5100000|100%| O|  |TAMS 0x00000000e5000000, 0x00000000e5000000| Untracked 
|  81|0x00000000e5100000, 0x00000000e5200000, 0x00000000e5200000|100%| O|  |TAMS 0x00000000e5100000, 0x00000000e5100000| Untracked 
|  82|0x00000000e5200000, 0x00000000e5300000, 0x00000000e5300000|100%| O|  |TAMS 0x00000000e5200000, 0x00000000e5200000| Untracked 
|  83|0x00000000e5300000, 0x00000000e5400000, 0x00000000e5400000|100%| O|  |TAMS 0x00000000e5300000, 0x00000000e5300000| Untracked 
|  84|0x00000000e5400000, 0x00000000e5500000, 0x00000000e5500000|100%| O|  |TAMS 0x00000000e5400000, 0x00000000e5400000| Untracked 
|  85|0x00000000e5500000, 0x00000000e5600000, 0x00000000e5600000|100%| O|  |TAMS 0x00000000e5500000, 0x00000000e5500000| Untracked 
|  86|0x00000000e5600000, 0x00000000e5700000, 0x00000000e5700000|100%| O|  |TAMS 0x00000000e5600000, 0x00000000e5600000| Untracked 
|  87|0x00000000e5700000, 0x00000000e5800000, 0x00000000e5800000|100%| O|  |TAMS 0x00000000e5700000, 0x00000000e5700000| Untracked 
|  88|0x00000000e5800000, 0x00000000e5900000, 0x00000000e5900000|100%| O|  |TAMS 0x00000000e5800000, 0x00000000e5800000| Untracked 
|  89|0x00000000e5900000, 0x00000000e5900000, 0x00000000e5a00000|  0%| F|  |TAMS 0x00000000e5900000, 0x00000000e5900000| Untracked 
|  90|0x00000000e5a00000, 0x00000000e5a00000, 0x00000000e5b00000|  0%| F|  |TAMS 0x00000000e5a00000, 0x00000000e5a00000| Untracked 
|  91|0x00000000e5b00000, 0x00000000e5b00000, 0x00000000e5c00000|  0%| F|  |TAMS 0x00000000e5b00000, 0x00000000e5b00000| Untracked 
|  92|0x00000000e5c00000, 0x00000000e5c00000, 0x00000000e5d00000|  0%| F|  |TAMS 0x00000000e5c00000, 0x00000000e5c00000| Untracked 
|  93|0x00000000e5d00000, 0x00000000e5d00000, 0x00000000e5e00000|  0%| F|  |TAMS 0x00000000e5d00000, 0x00000000e5d00000| Untracked 
|  94|0x00000000e5e00000, 0x00000000e5e00000, 0x00000000e5f00000|  0%| F|  |TAMS 0x00000000e5e00000, 0x00000000e5e00000| Untracked 
|  95|0x00000000e5f00000, 0x00000000e5f00000, 0x00000000e6000000|  0%| F|  |TAMS 0x00000000e5f00000, 0x00000000e5f00000| Untracked 
|  96|0x00000000e6000000, 0x00000000e6000000, 0x00000000e6100000|  0%| F|  |TAMS 0x00000000e6000000, 0x00000000e6000000| Untracked 
|  97|0x00000000e6100000, 0x00000000e6100000, 0x00000000e6200000|  0%| F|  |TAMS 0x00000000e6100000, 0x00000000e6100000| Untracked 
|  98|0x00000000e6200000, 0x00000000e6200000, 0x00000000e6300000|  0%| F|  |TAMS 0x00000000e6200000, 0x00000000e6200000| Untracked 
|  99|0x00000000e6300000, 0x00000000e6300000, 0x00000000e6400000|  0%| F|  |TAMS 0x00000000e6300000, 0x00000000e6300000| Untracked 
| 100|0x00000000e6400000, 0x00000000e6400000, 0x00000000e6500000|  0%| F|  |TAMS 0x00000000e6400000, 0x00000000e6400000| Untracked 
| 101|0x00000000e6500000, 0x00000000e6500000, 0x00000000e6600000|  0%| F|  |TAMS 0x00000000e6500000, 0x00000000e6500000| Untracked 
| 102|0x00000000e6600000, 0x00000000e6600000, 0x00000000e6700000|  0%| F|  |TAMS 0x00000000e6600000, 0x00000000e6600000| Untracked 
| 103|0x00000000e6700000, 0x00000000e6700000, 0x00000000e6800000|  0%| F|  |TAMS 0x00000000e6700000, 0x00000000e6700000| Untracked 
| 104|0x00000000e6800000, 0x00000000e6800000, 0x00000000e6900000|  0%| F|  |TAMS 0x00000000e6800000, 0x00000000e6800000| Untracked 
| 105|0x00000000e6900000, 0x00000000e6900000, 0x00000000e6a00000|  0%| F|  |TAMS 0x00000000e6900000, 0x00000000e6900000| Untracked 
| 106|0x00000000e6a00000, 0x00000000e6a00000, 0x00000000e6b00000|  0%| F|  |TAMS 0x00000000e6a00000, 0x00000000e6a00000| Untracked 
| 107|0x00000000e6b00000, 0x00000000e6b00000, 0x00000000e6c00000|  0%| F|  |TAMS 0x00000000e6b00000, 0x00000000e6b00000| Untracked 
| 108|0x00000000e6c00000, 0x00000000e6c00000, 0x00000000e6d00000|  0%| F|  |TAMS 0x00000000e6c00000, 0x00000000e6c00000| Untracked 
| 109|0x00000000e6d00000, 0x00000000e6d00000, 0x00000000e6e00000|  0%| F|  |TAMS 0x00000000e6d00000, 0x00000000e6d00000| Untracked 
| 110|0x00000000e6e00000, 0x00000000e6e00000, 0x00000000e6f00000|  0%| F|  |TAMS 0x00000000e6e00000, 0x00000000e6e00000| Untracked 
| 111|0x00000000e6f00000, 0x00000000e6f00000, 0x00000000e7000000|  0%| F|  |TAMS 0x00000000e6f00000, 0x00000000e6f00000| Untracked 
| 112|0x00000000e7000000, 0x00000000e7000000, 0x00000000e7100000|  0%| F|  |TAMS 0x00000000e7000000, 0x00000000e7000000| Untracked 
| 113|0x00000000e7100000, 0x00000000e7100000, 0x00000000e7200000|  0%| F|  |TAMS 0x00000000e7100000, 0x00000000e7100000| Untracked 
| 114|0x00000000e7200000, 0x00000000e7200000, 0x00000000e7300000|  0%| F|  |TAMS 0x00000000e7200000, 0x00000000e7200000| Untracked 
| 115|0x00000000e7300000, 0x00000000e7300000, 0x00000000e7400000|  0%| F|  |TAMS 0x00000000e7300000, 0x00000000e7300000| Untracked 
| 116|0x00000000e7400000, 0x00000000e7400000, 0x00000000e7500000|  0%| F|  |TAMS 0x00000000e7400000, 0x00000000e7400000| Untracked 
| 117|0x00000000e7500000, 0x00000000e7500000, 0x00000000e7600000|  0%| F|  |TAMS 0x00000000e7500000, 0x00000000e7500000| Untracked 
| 118|0x00000000e7600000, 0x00000000e7600000, 0x00000000e7700000|  0%| F|  |TAMS 0x00000000e7600000, 0x00000000e7600000| Untracked 
| 119|0x00000000e7700000, 0x00000000e7700000, 0x00000000e7800000|  0%| F|  |TAMS 0x00000000e7700000, 0x00000000e7700000| Untracked 
| 120|0x00000000e7800000, 0x00000000e7800000, 0x00000000e7900000|  0%| F|  |TAMS 0x00000000e7800000, 0x00000000e7800000| Untracked 
| 121|0x00000000e7900000, 0x00000000e7900000, 0x00000000e7a00000|  0%| F|  |TAMS 0x00000000e7900000, 0x00000000e7900000| Untracked 
| 122|0x00000000e7a00000, 0x00000000e7a00000, 0x00000000e7b00000|  0%| F|  |TAMS 0x00000000e7a00000, 0x00000000e7a00000| Untracked 
| 123|0x00000000e7b00000, 0x00000000e7b00000, 0x00000000e7c00000|  0%| F|  |TAMS 0x00000000e7b00000, 0x00000000e7b00000| Untracked 
| 124|0x00000000e7c00000, 0x00000000e7c00000, 0x00000000e7d00000|  0%| F|  |TAMS 0x00000000e7c00000, 0x00000000e7c00000| Untracked 
| 125|0x00000000e7d00000, 0x00000000e7d00000, 0x00000000e7e00000|  0%| F|  |TAMS 0x00000000e7d00000, 0x00000000e7d00000| Untracked 
| 126|0x00000000e7e00000, 0x00000000e7e00000, 0x00000000e7f00000|  0%| F|  |TAMS 0x00000000e7e00000, 0x00000000e7e00000| Untracked 
| 127|0x00000000e7f00000, 0x00000000e7f00000, 0x00000000e8000000|  0%| F|  |TAMS 0x00000000e7f00000, 0x00000000e7f00000| Untracked 
| 128|0x00000000e8000000, 0x00000000e8000000, 0x00000000e8100000|  0%| F|  |TAMS 0x00000000e8000000, 0x00000000e8000000| Untracked 
| 129|0x00000000e8100000, 0x00000000e8100000, 0x00000000e8200000|  0%| F|  |TAMS 0x00000000e8100000, 0x00000000e8100000| Untracked 
| 130|0x00000000e8200000, 0x00000000e8200000, 0x00000000e8300000|  0%| F|  |TAMS 0x00000000e8200000, 0x00000000e8200000| Untracked 
| 131|0x00000000e8300000, 0x00000000e8300000, 0x00000000e8400000|  0%| F|  |TAMS 0x00000000e8300000, 0x00000000e8300000| Untracked 
| 132|0x00000000e8400000, 0x00000000e8400000, 0x00000000e8500000|  0%| F|  |TAMS 0x00000000e8400000, 0x00000000e8400000| Untracked 
| 133|0x00000000e8500000, 0x00000000e8500000, 0x00000000e8600000|  0%| F|  |TAMS 0x00000000e8500000, 0x00000000e8500000| Untracked 
| 134|0x00000000e8600000, 0x00000000e8600000, 0x00000000e8700000|  0%| F|  |TAMS 0x00000000e8600000, 0x00000000e8600000| Untracked 
| 135|0x00000000e8700000, 0x00000000e8700000, 0x00000000e8800000|  0%| F|  |TAMS 0x00000000e8700000, 0x00000000e8700000| Untracked 
| 136|0x00000000e8800000, 0x00000000e8800000, 0x00000000e8900000|  0%| F|  |TAMS 0x00000000e8800000, 0x00000000e8800000| Untracked 
| 137|0x00000000e8900000, 0x00000000e8900000, 0x00000000e8a00000|  0%| F|  |TAMS 0x00000000e8900000, 0x00000000e8900000| Untracked 
| 138|0x00000000e8a00000, 0x00000000e8a00000, 0x00000000e8b00000|  0%| F|  |TAMS 0x00000000e8a00000, 0x00000000e8a00000| Untracked 
| 139|0x00000000e8b00000, 0x00000000e8b00000, 0x00000000e8c00000|  0%| F|  |TAMS 0x00000000e8b00000, 0x00000000e8b00000| Untracked 
| 140|0x00000000e8c00000, 0x00000000e8c00000, 0x00000000e8d00000|  0%| F|  |TAMS 0x00000000e8c00000, 0x00000000e8c00000| Untracked 
| 141|0x00000000e8d00000, 0x00000000e8d00000, 0x00000000e8e00000|  0%| F|  |TAMS 0x00000000e8d00000, 0x00000000e8d00000| Untracked 
| 142|0x00000000e8e00000, 0x00000000e8f00000, 0x00000000e8f00000|100%| S|CS|TAMS 0x00000000e8e00000, 0x00000000e8e00000| Complete 
| 143|0x00000000e8f00000, 0x00000000e9000000, 0x00000000e9000000|100%| S|CS|TAMS 0x00000000e8f00000, 0x00000000e8f00000| Complete 
| 144|0x00000000e9000000, 0x00000000e9100000, 0x00000000e9100000|100%| S|CS|TAMS 0x00000000e9000000, 0x00000000e9000000| Complete 
| 145|0x00000000e9100000, 0x00000000e9200000, 0x00000000e9200000|100%| S|CS|TAMS 0x00000000e9100000, 0x00000000e9100000| Complete 
| 146|0x00000000e9200000, 0x00000000e9300000, 0x00000000e9300000|100%| S|CS|TAMS 0x00000000e9200000, 0x00000000e9200000| Complete 
| 147|0x00000000e9300000, 0x00000000e9400000, 0x00000000e9400000|100%| S|CS|TAMS 0x00000000e9300000, 0x00000000e9300000| Complete 
| 148|0x00000000e9400000, 0x00000000e9500000, 0x00000000e9500000|100%| S|CS|TAMS 0x00000000e9400000, 0x00000000e9400000| Complete 
| 149|0x00000000e9500000, 0x00000000e9600000, 0x00000000e9600000|100%| S|CS|TAMS 0x00000000e9500000, 0x00000000e9500000| Complete 
| 150|0x00000000e9600000, 0x00000000e9700000, 0x00000000e9700000|100%| S|CS|TAMS 0x00000000e9600000, 0x00000000e9600000| Complete 
| 151|0x00000000e9700000, 0x00000000e9800000, 0x00000000e9800000|100%| S|CS|TAMS 0x00000000e9700000, 0x00000000e9700000| Complete 
| 152|0x00000000e9800000, 0x00000000e9900000, 0x00000000e9900000|100%| S|CS|TAMS 0x00000000e9800000, 0x00000000e9800000| Complete 
| 153|0x00000000e9900000, 0x00000000e9a00000, 0x00000000e9a00000|100%| S|CS|TAMS 0x00000000e9900000, 0x00000000e9900000| Complete 
| 154|0x00000000e9a00000, 0x00000000e9a00000, 0x00000000e9b00000|  0%| F|  |TAMS 0x00000000e9a00000, 0x00000000e9a00000| Untracked 
| 155|0x00000000e9b00000, 0x00000000e9b00000, 0x00000000e9c00000|  0%| F|  |TAMS 0x00000000e9b00000, 0x00000000e9b00000| Untracked 
| 156|0x00000000e9c00000, 0x00000000e9c00000, 0x00000000e9d00000|  0%| F|  |TAMS 0x00000000e9c00000, 0x00000000e9c00000| Untracked 
| 157|0x00000000e9d00000, 0x00000000e9d00000, 0x00000000e9e00000|  0%| F|  |TAMS 0x00000000e9d00000, 0x00000000e9d00000| Untracked 
| 158|0x00000000e9e00000, 0x00000000e9e00000, 0x00000000e9f00000|  0%| F|  |TAMS 0x00000000e9e00000, 0x00000000e9e00000| Untracked 
| 159|0x00000000e9f00000, 0x00000000e9f00000, 0x00000000ea000000|  0%| F|  |TAMS 0x00000000e9f00000, 0x00000000e9f00000| Untracked 
| 160|0x00000000ea000000, 0x00000000ea000000, 0x00000000ea100000|  0%| F|  |TAMS 0x00000000ea000000, 0x00000000ea000000| Untracked 
| 161|0x00000000ea100000, 0x00000000ea100000, 0x00000000ea200000|  0%| F|  |TAMS 0x00000000ea100000, 0x00000000ea100000| Untracked 
| 162|0x00000000ea200000, 0x00000000ea200000, 0x00000000ea300000|  0%| F|  |TAMS 0x00000000ea200000, 0x00000000ea200000| Untracked 
| 163|0x00000000ea300000, 0x00000000ea300000, 0x00000000ea400000|  0%| F|  |TAMS 0x00000000ea300000, 0x00000000ea300000| Untracked 
| 164|0x00000000ea400000, 0x00000000ea500000, 0x00000000ea500000|100%| S|CS|TAMS 0x00000000ea400000, 0x00000000ea400000| Complete 
| 165|0x00000000ea500000, 0x00000000ea500000, 0x00000000ea600000|  0%| F|  |TAMS 0x00000000ea500000, 0x00000000ea500000| Untracked 
| 166|0x00000000ea600000, 0x00000000ea600000, 0x00000000ea700000|  0%| F|  |TAMS 0x00000000ea600000, 0x00000000ea600000| Untracked 
| 167|0x00000000ea700000, 0x00000000ea700000, 0x00000000ea800000|  0%| F|  |TAMS 0x00000000ea700000, 0x00000000ea700000| Untracked 
| 168|0x00000000ea800000, 0x00000000ea800000, 0x00000000ea900000|  0%| F|  |TAMS 0x00000000ea800000, 0x00000000ea800000| Untracked 
| 169|0x00000000ea900000, 0x00000000ea900000, 0x00000000eaa00000|  0%| F|  |TAMS 0x00000000ea900000, 0x00000000ea900000| Untracked 
| 170|0x00000000eaa00000, 0x00000000eaa00000, 0x00000000eab00000|  0%| F|  |TAMS 0x00000000eaa00000, 0x00000000eaa00000| Untracked 
| 171|0x00000000eab00000, 0x00000000eab00000, 0x00000000eac00000|  0%| F|  |TAMS 0x00000000eab00000, 0x00000000eab00000| Untracked 
| 172|0x00000000eac00000, 0x00000000eac00000, 0x00000000ead00000|  0%| F|  |TAMS 0x00000000eac00000, 0x00000000eac00000| Untracked 
| 173|0x00000000ead00000, 0x00000000ead00000, 0x00000000eae00000|  0%| F|  |TAMS 0x00000000ead00000, 0x00000000ead00000| Untracked 
| 174|0x00000000eae00000, 0x00000000eae81010, 0x00000000eaf00000| 50%| E|  |TAMS 0x00000000eae00000, 0x00000000eae00000| Complete 
| 175|0x00000000eaf00000, 0x00000000eb000000, 0x00000000eb000000|100%| E|CS|TAMS 0x00000000eaf00000, 0x00000000eaf00000| Complete 
| 176|0x00000000eb000000, 0x00000000eb100000, 0x00000000eb100000|100%| E|CS|TAMS 0x00000000eb000000, 0x00000000eb000000| Complete 
| 177|0x00000000eb100000, 0x00000000eb200000, 0x00000000eb200000|100%| E|CS|TAMS 0x00000000eb100000, 0x00000000eb100000| Complete 
| 178|0x00000000eb200000, 0x00000000eb300000, 0x00000000eb300000|100%| E|CS|TAMS 0x00000000eb200000, 0x00000000eb200000| Complete 
| 179|0x00000000eb300000, 0x00000000eb400000, 0x00000000eb400000|100%| E|CS|TAMS 0x00000000eb300000, 0x00000000eb300000| Complete 
| 180|0x00000000eb400000, 0x00000000eb500000, 0x00000000eb500000|100%| E|CS|TAMS 0x00000000eb400000, 0x00000000eb400000| Complete 
| 181|0x00000000eb500000, 0x00000000eb600000, 0x00000000eb600000|100%| E|CS|TAMS 0x00000000eb500000, 0x00000000eb500000| Complete 
| 182|0x00000000eb600000, 0x00000000eb700000, 0x00000000eb700000|100%| E|CS|TAMS 0x00000000eb600000, 0x00000000eb600000| Complete 
| 183|0x00000000eb700000, 0x00000000eb800000, 0x00000000eb800000|100%| E|CS|TAMS 0x00000000eb700000, 0x00000000eb700000| Complete 
| 184|0x00000000eb800000, 0x00000000eb900000, 0x00000000eb900000|100%| E|CS|TAMS 0x00000000eb800000, 0x00000000eb800000| Complete 
| 185|0x00000000eb900000, 0x00000000eba00000, 0x00000000eba00000|100%| E|CS|TAMS 0x00000000eb900000, 0x00000000eb900000| Complete 
| 186|0x00000000eba00000, 0x00000000ebb00000, 0x00000000ebb00000|100%| E|CS|TAMS 0x00000000eba00000, 0x00000000eba00000| Complete 
| 187|0x00000000ebb00000, 0x00000000ebc00000, 0x00000000ebc00000|100%| E|CS|TAMS 0x00000000ebb00000, 0x00000000ebb00000| Complete 
| 188|0x00000000ebc00000, 0x00000000ebd00000, 0x00000000ebd00000|100%| E|CS|TAMS 0x00000000ebc00000, 0x00000000ebc00000| Complete 
| 189|0x00000000ebd00000, 0x00000000ebe00000, 0x00000000ebe00000|100%| E|CS|TAMS 0x00000000ebd00000, 0x00000000ebd00000| Complete 
| 190|0x00000000ebe00000, 0x00000000ebf00000, 0x00000000ebf00000|100%| E|CS|TAMS 0x00000000ebe00000, 0x00000000ebe00000| Complete 
| 191|0x00000000ebf00000, 0x00000000ec000000, 0x00000000ec000000|100%| E|CS|TAMS 0x00000000ebf00000, 0x00000000ebf00000| Complete 
| 192|0x00000000ec000000, 0x00000000ec100000, 0x00000000ec100000|100%| E|CS|TAMS 0x00000000ec000000, 0x00000000ec000000| Complete 
| 193|0x00000000ec100000, 0x00000000ec200000, 0x00000000ec200000|100%| E|CS|TAMS 0x00000000ec100000, 0x00000000ec100000| Complete 
| 194|0x00000000ec200000, 0x00000000ec300000, 0x00000000ec300000|100%| E|CS|TAMS 0x00000000ec200000, 0x00000000ec200000| Complete 
| 195|0x00000000ec300000, 0x00000000ec400000, 0x00000000ec400000|100%| E|CS|TAMS 0x00000000ec300000, 0x00000000ec300000| Complete 
| 196|0x00000000ec400000, 0x00000000ec500000, 0x00000000ec500000|100%| E|CS|TAMS 0x00000000ec400000, 0x00000000ec400000| Complete 
| 197|0x00000000ec500000, 0x00000000ec600000, 0x00000000ec600000|100%| E|CS|TAMS 0x00000000ec500000, 0x00000000ec500000| Complete 
| 198|0x00000000ec600000, 0x00000000ec700000, 0x00000000ec700000|100%| E|CS|TAMS 0x00000000ec600000, 0x00000000ec600000| Complete 
| 199|0x00000000ec700000, 0x00000000ec800000, 0x00000000ec800000|100%| E|CS|TAMS 0x00000000ec700000, 0x00000000ec700000| Complete 
| 200|0x00000000ec800000, 0x00000000ec900000, 0x00000000ec900000|100%| E|CS|TAMS 0x00000000ec800000, 0x00000000ec800000| Complete 
| 201|0x00000000ec900000, 0x00000000eca00000, 0x00000000eca00000|100%| E|CS|TAMS 0x00000000ec900000, 0x00000000ec900000| Complete 
| 202|0x00000000eca00000, 0x00000000ecb00000, 0x00000000ecb00000|100%| E|CS|TAMS 0x00000000eca00000, 0x00000000eca00000| Complete 
| 203|0x00000000ecb00000, 0x00000000ecc00000, 0x00000000ecc00000|100%| E|CS|TAMS 0x00000000ecb00000, 0x00000000ecb00000| Complete 
| 204|0x00000000ecc00000, 0x00000000ecd00000, 0x00000000ecd00000|100%| E|CS|TAMS 0x00000000ecc00000, 0x00000000ecc00000| Complete 
| 205|0x00000000ecd00000, 0x00000000ece00000, 0x00000000ece00000|100%| E|CS|TAMS 0x00000000ecd00000, 0x00000000ecd00000| Complete 
| 206|0x00000000ece00000, 0x00000000ecf00000, 0x00000000ecf00000|100%| E|CS|TAMS 0x00000000ece00000, 0x00000000ece00000| Complete 
| 207|0x00000000ecf00000, 0x00000000ed000000, 0x00000000ed000000|100%| E|CS|TAMS 0x00000000ecf00000, 0x00000000ecf00000| Complete 
| 208|0x00000000ed000000, 0x00000000ed100000, 0x00000000ed100000|100%| E|CS|TAMS 0x00000000ed000000, 0x00000000ed000000| Complete 
| 209|0x00000000ed100000, 0x00000000ed200000, 0x00000000ed200000|100%| E|CS|TAMS 0x00000000ed100000, 0x00000000ed100000| Complete 
| 210|0x00000000ed200000, 0x00000000ed300000, 0x00000000ed300000|100%| E|CS|TAMS 0x00000000ed200000, 0x00000000ed200000| Complete 
| 211|0x00000000ed300000, 0x00000000ed400000, 0x00000000ed400000|100%| E|CS|TAMS 0x00000000ed300000, 0x00000000ed300000| Complete 
| 212|0x00000000ed400000, 0x00000000ed500000, 0x00000000ed500000|100%| E|CS|TAMS 0x00000000ed400000, 0x00000000ed400000| Complete 
| 213|0x00000000ed500000, 0x00000000ed600000, 0x00000000ed600000|100%| E|CS|TAMS 0x00000000ed500000, 0x00000000ed500000| Complete 
| 214|0x00000000ed600000, 0x00000000ed700000, 0x00000000ed700000|100%| E|CS|TAMS 0x00000000ed600000, 0x00000000ed600000| Complete 
| 215|0x00000000ed700000, 0x00000000ed800000, 0x00000000ed800000|100%| E|CS|TAMS 0x00000000ed700000, 0x00000000ed700000| Complete 
| 216|0x00000000ed800000, 0x00000000ed900000, 0x00000000ed900000|100%| E|CS|TAMS 0x00000000ed800000, 0x00000000ed800000| Complete 
| 217|0x00000000ed900000, 0x00000000eda00000, 0x00000000eda00000|100%| E|CS|TAMS 0x00000000ed900000, 0x00000000ed900000| Complete 
| 218|0x00000000eda00000, 0x00000000edb00000, 0x00000000edb00000|100%| E|CS|TAMS 0x00000000eda00000, 0x00000000eda00000| Complete 
| 219|0x00000000edb00000, 0x00000000edc00000, 0x00000000edc00000|100%| E|CS|TAMS 0x00000000edb00000, 0x00000000edb00000| Complete 
| 220|0x00000000edc00000, 0x00000000edd00000, 0x00000000edd00000|100%| E|CS|TAMS 0x00000000edc00000, 0x00000000edc00000| Complete 
| 221|0x00000000edd00000, 0x00000000ede00000, 0x00000000ede00000|100%| E|CS|TAMS 0x00000000edd00000, 0x00000000edd00000| Complete 
| 222|0x00000000ede00000, 0x00000000edf00000, 0x00000000edf00000|100%| E|CS|TAMS 0x00000000ede00000, 0x00000000ede00000| Complete 
| 223|0x00000000edf00000, 0x00000000ee000000, 0x00000000ee000000|100%| E|CS|TAMS 0x00000000edf00000, 0x00000000edf00000| Complete 
| 224|0x00000000ee000000, 0x00000000ee100000, 0x00000000ee100000|100%| E|CS|TAMS 0x00000000ee000000, 0x00000000ee000000| Complete 
| 225|0x00000000ee100000, 0x00000000ee200000, 0x00000000ee200000|100%| E|CS|TAMS 0x00000000ee100000, 0x00000000ee100000| Complete 
| 226|0x00000000ee200000, 0x00000000ee300000, 0x00000000ee300000|100%| E|CS|TAMS 0x00000000ee200000, 0x00000000ee200000| Complete 
| 227|0x00000000ee300000, 0x00000000ee400000, 0x00000000ee400000|100%| E|CS|TAMS 0x00000000ee300000, 0x00000000ee300000| Complete 
| 228|0x00000000ee400000, 0x00000000ee500000, 0x00000000ee500000|100%| E|CS|TAMS 0x00000000ee400000, 0x00000000ee400000| Complete 
| 229|0x00000000ee500000, 0x00000000ee600000, 0x00000000ee600000|100%| E|CS|TAMS 0x00000000ee500000, 0x00000000ee500000| Complete 
| 230|0x00000000ee600000, 0x00000000ee700000, 0x00000000ee700000|100%| E|CS|TAMS 0x00000000ee600000, 0x00000000ee600000| Complete 
| 231|0x00000000ee700000, 0x00000000ee800000, 0x00000000ee800000|100%| E|CS|TAMS 0x00000000ee700000, 0x00000000ee700000| Complete 
| 232|0x00000000ee800000, 0x00000000ee900000, 0x00000000ee900000|100%| E|CS|TAMS 0x00000000ee800000, 0x00000000ee800000| Complete 
| 233|0x00000000ee900000, 0x00000000eea00000, 0x00000000eea00000|100%| E|CS|TAMS 0x00000000ee900000, 0x00000000ee900000| Complete 
| 234|0x00000000eea00000, 0x00000000eeb00000, 0x00000000eeb00000|100%| E|CS|TAMS 0x00000000eea00000, 0x00000000eea00000| Complete 
| 235|0x00000000eeb00000, 0x00000000eec00000, 0x00000000eec00000|100%| E|CS|TAMS 0x00000000eeb00000, 0x00000000eeb00000| Complete 
| 236|0x00000000eec00000, 0x00000000eed00000, 0x00000000eed00000|100%| E|CS|TAMS 0x00000000eec00000, 0x00000000eec00000| Complete 
| 237|0x00000000eed00000, 0x00000000eee00000, 0x00000000eee00000|100%| E|CS|TAMS 0x00000000eed00000, 0x00000000eed00000| Complete 
| 238|0x00000000eee00000, 0x00000000eef00000, 0x00000000eef00000|100%| E|CS|TAMS 0x00000000eee00000, 0x00000000eee00000| Complete 
| 239|0x00000000eef00000, 0x00000000ef000000, 0x00000000ef000000|100%| E|CS|TAMS 0x00000000eef00000, 0x00000000eef00000| Complete 
| 240|0x00000000ef000000, 0x00000000ef100000, 0x00000000ef100000|100%| E|CS|TAMS 0x00000000ef000000, 0x00000000ef000000| Complete 
| 241|0x00000000ef100000, 0x00000000ef200000, 0x00000000ef200000|100%| E|CS|TAMS 0x00000000ef100000, 0x00000000ef100000| Complete 
| 242|0x00000000ef200000, 0x00000000ef300000, 0x00000000ef300000|100%| E|CS|TAMS 0x00000000ef200000, 0x00000000ef200000| Complete 
| 243|0x00000000ef300000, 0x00000000ef400000, 0x00000000ef400000|100%| E|CS|TAMS 0x00000000ef300000, 0x00000000ef300000| Complete 
| 244|0x00000000ef400000, 0x00000000ef500000, 0x00000000ef500000|100%| E|CS|TAMS 0x00000000ef400000, 0x00000000ef400000| Complete 
| 245|0x00000000ef500000, 0x00000000ef600000, 0x00000000ef600000|100%| E|CS|TAMS 0x00000000ef500000, 0x00000000ef500000| Complete 
| 246|0x00000000ef600000, 0x00000000ef700000, 0x00000000ef700000|100%| E|CS|TAMS 0x00000000ef600000, 0x00000000ef600000| Complete 
| 247|0x00000000ef700000, 0x00000000ef800000, 0x00000000ef800000|100%| E|CS|TAMS 0x00000000ef700000, 0x00000000ef700000| Complete 
| 248|0x00000000ef800000, 0x00000000ef900000, 0x00000000ef900000|100%| E|CS|TAMS 0x00000000ef800000, 0x00000000ef800000| Complete 
| 249|0x00000000ef900000, 0x00000000efa00000, 0x00000000efa00000|100%| E|CS|TAMS 0x00000000ef900000, 0x00000000ef900000| Complete 
| 250|0x00000000efa00000, 0x00000000efb00000, 0x00000000efb00000|100%| E|CS|TAMS 0x00000000efa00000, 0x00000000efa00000| Complete 
| 251|0x00000000efb00000, 0x00000000efc00000, 0x00000000efc00000|100%| E|CS|TAMS 0x00000000efb00000, 0x00000000efb00000| Complete 
| 252|0x00000000efc00000, 0x00000000efd00000, 0x00000000efd00000|100%| E|CS|TAMS 0x00000000efc00000, 0x00000000efc00000| Complete 
| 253|0x00000000efd00000, 0x00000000efe00000, 0x00000000efe00000|100%| E|CS|TAMS 0x00000000efd00000, 0x00000000efd00000| Complete 
| 254|0x00000000efe00000, 0x00000000eff00000, 0x00000000eff00000|100%| E|CS|TAMS 0x00000000efe00000, 0x00000000efe00000| Complete 
| 255|0x00000000eff00000, 0x00000000f0000000, 0x00000000f0000000|100%| E|CS|TAMS 0x00000000eff00000, 0x00000000eff00000| Complete 

Card table byte_map: [0x0000010e66f30000,0x0000010e67030000] _byte_map_base: 0x0000010e66830000

Marking Bits (Prev, Next): (CMBitMap*) 0x0000010e5091f3e8, (CMBitMap*) 0x0000010e5091f420
 Prev Bits: [0x0000010e67130000, 0x0000010e67930000)
 Next Bits: [0x0000010e67930000, 0x0000010e68130000)

Polling page: 0x0000010e4e740000

Metaspace:

Usage:
  Non-class:     72.47 MB capacity,    70.25 MB ( 97%) used,     2.02 MB (  3%) free+waste,   204.00 KB ( <1%) overhead. 
      Class:     10.96 MB capacity,    10.02 MB ( 91%) used,   866.54 KB (  8%) free+waste,    97.00 KB ( <1%) overhead. 
       Both:     83.43 MB capacity,    80.28 MB ( 96%) used,     2.86 MB (  3%) free+waste,   301.00 KB ( <1%) overhead. 

Virtual space:
  Non-class space:       74.00 MB reserved,      72.50 MB ( 98%) committed 
      Class space:      248.00 MB reserved,      10.99 MB (  4%) committed 
             Both:      322.00 MB reserved,      83.49 MB ( 26%) committed 

Chunk freelists:
   Non-Class:  4.00 KB
       Class:  0 bytes
        Both:  4.00 KB

CodeHeap 'non-profiled nmethods': size=120064Kb used=7372Kb max_used=7372Kb free=112691Kb
 bounds [0x0000010e5f9f0000, 0x0000010e60130000, 0x0000010e66f30000]
CodeHeap 'profiled nmethods': size=120000Kb used=26620Kb max_used=26620Kb free=93379Kb
 bounds [0x0000010e584c0000, 0x0000010e59ec0000, 0x0000010e5f9f0000]
CodeHeap 'non-nmethods': size=5696Kb used=2280Kb max_used=2336Kb free=3415Kb
 bounds [0x0000010e57f30000, 0x0000010e581a0000, 0x0000010e584c0000]
 total_blobs=12814 nmethods=11930 adapters=795
 compilation: enabled
              stopped_count=0, restarted_count=0
 full_count=0

Compilation events (10 events):
Event: 1706.236 Thread 0x0000010e6a764800 11955       1       org.gradle.api.internal.tasks.DefaultTaskContainer::access$1600 (5 bytes)
Event: 1706.236 Thread 0x0000010e6a764800 nmethod 11955 0x0000010e60119a10 code [0x0000010e60119ba0, 0x0000010e60119c38]
Event: 1706.236 Thread 0x0000010e6a764800 11956       1       org.gradle.api.internal.tasks.DefaultTaskContainer$TaskCreatingProvider::access$1500 (5 bytes)
Event: 1706.236 Thread 0x0000010e6a764800 nmethod 11956 0x0000010e60119d10 code [0x0000010e60119ea0, 0x0000010e60119f38]
Event: 1706.237 Thread 0x0000010e6a764800 11957       3       org.gradle.api.internal.tasks.AbstractTaskFilePropertyRegistration::<init> (10 bytes)
Event: 1706.237 Thread 0x0000010e6a764800 nmethod 11957 0x0000010e59eabe90 code [0x0000010e59eac020, 0x0000010e59eac1d8]
Event: 1706.237 Thread 0x0000010e6a764800 11958       3       org.gradle.api.internal.FilePropertyContainer::add (17 bytes)
Event: 1706.237 Thread 0x0000010e6a764800 nmethod 11958 0x0000010e59eac290 code [0x0000010e59eac440, 0x0000010e59eac608]
Event: 1706.237 Thread 0x0000010e6a764800 11959       1       org.gradle.api.internal.CompositeDomainObjectSet::access$200 (5 bytes)
Event: 1706.237 Thread 0x0000010e6a764800 nmethod 11959 0x0000010e6011a010 code [0x0000010e6011a1a0, 0x0000010e6011a238]

GC Heap History (10 events):
Event: 36.288 GC heap before
{Heap before GC invocations=11 (full 0):
 garbage-first heap   total 262144K, used 55527K [0x00000000e0000000, 0x0000000100000000)
  region size 1024K, 27 young (27648K), 19 survivors (19456K)
 Metaspace       used 58590K, capacity 59873K, committed 59904K, reserved 307200K
  class space    used 7524K, capacity 7935K, committed 7936K, reserved 253952K
}
Event: 36.312 GC heap after
{Heap after GC invocations=12 (full 0):
 garbage-first heap   total 262144K, used 50735K [0x00000000e0000000, 0x0000000100000000)
  region size 1024K, 2 young (2048K), 2 survivors (2048K)
 Metaspace       used 58590K, capacity 59873K, committed 59904K, reserved 307200K
  class space    used 7524K, capacity 7935K, committed 7936K, reserved 253952K
}
Event: 40.511 GC heap before
{Heap before GC invocations=13 (full 0):
 garbage-first heap   total 262144K, used 151087K [0x00000000e0000000, 0x0000000100000000)
  region size 1024K, 100 young (102400K), 2 survivors (2048K)
 Metaspace       used 68453K, capacity 70098K, committed 70392K, reserved 315392K
  class space    used 8776K, capacity 9384K, committed 9464K, reserved 253952K
}
Event: 40.529 GC heap after
{Heap after GC invocations=14 (full 0):
 garbage-first heap   total 262144K, used 55493K [0x00000000e0000000, 0x0000000100000000)
  region size 1024K, 7 young (7168K), 7 survivors (7168K)
 Metaspace       used 68453K, capacity 70098K, committed 70392K, reserved 315392K
  class space    used 8776K, capacity 9384K, committed 9464K, reserved 253952K
}
Event: 44.644 GC heap before
{Heap before GC invocations=15 (full 0):
 garbage-first heap   total 262144K, used 164037K [0x00000000e0000000, 0x0000000100000000)
  region size 1024K, 111 young (113664K), 7 survivors (7168K)
 Metaspace       used 72215K, capacity 74862K, committed 75128K, reserved 319488K
  class space    used 9274K, capacity 10071K, committed 10104K, reserved 253952K
}
Event: 44.692 GC heap after
{Heap after GC invocations=16 (full 0):
 garbage-first heap   total 262144K, used 79027K [0x00000000e0000000, 0x0000000100000000)
  region size 1024K, 14 young (14336K), 14 survivors (14336K)
 Metaspace       used 72215K, capacity 74862K, committed 75128K, reserved 319488K
  class space    used 9274K, capacity 10071K, committed 10104K, reserved 253952K
}
Event: 384.619 GC heap before
{Heap before GC invocations=16 (full 0):
 garbage-first heap   total 262144K, used 174259K [0x00000000e0000000, 0x0000000100000000)
  region size 1024K, 106 young (108544K), 14 survivors (14336K)
 Metaspace       used 79924K, capacity 82841K, committed 82936K, reserved 327680K
  class space    used 10060K, capacity 10927K, committed 11000K, reserved 253952K
}
Event: 384.677 GC heap after
{Heap after GC invocations=17 (full 0):
 garbage-first heap   total 262144K, used 90112K [0x00000000e0000000, 0x0000000100000000)
  region size 1024K, 10 young (10240K), 10 survivors (10240K)
 Metaspace       used 79924K, capacity 82841K, committed 82936K, reserved 327680K
  class space    used 10060K, capacity 10927K, committed 11000K, reserved 253952K
}
Event: 1641.879 GC heap before
{Heap before GC invocations=17 (full 0):
 garbage-first heap   total 262144K, used 182272K [0x00000000e0000000, 0x0000000100000000)
  region size 1024K, 101 young (103424K), 10 survivors (10240K)
 Metaspace       used 80884K, capacity 83971K, committed 84216K, reserved 327680K
  class space    used 10099K, capacity 10993K, committed 11000K, reserved 253952K
}
Event: 1641.919 GC heap after
{Heap after GC invocations=18 (full 0):
 garbage-first heap   total 262144K, used 104448K [0x00000000e0000000, 0x0000000100000000)
  region size 1024K, 13 young (13312K), 13 survivors (13312K)
 Metaspace       used 80884K, capacity 83971K, committed 84216K, reserved 327680K
  class space    used 10099K, capacity 10993K, committed 11000K, reserved 253952K
}

Deoptimization events (10 events):
Event: 1642.027 Thread 0x0000010e6c0fa800 Uncommon trap: reason=unstable_if action=reinterpret pc=0x0000010e600337a0 method=org.gradle.internal.operations.logging.LoggingBuildOperationProgressBroadcaster.onOutput(Lorg/gradle/internal/logging/events/OutputEvent;)V @ 73 c2
Event: 1642.063 Thread 0x0000010e6c0fa800 Uncommon trap: reason=unstable_if action=reinterpret pc=0x0000010e5fa3e024 method=java.io.WinNTFileSystem.resolve(Ljava/lang/String;Ljava/lang/String;)Ljava/lang/String; @ 70 c2
Event: 1643.575 Thread 0x0000010e6c0fa800 Uncommon trap: reason=unstable_if action=reinterpret pc=0x0000010e600357a8 method=org.gradle.internal.logging.progress.DefaultProgressLoggerFactory.newOperation(Ljava/lang/Class;Lorg/gradle/internal/operations/BuildOperationDescriptor;)Lorg/gradle/interna
Event: 1643.576 Thread 0x0000010e6c0fa800 Uncommon trap: reason=unstable_if action=reinterpret pc=0x0000010e6001c3c8 method=org.gradle.internal.operations.logging.LoggingBuildOperationProgressBroadcaster.onOutput(Lorg/gradle/internal/logging/events/OutputEvent;)V @ 73 c2
Event: 1644.754 Thread 0x0000010e6c0fa800 Uncommon trap: reason=class_check action=maybe_recompile pc=0x0000010e5fed99e8 method=java.util.HashMap.removeNode(ILjava/lang/Object;Ljava/lang/Object;ZZ)Ljava/util/HashMap$Node; @ 143 c2
Event: 1644.758 Thread 0x0000010e6c0fa800 Uncommon trap: reason=class_check action=maybe_recompile pc=0x0000010e5fed99e8 method=java.util.HashMap.removeNode(ILjava/lang/Object;Ljava/lang/Object;ZZ)Ljava/util/HashMap$Node; @ 143 c2
Event: 1644.804 Thread 0x0000010e6c0f8800 Uncommon trap: reason=unstable_if action=reinterpret pc=0x0000010e5febd238 method=com.esotericsoftware.kryo.io.Input.require(I)I @ 180 c2
Event: 1696.399 Thread 0x0000010e6cb27000 Uncommon trap: reason=unstable_if action=reinterpret pc=0x0000010e5ff1a890 method=com.esotericsoftware.kryo.io.Input.readString()Ljava/lang/String; @ 38 c2
Event: 1696.400 Thread 0x0000010e6cb27000 Uncommon trap: reason=unstable_if action=reinterpret pc=0x0000010e5fbd3a00 method=com.esotericsoftware.kryo.io.Input.readUtf8(I)V @ 79 c2
Event: 1705.281 Thread 0x0000010e6cb25000 Uncommon trap: reason=unstable_if action=reinterpret pc=0x0000010e600c00a4 method=com.esotericsoftware.kryo.io.Output.writeVarLong(JZ)I @ 55 c2

Classes redefined (0 events):
No events

Internal exceptions (10 events):
Event: 1705.580 Thread 0x0000010e6c0fa800 Exception <a 'sun/nio/fs/WindowsException'{0x00000000ecf5d480}> (0x00000000ecf5d480) thrown at [./open/src/hotspot/share/prims/jni.cpp, line 611]
Event: 1705.623 Thread 0x0000010e6c0fa800 Exception <a 'sun/nio/fs/WindowsException'{0x00000000ecdb8ae8}> (0x00000000ecdb8ae8) thrown at [./open/src/hotspot/share/prims/jni.cpp, line 611]
Event: 1705.675 Thread 0x0000010e6c0fa800 Exception <a 'sun/nio/fs/WindowsException'{0x00000000eca11bb0}> (0x00000000eca11bb0) thrown at [./open/src/hotspot/share/prims/jni.cpp, line 611]
Event: 1705.716 Thread 0x0000010e6c0fa800 Exception <a 'sun/nio/fs/WindowsException'{0x00000000ec867278}> (0x00000000ec867278) thrown at [./open/src/hotspot/share/prims/jni.cpp, line 611]
Event: 1705.771 Thread 0x0000010e6c0fa800 Exception <a 'sun/nio/fs/WindowsException'{0x00000000ec6d75f8}> (0x00000000ec6d75f8) thrown at [./open/src/hotspot/share/prims/jni.cpp, line 611]
Event: 1705.851 Thread 0x0000010e6c0fa800 Exception <a 'sun/nio/fs/WindowsException'{0x00000000ec3aaed0}> (0x00000000ec3aaed0) thrown at [./open/src/hotspot/share/prims/jni.cpp, line 611]
Event: 1705.912 Thread 0x0000010e6c0fa800 Exception <a 'sun/nio/fs/WindowsException'{0x00000000ec007020}> (0x00000000ec007020) thrown at [./open/src/hotspot/share/prims/jni.cpp, line 611]
Event: 1705.963 Thread 0x0000010e6c0fa800 Exception <a 'sun/nio/fs/WindowsException'{0x00000000ebe679e0}> (0x00000000ebe679e0) thrown at [./open/src/hotspot/share/prims/jni.cpp, line 611]
Event: 1706.023 Thread 0x0000010e6c0fa800 Exception <a 'sun/nio/fs/WindowsException'{0x00000000ebcb8618}> (0x00000000ebcb8618) thrown at [./open/src/hotspot/share/prims/jni.cpp, line 611]
Event: 1706.084 Thread 0x0000010e6c0fa800 Exception <a 'sun/nio/fs/WindowsException'{0x00000000eb92ae38}> (0x00000000eb92ae38) thrown at [./open/src/hotspot/share/prims/jni.cpp, line 611]

Events (10 events):
Event: 1705.281 Thread 0x0000010e6cb25000 Uncommon trap: trap_request=0xffffff4d fr.pc=0x0000010e600c00a4 relative=0x0000000000000744
Event: 1705.281 Thread 0x0000010e6cb25000 DEOPT PACKING pc=0x0000010e600c00a4 sp=0x00000004cf1fea00
Event: 1705.281 Thread 0x0000010e6cb25000 DEOPT UNPACKING pc=0x0000010e57f565af sp=0x00000004cf1fe9d0 mode 2
Event: 1705.312 Thread 0x0000010e753f9800 Thread added: 0x0000010e753f9800
Event: 1705.402 Thread 0x0000010e6c0fa800 DEOPT PACKING pc=0x0000010e59878757 sp=0x00000004cf0faa80
Event: 1705.402 Thread 0x0000010e6c0fa800 DEOPT UNPACKING pc=0x0000010e57f56d5e sp=0x00000004cf0f9f80 mode 0
Event: 1705.943 Thread 0x0000010e6c0fa800 DEOPT PACKING pc=0x0000010e59878012 sp=0x00000004cf0faa80
Event: 1705.943 Thread 0x0000010e6c0fa800 DEOPT UNPACKING pc=0x0000010e57f56d5e sp=0x00000004cf0f9f70 mode 0
Event: 1706.034 loading class org/codehaus/groovy/runtime/GroovyCategorySupport$ThreadCategoryInfo
Event: 1706.034 loading class org/codehaus/groovy/runtime/GroovyCategorySupport$ThreadCategoryInfo done


Dynamic libraries:
0x00007ff7fc4c0000 - 0x00007ff7fc4cf000 	C:\Program Files\Java\jdk-11.0.13\bin\java.exe
0x00007ffafc1b0000 - 0x00007ffafc3a8000 	C:\Windows\SYSTEM32\ntdll.dll
0x00007ffafa420000 - 0x00007ffafa4dd000 	C:\Windows\System32\KERNEL32.DLL
0x00007ffaf9eb0000 - 0x00007ffafa17e000 	C:\Windows\System32\KERNELBASE.dll
0x00007ffaf9940000 - 0x00007ffaf9a40000 	C:\Windows\System32\ucrtbase.dll
0x00007ffae68c0000 - 0x00007ffae68d8000 	C:\Program Files\Java\jdk-11.0.13\bin\jli.dll
0x00007ffafc0c0000 - 0x00007ffafc16e000 	C:\Windows\System32\ADVAPI32.dll
0x00007ffafbe40000 - 0x00007ffafbede000 	C:\Windows\System32\msvcrt.dll
0x00007ffafbda0000 - 0x00007ffafbe3c000 	C:\Windows\System32\sechost.dll
0x00007ffafa4e0000 - 0x00007ffafa605000 	C:\Windows\System32\RPCRT4.dll
0x00007ffafb7b0000 - 0x00007ffafb950000 	C:\Windows\System32\USER32.dll
0x00007ffaf9bd0000 - 0x00007ffaf9bf2000 	C:\Windows\System32\win32u.dll
0x00007ffafbba0000 - 0x00007ffafbbca000 	C:\Windows\System32\GDI32.dll
0x00007ffaec590000 - 0x00007ffaec5a5000 	C:\Program Files\Java\jdk-11.0.13\bin\VCRUNTIME140.dll
0x00007ffaf9c00000 - 0x00007ffaf9d0b000 	C:\Windows\System32\gdi32full.dll
0x00007ffaf9d10000 - 0x00007ffaf9dad000 	C:\Windows\System32\msvcp_win.dll
0x00007ffaef090000 - 0x00007ffaef32a000 	C:\Windows\WinSxS\amd64_microsoft.windows.common-controls_6595b64144ccf1df_6.0.19041.1110_none_60b5254171f9507e\COMCTL32.dll
0x00007ffaecbe0000 - 0x00007ffaecbea000 	C:\Windows\SYSTEM32\VERSION.dll
0x00007ffafa970000 - 0x00007ffafa9a0000 	C:\Windows\System32\IMM32.DLL
0x00007ffadc520000 - 0x00007ffadc5bb000 	C:\Program Files\Java\jdk-11.0.13\bin\msvcp140.dll
0x00007ffa9b600000 - 0x00007ffa9c113000 	C:\Program Files\Java\jdk-11.0.13\bin\server\jvm.dll
0x00007ffafb7a0000 - 0x00007ffafb7a8000 	C:\Windows\System32\PSAPI.DLL
0x00007ffaeeb30000 - 0x00007ffaeeb57000 	C:\Windows\SYSTEM32\WINMM.dll
0x00007ffaecb80000 - 0x00007ffaecb89000 	C:\Windows\SYSTEM32\WSOCK32.dll
0x00007ffafba40000 - 0x00007ffafbaab000 	C:\Windows\System32\WS2_32.dll
0x00007ffaf77d0000 - 0x00007ffaf77e2000 	C:\Windows\SYSTEM32\kernel.appcore.dll
0x00007ffaec560000 - 0x00007ffaec570000 	C:\Program Files\Java\jdk-11.0.13\bin\verify.dll
0x00007ffaeebb0000 - 0x00007ffaeed94000 	C:\Windows\SYSTEM32\DBGHELP.DLL
0x00007ffaeea60000 - 0x00007ffaeea8c000 	C:\Windows\SYSTEM32\dbgcore.DLL
0x00007ffafa180000 - 0x00007ffafa202000 	C:\Windows\System32\bcryptPrimitives.dll
0x00007ffaddcc0000 - 0x00007ffaddce8000 	C:\Program Files\Java\jdk-11.0.13\bin\java.dll
0x00007ffaeaed0000 - 0x00007ffaeaeda000 	C:\Program Files\Java\jdk-11.0.13\bin\jimage.dll
0x00007ffaddca0000 - 0x00007ffaddcb6000 	C:\Program Files\Java\jdk-11.0.13\bin\zip.dll
0x00007ffafb050000 - 0x00007ffafb794000 	C:\Windows\System32\SHELL32.dll
0x00007ffaf79d0000 - 0x00007ffaf8164000 	C:\Windows\SYSTEM32\windows.storage.dll
0x00007ffafa610000 - 0x00007ffafa964000 	C:\Windows\System32\combase.dll
0x00007ffaf9260000 - 0x00007ffaf9290000 	C:\Windows\SYSTEM32\Wldp.dll
0x00007ffafafa0000 - 0x00007ffafb04d000 	C:\Windows\System32\SHCORE.dll
0x00007ffafbbd0000 - 0x00007ffafbc25000 	C:\Windows\System32\shlwapi.dll
0x00007ffaf9810000 - 0x00007ffaf982f000 	C:\Windows\SYSTEM32\profapi.dll
0x00007ffadca70000 - 0x00007ffadca89000 	C:\Program Files\Java\jdk-11.0.13\bin\net.dll
0x00007ffaf0e50000 - 0x00007ffaf0f5a000 	C:\Windows\SYSTEM32\WINHTTP.dll
0x00007ffaf8fc0000 - 0x00007ffaf902a000 	C:\Windows\system32\mswsock.dll
0x00007ffadc500000 - 0x00007ffadc512000 	C:\Program Files\Java\jdk-11.0.13\bin\nio.dll
0x00007ffad6e80000 - 0x00007ffad6ea6000 	C:\Users\LUCKY\.gradle\native\29\windows-amd64\native-platform.dll
0x00007ffae68b0000 - 0x00007ffae68b9000 	C:\Program Files\Java\jdk-11.0.13\bin\management.dll
0x00007ffadcd80000 - 0x00007ffadcd8b000 	C:\Program Files\Java\jdk-11.0.13\bin\management_ext.dll
0x00007ffaf91b0000 - 0x00007ffaf91c8000 	C:\Windows\SYSTEM32\CRYPTSP.dll
0x00007ffaf8940000 - 0x00007ffaf8974000 	C:\Windows\system32\rsaenh.dll
0x00007ffaf9ba0000 - 0x00007ffaf9bc7000 	C:\Windows\System32\bcrypt.dll
0x00007ffaf9790000 - 0x00007ffaf97be000 	C:\Windows\SYSTEM32\USERENV.dll
0x00007ffaf91d0000 - 0x00007ffaf91dc000 	C:\Windows\SYSTEM32\CRYPTBASE.dll
0x00007ffaf8cb0000 - 0x00007ffaf8ceb000 	C:\Windows\SYSTEM32\IPHLPAPI.DLL
0x00007ffafae70000 - 0x00007ffafae78000 	C:\Windows\System32\NSI.dll
0x00007ffaf30c0000 - 0x00007ffaf30d7000 	C:\Windows\SYSTEM32\dhcpcsvc6.DLL
0x00007ffaf30a0000 - 0x00007ffaf30bd000 	C:\Windows\SYSTEM32\dhcpcsvc.DLL
0x00007ffaf8cf0000 - 0x00007ffaf8dba000 	C:\Windows\SYSTEM32\DNSAPI.dll
0x00007ffad4310000 - 0x00007ffad4335000 	C:\Program Files\Java\jdk-11.0.13\bin\sunec.dll
0x00007ffaf3b90000 - 0x00007ffaf3b9a000 	C:\Windows\System32\rasadhlp.dll

dbghelp: loaded successfully - version: 4.0.5 - missing functions: none
symbol engine: initialized successfully - sym options: 0x614 - pdb path: .;C:\Program Files\Java\jdk-11.0.13\bin;C:\Windows\SYSTEM32;C:\Windows\WinSxS\amd64_microsoft.windows.common-controls_6595b64144ccf1df_6.0.19041.1110_none_60b5254171f9507e;C:\Program Files\Java\jdk-11.0.13\bin\server;C:\Users\LUCKY\.gradle\native\29\windows-amd64

VM Arguments:
jvm_args: --add-opens=java.base/java.util=ALL-UNNAMED --add-opens=java.base/java.lang=ALL-UNNAMED --add-opens=java.base/java.lang.invoke=ALL-UNNAMED --add-opens=java.prefs/java.util.prefs=ALL-UNNAMED -XX:MaxMetaspaceSize=256m -XX:+HeapDumpOnOutOfMemoryError -Xms256m -Xmx512m -Dfile.encoding=windows-1252 -Duser.country=US -Duser.language=en -Duser.variant 
java_command: org.gradle.launcher.daemon.bootstrap.GradleDaemon 5.5
java_class_path (initial): C:\Users\LUCKY\.gradle\wrapper\dists\gradle-5.5-all\byeise1led9a3w3p149d02kfj\gradle-5.5\lib\gradle-launcher-5.5.jar
Launcher Type: SUN_STANDARD

[Global flags]
     intx CICompilerCount                          = 3                                         {product} {ergonomic}
   size_t CompressedClassSpaceSize                 = 260046848                                 {product} {ergonomic}
     uint ConcGCThreads                            = 1                                         {product} {ergonomic}
     uint G1ConcRefinementThreads                  = 4                                         {product} {ergonomic}
   size_t G1HeapRegionSize                         = 1048576                                   {product} {ergonomic}
    uintx GCDrainStackTargetSize                   = 64                                        {product} {ergonomic}
     bool HeapDumpOnOutOfMemoryError               = true                                   {manageable} {command line}
   size_t InitialHeapSize                          = 268435456                                 {product} {command line}
   size_t MarkStackSize                            = 4194304                                   {product} {ergonomic}
   size_t MaxHeapSize                              = 536870912                                 {product} {command line}
   size_t MaxMetaspaceSize                         = 268435456                                 {product} {command line}
   size_t MaxNewSize                               = 321912832                                 {product} {ergonomic}
   size_t MinHeapDeltaBytes                        = 1048576                                   {product} {ergonomic}
    uintx NonNMethodCodeHeapSize                   = 5830732                                {pd product} {ergonomic}
    uintx NonProfiledCodeHeapSize                  = 122913754                              {pd product} {ergonomic}
    uintx ProfiledCodeHeapSize                     = 122913754                              {pd product} {ergonomic}
    uintx ReservedCodeCacheSize                    = 251658240                              {pd product} {ergonomic}
     bool SegmentedCodeCache                       = true                                      {product} {ergonomic}
     bool UseCompressedClassPointers               = true                                 {lp64_product} {ergonomic}
     bool UseCompressedOops                        = true                                 {lp64_product} {ergonomic}
     bool UseG1GC                                  = true                                      {product} {ergonomic}
     bool UseLargePagesIndividualAllocation        = false                                  {pd product} {ergonomic}

Logging:
Log output configuration:
 #0: stdout all=warning uptime,level,tags
 #1: stderr all=off uptime,level,tags

Environment Variables:
JAVA_HOME=C:\Program Files\Java\jdk-11.0.13\
CLASSPATH=D:\MyWork\ReactNative\whsnxt_mvp (2)\android\\gradle\wrapper\gradle-wrapper.jar
PATH=D:\MyWork\ReactNative\whsnxt_mvp (2)\android\node_modules\.bin;D:\MyWork\ReactNative\whsnxt_mvp (2)\node_modules\.bin;D:\MyWork\ReactNative\node_modules\.bin;D:\MyWork\node_modules\.bin;D:\node_modules\.bin;C:\Program Files\nodejs;C:\Program Files (x86)\OpenJDK\jdk-8.0.262.10-hotspot\bin;C:\Program Files (x86)\Common Files\Oracle\Java\javapath;C:\Program Files\Common Files\Oracle\Java\javapath;C:\Windows\system32;C:\Windows;C:\Windows\System32\Wbem;C:\Windows\System32\WindowsPowerShell\v1.0\;C:\Windows\System32\OpenSSH\;C:\Program Files\Git\cmd;C:\Users\LUCKY\AppData\Roaming\nvm;C:\Program Files\nodejs;C:\xampp\php;C:\ProgramData\ComposerSetup\bin;C:\Program Files\PuTTY\;C:\Program Files\Java\jdk-18.0.1.1\bin;C:\Program Files\Microsoft SQL Server\150\Tools\Binn\;C:\Users\LUCKY\AppData\Local\Android\Sdk\platform-tools;C:\Program Files\Java\jdk-11.0.13\bin;C:\Users\LUCKY\AppData\Local\Android\Sdk\ndk-bundle;C:\Users\LUCKY\AppData\Local\Programs\Python\Python310\Scripts\;C:\Users\LUCKY\AppData\Local\Programs\Python\Python310\;C:\Users\LUCKY\AppData\Local\Microsoft\WindowsApps;C:\Program Files\Bandizip\;C:\Users\LUCKY\AppData\Roaming\npm;C:\Users\LUCKY\AppData\Local\Programs\Microsoft VS Code\bin;C:\Users\LUCKY\AppData\Roaming\nvm;C:\Program Files\nodejs;C:\Users\LUCKY\AppData\Roaming\Composer\vendor\bin;C:\Program Files\JetBrains\PyCharm Community Edition 2022.1.1\bin;;C:\Users\LUCKY\AppData\Local\Android\Sdk\ndk-bundle;C:\Users\LUCKY\AppData\Local\Android\Sdk\platform-tools;
USERNAME=LUCKY
OS=Windows_NT
PROCESSOR_IDENTIFIER=Intel64 Family 6 Model 58 Stepping 9, GenuineIntel



---------------  S Y S T E M  ---------------

OS: Windows 10 , 64 bit Build 19041 (10.0.19041.1889)

CPU:total 4 (initial active 4) (2 cores per cpu, 2 threads per core) family 6 model 58 stepping 9 microcode 0x21, cmov, cx8, fxsr, mmx, sse, sse2, sse3, ssse3, sse4.1, sse4.2, popcnt, avx, aes, clmul, erms, ht, tsc, tscinvbit, tscinv

Memory: 4k page, system-wide physical 12182M (6026M free)
TotalPageFile size 24470M (AvailPageFile size 17727M)
current process WorkingSet (physical memory assigned to process): 474M, peak: 476M
current process commit charge ("private bytes"): 526M, peak: 528M

vm_info: Java HotSpot(TM) 64-Bit Server VM (11.0.13+10-LTS-370) for windows-amd64 JRE (11.0.13+10-LTS-370), built on Sep 15 2021 22:10:36 by "mach5one" with MS VC++ 15.9 (VS2017)

END.
