#
# A fatal error has been detected by the Java Runtime Environment:
#
#  EXCEPTION_ACCESS_VIOLATION (0xc0000005) at pc=0x00007ff8ecff138e, pid=17884, tid=1836
#
# JRE version: Java(TM) SE Runtime Environment 18.9 (11.0.13+10) (build 11.0.13+10-LTS-370)
# Java VM: Java HotSpot(TM) 64-Bit Server VM 18.9 (11.0.13+10-LTS-370, mixed mode, tiered, compressed oops, g1 gc, windows-amd64)
# Problematic frame:
# V  [jvm.dll+0x34138e]
#
# No core dump will be written. Minidumps are not enabled by default on client versions of Windows
#
# If you would like to submit a bug report, please visit:
#   https://bugreport.java.com/bugreport/crash.jsp
#

---------------  S U M M A R Y ------------

Command Line: --add-opens=java.base/java.util=ALL-UNNAMED --add-opens=java.base/java.lang=ALL-UNNAMED --add-opens=java.base/java.lang.invoke=ALL-UNNAMED --add-opens=java.prefs/java.util.prefs=ALL-UNNAMED -XX:MaxMetaspaceSize=256m -XX:+HeapDumpOnOutOfMemoryError -Xms256m -Xmx512m -Dfile.encoding=windows-1252 -Duser.country=US -Duser.language=en -Duser.variant org.gradle.launcher.daemon.bootstrap.GradleDaemon 5.5

Host: Intel(R) Core(TM) i5-3230M CPU @ 2.60GHz, 4 cores, 11G,  Windows 10 , 64 bit Build 19041 (10.0.19041.1806)
Time: Sun Aug  7 23:50:25 2022 Tokyo Standard Time elapsed time: 498.072302 seconds (0d 0h 8m 18s)

---------------  T H R E A D  ---------------

Current thread (0x0000013fbc7f6000):  JavaThread "C2 CompilerThread0" daemon [_thread_in_native, id=1836, stack(0x00000003fbd00000,0x00000003fbe00000)]


Current CompileTask:
C2: 498072 26559       4       com.android.tools.r8.graph.AppInfoWithSubtyping::populateAllSuperTypes (186 bytes)

Stack: [0x00000003fbd00000,0x00000003fbe00000],  sp=0x00000003fbdfb870,  free space=1006k
Native frames: (J=compiled Java code, j=interpreted, Vv=VM code, C=native code)
V  [jvm.dll+0x34138e]
V  [jvm.dll+0x18d2f7]
V  [jvm.dll+0x18ca7c]
V  [jvm.dll+0x1f8362]
V  [jvm.dll+0x1f743d]
V  [jvm.dll+0x177991]
V  [jvm.dll+0x206d84]
V  [jvm.dll+0x204ebb]
V  [jvm.dll+0x727e70]
V  [jvm.dll+0x720a54]
V  [jvm.dll+0x627606]
C  [ucrtbase.dll+0x21bb2]
C  [KERNEL32.DLL+0x17034]
C  [ntdll.dll+0x52651]


siginfo: EXCEPTION_ACCESS_VIOLATION (0xc0000005), reading address 0x0000033fc9fb9ff8


Register to memory mapping:

RIP=0x00007ff8ecff138e jvm.dll
RAX=0x0000000000000080 is an unknown value
RBX=0x0000013fcfdfb050 points into unknown readable memory: 0x0000000000000000 | 00 00 00 00 00 00 00 00
RCX=0x0000033fc9fb9ff8 is an unknown value
RDX=0x0000033fc9fb9fe0 is an unknown value
RSP=0x00000003fbdfb870 is pointing into the stack for thread: 0x0000013fbc7f6000
RBP=0x000000000000006e is an unknown value
RSI=0x0000000000000007 is an unknown value
RDI=0x00000003fbdfbb70 is pointing into the stack for thread: 0x0000013fbc7f6000
R8 =0x0000000000000080 is an unknown value
R9 =0x0000013fcf6c9050 points into unknown readable memory: 0x0000000000000000 | 00 00 00 00 00 00 00 00
R10=0x0000000000194ce0 is an unknown value
R11=0x0000013fcf752cb0 points into unknown readable memory: 0x0000000000000010 | 10 00 00 00 00 00 00 00
R12=0x00007ff8eccb0000 jvm.dll
R13=0x0000013fbd2b2ca0 points into unknown readable memory: 0x0000013fcf6c9040 | 40 90 6c cf 3f 01 00 00
R14=0x0000000000089c60 is an unknown value
R15=0x0000000000000dc7 is an unknown value


Registers:
RAX=0x0000000000000080, RBX=0x0000013fcfdfb050, RCX=0x0000033fc9fb9ff8, RDX=0x0000033fc9fb9fe0
RSP=0x00000003fbdfb870, RBP=0x000000000000006e, RSI=0x0000000000000007, RDI=0x00000003fbdfbb70
R8 =0x0000000000000080, R9 =0x0000013fcf6c9050, R10=0x0000000000194ce0, R11=0x0000013fcf752cb0
R12=0x00007ff8eccb0000, R13=0x0000013fbd2b2ca0, R14=0x0000000000089c60, R15=0x0000000000000dc7
RIP=0x00007ff8ecff138e, EFLAGS=0x0000000000010202

Top of Stack: (sp=0x00000003fbdfb870)
0x00000003fbdfb870:   0000013fcfdfb050 000000000000006e
0x00000003fbdfb880:   0000000000000007 0000013f0000002d
0x00000003fbdfb890:   0000287c00000003 0000013f00000004
0x00000003fbdfb8a0:   0000013fcad20ee0 00007ff800000029
0x00000003fbdfb8b0:   0000013fc4980ab8 00007ff80000002d
0x00000003fbdfb8c0:   0000013fcf752cb0 00007ff8ece80b86
0x00000003fbdfb8d0:   00007ff8eccb0000 00000000000003d8
0x00000003fbdfb8e0:   0000000000000000 00007ff8ece3d2f7
0x00000003fbdfb8f0:   0000000000000dc7 00000003fbdfbba0
0x00000003fbdfb900:   00000003fbdfc008 00000003fbdfbf20
0x00000003fbdfb910:   00000003fbdfbc80 00007ff8ece7f0a9
0x00000003fbdfb920:   00000000000024f6 0000000000000000
0x00000003fbdfb930:   00000003fbdfb9f0 0000000000000000
0x00000003fbdfb940:   00000003fbdfbb70 00002bab00000000
0x00000003fbdfb950:   0000013f00000008 0000013fca7e7a20
0x00000003fbdfb960:   0000013f0000002d 0000013fc4980c20 

Instructions: (pc=0x00007ff8ecff138e)
0x00007ff8ecff136e:   80 49 c1 e2 05 4b 8b 44 0a 08 48 8b 14 c8 48 8b
0x00007ff8ecff137e:   c5 83 e0 07 8b ce 41 d3 e0 48 8d 0c 82 41 8b c0
0x00007ff8ecff138e:   8b 11 f7 d0 23 c2 89 01 41 85 d0 74 04 43 ff 0c
0x00007ff8ecff139e:   0a 48 8b 4f 20 42 0f b7 94 33 94 00 00 00 49 03 


Stack slot to memory mapping:
stack at sp + 0 slots: 0x0000013fcfdfb050 points into unknown readable memory: 0x0000000000000000 | 00 00 00 00 00 00 00 00
stack at sp + 1 slots: 0x000000000000006e is an unknown value
stack at sp + 2 slots: 0x0000000000000007 is an unknown value
stack at sp + 3 slots: 0x0000013f0000002d is an unknown value
stack at sp + 4 slots: 0x0000287c00000003 is an unknown value
stack at sp + 5 slots: 0x0000013f00000004 is an unknown value
stack at sp + 6 slots: 0x0000013fcad20ee0 points into unknown readable memory: 0x0000000000000000 | 00 00 00 00 00 00 00 00
stack at sp + 7 slots: 0x00007ff800000029 is an unknown value


---------------  P R O C E S S  ---------------

Threads class SMR info:
_java_thread_list=0x0000013fc1e31910, length=53, elements={
0x0000013fa2988800, 0x0000013fa298d800, 0x0000013fa298e000, 0x0000013fa298b000,
0x0000013fa298f000, 0x0000013fa2989800, 0x0000013fbc7f6000, 0x0000013fbc7fe800,
0x0000013fa298b800, 0x0000013fa298a000, 0x0000013fbed34800, 0x0000013fbed32000,
0x0000013fbed35000, 0x0000013fbed37800, 0x0000013fbed38800, 0x0000013fbed39000,
0x0000013fc3495800, 0x0000013fc3497000, 0x0000013fc3493000, 0x0000013fbed36000,
0x0000013fbed30800, 0x0000013fbed37000, 0x0000013fbed31000, 0x0000013fbed32800,
0x0000013fbed33800, 0x0000013fbed3b000, 0x0000013fbed3b800, 0x0000013fbed3e000,
0x0000013fbed3f000, 0x0000013fc3496800, 0x0000013fc3498000, 0x0000013fc3492800,
0x0000013fc3494000, 0x0000013fc3499800, 0x0000013fc3494800, 0x0000013fc349b800,
0x0000013fc349c000, 0x0000013fc34a0000, 0x0000013fc34a1000, 0x0000013fc349e800,
0x0000013fc349d800, 0x0000013fc349f800, 0x0000013fa298c800, 0x0000013fc3e61000,
0x0000013fc3e63800, 0x0000013fc3e62000, 0x0000013fc3e5f800, 0x0000013fc3e63000,
0x0000013fc3e5e000, 0x0000013fc3e64800, 0x0000013fc3e65800, 0x0000013fc3e60800,
0x0000013fc76cf000
}

Java Threads: ( => current thread )
  0x0000013fa2988800 JavaThread "main" [_thread_blocked, id=15296, stack(0x00000003fb100000,0x00000003fb200000)]
  0x0000013fa298d800 JavaThread "Reference Handler" daemon [_thread_blocked, id=12612, stack(0x00000003fb800000,0x00000003fb900000)]
  0x0000013fa298e000 JavaThread "Finalizer" daemon [_thread_blocked, id=6588, stack(0x00000003fb900000,0x00000003fba00000)]
  0x0000013fa298b000 JavaThread "Signal Dispatcher" daemon [_thread_blocked, id=18376, stack(0x00000003fba00000,0x00000003fbb00000)]
  0x0000013fa298f000 JavaThread "Attach Listener" daemon [_thread_blocked, id=17500, stack(0x00000003fbb00000,0x00000003fbc00000)]
  0x0000013fa2989800 JavaThread "Service Thread" daemon [_thread_blocked, id=17636, stack(0x00000003fbc00000,0x00000003fbd00000)]
=>0x0000013fbc7f6000 JavaThread "C2 CompilerThread0" daemon [_thread_in_native, id=1836, stack(0x00000003fbd00000,0x00000003fbe00000)]
  0x0000013fbc7fe800 JavaThread "C1 CompilerThread0" daemon [_thread_blocked, id=13420, stack(0x00000003fbe00000,0x00000003fbf00000)]
  0x0000013fa298b800 JavaThread "Sweeper thread" daemon [_thread_blocked, id=16864, stack(0x00000003fbf00000,0x00000003fc000000)]
  0x0000013fa298a000 JavaThread "Common-Cleaner" daemon [_thread_blocked, id=14936, stack(0x00000003fc000000,0x00000003fc100000)]
  0x0000013fbed34800 JavaThread "Daemon health stats" [_thread_blocked, id=17324, stack(0x00000003fc500000,0x00000003fc600000)]
  0x0000013fbed32000 JavaThread "Incoming local TCP Connector on port 59092" [_thread_in_native, id=14952, stack(0x00000003fc600000,0x00000003fc700000)]
  0x0000013fbed35000 JavaThread "Daemon periodic checks" [_thread_blocked, id=16648, stack(0x00000003fc700000,0x00000003fc800000)]
  0x0000013fbed37800 JavaThread "Cache worker for file hash cache (C:\Users\LUCKY\.gradle\caches\5.5\fileHashes)" [_thread_blocked, id=17864, stack(0x00000003fcf00000,0x00000003fd000000)]
  0x0000013fbed38800 JavaThread "File lock request listener" [_thread_in_native, id=17100, stack(0x00000003fd000000,0x00000003fd100000)]
  0x0000013fbed39000 JavaThread "Cache worker for journal cache (C:\Users\LUCKY\.gradle\caches\journal-1)" [_thread_blocked, id=16904, stack(0x00000003fd100000,0x00000003fd200000)]
  0x0000013fc3495800 JavaThread "Cache worker for execution history cache (C:\Users\LUCKY\.gradle\caches\5.5\executionHistory)" [_thread_blocked, id=15984, stack(0x00000003fd600000,0x00000003fd700000)]
  0x0000013fc3497000 JavaThread "Memory manager" [_thread_blocked, id=11704, stack(0x00000003fdd00000,0x00000003fde00000)]
  0x0000013fc3493000 JavaThread "pool-1-thread-1" [_thread_blocked, id=16852, stack(0x00000003fae00000,0x00000003faf00000)]
  0x0000013fbed36000 JavaThread "Daemon Thread 3" [_thread_blocked, id=17424, stack(0x00000003faf00000,0x00000003fb000000)]
  0x0000013fbed30800 JavaThread "Handler for socket connection from /127.0.0.1:59092 to /127.0.0.1:59461" [_thread_in_native, id=16944, stack(0x00000003fb000000,0x00000003fb100000)]
  0x0000013fbed37000 JavaThread "Cancel handler" [_thread_blocked, id=18188, stack(0x00000003fc800000,0x00000003fc900000)]
  0x0000013fbed31000 JavaThread "Daemon worker Thread 3" [_thread_in_Java, id=12000, stack(0x00000003fc900000,0x00000003fca00000)]
  0x0000013fbed32800 JavaThread "Asynchronous log dispatcher for DefaultDaemonConnection: socket connection from /127.0.0.1:59092 to /127.0.0.1:59461" [_thread_blocked, id=6548, stack(0x00000003fca00000,0x00000003fcb00000)]
  0x0000013fbed33800 JavaThread "Stdin handler" [_thread_blocked, id=15028, stack(0x00000003fcb00000,0x00000003fcc00000)]
  0x0000013fbed3b000 JavaThread "Thread-48" [_thread_blocked, id=14536, stack(0x00000003fcc00000,0x00000003fcd00000)]
  0x0000013fbed3b800 JavaThread "Cache worker for file hash cache (D:\MyWork\ReactNative\whsnxt_mvp (2)\android\.gradle\5.5\fileHashes)" [_thread_blocked, id=18164, stack(0x00000003fcd00000,0x00000003fce00000)]
  0x0000013fbed3e000 JavaThread "Cache worker for cache directory md-supplier (C:\Users\LUCKY\.gradle\caches\5.5\md-supplier)" [_thread_blocked, id=15720, stack(0x00000003fd200000,0x00000003fd300000)]
  0x0000013fbed3f000 JavaThread "Cache worker for cache directory md-rule (C:\Users\LUCKY\.gradle\caches\5.5\md-rule)" [_thread_blocked, id=17356, stack(0x00000003fd300000,0x00000003fd400000)]
  0x0000013fc3496800 JavaThread "Build operations" [_thread_blocked, id=13388, stack(0x00000003fd400000,0x00000003fd500000)]
  0x0000013fc3498000 JavaThread "Build operations Thread 2" [_thread_blocked, id=15580, stack(0x00000003fd500000,0x00000003fd600000)]
  0x0000013fc3492800 JavaThread "Build operations Thread 3" [_thread_blocked, id=15108, stack(0x00000003fd700000,0x00000003fd800000)]
  0x0000013fc3494000 JavaThread "Build operations Thread 4" [_thread_blocked, id=15808, stack(0x00000003fd800000,0x00000003fd900000)]
  0x0000013fc3499800 JavaThread "Cache worker for Build Output Cleanup Cache (D:\MyWork\ReactNative\whsnxt_mvp (2)\android\.gradle\buildOutputCleanup)" [_thread_blocked, id=17960, stack(0x00000003fda00000,0x00000003fdb00000)]
  0x0000013fc3494800 JavaThread "Cache worker for file content cache (C:\Users\LUCKY\.gradle\caches\5.5\fileContent)" [_thread_blocked, id=10784, stack(0x00000003fe100000,0x00000003fe200000)]
  0x0000013fc349b800 JavaThread "Cache worker for file content cache (D:\MyWork\ReactNative\whsnxt_mvp (2)\android\.gradle\5.5\fileContent)" [_thread_blocked, id=14868, stack(0x00000003fe200000,0x00000003fe300000)]
  0x0000013fc349c000 JavaThread "Execution worker for ':'" [_thread_blocked, id=12372, stack(0x00000003fe300000,0x00000003fe400000)]
  0x0000013fc34a0000 JavaThread "Execution worker for ':' Thread 2" [_thread_blocked, id=12628, stack(0x00000003fe400000,0x00000003fe500000)]
  0x0000013fc34a1000 JavaThread "Execution worker for ':' Thread 3" [_thread_blocked, id=7236, stack(0x00000003fe500000,0x00000003fe600000)]
  0x0000013fc349e800 JavaThread "Cache worker for execution history cache (D:\MyWork\ReactNative\whsnxt_mvp (2)\android\.gradle\5.5\executionHistory)" [_thread_blocked, id=16428, stack(0x00000003fe600000,0x00000003fe700000)]
  0x0000013fc349d800 JavaThread "Cache worker for Java compile cache (C:\Users\LUCKY\.gradle\caches\5.5\javaCompile)" [_thread_blocked, id=18036, stack(0x00000003fce00000,0x00000003fcf00000)]
  0x0000013fc349f800 JavaThread "Cache worker for Java compile cache (D:\MyWork\ReactNative\whsnxt_mvp (2)\android\.gradle\5.5\javaCompile)" [_thread_blocked, id=12020, stack(0x00000003fe700000,0x00000003fe800000)]
  0x0000013fa298c800 JavaThread "ForkJoinPool.commonPool-worker-3" daemon [_thread_blocked, id=11936, stack(0x00000003fe800000,0x00000003fe900000)]
  0x0000013fc3e61000 JavaThread "ForkJoinPool.commonPool-worker-5" daemon [_thread_blocked, id=6316, stack(0x00000003fe900000,0x00000003fea00000)]
  0x0000013fc3e63800 JavaThread "ForkJoinPool.commonPool-worker-7" daemon [_thread_blocked, id=15088, stack(0x00000003fd900000,0x00000003fda00000)]
  0x0000013fc3e62000 JavaThread "pool-2-thread-1" [_thread_blocked, id=18092, stack(0x00000003fdf00000,0x00000003fe000000)]
  0x0000013fc3e5f800 JavaThread "stderr" daemon [_thread_in_native, id=11004, stack(0x00000003fec00000,0x00000003fed00000)]
  0x0000013fc3e63000 JavaThread "stdout" daemon [_thread_in_native, id=15116, stack(0x00000003fed00000,0x00000003fee00000)]
  0x0000013fc3e5e000 JavaThread "stderr" daemon [_thread_in_native, id=12384, stack(0x00000003fee00000,0x00000003fef00000)]
  0x0000013fc3e64800 JavaThread "stdout" daemon [_thread_in_native, id=17976, stack(0x00000003fef00000,0x00000003ff000000)]
  0x0000013fc3e65800 JavaThread "stderr" daemon [_thread_in_native, id=716, stack(0x00000003ff000000,0x00000003ff100000)]
  0x0000013fc3e60800 JavaThread "stdout" daemon [_thread_in_native, id=16592, stack(0x00000003ff100000,0x00000003ff200000)]
  0x0000013fc76cf000 JavaThread "C2 CompilerThread1" daemon [_thread_in_native, id=8036, stack(0x00000003fea00000,0x00000003feb00000)]

Other Threads:
  0x0000013fbc7ad800 VMThread "VM Thread" [stack: 0x00000003fb700000,0x00000003fb800000] [id=17708]
  0x0000013fbd2e6000 WatcherThread [stack: 0x00000003fc100000,0x00000003fc200000] [id=15216]
  0x0000013fa29a5800 GCTaskThread "GC Thread#0" [stack: 0x00000003fb200000,0x00000003fb300000] [id=18228]
  0x0000013fbd8da800 GCTaskThread "GC Thread#1" [stack: 0x00000003fc200000,0x00000003fc300000] [id=18048]
  0x0000013fbda2f800 GCTaskThread "GC Thread#2" [stack: 0x00000003fc300000,0x00000003fc400000] [id=17644]
  0x0000013fbda30000 GCTaskThread "GC Thread#3" [stack: 0x00000003fc400000,0x00000003fc500000] [id=17316]
  0x0000013fa29b8800 ConcurrentGCThread "G1 Main Marker" [stack: 0x00000003fb300000,0x00000003fb400000] [id=14780]
  0x0000013fa29ba000 ConcurrentGCThread "G1 Conc#0" [stack: 0x00000003fb400000,0x00000003fb500000] [id=13252]
  0x0000013fa2a6e800 ConcurrentGCThread "G1 Refine#0" [stack: 0x00000003fb500000,0x00000003fb600000] [id=12348]
  0x0000013fbf5e3000 ConcurrentGCThread "G1 Refine#1" [stack: 0x00000003fdb00000,0x00000003fdc00000] [id=12920]
  0x0000013fbf5e4000 ConcurrentGCThread "G1 Refine#2" [stack: 0x00000003fdc00000,0x00000003fdd00000] [id=16348]
  0x0000013fbc649000 ConcurrentGCThread "G1 Young RemSet Sampling" [stack: 0x00000003fb600000,0x00000003fb700000] [id=16356]

Threads with active compile tasks:
C2 CompilerThread0 498189 26559       4       com.android.tools.r8.graph.AppInfoWithSubtyping::populateAllSuperTypes (186 bytes)
C2 CompilerThread1 498189 26567       4       com.android.tools.r8.com.google.common.collect.RegularImmutableMap::get (64 bytes)

VM state:not at safepoint (normal execution)

VM Mutex/Monitor currently owned by a thread: None

Heap address: 0x00000000e0000000, size: 512 MB, Compressed Oops mode: 32-bit
Narrow klass base: 0x0000000000000000, Narrow klass shift: 3
Compressed class space size: 260046848 Address: 0x0000000100000000

Heap:
 garbage-first heap   total 320512K, used 256168K [0x00000000e0000000, 0x0000000100000000)
  region size 1024K, 15 young (15360K), 3 survivors (3072K)
 Metaspace       used 115802K, capacity 119555K, committed 119672K, reserved 360448K
  class space    used 13752K, capacity 14968K, committed 14968K, reserved 253952K
Heap Regions: E=young(eden), S=young(survivor), O=old, HS=humongous(starts), HC=humongous(continues), CS=collection set, F=free, A=archive, TAMS=top-at-mark-start (previous, next)
|   0|0x00000000e0000000, 0x00000000e0100000, 0x00000000e0100000|100%| O|  |TAMS 0x00000000e0100000, 0x00000000e0000000| Untracked 
|   1|0x00000000e0100000, 0x00000000e0200000, 0x00000000e0200000|100%| O|  |TAMS 0x00000000e0200000, 0x00000000e0100000| Untracked 
|   2|0x00000000e0200000, 0x00000000e0300000, 0x00000000e0300000|100%|HS|  |TAMS 0x00000000e0300000, 0x00000000e0200000| Complete 
|   3|0x00000000e0300000, 0x00000000e0400000, 0x00000000e0400000|100%|HS|  |TAMS 0x00000000e0400000, 0x00000000e0300000| Complete 
|   4|0x00000000e0400000, 0x00000000e0500000, 0x00000000e0500000|100%|HC|  |TAMS 0x00000000e0500000, 0x00000000e0400000| Complete 
|   5|0x00000000e0500000, 0x00000000e0600000, 0x00000000e0600000|100%| O|  |TAMS 0x00000000e0600000, 0x00000000e0500000| Complete 
|   6|0x00000000e0600000, 0x00000000e0700000, 0x00000000e0700000|100%| O|  |TAMS 0x00000000e0700000, 0x00000000e0600000| Untracked 
|   7|0x00000000e0700000, 0x00000000e0800000, 0x00000000e0800000|100%| O|  |TAMS 0x00000000e0800000, 0x00000000e0700000| Complete 
|   8|0x00000000e0800000, 0x00000000e0900000, 0x00000000e0900000|100%| O|  |TAMS 0x00000000e0900000, 0x00000000e0800000| Untracked 
|   9|0x00000000e0900000, 0x00000000e0a00000, 0x00000000e0a00000|100%| O|  |TAMS 0x00000000e0a00000, 0x00000000e0900000| Untracked 
|  10|0x00000000e0a00000, 0x00000000e0b00000, 0x00000000e0b00000|100%| O|  |TAMS 0x00000000e0b00000, 0x00000000e0a00000| Untracked 
|  11|0x00000000e0b00000, 0x00000000e0c00000, 0x00000000e0c00000|100%| O|  |TAMS 0x00000000e0c00000, 0x00000000e0b00000| Untracked 
|  12|0x00000000e0c00000, 0x00000000e0d00000, 0x00000000e0d00000|100%| O|  |TAMS 0x00000000e0d00000, 0x00000000e0c00000| Complete 
|  13|0x00000000e0d00000, 0x00000000e0e00000, 0x00000000e0e00000|100%|HS|  |TAMS 0x00000000e0e00000, 0x00000000e0d00000| Complete 
|  14|0x00000000e0e00000, 0x00000000e0f00000, 0x00000000e0f00000|100%|HC|  |TAMS 0x00000000e0f00000, 0x00000000e0e00000| Complete 
|  15|0x00000000e0f00000, 0x00000000e1000000, 0x00000000e1000000|100%|HC|  |TAMS 0x00000000e1000000, 0x00000000e0f00000| Complete 
|  16|0x00000000e1000000, 0x00000000e1100000, 0x00000000e1100000|100%|HS|  |TAMS 0x00000000e1100000, 0x00000000e1000000| Complete 
|  17|0x00000000e1100000, 0x00000000e1200000, 0x00000000e1200000|100%|HC|  |TAMS 0x00000000e1200000, 0x00000000e1100000| Complete 
|  18|0x00000000e1200000, 0x00000000e1300000, 0x00000000e1300000|100%| O|  |TAMS 0x00000000e1300000, 0x00000000e1200000| Untracked 
|  19|0x00000000e1300000, 0x00000000e1400000, 0x00000000e1400000|100%| O|  |TAMS 0x00000000e1400000, 0x00000000e1300000| Complete 
|  20|0x00000000e1400000, 0x00000000e1500000, 0x00000000e1500000|100%| O|  |TAMS 0x00000000e1500000, 0x00000000e1400000| Untracked 
|  21|0x00000000e1500000, 0x00000000e1600000, 0x00000000e1600000|100%| O|  |TAMS 0x00000000e1600000, 0x00000000e1500000| Untracked 
|  22|0x00000000e1600000, 0x00000000e1700000, 0x00000000e1700000|100%| O|  |TAMS 0x00000000e1700000, 0x00000000e1600000| Complete 
|  23|0x00000000e1700000, 0x00000000e1800000, 0x00000000e1800000|100%| O|  |TAMS 0x00000000e1800000, 0x00000000e1700000| Untracked 
|  24|0x00000000e1800000, 0x00000000e1900000, 0x00000000e1900000|100%| O|  |TAMS 0x00000000e1900000, 0x00000000e1800000| Complete 
|  25|0x00000000e1900000, 0x00000000e1a00000, 0x00000000e1a00000|100%| O|  |TAMS 0x00000000e1900000, 0x00000000e1900000| Untracked 
|  26|0x00000000e1a00000, 0x00000000e1b00000, 0x00000000e1b00000|100%| O|  |TAMS 0x00000000e1b00000, 0x00000000e1a00000| Complete 
|  27|0x00000000e1b00000, 0x00000000e1c00000, 0x00000000e1c00000|100%| O|  |TAMS 0x00000000e1c00000, 0x00000000e1b00000| Complete 
|  28|0x00000000e1c00000, 0x00000000e1d00000, 0x00000000e1d00000|100%| O|  |TAMS 0x00000000e1d00000, 0x00000000e1c00000| Complete 
|  29|0x00000000e1d00000, 0x00000000e1e00000, 0x00000000e1e00000|100%| O|  |TAMS 0x00000000e1e00000, 0x00000000e1d00000| Untracked 
|  30|0x00000000e1e00000, 0x00000000e1f00000, 0x00000000e1f00000|100%| O|  |TAMS 0x00000000e1f00000, 0x00000000e1e00000| Complete 
|  31|0x00000000e1f00000, 0x00000000e2000000, 0x00000000e2000000|100%| O|  |TAMS 0x00000000e2000000, 0x00000000e1f00000| Untracked 
|  32|0x00000000e2000000, 0x00000000e2100000, 0x00000000e2100000|100%| O|  |TAMS 0x00000000e2100000, 0x00000000e2000000| Untracked 
|  33|0x00000000e2100000, 0x00000000e2200000, 0x00000000e2200000|100%| O|  |TAMS 0x00000000e2200000, 0x00000000e2100000| Complete 
|  34|0x00000000e2200000, 0x00000000e2300000, 0x00000000e2300000|100%| O|  |TAMS 0x00000000e2200000, 0x00000000e2200000| Untracked 
|  35|0x00000000e2300000, 0x00000000e2400000, 0x00000000e2400000|100%| O|  |TAMS 0x00000000e2300000, 0x00000000e2300000| Untracked 
|  36|0x00000000e2400000, 0x00000000e2500000, 0x00000000e2500000|100%| O|  |TAMS 0x00000000e2500000, 0x00000000e2400000| Complete 
|  37|0x00000000e2500000, 0x00000000e2600000, 0x00000000e2600000|100%| O|  |TAMS 0x00000000e2600000, 0x00000000e2500000| Untracked 
|  38|0x00000000e2600000, 0x00000000e2700000, 0x00000000e2700000|100%| O|  |TAMS 0x00000000e2700000, 0x00000000e2600000| Complete 
|  39|0x00000000e2700000, 0x00000000e2800000, 0x00000000e2800000|100%| O|  |TAMS 0x00000000e2800000, 0x00000000e2700000| Complete 
|  40|0x00000000e2800000, 0x00000000e2900000, 0x00000000e2900000|100%| O|  |TAMS 0x00000000e2900000, 0x00000000e2800000| Untracked 
|  41|0x00000000e2900000, 0x00000000e2a00000, 0x00000000e2a00000|100%| O|  |TAMS 0x00000000e2a00000, 0x00000000e2900000| Complete 
|  42|0x00000000e2a00000, 0x00000000e2b00000, 0x00000000e2b00000|100%| O|  |TAMS 0x00000000e2b00000, 0x00000000e2a00000| Untracked 
|  43|0x00000000e2b00000, 0x00000000e2c00000, 0x00000000e2c00000|100%| O|  |TAMS 0x00000000e2c00000, 0x00000000e2b00000| Untracked 
|  44|0x00000000e2c00000, 0x00000000e2d00000, 0x00000000e2d00000|100%| O|  |TAMS 0x00000000e2d00000, 0x00000000e2c00000| Untracked 
|  45|0x00000000e2d00000, 0x00000000e2e00000, 0x00000000e2e00000|100%| O|  |TAMS 0x00000000e2d00000, 0x00000000e2d00000| Untracked 
|  46|0x00000000e2e00000, 0x00000000e2f00000, 0x00000000e2f00000|100%| O|  |TAMS 0x00000000e2f00000, 0x00000000e2e00000| Complete 
|  47|0x00000000e2f00000, 0x00000000e3000000, 0x00000000e3000000|100%| O|  |TAMS 0x00000000e3000000, 0x00000000e2f00000| Complete 
|  48|0x00000000e3000000, 0x00000000e3100000, 0x00000000e3100000|100%|HS|  |TAMS 0x00000000e3100000, 0x00000000e3000000| Complete 
|  49|0x00000000e3100000, 0x00000000e3200000, 0x00000000e3200000|100%|HC|  |TAMS 0x00000000e3200000, 0x00000000e3100000| Complete 
|  50|0x00000000e3200000, 0x00000000e3300000, 0x00000000e3300000|100%|HC|  |TAMS 0x00000000e3300000, 0x00000000e3200000| Complete 
|  51|0x00000000e3300000, 0x00000000e3400000, 0x00000000e3400000|100%|HS|  |TAMS 0x00000000e3400000, 0x00000000e3300000| Complete 
|  52|0x00000000e3400000, 0x00000000e3500000, 0x00000000e3500000|100%| O|  |TAMS 0x00000000e3500000, 0x00000000e3400000| Complete 
|  53|0x00000000e3500000, 0x00000000e3600000, 0x00000000e3600000|100%| O|  |TAMS 0x00000000e3600000, 0x00000000e3500000| Complete 
|  54|0x00000000e3600000, 0x00000000e3700000, 0x00000000e3700000|100%| O|  |TAMS 0x00000000e3700000, 0x00000000e3600000| Complete 
|  55|0x00000000e3700000, 0x00000000e3800000, 0x00000000e3800000|100%| O|  |TAMS 0x00000000e3800000, 0x00000000e3700000| Complete 
|  56|0x00000000e3800000, 0x00000000e3900000, 0x00000000e3900000|100%| O|  |TAMS 0x00000000e3900000, 0x00000000e3800000| Untracked 
|  57|0x00000000e3900000, 0x00000000e3a00000, 0x00000000e3a00000|100%| O|  |TAMS 0x00000000e3a00000, 0x00000000e3900000| Untracked 
|  58|0x00000000e3a00000, 0x00000000e3b00000, 0x00000000e3b00000|100%| O|  |TAMS 0x00000000e3a00000, 0x00000000e3a00000| Untracked 
|  59|0x00000000e3b00000, 0x00000000e3c00000, 0x00000000e3c00000|100%| O|  |TAMS 0x00000000e3c00000, 0x00000000e3b00000| Untracked 
|  60|0x00000000e3c00000, 0x00000000e3d00000, 0x00000000e3d00000|100%| O|  |TAMS 0x00000000e3d00000, 0x00000000e3c00000| Untracked 
|  61|0x00000000e3d00000, 0x00000000e3e00000, 0x00000000e3e00000|100%|HS|  |TAMS 0x00000000e3e00000, 0x00000000e3d00000| Complete 
|  62|0x00000000e3e00000, 0x00000000e3f00000, 0x00000000e3f00000|100%| O|  |TAMS 0x00000000e3f00000, 0x00000000e3e00000| Complete 
|  63|0x00000000e3f00000, 0x00000000e4000000, 0x00000000e4000000|100%| O|  |TAMS 0x00000000e4000000, 0x00000000e3f00000| Untracked 
|  64|0x00000000e4000000, 0x00000000e4100000, 0x00000000e4100000|100%| O|  |TAMS 0x00000000e4100000, 0x00000000e4000000| Untracked 
|  65|0x00000000e4100000, 0x00000000e4200000, 0x00000000e4200000|100%| O|  |TAMS 0x00000000e4200000, 0x00000000e4100000| Complete 
|  66|0x00000000e4200000, 0x00000000e4300000, 0x00000000e4300000|100%| O|  |TAMS 0x00000000e4300000, 0x00000000e4200000| Untracked 
|  67|0x00000000e4300000, 0x00000000e4400000, 0x00000000e4400000|100%| O|  |TAMS 0x00000000e4400000, 0x00000000e4300000| Complete 
|  68|0x00000000e4400000, 0x00000000e4500000, 0x00000000e4500000|100%| O|  |TAMS 0x00000000e4500000, 0x00000000e4400000| Untracked 
|  69|0x00000000e4500000, 0x00000000e4600000, 0x00000000e4600000|100%|HS|  |TAMS 0x00000000e4600000, 0x00000000e4500000| Complete 
|  70|0x00000000e4600000, 0x00000000e4700000, 0x00000000e4700000|100%| O|  |TAMS 0x00000000e4700000, 0x00000000e4600000| Complete 
|  71|0x00000000e4700000, 0x00000000e4800000, 0x00000000e4800000|100%| O|  |TAMS 0x00000000e4800000, 0x00000000e4700000| Untracked 
|  72|0x00000000e4800000, 0x00000000e4900000, 0x00000000e4900000|100%| O|  |TAMS 0x00000000e4900000, 0x00000000e4800000| Untracked 
|  73|0x00000000e4900000, 0x00000000e4a00000, 0x00000000e4a00000|100%| O|  |TAMS 0x00000000e4a00000, 0x00000000e4900000| Untracked 
|  74|0x00000000e4a00000, 0x00000000e4b00000, 0x00000000e4b00000|100%| O|  |TAMS 0x00000000e4b00000, 0x00000000e4a00000| Untracked 
|  75|0x00000000e4b00000, 0x00000000e4c00000, 0x00000000e4c00000|100%| O|  |TAMS 0x00000000e4c00000, 0x00000000e4b00000| Untracked 
|  76|0x00000000e4c00000, 0x00000000e4d00000, 0x00000000e4d00000|100%| O|  |TAMS 0x00000000e4c00000, 0x00000000e4c00000| Untracked 
|  77|0x00000000e4d00000, 0x00000000e4e00000, 0x00000000e4e00000|100%| O|  |TAMS 0x00000000e4e00000, 0x00000000e4d00000| Untracked 
|  78|0x00000000e4e00000, 0x00000000e4f00000, 0x00000000e4f00000|100%| O|  |TAMS 0x00000000e4e00000, 0x00000000e4e00000| Untracked 
|  79|0x00000000e4f00000, 0x00000000e5000000, 0x00000000e5000000|100%| O|  |TAMS 0x00000000e4f00000, 0x00000000e4f00000| Untracked 
|  80|0x00000000e5000000, 0x00000000e5100000, 0x00000000e5100000|100%| O|  |TAMS 0x00000000e5100000, 0x00000000e5000000| Complete 
|  81|0x00000000e5100000, 0x00000000e5200000, 0x00000000e5200000|100%| O|  |TAMS 0x00000000e5200000, 0x00000000e5100000| Complete 
|  82|0x00000000e5200000, 0x00000000e5300000, 0x00000000e5300000|100%| O|  |TAMS 0x00000000e5300000, 0x00000000e5200000| Untracked 
|  83|0x00000000e5300000, 0x00000000e5400000, 0x00000000e5400000|100%| O|  |TAMS 0x00000000e5300000, 0x00000000e5300000| Untracked 
|  84|0x00000000e5400000, 0x00000000e5500000, 0x00000000e5500000|100%| O|  |TAMS 0x00000000e5500000, 0x00000000e5400000| Complete 
|  85|0x00000000e5500000, 0x00000000e5600000, 0x00000000e5600000|100%| O|  |TAMS 0x00000000e5600000, 0x00000000e5500000| Untracked 
|  86|0x00000000e5600000, 0x00000000e5700000, 0x00000000e5700000|100%| O|  |TAMS 0x00000000e5700000, 0x00000000e5600000| Untracked 
|  87|0x00000000e5700000, 0x00000000e5800000, 0x00000000e5800000|100%| O|  |TAMS 0x00000000e5700000, 0x00000000e5700000| Untracked 
|  88|0x00000000e5800000, 0x00000000e5900000, 0x00000000e5900000|100%| O|  |TAMS 0x00000000e5900000, 0x00000000e5800000| Untracked 
|  89|0x00000000e5900000, 0x00000000e5a00000, 0x00000000e5a00000|100%| O|  |TAMS 0x00000000e5900000, 0x00000000e5900000| Untracked 
|  90|0x00000000e5a00000, 0x00000000e5b00000, 0x00000000e5b00000|100%| O|  |TAMS 0x00000000e5b00000, 0x00000000e5a00000| Complete 
|  91|0x00000000e5b00000, 0x00000000e5c00000, 0x00000000e5c00000|100%| O|  |TAMS 0x00000000e5c00000, 0x00000000e5b00000| Untracked 
|  92|0x00000000e5c00000, 0x00000000e5d00000, 0x00000000e5d00000|100%| O|  |TAMS 0x00000000e5c00000, 0x00000000e5c00000| Untracked 
|  93|0x00000000e5d00000, 0x00000000e5e00000, 0x00000000e5e00000|100%| O|  |TAMS 0x00000000e5e00000, 0x00000000e5d00000| Complete 
|  94|0x00000000e5e00000, 0x00000000e5f00000, 0x00000000e5f00000|100%| O|  |TAMS 0x00000000e5f00000, 0x00000000e5e00000| Complete 
|  95|0x00000000e5f00000, 0x00000000e6000000, 0x00000000e6000000|100%| O|  |TAMS 0x00000000e6000000, 0x00000000e5f00000| Untracked 
|  96|0x00000000e6000000, 0x00000000e6100000, 0x00000000e6100000|100%| O|  |TAMS 0x00000000e6100000, 0x00000000e6000000| Complete 
|  97|0x00000000e6100000, 0x00000000e6200000, 0x00000000e6200000|100%| O|  |TAMS 0x00000000e6200000, 0x00000000e6100000| Untracked 
|  98|0x00000000e6200000, 0x00000000e6300000, 0x00000000e6300000|100%| O|  |TAMS 0x00000000e6300000, 0x00000000e6200000| Untracked 
|  99|0x00000000e6300000, 0x00000000e6400000, 0x00000000e6400000|100%| O|  |TAMS 0x00000000e6400000, 0x00000000e6300000| Untracked 
| 100|0x00000000e6400000, 0x00000000e6500000, 0x00000000e6500000|100%| O|  |TAMS 0x00000000e6500000, 0x00000000e6400000| Untracked 
| 101|0x00000000e6500000, 0x00000000e6600000, 0x00000000e6600000|100%| O|  |TAMS 0x00000000e6600000, 0x00000000e6500000| Untracked 
| 102|0x00000000e6600000, 0x00000000e6700000, 0x00000000e6700000|100%| O|  |TAMS 0x00000000e6700000, 0x00000000e6600000| Untracked 
| 103|0x00000000e6700000, 0x00000000e6800000, 0x00000000e6800000|100%| O|  |TAMS 0x00000000e6800000, 0x00000000e6700000| Untracked 
| 104|0x00000000e6800000, 0x00000000e6900000, 0x00000000e6900000|100%| O|  |TAMS 0x00000000e6900000, 0x00000000e6800000| Untracked 
| 105|0x00000000e6900000, 0x00000000e6a00000, 0x00000000e6a00000|100%| O|  |TAMS 0x00000000e6a00000, 0x00000000e6900000| Untracked 
| 106|0x00000000e6a00000, 0x00000000e6b00000, 0x00000000e6b00000|100%| O|  |TAMS 0x00000000e6b00000, 0x00000000e6a00000| Untracked 
| 107|0x00000000e6b00000, 0x00000000e6c00000, 0x00000000e6c00000|100%| O|  |TAMS 0x00000000e6c00000, 0x00000000e6b00000| Complete 
| 108|0x00000000e6c00000, 0x00000000e6d00000, 0x00000000e6d00000|100%| O|  |TAMS 0x00000000e6d00000, 0x00000000e6c00000| Untracked 
| 109|0x00000000e6d00000, 0x00000000e6e00000, 0x00000000e6e00000|100%| O|  |TAMS 0x00000000e6e00000, 0x00000000e6d00000| Untracked 
| 110|0x00000000e6e00000, 0x00000000e6f00000, 0x00000000e6f00000|100%| O|  |TAMS 0x00000000e6f00000, 0x00000000e6e00000| Untracked 
| 111|0x00000000e6f00000, 0x00000000e7000000, 0x00000000e7000000|100%| O|  |TAMS 0x00000000e7000000, 0x00000000e6f00000| Complete 
| 112|0x00000000e7000000, 0x00000000e7100000, 0x00000000e7100000|100%| O|  |TAMS 0x00000000e7100000, 0x00000000e7000000| Complete 
| 113|0x00000000e7100000, 0x00000000e7200000, 0x00000000e7200000|100%| O|  |TAMS 0x00000000e7200000, 0x00000000e7100000| Untracked 
| 114|0x00000000e7200000, 0x00000000e7300000, 0x00000000e7300000|100%| O|  |TAMS 0x00000000e7300000, 0x00000000e7200000| Untracked 
| 115|0x00000000e7300000, 0x00000000e7400000, 0x00000000e7400000|100%| O|  |TAMS 0x00000000e7400000, 0x00000000e7300000| Untracked 
| 116|0x00000000e7400000, 0x00000000e7500000, 0x00000000e7500000|100%| O|  |TAMS 0x00000000e7500000, 0x00000000e7400000| Untracked 
| 117|0x00000000e7500000, 0x00000000e7600000, 0x00000000e7600000|100%| O|  |TAMS 0x00000000e7600000, 0x00000000e7500000| Complete 
| 118|0x00000000e7600000, 0x00000000e7700000, 0x00000000e7700000|100%| O|  |TAMS 0x00000000e7700000, 0x00000000e7600000| Complete 
| 119|0x00000000e7700000, 0x00000000e7800000, 0x00000000e7800000|100%| O|  |TAMS 0x00000000e7800000, 0x00000000e7700000| Untracked 
| 120|0x00000000e7800000, 0x00000000e7900000, 0x00000000e7900000|100%| O|  |TAMS 0x00000000e7900000, 0x00000000e7800000| Untracked 
| 121|0x00000000e7900000, 0x00000000e7a00000, 0x00000000e7a00000|100%| O|  |TAMS 0x00000000e7a00000, 0x00000000e7900000| Untracked 
| 122|0x00000000e7a00000, 0x00000000e7b00000, 0x00000000e7b00000|100%| O|  |TAMS 0x00000000e7b00000, 0x00000000e7a00000| Untracked 
| 123|0x00000000e7b00000, 0x00000000e7c00000, 0x00000000e7c00000|100%| O|  |TAMS 0x00000000e7c00000, 0x00000000e7b00000| Untracked 
| 124|0x00000000e7c00000, 0x00000000e7d00000, 0x00000000e7d00000|100%| O|  |TAMS 0x00000000e7d00000, 0x00000000e7c00000| Untracked 
| 125|0x00000000e7d00000, 0x00000000e7e00000, 0x00000000e7e00000|100%| O|  |TAMS 0x00000000e7e00000, 0x00000000e7d00000| Complete 
| 126|0x00000000e7e00000, 0x00000000e7f00000, 0x00000000e7f00000|100%| O|  |TAMS 0x00000000e7f00000, 0x00000000e7e00000| Untracked 
| 127|0x00000000e7f00000, 0x00000000e8000000, 0x00000000e8000000|100%| O|  |TAMS 0x00000000e8000000, 0x00000000e7f00000| Untracked 
| 128|0x00000000e8000000, 0x00000000e8100000, 0x00000000e8100000|100%| O|  |TAMS 0x00000000e8100000, 0x00000000e8000000| Untracked 
| 129|0x00000000e8100000, 0x00000000e8200000, 0x00000000e8200000|100%| O|  |TAMS 0x00000000e8200000, 0x00000000e8100000| Untracked 
| 130|0x00000000e8200000, 0x00000000e8300000, 0x00000000e8300000|100%| O|  |TAMS 0x00000000e8300000, 0x00000000e8200000| Untracked 
| 131|0x00000000e8300000, 0x00000000e8400000, 0x00000000e8400000|100%| O|  |TAMS 0x00000000e8400000, 0x00000000e8300000| Untracked 
| 132|0x00000000e8400000, 0x00000000e8500000, 0x00000000e8500000|100%| O|  |TAMS 0x00000000e8500000, 0x00000000e8400000| Untracked 
| 133|0x00000000e8500000, 0x00000000e8600000, 0x00000000e8600000|100%| O|  |TAMS 0x00000000e8600000, 0x00000000e8500000| Untracked 
| 134|0x00000000e8600000, 0x00000000e8700000, 0x00000000e8700000|100%| O|  |TAMS 0x00000000e8700000, 0x00000000e8600000| Untracked 
| 135|0x00000000e8700000, 0x00000000e8800000, 0x00000000e8800000|100%| O|  |TAMS 0x00000000e8800000, 0x00000000e8700000| Untracked 
| 136|0x00000000e8800000, 0x00000000e8900000, 0x00000000e8900000|100%| O|  |TAMS 0x00000000e8900000, 0x00000000e8800000| Complete 
| 137|0x00000000e8900000, 0x00000000e8a00000, 0x00000000e8a00000|100%|HS|  |TAMS 0x00000000e8a00000, 0x00000000e8900000| Complete 
| 138|0x00000000e8a00000, 0x00000000e8b00000, 0x00000000e8b00000|100%| O|  |TAMS 0x00000000e8b00000, 0x00000000e8a00000| Untracked 
| 139|0x00000000e8b00000, 0x00000000e8c00000, 0x00000000e8c00000|100%| O|  |TAMS 0x00000000e8b00000, 0x00000000e8b00000| Untracked 
| 140|0x00000000e8c00000, 0x00000000e8d00000, 0x00000000e8d00000|100%| O|  |TAMS 0x00000000e8d00000, 0x00000000e8c00000| Untracked 
| 141|0x00000000e8d00000, 0x00000000e8e00000, 0x00000000e8e00000|100%| O|  |TAMS 0x00000000e8e00000, 0x00000000e8d00000| Untracked 
| 142|0x00000000e8e00000, 0x00000000e8f00000, 0x00000000e8f00000|100%| O|  |TAMS 0x00000000e8f00000, 0x00000000e8e00000| Complete 
| 143|0x00000000e8f00000, 0x00000000e9000000, 0x00000000e9000000|100%| O|  |TAMS 0x00000000e9000000, 0x00000000e8f00000| Untracked 
| 144|0x00000000e9000000, 0x00000000e9100000, 0x00000000e9100000|100%| O|  |TAMS 0x00000000e9100000, 0x00000000e9000000| Untracked 
| 145|0x00000000e9100000, 0x00000000e9200000, 0x00000000e9200000|100%| O|  |TAMS 0x00000000e9200000, 0x00000000e9100000| Untracked 
| 146|0x00000000e9200000, 0x00000000e9300000, 0x00000000e9300000|100%| O|  |TAMS 0x00000000e9300000, 0x00000000e9200000| Untracked 
| 147|0x00000000e9300000, 0x00000000e9400000, 0x00000000e9400000|100%| O|  |TAMS 0x00000000e9400000, 0x00000000e9300000| Untracked 
| 148|0x00000000e9400000, 0x00000000e9500000, 0x00000000e9500000|100%| O|  |TAMS 0x00000000e9500000, 0x00000000e9400000| Complete 
| 149|0x00000000e9500000, 0x00000000e9600000, 0x00000000e9600000|100%| O|  |TAMS 0x00000000e9600000, 0x00000000e9500000| Complete 
| 150|0x00000000e9600000, 0x00000000e9700000, 0x00000000e9700000|100%| O|  |TAMS 0x00000000e9700000, 0x00000000e9600000| Untracked 
| 151|0x00000000e9700000, 0x00000000e9800000, 0x00000000e9800000|100%| O|  |TAMS 0x00000000e9800000, 0x00000000e9700000| Untracked 
| 152|0x00000000e9800000, 0x00000000e9900000, 0x00000000e9900000|100%| O|  |TAMS 0x00000000e9900000, 0x00000000e9800000| Untracked 
| 153|0x00000000e9900000, 0x00000000e9a00000, 0x00000000e9a00000|100%| O|  |TAMS 0x00000000e9a00000, 0x00000000e9900000| Untracked 
| 154|0x00000000e9a00000, 0x00000000e9b00000, 0x00000000e9b00000|100%| O|  |TAMS 0x00000000e9b00000, 0x00000000e9a00000| Complete 
| 155|0x00000000e9b00000, 0x00000000e9c00000, 0x00000000e9c00000|100%| O|  |TAMS 0x00000000e9c00000, 0x00000000e9b00000| Untracked 
| 156|0x00000000e9c00000, 0x00000000e9d00000, 0x00000000e9d00000|100%| O|  |TAMS 0x00000000e9d00000, 0x00000000e9c00000| Untracked 
| 157|0x00000000e9d00000, 0x00000000e9e00000, 0x00000000e9e00000|100%| O|  |TAMS 0x00000000e9e00000, 0x00000000e9d00000| Untracked 
| 158|0x00000000e9e00000, 0x00000000e9f00000, 0x00000000e9f00000|100%| O|  |TAMS 0x00000000e9f00000, 0x00000000e9e00000| Complete 
| 159|0x00000000e9f00000, 0x00000000ea000000, 0x00000000ea000000|100%| O|  |TAMS 0x00000000ea000000, 0x00000000e9f00000| Complete 
| 160|0x00000000ea000000, 0x00000000ea100000, 0x00000000ea100000|100%| O|  |TAMS 0x00000000ea100000, 0x00000000ea000000| Untracked 
| 161|0x00000000ea100000, 0x00000000ea200000, 0x00000000ea200000|100%|HS|  |TAMS 0x00000000ea200000, 0x00000000ea100000| Complete 
| 162|0x00000000ea200000, 0x00000000ea300000, 0x00000000ea300000|100%| O|  |TAMS 0x00000000ea300000, 0x00000000ea200000| Untracked 
| 163|0x00000000ea300000, 0x00000000ea400000, 0x00000000ea400000|100%| O|  |TAMS 0x00000000ea400000, 0x00000000ea300000| Untracked 
| 164|0x00000000ea400000, 0x00000000ea500000, 0x00000000ea500000|100%| O|  |TAMS 0x00000000ea500000, 0x00000000ea400000| Untracked 
| 165|0x00000000ea500000, 0x00000000ea600000, 0x00000000ea600000|100%| O|  |TAMS 0x00000000ea600000, 0x00000000ea500000| Untracked 
| 166|0x00000000ea600000, 0x00000000ea700000, 0x00000000ea700000|100%| O|  |TAMS 0x00000000ea700000, 0x00000000ea600000| Complete 
| 167|0x00000000ea700000, 0x00000000ea800000, 0x00000000ea800000|100%| O|  |TAMS 0x00000000ea800000, 0x00000000ea700000| Untracked 
| 168|0x00000000ea800000, 0x00000000ea900000, 0x00000000ea900000|100%| O|  |TAMS 0x00000000ea900000, 0x00000000ea800000| Untracked 
| 169|0x00000000ea900000, 0x00000000eaa00000, 0x00000000eaa00000|100%| O|  |TAMS 0x00000000eaa00000, 0x00000000ea900000| Untracked 
| 170|0x00000000eaa00000, 0x00000000eab00000, 0x00000000eab00000|100%| O|  |TAMS 0x00000000eaa00000, 0x00000000eaa00000| Untracked 
| 171|0x00000000eab00000, 0x00000000eac00000, 0x00000000eac00000|100%| O|  |TAMS 0x00000000eac00000, 0x00000000eab00000| Untracked 
| 172|0x00000000eac00000, 0x00000000ead00000, 0x00000000ead00000|100%| O|  |TAMS 0x00000000ead00000, 0x00000000eac00000| Complete 
| 173|0x00000000ead00000, 0x00000000eae00000, 0x00000000eae00000|100%| O|  |TAMS 0x00000000eae00000, 0x00000000ead00000| Untracked 
| 174|0x00000000eae00000, 0x00000000eaf00000, 0x00000000eaf00000|100%| O|  |TAMS 0x00000000eaf00000, 0x00000000eae00000| Untracked 
| 175|0x00000000eaf00000, 0x00000000eb000000, 0x00000000eb000000|100%| O|  |TAMS 0x00000000eb000000, 0x00000000eaf00000| Untracked 
| 176|0x00000000eb000000, 0x00000000eb100000, 0x00000000eb100000|100%|HS|  |TAMS 0x00000000eb100000, 0x00000000eb000000| Complete 
| 177|0x00000000eb100000, 0x00000000eb200000, 0x00000000eb200000|100%|HC|  |TAMS 0x00000000eb200000, 0x00000000eb100000| Complete 
| 178|0x00000000eb200000, 0x00000000eb300000, 0x00000000eb300000|100%| O|  |TAMS 0x00000000eb300000, 0x00000000eb200000| Untracked 
| 179|0x00000000eb300000, 0x00000000eb400000, 0x00000000eb400000|100%| O|  |TAMS 0x00000000eb400000, 0x00000000eb300000| Complete 
| 180|0x00000000eb400000, 0x00000000eb500000, 0x00000000eb500000|100%| O|  |TAMS 0x00000000eb500000, 0x00000000eb400000| Untracked 
| 181|0x00000000eb500000, 0x00000000eb600000, 0x00000000eb600000|100%| O|  |TAMS 0x00000000eb500000, 0x00000000eb500000| Untracked 
| 182|0x00000000eb600000, 0x00000000eb700000, 0x00000000eb700000|100%| O|  |TAMS 0x00000000eb700000, 0x00000000eb600000| Untracked 
| 183|0x00000000eb700000, 0x00000000eb800000, 0x00000000eb800000|100%| O|  |TAMS 0x00000000eb800000, 0x00000000eb700000| Complete 
| 184|0x00000000eb800000, 0x00000000eb900000, 0x00000000eb900000|100%| O|  |TAMS 0x00000000eb900000, 0x00000000eb800000| Untracked 
| 185|0x00000000eb900000, 0x00000000eba00000, 0x00000000eba00000|100%| O|  |TAMS 0x00000000eba00000, 0x00000000eb900000| Untracked 
| 186|0x00000000eba00000, 0x00000000ebb00000, 0x00000000ebb00000|100%| O|  |TAMS 0x00000000ebb00000, 0x00000000eba00000| Untracked 
| 187|0x00000000ebb00000, 0x00000000ebc00000, 0x00000000ebc00000|100%| O|  |TAMS 0x00000000ebc00000, 0x00000000ebb00000| Complete 
| 188|0x00000000ebc00000, 0x00000000ebc2a600, 0x00000000ebd00000| 16%| O|  |TAMS 0x00000000ebc00000, 0x00000000ebc00000| Untracked 
| 189|0x00000000ebd00000, 0x00000000ebd00000, 0x00000000ebe00000|  0%| F|  |TAMS 0x00000000ebd00000, 0x00000000ebd00000| Untracked 
| 190|0x00000000ebe00000, 0x00000000ebf00000, 0x00000000ebf00000|100%| O|  |TAMS 0x00000000ebf00000, 0x00000000ebe00000| Untracked 
| 191|0x00000000ebf00000, 0x00000000ec000000, 0x00000000ec000000|100%| O|  |TAMS 0x00000000ec000000, 0x00000000ebf00000| Untracked 
| 192|0x00000000ec000000, 0x00000000ec100000, 0x00000000ec100000|100%| O|  |TAMS 0x00000000ec100000, 0x00000000ec000000| Untracked 
| 193|0x00000000ec100000, 0x00000000ec200000, 0x00000000ec200000|100%| O|  |TAMS 0x00000000ec200000, 0x00000000ec100000| Untracked 
| 194|0x00000000ec200000, 0x00000000ec300000, 0x00000000ec300000|100%| O|  |TAMS 0x00000000ec300000, 0x00000000ec200000| Complete 
| 195|0x00000000ec300000, 0x00000000ec400000, 0x00000000ec400000|100%| O|  |TAMS 0x00000000ec400000, 0x00000000ec300000| Complete 
| 196|0x00000000ec400000, 0x00000000ec500000, 0x00000000ec500000|100%| O|  |TAMS 0x00000000ec500000, 0x00000000ec400000| Untracked 
| 197|0x00000000ec500000, 0x00000000ec600000, 0x00000000ec600000|100%| O|  |TAMS 0x00000000ec600000, 0x00000000ec500000| Complete 
| 198|0x00000000ec600000, 0x00000000ec700000, 0x00000000ec700000|100%| O|  |TAMS 0x00000000ec700000, 0x00000000ec600000| Complete 
| 199|0x00000000ec700000, 0x00000000ec800000, 0x00000000ec800000|100%| O|  |TAMS 0x00000000ec800000, 0x00000000ec700000| Complete 
| 200|0x00000000ec800000, 0x00000000ec900000, 0x00000000ec900000|100%| O|  |TAMS 0x00000000ec900000, 0x00000000ec800000| Complete 
| 201|0x00000000ec900000, 0x00000000eca00000, 0x00000000eca00000|100%| O|  |TAMS 0x00000000eca00000, 0x00000000ec900000| Untracked 
| 202|0x00000000eca00000, 0x00000000ecb00000, 0x00000000ecb00000|100%| O|  |TAMS 0x00000000ecb00000, 0x00000000eca00000| Untracked 
| 203|0x00000000ecb00000, 0x00000000ecc00000, 0x00000000ecc00000|100%| O|  |TAMS 0x00000000ecc00000, 0x00000000ecb00000| Untracked 
| 204|0x00000000ecc00000, 0x00000000ecd00000, 0x00000000ecd00000|100%| O|  |TAMS 0x00000000ecd00000, 0x00000000ecc00000| Complete 
| 205|0x00000000ecd00000, 0x00000000ece00000, 0x00000000ece00000|100%| O|  |TAMS 0x00000000ece00000, 0x00000000ecd00000| Complete 
| 206|0x00000000ece00000, 0x00000000ecf00000, 0x00000000ecf00000|100%| O|  |TAMS 0x00000000ecf00000, 0x00000000ece00000| Untracked 
| 207|0x00000000ecf00000, 0x00000000ed000000, 0x00000000ed000000|100%| O|  |TAMS 0x00000000ed000000, 0x00000000ecf00000| Untracked 
| 208|0x00000000ed000000, 0x00000000ed100000, 0x00000000ed100000|100%| O|  |TAMS 0x00000000ed100000, 0x00000000ed000000| Untracked 
| 209|0x00000000ed100000, 0x00000000ed200000, 0x00000000ed200000|100%| O|  |TAMS 0x00000000ed200000, 0x00000000ed100000| Untracked 
| 210|0x00000000ed200000, 0x00000000ed300000, 0x00000000ed300000|100%| O|  |TAMS 0x00000000ed300000, 0x00000000ed200000| Untracked 
| 211|0x00000000ed300000, 0x00000000ed300000, 0x00000000ed400000|  0%| F|  |TAMS 0x00000000ed300000, 0x00000000ed300000| Untracked 
| 212|0x00000000ed400000, 0x00000000ed400000, 0x00000000ed500000|  0%| F|  |TAMS 0x00000000ed400000, 0x00000000ed400000| Untracked 
| 213|0x00000000ed500000, 0x00000000ed600000, 0x00000000ed600000|100%| O|  |TAMS 0x00000000ed600000, 0x00000000ed500000| Complete 
| 214|0x00000000ed600000, 0x00000000ed700000, 0x00000000ed700000|100%| O|  |TAMS 0x00000000ed700000, 0x00000000ed600000| Untracked 
| 215|0x00000000ed700000, 0x00000000ed800000, 0x00000000ed800000|100%| O|  |TAMS 0x00000000ed800000, 0x00000000ed700000| Complete 
| 216|0x00000000ed800000, 0x00000000ed900000, 0x00000000ed900000|100%| O|  |TAMS 0x00000000ed900000, 0x00000000ed800000| Untracked 
| 217|0x00000000ed900000, 0x00000000eda00000, 0x00000000eda00000|100%| O|  |TAMS 0x00000000eda00000, 0x00000000ed900000| Untracked 
| 218|0x00000000eda00000, 0x00000000edb00000, 0x00000000edb00000|100%| O|  |TAMS 0x00000000edb00000, 0x00000000eda00000| Untracked 
| 219|0x00000000edb00000, 0x00000000edc00000, 0x00000000edc00000|100%| O|  |TAMS 0x00000000edc00000, 0x00000000edb00000| Untracked 
| 220|0x00000000edc00000, 0x00000000edd00000, 0x00000000edd00000|100%| O|  |TAMS 0x00000000edd00000, 0x00000000edc00000| Untracked 
| 221|0x00000000edd00000, 0x00000000ede00000, 0x00000000ede00000|100%| O|  |TAMS 0x00000000ede00000, 0x00000000edd00000| Untracked 
| 222|0x00000000ede00000, 0x00000000edf00000, 0x00000000edf00000|100%| O|  |TAMS 0x00000000edf00000, 0x00000000ede00000| Untracked 
| 223|0x00000000edf00000, 0x00000000edf00000, 0x00000000ee000000|  0%| F|  |TAMS 0x00000000edf00000, 0x00000000edf00000| Untracked 
| 224|0x00000000ee000000, 0x00000000ee000000, 0x00000000ee100000|  0%| F|  |TAMS 0x00000000ee000000, 0x00000000ee000000| Untracked 
| 225|0x00000000ee100000, 0x00000000ee200000, 0x00000000ee200000|100%| O|  |TAMS 0x00000000ee200000, 0x00000000ee100000| Untracked 
| 226|0x00000000ee200000, 0x00000000ee300000, 0x00000000ee300000|100%| O|  |TAMS 0x00000000ee300000, 0x00000000ee200000| Untracked 
| 227|0x00000000ee300000, 0x00000000ee400000, 0x00000000ee400000|100%| O|  |TAMS 0x00000000ee400000, 0x00000000ee300000| Untracked 
| 228|0x00000000ee400000, 0x00000000ee500000, 0x00000000ee500000|100%| O|  |TAMS 0x00000000ee500000, 0x00000000ee400000| Untracked 
| 229|0x00000000ee500000, 0x00000000ee500000, 0x00000000ee600000|  0%| F|  |TAMS 0x00000000ee500000, 0x00000000ee500000| Untracked 
| 230|0x00000000ee600000, 0x00000000ee600000, 0x00000000ee700000|  0%| F|  |TAMS 0x00000000ee600000, 0x00000000ee600000| Untracked 
| 231|0x00000000ee700000, 0x00000000ee800000, 0x00000000ee800000|100%| O|  |TAMS 0x00000000ee800000, 0x00000000ee700000| Untracked 
| 232|0x00000000ee800000, 0x00000000ee900000, 0x00000000ee900000|100%| O|  |TAMS 0x00000000ee900000, 0x00000000ee800000| Untracked 
| 233|0x00000000ee900000, 0x00000000eea00000, 0x00000000eea00000|100%| O|  |TAMS 0x00000000eea00000, 0x00000000ee900000| Untracked 
| 234|0x00000000eea00000, 0x00000000eeb00000, 0x00000000eeb00000|100%| O|  |TAMS 0x00000000eeb00000, 0x00000000eea00000| Untracked 
| 235|0x00000000eeb00000, 0x00000000eec00000, 0x00000000eec00000|100%| O|  |TAMS 0x00000000eec00000, 0x00000000eeb00000| Untracked 
| 236|0x00000000eec00000, 0x00000000eec00000, 0x00000000eed00000|  0%| F|  |TAMS 0x00000000eec00000, 0x00000000eec00000| Untracked 
| 237|0x00000000eed00000, 0x00000000eee00000, 0x00000000eee00000|100%| O|  |TAMS 0x00000000eee00000, 0x00000000eed00000| Untracked 
| 238|0x00000000eee00000, 0x00000000eef00000, 0x00000000eef00000|100%| O|  |TAMS 0x00000000eef00000, 0x00000000eee00000| Complete 
| 239|0x00000000eef00000, 0x00000000ef000000, 0x00000000ef000000|100%| O|  |TAMS 0x00000000ef000000, 0x00000000eef00000| Untracked 
| 240|0x00000000ef000000, 0x00000000ef100000, 0x00000000ef100000|100%| O|  |TAMS 0x00000000ef100000, 0x00000000ef000000| Untracked 
| 241|0x00000000ef100000, 0x00000000ef200000, 0x00000000ef200000|100%| O|  |TAMS 0x00000000ef200000, 0x00000000ef100000| Untracked 
| 242|0x00000000ef200000, 0x00000000ef300000, 0x00000000ef300000|100%| O|  |TAMS 0x00000000ef300000, 0x00000000ef200000| Complete 
| 243|0x00000000ef300000, 0x00000000ef400000, 0x00000000ef400000|100%| O|  |TAMS 0x00000000ef400000, 0x00000000ef300000| Complete 
| 244|0x00000000ef400000, 0x00000000ef400000, 0x00000000ef500000|  0%| F|  |TAMS 0x00000000ef400000, 0x00000000ef400000| Untracked 
| 245|0x00000000ef500000, 0x00000000ef600000, 0x00000000ef600000|100%| O|  |TAMS 0x00000000ef600000, 0x00000000ef500000| Complete 
| 246|0x00000000ef600000, 0x00000000ef600000, 0x00000000ef700000|  0%| F|  |TAMS 0x00000000ef600000, 0x00000000ef600000| Untracked 
| 247|0x00000000ef700000, 0x00000000ef700000, 0x00000000ef800000|  0%| F|  |TAMS 0x00000000ef700000, 0x00000000ef700000| Untracked 
| 248|0x00000000ef800000, 0x00000000ef800000, 0x00000000ef900000|  0%| F|  |TAMS 0x00000000ef800000, 0x00000000ef800000| Untracked 
| 249|0x00000000ef900000, 0x00000000ef900000, 0x00000000efa00000|  0%| F|  |TAMS 0x00000000ef900000, 0x00000000ef900000| Untracked 
| 250|0x00000000efa00000, 0x00000000efa00000, 0x00000000efb00000|  0%| F|  |TAMS 0x00000000efa00000, 0x00000000efa00000| Untracked 
| 251|0x00000000efb00000, 0x00000000efb00000, 0x00000000efc00000|  0%| F|  |TAMS 0x00000000efb00000, 0x00000000efb00000| Untracked 
| 252|0x00000000efc00000, 0x00000000efc00000, 0x00000000efd00000|  0%| F|  |TAMS 0x00000000efc00000, 0x00000000efc00000| Untracked 
| 253|0x00000000efd00000, 0x00000000efd00000, 0x00000000efe00000|  0%| F|  |TAMS 0x00000000efd00000, 0x00000000efd00000| Untracked 
| 254|0x00000000efe00000, 0x00000000efe00000, 0x00000000eff00000|  0%| F|  |TAMS 0x00000000efe00000, 0x00000000efe00000| Untracked 
| 255|0x00000000eff00000, 0x00000000eff00000, 0x00000000f0000000|  0%| F|  |TAMS 0x00000000eff00000, 0x00000000eff00000| Untracked 
| 256|0x00000000f0000000, 0x00000000f0000000, 0x00000000f0100000|  0%| F|  |TAMS 0x00000000f0000000, 0x00000000f0000000| Untracked 
| 257|0x00000000f0100000, 0x00000000f0100000, 0x00000000f0200000|  0%| F|  |TAMS 0x00000000f0100000, 0x00000000f0100000| Untracked 
| 258|0x00000000f0200000, 0x00000000f0200000, 0x00000000f0300000|  0%| F|  |TAMS 0x00000000f0200000, 0x00000000f0200000| Untracked 
| 259|0x00000000f0300000, 0x00000000f0300000, 0x00000000f0400000|  0%| F|  |TAMS 0x00000000f0300000, 0x00000000f0300000| Untracked 
| 260|0x00000000f0400000, 0x00000000f0400000, 0x00000000f0500000|  0%| F|  |TAMS 0x00000000f0400000, 0x00000000f0400000| Untracked 
| 261|0x00000000f0500000, 0x00000000f0500000, 0x00000000f0600000|  0%| F|  |TAMS 0x00000000f0500000, 0x00000000f0500000| Untracked 
| 262|0x00000000f0600000, 0x00000000f0600000, 0x00000000f0700000|  0%| F|  |TAMS 0x00000000f0600000, 0x00000000f0600000| Untracked 
| 263|0x00000000f0700000, 0x00000000f0700000, 0x00000000f0800000|  0%| F|  |TAMS 0x00000000f0700000, 0x00000000f0700000| Untracked 
| 264|0x00000000f0800000, 0x00000000f0800000, 0x00000000f0900000|  0%| F|  |TAMS 0x00000000f0800000, 0x00000000f0800000| Untracked 
| 265|0x00000000f0900000, 0x00000000f0900000, 0x00000000f0a00000|  0%| F|  |TAMS 0x00000000f0900000, 0x00000000f0900000| Untracked 
| 266|0x00000000f0a00000, 0x00000000f0a00000, 0x00000000f0b00000|  0%| F|  |TAMS 0x00000000f0a00000, 0x00000000f0a00000| Untracked 
| 267|0x00000000f0b00000, 0x00000000f0b00000, 0x00000000f0c00000|  0%| F|  |TAMS 0x00000000f0b00000, 0x00000000f0b00000| Untracked 
| 268|0x00000000f0c00000, 0x00000000f0c00000, 0x00000000f0d00000|  0%| F|  |TAMS 0x00000000f0c00000, 0x00000000f0c00000| Untracked 
| 269|0x00000000f0d00000, 0x00000000f0d00000, 0x00000000f0e00000|  0%| F|  |TAMS 0x00000000f0d00000, 0x00000000f0d00000| Untracked 
| 270|0x00000000f0e00000, 0x00000000f0e00000, 0x00000000f0f00000|  0%| F|  |TAMS 0x00000000f0e00000, 0x00000000f0e00000| Untracked 
| 271|0x00000000f0f00000, 0x00000000f0f00000, 0x00000000f1000000|  0%| F|  |TAMS 0x00000000f0f00000, 0x00000000f0f00000| Untracked 
| 272|0x00000000f1000000, 0x00000000f1000000, 0x00000000f1100000|  0%| F|  |TAMS 0x00000000f1000000, 0x00000000f1000000| Untracked 
| 273|0x00000000f1100000, 0x00000000f1100000, 0x00000000f1200000|  0%| F|  |TAMS 0x00000000f1100000, 0x00000000f1100000| Untracked 
| 274|0x00000000f1200000, 0x00000000f1200000, 0x00000000f1300000|  0%| F|  |TAMS 0x00000000f1200000, 0x00000000f1200000| Untracked 
| 275|0x00000000f1300000, 0x00000000f1300000, 0x00000000f1400000|  0%| F|  |TAMS 0x00000000f1300000, 0x00000000f1300000| Untracked 
| 276|0x00000000f1400000, 0x00000000f1400000, 0x00000000f1500000|  0%| F|  |TAMS 0x00000000f1400000, 0x00000000f1400000| Untracked 
| 277|0x00000000f1500000, 0x00000000f1500000, 0x00000000f1600000|  0%| F|  |TAMS 0x00000000f1500000, 0x00000000f1500000| Untracked 
| 278|0x00000000f1600000, 0x00000000f16ffb70, 0x00000000f1700000| 99%| S|CS|TAMS 0x00000000f1600000, 0x00000000f1600000| Complete 
| 279|0x00000000f1700000, 0x00000000f1800000, 0x00000000f1800000|100%| S|CS|TAMS 0x00000000f1700000, 0x00000000f1700000| Complete 
| 280|0x00000000f1800000, 0x00000000f1800000, 0x00000000f1900000|  0%| F|  |TAMS 0x00000000f1800000, 0x00000000f1800000| Untracked 
| 281|0x00000000f1900000, 0x00000000f1900000, 0x00000000f1a00000|  0%| F|  |TAMS 0x00000000f1900000, 0x00000000f1900000| Untracked 
| 282|0x00000000f1a00000, 0x00000000f1a00000, 0x00000000f1b00000|  0%| F|  |TAMS 0x00000000f1a00000, 0x00000000f1a00000| Untracked 
| 283|0x00000000f1b00000, 0x00000000f1b00000, 0x00000000f1c00000|  0%| F|  |TAMS 0x00000000f1b00000, 0x00000000f1b00000| Untracked 
| 284|0x00000000f1c00000, 0x00000000f1d00000, 0x00000000f1d00000|100%| S|CS|TAMS 0x00000000f1c00000, 0x00000000f1c00000| Complete 
| 285|0x00000000f1d00000, 0x00000000f1d00000, 0x00000000f1e00000|  0%| F|  |TAMS 0x00000000f1d00000, 0x00000000f1d00000| Untracked 
| 286|0x00000000f1e00000, 0x00000000f1e00000, 0x00000000f1f00000|  0%| F|  |TAMS 0x00000000f1e00000, 0x00000000f1e00000| Untracked 
| 287|0x00000000f1f00000, 0x00000000f1f00000, 0x00000000f2000000|  0%| F|  |TAMS 0x00000000f1f00000, 0x00000000f1f00000| Untracked 
| 288|0x00000000f2000000, 0x00000000f2000000, 0x00000000f2100000|  0%| F|  |TAMS 0x00000000f2000000, 0x00000000f2000000| Untracked 
| 289|0x00000000f2100000, 0x00000000f2100000, 0x00000000f2200000|  0%| F|  |TAMS 0x00000000f2100000, 0x00000000f2100000| Untracked 
| 290|0x00000000f2200000, 0x00000000f2200000, 0x00000000f2300000|  0%| F|  |TAMS 0x00000000f2200000, 0x00000000f2200000| Untracked 
| 291|0x00000000f2300000, 0x00000000f2300000, 0x00000000f2400000|  0%| F|  |TAMS 0x00000000f2300000, 0x00000000f2300000| Untracked 
| 292|0x00000000f2400000, 0x00000000f2400000, 0x00000000f2500000|  0%| F|  |TAMS 0x00000000f2400000, 0x00000000f2400000| Untracked 
| 293|0x00000000f2500000, 0x00000000f2500000, 0x00000000f2600000|  0%| F|  |TAMS 0x00000000f2500000, 0x00000000f2500000| Untracked 
| 294|0x00000000f2600000, 0x00000000f2600000, 0x00000000f2700000|  0%| F|  |TAMS 0x00000000f2600000, 0x00000000f2600000| Untracked 
| 295|0x00000000f2700000, 0x00000000f2700000, 0x00000000f2800000|  0%| F|  |TAMS 0x00000000f2700000, 0x00000000f2700000| Untracked 
| 296|0x00000000f2800000, 0x00000000f2800000, 0x00000000f2900000|  0%| F|  |TAMS 0x00000000f2800000, 0x00000000f2800000| Untracked 
| 297|0x00000000f2900000, 0x00000000f2900000, 0x00000000f2a00000|  0%| F|  |TAMS 0x00000000f2900000, 0x00000000f2900000| Untracked 
| 298|0x00000000f2a00000, 0x00000000f2a00000, 0x00000000f2b00000|  0%| F|  |TAMS 0x00000000f2a00000, 0x00000000f2a00000| Untracked 
| 299|0x00000000f2b00000, 0x00000000f2b00000, 0x00000000f2c00000|  0%| F|  |TAMS 0x00000000f2b00000, 0x00000000f2b00000| Untracked 
| 300|0x00000000f2c00000, 0x00000000f2c00000, 0x00000000f2d00000|  0%| F|  |TAMS 0x00000000f2c00000, 0x00000000f2c00000| Untracked 
| 301|0x00000000f2d00000, 0x00000000f2d03ca0, 0x00000000f2e00000|  1%| E|  |TAMS 0x00000000f2d00000, 0x00000000f2d00000| Complete 
| 302|0x00000000f2e00000, 0x00000000f2f00000, 0x00000000f2f00000|100%| E|CS|TAMS 0x00000000f2e00000, 0x00000000f2e00000| Complete 
| 303|0x00000000f2f00000, 0x00000000f3000000, 0x00000000f3000000|100%| E|CS|TAMS 0x00000000f2f00000, 0x00000000f2f00000| Complete 
| 304|0x00000000f3000000, 0x00000000f3100000, 0x00000000f3100000|100%| E|CS|TAMS 0x00000000f3000000, 0x00000000f3000000| Complete 
| 305|0x00000000f3100000, 0x00000000f3200000, 0x00000000f3200000|100%| E|CS|TAMS 0x00000000f3100000, 0x00000000f3100000| Complete 
| 306|0x00000000f3200000, 0x00000000f3300000, 0x00000000f3300000|100%| E|CS|TAMS 0x00000000f3200000, 0x00000000f3200000| Complete 
| 307|0x00000000f3300000, 0x00000000f3400000, 0x00000000f3400000|100%| E|CS|TAMS 0x00000000f3300000, 0x00000000f3300000| Complete 
| 308|0x00000000f3400000, 0x00000000f3500000, 0x00000000f3500000|100%| E|CS|TAMS 0x00000000f3400000, 0x00000000f3400000| Complete 
| 309|0x00000000f3500000, 0x00000000f3600000, 0x00000000f3600000|100%| E|CS|TAMS 0x00000000f3500000, 0x00000000f3500000| Complete 
| 310|0x00000000f3600000, 0x00000000f3700000, 0x00000000f3700000|100%| E|CS|TAMS 0x00000000f3600000, 0x00000000f3600000| Complete 
| 311|0x00000000f3700000, 0x00000000f3800000, 0x00000000f3800000|100%| E|CS|TAMS 0x00000000f3700000, 0x00000000f3700000| Complete 
| 312|0x00000000f3800000, 0x00000000f3900000, 0x00000000f3900000|100%| E|CS|TAMS 0x00000000f3800000, 0x00000000f3800000| Complete 

Card table byte_map: [0x0000013fb8fc0000,0x0000013fb90c0000] _byte_map_base: 0x0000013fb88c0000

Marking Bits (Prev, Next): (CMBitMap*) 0x0000013fa29b5c20, (CMBitMap*) 0x0000013fa29b5be8
 Prev Bits: [0x0000013fb99c0000, 0x0000013fba1c0000)
 Next Bits: [0x0000013fb91c0000, 0x0000013fb99c0000)

Polling page: 0x0000013fa0850000

Metaspace:

Usage:
  Non-class:    102.14 MB capacity,    99.67 MB ( 98%) used,     2.16 MB (  2%) free+waste,   325.38 KB ( <1%) overhead. 
      Class:     14.62 MB capacity,    13.43 MB ( 92%) used,     1.05 MB (  7%) free+waste,   142.69 KB ( <1%) overhead. 
       Both:    116.77 MB capacity,   113.10 MB ( 97%) used,     3.21 MB (  3%) free+waste,   468.06 KB ( <1%) overhead. 

Virtual space:
  Non-class space:      104.00 MB reserved,     102.25 MB ( 98%) committed 
      Class space:      248.00 MB reserved,      14.74 MB (  6%) committed 
             Both:      352.00 MB reserved,     116.99 MB ( 33%) committed 

Chunk freelists:
   Non-Class:  5.50 KB
       Class:  0 bytes
        Both:  5.50 KB

CodeHeap 'non-profiled nmethods': size=120064Kb used=20956Kb max_used=20956Kb free=99107Kb
 bounds [0x0000013fb1a80000, 0x0000013fb2f00000, 0x0000013fb8fc0000]
CodeHeap 'profiled nmethods': size=120000Kb used=50020Kb max_used=50020Kb free=69980Kb
 bounds [0x0000013faa550000, 0x0000013fad650000, 0x0000013fb1a80000]
CodeHeap 'non-nmethods': size=5696Kb used=2346Kb max_used=2415Kb free=3349Kb
 bounds [0x0000013fa9fc0000, 0x0000013faa230000, 0x0000013faa550000]
 total_blobs=23093 nmethods=22122 adapters=879
 compilation: enabled
              stopped_count=0, restarted_count=0
 full_count=0

Compilation events (10 events):
Event: 498.014 Thread 0x0000013fbc7fe800 26625       2       com.android.tools.r8.shaking.RootSetBuilder::lambda$markMatchingVisibleFields$11 (19 bytes)
Event: 498.014 Thread 0x0000013fbc7fe800 nmethod 26625 0x0000013fad648190 code [0x0000013fad648340, 0x0000013fad648498]
Event: 498.017 Thread 0x0000013fbc7fe800 26630       2       com.android.tools.r8.shaking.RootSetBuilder$$Lambda$1057/0x0000000100e9c040::get$Lambda (14 bytes)
Event: 498.018 Thread 0x0000013fbc7fe800 nmethod 26630 0x0000013fad648590 code [0x0000013fad648740, 0x0000013fad648a58]
Event: 498.018 Thread 0x0000013fbc7fe800 26631       2       com.android.tools.r8.shaking.RootSetBuilder$$Lambda$1057/0x0000000100e9c040::<init> (32 bytes)
Event: 498.018 Thread 0x0000013fbc7fe800 nmethod 26631 0x0000013fad648b10 code [0x0000013fad648cc0, 0x0000013fad648f78]
Event: 498.018 Thread 0x0000013fbc7fe800 26632       2       com.android.tools.r8.shaking.RootSetBuilder$$Lambda$1058/0x0000000100e9c440::get$Lambda (12 bytes)
Event: 498.018 Thread 0x0000013fbc7fe800 nmethod 26632 0x0000013fad649010 code [0x0000013fad6491c0, 0x0000013fad649478]
Event: 498.018 Thread 0x0000013fbc7fe800 26633  s    1       com.android.tools.r8.shaking.ProguardWildcard$Pattern::setCaptured (6 bytes)
Event: 498.019 Thread 0x0000013fbc7fe800 nmethod 26633 0x0000013fb2eec810 code [0x0000013fb2eec9a0, 0x0000013fb2eecc18]

GC Heap History (10 events):
Event: 496.528 GC heap before
{Heap before GC invocations=132 (full 0):
 garbage-first heap   total 308224K, used 252555K [0x00000000e0000000, 0x0000000100000000)
  region size 1024K, 27 young (27648K), 2 survivors (2048K)
 Metaspace       used 115401K, capacity 119190K, committed 119416K, reserved 358400K
  class space    used 13707K, capacity 14932K, committed 14968K, reserved 253952K
}
Event: 496.547 GC heap after
{Heap after GC invocations=133 (full 0):
 garbage-first heap   total 320512K, used 230400K [0x00000000e0000000, 0x0000000100000000)
  region size 1024K, 4 young (4096K), 4 survivors (4096K)
 Metaspace       used 115401K, capacity 119190K, committed 119416K, reserved 358400K
  class space    used 13707K, capacity 14932K, committed 14968K, reserved 253952K
}
Event: 496.783 GC heap before
{Heap before GC invocations=133 (full 0):
 garbage-first heap   total 320512K, used 260096K [0x00000000e0000000, 0x0000000100000000)
  region size 1024K, 33 young (33792K), 4 survivors (4096K)
 Metaspace       used 115401K, capacity 119190K, committed 119416K, reserved 358400K
  class space    used 13707K, capacity 14932K, committed 14968K, reserved 253952K
}
Event: 496.804 GC heap after
{Heap after GC invocations=134 (full 0):
 garbage-first heap   total 320512K, used 234383K [0x00000000e0000000, 0x0000000100000000)
  region size 1024K, 4 young (4096K), 4 survivors (4096K)
 Metaspace       used 115401K, capacity 119190K, committed 119416K, reserved 358400K
  class space    used 13707K, capacity 14932K, committed 14968K, reserved 253952K
}
Event: 496.955 GC heap before
{Heap before GC invocations=134 (full 0):
 garbage-first heap   total 320512K, used 264079K [0x00000000e0000000, 0x0000000100000000)
  region size 1024K, 33 young (33792K), 4 survivors (4096K)
 Metaspace       used 115405K, capacity 119190K, committed 119416K, reserved 358400K
  class space    used 13707K, capacity 14932K, committed 14968K, reserved 253952K
}
Event: 496.975 GC heap after
{Heap after GC invocations=135 (full 0):
 garbage-first heap   total 320512K, used 238478K [0x00000000e0000000, 0x0000000100000000)
  region size 1024K, 4 young (4096K), 4 survivors (4096K)
 Metaspace       used 115405K, capacity 119190K, committed 119416K, reserved 358400K
  class space    used 13707K, capacity 14932K, committed 14968K, reserved 253952K
}
Event: 497.121 GC heap before
{Heap before GC invocations=135 (full 0):
 garbage-first heap   total 320512K, used 268174K [0x00000000e0000000, 0x0000000100000000)
  region size 1024K, 33 young (33792K), 4 survivors (4096K)
 Metaspace       used 115405K, capacity 119190K, committed 119416K, reserved 358400K
  class space    used 13707K, capacity 14932K, committed 14968K, reserved 253952K
}
Event: 497.142 GC heap after
{Heap after GC invocations=136 (full 0):
 garbage-first heap   total 320512K, used 242029K [0x00000000e0000000, 0x0000000100000000)
  region size 1024K, 4 young (4096K), 4 survivors (4096K)
 Metaspace       used 115405K, capacity 119190K, committed 119416K, reserved 358400K
  class space    used 13707K, capacity 14932K, committed 14968K, reserved 253952K
}
Event: 497.320 GC heap before
{Heap before GC invocations=136 (full 0):
 garbage-first heap   total 320512K, used 270701K [0x00000000e0000000, 0x0000000100000000)
  region size 1024K, 32 young (32768K), 4 survivors (4096K)
 Metaspace       used 115406K, capacity 119190K, committed 119416K, reserved 358400K
  class space    used 13707K, capacity 14932K, committed 14968K, reserved 253952K
}
Event: 497.340 GC heap after
{Heap after GC invocations=137 (full 0):
 garbage-first heap   total 320512K, used 244904K [0x00000000e0000000, 0x0000000100000000)
  region size 1024K, 3 young (3072K), 3 survivors (3072K)
 Metaspace       used 115406K, capacity 119190K, committed 119416K, reserved 358400K
  class space    used 13707K, capacity 14932K, committed 14968K, reserved 253952K
}

Deoptimization events (10 events):
Event: 493.413 Thread 0x0000013fa298c800 Uncommon trap: reason=unstable_if action=reinterpret pc=0x0000013fb2e4f8a8 method=java.util.concurrent.ConcurrentHashMap.sumCount()J @ 41 c2
Event: 493.413 Thread 0x0000013fc3e61000 Uncommon trap: reason=unstable_if action=reinterpret pc=0x0000013fb2e514ec method=java.util.concurrent.ConcurrentHashMap.sumCount()J @ 41 c2
Event: 493.536 Thread 0x0000013fc3e63800 Uncommon trap: reason=unstable_if action=reinterpret pc=0x0000013fb2089f1c method=java.util.concurrent.ConcurrentLinkedQueue.offer(Ljava/lang/Object;)Z @ 96 c2
Event: 493.600 Thread 0x0000013fc3e61000 Uncommon trap: reason=unstable_if action=reinterpret pc=0x0000013fb2906f30 method=com.android.tools.r8.utils.IdentifierUtils.isSimpleNameChar(I)Z @ 45 c2
Event: 494.008 Thread 0x0000013fc3e61000 Uncommon trap: reason=profile_predicate action=maybe_recompile pc=0x0000013fb2e645a0 method=com.android.tools.r8.org.objectweb.asm.ClassReader.accept(Lcom/android/tools/r8/org/objectweb/asm/ClassVisitor;[Lcom/android/tools/r8/org/objectweb/asm/Attribute;I
Event: 494.010 Thread 0x0000013fc3e63800 Uncommon trap: reason=profile_predicate action=maybe_recompile pc=0x0000013fb2e645a0 method=com.android.tools.r8.org.objectweb.asm.ClassReader.accept(Lcom/android/tools/r8/org/objectweb/asm/ClassVisitor;[Lcom/android/tools/r8/org/objectweb/asm/Attribute;I
Event: 494.010 Thread 0x0000013fc3e63800 Uncommon trap: reason=profile_predicate action=maybe_recompile pc=0x0000013fb2e645a0 method=com.android.tools.r8.org.objectweb.asm.ClassReader.accept(Lcom/android/tools/r8/org/objectweb/asm/ClassVisitor;[Lcom/android/tools/r8/org/objectweb/asm/Attribute;I
Event: 494.010 Thread 0x0000013fc3e63800 Uncommon trap: reason=profile_predicate action=maybe_recompile pc=0x0000013fb2e645a0 method=com.android.tools.r8.org.objectweb.asm.ClassReader.accept(Lcom/android/tools/r8/org/objectweb/asm/ClassVisitor;[Lcom/android/tools/r8/org/objectweb/asm/Attribute;I
Event: 497.349 Thread 0x0000013fbed31000 Uncommon trap: reason=unstable_if action=reinterpret pc=0x0000013fb1ada6ec method=java.util.HashMap.resize()[Ljava/util/HashMap$Node; @ 203 c2
Event: 497.444 Thread 0x0000013fbed31000 Uncommon trap: reason=unstable_if action=reinterpret pc=0x0000013fb205af2c method=java.util.TreeSet.add(Ljava/lang/Object;)Z @ 13 c2

Classes redefined (0 events):
No events

Internal exceptions (10 events):
Event: 491.266 Thread 0x0000013fc3e63800 Exception <a 'sun/nio/fs/WindowsException'{0x00000000f27c95e8}> (0x00000000f27c95e8) thrown at [./open/src/hotspot/share/prims/jni.cpp, line 611]
Event: 491.268 Thread 0x0000013fc3e63800 Exception <a 'sun/nio/fs/WindowsException'{0x00000000f27d0548}> (0x00000000f27d0548) thrown at [./open/src/hotspot/share/prims/jni.cpp, line 611]
Event: 491.271 Thread 0x0000013fc3e63800 Exception <a 'sun/nio/fs/WindowsException'{0x00000000f27d5420}> (0x00000000f27d5420) thrown at [./open/src/hotspot/share/prims/jni.cpp, line 611]
Event: 491.274 Thread 0x0000013fc3e63800 Exception <a 'sun/nio/fs/WindowsException'{0x00000000f27e4610}> (0x00000000f27e4610) thrown at [./open/src/hotspot/share/prims/jni.cpp, line 611]
Event: 491.310 Thread 0x0000013fbed31000 Exception <a 'sun/nio/fs/WindowsException'{0x00000000f2ca5cd8}> (0x00000000f2ca5cd8) thrown at [./open/src/hotspot/share/prims/jni.cpp, line 611]
Event: 491.312 Thread 0x0000013fbed31000 Exception <a 'sun/nio/fs/WindowsException'{0x00000000f2cabaa0}> (0x00000000f2cabaa0) thrown at [./open/src/hotspot/share/prims/jni.cpp, line 611]
Event: 491.314 Thread 0x0000013fbed31000 Exception <a 'sun/nio/fs/WindowsException'{0x00000000f2cb1be8}> (0x00000000f2cb1be8) thrown at [./open/src/hotspot/share/prims/jni.cpp, line 611]
Event: 491.316 Thread 0x0000013fbed31000 Exception <a 'sun/nio/fs/WindowsException'{0x00000000f2bc6548}> (0x00000000f2bc6548) thrown at [./open/src/hotspot/share/prims/jni.cpp, line 611]
Event: 493.413 Thread 0x0000013fa298c800 Implicit null exception at 0x0000013fb2e4e7ce to 0x0000013fb2e4f880
Event: 493.413 Thread 0x0000013fc3e61000 Implicit null exception at 0x0000013fb2e511eb to 0x0000013fb2e514c8

Events (10 events):
Event: 498.041 loading class com/android/tools/r8/shaking/KeepReason$TargetedBySuper
Event: 498.041 loading class com/android/tools/r8/shaking/KeepReason$TargetedBySuper done
Event: 498.041 loading class com/android/tools/r8/shaking/KeepReason$InvokedViaSuper
Event: 498.041 loading class com/android/tools/r8/shaking/KeepReason$InvokedViaSuper done
Event: 498.042 loading class com/android/tools/r8/shaking/KeepReason$DueToKeepRule
Event: 498.042 loading class com/android/tools/r8/shaking/KeepReason$DueToKeepRule done
Event: 498.042 loading class com/android/tools/r8/shaking/KeepReason$InstatiatedIn
Event: 498.042 loading class com/android/tools/r8/shaking/KeepReason$InstatiatedIn done
Event: 498.043 loading class com/android/tools/r8/shaking/KeepReason$IsLibraryMethod
Event: 498.043 loading class com/android/tools/r8/shaking/KeepReason$IsLibraryMethod done


Dynamic libraries:
0x00007ff731fb0000 - 0x00007ff731fbf000 	C:\Program Files\Java\jdk-11.0.13\bin\java.exe
0x00007ff968430000 - 0x00007ff968628000 	C:\Windows\SYSTEM32\ntdll.dll
0x00007ff967ce0000 - 0x00007ff967d9d000 	C:\Windows\System32\KERNEL32.DLL
0x00007ff9661c0000 - 0x00007ff96648e000 	C:\Windows\System32\KERNELBASE.dll
0x00007ff965e60000 - 0x00007ff965f60000 	C:\Windows\System32\ucrtbase.dll
0x00007ff9540e0000 - 0x00007ff9540f8000 	C:\Program Files\Java\jdk-11.0.13\bin\jli.dll
0x00007ff954f60000 - 0x00007ff954f75000 	C:\Program Files\Java\jdk-11.0.13\bin\VCRUNTIME140.dll
0x00007ff9673d0000 - 0x00007ff96747e000 	C:\Windows\System32\ADVAPI32.dll
0x00007ff967da0000 - 0x00007ff967e3e000 	C:\Windows\System32\msvcrt.dll
0x00007ff968350000 - 0x00007ff9683ec000 	C:\Windows\System32\sechost.dll
0x00007ff967b40000 - 0x00007ff967c65000 	C:\Windows\System32\RPCRT4.dll
0x00007ff9667e0000 - 0x00007ff966980000 	C:\Windows\System32\USER32.dll
0x00007ff965ba0000 - 0x00007ff965bc2000 	C:\Windows\System32\win32u.dll
0x00007ff966770000 - 0x00007ff96679a000 	C:\Windows\System32\GDI32.dll
0x00007ff965d50000 - 0x00007ff965e5b000 	C:\Windows\System32\gdi32full.dll
0x00007ff965bd0000 - 0x00007ff965c6d000 	C:\Windows\System32\msvcp_win.dll
0x00007ff964f00000 - 0x00007ff96519a000 	C:\Windows\WinSxS\amd64_microsoft.windows.common-controls_6595b64144ccf1df_6.0.19041.1110_none_60b5254171f9507e\COMCTL32.dll
0x00007ff9550a0000 - 0x00007ff9550aa000 	C:\Windows\SYSTEM32\VERSION.dll
0x00007ff9667a0000 - 0x00007ff9667d0000 	C:\Windows\System32\IMM32.DLL
0x00007ff8f8340000 - 0x00007ff8f83db000 	C:\Program Files\Java\jdk-11.0.13\bin\msvcp140.dll
0x00007ff8eccb0000 - 0x00007ff8ed7c3000 	C:\Program Files\Java\jdk-11.0.13\bin\server\jvm.dll
0x00007ff9667d0000 - 0x00007ff9667d8000 	C:\Windows\System32\PSAPI.DLL
0x00007ff9585b0000 - 0x00007ff9585d7000 	C:\Windows\SYSTEM32\WINMM.dll
0x00007ff961110000 - 0x00007ff961119000 	C:\Windows\SYSTEM32\WSOCK32.dll
0x00007ff967660000 - 0x00007ff9676cb000 	C:\Windows\System32\WS2_32.dll
0x00007ff963400000 - 0x00007ff963412000 	C:\Windows\SYSTEM32\kernel.appcore.dll
0x00007ff9610f0000 - 0x00007ff961100000 	C:\Program Files\Java\jdk-11.0.13\bin\verify.dll
0x00007ff9652e0000 - 0x00007ff9654c4000 	C:\Windows\SYSTEM32\DBGHELP.DLL
0x00007ff9652b0000 - 0x00007ff9652dc000 	C:\Windows\SYSTEM32\dbgcore.DLL
0x00007ff9660c0000 - 0x00007ff966142000 	C:\Windows\System32\bcryptPrimitives.dll
0x00007ff916bb0000 - 0x00007ff916bd8000 	C:\Program Files\Java\jdk-11.0.13\bin\java.dll
0x00007ff957890000 - 0x00007ff95789a000 	C:\Program Files\Java\jdk-11.0.13\bin\jimage.dll
0x00007ff947570000 - 0x00007ff947586000 	C:\Program Files\Java\jdk-11.0.13\bin\zip.dll
0x00007ff966a60000 - 0x00007ff9671a4000 	C:\Windows\System32\SHELL32.dll
0x00007ff963600000 - 0x00007ff963d94000 	C:\Windows\SYSTEM32\windows.storage.dll
0x00007ff967f90000 - 0x00007ff9682e4000 	C:\Windows\System32\combase.dll
0x00007ff964e60000 - 0x00007ff964e90000 	C:\Windows\SYSTEM32\Wldp.dll
0x00007ff9675b0000 - 0x00007ff96765d000 	C:\Windows\System32\SHCORE.dll
0x00007ff967550000 - 0x00007ff9675a5000 	C:\Windows\System32\shlwapi.dll
0x00007ff965a90000 - 0x00007ff965aaf000 	C:\Windows\SYSTEM32\profapi.dll
0x00007ff8fc180000 - 0x00007ff8fc199000 	C:\Program Files\Java\jdk-11.0.13\bin\net.dll
0x00007ff95a470000 - 0x00007ff95a57a000 	C:\Windows\SYSTEM32\WINHTTP.dll
0x00007ff964d30000 - 0x00007ff964d9a000 	C:\Windows\system32\mswsock.dll
0x00007ff8fc160000 - 0x00007ff8fc172000 	C:\Program Files\Java\jdk-11.0.13\bin\nio.dll
0x00007ff8f9c50000 - 0x00007ff8f9c76000 	C:\Users\LUCKY\.gradle\native\29\windows-amd64\native-platform.dll
0x00007ff954e70000 - 0x00007ff954e79000 	C:\Program Files\Java\jdk-11.0.13\bin\management.dll
0x00007ff954040000 - 0x00007ff95404b000 	C:\Program Files\Java\jdk-11.0.13\bin\management_ext.dll
0x00007ff965810000 - 0x00007ff965828000 	C:\Windows\SYSTEM32\CRYPTSP.dll
0x00007ff964560000 - 0x00007ff964594000 	C:\Windows\system32\rsaenh.dll
0x00007ff965c70000 - 0x00007ff965c97000 	C:\Windows\System32\bcrypt.dll
0x00007ff965a50000 - 0x00007ff965a7e000 	C:\Windows\SYSTEM32\USERENV.dll
0x00007ff964e20000 - 0x00007ff964e2c000 	C:\Windows\SYSTEM32\CRYPTBASE.dll
0x00007ff9648b0000 - 0x00007ff9648eb000 	C:\Windows\SYSTEM32\IPHLPAPI.DLL
0x00007ff966490000 - 0x00007ff966498000 	C:\Windows\System32\NSI.dll
0x00007ff95e430000 - 0x00007ff95e447000 	C:\Windows\SYSTEM32\dhcpcsvc6.DLL
0x00007ff95f920000 - 0x00007ff95f93d000 	C:\Windows\SYSTEM32\dhcpcsvc.DLL
0x00007ff9648f0000 - 0x00007ff9649bb000 	C:\Windows\SYSTEM32\DNSAPI.dll
0x00007ff953ff0000 - 0x00007ff953ffd000 	C:\Program Files\Java\jdk-11.0.13\bin\sunmscapi.dll
0x00007ff965f60000 - 0x00007ff9660b6000 	C:\Windows\System32\CRYPT32.dll
0x00007ff964ed0000 - 0x00007ff964ef7000 	C:\Windows\SYSTEM32\ncrypt.dll
0x00007ff964e90000 - 0x00007ff964ecb000 	C:\Windows\SYSTEM32\NTASN1.dll
0x00007ff8fa170000 - 0x00007ff8fa195000 	C:\Program Files\Java\jdk-11.0.13\bin\sunec.dll
0x00007ff95a1a0000 - 0x00007ff95a1aa000 	C:\Windows\System32\rasadhlp.dll
0x00007ff95a3f0000 - 0x00007ff95a470000 	C:\Windows\System32\fwpuclnt.dll
0x00007ff9656f0000 - 0x00007ff965723000 	C:\Windows\SYSTEM32\ntmarta.dll

dbghelp: loaded successfully - version: 4.0.5 - missing functions: none
symbol engine: initialized successfully - sym options: 0x614 - pdb path: .;C:\Program Files\Java\jdk-11.0.13\bin;C:\Windows\SYSTEM32;C:\Windows\WinSxS\amd64_microsoft.windows.common-controls_6595b64144ccf1df_6.0.19041.1110_none_60b5254171f9507e;C:\Program Files\Java\jdk-11.0.13\bin\server;C:\Users\LUCKY\.gradle\native\29\windows-amd64

VM Arguments:
jvm_args: --add-opens=java.base/java.util=ALL-UNNAMED --add-opens=java.base/java.lang=ALL-UNNAMED --add-opens=java.base/java.lang.invoke=ALL-UNNAMED --add-opens=java.prefs/java.util.prefs=ALL-UNNAMED -XX:MaxMetaspaceSize=256m -XX:+HeapDumpOnOutOfMemoryError -Xms256m -Xmx512m -Dfile.encoding=windows-1252 -Duser.country=US -Duser.language=en -Duser.variant 
java_command: org.gradle.launcher.daemon.bootstrap.GradleDaemon 5.5
java_class_path (initial): C:\Users\LUCKY\.gradle\wrapper\dists\gradle-5.5-all\byeise1led9a3w3p149d02kfj\gradle-5.5\lib\gradle-launcher-5.5.jar
Launcher Type: SUN_STANDARD

[Global flags]
     intx CICompilerCount                          = 3                                         {product} {ergonomic}
   size_t CompressedClassSpaceSize                 = 260046848                                 {product} {ergonomic}
     uint ConcGCThreads                            = 1                                         {product} {ergonomic}
     uint G1ConcRefinementThreads                  = 4                                         {product} {ergonomic}
   size_t G1HeapRegionSize                         = 1048576                                   {product} {ergonomic}
    uintx GCDrainStackTargetSize                   = 64                                        {product} {ergonomic}
     bool HeapDumpOnOutOfMemoryError               = true                                   {manageable} {command line}
   size_t InitialHeapSize                          = 268435456                                 {product} {command line}
   size_t MarkStackSize                            = 4194304                                   {product} {ergonomic}
   size_t MaxHeapSize                              = 536870912                                 {product} {command line}
   size_t MaxMetaspaceSize                         = 268435456                                 {product} {command line}
   size_t MaxNewSize                               = 321912832                                 {product} {ergonomic}
   size_t MinHeapDeltaBytes                        = 1048576                                   {product} {ergonomic}
    uintx NonNMethodCodeHeapSize                   = 5830732                                {pd product} {ergonomic}
    uintx NonProfiledCodeHeapSize                  = 122913754                              {pd product} {ergonomic}
    uintx ProfiledCodeHeapSize                     = 122913754                              {pd product} {ergonomic}
    uintx ReservedCodeCacheSize                    = 251658240                              {pd product} {ergonomic}
     bool SegmentedCodeCache                       = true                                      {product} {ergonomic}
     bool UseCompressedClassPointers               = true                                 {lp64_product} {ergonomic}
     bool UseCompressedOops                        = true                                 {lp64_product} {ergonomic}
     bool UseG1GC                                  = true                                      {product} {ergonomic}
     bool UseLargePagesIndividualAllocation        = false                                  {pd product} {ergonomic}

Logging:
Log output configuration:
 #0: stdout all=warning uptime,level,tags
 #1: stderr all=off uptime,level,tags

Environment Variables:
JAVA_HOME=C:\Program Files\Java\jdk-11.0.13\
CLASSPATH=D:\MyWork\ReactNative\whsnxt_mvp (2)\android\\gradle\wrapper\gradle-wrapper.jar
PATH=D:\MyWork\ReactNative\whsnxt_mvp (2)\android\node_modules\.bin;D:\MyWork\ReactNative\whsnxt_mvp (2)\node_modules\.bin;D:\MyWork\ReactNative\node_modules\.bin;D:\MyWork\node_modules\.bin;D:\node_modules\.bin;C:\Program Files\nodejs;C:\Program Files (x86)\OpenJDK\jdk-8.0.262.10-hotspot\bin;C:\Program Files (x86)\Common Files\Oracle\Java\javapath;C:\Program Files\Common Files\Oracle\Java\javapath;C:\Windows\system32;C:\Windows;C:\Windows\System32\Wbem;C:\Windows\System32\WindowsPowerShell\v1.0\;C:\Windows\System32\OpenSSH\;C:\Program Files\Git\cmd;C:\Users\LUCKY\AppData\Roaming\nvm;C:\Program Files\nodejs;C:\xampp\php;C:\ProgramData\ComposerSetup\bin;C:\Program Files\PuTTY\;C:\Program Files\Java\jdk-18.0.1.1\bin;C:\Program Files\Microsoft SQL Server\150\Tools\Binn\;C:\Users\LUCKY\AppData\Local\Android\Sdk\platform-tools;C:\Program Files\Java\jdk-11.0.13\bin;C:\Users\LUCKY\AppData\Local\Android\Sdk\ndk-bundle;C:\Users\LUCKY\AppData\Local\Programs\Python\Python310\Scripts\;C:\Users\LUCKY\AppData\Local\Programs\Python\Python310\;C:\Users\LUCKY\AppData\Local\Microsoft\WindowsApps;C:\Program Files\Bandizip\;C:\Users\LUCKY\AppData\Roaming\npm;C:\Users\LUCKY\AppData\Local\Programs\Microsoft VS Code\bin;C:\Users\LUCKY\AppData\Roaming\nvm;C:\Program Files\nodejs;C:\Users\LUCKY\AppData\Roaming\Composer\vendor\bin;C:\Program Files\JetBrains\PyCharm Community Edition 2022.1.1\bin;;C:\Users\LUCKY\AppData\Local\Android\Sdk\ndk-bundle;C:\Users\LUCKY\AppData\Local\Android\Sdk\platform-tools;
USERNAME=LUCKY
OS=Windows_NT
PROCESSOR_IDENTIFIER=Intel64 Family 6 Model 58 Stepping 9, GenuineIntel



---------------  S Y S T E M  ---------------

OS: Windows 10 , 64 bit Build 19041 (10.0.19041.1806)

CPU:total 4 (initial active 4) (2 cores per cpu, 2 threads per core) family 6 model 58 stepping 9 microcode 0x21, cmov, cx8, fxsr, mmx, sse, sse2, sse3, ssse3, sse4.1, sse4.2, popcnt, avx, aes, clmul, erms, ht, tsc, tscinvbit, tscinv

Memory: 4k page, system-wide physical 12182M (1671M free)
TotalPageFile size 24470M (AvailPageFile size 9995M)
current process WorkingSet (physical memory assigned to process): 710M, peak: 714M
current process commit charge ("private bytes"): 742M, peak: 746M

vm_info: Java HotSpot(TM) 64-Bit Server VM (11.0.13+10-LTS-370) for windows-amd64 JRE (11.0.13+10-LTS-370), built on Sep 15 2021 22:10:36 by "mach5one" with MS VC++ 15.9 (VS2017)

END.
