#
# A fatal error has been detected by the Java Runtime Environment:
#
#  EXCEPTION_ACCESS_VIOLATION (0xc0000005) at pc=0x00007ffc2eb6f204, pid=3792, tid=12244
#
# JRE version: Java(TM) SE Runtime Environment 18.9 (11.0.13+10) (build 11.0.13+10-LTS-370)
# Java VM: Java HotSpot(TM) 64-Bit Server VM 18.9 (11.0.13+10-LTS-370, mixed mode, tiered, compressed oops, g1 gc, windows-amd64)
# Problematic frame:
# V  [jvm.dll+0x1ff204]
#
# No core dump will be written. Minidumps are not enabled by default on client versions of Windows
#
# If you would like to submit a bug report, please visit:
#   https://bugreport.java.com/bugreport/crash.jsp
#

---------------  S U M M A R Y ------------

Command Line: --add-opens=java.base/java.util=ALL-UNNAMED --add-opens=java.base/java.lang=ALL-UNNAMED --add-opens=java.base/java.lang.invoke=ALL-UNNAMED --add-opens=java.prefs/java.util.prefs=ALL-UNNAMED -XX:MaxMetaspaceSize=256m -XX:+HeapDumpOnOutOfMemoryError -Xms256m -Xmx512m -Dfile.encoding=windows-1252 -Duser.country=US -Duser.language=en -Duser.variant org.gradle.launcher.daemon.bootstrap.GradleDaemon 5.5

Host: Intel(R) Core(TM) i5-3230M CPU @ 2.60GHz, 4 cores, 11G,  Windows 10 , 64 bit Build 19041 (10.0.19041.1806)
Time: Sat Jul 30 19:03:11 2022 Tokyo Standard Time elapsed time: 19.881478 seconds (0d 0h 0m 19s)

---------------  T H R E A D  ---------------

Current thread (0x000002a9df350000):  JavaThread "C2 CompilerThread0" daemon [_thread_in_native, id=12244, stack(0x000000d724300000,0x000000d724400000)]


Current CompileTask:
C2:  19881 4298   !   4       java.util.jar.Attributes::read (390 bytes)

Stack: [0x000000d724300000,0x000000d724400000],  sp=0x000000d7243fd520,  free space=1013k
Native frames: (J=compiled Java code, j=interpreted, Vv=VM code, C=native code)
V  [jvm.dll+0x1ff204]
V  [jvm.dll+0x6523ca]
V  [jvm.dll+0x1f728a]
V  [jvm.dll+0x177991]
V  [jvm.dll+0x206d84]
V  [jvm.dll+0x204ebb]
V  [jvm.dll+0x727e70]
V  [jvm.dll+0x720a54]
V  [jvm.dll+0x627606]
C  [ucrtbase.dll+0x21bb2]
C  [KERNEL32.DLL+0x17034]
C  [ntdll.dll+0x52651]


siginfo: EXCEPTION_ACCESS_VIOLATION (0xc0000005), reading address 0x000000a9e47bf1f8


Register to memory mapping:

RIP=0x00007ffc2eb6f204 jvm.dll
RAX=0x000000a9e47bf1f8 is an unknown value
RBX=0x000000d7243fd7c0 is pointing into the stack for thread: 0x000002a9df350000
RCX=0x0000000000000002 is an unknown value
RDX=0x00000000000013f0 is an unknown value
RSP=0x000000d7243fd520 is pointing into the stack for thread: 0x000002a9df350000
RBP=0x0000000000000002 is an unknown value
RSI=0x00000000000013ef is an unknown value
RDI=0x000002a9e47beda0 points into unknown readable memory: 0x00007ffc2f19b428 | 28 b4 19 2f fc 7f 00 00
R8 =0x0000000000000002 is an unknown value
R9 =0x0 is NULL
R10=0x000002a9e43a1160 points into unknown readable memory: 0x0040020000000003 | 03 00 00 00 00 02 40 00
R11=0x000002a9e1f1e1c0 points into unknown readable memory: 0xef58000000010004 | 04 00 01 00 00 00 58 ef
R12=0x00000000000012b0 is an unknown value
R13=0x00007ffc2f19ecd8 jvm.dll
R14=0x0 is NULL
R15=0x000002a9e47bf1b8 points into unknown readable memory: 0x00007ffc2f19b058 | 58 b0 19 2f fc 7f 00 00


Registers:
RAX=0x000000a9e47bf1f8, RBX=0x000000d7243fd7c0, RCX=0x0000000000000002, RDX=0x00000000000013f0
RSP=0x000000d7243fd520, RBP=0x0000000000000002, RSI=0x00000000000013ef, RDI=0x000002a9e47beda0
R8 =0x0000000000000002, R9 =0x0000000000000000, R10=0x000002a9e43a1160, R11=0x000002a9e1f1e1c0
R12=0x00000000000012b0, R13=0x00007ffc2f19ecd8, R14=0x0000000000000000, R15=0x000002a9e47bf1b8
RIP=0x00007ffc2eb6f204, EFLAGS=0x0000000000010246

Top of Stack: (sp=0x000000d7243fd520)
0x000000d7243fd520:   000000d7243fd7c0 0000000000000091
0x000000d7243fd530:   000000d7243fd7c0 00007ffc2efc12a6
0x000000d7243fd540:   000000d7243fd690 0000000000000002
0x000000d7243fd550:   0000000000000000 000000d7243fd7b0
0x000000d7243fd560:   000002a9df34a8d0 00007ffc2efc23ca
0x000000d7243fd570:   000002a9df34a8d0 000000d7243fd810
0x000000d7243fd580:   000002a9e439dc00 000000d7243fd750
0x000000d7243fd590:   000000d7243fe280 000002a9e439dc00
0x000000d7243fd5a0:   000002a9df34a8d0 00007ffc2eb6728a
0x000000d7243fd5b0:   0000000000000001 0000000000000001
0x000000d7243fd5c0:   000000d7243fd6b0 0000000000000008
0x000000d7243fd5d0:   0000000000000000 000000d7243feb38
0x000000d7243fd5e0:   000000d70000000c 000002a9e044c300
0x000000d7243fd5f0:   000000d7243fece0 000000d7243fecf8
0x000000d7243fd600:   000002a9c33d6440 00007ffc2f22d500
0x000000d7243fd610:   0000000000000000 0000000000000002 

Instructions: (pc=0x00007ffc2eb6f204)
0x00007ffc2eb6f1e4:   4e 8b 3c e0 41 8b 47 1c 85 c0 0f 84 97 00 00 00
0x00007ffc2eb6f1f4:   45 33 f6 8b e8 0f 1f 80 00 00 00 00 49 8b 47 08
0x00007ffc2eb6f204:   49 8b 3c 06 48 85 ff 74 6d 40 f6 c7 01 75 67 48
0x00007ffc2eb6f214:   83 3f fe 74 61 8b 4f 28 8b c1 c1 e8 05 3b 43 30 


Stack slot to memory mapping:
stack at sp + 0 slots: 0x000000d7243fd7c0 is pointing into the stack for thread: 0x000002a9df350000
stack at sp + 1 slots: 0x0000000000000091 is an unknown value
stack at sp + 2 slots: 0x000000d7243fd7c0 is pointing into the stack for thread: 0x000002a9df350000
stack at sp + 3 slots: 0x00007ffc2efc12a6 jvm.dll
stack at sp + 4 slots: 0x000000d7243fd690 is pointing into the stack for thread: 0x000002a9df350000
stack at sp + 5 slots: 0x0000000000000002 is an unknown value
stack at sp + 6 slots: 0x0 is NULL
stack at sp + 7 slots: 0x000000d7243fd7b0 is pointing into the stack for thread: 0x000002a9df350000


---------------  P R O C E S S  ---------------

Threads class SMR info:
_java_thread_list=0x000002a9e5d2f3c0, length=33, elements={
0x000002a9c54fb000, 0x000002a9df32e000, 0x000002a9df338000, 0x000002a9df349800,
0x000002a9df34b000, 0x000002a9df34d000, 0x000002a9df350000, 0x000002a9df35f800,
0x000002a9dfd07800, 0x000002a9dfe24800, 0x000002a9e1725000, 0x000002a9e134d000,
0x000002a9e0a7a000, 0x000002a9e124c000, 0x000002a9e129e800, 0x000002a9e1482000,
0x000002a9e1123000, 0x000002a9e1496000, 0x000002a9e1c00000, 0x000002a9e1bd1000,
0x000002a9e1bd0800, 0x000002a9e1bd5000, 0x000002a9e1bd2000, 0x000002a9e1bd3000,
0x000002a9e1bcf800, 0x000002a9e1bd6000, 0x000002a9e530c000, 0x000002a9e5308000,
0x000002a9e530b800, 0x000002a9e530d000, 0x000002a9e5309000, 0x000002a9e5307000,
0x000002a9c33b7800
}

Java Threads: ( => current thread )
  0x000002a9c54fb000 JavaThread "main" [_thread_blocked, id=10128, stack(0x000000d723700000,0x000000d723800000)]
  0x000002a9df32e000 JavaThread "Reference Handler" daemon [_thread_blocked, id=3156, stack(0x000000d723e00000,0x000000d723f00000)]
  0x000002a9df338000 JavaThread "Finalizer" daemon [_thread_blocked, id=10040, stack(0x000000d723f00000,0x000000d724000000)]
  0x000002a9df349800 JavaThread "Signal Dispatcher" daemon [_thread_blocked, id=10864, stack(0x000000d724000000,0x000000d724100000)]
  0x000002a9df34b000 JavaThread "Attach Listener" daemon [_thread_blocked, id=3608, stack(0x000000d724100000,0x000000d724200000)]
  0x000002a9df34d000 JavaThread "Service Thread" daemon [_thread_blocked, id=6788, stack(0x000000d724200000,0x000000d724300000)]
=>0x000002a9df350000 JavaThread "C2 CompilerThread0" daemon [_thread_in_native, id=12244, stack(0x000000d724300000,0x000000d724400000)]
  0x000002a9df35f800 JavaThread "C1 CompilerThread0" daemon [_thread_in_native, id=120, stack(0x000000d724400000,0x000000d724500000)]
  0x000002a9dfd07800 JavaThread "Sweeper thread" daemon [_thread_blocked, id=7048, stack(0x000000d724500000,0x000000d724600000)]
  0x000002a9dfe24800 JavaThread "Common-Cleaner" daemon [_thread_blocked, id=488, stack(0x000000d724600000,0x000000d724700000)]
  0x000002a9e1725000 JavaThread "Daemon health stats" [_thread_blocked, id=7372, stack(0x000000d724c00000,0x000000d724d00000)]
  0x000002a9e134d000 JavaThread "Incoming local TCP Connector on port 63894" [_thread_in_native, id=7712, stack(0x000000d724b00000,0x000000d724c00000)]
  0x000002a9e0a7a000 JavaThread "Daemon periodic checks" [_thread_blocked, id=892, stack(0x000000d724d00000,0x000000d724e00000)]
  0x000002a9e124c000 JavaThread "Daemon" [_thread_blocked, id=1748, stack(0x000000d724e00000,0x000000d724f00000)]
  0x000002a9e129e800 JavaThread "Handler for socket connection from /127.0.0.1:63894 to /127.0.0.1:63896" [_thread_in_native, id=7648, stack(0x000000d724f00000,0x000000d725000000)]
  0x000002a9e1482000 JavaThread "Cancel handler" [_thread_blocked, id=9876, stack(0x000000d725000000,0x000000d725100000)]
  0x000002a9e1123000 JavaThread "Daemon worker" [_thread_in_Java, id=6924, stack(0x000000d725100000,0x000000d725200000)]
  0x000002a9e1496000 JavaThread "Asynchronous log dispatcher for DefaultDaemonConnection: socket connection from /127.0.0.1:63894 to /127.0.0.1:63896" [_thread_blocked, id=6020, stack(0x000000d725200000,0x000000d725300000)]
  0x000002a9e1c00000 JavaThread "Stdin handler" [_thread_blocked, id=3392, stack(0x000000d725300000,0x000000d725400000)]
  0x000002a9e1bd1000 JavaThread "Thread-8" [_thread_blocked, id=9264, stack(0x000000d725400000,0x000000d725500000)]
  0x000002a9e1bd0800 JavaThread "Cache worker for file hash cache (C:\Users\LUCKY\.gradle\caches\5.5\fileHashes)" [_thread_blocked, id=11528, stack(0x000000d725500000,0x000000d725600000)]
  0x000002a9e1bd5000 JavaThread "File lock request listener" [_thread_in_native, id=8580, stack(0x000000d725600000,0x000000d725700000)]
  0x000002a9e1bd2000 JavaThread "Cache worker for journal cache (C:\Users\LUCKY\.gradle\caches\journal-1)" [_thread_blocked, id=6780, stack(0x000000d725700000,0x000000d725800000)]
  0x000002a9e1bd3000 JavaThread "Cache worker for file hash cache (D:\MyWork\ReactNative\whsnxt_mvp\android\.gradle\5.5\fileHashes)" [_thread_blocked, id=7172, stack(0x000000d725800000,0x000000d725900000)]
  0x000002a9e1bcf800 JavaThread "Cache worker for cache directory md-supplier (C:\Users\LUCKY\.gradle\caches\5.5\md-supplier)" [_thread_blocked, id=6636, stack(0x000000d725a00000,0x000000d725b00000)]
  0x000002a9e1bd6000 JavaThread "Cache worker for cache directory md-rule (C:\Users\LUCKY\.gradle\caches\5.5\md-rule)" [_thread_blocked, id=5664, stack(0x000000d725b00000,0x000000d725c00000)]
  0x000002a9e530c000 JavaThread "Cache worker for execution history cache (C:\Users\LUCKY\.gradle\caches\5.5\executionHistory)" [_thread_blocked, id=6036, stack(0x000000d725c00000,0x000000d725d00000)]
  0x000002a9e5308000 JavaThread "Build operations" [_thread_blocked, id=728, stack(0x000000d725d00000,0x000000d725e00000)]
  0x000002a9e530b800 JavaThread "Build operations Thread 2" [_thread_blocked, id=4356, stack(0x000000d725e00000,0x000000d725f00000)]
  0x000002a9e530d000 JavaThread "Build operations Thread 3" [_thread_blocked, id=4376, stack(0x000000d725f00000,0x000000d726000000)]
  0x000002a9e5309000 JavaThread "Build operations Thread 4" [_thread_blocked, id=10416, stack(0x000000d726000000,0x000000d726100000)]
  0x000002a9e5307000 JavaThread "Cache worker for Build Output Cleanup Cache (D:\MyWork\ReactNative\whsnxt_mvp\android\.gradle\buildOutputCleanup)" [_thread_blocked, id=8404, stack(0x000000d725900000,0x000000d725a00000)]
  0x000002a9c33b7800 JavaThread "C2 CompilerThread1" daemon [_thread_in_native, id=11616, stack(0x000000d726100000,0x000000d726200000)]

Other Threads:
  0x000002a9df306000 VMThread "VM Thread" [stack: 0x000000d723d00000,0x000000d723e00000] [id=616]
  0x000002a9dfe6e800 WatcherThread [stack: 0x000000d724700000,0x000000d724800000] [id=188]
  0x000002a9c5510800 GCTaskThread "GC Thread#0" [stack: 0x000000d723800000,0x000000d723900000] [id=4184]
  0x000002a9e086e000 GCTaskThread "GC Thread#1" [stack: 0x000000d724800000,0x000000d724900000] [id=5856]
  0x000002a9e07ff000 GCTaskThread "GC Thread#2" [stack: 0x000000d724900000,0x000000d724a00000] [id=2236]
  0x000002a9e07ff800 GCTaskThread "GC Thread#3" [stack: 0x000000d724a00000,0x000000d724b00000] [id=8820]
  0x000002a9c5523000 ConcurrentGCThread "G1 Main Marker" [stack: 0x000000d723900000,0x000000d723a00000] [id=8204]
  0x000002a9c5524800 ConcurrentGCThread "G1 Conc#0" [stack: 0x000000d723a00000,0x000000d723b00000] [id=11780]
  0x000002a9df1a2800 ConcurrentGCThread "G1 Refine#0" [stack: 0x000000d723b00000,0x000000d723c00000] [id=11664]
  0x000002a9df1a3000 ConcurrentGCThread "G1 Young RemSet Sampling" [stack: 0x000000d723c00000,0x000000d723d00000] [id=11988]

Threads with active compile tasks:
C2 CompilerThread0  19943 4298   !   4       java.util.jar.Attributes::read (390 bytes)
C2 CompilerThread1  19943 4350       4       java.nio.HeapByteBuffer::getChar (25 bytes)

VM state:not at safepoint (normal execution)

VM Mutex/Monitor currently owned by a thread: None

Heap address: 0x00000000e0000000, size: 512 MB, Compressed Oops mode: 32-bit
Narrow klass base: 0x0000000000000000, Narrow klass shift: 3
Compressed class space size: 260046848 Address: 0x0000000100000000

Heap:
 garbage-first heap   total 262144K, used 77012K [0x00000000e0000000, 0x0000000100000000)
  region size 1024K, 52 young (53248K), 11 survivors (11264K)
 Metaspace       used 48831K, capacity 49858K, committed 50176K, reserved 299008K
  class space    used 6205K, capacity 6552K, committed 6656K, reserved 253952K
Heap Regions: E=young(eden), S=young(survivor), O=old, HS=humongous(starts), HC=humongous(continues), CS=collection set, F=free, A=archive, TAMS=top-at-mark-start (previous, next)
|   0|0x00000000e0000000, 0x00000000e0100000, 0x00000000e0100000|100%| O|  |TAMS 0x00000000e0100000, 0x00000000e0000000| Untracked 
|   1|0x00000000e0100000, 0x00000000e0200000, 0x00000000e0200000|100%| O|  |TAMS 0x00000000e0200000, 0x00000000e0100000| Untracked 
|   2|0x00000000e0200000, 0x00000000e0300000, 0x00000000e0300000|100%|HS|  |TAMS 0x00000000e0300000, 0x00000000e0200000| Complete 
|   3|0x00000000e0300000, 0x00000000e0400000, 0x00000000e0400000|100%|HS|  |TAMS 0x00000000e0400000, 0x00000000e0300000| Complete 
|   4|0x00000000e0400000, 0x00000000e0500000, 0x00000000e0500000|100%|HC|  |TAMS 0x00000000e0500000, 0x00000000e0400000| Complete 
|   5|0x00000000e0500000, 0x00000000e0600000, 0x00000000e0600000|100%| O|  |TAMS 0x00000000e0600000, 0x00000000e0500000| Untracked 
|   6|0x00000000e0600000, 0x00000000e0700000, 0x00000000e0700000|100%| O|  |TAMS 0x00000000e0700000, 0x00000000e0600000| Untracked 
|   7|0x00000000e0700000, 0x00000000e0800000, 0x00000000e0800000|100%| O|  |TAMS 0x00000000e0800000, 0x00000000e0700000| Untracked 
|   8|0x00000000e0800000, 0x00000000e0900000, 0x00000000e0900000|100%| O|  |TAMS 0x00000000e0900000, 0x00000000e0800000| Untracked 
|   9|0x00000000e0900000, 0x00000000e0a00000, 0x00000000e0a00000|100%| O|  |TAMS 0x00000000e0a00000, 0x00000000e0900000| Untracked 
|  10|0x00000000e0a00000, 0x00000000e0b00000, 0x00000000e0b00000|100%| O|  |TAMS 0x00000000e0b00000, 0x00000000e0a00000| Untracked 
|  11|0x00000000e0b00000, 0x00000000e0c00000, 0x00000000e0c00000|100%| O|  |TAMS 0x00000000e0c00000, 0x00000000e0b00000| Untracked 
|  12|0x00000000e0c00000, 0x00000000e0d00000, 0x00000000e0d00000|100%| O|  |TAMS 0x00000000e0c7f400, 0x00000000e0c00000| Untracked 
|  13|0x00000000e0d00000, 0x00000000e0e00000, 0x00000000e0e00000|100%|HS|  |TAMS 0x00000000e0d00000, 0x00000000e0d00000| Complete 
|  14|0x00000000e0e00000, 0x00000000e0f00000, 0x00000000e0f00000|100%|HC|  |TAMS 0x00000000e0e00000, 0x00000000e0e00000| Complete 
|  15|0x00000000e0f00000, 0x00000000e1000000, 0x00000000e1000000|100%|HC|  |TAMS 0x00000000e0f00000, 0x00000000e0f00000| Complete 
|  16|0x00000000e1000000, 0x00000000e1100000, 0x00000000e1100000|100%|HS|  |TAMS 0x00000000e1000000, 0x00000000e1000000| Complete 
|  17|0x00000000e1100000, 0x00000000e1200000, 0x00000000e1200000|100%|HC|  |TAMS 0x00000000e1100000, 0x00000000e1100000| Complete 
|  18|0x00000000e1200000, 0x00000000e1300000, 0x00000000e1300000|100%| O|  |TAMS 0x00000000e1200000, 0x00000000e1200000| Untracked 
|  19|0x00000000e1300000, 0x00000000e1400000, 0x00000000e1400000|100%| O|  |TAMS 0x00000000e1300000, 0x00000000e1300000| Untracked 
|  20|0x00000000e1400000, 0x00000000e1500000, 0x00000000e1500000|100%| O|  |TAMS 0x00000000e1400000, 0x00000000e1400000| Untracked 
|  21|0x00000000e1500000, 0x00000000e1600000, 0x00000000e1600000|100%| O|  |TAMS 0x00000000e1500000, 0x00000000e1500000| Untracked 
|  22|0x00000000e1600000, 0x00000000e1700000, 0x00000000e1700000|100%| O|  |TAMS 0x00000000e1600000, 0x00000000e1600000| Untracked 
|  23|0x00000000e1700000, 0x00000000e1800000, 0x00000000e1800000|100%| O|  |TAMS 0x00000000e1700000, 0x00000000e1700000| Untracked 
|  24|0x00000000e1800000, 0x00000000e1862000, 0x00000000e1900000| 38%| O|  |TAMS 0x00000000e1800000, 0x00000000e1800000| Untracked 
|  25|0x00000000e1900000, 0x00000000e1900000, 0x00000000e1a00000|  0%| F|  |TAMS 0x00000000e1900000, 0x00000000e1900000| Untracked 
|  26|0x00000000e1a00000, 0x00000000e1a00000, 0x00000000e1b00000|  0%| F|  |TAMS 0x00000000e1a00000, 0x00000000e1a00000| Untracked 
|  27|0x00000000e1b00000, 0x00000000e1b00000, 0x00000000e1c00000|  0%| F|  |TAMS 0x00000000e1b00000, 0x00000000e1b00000| Untracked 
|  28|0x00000000e1c00000, 0x00000000e1c00000, 0x00000000e1d00000|  0%| F|  |TAMS 0x00000000e1c00000, 0x00000000e1c00000| Untracked 
|  29|0x00000000e1d00000, 0x00000000e1d00000, 0x00000000e1e00000|  0%| F|  |TAMS 0x00000000e1d00000, 0x00000000e1d00000| Untracked 
|  30|0x00000000e1e00000, 0x00000000e1e00000, 0x00000000e1f00000|  0%| F|  |TAMS 0x00000000e1e00000, 0x00000000e1e00000| Untracked 
|  31|0x00000000e1f00000, 0x00000000e1f00000, 0x00000000e2000000|  0%| F|  |TAMS 0x00000000e1f00000, 0x00000000e1f00000| Untracked 
|  32|0x00000000e2000000, 0x00000000e2000000, 0x00000000e2100000|  0%| F|  |TAMS 0x00000000e2000000, 0x00000000e2000000| Untracked 
|  33|0x00000000e2100000, 0x00000000e2100000, 0x00000000e2200000|  0%| F|  |TAMS 0x00000000e2100000, 0x00000000e2100000| Untracked 
|  34|0x00000000e2200000, 0x00000000e2200000, 0x00000000e2300000|  0%| F|  |TAMS 0x00000000e2200000, 0x00000000e2200000| Untracked 
|  35|0x00000000e2300000, 0x00000000e2300000, 0x00000000e2400000|  0%| F|  |TAMS 0x00000000e2300000, 0x00000000e2300000| Untracked 
|  36|0x00000000e2400000, 0x00000000e2400000, 0x00000000e2500000|  0%| F|  |TAMS 0x00000000e2400000, 0x00000000e2400000| Untracked 
|  37|0x00000000e2500000, 0x00000000e2500000, 0x00000000e2600000|  0%| F|  |TAMS 0x00000000e2500000, 0x00000000e2500000| Untracked 
|  38|0x00000000e2600000, 0x00000000e2600000, 0x00000000e2700000|  0%| F|  |TAMS 0x00000000e2600000, 0x00000000e2600000| Untracked 
|  39|0x00000000e2700000, 0x00000000e2700000, 0x00000000e2800000|  0%| F|  |TAMS 0x00000000e2700000, 0x00000000e2700000| Untracked 
|  40|0x00000000e2800000, 0x00000000e2800000, 0x00000000e2900000|  0%| F|  |TAMS 0x00000000e2800000, 0x00000000e2800000| Untracked 
|  41|0x00000000e2900000, 0x00000000e2900000, 0x00000000e2a00000|  0%| F|  |TAMS 0x00000000e2900000, 0x00000000e2900000| Untracked 
|  42|0x00000000e2a00000, 0x00000000e2a00000, 0x00000000e2b00000|  0%| F|  |TAMS 0x00000000e2a00000, 0x00000000e2a00000| Untracked 
|  43|0x00000000e2b00000, 0x00000000e2b00000, 0x00000000e2c00000|  0%| F|  |TAMS 0x00000000e2b00000, 0x00000000e2b00000| Untracked 
|  44|0x00000000e2c00000, 0x00000000e2c00000, 0x00000000e2d00000|  0%| F|  |TAMS 0x00000000e2c00000, 0x00000000e2c00000| Untracked 
|  45|0x00000000e2d00000, 0x00000000e2d00000, 0x00000000e2e00000|  0%| F|  |TAMS 0x00000000e2d00000, 0x00000000e2d00000| Untracked 
|  46|0x00000000e2e00000, 0x00000000e2e00000, 0x00000000e2f00000|  0%| F|  |TAMS 0x00000000e2e00000, 0x00000000e2e00000| Untracked 
|  47|0x00000000e2f00000, 0x00000000e2f00000, 0x00000000e3000000|  0%| F|  |TAMS 0x00000000e2f00000, 0x00000000e2f00000| Untracked 
|  48|0x00000000e3000000, 0x00000000e3000000, 0x00000000e3100000|  0%| F|  |TAMS 0x00000000e3000000, 0x00000000e3000000| Untracked 
|  49|0x00000000e3100000, 0x00000000e3100000, 0x00000000e3200000|  0%| F|  |TAMS 0x00000000e3100000, 0x00000000e3100000| Untracked 
|  50|0x00000000e3200000, 0x00000000e3200000, 0x00000000e3300000|  0%| F|  |TAMS 0x00000000e3200000, 0x00000000e3200000| Untracked 
|  51|0x00000000e3300000, 0x00000000e3300000, 0x00000000e3400000|  0%| F|  |TAMS 0x00000000e3300000, 0x00000000e3300000| Untracked 
|  52|0x00000000e3400000, 0x00000000e3400000, 0x00000000e3500000|  0%| F|  |TAMS 0x00000000e3400000, 0x00000000e3400000| Untracked 
|  53|0x00000000e3500000, 0x00000000e3500000, 0x00000000e3600000|  0%| F|  |TAMS 0x00000000e3500000, 0x00000000e3500000| Untracked 
|  54|0x00000000e3600000, 0x00000000e3600000, 0x00000000e3700000|  0%| F|  |TAMS 0x00000000e3600000, 0x00000000e3600000| Untracked 
|  55|0x00000000e3700000, 0x00000000e3700000, 0x00000000e3800000|  0%| F|  |TAMS 0x00000000e3700000, 0x00000000e3700000| Untracked 
|  56|0x00000000e3800000, 0x00000000e3800000, 0x00000000e3900000|  0%| F|  |TAMS 0x00000000e3800000, 0x00000000e3800000| Untracked 
|  57|0x00000000e3900000, 0x00000000e3900000, 0x00000000e3a00000|  0%| F|  |TAMS 0x00000000e3900000, 0x00000000e3900000| Untracked 
|  58|0x00000000e3a00000, 0x00000000e3a00000, 0x00000000e3b00000|  0%| F|  |TAMS 0x00000000e3a00000, 0x00000000e3a00000| Untracked 
|  59|0x00000000e3b00000, 0x00000000e3b00000, 0x00000000e3c00000|  0%| F|  |TAMS 0x00000000e3b00000, 0x00000000e3b00000| Untracked 
|  60|0x00000000e3c00000, 0x00000000e3c00000, 0x00000000e3d00000|  0%| F|  |TAMS 0x00000000e3c00000, 0x00000000e3c00000| Untracked 
|  61|0x00000000e3d00000, 0x00000000e3d00000, 0x00000000e3e00000|  0%| F|  |TAMS 0x00000000e3d00000, 0x00000000e3d00000| Untracked 
|  62|0x00000000e3e00000, 0x00000000e3e00000, 0x00000000e3f00000|  0%| F|  |TAMS 0x00000000e3e00000, 0x00000000e3e00000| Untracked 
|  63|0x00000000e3f00000, 0x00000000e3f00000, 0x00000000e4000000|  0%| F|  |TAMS 0x00000000e3f00000, 0x00000000e3f00000| Untracked 
|  64|0x00000000e4000000, 0x00000000e4000000, 0x00000000e4100000|  0%| F|  |TAMS 0x00000000e4000000, 0x00000000e4000000| Untracked 
|  65|0x00000000e4100000, 0x00000000e4100000, 0x00000000e4200000|  0%| F|  |TAMS 0x00000000e4100000, 0x00000000e4100000| Untracked 
|  66|0x00000000e4200000, 0x00000000e4200000, 0x00000000e4300000|  0%| F|  |TAMS 0x00000000e4200000, 0x00000000e4200000| Untracked 
|  67|0x00000000e4300000, 0x00000000e4300000, 0x00000000e4400000|  0%| F|  |TAMS 0x00000000e4300000, 0x00000000e4300000| Untracked 
|  68|0x00000000e4400000, 0x00000000e4400000, 0x00000000e4500000|  0%| F|  |TAMS 0x00000000e4400000, 0x00000000e4400000| Untracked 
|  69|0x00000000e4500000, 0x00000000e4500000, 0x00000000e4600000|  0%| F|  |TAMS 0x00000000e4500000, 0x00000000e4500000| Untracked 
|  70|0x00000000e4600000, 0x00000000e4600000, 0x00000000e4700000|  0%| F|  |TAMS 0x00000000e4600000, 0x00000000e4600000| Untracked 
|  71|0x00000000e4700000, 0x00000000e4700000, 0x00000000e4800000|  0%| F|  |TAMS 0x00000000e4700000, 0x00000000e4700000| Untracked 
|  72|0x00000000e4800000, 0x00000000e4800000, 0x00000000e4900000|  0%| F|  |TAMS 0x00000000e4800000, 0x00000000e4800000| Untracked 
|  73|0x00000000e4900000, 0x00000000e4900000, 0x00000000e4a00000|  0%| F|  |TAMS 0x00000000e4900000, 0x00000000e4900000| Untracked 
|  74|0x00000000e4a00000, 0x00000000e4a00000, 0x00000000e4b00000|  0%| F|  |TAMS 0x00000000e4a00000, 0x00000000e4a00000| Untracked 
|  75|0x00000000e4b00000, 0x00000000e4b00000, 0x00000000e4c00000|  0%| F|  |TAMS 0x00000000e4b00000, 0x00000000e4b00000| Untracked 
|  76|0x00000000e4c00000, 0x00000000e4c00000, 0x00000000e4d00000|  0%| F|  |TAMS 0x00000000e4c00000, 0x00000000e4c00000| Untracked 
|  77|0x00000000e4d00000, 0x00000000e4d00000, 0x00000000e4e00000|  0%| F|  |TAMS 0x00000000e4d00000, 0x00000000e4d00000| Untracked 
|  78|0x00000000e4e00000, 0x00000000e4e00000, 0x00000000e4f00000|  0%| F|  |TAMS 0x00000000e4e00000, 0x00000000e4e00000| Untracked 
|  79|0x00000000e4f00000, 0x00000000e4f00000, 0x00000000e5000000|  0%| F|  |TAMS 0x00000000e4f00000, 0x00000000e4f00000| Untracked 
|  80|0x00000000e5000000, 0x00000000e5000000, 0x00000000e5100000|  0%| F|  |TAMS 0x00000000e5000000, 0x00000000e5000000| Untracked 
|  81|0x00000000e5100000, 0x00000000e5100000, 0x00000000e5200000|  0%| F|  |TAMS 0x00000000e5100000, 0x00000000e5100000| Untracked 
|  82|0x00000000e5200000, 0x00000000e5200000, 0x00000000e5300000|  0%| F|  |TAMS 0x00000000e5200000, 0x00000000e5200000| Untracked 
|  83|0x00000000e5300000, 0x00000000e5300000, 0x00000000e5400000|  0%| F|  |TAMS 0x00000000e5300000, 0x00000000e5300000| Untracked 
|  84|0x00000000e5400000, 0x00000000e5400000, 0x00000000e5500000|  0%| F|  |TAMS 0x00000000e5400000, 0x00000000e5400000| Untracked 
|  85|0x00000000e5500000, 0x00000000e5500000, 0x00000000e5600000|  0%| F|  |TAMS 0x00000000e5500000, 0x00000000e5500000| Untracked 
|  86|0x00000000e5600000, 0x00000000e5600000, 0x00000000e5700000|  0%| F|  |TAMS 0x00000000e5600000, 0x00000000e5600000| Untracked 
|  87|0x00000000e5700000, 0x00000000e5700000, 0x00000000e5800000|  0%| F|  |TAMS 0x00000000e5700000, 0x00000000e5700000| Untracked 
|  88|0x00000000e5800000, 0x00000000e5800000, 0x00000000e5900000|  0%| F|  |TAMS 0x00000000e5800000, 0x00000000e5800000| Untracked 
|  89|0x00000000e5900000, 0x00000000e5900000, 0x00000000e5a00000|  0%| F|  |TAMS 0x00000000e5900000, 0x00000000e5900000| Untracked 
|  90|0x00000000e5a00000, 0x00000000e5a00000, 0x00000000e5b00000|  0%| F|  |TAMS 0x00000000e5a00000, 0x00000000e5a00000| Untracked 
|  91|0x00000000e5b00000, 0x00000000e5b00000, 0x00000000e5c00000|  0%| F|  |TAMS 0x00000000e5b00000, 0x00000000e5b00000| Untracked 
|  92|0x00000000e5c00000, 0x00000000e5c00000, 0x00000000e5d00000|  0%| F|  |TAMS 0x00000000e5c00000, 0x00000000e5c00000| Untracked 
|  93|0x00000000e5d00000, 0x00000000e5d00000, 0x00000000e5e00000|  0%| F|  |TAMS 0x00000000e5d00000, 0x00000000e5d00000| Untracked 
|  94|0x00000000e5e00000, 0x00000000e5e00000, 0x00000000e5f00000|  0%| F|  |TAMS 0x00000000e5e00000, 0x00000000e5e00000| Untracked 
|  95|0x00000000e5f00000, 0x00000000e5f00000, 0x00000000e6000000|  0%| F|  |TAMS 0x00000000e5f00000, 0x00000000e5f00000| Untracked 
|  96|0x00000000e6000000, 0x00000000e6000000, 0x00000000e6100000|  0%| F|  |TAMS 0x00000000e6000000, 0x00000000e6000000| Untracked 
|  97|0x00000000e6100000, 0x00000000e6100000, 0x00000000e6200000|  0%| F|  |TAMS 0x00000000e6100000, 0x00000000e6100000| Untracked 
|  98|0x00000000e6200000, 0x00000000e6200000, 0x00000000e6300000|  0%| F|  |TAMS 0x00000000e6200000, 0x00000000e6200000| Untracked 
|  99|0x00000000e6300000, 0x00000000e6300000, 0x00000000e6400000|  0%| F|  |TAMS 0x00000000e6300000, 0x00000000e6300000| Untracked 
| 100|0x00000000e6400000, 0x00000000e6400000, 0x00000000e6500000|  0%| F|  |TAMS 0x00000000e6400000, 0x00000000e6400000| Untracked 
| 101|0x00000000e6500000, 0x00000000e6500000, 0x00000000e6600000|  0%| F|  |TAMS 0x00000000e6500000, 0x00000000e6500000| Untracked 
| 102|0x00000000e6600000, 0x00000000e6600000, 0x00000000e6700000|  0%| F|  |TAMS 0x00000000e6600000, 0x00000000e6600000| Untracked 
| 103|0x00000000e6700000, 0x00000000e6700000, 0x00000000e6800000|  0%| F|  |TAMS 0x00000000e6700000, 0x00000000e6700000| Untracked 
| 104|0x00000000e6800000, 0x00000000e6800000, 0x00000000e6900000|  0%| F|  |TAMS 0x00000000e6800000, 0x00000000e6800000| Untracked 
| 105|0x00000000e6900000, 0x00000000e6900000, 0x00000000e6a00000|  0%| F|  |TAMS 0x00000000e6900000, 0x00000000e6900000| Untracked 
| 106|0x00000000e6a00000, 0x00000000e6a00000, 0x00000000e6b00000|  0%| F|  |TAMS 0x00000000e6a00000, 0x00000000e6a00000| Untracked 
| 107|0x00000000e6b00000, 0x00000000e6b00000, 0x00000000e6c00000|  0%| F|  |TAMS 0x00000000e6b00000, 0x00000000e6b00000| Untracked 
| 108|0x00000000e6c00000, 0x00000000e6c00000, 0x00000000e6d00000|  0%| F|  |TAMS 0x00000000e6c00000, 0x00000000e6c00000| Untracked 
| 109|0x00000000e6d00000, 0x00000000e6d00000, 0x00000000e6e00000|  0%| F|  |TAMS 0x00000000e6d00000, 0x00000000e6d00000| Untracked 
| 110|0x00000000e6e00000, 0x00000000e6e00000, 0x00000000e6f00000|  0%| F|  |TAMS 0x00000000e6e00000, 0x00000000e6e00000| Untracked 
| 111|0x00000000e6f00000, 0x00000000e6f00000, 0x00000000e7000000|  0%| F|  |TAMS 0x00000000e6f00000, 0x00000000e6f00000| Untracked 
| 112|0x00000000e7000000, 0x00000000e7000000, 0x00000000e7100000|  0%| F|  |TAMS 0x00000000e7000000, 0x00000000e7000000| Untracked 
| 113|0x00000000e7100000, 0x00000000e7100000, 0x00000000e7200000|  0%| F|  |TAMS 0x00000000e7100000, 0x00000000e7100000| Untracked 
| 114|0x00000000e7200000, 0x00000000e7200000, 0x00000000e7300000|  0%| F|  |TAMS 0x00000000e7200000, 0x00000000e7200000| Untracked 
| 115|0x00000000e7300000, 0x00000000e7300000, 0x00000000e7400000|  0%| F|  |TAMS 0x00000000e7300000, 0x00000000e7300000| Untracked 
| 116|0x00000000e7400000, 0x00000000e7400000, 0x00000000e7500000|  0%| F|  |TAMS 0x00000000e7400000, 0x00000000e7400000| Untracked 
| 117|0x00000000e7500000, 0x00000000e7500000, 0x00000000e7600000|  0%| F|  |TAMS 0x00000000e7500000, 0x00000000e7500000| Untracked 
| 118|0x00000000e7600000, 0x00000000e7600000, 0x00000000e7700000|  0%| F|  |TAMS 0x00000000e7600000, 0x00000000e7600000| Untracked 
| 119|0x00000000e7700000, 0x00000000e7700000, 0x00000000e7800000|  0%| F|  |TAMS 0x00000000e7700000, 0x00000000e7700000| Untracked 
| 120|0x00000000e7800000, 0x00000000e7800000, 0x00000000e7900000|  0%| F|  |TAMS 0x00000000e7800000, 0x00000000e7800000| Untracked 
| 121|0x00000000e7900000, 0x00000000e7900000, 0x00000000e7a00000|  0%| F|  |TAMS 0x00000000e7900000, 0x00000000e7900000| Untracked 
| 122|0x00000000e7a00000, 0x00000000e7a00000, 0x00000000e7b00000|  0%| F|  |TAMS 0x00000000e7a00000, 0x00000000e7a00000| Untracked 
| 123|0x00000000e7b00000, 0x00000000e7b00000, 0x00000000e7c00000|  0%| F|  |TAMS 0x00000000e7b00000, 0x00000000e7b00000| Untracked 
| 124|0x00000000e7c00000, 0x00000000e7c00000, 0x00000000e7d00000|  0%| F|  |TAMS 0x00000000e7c00000, 0x00000000e7c00000| Untracked 
| 125|0x00000000e7d00000, 0x00000000e7d00000, 0x00000000e7e00000|  0%| F|  |TAMS 0x00000000e7d00000, 0x00000000e7d00000| Untracked 
| 126|0x00000000e7e00000, 0x00000000e7e00000, 0x00000000e7f00000|  0%| F|  |TAMS 0x00000000e7e00000, 0x00000000e7e00000| Untracked 
| 127|0x00000000e7f00000, 0x00000000e7f00000, 0x00000000e8000000|  0%| F|  |TAMS 0x00000000e7f00000, 0x00000000e7f00000| Untracked 
| 128|0x00000000e8000000, 0x00000000e8000000, 0x00000000e8100000|  0%| F|  |TAMS 0x00000000e8000000, 0x00000000e8000000| Untracked 
| 129|0x00000000e8100000, 0x00000000e8100000, 0x00000000e8200000|  0%| F|  |TAMS 0x00000000e8100000, 0x00000000e8100000| Untracked 
| 130|0x00000000e8200000, 0x00000000e8200000, 0x00000000e8300000|  0%| F|  |TAMS 0x00000000e8200000, 0x00000000e8200000| Untracked 
| 131|0x00000000e8300000, 0x00000000e8300000, 0x00000000e8400000|  0%| F|  |TAMS 0x00000000e8300000, 0x00000000e8300000| Untracked 
| 132|0x00000000e8400000, 0x00000000e8400000, 0x00000000e8500000|  0%| F|  |TAMS 0x00000000e8400000, 0x00000000e8400000| Untracked 
| 133|0x00000000e8500000, 0x00000000e8500000, 0x00000000e8600000|  0%| F|  |TAMS 0x00000000e8500000, 0x00000000e8500000| Untracked 
| 134|0x00000000e8600000, 0x00000000e8600000, 0x00000000e8700000|  0%| F|  |TAMS 0x00000000e8600000, 0x00000000e8600000| Untracked 
| 135|0x00000000e8700000, 0x00000000e8700000, 0x00000000e8800000|  0%| F|  |TAMS 0x00000000e8700000, 0x00000000e8700000| Untracked 
| 136|0x00000000e8800000, 0x00000000e8800000, 0x00000000e8900000|  0%| F|  |TAMS 0x00000000e8800000, 0x00000000e8800000| Untracked 
| 137|0x00000000e8900000, 0x00000000e8900000, 0x00000000e8a00000|  0%| F|  |TAMS 0x00000000e8900000, 0x00000000e8900000| Untracked 
| 138|0x00000000e8a00000, 0x00000000e8a00000, 0x00000000e8b00000|  0%| F|  |TAMS 0x00000000e8a00000, 0x00000000e8a00000| Untracked 
| 139|0x00000000e8b00000, 0x00000000e8b00000, 0x00000000e8c00000|  0%| F|  |TAMS 0x00000000e8b00000, 0x00000000e8b00000| Untracked 
| 140|0x00000000e8c00000, 0x00000000e8c00000, 0x00000000e8d00000|  0%| F|  |TAMS 0x00000000e8c00000, 0x00000000e8c00000| Untracked 
| 141|0x00000000e8d00000, 0x00000000e8d00000, 0x00000000e8e00000|  0%| F|  |TAMS 0x00000000e8d00000, 0x00000000e8d00000| Untracked 
| 142|0x00000000e8e00000, 0x00000000e8e00000, 0x00000000e8f00000|  0%| F|  |TAMS 0x00000000e8e00000, 0x00000000e8e00000| Untracked 
| 143|0x00000000e8f00000, 0x00000000e8f00000, 0x00000000e9000000|  0%| F|  |TAMS 0x00000000e8f00000, 0x00000000e8f00000| Untracked 
| 144|0x00000000e9000000, 0x00000000e9000000, 0x00000000e9100000|  0%| F|  |TAMS 0x00000000e9000000, 0x00000000e9000000| Untracked 
| 145|0x00000000e9100000, 0x00000000e9100000, 0x00000000e9200000|  0%| F|  |TAMS 0x00000000e9100000, 0x00000000e9100000| Untracked 
| 146|0x00000000e9200000, 0x00000000e9200000, 0x00000000e9300000|  0%| F|  |TAMS 0x00000000e9200000, 0x00000000e9200000| Untracked 
| 147|0x00000000e9300000, 0x00000000e9300000, 0x00000000e9400000|  0%| F|  |TAMS 0x00000000e9300000, 0x00000000e9300000| Untracked 
| 148|0x00000000e9400000, 0x00000000e9400000, 0x00000000e9500000|  0%| F|  |TAMS 0x00000000e9400000, 0x00000000e9400000| Untracked 
| 149|0x00000000e9500000, 0x00000000e9500000, 0x00000000e9600000|  0%| F|  |TAMS 0x00000000e9500000, 0x00000000e9500000| Untracked 
| 150|0x00000000e9600000, 0x00000000e96d3240, 0x00000000e9700000| 82%| S|CS|TAMS 0x00000000e9600000, 0x00000000e9600000| Complete 
| 151|0x00000000e9700000, 0x00000000e9800000, 0x00000000e9800000|100%| S|CS|TAMS 0x00000000e9700000, 0x00000000e9700000| Complete 
| 152|0x00000000e9800000, 0x00000000e9900000, 0x00000000e9900000|100%| S|CS|TAMS 0x00000000e9800000, 0x00000000e9800000| Complete 
| 153|0x00000000e9900000, 0x00000000e9a00000, 0x00000000e9a00000|100%| S|CS|TAMS 0x00000000e9900000, 0x00000000e9900000| Complete 
| 154|0x00000000e9a00000, 0x00000000e9b00000, 0x00000000e9b00000|100%| S|CS|TAMS 0x00000000e9a00000, 0x00000000e9a00000| Complete 
| 155|0x00000000e9b00000, 0x00000000e9c00000, 0x00000000e9c00000|100%| S|CS|TAMS 0x00000000e9b00000, 0x00000000e9b00000| Complete 
| 156|0x00000000e9c00000, 0x00000000e9d00000, 0x00000000e9d00000|100%| S|CS|TAMS 0x00000000e9c00000, 0x00000000e9c00000| Complete 
| 157|0x00000000e9d00000, 0x00000000e9e00000, 0x00000000e9e00000|100%| S|CS|TAMS 0x00000000e9d00000, 0x00000000e9d00000| Complete 
| 158|0x00000000e9e00000, 0x00000000e9f00000, 0x00000000e9f00000|100%| S|CS|TAMS 0x00000000e9e00000, 0x00000000e9e00000| Complete 
| 159|0x00000000e9f00000, 0x00000000ea000000, 0x00000000ea000000|100%| S|CS|TAMS 0x00000000e9f00000, 0x00000000e9f00000| Complete 
| 160|0x00000000ea000000, 0x00000000ea100000, 0x00000000ea100000|100%| S|CS|TAMS 0x00000000ea000000, 0x00000000ea000000| Complete 
| 161|0x00000000ea100000, 0x00000000ea100000, 0x00000000ea200000|  0%| F|  |TAMS 0x00000000ea100000, 0x00000000ea100000| Untracked 
| 162|0x00000000ea200000, 0x00000000ea200000, 0x00000000ea300000|  0%| F|  |TAMS 0x00000000ea200000, 0x00000000ea200000| Untracked 
| 163|0x00000000ea300000, 0x00000000ea300000, 0x00000000ea400000|  0%| F|  |TAMS 0x00000000ea300000, 0x00000000ea300000| Untracked 
| 164|0x00000000ea400000, 0x00000000ea400000, 0x00000000ea500000|  0%| F|  |TAMS 0x00000000ea400000, 0x00000000ea400000| Untracked 
| 165|0x00000000ea500000, 0x00000000ea500000, 0x00000000ea600000|  0%| F|  |TAMS 0x00000000ea500000, 0x00000000ea500000| Untracked 
| 166|0x00000000ea600000, 0x00000000ea600000, 0x00000000ea700000|  0%| F|  |TAMS 0x00000000ea600000, 0x00000000ea600000| Untracked 
| 167|0x00000000ea700000, 0x00000000ea700000, 0x00000000ea800000|  0%| F|  |TAMS 0x00000000ea700000, 0x00000000ea700000| Untracked 
| 168|0x00000000ea800000, 0x00000000ea800000, 0x00000000ea900000|  0%| F|  |TAMS 0x00000000ea800000, 0x00000000ea800000| Untracked 
| 169|0x00000000ea900000, 0x00000000ea900000, 0x00000000eaa00000|  0%| F|  |TAMS 0x00000000ea900000, 0x00000000ea900000| Untracked 
| 170|0x00000000eaa00000, 0x00000000eaa00000, 0x00000000eab00000|  0%| F|  |TAMS 0x00000000eaa00000, 0x00000000eaa00000| Untracked 
| 171|0x00000000eab00000, 0x00000000eab00000, 0x00000000eac00000|  0%| F|  |TAMS 0x00000000eab00000, 0x00000000eab00000| Untracked 
| 172|0x00000000eac00000, 0x00000000eac00000, 0x00000000ead00000|  0%| F|  |TAMS 0x00000000eac00000, 0x00000000eac00000| Untracked 
| 173|0x00000000ead00000, 0x00000000ead00000, 0x00000000eae00000|  0%| F|  |TAMS 0x00000000ead00000, 0x00000000ead00000| Untracked 
| 174|0x00000000eae00000, 0x00000000eae00000, 0x00000000eaf00000|  0%| F|  |TAMS 0x00000000eae00000, 0x00000000eae00000| Untracked 
| 175|0x00000000eaf00000, 0x00000000eaf00000, 0x00000000eb000000|  0%| F|  |TAMS 0x00000000eaf00000, 0x00000000eaf00000| Untracked 
| 176|0x00000000eb000000, 0x00000000eb000000, 0x00000000eb100000|  0%| F|  |TAMS 0x00000000eb000000, 0x00000000eb000000| Untracked 
| 177|0x00000000eb100000, 0x00000000eb100000, 0x00000000eb200000|  0%| F|  |TAMS 0x00000000eb100000, 0x00000000eb100000| Untracked 
| 178|0x00000000eb200000, 0x00000000eb200000, 0x00000000eb300000|  0%| F|  |TAMS 0x00000000eb200000, 0x00000000eb200000| Untracked 
| 179|0x00000000eb300000, 0x00000000eb300000, 0x00000000eb400000|  0%| F|  |TAMS 0x00000000eb300000, 0x00000000eb300000| Untracked 
| 180|0x00000000eb400000, 0x00000000eb400000, 0x00000000eb500000|  0%| F|  |TAMS 0x00000000eb400000, 0x00000000eb400000| Untracked 
| 181|0x00000000eb500000, 0x00000000eb500000, 0x00000000eb600000|  0%| F|  |TAMS 0x00000000eb500000, 0x00000000eb500000| Untracked 
| 182|0x00000000eb600000, 0x00000000eb600000, 0x00000000eb700000|  0%| F|  |TAMS 0x00000000eb600000, 0x00000000eb600000| Untracked 
| 183|0x00000000eb700000, 0x00000000eb700000, 0x00000000eb800000|  0%| F|  |TAMS 0x00000000eb700000, 0x00000000eb700000| Untracked 
| 184|0x00000000eb800000, 0x00000000eb800000, 0x00000000eb900000|  0%| F|  |TAMS 0x00000000eb800000, 0x00000000eb800000| Untracked 
| 185|0x00000000eb900000, 0x00000000eb900000, 0x00000000eba00000|  0%| F|  |TAMS 0x00000000eb900000, 0x00000000eb900000| Untracked 
| 186|0x00000000eba00000, 0x00000000eba00000, 0x00000000ebb00000|  0%| F|  |TAMS 0x00000000eba00000, 0x00000000eba00000| Untracked 
| 187|0x00000000ebb00000, 0x00000000ebb00000, 0x00000000ebc00000|  0%| F|  |TAMS 0x00000000ebb00000, 0x00000000ebb00000| Untracked 
| 188|0x00000000ebc00000, 0x00000000ebc00000, 0x00000000ebd00000|  0%| F|  |TAMS 0x00000000ebc00000, 0x00000000ebc00000| Untracked 
| 189|0x00000000ebd00000, 0x00000000ebd00000, 0x00000000ebe00000|  0%| F|  |TAMS 0x00000000ebd00000, 0x00000000ebd00000| Untracked 
| 190|0x00000000ebe00000, 0x00000000ebe00000, 0x00000000ebf00000|  0%| F|  |TAMS 0x00000000ebe00000, 0x00000000ebe00000| Untracked 
| 191|0x00000000ebf00000, 0x00000000ebf00000, 0x00000000ec000000|  0%| F|  |TAMS 0x00000000ebf00000, 0x00000000ebf00000| Untracked 
| 192|0x00000000ec000000, 0x00000000ec000000, 0x00000000ec100000|  0%| F|  |TAMS 0x00000000ec000000, 0x00000000ec000000| Untracked 
| 193|0x00000000ec100000, 0x00000000ec100000, 0x00000000ec200000|  0%| F|  |TAMS 0x00000000ec100000, 0x00000000ec100000| Untracked 
| 194|0x00000000ec200000, 0x00000000ec200000, 0x00000000ec300000|  0%| F|  |TAMS 0x00000000ec200000, 0x00000000ec200000| Untracked 
| 195|0x00000000ec300000, 0x00000000ec300000, 0x00000000ec400000|  0%| F|  |TAMS 0x00000000ec300000, 0x00000000ec300000| Untracked 
| 196|0x00000000ec400000, 0x00000000ec400000, 0x00000000ec500000|  0%| F|  |TAMS 0x00000000ec400000, 0x00000000ec400000| Untracked 
| 197|0x00000000ec500000, 0x00000000ec500000, 0x00000000ec600000|  0%| F|  |TAMS 0x00000000ec500000, 0x00000000ec500000| Untracked 
| 198|0x00000000ec600000, 0x00000000ec600000, 0x00000000ec700000|  0%| F|  |TAMS 0x00000000ec600000, 0x00000000ec600000| Untracked 
| 199|0x00000000ec700000, 0x00000000ec700000, 0x00000000ec800000|  0%| F|  |TAMS 0x00000000ec700000, 0x00000000ec700000| Untracked 
| 200|0x00000000ec800000, 0x00000000ec800000, 0x00000000ec900000|  0%| F|  |TAMS 0x00000000ec800000, 0x00000000ec800000| Untracked 
| 201|0x00000000ec900000, 0x00000000ec900000, 0x00000000eca00000|  0%| F|  |TAMS 0x00000000ec900000, 0x00000000ec900000| Untracked 
| 202|0x00000000eca00000, 0x00000000eca00000, 0x00000000ecb00000|  0%| F|  |TAMS 0x00000000eca00000, 0x00000000eca00000| Untracked 
| 203|0x00000000ecb00000, 0x00000000ecb00000, 0x00000000ecc00000|  0%| F|  |TAMS 0x00000000ecb00000, 0x00000000ecb00000| Untracked 
| 204|0x00000000ecc00000, 0x00000000ecc00000, 0x00000000ecd00000|  0%| F|  |TAMS 0x00000000ecc00000, 0x00000000ecc00000| Untracked 
| 205|0x00000000ecd00000, 0x00000000ecd00000, 0x00000000ece00000|  0%| F|  |TAMS 0x00000000ecd00000, 0x00000000ecd00000| Untracked 
| 206|0x00000000ece00000, 0x00000000ece00000, 0x00000000ecf00000|  0%| F|  |TAMS 0x00000000ece00000, 0x00000000ece00000| Untracked 
| 207|0x00000000ecf00000, 0x00000000ecf00000, 0x00000000ed000000|  0%| F|  |TAMS 0x00000000ecf00000, 0x00000000ecf00000| Untracked 
| 208|0x00000000ed000000, 0x00000000ed000000, 0x00000000ed100000|  0%| F|  |TAMS 0x00000000ed000000, 0x00000000ed000000| Untracked 
| 209|0x00000000ed100000, 0x00000000ed100000, 0x00000000ed200000|  0%| F|  |TAMS 0x00000000ed100000, 0x00000000ed100000| Untracked 
| 210|0x00000000ed200000, 0x00000000ed200000, 0x00000000ed300000|  0%| F|  |TAMS 0x00000000ed200000, 0x00000000ed200000| Untracked 
| 211|0x00000000ed300000, 0x00000000ed300000, 0x00000000ed400000|  0%| F|  |TAMS 0x00000000ed300000, 0x00000000ed300000| Untracked 
| 212|0x00000000ed400000, 0x00000000ed400000, 0x00000000ed500000|  0%| F|  |TAMS 0x00000000ed400000, 0x00000000ed400000| Untracked 
| 213|0x00000000ed500000, 0x00000000ed500000, 0x00000000ed600000|  0%| F|  |TAMS 0x00000000ed500000, 0x00000000ed500000| Untracked 
| 214|0x00000000ed600000, 0x00000000ed600000, 0x00000000ed700000|  0%| F|  |TAMS 0x00000000ed600000, 0x00000000ed600000| Untracked 
| 215|0x00000000ed700000, 0x00000000ed800000, 0x00000000ed800000|100%| E|  |TAMS 0x00000000ed700000, 0x00000000ed700000| Complete 
| 216|0x00000000ed800000, 0x00000000ed900000, 0x00000000ed900000|100%| E|CS|TAMS 0x00000000ed800000, 0x00000000ed800000| Complete 
| 217|0x00000000ed900000, 0x00000000eda00000, 0x00000000eda00000|100%| E|CS|TAMS 0x00000000ed900000, 0x00000000ed900000| Complete 
| 218|0x00000000eda00000, 0x00000000edb00000, 0x00000000edb00000|100%| E|CS|TAMS 0x00000000eda00000, 0x00000000eda00000| Complete 
| 219|0x00000000edb00000, 0x00000000edc00000, 0x00000000edc00000|100%| E|CS|TAMS 0x00000000edb00000, 0x00000000edb00000| Complete 
| 220|0x00000000edc00000, 0x00000000edd00000, 0x00000000edd00000|100%| E|CS|TAMS 0x00000000edc00000, 0x00000000edc00000| Complete 
| 221|0x00000000edd00000, 0x00000000ede00000, 0x00000000ede00000|100%| E|CS|TAMS 0x00000000edd00000, 0x00000000edd00000| Complete 
| 222|0x00000000ede00000, 0x00000000edf00000, 0x00000000edf00000|100%| E|CS|TAMS 0x00000000ede00000, 0x00000000ede00000| Complete 
| 223|0x00000000edf00000, 0x00000000ee000000, 0x00000000ee000000|100%| E|CS|TAMS 0x00000000edf00000, 0x00000000edf00000| Complete 
| 224|0x00000000ee000000, 0x00000000ee100000, 0x00000000ee100000|100%| E|CS|TAMS 0x00000000ee000000, 0x00000000ee000000| Complete 
| 225|0x00000000ee100000, 0x00000000ee200000, 0x00000000ee200000|100%| E|CS|TAMS 0x00000000ee100000, 0x00000000ee100000| Complete 
| 226|0x00000000ee200000, 0x00000000ee300000, 0x00000000ee300000|100%| E|CS|TAMS 0x00000000ee200000, 0x00000000ee200000| Complete 
| 227|0x00000000ee300000, 0x00000000ee400000, 0x00000000ee400000|100%| E|CS|TAMS 0x00000000ee300000, 0x00000000ee300000| Complete 
| 228|0x00000000ee400000, 0x00000000ee500000, 0x00000000ee500000|100%| E|CS|TAMS 0x00000000ee400000, 0x00000000ee400000| Complete 
| 229|0x00000000ee500000, 0x00000000ee600000, 0x00000000ee600000|100%| E|CS|TAMS 0x00000000ee500000, 0x00000000ee500000| Complete 
| 230|0x00000000ee600000, 0x00000000ee700000, 0x00000000ee700000|100%| E|CS|TAMS 0x00000000ee600000, 0x00000000ee600000| Complete 
| 231|0x00000000ee700000, 0x00000000ee800000, 0x00000000ee800000|100%| E|CS|TAMS 0x00000000ee700000, 0x00000000ee700000| Complete 
| 232|0x00000000ee800000, 0x00000000ee900000, 0x00000000ee900000|100%| E|CS|TAMS 0x00000000ee800000, 0x00000000ee800000| Complete 
| 233|0x00000000ee900000, 0x00000000eea00000, 0x00000000eea00000|100%| E|CS|TAMS 0x00000000ee900000, 0x00000000ee900000| Complete 
| 234|0x00000000eea00000, 0x00000000eeb00000, 0x00000000eeb00000|100%| E|CS|TAMS 0x00000000eea00000, 0x00000000eea00000| Complete 
| 235|0x00000000eeb00000, 0x00000000eec00000, 0x00000000eec00000|100%| E|CS|TAMS 0x00000000eeb00000, 0x00000000eeb00000| Complete 
| 236|0x00000000eec00000, 0x00000000eed00000, 0x00000000eed00000|100%| E|CS|TAMS 0x00000000eec00000, 0x00000000eec00000| Complete 
| 237|0x00000000eed00000, 0x00000000eee00000, 0x00000000eee00000|100%| E|CS|TAMS 0x00000000eed00000, 0x00000000eed00000| Complete 
| 238|0x00000000eee00000, 0x00000000eef00000, 0x00000000eef00000|100%| E|CS|TAMS 0x00000000eee00000, 0x00000000eee00000| Complete 
| 239|0x00000000eef00000, 0x00000000ef000000, 0x00000000ef000000|100%| E|CS|TAMS 0x00000000eef00000, 0x00000000eef00000| Complete 
| 240|0x00000000ef000000, 0x00000000ef100000, 0x00000000ef100000|100%| E|CS|TAMS 0x00000000ef000000, 0x00000000ef000000| Complete 
| 241|0x00000000ef100000, 0x00000000ef200000, 0x00000000ef200000|100%| E|CS|TAMS 0x00000000ef100000, 0x00000000ef100000| Complete 
| 242|0x00000000ef200000, 0x00000000ef300000, 0x00000000ef300000|100%| E|CS|TAMS 0x00000000ef200000, 0x00000000ef200000| Complete 
| 243|0x00000000ef300000, 0x00000000ef400000, 0x00000000ef400000|100%| E|CS|TAMS 0x00000000ef300000, 0x00000000ef300000| Complete 
| 244|0x00000000ef400000, 0x00000000ef500000, 0x00000000ef500000|100%| E|CS|TAMS 0x00000000ef400000, 0x00000000ef400000| Complete 
| 245|0x00000000ef500000, 0x00000000ef600000, 0x00000000ef600000|100%| E|CS|TAMS 0x00000000ef500000, 0x00000000ef500000| Complete 
| 246|0x00000000ef600000, 0x00000000ef700000, 0x00000000ef700000|100%| E|CS|TAMS 0x00000000ef600000, 0x00000000ef600000| Complete 
| 247|0x00000000ef700000, 0x00000000ef800000, 0x00000000ef800000|100%| E|CS|TAMS 0x00000000ef700000, 0x00000000ef700000| Complete 
| 248|0x00000000ef800000, 0x00000000ef900000, 0x00000000ef900000|100%| E|CS|TAMS 0x00000000ef800000, 0x00000000ef800000| Complete 
| 249|0x00000000ef900000, 0x00000000efa00000, 0x00000000efa00000|100%| E|CS|TAMS 0x00000000ef900000, 0x00000000ef900000| Complete 
| 250|0x00000000efa00000, 0x00000000efb00000, 0x00000000efb00000|100%| E|CS|TAMS 0x00000000efa00000, 0x00000000efa00000| Complete 
| 251|0x00000000efb00000, 0x00000000efc00000, 0x00000000efc00000|100%| E|CS|TAMS 0x00000000efb00000, 0x00000000efb00000| Complete 
| 252|0x00000000efc00000, 0x00000000efd00000, 0x00000000efd00000|100%| E|CS|TAMS 0x00000000efc00000, 0x00000000efc00000| Complete 
| 253|0x00000000efd00000, 0x00000000efe00000, 0x00000000efe00000|100%| E|CS|TAMS 0x00000000efd00000, 0x00000000efd00000| Complete 
| 254|0x00000000efe00000, 0x00000000eff00000, 0x00000000eff00000|100%| E|CS|TAMS 0x00000000efe00000, 0x00000000efe00000| Complete 
| 255|0x00000000eff00000, 0x00000000f0000000, 0x00000000f0000000|100%| E|CS|TAMS 0x00000000eff00000, 0x00000000eff00000| Complete 

Card table byte_map: [0x000002a9dbb30000,0x000002a9dbc30000] _byte_map_base: 0x000002a9db430000

Marking Bits (Prev, Next): (CMBitMap*) 0x000002a9c55204d8, (CMBitMap*) 0x000002a9c5520510
 Prev Bits: [0x000002a9dbd30000, 0x000002a9dc530000)
 Next Bits: [0x000002a9dc530000, 0x000002a9dcd30000)

Polling page: 0x000002a9c33a0000

Metaspace:

Usage:
  Non-class:     42.42 MB capacity,    41.74 MB ( 98%) used,   617.66 KB (  1%) free+waste,    79.13 KB ( <1%) overhead. 
      Class:      6.40 MB capacity,     6.07 MB ( 95%) used,   296.36 KB (  5%) free+waste,    37.13 KB ( <1%) overhead. 
       Both:     48.81 MB capacity,    47.81 MB ( 98%) used,   914.02 KB (  2%) free+waste,   116.25 KB ( <1%) overhead. 

Virtual space:
  Non-class space:       44.00 MB reserved,      42.50 MB ( 97%) committed 
      Class space:      248.00 MB reserved,       6.50 MB (  3%) committed 
             Both:      292.00 MB reserved,      49.00 MB ( 17%) committed 

Chunk freelists:
   Non-Class:  2.75 KB
       Class:  1.00 KB
        Both:  3.75 KB

CodeHeap 'non-profiled nmethods': size=120064Kb used=2297Kb max_used=2297Kb free=117766Kb
 bounds [0x000002a9d45f0000, 0x000002a9d4860000, 0x000002a9dbb30000]
CodeHeap 'profiled nmethods': size=120000Kb used=8867Kb max_used=8867Kb free=111132Kb
 bounds [0x000002a9cd0c0000, 0x000002a9cd970000, 0x000002a9d45f0000]
CodeHeap 'non-nmethods': size=5696Kb used=2233Kb max_used=2258Kb free=3462Kb
 bounds [0x000002a9ccb30000, 0x000002a9ccda0000, 0x000002a9cd0c0000]
 total_blobs=5155 nmethods=4344 adapters=722
 compilation: enabled
              stopped_count=0, restarted_count=0
 full_count=0

Compilation events (10 events):
Event: 19.857 Thread 0x000002a9df350000 nmethod 4310% 0x000002a9d482af90 code [0x000002a9d482b120, 0x000002a9d482b3d8]
Event: 19.857 Thread 0x000002a9df350000 4298   !   4       java.util.jar.Attributes::read (390 bytes)
Event: 19.857 Thread 0x000002a9df35f800 4313       3       sun.security.util.ObjectIdentifier::pack7Oid (84 bytes)
Event: 19.858 Thread 0x000002a9df35f800 nmethod 4313 0x000002a9cd952b10 code [0x000002a9cd952ce0, 0x000002a9cd953018]
Event: 19.858 Thread 0x000002a9df35f800 4314       3       sun.security.util.ObjectIdentifier::pack (219 bytes)
Event: 19.859 Thread 0x000002a9df35f800 nmethod 4314 0x000002a9cd953190 code [0x000002a9cd953360, 0x000002a9cd953968]
Event: 19.859 Thread 0x000002a9df35f800 4312       3       sun.security.util.ObjectIdentifier::pack7Oid (42 bytes)
Event: 19.859 Thread 0x000002a9df35f800 nmethod 4312 0x000002a9cd953c10 code [0x000002a9cd953dc0, 0x000002a9cd953fa8]
Event: 19.871 Thread 0x000002a9df35f800 4316  s    3       java.io.ByteArrayInputStream::read (36 bytes)
Event: 19.871 Thread 0x000002a9df35f800 nmethod 4316 0x000002a9cd954090 code [0x000002a9cd954240, 0x000002a9cd954538]

GC Heap History (10 events):
Event: 4.446 GC heap before
{Heap before GC invocations=3 (full 0):
 garbage-first heap   total 262144K, used 57039K [0x00000000e0000000, 0x0000000100000000)
  region size 1024K, 47 young (48128K), 4 survivors (4096K)
 Metaspace       used 20195K, capacity 20570K, committed 20736K, reserved 272384K
  class space    used 2554K, capacity 2719K, committed 2816K, reserved 253952K
}
Event: 4.453 GC heap after
{Heap after GC invocations=4 (full 0):
 garbage-first heap   total 262144K, used 15213K [0x00000000e0000000, 0x0000000100000000)
  region size 1024K, 3 young (3072K), 3 survivors (3072K)
 Metaspace       used 20195K, capacity 20570K, committed 20736K, reserved 272384K
  class space    used 2554K, capacity 2719K, committed 2816K, reserved 253952K
}
Event: 4.562 GC heap before
{Heap before GC invocations=4 (full 0):
 garbage-first heap   total 262144K, used 17261K [0x00000000e0000000, 0x0000000100000000)
  region size 1024K, 6 young (6144K), 3 survivors (3072K)
 Metaspace       used 20792K, capacity 21123K, committed 21248K, reserved 272384K
  class space    used 2623K, capacity 2754K, committed 2816K, reserved 253952K
}
Event: 4.566 GC heap after
{Heap after GC invocations=5 (full 0):
 garbage-first heap   total 262144K, used 15341K [0x00000000e0000000, 0x0000000100000000)
  region size 1024K, 3 young (3072K), 3 survivors (3072K)
 Metaspace       used 20792K, capacity 21123K, committed 21248K, reserved 272384K
  class space    used 2623K, capacity 2754K, committed 2816K, reserved 253952K
}
Event: 6.955 GC heap before
{Heap before GC invocations=6 (full 0):
 garbage-first heap   total 262144K, used 78829K [0x00000000e0000000, 0x0000000100000000)
  region size 1024K, 63 young (64512K), 3 survivors (3072K)
 Metaspace       used 31675K, capacity 32266K, committed 32512K, reserved 282624K
  class space    used 3851K, capacity 4059K, committed 4096K, reserved 253952K
}
Event: 6.966 GC heap after
{Heap after GC invocations=7 (full 0):
 garbage-first heap   total 262144K, used 19965K [0x00000000e0000000, 0x0000000100000000)
  region size 1024K, 7 young (7168K), 7 survivors (7168K)
 Metaspace       used 31675K, capacity 32266K, committed 32512K, reserved 282624K
  class space    used 3851K, capacity 4059K, committed 4096K, reserved 253952K
}
Event: 16.666 GC heap before
{Heap before GC invocations=7 (full 0):
 garbage-first heap   total 262144K, used 55805K [0x00000000e0000000, 0x0000000100000000)
  region size 1024K, 44 young (45056K), 7 survivors (7168K)
 Metaspace       used 35141K, capacity 35692K, committed 35840K, reserved 286720K
  class space    used 4385K, capacity 4580K, committed 4608K, reserved 253952K
}
Event: 16.680 GC heap after
{Heap after GC invocations=8 (full 0):
 garbage-first heap   total 262144K, used 22589K [0x00000000e0000000, 0x0000000100000000)
  region size 1024K, 10 young (10240K), 10 survivors (10240K)
 Metaspace       used 35141K, capacity 35692K, committed 35840K, reserved 286720K
  class space    used 4385K, capacity 4580K, committed 4608K, reserved 253952K
}
Event: 18.809 GC heap before
{Heap before GC invocations=9 (full 0):
 garbage-first heap   total 262144K, used 113725K [0x00000000e0000000, 0x0000000100000000)
  region size 1024K, 95 young (97280K), 10 survivors (10240K)
 Metaspace       used 40908K, capacity 41721K, committed 41856K, reserved 290816K
  class space    used 5239K, capacity 5498K, committed 5504K, reserved 253952K
}
Event: 18.832 GC heap after
{Heap after GC invocations=10 (full 0):
 garbage-first heap   total 262144K, used 36052K [0x00000000e0000000, 0x0000000100000000)
  region size 1024K, 11 young (11264K), 11 survivors (11264K)
 Metaspace       used 40908K, capacity 41721K, committed 41856K, reserved 290816K
  class space    used 5239K, capacity 5498K, committed 5504K, reserved 253952K
}

Deoptimization events (10 events):
Event: 18.693 Thread 0x000002a9e1123000 Uncommon trap: reason=unstable_if action=reinterpret pc=0x000002a9d464c1e0 method=java.util.jar.JarFile.match([B[B[B[B)I @ 52 c2
Event: 18.889 Thread 0x000002a9e1123000 Uncommon trap: reason=intrinsic_or_type_checked_inlining action=make_not_entrant pc=0x000002a9d47fcaa0 method=java.util.ArrayList.toArray([Ljava/lang/Object;)[Ljava/lang/Object; @ 36 c2
Event: 19.006 Thread 0x000002a9e1123000 Uncommon trap: reason=class_check action=maybe_recompile pc=0x000002a9d47d7e68 method=java.io.BufferedInputStream.read1([BII)I @ 39 c2
Event: 19.006 Thread 0x000002a9e1123000 Uncommon trap: reason=class_check action=maybe_recompile pc=0x000002a9d47d7e68 method=java.io.BufferedInputStream.read1([BII)I @ 39 c2
Event: 19.006 Thread 0x000002a9e1123000 Uncommon trap: reason=class_check action=maybe_recompile pc=0x000002a9d47d7e68 method=java.io.BufferedInputStream.read1([BII)I @ 39 c2
Event: 19.511 Thread 0x000002a9e1123000 Uncommon trap: reason=unstable_if action=reinterpret pc=0x000002a9d48145e8 method=jdk.internal.org.objectweb.asm.Frame.push(Ljdk/internal/org/objectweb/asm/ClassWriter;Ljava/lang/String;)V @ 18 c2
Event: 19.622 Thread 0x000002a9e1123000 Uncommon trap: reason=unstable_if action=reinterpret pc=0x000002a9d47c3d04 method=java.lang.String.equalsIgnoreCase(Ljava/lang/String;)Z @ 36 c2
Event: 19.830 Thread 0x000002a9e1123000 Uncommon trap: reason=unstable_if action=reinterpret pc=0x000002a9d4752cd8 method=java.util.jar.JarFile.maybeInstantiateVerifier()V @ 91 c2
Event: 19.832 Thread 0x000002a9e1123000 Uncommon trap: reason=unstable_if action=reinterpret pc=0x000002a9d462e074 method=java.util.jar.Manifest$FastInputStream.readLine([BII)I @ 130 c2
Event: 19.845 Thread 0x000002a9e1123000 Uncommon trap: reason=unstable_if action=reinterpret pc=0x000002a9d4724558 method=java.lang.ThreadLocal.get()Ljava/lang/Object; @ 11 c2

Classes redefined (0 events):
No events

Internal exceptions (10 events):
Event: 19.080 Thread 0x000002a9e1123000 Exception <a 'java/lang/IncompatibleClassChangeError'{0x00000000ef7d2ea8}: Found class java.lang.Object, but interface was expected> (0x00000000ef7d2ea8) thrown at [./open/src/hotspot/share/interpreter/linkResolver.cpp, line 838]
Event: 19.201 Thread 0x000002a9e1123000 Exception <a 'java/lang/NoSuchMethodError'{0x00000000ef5d11e8}: java.lang.invoke.DirectMethodHandle$Holder.invokeInterface(Ljava/lang/Object;Ljava/lang/Object;)V> (0x00000000ef5d11e8) thrown at [./open/src/hotspot/share/interpreter/linkResolver.cpp, line 
Event: 19.511 Thread 0x000002a9e1123000 Exception <a 'java/lang/NoSuchMethodError'{0x00000000eea93f88}: java.lang.invoke.DirectMethodHandle$Holder.invokeSpecial(Ljava/lang/Object;Ljava/lang/Object;)J> (0x00000000eea93f88) thrown at [./open/src/hotspot/share/interpreter/linkResolver.cpp, line 77
Event: 19.567 Thread 0x000002a9e1123000 Exception <a 'java/lang/NoSuchMethodError'{0x00000000ee716168}: java.lang.invoke.DirectMethodHandle$Holder.invokeStatic(Ljava/lang/Object;Ljava/lang/Object;Ljava/lang/Object;Ljava/lang/Object;)V> (0x00000000ee716168) thrown at [./open/src/hotspot/share/in
Event: 19.578 Thread 0x000002a9e1123000 Exception <a 'java/lang/NoSuchMethodError'{0x00000000ee799e40}: java.lang.invoke.DirectMethodHandle$Holder.invokeSpecial(Ljava/lang/Object;Ljava/lang/Object;)V> (0x00000000ee799e40) thrown at [./open/src/hotspot/share/interpreter/linkResolver.cpp, line 77
Event: 19.612 Thread 0x000002a9e1123000 Exception <a 'sun/nio/fs/WindowsException'{0x00000000ee553698}> (0x00000000ee553698) thrown at [./open/src/hotspot/share/prims/jni.cpp, line 611]
Event: 19.661 Thread 0x000002a9e1123000 Exception <a 'java/lang/NoSuchMethodError'{0x00000000ee2144a8}: java.lang.invoke.DirectMethodHandle$Holder.invokeSpecial(Ljava/lang/Object;Ljava/lang/Object;Ljava/lang/Object;Ljava/lang/Object;Ljava/lang/Object;Ljava/lang/Object;Ljava/lang/Object;Ljava/la
Event: 19.662 Thread 0x000002a9e1123000 Exception <a 'java/lang/NoSuchMethodError'{0x00000000ee21e778}: java.lang.invoke.DirectMethodHandle$Holder.invokeSpecial(Ljava/lang/Object;Ljava/lang/Object;Ljava/lang/Object;Ljava/lang/Object;Ljava/lang/Object;Ljava/lang/Object;Ljava/lang/Object;Ljava/la
Event: 19.662 Thread 0x000002a9e1123000 Exception <a 'java/lang/NoSuchMethodError'{0x00000000ee223748}: java.lang.invoke.Invokers$Holder.invoker(Ljava/lang/Object;Ljava/lang/Object;Ljava/lang/Object;Ljava/lang/Object;Ljava/lang/Object;Ljava/lang/Object;Ljava/lang/Object;Ljava/lang/Object;Ljava/
Event: 19.845 Thread 0x000002a9e1123000 Implicit null exception at 0x000002a9d472446b to 0x000002a9d4724544

Events (10 events):
Event: 19.872 loading class java/security/PublicKey
Event: 19.872 loading class java/security/PublicKey done
Event: 19.872 loading class sun/security/x509/X509Key done
Event: 19.872 loading class java/security/AlgorithmParameters
Event: 19.873 loading class java/security/AlgorithmParameters done
Event: 19.873 loading class java/security/AlgorithmParametersSpi
Event: 19.873 loading class java/security/AlgorithmParametersSpi done
Event: 19.873 loading class sun/security/provider/DSAParameters
Event: 19.873 loading class sun/security/provider/DSAParameters done
Event: 19.874 loading class sun/security/util/BitArray


Dynamic libraries:
0x00007ff6f6eb0000 - 0x00007ff6f6ebf000 	C:\Program Files\Java\jdk-11.0.13\bin\java.exe
0x00007ffc78a70000 - 0x00007ffc78c68000 	C:\Windows\SYSTEM32\ntdll.dll
0x00007ffc77250000 - 0x00007ffc7730d000 	C:\Windows\System32\KERNEL32.DLL
0x00007ffc76750000 - 0x00007ffc76a1e000 	C:\Windows\System32\KERNELBASE.dll
0x00007ffc76230000 - 0x00007ffc76330000 	C:\Windows\System32\ucrtbase.dll
0x00007ffc63d10000 - 0x00007ffc63d28000 	C:\Program Files\Java\jdk-11.0.13\bin\jli.dll
0x00007ffc63a00000 - 0x00007ffc63a15000 	C:\Program Files\Java\jdk-11.0.13\bin\VCRUNTIME140.dll
0x00007ffc78240000 - 0x00007ffc782ee000 	C:\Windows\System32\ADVAPI32.dll
0x00007ffc78620000 - 0x00007ffc786be000 	C:\Windows\System32\msvcrt.dll
0x00007ffc77da0000 - 0x00007ffc77e3c000 	C:\Windows\System32\sechost.dll
0x00007ffc788a0000 - 0x00007ffc789c5000 	C:\Windows\System32\RPCRT4.dll
0x00007ffc77b50000 - 0x00007ffc77cf0000 	C:\Windows\System32\USER32.dll
0x00007ffc76720000 - 0x00007ffc76742000 	C:\Windows\System32\win32u.dll
0x00007ffc78210000 - 0x00007ffc7823a000 	C:\Windows\System32\GDI32.dll
0x00007ffc75590000 - 0x00007ffc7582a000 	C:\Windows\WinSxS\amd64_microsoft.windows.common-controls_6595b64144ccf1df_6.0.19041.1110_none_60b5254171f9507e\COMCTL32.dll
0x00007ffc76380000 - 0x00007ffc7648b000 	C:\Windows\System32\gdi32full.dll
0x00007ffc76190000 - 0x00007ffc7622d000 	C:\Windows\System32\msvcp_win.dll
0x00007ffc65800000 - 0x00007ffc6580a000 	C:\Windows\SYSTEM32\VERSION.dll
0x00007ffc784d0000 - 0x00007ffc78500000 	C:\Windows\System32\IMM32.DLL
0x00007ffc5dda0000 - 0x00007ffc5de3b000 	C:\Program Files\Java\jdk-11.0.13\bin\msvcp140.dll
0x00007ffc2e970000 - 0x00007ffc2f483000 	C:\Program Files\Java\jdk-11.0.13\bin\server\jvm.dll
0x00007ffc78890000 - 0x00007ffc78898000 	C:\Windows\System32\PSAPI.DLL
0x00007ffc70fd0000 - 0x00007ffc70fd9000 	C:\Windows\SYSTEM32\WSOCK32.dll
0x00007ffc68870000 - 0x00007ffc68897000 	C:\Windows\SYSTEM32\WINMM.dll
0x00007ffc786c0000 - 0x00007ffc7872b000 	C:\Windows\System32\WS2_32.dll
0x00007ffc732f0000 - 0x00007ffc73302000 	C:\Windows\SYSTEM32\kernel.appcore.dll
0x00007ffc70f20000 - 0x00007ffc70f30000 	C:\Program Files\Java\jdk-11.0.13\bin\verify.dll
0x00007ffc75b90000 - 0x00007ffc75d74000 	C:\Windows\SYSTEM32\DBGHELP.DLL
0x00007ffc75940000 - 0x00007ffc7596c000 	C:\Windows\SYSTEM32\dbgcore.DLL
0x00007ffc76490000 - 0x00007ffc76512000 	C:\Windows\System32\bcryptPrimitives.dll
0x00007ffc62850000 - 0x00007ffc62878000 	C:\Program Files\Java\jdk-11.0.13\bin\java.dll
0x00007ffc70ef0000 - 0x00007ffc70efa000 	C:\Program Files\Java\jdk-11.0.13\bin\jimage.dll
0x00007ffc62830000 - 0x00007ffc62846000 	C:\Program Files\Java\jdk-11.0.13\bin\zip.dll
0x00007ffc76ad0000 - 0x00007ffc77214000 	C:\Windows\System32\SHELL32.dll
0x00007ffc735b0000 - 0x00007ffc73d44000 	C:\Windows\SYSTEM32\windows.storage.dll
0x00007ffc77ea0000 - 0x00007ffc781f4000 	C:\Windows\System32\combase.dll
0x00007ffc75490000 - 0x00007ffc754c0000 	C:\Windows\SYSTEM32\Wldp.dll
0x00007ffc77cf0000 - 0x00007ffc77d9d000 	C:\Windows\System32\SHCORE.dll
0x00007ffc77550000 - 0x00007ffc775a5000 	C:\Windows\System32\shlwapi.dll
0x00007ffc760d0000 - 0x00007ffc760ef000 	C:\Windows\SYSTEM32\profapi.dll
0x00007ffc62760000 - 0x00007ffc62779000 	C:\Program Files\Java\jdk-11.0.13\bin\net.dll
0x00007ffc6a7a0000 - 0x00007ffc6a8aa000 	C:\Windows\SYSTEM32\WINHTTP.dll
0x00007ffc75360000 - 0x00007ffc753ca000 	C:\Windows\system32\mswsock.dll
0x00007ffc62740000 - 0x00007ffc62752000 	C:\Program Files\Java\jdk-11.0.13\bin\nio.dll
0x00007ffc62710000 - 0x00007ffc62736000 	C:\Users\LUCKY\.gradle\native\29\windows-amd64\native-platform.dll
0x00007ffc673a0000 - 0x00007ffc673a9000 	C:\Program Files\Java\jdk-11.0.13\bin\management.dll
0x00007ffc67120000 - 0x00007ffc6712b000 	C:\Program Files\Java\jdk-11.0.13\bin\management_ext.dll
0x00007ffc75eb0000 - 0x00007ffc75ec8000 	C:\Windows\SYSTEM32\CRYPTSP.dll
0x00007ffc74ba0000 - 0x00007ffc74bd4000 	C:\Windows\system32\rsaenh.dll
0x00007ffc76520000 - 0x00007ffc76547000 	C:\Windows\System32\bcrypt.dll
0x00007ffc76090000 - 0x00007ffc760be000 	C:\Windows\SYSTEM32\USERENV.dll
0x00007ffc75d80000 - 0x00007ffc75d8c000 	C:\Windows\SYSTEM32\CRYPTBASE.dll
0x00007ffc74ef0000 - 0x00007ffc74f2b000 	C:\Windows\SYSTEM32\IPHLPAPI.DLL
0x00007ffc78200000 - 0x00007ffc78208000 	C:\Windows\System32\NSI.dll
0x00007ffc6dde0000 - 0x00007ffc6ddf7000 	C:\Windows\SYSTEM32\dhcpcsvc6.DLL
0x00007ffc6e560000 - 0x00007ffc6e57d000 	C:\Windows\SYSTEM32\dhcpcsvc.DLL
0x00007ffc74f30000 - 0x00007ffc74ffb000 	C:\Windows\SYSTEM32\DNSAPI.dll

dbghelp: loaded successfully - version: 4.0.5 - missing functions: none
symbol engine: initialized successfully - sym options: 0x614 - pdb path: .;C:\Program Files\Java\jdk-11.0.13\bin;C:\Windows\SYSTEM32;C:\Windows\WinSxS\amd64_microsoft.windows.common-controls_6595b64144ccf1df_6.0.19041.1110_none_60b5254171f9507e;C:\Program Files\Java\jdk-11.0.13\bin\server;C:\Users\LUCKY\.gradle\native\29\windows-amd64

VM Arguments:
jvm_args: --add-opens=java.base/java.util=ALL-UNNAMED --add-opens=java.base/java.lang=ALL-UNNAMED --add-opens=java.base/java.lang.invoke=ALL-UNNAMED --add-opens=java.prefs/java.util.prefs=ALL-UNNAMED -XX:MaxMetaspaceSize=256m -XX:+HeapDumpOnOutOfMemoryError -Xms256m -Xmx512m -Dfile.encoding=windows-1252 -Duser.country=US -Duser.language=en -Duser.variant 
java_command: org.gradle.launcher.daemon.bootstrap.GradleDaemon 5.5
java_class_path (initial): C:\Users\LUCKY\.gradle\wrapper\dists\gradle-5.5-all\byeise1led9a3w3p149d02kfj\gradle-5.5\lib\gradle-launcher-5.5.jar
Launcher Type: SUN_STANDARD

[Global flags]
     intx CICompilerCount                          = 3                                         {product} {ergonomic}
   size_t CompressedClassSpaceSize                 = 260046848                                 {product} {ergonomic}
     uint ConcGCThreads                            = 1                                         {product} {ergonomic}
     uint G1ConcRefinementThreads                  = 4                                         {product} {ergonomic}
   size_t G1HeapRegionSize                         = 1048576                                   {product} {ergonomic}
    uintx GCDrainStackTargetSize                   = 64                                        {product} {ergonomic}
     bool HeapDumpOnOutOfMemoryError               = true                                   {manageable} {command line}
   size_t InitialHeapSize                          = 268435456                                 {product} {command line}
   size_t MarkStackSize                            = 4194304                                   {product} {ergonomic}
   size_t MaxHeapSize                              = 536870912                                 {product} {command line}
   size_t MaxMetaspaceSize                         = 268435456                                 {product} {command line}
   size_t MaxNewSize                               = 321912832                                 {product} {ergonomic}
   size_t MinHeapDeltaBytes                        = 1048576                                   {product} {ergonomic}
    uintx NonNMethodCodeHeapSize                   = 5830732                                {pd product} {ergonomic}
    uintx NonProfiledCodeHeapSize                  = 122913754                              {pd product} {ergonomic}
    uintx ProfiledCodeHeapSize                     = 122913754                              {pd product} {ergonomic}
    uintx ReservedCodeCacheSize                    = 251658240                              {pd product} {ergonomic}
     bool SegmentedCodeCache                       = true                                      {product} {ergonomic}
     bool UseCompressedClassPointers               = true                                 {lp64_product} {ergonomic}
     bool UseCompressedOops                        = true                                 {lp64_product} {ergonomic}
     bool UseG1GC                                  = true                                      {product} {ergonomic}
     bool UseLargePagesIndividualAllocation        = false                                  {pd product} {ergonomic}

Logging:
Log output configuration:
 #0: stdout all=warning uptime,level,tags
 #1: stderr all=off uptime,level,tags

Environment Variables:
JAVA_HOME=C:\Program Files\Java\jdk-11.0.13\
CLASSPATH=D:\MyWork\ReactNative\whsnxt_mvp\android\\gradle\wrapper\gradle-wrapper.jar
PATH=D:\MyWork\ReactNative\whsnxt_mvp\android\node_modules\.bin;D:\MyWork\ReactNative\whsnxt_mvp\node_modules\.bin;D:\MyWork\ReactNative\node_modules\.bin;D:\MyWork\node_modules\.bin;D:\node_modules\.bin;C:\Program Files\nodejs;C:\Program Files (x86)\OpenJDK\jdk-8.0.262.10-hotspot\bin;C:\Program Files (x86)\Common Files\Oracle\Java\javapath;C:\Program Files\Common Files\Oracle\Java\javapath;C:\Windows\system32;C:\Windows;C:\Windows\System32\Wbem;C:\Windows\System32\WindowsPowerShell\v1.0\;C:\Windows\System32\OpenSSH\;C:\Program Files\Git\cmd;C:\Users\LUCKY\AppData\Roaming\nvm;C:\Program Files\nodejs;C:\xampp\php;C:\ProgramData\ComposerSetup\bin;C:\Program Files\PuTTY\;C:\Program Files\Java\jdk-18.0.1.1\bin;C:\Program Files\Microsoft SQL Server\150\Tools\Binn\;C:\Users\LUCKY\AppData\Local\Android\Sdk\platform-tools;C:\Program Files\Java\jdk-11.0.13\bin;C:\Users\LUCKY\AppData\Local\Android\Sdk\ndk-bundle;C:\Users\LUCKY\AppData\Local\Programs\Python\Python310\Scripts\;C:\Users\LUCKY\AppData\Local\Programs\Python\Python310\;C:\Users\LUCKY\AppData\Local\Microsoft\WindowsApps;C:\Program Files\Bandizip\;C:\Users\LUCKY\AppData\Roaming\npm;C:\Users\LUCKY\AppData\Local\Programs\Microsoft VS Code\bin;C:\Users\LUCKY\AppData\Roaming\nvm;C:\Program Files\nodejs;C:\Users\LUCKY\AppData\Roaming\Composer\vendor\bin;C:\Program Files\JetBrains\PyCharm Community Edition 2022.1.1\bin;;C:\Users\LUCKY\AppData\Local\Android\Sdk\ndk-bundle;C:\Users\LUCKY\AppData\Local\Android\Sdk\platform-tools;
USERNAME=LUCKY
OS=Windows_NT
PROCESSOR_IDENTIFIER=Intel64 Family 6 Model 58 Stepping 9, GenuineIntel



---------------  S Y S T E M  ---------------

OS: Windows 10 , 64 bit Build 19041 (10.0.19041.1806)

CPU:total 4 (initial active 4) (2 cores per cpu, 2 threads per core) family 6 model 58 stepping 9 microcode 0x21, cmov, cx8, fxsr, mmx, sse, sse2, sse3, ssse3, sse4.1, sse4.2, popcnt, avx, aes, clmul, erms, ht, tsc, tscinvbit, tscinv

Memory: 4k page, system-wide physical 12182M (4699M free)
TotalPageFile size 16534M (AvailPageFile size 7261M)
current process WorkingSet (physical memory assigned to process): 287M, peak: 287M
current process commit charge ("private bytes"): 451M, peak: 451M

vm_info: Java HotSpot(TM) 64-Bit Server VM (11.0.13+10-LTS-370) for windows-amd64 JRE (11.0.13+10-LTS-370), built on Sep 15 2021 22:10:36 by "mach5one" with MS VC++ 15.9 (VS2017)

END.
