#
# A fatal error has been detected by the Java Runtime Environment:
#
#  EXCEPTION_ACCESS_VIOLATION (0xc0000005) at pc=0x00007ffd839d05c5, pid=7896, tid=11656
#
# JRE version: Java(TM) SE Runtime Environment 18.9 (11.0.13+10) (build 11.0.13+10-LTS-370)
# Java VM: Java HotSpot(TM) 64-Bit Server VM 18.9 (11.0.13+10-LTS-370, mixed mode, tiered, compressed oops, g1 gc, windows-amd64)
# Problematic frame:
# V  [jvm.dll+0x3105c5]
#
# No core dump will be written. Minidumps are not enabled by default on client versions of Windows
#
# If you would like to submit a bug report, please visit:
#   https://bugreport.java.com/bugreport/crash.jsp
#

---------------  S U M M A R Y ------------

Command Line: --add-opens=java.base/java.util=ALL-UNNAMED --add-opens=java.base/java.lang=ALL-UNNAMED --add-opens=java.base/java.lang.invoke=ALL-UNNAMED --add-opens=java.prefs/java.util.prefs=ALL-UNNAMED -XX:MaxMetaspaceSize=256m -XX:+HeapDumpOnOutOfMemoryError -Xms256m -Xmx512m -Dfile.encoding=windows-1252 -Duser.country=US -Duser.language=en -Duser.variant org.gradle.launcher.daemon.bootstrap.GradleDaemon 5.5

Host: Intel(R) Core(TM) i5-3230M CPU @ 2.60GHz, 4 cores, 11G,  Windows 10 , 64 bit Build 19041 (10.0.19041.1889)
Time: Mon Aug 15 18:58:41 2022 Tokyo Standard Time elapsed time: 139.370062 seconds (0d 0h 2m 19s)

---------------  T H R E A D  ---------------

Current thread (0x0000020fd13d4800):  JavaThread "C2 CompilerThread1" daemon [_thread_in_native, id=11656, stack(0x000000381e500000,0x000000381e600000)]


Current CompileTask:
C2: 139370 18208       4       com.sun.tools.javac.code.Types$ImplementationCache::get (159 bytes)

Stack: [0x000000381e500000,0x000000381e600000],  sp=0x000000381e5fb860,  free space=1006k
Native frames: (J=compiled Java code, j=interpreted, Vv=VM code, C=native code)
V  [jvm.dll+0x3105c5]
V  [jvm.dll+0x30e2a8]
V  [jvm.dll+0x30d94a]
V  [jvm.dll+0x1f8255]
V  [jvm.dll+0x1f743d]
V  [jvm.dll+0x177991]
V  [jvm.dll+0x206d84]
V  [jvm.dll+0x204ebb]
V  [jvm.dll+0x727e70]
V  [jvm.dll+0x720a54]
V  [jvm.dll+0x627606]
C  [ucrtbase.dll+0x21bb2]
C  [KERNEL32.DLL+0x17034]
C  [ntdll.dll+0x52651]


siginfo: EXCEPTION_ACCESS_VIOLATION (0xc0000005), reading address 0x0000000fd0bfdf48


Register to memory mapping:

RIP=0x00007ffd839d05c5 jvm.dll
RAX=0x0000020fd0bff1b0 points into unknown readable memory: 0x0000020fc8efc740 | 40 c7 ef c8 0f 02 00 00
RBX=0x0000000fd0bfdf20 is an unknown value
RCX=0x0000000000000002 is an unknown value
RDX=0x0000020fd14fca34 points into unknown readable memory: fb fc b7 03
RSP=0x000000381e5fb860 is pointing into the stack for thread: 0x0000020fd13d4800
RBP=0x0000000000000004 is an unknown value
RSI=0x0000000000000003 is an unknown value
RDI=0x0000020fd0bff158 points into unknown readable memory: 0x00007ffd83eeb1d8 | d8 b1 ee 83 fd 7f 00 00
R8 =0x0000000002000000 is an unknown value
R9 =0x0 is NULL
R10=0x0000000000000018 is an unknown value
R11=0x0000000000000002 is an unknown value
R12=0x000000381e5fb970 is pointing into the stack for thread: 0x0000020fd13d4800
R13=0x0 is NULL
R14=0x000000381e5fb920 is pointing into the stack for thread: 0x0000020fd13d4800
R15=0x000000381e5fbdd0 is pointing into the stack for thread: 0x0000020fd13d4800


Registers:
RAX=0x0000020fd0bff1b0, RBX=0x0000000fd0bfdf20, RCX=0x0000000000000002, RDX=0x0000020fd14fca34
RSP=0x000000381e5fb860, RBP=0x0000000000000004, RSI=0x0000000000000003, RDI=0x0000020fd0bff158
R8 =0x0000000002000000, R9 =0x0000000000000000, R10=0x0000000000000018, R11=0x0000000000000002
R12=0x000000381e5fb970, R13=0x0000000000000000, R14=0x000000381e5fb920, R15=0x000000381e5fbdd0
RIP=0x00007ffd839d05c5, EFLAGS=0x0000000000010202

Top of Stack: (sp=0x000000381e5fb860)
0x000000381e5fb860:   0000020fc8efcd50 0000000000000002
0x000000381e5fb870:   0000020fccbc5d00 0000020fd1bc0fa0
0x000000381e5fb880:   0000020fd14fcbb0 0000020fd14fccc0
0x000000381e5fb890:   0000020fd14fcbc0 0000020fd0d36a70
0x000000381e5fb8a0:   0000020fcc057738 0000000000000000
0x000000381e5fb8b0:   0000020fd0d36a70 0000020fce668fb0
0x000000381e5fb8c0:   0000000000003930 00007ffd839ce2a8
0x000000381e5fb8d0:   000000381e5fb9d0 0000020fd0d36a70
0x000000381e5fb8e0:   000000381e5fbdd0 000000000000b510
0x000000381e5fb8f0:   0000000000000101 0000000000000000
0x000000381e5fb900:   0000000000000ede 0000000000000062
0x000000381e5fb910:   0000000000000001 0000020fe500fb1e
0x000000381e5fb920:   0000020fd14f9460 0000020fd14fc940
0x000000381e5fb930:   0000020fd14f9010 0000020fd0d36a70
0x000000381e5fb940:   0000000000008010 0000000000000000
0x000000381e5fb950:   0000000000000000 00000038e500fb1e 

Instructions: (pc=0x00007ffd839d05c5)
0x00007ffd839d05a5:   43 20 3b 77 1c 0f 83 a5 00 00 00 48 8b 47 08 8b
0x00007ffd839d05b5:   ce ff c6 48 8b 1c c8 48 85 db 0f 84 87 00 00 00
0x00007ffd839d05c5:   8b 4b 28 8b c1 c1 e8 05 41 3b 44 24 10 72 11 49
0x00007ffd839d05d5:   8b 04 24 8b d1 49 8b cc ff 50 18 45 8b cd eb 26 


Stack slot to memory mapping:
stack at sp + 0 slots: 0x0000020fc8efcd50 points into unknown readable memory: 0x00007ffd83eeb5c0 | c0 b5 ee 83 fd 7f 00 00
stack at sp + 1 slots: 0x0000000000000002 is an unknown value
stack at sp + 2 slots: 0x0000020fccbc5d00 points into unknown readable memory: 0x0000020fd548f5b0 | b0 f5 48 d5 0f 02 00 00
stack at sp + 3 slots: 0x0000020fd1bc0fa0 points into unknown readable memory: 0x0000000000000000 | 00 00 00 00 00 00 00 00
stack at sp + 4 slots: 0x0000020fd14fcbb0 points into unknown readable memory: 0x0000000000000000 | 00 00 00 00 00 00 00 00
stack at sp + 5 slots: 0x0000020fd14fccc0 points into unknown readable memory: 0x2e6e75732e6d6f63 | 63 6f 6d 2e 73 75 6e 2e
stack at sp + 6 slots: 0x0000020fd14fcbc0 points into unknown readable memory: 0x0000020fce4bb418 | 18 b4 4b ce 0f 02 00 00
stack at sp + 7 slots: 0x0000020fd0d36a70 points into unknown readable memory: 0x0076006500000006 | 06 00 00 00 65 00 76 00


---------------  P R O C E S S  ---------------

Threads class SMR info:
_java_thread_list=0x0000020fcea5cd10, length=45, elements={
0x0000020fadf68000, 0x0000020fc7dae000, 0x0000020fc7db0000, 0x0000020fc8635800,
0x0000020fc8637800, 0x0000020fc8639800, 0x0000020fc863c800, 0x0000020fc863e000,
0x0000020fc8643000, 0x0000020fc87a3800, 0x0000020fc956b000, 0x0000020fc9bb2000,
0x0000020fc9ea2000, 0x0000020fc9c94800, 0x0000020fc9c95800, 0x0000020fc9c9d000,
0x0000020fc9c9e000, 0x0000020fc9d04000, 0x0000020fc9d05000, 0x0000020fc8ff0000,
0x0000020fc8ff4000, 0x0000020fc8fee000, 0x0000020fc8fef000, 0x0000020fc8ff0800,
0x0000020fc8ff2800, 0x0000020fca0ea800, 0x0000020fca0ea000, 0x0000020fca0ee800,
0x0000020fca0ef800, 0x0000020fca0eb800, 0x0000020fca0f0800, 0x0000020fca0f2000,
0x0000020fca0ec800, 0x0000020fca0ed000, 0x0000020fca0f3800, 0x0000020fca0ee000,
0x0000020fca0f8800, 0x0000020fca0f7800, 0x0000020fca0f4800, 0x0000020fca0f5800,
0x0000020fca0f6000, 0x0000020fca0f7000, 0x0000020fd0811000, 0x0000020fd080f000,
0x0000020fd13d4800
}

Java Threads: ( => current thread )
  0x0000020fadf68000 JavaThread "main" [_thread_blocked, id=8820, stack(0x000000381c300000,0x000000381c400000)]
  0x0000020fc7dae000 JavaThread "Reference Handler" daemon [_thread_blocked, id=7484, stack(0x000000381ca00000,0x000000381cb00000)]
  0x0000020fc7db0000 JavaThread "Finalizer" daemon [_thread_blocked, id=2148, stack(0x000000381cb00000,0x000000381cc00000)]
  0x0000020fc8635800 JavaThread "Signal Dispatcher" daemon [_thread_blocked, id=1808, stack(0x000000381cc00000,0x000000381cd00000)]
  0x0000020fc8637800 JavaThread "Attach Listener" daemon [_thread_blocked, id=6996, stack(0x000000381cd00000,0x000000381ce00000)]
  0x0000020fc8639800 JavaThread "Service Thread" daemon [_thread_blocked, id=4064, stack(0x000000381ce00000,0x000000381cf00000)]
  0x0000020fc863c800 JavaThread "C2 CompilerThread0" daemon [_thread_in_native, id=4492, stack(0x000000381cf00000,0x000000381d000000)]
  0x0000020fc863e000 JavaThread "C1 CompilerThread0" daemon [_thread_blocked, id=5148, stack(0x000000381d000000,0x000000381d100000)]
  0x0000020fc8643000 JavaThread "Sweeper thread" daemon [_thread_blocked, id=3364, stack(0x000000381d100000,0x000000381d200000)]
  0x0000020fc87a3800 JavaThread "Common-Cleaner" daemon [_thread_blocked, id=11956, stack(0x000000381d200000,0x000000381d300000)]
  0x0000020fc956b000 JavaThread "Daemon health stats" [_thread_blocked, id=9512, stack(0x000000381d700000,0x000000381d800000)]
  0x0000020fc9bb2000 JavaThread "Incoming local TCP Connector on port 49957" [_thread_in_native, id=4960, stack(0x000000381d800000,0x000000381d900000)]
  0x0000020fc9ea2000 JavaThread "Daemon periodic checks" [_thread_blocked, id=5520, stack(0x000000381d900000,0x000000381da00000)]
  0x0000020fc9c94800 JavaThread "Daemon" [_thread_blocked, id=10688, stack(0x000000381da00000,0x000000381db00000)]
  0x0000020fc9c95800 JavaThread "Handler for socket connection from /127.0.0.1:49957 to /127.0.0.1:49958" [_thread_in_native, id=6956, stack(0x000000381db00000,0x000000381dc00000)]
  0x0000020fc9c9d000 JavaThread "Cancel handler" [_thread_blocked, id=2220, stack(0x000000381dc00000,0x000000381dd00000)]
  0x0000020fc9c9e000 JavaThread "Daemon worker" [_thread_blocked, id=7548, stack(0x000000381dd00000,0x000000381de00000)]
  0x0000020fc9d04000 JavaThread "Asynchronous log dispatcher for DefaultDaemonConnection: socket connection from /127.0.0.1:49957 to /127.0.0.1:49958" [_thread_blocked, id=12156, stack(0x000000381de00000,0x000000381df00000)]
  0x0000020fc9d05000 JavaThread "Stdin handler" [_thread_blocked, id=12176, stack(0x000000381df00000,0x000000381e000000)]
  0x0000020fc8ff0000 JavaThread "Thread-8" [_thread_blocked, id=12172, stack(0x000000381e000000,0x000000381e100000)]
  0x0000020fc8ff4000 JavaThread "Cache worker for file hash cache (C:\Users\LUCKY\.gradle\caches\5.5\fileHashes)" [_thread_blocked, id=2508, stack(0x000000381e100000,0x000000381e200000)]
  0x0000020fc8fee000 JavaThread "File lock request listener" [_thread_in_native, id=4200, stack(0x000000381e200000,0x000000381e300000)]
  0x0000020fc8fef000 JavaThread "Cache worker for journal cache (C:\Users\LUCKY\.gradle\caches\journal-1)" [_thread_blocked, id=2800, stack(0x000000381e300000,0x000000381e400000)]
  0x0000020fc8ff0800 JavaThread "Cache worker for file hash cache (D:\MyWork\ReactNative\whsnxt_mvp (2)\android\.gradle\5.5\fileHashes)" [_thread_blocked, id=4108, stack(0x000000381e400000,0x000000381e500000)]
  0x0000020fc8ff2800 JavaThread "Cache worker for cache directory md-supplier (C:\Users\LUCKY\.gradle\caches\5.5\md-supplier)" [_thread_blocked, id=10880, stack(0x000000381e600000,0x000000381e700000)]
  0x0000020fca0ea800 JavaThread "Cache worker for cache directory md-rule (C:\Users\LUCKY\.gradle\caches\5.5\md-rule)" [_thread_blocked, id=11180, stack(0x000000381e700000,0x000000381e800000)]
  0x0000020fca0ea000 JavaThread "Cache worker for execution history cache (C:\Users\LUCKY\.gradle\caches\5.5\executionHistory)" [_thread_blocked, id=3448, stack(0x000000381e800000,0x000000381e900000)]
  0x0000020fca0ee800 JavaThread "Build operations" [_thread_blocked, id=9888, stack(0x000000381ea00000,0x000000381eb00000)]
  0x0000020fca0ef800 JavaThread "Build operations Thread 2" [_thread_blocked, id=7436, stack(0x000000381eb00000,0x000000381ec00000)]
  0x0000020fca0eb800 JavaThread "Build operations Thread 3" [_thread_blocked, id=11964, stack(0x000000381ec00000,0x000000381ed00000)]
  0x0000020fca0f0800 JavaThread "Build operations Thread 4" [_thread_blocked, id=11384, stack(0x000000381ed00000,0x000000381ee00000)]
  0x0000020fca0f2000 JavaThread "Cache worker for Build Output Cleanup Cache (D:\MyWork\ReactNative\whsnxt_mvp (2)\android\.gradle\buildOutputCleanup)" [_thread_blocked, id=11184, stack(0x000000381ee00000,0x000000381ef00000)]
  0x0000020fca0ec800 JavaThread "Memory manager" [_thread_blocked, id=1188, stack(0x000000381c100000,0x000000381c200000)]
  0x0000020fca0ed000 JavaThread "Cache worker for file content cache (C:\Users\LUCKY\.gradle\caches\5.5\fileContent)" [_thread_blocked, id=11580, stack(0x000000381f300000,0x000000381f400000)]
  0x0000020fca0f3800 JavaThread "Cache worker for file content cache (D:\MyWork\ReactNative\whsnxt_mvp (2)\android\.gradle\5.5\fileContent)" [_thread_blocked, id=9360, stack(0x000000381f400000,0x000000381f500000)]
  0x0000020fca0ee000 JavaThread "Execution worker for ':'" [_thread_blocked, id=5904, stack(0x000000381f500000,0x000000381f600000)]
  0x0000020fca0f8800 JavaThread "Execution worker for ':' Thread 2" [_thread_in_Java, id=6360, stack(0x000000381f600000,0x000000381f700000)]
  0x0000020fca0f7800 JavaThread "Execution worker for ':' Thread 3" [_thread_blocked, id=10940, stack(0x000000381f700000,0x000000381f800000)]
  0x0000020fca0f4800 JavaThread "Cache worker for execution history cache (D:\MyWork\ReactNative\whsnxt_mvp (2)\android\.gradle\5.5\executionHistory)" [_thread_blocked, id=8296, stack(0x000000381f800000,0x000000381f900000)]
  0x0000020fca0f5800 JavaThread "Cache worker for Java compile cache (C:\Users\LUCKY\.gradle\caches\5.5\javaCompile)" [_thread_blocked, id=3748, stack(0x000000381c000000,0x000000381c100000)]
  0x0000020fca0f6000 JavaThread "Cache worker for Java compile cache (D:\MyWork\ReactNative\whsnxt_mvp (2)\android\.gradle\5.5\javaCompile)" [_thread_blocked, id=8744, stack(0x000000381f900000,0x000000381fa00000)]
  0x0000020fca0f7000 JavaThread "ForkJoinPool.commonPool-worker-3" daemon [_thread_blocked, id=7428, stack(0x000000381fb00000,0x000000381fc00000)]
  0x0000020fd0811000 JavaThread "ForkJoinPool.commonPool-worker-5" daemon [_thread_blocked, id=8200, stack(0x000000381fc00000,0x000000381fd00000)]
  0x0000020fd080f000 JavaThread "ForkJoinPool.commonPool-worker-7" daemon [_thread_blocked, id=6240, stack(0x000000381fd00000,0x000000381fe00000)]
=>0x0000020fd13d4800 JavaThread "C2 CompilerThread1" daemon [_thread_in_native, id=11656, stack(0x000000381e500000,0x000000381e600000)]

Other Threads:
  0x0000020fc7da9800 VMThread "VM Thread" [stack: 0x000000381c900000,0x000000381ca00000] [id=892]
  0x0000020fc87eb000 WatcherThread [stack: 0x000000381d300000,0x000000381d400000] [id=4612]
  0x0000020fadf7e000 GCTaskThread "GC Thread#0" [stack: 0x000000381c400000,0x000000381c500000] [id=8952]
  0x0000020fc8fed000 GCTaskThread "GC Thread#1" [stack: 0x000000381d400000,0x000000381d500000] [id=3176]
  0x0000020fc8fe8800 GCTaskThread "GC Thread#2" [stack: 0x000000381d500000,0x000000381d600000] [id=10908]
  0x0000020fc8fe9000 GCTaskThread "GC Thread#3" [stack: 0x000000381d600000,0x000000381d700000] [id=3004]
  0x0000020fadf90800 ConcurrentGCThread "G1 Main Marker" [stack: 0x000000381c500000,0x000000381c600000] [id=6516]
  0x0000020fadf92800 ConcurrentGCThread "G1 Conc#0" [stack: 0x000000381c600000,0x000000381c700000] [id=5696]
  0x0000020fc7c46800 ConcurrentGCThread "G1 Refine#0" [stack: 0x000000381c700000,0x000000381c800000] [id=9956]
  0x0000020fd1209000 ConcurrentGCThread "G1 Refine#1" [stack: 0x000000381ef00000,0x000000381f000000] [id=3604]
  0x0000020fca204000 ConcurrentGCThread "G1 Refine#2" [stack: 0x000000381c200000,0x000000381c300000] [id=12260]
  0x0000020fc7c47000 ConcurrentGCThread "G1 Young RemSet Sampling" [stack: 0x000000381c800000,0x000000381c900000] [id=10032]

Threads with active compile tasks:
C2 CompilerThread0 139473 18207       4       com.sun.tools.javac.code.Symbol$MethodSymbol::implementation (57 bytes)
C2 CompilerThread1 139473 18208       4       com.sun.tools.javac.code.Types$ImplementationCache::get (159 bytes)

VM state:not at safepoint (normal execution)

VM Mutex/Monitor currently owned by a thread: None

Heap address: 0x00000000e0000000, size: 512 MB, Compressed Oops mode: 32-bit
Narrow klass base: 0x0000000000000000, Narrow klass shift: 3
Compressed class space size: 260046848 Address: 0x0000000100000000

Heap:
 garbage-first heap   total 262144K, used 153589K [0x00000000e0000000, 0x0000000100000000)
  region size 1024K, 18 young (18432K), 11 survivors (11264K)
 Metaspace       used 96649K, capacity 99989K, committed 100344K, reserved 342016K
  class space    used 11896K, capacity 12942K, committed 13048K, reserved 253952K
Heap Regions: E=young(eden), S=young(survivor), O=old, HS=humongous(starts), HC=humongous(continues), CS=collection set, F=free, A=archive, TAMS=top-at-mark-start (previous, next)
|   0|0x00000000e0000000, 0x00000000e0100000, 0x00000000e0100000|100%| O|  |TAMS 0x00000000e0100000, 0x00000000e0000000| Untracked 
|   1|0x00000000e0100000, 0x00000000e0200000, 0x00000000e0200000|100%| O|  |TAMS 0x00000000e0200000, 0x00000000e0100000| Untracked 
|   2|0x00000000e0200000, 0x00000000e0300000, 0x00000000e0300000|100%|HS|  |TAMS 0x00000000e0300000, 0x00000000e0200000| Complete 
|   3|0x00000000e0300000, 0x00000000e0400000, 0x00000000e0400000|100%|HS|  |TAMS 0x00000000e0400000, 0x00000000e0300000| Complete 
|   4|0x00000000e0400000, 0x00000000e0500000, 0x00000000e0500000|100%|HC|  |TAMS 0x00000000e0500000, 0x00000000e0400000| Complete 
|   5|0x00000000e0500000, 0x00000000e0600000, 0x00000000e0600000|100%| O|  |TAMS 0x00000000e0600000, 0x00000000e0500000| Untracked 
|   6|0x00000000e0600000, 0x00000000e0700000, 0x00000000e0700000|100%| O|  |TAMS 0x00000000e0700000, 0x00000000e0600000| Untracked 
|   7|0x00000000e0700000, 0x00000000e0800000, 0x00000000e0800000|100%| O|  |TAMS 0x00000000e0800000, 0x00000000e0700000| Untracked 
|   8|0x00000000e0800000, 0x00000000e0900000, 0x00000000e0900000|100%| O|  |TAMS 0x00000000e0900000, 0x00000000e0800000| Untracked 
|   9|0x00000000e0900000, 0x00000000e0a00000, 0x00000000e0a00000|100%| O|  |TAMS 0x00000000e0a00000, 0x00000000e0900000| Untracked 
|  10|0x00000000e0a00000, 0x00000000e0b00000, 0x00000000e0b00000|100%| O|  |TAMS 0x00000000e0b00000, 0x00000000e0a00000| Untracked 
|  11|0x00000000e0b00000, 0x00000000e0c00000, 0x00000000e0c00000|100%| O|  |TAMS 0x00000000e0c00000, 0x00000000e0b00000| Untracked 
|  12|0x00000000e0c00000, 0x00000000e0d00000, 0x00000000e0d00000|100%| O|  |TAMS 0x00000000e0d00000, 0x00000000e0c00000| Untracked 
|  13|0x00000000e0d00000, 0x00000000e0e00000, 0x00000000e0e00000|100%|HS|  |TAMS 0x00000000e0e00000, 0x00000000e0d00000| Complete 
|  14|0x00000000e0e00000, 0x00000000e0f00000, 0x00000000e0f00000|100%|HC|  |TAMS 0x00000000e0f00000, 0x00000000e0e00000| Complete 
|  15|0x00000000e0f00000, 0x00000000e1000000, 0x00000000e1000000|100%|HC|  |TAMS 0x00000000e1000000, 0x00000000e0f00000| Complete 
|  16|0x00000000e1000000, 0x00000000e1100000, 0x00000000e1100000|100%|HS|  |TAMS 0x00000000e1100000, 0x00000000e1000000| Complete 
|  17|0x00000000e1100000, 0x00000000e1200000, 0x00000000e1200000|100%|HC|  |TAMS 0x00000000e1200000, 0x00000000e1100000| Complete 
|  18|0x00000000e1200000, 0x00000000e1300000, 0x00000000e1300000|100%| O|  |TAMS 0x00000000e1300000, 0x00000000e1200000| Untracked 
|  19|0x00000000e1300000, 0x00000000e1400000, 0x00000000e1400000|100%| O|  |TAMS 0x00000000e1400000, 0x00000000e1300000| Untracked 
|  20|0x00000000e1400000, 0x00000000e1500000, 0x00000000e1500000|100%| O|  |TAMS 0x00000000e1500000, 0x00000000e1400000| Untracked 
|  21|0x00000000e1500000, 0x00000000e1600000, 0x00000000e1600000|100%| O|  |TAMS 0x00000000e1600000, 0x00000000e1500000| Untracked 
|  22|0x00000000e1600000, 0x00000000e1700000, 0x00000000e1700000|100%| O|  |TAMS 0x00000000e1700000, 0x00000000e1600000| Untracked 
|  23|0x00000000e1700000, 0x00000000e1800000, 0x00000000e1800000|100%| O|  |TAMS 0x00000000e1800000, 0x00000000e1700000| Untracked 
|  24|0x00000000e1800000, 0x00000000e1900000, 0x00000000e1900000|100%| O|  |TAMS 0x00000000e1900000, 0x00000000e1800000| Untracked 
|  25|0x00000000e1900000, 0x00000000e1a00000, 0x00000000e1a00000|100%| O|  |TAMS 0x00000000e1a00000, 0x00000000e1900000| Untracked 
|  26|0x00000000e1a00000, 0x00000000e1b00000, 0x00000000e1b00000|100%| O|  |TAMS 0x00000000e1b00000, 0x00000000e1a00000| Untracked 
|  27|0x00000000e1b00000, 0x00000000e1c00000, 0x00000000e1c00000|100%| O|  |TAMS 0x00000000e1c00000, 0x00000000e1b00000| Untracked 
|  28|0x00000000e1c00000, 0x00000000e1d00000, 0x00000000e1d00000|100%| O|  |TAMS 0x00000000e1d00000, 0x00000000e1c00000| Untracked 
|  29|0x00000000e1d00000, 0x00000000e1e00000, 0x00000000e1e00000|100%| O|  |TAMS 0x00000000e1e00000, 0x00000000e1d00000| Untracked 
|  30|0x00000000e1e00000, 0x00000000e1f00000, 0x00000000e1f00000|100%| O|  |TAMS 0x00000000e1f00000, 0x00000000e1e00000| Untracked 
|  31|0x00000000e1f00000, 0x00000000e2000000, 0x00000000e2000000|100%| O|  |TAMS 0x00000000e2000000, 0x00000000e1f00000| Untracked 
|  32|0x00000000e2000000, 0x00000000e2100000, 0x00000000e2100000|100%| O|  |TAMS 0x00000000e2100000, 0x00000000e2000000| Untracked 
|  33|0x00000000e2100000, 0x00000000e2200000, 0x00000000e2200000|100%| O|  |TAMS 0x00000000e2200000, 0x00000000e2100000| Untracked 
|  34|0x00000000e2200000, 0x00000000e2300000, 0x00000000e2300000|100%| O|  |TAMS 0x00000000e2300000, 0x00000000e2200000| Untracked 
|  35|0x00000000e2300000, 0x00000000e2400000, 0x00000000e2400000|100%| O|  |TAMS 0x00000000e2400000, 0x00000000e2300000| Untracked 
|  36|0x00000000e2400000, 0x00000000e2500000, 0x00000000e2500000|100%| O|  |TAMS 0x00000000e2500000, 0x00000000e2400000| Untracked 
|  37|0x00000000e2500000, 0x00000000e2600000, 0x00000000e2600000|100%| O|  |TAMS 0x00000000e2600000, 0x00000000e2500000| Untracked 
|  38|0x00000000e2600000, 0x00000000e2700000, 0x00000000e2700000|100%| O|  |TAMS 0x00000000e2700000, 0x00000000e2600000| Untracked 
|  39|0x00000000e2700000, 0x00000000e2800000, 0x00000000e2800000|100%| O|  |TAMS 0x00000000e2800000, 0x00000000e2700000| Untracked 
|  40|0x00000000e2800000, 0x00000000e2900000, 0x00000000e2900000|100%| O|  |TAMS 0x00000000e2900000, 0x00000000e2800000| Untracked 
|  41|0x00000000e2900000, 0x00000000e2a00000, 0x00000000e2a00000|100%| O|  |TAMS 0x00000000e2a00000, 0x00000000e2900000| Untracked 
|  42|0x00000000e2a00000, 0x00000000e2b00000, 0x00000000e2b00000|100%| O|  |TAMS 0x00000000e2b00000, 0x00000000e2a00000| Untracked 
|  43|0x00000000e2b00000, 0x00000000e2c00000, 0x00000000e2c00000|100%| O|  |TAMS 0x00000000e2c00000, 0x00000000e2b00000| Untracked 
|  44|0x00000000e2c00000, 0x00000000e2d00000, 0x00000000e2d00000|100%| O|  |TAMS 0x00000000e2d00000, 0x00000000e2c00000| Untracked 
|  45|0x00000000e2d00000, 0x00000000e2e00000, 0x00000000e2e00000|100%| O|  |TAMS 0x00000000e2e00000, 0x00000000e2d00000| Untracked 
|  46|0x00000000e2e00000, 0x00000000e2f00000, 0x00000000e2f00000|100%| O|  |TAMS 0x00000000e2f00000, 0x00000000e2e00000| Untracked 
|  47|0x00000000e2f00000, 0x00000000e3000000, 0x00000000e3000000|100%|HS|  |TAMS 0x00000000e3000000, 0x00000000e2f00000| Complete 
|  48|0x00000000e3000000, 0x00000000e3100000, 0x00000000e3100000|100%|HC|  |TAMS 0x00000000e3100000, 0x00000000e3000000| Complete 
|  49|0x00000000e3100000, 0x00000000e3200000, 0x00000000e3200000|100%|HC|  |TAMS 0x00000000e3200000, 0x00000000e3100000| Complete 
|  50|0x00000000e3200000, 0x00000000e3300000, 0x00000000e3300000|100%| O|  |TAMS 0x00000000e3300000, 0x00000000e3200000| Untracked 
|  51|0x00000000e3300000, 0x00000000e3400000, 0x00000000e3400000|100%| O|  |TAMS 0x00000000e3400000, 0x00000000e3300000| Untracked 
|  52|0x00000000e3400000, 0x00000000e3500000, 0x00000000e3500000|100%| O|  |TAMS 0x00000000e3500000, 0x00000000e3400000| Untracked 
|  53|0x00000000e3500000, 0x00000000e3600000, 0x00000000e3600000|100%| O|  |TAMS 0x00000000e3600000, 0x00000000e3500000| Untracked 
|  54|0x00000000e3600000, 0x00000000e3700000, 0x00000000e3700000|100%| O|  |TAMS 0x00000000e3700000, 0x00000000e3600000| Untracked 
|  55|0x00000000e3700000, 0x00000000e3800000, 0x00000000e3800000|100%| O|  |TAMS 0x00000000e3800000, 0x00000000e3700000| Untracked 
|  56|0x00000000e3800000, 0x00000000e3900000, 0x00000000e3900000|100%| O|  |TAMS 0x00000000e3900000, 0x00000000e3800000| Untracked 
|  57|0x00000000e3900000, 0x00000000e3a00000, 0x00000000e3a00000|100%| O|  |TAMS 0x00000000e3a00000, 0x00000000e3900000| Untracked 
|  58|0x00000000e3a00000, 0x00000000e3b00000, 0x00000000e3b00000|100%| O|  |TAMS 0x00000000e3b00000, 0x00000000e3a00000| Untracked 
|  59|0x00000000e3b00000, 0x00000000e3c00000, 0x00000000e3c00000|100%| O|  |TAMS 0x00000000e3c00000, 0x00000000e3b00000| Untracked 
|  60|0x00000000e3c00000, 0x00000000e3d00000, 0x00000000e3d00000|100%| O|  |TAMS 0x00000000e3d00000, 0x00000000e3c00000| Untracked 
|  61|0x00000000e3d00000, 0x00000000e3e00000, 0x00000000e3e00000|100%| O|  |TAMS 0x00000000e3e00000, 0x00000000e3d00000| Untracked 
|  62|0x00000000e3e00000, 0x00000000e3f00000, 0x00000000e3f00000|100%| O|  |TAMS 0x00000000e3f00000, 0x00000000e3e00000| Untracked 
|  63|0x00000000e3f00000, 0x00000000e4000000, 0x00000000e4000000|100%| O|  |TAMS 0x00000000e4000000, 0x00000000e3f00000| Untracked 
|  64|0x00000000e4000000, 0x00000000e4100000, 0x00000000e4100000|100%| O|  |TAMS 0x00000000e4100000, 0x00000000e4000000| Untracked 
|  65|0x00000000e4100000, 0x00000000e4200000, 0x00000000e4200000|100%| O|  |TAMS 0x00000000e4200000, 0x00000000e4100000| Untracked 
|  66|0x00000000e4200000, 0x00000000e4300000, 0x00000000e4300000|100%| O|  |TAMS 0x00000000e4300000, 0x00000000e4200000| Untracked 
|  67|0x00000000e4300000, 0x00000000e4400000, 0x00000000e4400000|100%| O|  |TAMS 0x00000000e4400000, 0x00000000e4300000| Untracked 
|  68|0x00000000e4400000, 0x00000000e4500000, 0x00000000e4500000|100%| O|  |TAMS 0x00000000e4500000, 0x00000000e4400000| Untracked 
|  69|0x00000000e4500000, 0x00000000e4600000, 0x00000000e4600000|100%| O|  |TAMS 0x00000000e4600000, 0x00000000e4500000| Untracked 
|  70|0x00000000e4600000, 0x00000000e4700000, 0x00000000e4700000|100%| O|  |TAMS 0x00000000e4700000, 0x00000000e4600000| Untracked 
|  71|0x00000000e4700000, 0x00000000e4800000, 0x00000000e4800000|100%| O|  |TAMS 0x00000000e4800000, 0x00000000e4700000| Untracked 
|  72|0x00000000e4800000, 0x00000000e4900000, 0x00000000e4900000|100%| O|  |TAMS 0x00000000e4900000, 0x00000000e4800000| Untracked 
|  73|0x00000000e4900000, 0x00000000e4a00000, 0x00000000e4a00000|100%| O|  |TAMS 0x00000000e4a00000, 0x00000000e4900000| Untracked 
|  74|0x00000000e4a00000, 0x00000000e4b00000, 0x00000000e4b00000|100%| O|  |TAMS 0x00000000e4b00000, 0x00000000e4a00000| Untracked 
|  75|0x00000000e4b00000, 0x00000000e4c00000, 0x00000000e4c00000|100%| O|  |TAMS 0x00000000e4c00000, 0x00000000e4b00000| Untracked 
|  76|0x00000000e4c00000, 0x00000000e4d00000, 0x00000000e4d00000|100%| O|  |TAMS 0x00000000e4d00000, 0x00000000e4c00000| Untracked 
|  77|0x00000000e4d00000, 0x00000000e4e00000, 0x00000000e4e00000|100%| O|  |TAMS 0x00000000e4e00000, 0x00000000e4d00000| Untracked 
|  78|0x00000000e4e00000, 0x00000000e4f00000, 0x00000000e4f00000|100%| O|  |TAMS 0x00000000e4f00000, 0x00000000e4e00000| Untracked 
|  79|0x00000000e4f00000, 0x00000000e5000000, 0x00000000e5000000|100%| O|  |TAMS 0x00000000e5000000, 0x00000000e4f00000| Untracked 
|  80|0x00000000e5000000, 0x00000000e5100000, 0x00000000e5100000|100%| O|  |TAMS 0x00000000e5100000, 0x00000000e5000000| Untracked 
|  81|0x00000000e5100000, 0x00000000e5200000, 0x00000000e5200000|100%| O|  |TAMS 0x00000000e5200000, 0x00000000e5100000| Untracked 
|  82|0x00000000e5200000, 0x00000000e5300000, 0x00000000e5300000|100%| O|  |TAMS 0x00000000e5300000, 0x00000000e5200000| Untracked 
|  83|0x00000000e5300000, 0x00000000e5400000, 0x00000000e5400000|100%| O|  |TAMS 0x00000000e5400000, 0x00000000e5300000| Untracked 
|  84|0x00000000e5400000, 0x00000000e5500000, 0x00000000e5500000|100%| O|  |TAMS 0x00000000e5500000, 0x00000000e5400000| Untracked 
|  85|0x00000000e5500000, 0x00000000e5600000, 0x00000000e5600000|100%| O|  |TAMS 0x00000000e5600000, 0x00000000e5500000| Untracked 
|  86|0x00000000e5600000, 0x00000000e5700000, 0x00000000e5700000|100%| O|  |TAMS 0x00000000e5700000, 0x00000000e5600000| Untracked 
|  87|0x00000000e5700000, 0x00000000e5800000, 0x00000000e5800000|100%| O|  |TAMS 0x00000000e5800000, 0x00000000e5700000| Untracked 
|  88|0x00000000e5800000, 0x00000000e5900000, 0x00000000e5900000|100%| O|  |TAMS 0x00000000e5900000, 0x00000000e5800000| Untracked 
|  89|0x00000000e5900000, 0x00000000e5a00000, 0x00000000e5a00000|100%| O|  |TAMS 0x00000000e5a00000, 0x00000000e5900000| Untracked 
|  90|0x00000000e5a00000, 0x00000000e5b00000, 0x00000000e5b00000|100%| O|  |TAMS 0x00000000e5b00000, 0x00000000e5a00000| Untracked 
|  91|0x00000000e5b00000, 0x00000000e5c00000, 0x00000000e5c00000|100%| O|  |TAMS 0x00000000e5c00000, 0x00000000e5b00000| Untracked 
|  92|0x00000000e5c00000, 0x00000000e5d00000, 0x00000000e5d00000|100%| O|  |TAMS 0x00000000e5d00000, 0x00000000e5c00000| Untracked 
|  93|0x00000000e5d00000, 0x00000000e5e00000, 0x00000000e5e00000|100%| O|  |TAMS 0x00000000e5e00000, 0x00000000e5d00000| Untracked 
|  94|0x00000000e5e00000, 0x00000000e5f00000, 0x00000000e5f00000|100%| O|  |TAMS 0x00000000e5f00000, 0x00000000e5e00000| Untracked 
|  95|0x00000000e5f00000, 0x00000000e6000000, 0x00000000e6000000|100%| O|  |TAMS 0x00000000e6000000, 0x00000000e5f00000| Untracked 
|  96|0x00000000e6000000, 0x00000000e6100000, 0x00000000e6100000|100%| O|  |TAMS 0x00000000e6100000, 0x00000000e6000000| Untracked 
|  97|0x00000000e6100000, 0x00000000e6200000, 0x00000000e6200000|100%| O|  |TAMS 0x00000000e6200000, 0x00000000e6100000| Untracked 
|  98|0x00000000e6200000, 0x00000000e6300000, 0x00000000e6300000|100%| O|  |TAMS 0x00000000e6300000, 0x00000000e6200000| Untracked 
|  99|0x00000000e6300000, 0x00000000e6400000, 0x00000000e6400000|100%| O|  |TAMS 0x00000000e6400000, 0x00000000e6300000| Untracked 
| 100|0x00000000e6400000, 0x00000000e6500000, 0x00000000e6500000|100%| O|  |TAMS 0x00000000e6500000, 0x00000000e6400000| Untracked 
| 101|0x00000000e6500000, 0x00000000e6600000, 0x00000000e6600000|100%| O|  |TAMS 0x00000000e6600000, 0x00000000e6500000| Untracked 
| 102|0x00000000e6600000, 0x00000000e6700000, 0x00000000e6700000|100%| O|  |TAMS 0x00000000e6700000, 0x00000000e6600000| Untracked 
| 103|0x00000000e6700000, 0x00000000e6800000, 0x00000000e6800000|100%| O|  |TAMS 0x00000000e6800000, 0x00000000e6700000| Untracked 
| 104|0x00000000e6800000, 0x00000000e6900000, 0x00000000e6900000|100%| O|  |TAMS 0x00000000e6900000, 0x00000000e6800000| Untracked 
| 105|0x00000000e6900000, 0x00000000e6a00000, 0x00000000e6a00000|100%| O|  |TAMS 0x00000000e6a00000, 0x00000000e6900000| Untracked 
| 106|0x00000000e6a00000, 0x00000000e6b00000, 0x00000000e6b00000|100%| O|  |TAMS 0x00000000e6b00000, 0x00000000e6a00000| Untracked 
| 107|0x00000000e6b00000, 0x00000000e6c00000, 0x00000000e6c00000|100%| O|  |TAMS 0x00000000e6c00000, 0x00000000e6b00000| Untracked 
| 108|0x00000000e6c00000, 0x00000000e6d00000, 0x00000000e6d00000|100%| O|  |TAMS 0x00000000e6d00000, 0x00000000e6c00000| Untracked 
| 109|0x00000000e6d00000, 0x00000000e6e00000, 0x00000000e6e00000|100%| O|  |TAMS 0x00000000e6e00000, 0x00000000e6d00000| Untracked 
| 110|0x00000000e6e00000, 0x00000000e6f00000, 0x00000000e6f00000|100%| O|  |TAMS 0x00000000e6f00000, 0x00000000e6e00000| Untracked 
| 111|0x00000000e6f00000, 0x00000000e7000000, 0x00000000e7000000|100%| O|  |TAMS 0x00000000e7000000, 0x00000000e6f00000| Untracked 
| 112|0x00000000e7000000, 0x00000000e7100000, 0x00000000e7100000|100%| O|  |TAMS 0x00000000e7100000, 0x00000000e7000000| Untracked 
| 113|0x00000000e7100000, 0x00000000e7200000, 0x00000000e7200000|100%| O|  |TAMS 0x00000000e7200000, 0x00000000e7100000| Untracked 
| 114|0x00000000e7200000, 0x00000000e7300000, 0x00000000e7300000|100%|HS|  |TAMS 0x00000000e7200000, 0x00000000e7200000| Complete 
| 115|0x00000000e7300000, 0x00000000e7400000, 0x00000000e7400000|100%|HC|  |TAMS 0x00000000e7300000, 0x00000000e7300000| Complete 
| 116|0x00000000e7400000, 0x00000000e7500000, 0x00000000e7500000|100%| O|  |TAMS 0x00000000e7500000, 0x00000000e7400000| Untracked 
| 117|0x00000000e7500000, 0x00000000e7600000, 0x00000000e7600000|100%| O|  |TAMS 0x00000000e7600000, 0x00000000e7500000| Untracked 
| 118|0x00000000e7600000, 0x00000000e7700000, 0x00000000e7700000|100%| O|  |TAMS 0x00000000e7700000, 0x00000000e7600000| Untracked 
| 119|0x00000000e7700000, 0x00000000e7800000, 0x00000000e7800000|100%| O|  |TAMS 0x00000000e7800000, 0x00000000e7700000| Untracked 
| 120|0x00000000e7800000, 0x00000000e7900000, 0x00000000e7900000|100%| O|  |TAMS 0x00000000e7900000, 0x00000000e7800000| Untracked 
| 121|0x00000000e7900000, 0x00000000e7a00000, 0x00000000e7a00000|100%| O|  |TAMS 0x00000000e7a00000, 0x00000000e7900000| Untracked 
| 122|0x00000000e7a00000, 0x00000000e7b00000, 0x00000000e7b00000|100%| O|  |TAMS 0x00000000e7b00000, 0x00000000e7a00000| Untracked 
| 123|0x00000000e7b00000, 0x00000000e7c00000, 0x00000000e7c00000|100%| O|  |TAMS 0x00000000e7c00000, 0x00000000e7b00000| Untracked 
| 124|0x00000000e7c00000, 0x00000000e7d00000, 0x00000000e7d00000|100%| O|  |TAMS 0x00000000e7d00000, 0x00000000e7c00000| Untracked 
| 125|0x00000000e7d00000, 0x00000000e7e00000, 0x00000000e7e00000|100%| O|  |TAMS 0x00000000e7e00000, 0x00000000e7d00000| Untracked 
| 126|0x00000000e7e00000, 0x00000000e7f00000, 0x00000000e7f00000|100%| O|  |TAMS 0x00000000e7f00000, 0x00000000e7e00000| Untracked 
| 127|0x00000000e7f00000, 0x00000000e8000000, 0x00000000e8000000|100%| O|  |TAMS 0x00000000e8000000, 0x00000000e7f00000| Untracked 
| 128|0x00000000e8000000, 0x00000000e8100000, 0x00000000e8100000|100%| O|  |TAMS 0x00000000e8100000, 0x00000000e8000000| Untracked 
| 129|0x00000000e8100000, 0x00000000e8200000, 0x00000000e8200000|100%| O|  |TAMS 0x00000000e8200000, 0x00000000e8100000| Untracked 
| 130|0x00000000e8200000, 0x00000000e8300000, 0x00000000e8300000|100%| O|  |TAMS 0x00000000e8200a00, 0x00000000e8200000| Untracked 
| 131|0x00000000e8300000, 0x00000000e8400000, 0x00000000e8400000|100%| O|  |TAMS 0x00000000e8300000, 0x00000000e8300000| Untracked 
| 132|0x00000000e8400000, 0x00000000e84fd600, 0x00000000e8500000| 98%| O|  |TAMS 0x00000000e8400000, 0x00000000e8400000| Untracked 
| 133|0x00000000e8500000, 0x00000000e8500000, 0x00000000e8600000|  0%| F|  |TAMS 0x00000000e8500000, 0x00000000e8500000| Untracked 
| 134|0x00000000e8600000, 0x00000000e8600000, 0x00000000e8700000|  0%| F|  |TAMS 0x00000000e8600000, 0x00000000e8600000| Untracked 
| 135|0x00000000e8700000, 0x00000000e8700000, 0x00000000e8800000|  0%| F|  |TAMS 0x00000000e8700000, 0x00000000e8700000| Untracked 
| 136|0x00000000e8800000, 0x00000000e8800000, 0x00000000e8900000|  0%| F|  |TAMS 0x00000000e8800000, 0x00000000e8800000| Untracked 
| 137|0x00000000e8900000, 0x00000000e8900000, 0x00000000e8a00000|  0%| F|  |TAMS 0x00000000e8900000, 0x00000000e8900000| Untracked 
| 138|0x00000000e8a00000, 0x00000000e8a00000, 0x00000000e8b00000|  0%| F|  |TAMS 0x00000000e8a00000, 0x00000000e8a00000| Untracked 
| 139|0x00000000e8b00000, 0x00000000e8b00000, 0x00000000e8c00000|  0%| F|  |TAMS 0x00000000e8b00000, 0x00000000e8b00000| Untracked 
| 140|0x00000000e8c00000, 0x00000000e8c00000, 0x00000000e8d00000|  0%| F|  |TAMS 0x00000000e8c00000, 0x00000000e8c00000| Untracked 
| 141|0x00000000e8d00000, 0x00000000e8d00000, 0x00000000e8e00000|  0%| F|  |TAMS 0x00000000e8d00000, 0x00000000e8d00000| Untracked 
| 142|0x00000000e8e00000, 0x00000000e8e00000, 0x00000000e8f00000|  0%| F|  |TAMS 0x00000000e8e00000, 0x00000000e8e00000| Untracked 
| 143|0x00000000e8f00000, 0x00000000e8f00000, 0x00000000e9000000|  0%| F|  |TAMS 0x00000000e8f00000, 0x00000000e8f00000| Untracked 
| 144|0x00000000e9000000, 0x00000000e9000000, 0x00000000e9100000|  0%| F|  |TAMS 0x00000000e9000000, 0x00000000e9000000| Untracked 
| 145|0x00000000e9100000, 0x00000000e9100000, 0x00000000e9200000|  0%| F|  |TAMS 0x00000000e9100000, 0x00000000e9100000| Untracked 
| 146|0x00000000e9200000, 0x00000000e9200000, 0x00000000e9300000|  0%| F|  |TAMS 0x00000000e9200000, 0x00000000e9200000| Untracked 
| 147|0x00000000e9300000, 0x00000000e9300000, 0x00000000e9400000|  0%| F|  |TAMS 0x00000000e9300000, 0x00000000e9300000| Untracked 
| 148|0x00000000e9400000, 0x00000000e9400000, 0x00000000e9500000|  0%| F|  |TAMS 0x00000000e9400000, 0x00000000e9400000| Untracked 
| 149|0x00000000e9500000, 0x00000000e9500000, 0x00000000e9600000|  0%| F|  |TAMS 0x00000000e9500000, 0x00000000e9500000| Untracked 
| 150|0x00000000e9600000, 0x00000000e9600000, 0x00000000e9700000|  0%| F|  |TAMS 0x00000000e9600000, 0x00000000e9600000| Untracked 
| 151|0x00000000e9700000, 0x00000000e9700000, 0x00000000e9800000|  0%| F|  |TAMS 0x00000000e9700000, 0x00000000e9700000| Untracked 
| 152|0x00000000e9800000, 0x00000000e9800000, 0x00000000e9900000|  0%| F|  |TAMS 0x00000000e9800000, 0x00000000e9800000| Untracked 
| 153|0x00000000e9900000, 0x00000000e9900000, 0x00000000e9a00000|  0%| F|  |TAMS 0x00000000e9900000, 0x00000000e9900000| Untracked 
| 154|0x00000000e9a00000, 0x00000000e9a00000, 0x00000000e9b00000|  0%| F|  |TAMS 0x00000000e9a00000, 0x00000000e9a00000| Untracked 
| 155|0x00000000e9b00000, 0x00000000e9b00000, 0x00000000e9c00000|  0%| F|  |TAMS 0x00000000e9b00000, 0x00000000e9b00000| Untracked 
| 156|0x00000000e9c00000, 0x00000000e9c00000, 0x00000000e9d00000|  0%| F|  |TAMS 0x00000000e9c00000, 0x00000000e9c00000| Untracked 
| 157|0x00000000e9d00000, 0x00000000e9d00000, 0x00000000e9e00000|  0%| F|  |TAMS 0x00000000e9d00000, 0x00000000e9d00000| Untracked 
| 158|0x00000000e9e00000, 0x00000000e9f00000, 0x00000000e9f00000|100%| S|CS|TAMS 0x00000000e9e00000, 0x00000000e9e00000| Complete 
| 159|0x00000000e9f00000, 0x00000000ea000000, 0x00000000ea000000|100%| S|CS|TAMS 0x00000000e9f00000, 0x00000000e9f00000| Complete 
| 160|0x00000000ea000000, 0x00000000ea100000, 0x00000000ea100000|100%| S|CS|TAMS 0x00000000ea000000, 0x00000000ea000000| Complete 
| 161|0x00000000ea100000, 0x00000000ea200000, 0x00000000ea200000|100%| S|CS|TAMS 0x00000000ea100000, 0x00000000ea100000| Complete 
| 162|0x00000000ea200000, 0x00000000ea300000, 0x00000000ea300000|100%| S|CS|TAMS 0x00000000ea200000, 0x00000000ea200000| Complete 
| 163|0x00000000ea300000, 0x00000000ea400000, 0x00000000ea400000|100%| S|CS|TAMS 0x00000000ea300000, 0x00000000ea300000| Complete 
| 164|0x00000000ea400000, 0x00000000ea500000, 0x00000000ea500000|100%| S|CS|TAMS 0x00000000ea400000, 0x00000000ea400000| Complete 
| 165|0x00000000ea500000, 0x00000000ea600000, 0x00000000ea600000|100%| S|CS|TAMS 0x00000000ea500000, 0x00000000ea500000| Complete 
| 166|0x00000000ea600000, 0x00000000ea700000, 0x00000000ea700000|100%| S|CS|TAMS 0x00000000ea600000, 0x00000000ea600000| Complete 
| 167|0x00000000ea700000, 0x00000000ea800000, 0x00000000ea800000|100%| S|CS|TAMS 0x00000000ea700000, 0x00000000ea700000| Complete 
| 168|0x00000000ea800000, 0x00000000ea900000, 0x00000000ea900000|100%| S|CS|TAMS 0x00000000ea800000, 0x00000000ea800000| Complete 
| 169|0x00000000ea900000, 0x00000000ea900000, 0x00000000eaa00000|  0%| F|  |TAMS 0x00000000ea900000, 0x00000000ea900000| Untracked 
| 170|0x00000000eaa00000, 0x00000000eaa00000, 0x00000000eab00000|  0%| F|  |TAMS 0x00000000eaa00000, 0x00000000eaa00000| Untracked 
| 171|0x00000000eab00000, 0x00000000eab00000, 0x00000000eac00000|  0%| F|  |TAMS 0x00000000eab00000, 0x00000000eab00000| Untracked 
| 172|0x00000000eac00000, 0x00000000eac00000, 0x00000000ead00000|  0%| F|  |TAMS 0x00000000eac00000, 0x00000000eac00000| Untracked 
| 173|0x00000000ead00000, 0x00000000ead00000, 0x00000000eae00000|  0%| F|  |TAMS 0x00000000ead00000, 0x00000000ead00000| Untracked 
| 174|0x00000000eae00000, 0x00000000eae00000, 0x00000000eaf00000|  0%| F|  |TAMS 0x00000000eae00000, 0x00000000eae00000| Untracked 
| 175|0x00000000eaf00000, 0x00000000eaf00000, 0x00000000eb000000|  0%| F|  |TAMS 0x00000000eaf00000, 0x00000000eaf00000| Untracked 
| 176|0x00000000eb000000, 0x00000000eb000000, 0x00000000eb100000|  0%| F|  |TAMS 0x00000000eb000000, 0x00000000eb000000| Untracked 
| 177|0x00000000eb100000, 0x00000000eb100000, 0x00000000eb200000|  0%| F|  |TAMS 0x00000000eb100000, 0x00000000eb100000| Untracked 
| 178|0x00000000eb200000, 0x00000000eb200000, 0x00000000eb300000|  0%| F|  |TAMS 0x00000000eb200000, 0x00000000eb200000| Untracked 
| 179|0x00000000eb300000, 0x00000000eb300000, 0x00000000eb400000|  0%| F|  |TAMS 0x00000000eb300000, 0x00000000eb300000| Untracked 
| 180|0x00000000eb400000, 0x00000000eb400000, 0x00000000eb500000|  0%| F|  |TAMS 0x00000000eb400000, 0x00000000eb400000| Untracked 
| 181|0x00000000eb500000, 0x00000000eb500000, 0x00000000eb600000|  0%| F|  |TAMS 0x00000000eb500000, 0x00000000eb500000| Untracked 
| 182|0x00000000eb600000, 0x00000000eb600000, 0x00000000eb700000|  0%| F|  |TAMS 0x00000000eb600000, 0x00000000eb600000| Untracked 
| 183|0x00000000eb700000, 0x00000000eb700000, 0x00000000eb800000|  0%| F|  |TAMS 0x00000000eb700000, 0x00000000eb700000| Untracked 
| 184|0x00000000eb800000, 0x00000000eb800000, 0x00000000eb900000|  0%| F|  |TAMS 0x00000000eb800000, 0x00000000eb800000| Untracked 
| 185|0x00000000eb900000, 0x00000000eb900000, 0x00000000eba00000|  0%| F|  |TAMS 0x00000000eb900000, 0x00000000eb900000| Untracked 
| 186|0x00000000eba00000, 0x00000000eba00000, 0x00000000ebb00000|  0%| F|  |TAMS 0x00000000eba00000, 0x00000000eba00000| Untracked 
| 187|0x00000000ebb00000, 0x00000000ebb00000, 0x00000000ebc00000|  0%| F|  |TAMS 0x00000000ebb00000, 0x00000000ebb00000| Untracked 
| 188|0x00000000ebc00000, 0x00000000ebc00000, 0x00000000ebd00000|  0%| F|  |TAMS 0x00000000ebc00000, 0x00000000ebc00000| Untracked 
| 189|0x00000000ebd00000, 0x00000000ebd00000, 0x00000000ebe00000|  0%| F|  |TAMS 0x00000000ebd00000, 0x00000000ebd00000| Untracked 
| 190|0x00000000ebe00000, 0x00000000ebe00000, 0x00000000ebf00000|  0%| F|  |TAMS 0x00000000ebe00000, 0x00000000ebe00000| Untracked 
| 191|0x00000000ebf00000, 0x00000000ebf00000, 0x00000000ec000000|  0%| F|  |TAMS 0x00000000ebf00000, 0x00000000ebf00000| Untracked 
| 192|0x00000000ec000000, 0x00000000ec000000, 0x00000000ec100000|  0%| F|  |TAMS 0x00000000ec000000, 0x00000000ec000000| Untracked 
| 193|0x00000000ec100000, 0x00000000ec100000, 0x00000000ec200000|  0%| F|  |TAMS 0x00000000ec100000, 0x00000000ec100000| Untracked 
| 194|0x00000000ec200000, 0x00000000ec200000, 0x00000000ec300000|  0%| F|  |TAMS 0x00000000ec200000, 0x00000000ec200000| Untracked 
| 195|0x00000000ec300000, 0x00000000ec300000, 0x00000000ec400000|  0%| F|  |TAMS 0x00000000ec300000, 0x00000000ec300000| Untracked 
| 196|0x00000000ec400000, 0x00000000ec400000, 0x00000000ec500000|  0%| F|  |TAMS 0x00000000ec400000, 0x00000000ec400000| Untracked 
| 197|0x00000000ec500000, 0x00000000ec500000, 0x00000000ec600000|  0%| F|  |TAMS 0x00000000ec500000, 0x00000000ec500000| Untracked 
| 198|0x00000000ec600000, 0x00000000ec600000, 0x00000000ec700000|  0%| F|  |TAMS 0x00000000ec600000, 0x00000000ec600000| Untracked 
| 199|0x00000000ec700000, 0x00000000ec700000, 0x00000000ec800000|  0%| F|  |TAMS 0x00000000ec700000, 0x00000000ec700000| Untracked 
| 200|0x00000000ec800000, 0x00000000ec800000, 0x00000000ec900000|  0%| F|  |TAMS 0x00000000ec800000, 0x00000000ec800000| Untracked 
| 201|0x00000000ec900000, 0x00000000ec900000, 0x00000000eca00000|  0%| F|  |TAMS 0x00000000ec900000, 0x00000000ec900000| Untracked 
| 202|0x00000000eca00000, 0x00000000eca00000, 0x00000000ecb00000|  0%| F|  |TAMS 0x00000000eca00000, 0x00000000eca00000| Untracked 
| 203|0x00000000ecb00000, 0x00000000ecb00000, 0x00000000ecc00000|  0%| F|  |TAMS 0x00000000ecb00000, 0x00000000ecb00000| Untracked 
| 204|0x00000000ecc00000, 0x00000000ecc00000, 0x00000000ecd00000|  0%| F|  |TAMS 0x00000000ecc00000, 0x00000000ecc00000| Untracked 
| 205|0x00000000ecd00000, 0x00000000ecd00000, 0x00000000ece00000|  0%| F|  |TAMS 0x00000000ecd00000, 0x00000000ecd00000| Untracked 
| 206|0x00000000ece00000, 0x00000000ece00000, 0x00000000ecf00000|  0%| F|  |TAMS 0x00000000ece00000, 0x00000000ece00000| Untracked 
| 207|0x00000000ecf00000, 0x00000000ecf00000, 0x00000000ed000000|  0%| F|  |TAMS 0x00000000ecf00000, 0x00000000ecf00000| Untracked 
| 208|0x00000000ed000000, 0x00000000ed000000, 0x00000000ed100000|  0%| F|  |TAMS 0x00000000ed000000, 0x00000000ed000000| Untracked 
| 209|0x00000000ed100000, 0x00000000ed100000, 0x00000000ed200000|  0%| F|  |TAMS 0x00000000ed100000, 0x00000000ed100000| Untracked 
| 210|0x00000000ed200000, 0x00000000ed200000, 0x00000000ed300000|  0%| F|  |TAMS 0x00000000ed200000, 0x00000000ed200000| Untracked 
| 211|0x00000000ed300000, 0x00000000ed300000, 0x00000000ed400000|  0%| F|  |TAMS 0x00000000ed300000, 0x00000000ed300000| Untracked 
| 212|0x00000000ed400000, 0x00000000ed400000, 0x00000000ed500000|  0%| F|  |TAMS 0x00000000ed400000, 0x00000000ed400000| Untracked 
| 213|0x00000000ed500000, 0x00000000ed500000, 0x00000000ed600000|  0%| F|  |TAMS 0x00000000ed500000, 0x00000000ed500000| Untracked 
| 214|0x00000000ed600000, 0x00000000ed600000, 0x00000000ed700000|  0%| F|  |TAMS 0x00000000ed600000, 0x00000000ed600000| Untracked 
| 215|0x00000000ed700000, 0x00000000ed700000, 0x00000000ed800000|  0%| F|  |TAMS 0x00000000ed700000, 0x00000000ed700000| Untracked 
| 216|0x00000000ed800000, 0x00000000ed800000, 0x00000000ed900000|  0%| F|  |TAMS 0x00000000ed800000, 0x00000000ed800000| Untracked 
| 217|0x00000000ed900000, 0x00000000ed900000, 0x00000000eda00000|  0%| F|  |TAMS 0x00000000ed900000, 0x00000000ed900000| Untracked 
| 218|0x00000000eda00000, 0x00000000eda00000, 0x00000000edb00000|  0%| F|  |TAMS 0x00000000eda00000, 0x00000000eda00000| Untracked 
| 219|0x00000000edb00000, 0x00000000edb00000, 0x00000000edc00000|  0%| F|  |TAMS 0x00000000edb00000, 0x00000000edb00000| Untracked 
| 220|0x00000000edc00000, 0x00000000edc00000, 0x00000000edd00000|  0%| F|  |TAMS 0x00000000edc00000, 0x00000000edc00000| Untracked 
| 221|0x00000000edd00000, 0x00000000edd00000, 0x00000000ede00000|  0%| F|  |TAMS 0x00000000edd00000, 0x00000000edd00000| Untracked 
| 222|0x00000000ede00000, 0x00000000ede00000, 0x00000000edf00000|  0%| F|  |TAMS 0x00000000ede00000, 0x00000000ede00000| Untracked 
| 223|0x00000000edf00000, 0x00000000edf00000, 0x00000000ee000000|  0%| F|  |TAMS 0x00000000edf00000, 0x00000000edf00000| Untracked 
| 224|0x00000000ee000000, 0x00000000ee000000, 0x00000000ee100000|  0%| F|  |TAMS 0x00000000ee000000, 0x00000000ee000000| Untracked 
| 225|0x00000000ee100000, 0x00000000ee100000, 0x00000000ee200000|  0%| F|  |TAMS 0x00000000ee100000, 0x00000000ee100000| Untracked 
| 226|0x00000000ee200000, 0x00000000ee200000, 0x00000000ee300000|  0%| F|  |TAMS 0x00000000ee200000, 0x00000000ee200000| Untracked 
| 227|0x00000000ee300000, 0x00000000ee300000, 0x00000000ee400000|  0%| F|  |TAMS 0x00000000ee300000, 0x00000000ee300000| Untracked 
| 228|0x00000000ee400000, 0x00000000ee400000, 0x00000000ee500000|  0%| F|  |TAMS 0x00000000ee400000, 0x00000000ee400000| Untracked 
| 229|0x00000000ee500000, 0x00000000ee500000, 0x00000000ee600000|  0%| F|  |TAMS 0x00000000ee500000, 0x00000000ee500000| Untracked 
| 230|0x00000000ee600000, 0x00000000ee600000, 0x00000000ee700000|  0%| F|  |TAMS 0x00000000ee600000, 0x00000000ee600000| Untracked 
| 231|0x00000000ee700000, 0x00000000ee700000, 0x00000000ee800000|  0%| F|  |TAMS 0x00000000ee700000, 0x00000000ee700000| Untracked 
| 232|0x00000000ee800000, 0x00000000ee800000, 0x00000000ee900000|  0%| F|  |TAMS 0x00000000ee800000, 0x00000000ee800000| Untracked 
| 233|0x00000000ee900000, 0x00000000ee900000, 0x00000000eea00000|  0%| F|  |TAMS 0x00000000ee900000, 0x00000000ee900000| Untracked 
| 234|0x00000000eea00000, 0x00000000eea00000, 0x00000000eeb00000|  0%| F|  |TAMS 0x00000000eea00000, 0x00000000eea00000| Untracked 
| 235|0x00000000eeb00000, 0x00000000eeb00000, 0x00000000eec00000|  0%| F|  |TAMS 0x00000000eeb00000, 0x00000000eeb00000| Untracked 
| 236|0x00000000eec00000, 0x00000000eec00000, 0x00000000eed00000|  0%| F|  |TAMS 0x00000000eec00000, 0x00000000eec00000| Untracked 
| 237|0x00000000eed00000, 0x00000000eed00000, 0x00000000eee00000|  0%| F|  |TAMS 0x00000000eed00000, 0x00000000eed00000| Untracked 
| 238|0x00000000eee00000, 0x00000000eee00000, 0x00000000eef00000|  0%| F|  |TAMS 0x00000000eee00000, 0x00000000eee00000| Untracked 
| 239|0x00000000eef00000, 0x00000000eef00000, 0x00000000ef000000|  0%| F|  |TAMS 0x00000000eef00000, 0x00000000eef00000| Untracked 
| 240|0x00000000ef000000, 0x00000000ef000000, 0x00000000ef100000|  0%| F|  |TAMS 0x00000000ef000000, 0x00000000ef000000| Untracked 
| 241|0x00000000ef100000, 0x00000000ef100000, 0x00000000ef200000|  0%| F|  |TAMS 0x00000000ef100000, 0x00000000ef100000| Untracked 
| 242|0x00000000ef200000, 0x00000000ef200000, 0x00000000ef300000|  0%| F|  |TAMS 0x00000000ef200000, 0x00000000ef200000| Untracked 
| 243|0x00000000ef300000, 0x00000000ef300000, 0x00000000ef400000|  0%| F|  |TAMS 0x00000000ef300000, 0x00000000ef300000| Untracked 
| 244|0x00000000ef400000, 0x00000000ef400000, 0x00000000ef500000|  0%| F|  |TAMS 0x00000000ef400000, 0x00000000ef400000| Untracked 
| 245|0x00000000ef500000, 0x00000000ef500000, 0x00000000ef600000|  0%| F|  |TAMS 0x00000000ef500000, 0x00000000ef500000| Untracked 
| 246|0x00000000ef600000, 0x00000000ef600000, 0x00000000ef700000|  0%| F|  |TAMS 0x00000000ef600000, 0x00000000ef600000| Untracked 
| 247|0x00000000ef700000, 0x00000000ef700000, 0x00000000ef800000|  0%| F|  |TAMS 0x00000000ef700000, 0x00000000ef700000| Untracked 
| 248|0x00000000ef800000, 0x00000000ef800000, 0x00000000ef900000|  0%| F|  |TAMS 0x00000000ef800000, 0x00000000ef800000| Untracked 
| 249|0x00000000ef900000, 0x00000000ef980800, 0x00000000efa00000| 50%| E|  |TAMS 0x00000000ef900000, 0x00000000ef900000| Complete 
| 250|0x00000000efa00000, 0x00000000efb00000, 0x00000000efb00000|100%| E|CS|TAMS 0x00000000efa00000, 0x00000000efa00000| Complete 
| 251|0x00000000efb00000, 0x00000000efc00000, 0x00000000efc00000|100%| E|CS|TAMS 0x00000000efb00000, 0x00000000efb00000| Complete 
| 252|0x00000000efc00000, 0x00000000efd00000, 0x00000000efd00000|100%| E|CS|TAMS 0x00000000efc00000, 0x00000000efc00000| Complete 
| 253|0x00000000efd00000, 0x00000000efe00000, 0x00000000efe00000|100%| E|CS|TAMS 0x00000000efd00000, 0x00000000efd00000| Complete 
| 254|0x00000000efe00000, 0x00000000eff00000, 0x00000000eff00000|100%| E|CS|TAMS 0x00000000efe00000, 0x00000000efe00000| Complete 
| 255|0x00000000eff00000, 0x00000000f0000000, 0x00000000f0000000|100%| E|CS|TAMS 0x00000000eff00000, 0x00000000eff00000| Complete 

Card table byte_map: [0x0000020fc45a0000,0x0000020fc46a0000] _byte_map_base: 0x0000020fc3ea0000

Marking Bits (Prev, Next): (CMBitMap*) 0x0000020fadf8d8f8, (CMBitMap*) 0x0000020fadf8d930
 Prev Bits: [0x0000020fc47a0000, 0x0000020fc4fa0000)
 Next Bits: [0x0000020fc4fa0000, 0x0000020fc57a0000)

Polling page: 0x0000020fabed0000

Metaspace:

Usage:
  Non-class:     85.01 MB capacity,    82.77 MB ( 97%) used,     2.00 MB (  2%) free+waste,   244.44 KB ( <1%) overhead. 
      Class:     12.64 MB capacity,    11.62 MB ( 92%) used,   933.30 KB (  7%) free+waste,   112.69 KB ( <1%) overhead. 
       Both:     97.65 MB capacity,    94.38 MB ( 97%) used,     2.91 MB (  3%) free+waste,   357.13 KB ( <1%) overhead. 

Virtual space:
  Non-class space:       86.00 MB reserved,      85.25 MB (>99%) committed 
      Class space:      248.00 MB reserved,      12.74 MB (  5%) committed 
             Both:      334.00 MB reserved,      97.99 MB ( 29%) committed 

Chunk freelists:
   Non-Class:  7.13 KB
       Class:  0 bytes
        Both:  7.13 KB

CodeHeap 'non-profiled nmethods': size=120064Kb used=13398Kb max_used=13783Kb free=106665Kb
 bounds [0x0000020fbd060000, 0x0000020fbdde0000, 0x0000020fc45a0000]
CodeHeap 'profiled nmethods': size=120000Kb used=36822Kb max_used=38419Kb free=83177Kb
 bounds [0x0000020fb5b30000, 0x0000020fb80d0000, 0x0000020fbd060000]
CodeHeap 'non-nmethods': size=5696Kb used=2310Kb max_used=2396Kb free=3385Kb
 bounds [0x0000020fb55a0000, 0x0000020fb5810000, 0x0000020fb5b30000]
 total_blobs=16842 nmethods=15912 adapters=841
 compilation: enabled
              stopped_count=0, restarted_count=0
 full_count=0

Compilation events (10 events):
Event: 139.298 Thread 0x0000020fc863e000 18213       3       com.sun.tools.javac.comp.Attr::visitIndexed (130 bytes)
Event: 139.301 Thread 0x0000020fc863e000 nmethod 18213 0x0000020fb6950310 code [0x0000020fb69506e0, 0x0000020fb6952528]
Event: 139.301 Thread 0x0000020fc863e000 18214       3       com.sun.tools.javac.code.Types::isArray (27 bytes)
Event: 139.301 Thread 0x0000020fc863e000 nmethod 18214 0x0000020fb61c2810 code [0x0000020fb61c2a00, 0x0000020fb61c3008]
Event: 139.343 Thread 0x0000020fc863e000 18215       3       com.sun.tools.javac.comp.Check::checkClassOverrideEqualsAndHashIfNeeded (119 bytes)
Event: 139.345 Thread 0x0000020fc863e000 nmethod 18215 0x0000020fb65eaa10 code [0x0000020fb65eacc0, 0x0000020fb65ebdd8]
Event: 139.345 Thread 0x0000020fc863e000 18216   !   3       com.sun.tools.javac.comp.Check::checkFunctionalInterface (128 bytes)
Event: 139.347 Thread 0x0000020fc863e000 nmethod 18216 0x0000020fb6981290 code [0x0000020fb69815c0, 0x0000020fb6982c88]
Event: 139.347 Thread 0x0000020fc863e000 18217       3       com.sun.tools.javac.comp.Check::checkLeaksNotAccessible (90 bytes)
Event: 139.348 Thread 0x0000020fc863e000 nmethod 18217 0x0000020fb622ee10 code [0x0000020fb622f000, 0x0000020fb622f478]

GC Heap History (10 events):
Event: 130.748 GC heap before
{Heap before GC invocations=37 (full 0):
 garbage-first heap   total 262144K, used 217570K [0x00000000e0000000, 0x0000000100000000)
  region size 1024K, 84 young (86016K), 6 survivors (6144K)
 Metaspace       used 96380K, capacity 99705K, committed 99832K, reserved 342016K
  class space    used 11892K, capacity 12937K, committed 13048K, reserved 253952K
}
Event: 130.758 GC heap after
{Heap after GC invocations=38 (full 0):
 garbage-first heap   total 262144K, used 136930K [0x00000000e0000000, 0x0000000100000000)
  region size 1024K, 6 young (6144K), 6 survivors (6144K)
 Metaspace       used 96380K, capacity 99705K, committed 99832K, reserved 342016K
  class space    used 11892K, capacity 12937K, committed 13048K, reserved 253952K
}
Event: 131.427 GC heap before
{Heap before GC invocations=38 (full 0):
 garbage-first heap   total 262144K, used 142050K [0x00000000e0000000, 0x0000000100000000)
  region size 1024K, 13 young (13312K), 6 survivors (6144K)
 Metaspace       used 96397K, capacity 99706K, committed 99832K, reserved 342016K
  class space    used 11892K, capacity 12937K, committed 13048K, reserved 253952K
}
Event: 131.435 GC heap after
{Heap after GC invocations=39 (full 0):
 garbage-first heap   total 262144K, used 132622K [0x00000000e0000000, 0x0000000100000000)
  region size 1024K, 4 young (4096K), 4 survivors (4096K)
 Metaspace       used 96397K, capacity 99706K, committed 99832K, reserved 342016K
  class space    used 11892K, capacity 12937K, committed 13048K, reserved 253952K
}
Event: 134.889 GC heap before
{Heap before GC invocations=40 (full 0):
 garbage-first heap   total 262144K, used 220686K [0x00000000e0000000, 0x0000000100000000)
  region size 1024K, 89 young (91136K), 4 survivors (4096K)
 Metaspace       used 96513K, capacity 99834K, committed 100088K, reserved 342016K
  class space    used 11893K, capacity 12937K, committed 13048K, reserved 253952K
}
Event: 134.901 GC heap after
{Heap after GC invocations=41 (full 0):
 garbage-first heap   total 262144K, used 138236K [0x00000000e0000000, 0x0000000100000000)
  region size 1024K, 7 young (7168K), 7 survivors (7168K)
 Metaspace       used 96513K, capacity 99834K, committed 100088K, reserved 342016K
  class space    used 11893K, capacity 12937K, committed 13048K, reserved 253952K
}
Event: 135.996 GC heap before
{Heap before GC invocations=41 (full 0):
 garbage-first heap   total 262144K, used 151548K [0x00000000e0000000, 0x0000000100000000)
  region size 1024K, 21 young (21504K), 7 survivors (7168K)
 Metaspace       used 96532K, capacity 99834K, committed 100088K, reserved 342016K
  class space    used 11893K, capacity 12937K, committed 13048K, reserved 253952K
}
Event: 136.007 GC heap after
{Heap after GC invocations=42 (full 0):
 garbage-first heap   total 262144K, used 137068K [0x00000000e0000000, 0x0000000100000000)
  region size 1024K, 6 young (6144K), 6 survivors (6144K)
 Metaspace       used 96532K, capacity 99834K, committed 100088K, reserved 342016K
  class space    used 11893K, capacity 12937K, committed 13048K, reserved 253952K
}
Event: 139.165 GC heap before
{Heap before GC invocations=43 (full 0):
 garbage-first heap   total 262144K, used 222060K [0x00000000e0000000, 0x0000000100000000)
  region size 1024K, 87 young (89088K), 6 survivors (6144K)
 Metaspace       used 96642K, capacity 99988K, committed 100344K, reserved 342016K
  class space    used 11896K, capacity 12942K, committed 13048K, reserved 253952K
}
Event: 139.186 GC heap after
{Heap after GC invocations=44 (full 0):
 garbage-first heap   total 262144K, used 147445K [0x00000000e0000000, 0x0000000100000000)
  region size 1024K, 11 young (11264K), 11 survivors (11264K)
 Metaspace       used 96642K, capacity 99988K, committed 100344K, reserved 342016K
  class space    used 11896K, capacity 12942K, committed 13048K, reserved 253952K
}

Deoptimization events (10 events):
Event: 138.818 Thread 0x0000020fca0f8800 Uncommon trap: reason=unstable_if action=reinterpret pc=0x0000020fbdd05e28 method=com.sun.tools.javac.comp.Flow$AssignAnalyzer.trackable(Lcom/sun/tools/javac/code/Symbol$VarSymbol;)Z @ 8 c2
Event: 138.818 Thread 0x0000020fca0f8800 Uncommon trap: reason=unstable_if action=reinterpret pc=0x0000020fbdc93b94 method=com.sun.tools.javac.comp.Flow$AssignAnalyzer.trackable(Lcom/sun/tools/javac/code/Symbol$VarSymbol;)Z @ 8 c2
Event: 138.819 Thread 0x0000020fca0f8800 Uncommon trap: reason=unstable_if action=reinterpret pc=0x0000020fbdb6f814 method=com.sun.tools.javac.code.Types.isSubSignature(Lcom/sun/tools/javac/code/Type;Lcom/sun/tools/javac/code/Type;Z)Z @ 21 c2
Event: 139.009 Thread 0x0000020fca0f8800 Uncommon trap: reason=unstable_if action=reinterpret pc=0x0000020fbd23e944 method=com.sun.tools.javac.code.Types.isAssignable(Lcom/sun/tools/javac/code/Type;Lcom/sun/tools/javac/code/Type;Lcom/sun/tools/javac/util/Warner;)Z @ 55 c2
Event: 139.036 Thread 0x0000020fca0f8800 Uncommon trap: reason=unstable_if action=reinterpret pc=0x0000020fbdc5ce14 method=com.sun.tools.javac.code.Types.isAssignable(Lcom/sun/tools/javac/code/Type;Lcom/sun/tools/javac/code/Type;Lcom/sun/tools/javac/util/Warner;)Z @ 55 c2
Event: 139.253 Thread 0x0000020fca0f8800 Uncommon trap: reason=null_check action=make_not_entrant pc=0x0000020fbd9134c4 method=com.sun.tools.javac.util.UnsharedNameTable.fromUtf([BII)Lcom/sun/tools/javac/util/Name; @ 50 c2
Event: 139.270 Thread 0x0000020fca0f8800 Uncommon trap: reason=null_check action=make_not_entrant pc=0x0000020fbd910738 method=com.sun.tools.javac.util.UnsharedNameTable.fromUtf([BII)Lcom/sun/tools/javac/util/Name; @ 50 c2
Event: 139.338 Thread 0x0000020fca0f8800 Uncommon trap: reason=bimorphic_or_optimized_type_check action=maybe_recompile pc=0x0000020fbd27c100 method=com.sun.tools.javac.comp.Resolve.findType(Lcom/sun/tools/javac/comp/Env;Lcom/sun/tools/javac/util/Name;)Lcom/sun/tools/javac/code/Symbol; @ 274 c2
Event: 139.342 Thread 0x0000020fca0f8800 Uncommon trap: reason=bimorphic_or_optimized_type_check action=maybe_recompile pc=0x0000020fbd27c100 method=com.sun.tools.javac.comp.Resolve.findType(Lcom/sun/tools/javac/comp/Env;Lcom/sun/tools/javac/util/Name;)Lcom/sun/tools/javac/code/Symbol; @ 274 c2
Event: 139.356 Thread 0x0000020fca0f8800 Uncommon trap: reason=bimorphic_or_optimized_type_check action=maybe_recompile pc=0x0000020fbd27c100 method=com.sun.tools.javac.comp.Resolve.findType(Lcom/sun/tools/javac/comp/Env;Lcom/sun/tools/javac/util/Name;)Lcom/sun/tools/javac/code/Symbol; @ 274 c2

Classes redefined (0 events):
No events

Internal exceptions (10 events):
Event: 138.990 Thread 0x0000020fca0f8800 Exception <a 'sun/nio/fs/WindowsException'{0x00000000eb0d7c88}> (0x00000000eb0d7c88) thrown at [./open/src/hotspot/share/prims/jni.cpp, line 611]
Event: 139.006 Thread 0x0000020fca0f8800 Exception <a 'sun/nio/fs/WindowsException'{0x00000000eaed9028}> (0x00000000eaed9028) thrown at [./open/src/hotspot/share/prims/jni.cpp, line 611]
Event: 139.121 Thread 0x0000020fca0f8800 Exception <a 'sun/nio/fs/WindowsException'{0x00000000eac6f980}> (0x00000000eac6f980) thrown at [./open/src/hotspot/share/prims/jni.cpp, line 611]
Event: 139.145 Thread 0x0000020fca0f8800 Exception <a 'sun/nio/fs/WindowsException'{0x00000000eabfd240}> (0x00000000eabfd240) thrown at [./open/src/hotspot/share/prims/jni.cpp, line 611]
Event: 139.151 Thread 0x0000020fca0f8800 Exception <a 'sun/nio/fs/WindowsException'{0x00000000eaa3b4b8}> (0x00000000eaa3b4b8) thrown at [./open/src/hotspot/share/prims/jni.cpp, line 611]
Event: 139.154 Thread 0x0000020fca0f8800 Exception <a 'sun/nio/fs/WindowsException'{0x00000000eaa4c190}> (0x00000000eaa4c190) thrown at [./open/src/hotspot/share/prims/jni.cpp, line 611]
Event: 139.248 Thread 0x0000020fca0f8800 Exception <a 'sun/nio/fs/WindowsException'{0x00000000eff23f78}> (0x00000000eff23f78) thrown at [./open/src/hotspot/share/prims/jni.cpp, line 611]
Event: 139.253 Thread 0x0000020fca0f8800 Implicit null exception at 0x0000020fbd9128f6 to 0x0000020fbd913488
Event: 139.270 Thread 0x0000020fca0f8800 Implicit null exception at 0x0000020fbd90fd11 to 0x0000020fbd91070c
Event: 139.284 Thread 0x0000020fca0f8800 Exception <a 'sun/nio/fs/WindowsException'{0x00000000efef9160}> (0x00000000efef9160) thrown at [./open/src/hotspot/share/prims/jni.cpp, line 611]

Events (10 events):
Event: 139.270 Thread 0x0000020fca0f8800 DEOPT UNPACKING pc=0x0000020fb55c65af sp=0x000000381f6fa3b0 mode 2
Event: 139.338 Thread 0x0000020fca0f8800 Uncommon trap: trap_request=0xffffffc6 fr.pc=0x0000020fbd27c100 relative=0x0000000000000de0
Event: 139.338 Thread 0x0000020fca0f8800 DEOPT PACKING pc=0x0000020fbd27c100 sp=0x000000381f6f8e90
Event: 139.338 Thread 0x0000020fca0f8800 DEOPT UNPACKING pc=0x0000020fb55c65af sp=0x000000381f6f8e78 mode 2
Event: 139.342 Thread 0x0000020fca0f8800 Uncommon trap: trap_request=0xffffffc6 fr.pc=0x0000020fbd27c100 relative=0x0000000000000de0
Event: 139.342 Thread 0x0000020fca0f8800 DEOPT PACKING pc=0x0000020fbd27c100 sp=0x000000381f6f8e90
Event: 139.342 Thread 0x0000020fca0f8800 DEOPT UNPACKING pc=0x0000020fb55c65af sp=0x000000381f6f8e78 mode 2
Event: 139.356 Thread 0x0000020fca0f8800 Uncommon trap: trap_request=0xffffffc6 fr.pc=0x0000020fbd27c100 relative=0x0000000000000de0
Event: 139.356 Thread 0x0000020fca0f8800 DEOPT PACKING pc=0x0000020fbd27c100 sp=0x000000381f6f8e90
Event: 139.356 Thread 0x0000020fca0f8800 DEOPT UNPACKING pc=0x0000020fb55c65af sp=0x000000381f6f8e78 mode 2


Dynamic libraries:
0x00007ff755970000 - 0x00007ff75597f000 	C:\Program Files\Java\jdk-11.0.13\bin\java.exe
0x00007ffdd1010000 - 0x00007ffdd1208000 	C:\Windows\SYSTEM32\ntdll.dll
0x00007ffdd0d70000 - 0x00007ffdd0e2d000 	C:\Windows\System32\KERNEL32.DLL
0x00007ffdcea70000 - 0x00007ffdced3e000 	C:\Windows\System32\KERNELBASE.dll
0x00007ffdce970000 - 0x00007ffdcea70000 	C:\Windows\System32\ucrtbase.dll
0x00007ffdaf540000 - 0x00007ffdaf558000 	C:\Program Files\Java\jdk-11.0.13\bin\jli.dll
0x00007ffdcf300000 - 0x00007ffdcf3ae000 	C:\Windows\System32\ADVAPI32.dll
0x00007ffdcf3b0000 - 0x00007ffdcf44e000 	C:\Windows\System32\msvcrt.dll
0x00007ffdd00a0000 - 0x00007ffdd013c000 	C:\Windows\System32\sechost.dll
0x00007ffdcf1a0000 - 0x00007ffdcf2c5000 	C:\Windows\System32\RPCRT4.dll
0x00007ffdcff00000 - 0x00007ffdd00a0000 	C:\Windows\System32\USER32.dll
0x00007ffdcede0000 - 0x00007ffdcee02000 	C:\Windows\System32\win32u.dll
0x00007ffdd0d40000 - 0x00007ffdd0d6a000 	C:\Windows\System32\GDI32.dll
0x00007ffdcee10000 - 0x00007ffdcef1b000 	C:\Windows\System32\gdi32full.dll
0x00007ffdced40000 - 0x00007ffdceddd000 	C:\Windows\System32\msvcp_win.dll
0x00007ffdaf560000 - 0x00007ffdaf575000 	C:\Program Files\Java\jdk-11.0.13\bin\VCRUNTIME140.dll
0x00007ffdcdae0000 - 0x00007ffdcdd7a000 	C:\Windows\WinSxS\amd64_microsoft.windows.common-controls_6595b64144ccf1df_6.0.19041.1110_none_60b5254171f9507e\COMCTL32.dll
0x00007ffdbde10000 - 0x00007ffdbde1a000 	C:\Windows\SYSTEM32\VERSION.dll
0x00007ffdcf2d0000 - 0x00007ffdcf300000 	C:\Windows\System32\IMM32.DLL
0x00007ffd91de0000 - 0x00007ffd91e7b000 	C:\Program Files\Java\jdk-11.0.13\bin\msvcp140.dll
0x00007ffd836c0000 - 0x00007ffd841d3000 	C:\Program Files\Java\jdk-11.0.13\bin\server\jvm.dll
0x00007ffdd0270000 - 0x00007ffdd0278000 	C:\Windows\System32\PSAPI.DLL
0x00007ffdbe8f0000 - 0x00007ffdbe8f9000 	C:\Windows\SYSTEM32\WSOCK32.dll
0x00007ffdd0280000 - 0x00007ffdd02eb000 	C:\Windows\System32\WS2_32.dll
0x00007ffdc0d80000 - 0x00007ffdc0da7000 	C:\Windows\SYSTEM32\WINMM.dll
0x00007ffdcbfe0000 - 0x00007ffdcbff2000 	C:\Windows\SYSTEM32\kernel.appcore.dll
0x00007ffdb1e70000 - 0x00007ffdb1e80000 	C:\Program Files\Java\jdk-11.0.13\bin\verify.dll
0x00007ffdce0e0000 - 0x00007ffdce2c4000 	C:\Windows\SYSTEM32\DBGHELP.DLL
0x00007ffdcde90000 - 0x00007ffdcdebc000 	C:\Windows\SYSTEM32\dbgcore.DLL
0x00007ffdcef20000 - 0x00007ffdcefa2000 	C:\Windows\System32\bcryptPrimitives.dll
0x00007ffdaeaf0000 - 0x00007ffdaeb18000 	C:\Program Files\Java\jdk-11.0.13\bin\java.dll
0x00007ffdaf530000 - 0x00007ffdaf53a000 	C:\Program Files\Java\jdk-11.0.13\bin\jimage.dll
0x00007ffdaead0000 - 0x00007ffdaeae6000 	C:\Program Files\Java\jdk-11.0.13\bin\zip.dll
0x00007ffdd05f0000 - 0x00007ffdd0d34000 	C:\Windows\System32\SHELL32.dll
0x00007ffdcc1e0000 - 0x00007ffdcc974000 	C:\Windows\SYSTEM32\windows.storage.dll
0x00007ffdcfb90000 - 0x00007ffdcfee4000 	C:\Windows\System32\combase.dll
0x00007ffdcda40000 - 0x00007ffdcda70000 	C:\Windows\SYSTEM32\Wldp.dll
0x00007ffdcf580000 - 0x00007ffdcf62d000 	C:\Windows\System32\SHCORE.dll
0x00007ffdd02f0000 - 0x00007ffdd0345000 	C:\Windows\System32\shlwapi.dll
0x00007ffdce670000 - 0x00007ffdce68f000 	C:\Windows\SYSTEM32\profapi.dll
0x00007ffd940d0000 - 0x00007ffd940e9000 	C:\Program Files\Java\jdk-11.0.13\bin\net.dll
0x00007ffdc34e0000 - 0x00007ffdc35ea000 	C:\Windows\SYSTEM32\WINHTTP.dll
0x00007ffdcd910000 - 0x00007ffdcd97a000 	C:\Windows\system32\mswsock.dll
0x00007ffd91dc0000 - 0x00007ffd91dd2000 	C:\Program Files\Java\jdk-11.0.13\bin\nio.dll
0x00007ffd91d90000 - 0x00007ffd91db6000 	C:\Users\LUCKY\.gradle\native\29\windows-amd64\native-platform.dll
0x00007ffd94060000 - 0x00007ffd94069000 	C:\Program Files\Java\jdk-11.0.13\bin\management.dll
0x00007ffd91d80000 - 0x00007ffd91d8b000 	C:\Program Files\Java\jdk-11.0.13\bin\management_ext.dll
0x00007ffdce3f0000 - 0x00007ffdce408000 	C:\Windows\SYSTEM32\CRYPTSP.dll
0x00007ffdcd140000 - 0x00007ffdcd174000 	C:\Windows\system32\rsaenh.dll
0x00007ffdce890000 - 0x00007ffdce8b7000 	C:\Windows\System32\bcrypt.dll
0x00007ffdce5f0000 - 0x00007ffdce61e000 	C:\Windows\SYSTEM32\USERENV.dll
0x00007ffdcda00000 - 0x00007ffdcda0c000 	C:\Windows\SYSTEM32\CRYPTBASE.dll
0x00007ffdcd490000 - 0x00007ffdcd4cb000 	C:\Windows\SYSTEM32\IPHLPAPI.DLL
0x00007ffdcf630000 - 0x00007ffdcf638000 	C:\Windows\System32\NSI.dll
0x00007ffdc7aa0000 - 0x00007ffdc7ab7000 	C:\Windows\SYSTEM32\dhcpcsvc6.DLL
0x00007ffdc7a80000 - 0x00007ffdc7a9d000 	C:\Windows\SYSTEM32\dhcpcsvc.DLL
0x00007ffdcd4d0000 - 0x00007ffdcd59a000 	C:\Windows\SYSTEM32\DNSAPI.dll
0x00007ffdbe990000 - 0x00007ffdbe99d000 	C:\Program Files\Java\jdk-11.0.13\bin\sunmscapi.dll
0x00007ffdce730000 - 0x00007ffdce886000 	C:\Windows\System32\CRYPT32.dll
0x00007ffdcdab0000 - 0x00007ffdcdad7000 	C:\Windows\SYSTEM32\ncrypt.dll
0x00007ffdcda70000 - 0x00007ffdcdaab000 	C:\Windows\SYSTEM32\NTASN1.dll
0x00007ffdbc540000 - 0x00007ffdbc565000 	C:\Program Files\Java\jdk-11.0.13\bin\sunec.dll
0x00007ffdc31c0000 - 0x00007ffdc31ca000 	C:\Windows\System32\rasadhlp.dll
0x00007ffdc2d40000 - 0x00007ffdc2dc0000 	C:\Windows\System32\fwpuclnt.dll

dbghelp: loaded successfully - version: 4.0.5 - missing functions: none
symbol engine: initialized successfully - sym options: 0x614 - pdb path: .;C:\Program Files\Java\jdk-11.0.13\bin;C:\Windows\SYSTEM32;C:\Windows\WinSxS\amd64_microsoft.windows.common-controls_6595b64144ccf1df_6.0.19041.1110_none_60b5254171f9507e;C:\Program Files\Java\jdk-11.0.13\bin\server;C:\Users\LUCKY\.gradle\native\29\windows-amd64

VM Arguments:
jvm_args: --add-opens=java.base/java.util=ALL-UNNAMED --add-opens=java.base/java.lang=ALL-UNNAMED --add-opens=java.base/java.lang.invoke=ALL-UNNAMED --add-opens=java.prefs/java.util.prefs=ALL-UNNAMED -XX:MaxMetaspaceSize=256m -XX:+HeapDumpOnOutOfMemoryError -Xms256m -Xmx512m -Dfile.encoding=windows-1252 -Duser.country=US -Duser.language=en -Duser.variant 
java_command: org.gradle.launcher.daemon.bootstrap.GradleDaemon 5.5
java_class_path (initial): C:\Users\LUCKY\.gradle\wrapper\dists\gradle-5.5-all\byeise1led9a3w3p149d02kfj\gradle-5.5\lib\gradle-launcher-5.5.jar
Launcher Type: SUN_STANDARD

[Global flags]
     intx CICompilerCount                          = 3                                         {product} {ergonomic}
   size_t CompressedClassSpaceSize                 = 260046848                                 {product} {ergonomic}
     uint ConcGCThreads                            = 1                                         {product} {ergonomic}
     uint G1ConcRefinementThreads                  = 4                                         {product} {ergonomic}
   size_t G1HeapRegionSize                         = 1048576                                   {product} {ergonomic}
    uintx GCDrainStackTargetSize                   = 64                                        {product} {ergonomic}
     bool HeapDumpOnOutOfMemoryError               = true                                   {manageable} {command line}
   size_t InitialHeapSize                          = 268435456                                 {product} {command line}
   size_t MarkStackSize                            = 4194304                                   {product} {ergonomic}
   size_t MaxHeapSize                              = 536870912                                 {product} {command line}
   size_t MaxMetaspaceSize                         = 268435456                                 {product} {command line}
   size_t MaxNewSize                               = 321912832                                 {product} {ergonomic}
   size_t MinHeapDeltaBytes                        = 1048576                                   {product} {ergonomic}
    uintx NonNMethodCodeHeapSize                   = 5830732                                {pd product} {ergonomic}
    uintx NonProfiledCodeHeapSize                  = 122913754                              {pd product} {ergonomic}
    uintx ProfiledCodeHeapSize                     = 122913754                              {pd product} {ergonomic}
    uintx ReservedCodeCacheSize                    = 251658240                              {pd product} {ergonomic}
     bool SegmentedCodeCache                       = true                                      {product} {ergonomic}
     bool UseCompressedClassPointers               = true                                 {lp64_product} {ergonomic}
     bool UseCompressedOops                        = true                                 {lp64_product} {ergonomic}
     bool UseG1GC                                  = true                                      {product} {ergonomic}
     bool UseLargePagesIndividualAllocation        = false                                  {pd product} {ergonomic}

Logging:
Log output configuration:
 #0: stdout all=warning uptime,level,tags
 #1: stderr all=off uptime,level,tags

Environment Variables:
JAVA_HOME=C:\Program Files\Java\jdk-11.0.13\
CLASSPATH=D:\MyWork\ReactNative\whsnxt_mvp (2)\android\\gradle\wrapper\gradle-wrapper.jar
PATH=D:\MyWork\ReactNative\whsnxt_mvp (2)\android\node_modules\.bin;D:\MyWork\ReactNative\whsnxt_mvp (2)\node_modules\.bin;D:\MyWork\ReactNative\node_modules\.bin;D:\MyWork\node_modules\.bin;D:\node_modules\.bin;C:\Program Files\nodejs;C:\Program Files (x86)\OpenJDK\jdk-8.0.262.10-hotspot\bin;C:\Program Files (x86)\Common Files\Oracle\Java\javapath;C:\Program Files\Common Files\Oracle\Java\javapath;C:\Windows\system32;C:\Windows;C:\Windows\System32\Wbem;C:\Windows\System32\WindowsPowerShell\v1.0\;C:\Windows\System32\OpenSSH\;C:\Program Files\Git\cmd;C:\Users\LUCKY\AppData\Roaming\nvm;C:\Program Files\nodejs;C:\xampp\php;C:\ProgramData\ComposerSetup\bin;C:\Program Files\PuTTY\;C:\Program Files\Java\jdk-18.0.1.1\bin;C:\Program Files\Microsoft SQL Server\150\Tools\Binn\;C:\Users\LUCKY\AppData\Local\Android\Sdk\platform-tools;C:\Program Files\Java\jdk-11.0.13\bin;C:\Users\LUCKY\AppData\Local\Android\Sdk\ndk-bundle;C:\Users\LUCKY\AppData\Local\Programs\Python\Python310\Scripts\;C:\Users\LUCKY\AppData\Local\Programs\Python\Python310\;C:\Users\LUCKY\AppData\Local\Microsoft\WindowsApps;C:\Program Files\Bandizip\;C:\Users\LUCKY\AppData\Roaming\npm;C:\Users\LUCKY\AppData\Local\Programs\Microsoft VS Code\bin;C:\Users\LUCKY\AppData\Roaming\nvm;C:\Program Files\nodejs;C:\Users\LUCKY\AppData\Roaming\Composer\vendor\bin;C:\Program Files\JetBrains\PyCharm Community Edition 2022.1.1\bin;;C:\Users\LUCKY\AppData\Local\Android\Sdk\ndk-bundle;C:\Users\LUCKY\AppData\Local\Android\Sdk\platform-tools;
USERNAME=LUCKY
OS=Windows_NT
PROCESSOR_IDENTIFIER=Intel64 Family 6 Model 58 Stepping 9, GenuineIntel



---------------  S Y S T E M  ---------------

OS: Windows 10 , 64 bit Build 19041 (10.0.19041.1889)

CPU:total 4 (initial active 4) (2 cores per cpu, 2 threads per core) family 6 model 58 stepping 9 microcode 0x21, cmov, cx8, fxsr, mmx, sse, sse2, sse3, ssse3, sse4.1, sse4.2, popcnt, avx, aes, clmul, erms, ht, tsc, tscinvbit, tscinv

Memory: 4k page, system-wide physical 12182M (6126M free)
TotalPageFile size 24470M (AvailPageFile size 18368M)
current process WorkingSet (physical memory assigned to process): 547M, peak: 553M
current process commit charge ("private bytes"): 584M, peak: 589M

vm_info: Java HotSpot(TM) 64-Bit Server VM (11.0.13+10-LTS-370) for windows-amd64 JRE (11.0.13+10-LTS-370), built on Sep 15 2021 22:10:36 by "mach5one" with MS VC++ 15.9 (VS2017)

END.
