#
# A fatal error has been detected by the Java Runtime Environment:
#
#  EXCEPTION_ACCESS_VIOLATION (0xc0000005) at pc=0x00007ff9cae03c17, pid=10276, tid=6804
#
# JRE version: Java(TM) SE Runtime Environment 18.9 (11.0.13+10) (build 11.0.13+10-LTS-370)
# Java VM: Java HotSpot(TM) 64-Bit Server VM 18.9 (11.0.13+10-LTS-370, mixed mode, tiered, compressed oops, g1 gc, windows-amd64)
# Problematic frame:
# V  [jvm.dll+0x6f3c17]
#
# No core dump will be written. Minidumps are not enabled by default on client versions of Windows
#
# If you would like to submit a bug report, please visit:
#   https://bugreport.java.com/bugreport/crash.jsp
#

---------------  S U M M A R Y ------------

Command Line: --add-opens=java.base/java.util=ALL-UNNAMED --add-opens=java.base/java.lang=ALL-UNNAMED --add-opens=java.base/java.lang.invoke=ALL-UNNAMED --add-opens=java.prefs/java.util.prefs=ALL-UNNAMED -XX:MaxMetaspaceSize=256m -XX:+HeapDumpOnOutOfMemoryError -Xms256m -Xmx512m -Dfile.encoding=windows-1252 -Duser.country=US -Duser.language=en -Duser.variant org.gradle.launcher.daemon.bootstrap.GradleDaemon 5.5

Host: Intel(R) Core(TM) i5-3230M CPU @ 2.60GHz, 4 cores, 11G,  Windows 10 , 64 bit Build 19041 (10.0.19041.1889)
Time: Mon Aug 15 18:44:19 2022 Tokyo Standard Time elapsed time: 757.452196 seconds (0d 0h 12m 37s)

---------------  T H R E A D  ---------------

Current thread (0x00000228fb7cf800):  GCTaskThread "GC Thread#0" [stack: 0x0000009015300000,0x0000009015400000] [id=6804]

Stack: [0x0000009015300000,0x0000009015400000],  sp=0x00000090153ff8f0,  free space=1022k
Native frames: (J=compiled Java code, j=interpreted, Vv=VM code, C=native code)
V  [jvm.dll+0x6f3c17]
V  [jvm.dll+0x6f4974]
V  [jvm.dll+0x2d40fe]
V  [jvm.dll+0x2d3ccb]
V  [jvm.dll+0x791c30]
V  [jvm.dll+0x720a54]
V  [jvm.dll+0x627606]
C  [ucrtbase.dll+0x21bb2]
C  [KERNEL32.DLL+0x17034]
C  [ntdll.dll+0x52651]


siginfo: EXCEPTION_ACCESS_VIOLATION (0xc0000005), reading address 0x000000289fd99672


Register to memory mapping:

RIP=0x00007ff9cae03c17 jvm.dll
RAX=0x000000000000ffff is an unknown value
RBX=0x000002289d8b01b0 points into unknown readable memory: 0x00000000ed064d6e | 6e 4d 06 ed 00 00 00 00
RCX=0x000000289fd99670 is an unknown value
RDX=0x0000000000000020 is an unknown value
RSP=0x00000090153ff8f0 points into unknown readable memory: 0x00007ff9caf86688 | 88 66 f8 ca f9 7f 00 00
RBP=0x00000090153ff950 points into unknown readable memory: 0x0000000000005e21 | 21 5e 00 00 00 00 00 00
RSI=0x00000228a10f5b88 points into unknown readable memory: 0x000002289d8b01b0 | b0 01 8b 9d 28 02 00 00
RDI=0x00000090153ff9a0 points into unknown readable memory: 0x0000000000000000 | 00 00 00 00 00 00 00 00
R8 =0x00000090153ff950 points into unknown readable memory: 0x0000000000005e21 | 21 5e 00 00 00 00 00 00
R9 =0x00000000ebf1abb8 is an oop: java.lang.String 
{0x00000000ebf1abb8} - klass: 'java/lang/String'
R10=0x00000228fb887310 points into unknown readable memory: 0x00007ff9caf824f0 | f0 24 f8 ca f9 7f 00 00
R11=0x00000090153ff978 points into unknown readable memory: 0x00007ff9ca9e40fe | fe 40 9e ca f9 7f 00 00
R12=0x000000000000001d is an unknown value
R13=0x0 is NULL
R14=0x000000000000e418 is an unknown value
R15=0x000000000000e418 is an unknown value


Registers:
RAX=0x000000000000ffff, RBX=0x000002289d8b01b0, RCX=0x000000289fd99670, RDX=0x0000000000000020
RSP=0x00000090153ff8f0, RBP=0x00000090153ff950, RSI=0x00000228a10f5b88, RDI=0x00000090153ff9a0
R8 =0x00000090153ff950, R9 =0x00000000ebf1abb8, R10=0x00000228fb887310, R11=0x00000090153ff978
R12=0x000000000000001d, R13=0x0000000000000000, R14=0x000000000000e418, R15=0x000000000000e418
RIP=0x00007ff9cae03c17, EFLAGS=0x0000000000010206

Top of Stack: (sp=0x00000090153ff8f0)
0x00000090153ff8f0:   00007ff9caf86688 00007ff9cafd0fb0
0x00000090153ff900:   00000090158fe820 000000000000000a
0x00000090153ff910:   0000000000000000 00000228fb7cf800
0x00000090153ff920:   00000090153ffcb0 00007ff9cae04974
0x00000090153ff930:   0000000000004e2b 00000090153ff9d8
0x00000090153ff940:   00000090153ff9a0 0000000000000000
0x00000090153ff950:   0000000000005e21 0000000000000000
0x00000090153ff960:   0000000000000000 0000000000000000
0x00000090153ff970:   0000000000000001 00007ff9ca9e40fe
0x00000090153ff980:   00000090158fe6e0 00000090158fe6c0
0x00000090153ff990:   0000000000000000 00000228fb7cf800
0x00000090153ff9a0:   0000000000000000 0000000000000000
0x00000090153ff9b0:   0000000000000001 00007ff9ca9e3ccb
0x00000090153ff9c0:   00000228000028bd 00000228fb6a7ca0
0x00000090153ff9d0:   000000900000000a 0000000000000000
0x00000090153ff9e0:   00000000000075a3 0000000000000000 

Instructions: (pc=0x00007ff9cae03c17)
0x00007ff9cae03bf7:   74 51 0f 1f 80 00 00 00 00 f6 43 08 01 74 0a 48
0x00007ff9cae03c07:   83 3d 32 f2 34 00 00 74 3a 48 8b 4b 10 ff 45 00
0x00007ff9cae03c17:   0f b7 41 02 66 85 c0 75 1d e8 7b ed 9b ff 48 8b
0x00007ff9cae03c27:   43 08 48 8b d3 48 83 e0 fe 48 8b cd 48 89 06 e8 


Stack slot to memory mapping:
stack at sp + 0 slots: 0x00007ff9caf86688 jvm.dll
stack at sp + 1 slots: 0x00007ff9cafd0fb0 jvm.dll
stack at sp + 2 slots: 0x00000090158fe820 points into unknown readable memory: 0x00007ff9caf74a58 | 58 4a f7 ca f9 7f 00 00
stack at sp + 3 slots: 0x000000000000000a is an unknown value
stack at sp + 4 slots: 0x0 is NULL
stack at sp + 5 slots: 0x00000228fb7cf800 points into unknown readable memory: 0x00007ff9caff8d48 | 48 8d ff ca f9 7f 00 00
stack at sp + 6 slots: 0x00000090153ffcb0 points into unknown readable memory: 0x00000000000075a3 | a3 75 00 00 00 00 00 00
stack at sp + 7 slots: 0x00007ff9cae04974 jvm.dll


---------------  P R O C E S S  ---------------

Threads class SMR info:
_java_thread_list=0x00000228a45fdab0, length=48, elements={
0x00000228fb7b9800, 0x000002289a4bc800, 0x000002289a4c6000, 0x000002289a4db000,
0x000002289a4dc800, 0x000002289a4de800, 0x000002289a4e2800, 0x000002289a4ea000,
0x000002289aead000, 0x000002289afa3800, 0x000002289c3c0800, 0x000002289c4cb800,
0x000002289c23e800, 0x000002289ccb0000, 0x000002289ccaf800, 0x000002289ccad800,
0x000002289d6ca800, 0x000002289d6cf000, 0x000002289d6cd000, 0x00000228a27e8000,
0x00000228a27ea800, 0x00000228a27e9000, 0x000002289d6cb800, 0x000002289d6cc800,
0x000002289d6ce000, 0x000002289d6d3800, 0x000002289d6d5800, 0x000002289d6cf800,
0x000002289d6d6000, 0x000002289d6d7000, 0x000002289d6d8000, 0x000002289d6d2000,
0x000002289d6d9800, 0x00000228a27e5000, 0x00000228a27e9800, 0x00000228a27eb800,
0x00000228a27e5800, 0x00000228a27ed000, 0x00000228a27e7800, 0x00000228a27ee000,
0x00000228a27f3800, 0x00000228a27f0000, 0x00000228a27f2000, 0x00000228a27f1000,
0x00000228a239a800, 0x000002289ccb2000, 0x000002289ccac000, 0x000002289ccad000
}

Java Threads: ( => current thread )
  0x00000228fb7b9800 JavaThread "main" [_thread_blocked, id=3980, stack(0x0000009015200000,0x0000009015300000)]
  0x000002289a4bc800 JavaThread "Reference Handler" daemon [_thread_blocked, id=9092, stack(0x0000009015900000,0x0000009015a00000)]
  0x000002289a4c6000 JavaThread "Finalizer" daemon [_thread_blocked, id=4912, stack(0x0000009015a00000,0x0000009015b00000)]
  0x000002289a4db000 JavaThread "Signal Dispatcher" daemon [_thread_blocked, id=12060, stack(0x0000009015c00000,0x0000009015d00000)]
  0x000002289a4dc800 JavaThread "Attach Listener" daemon [_thread_blocked, id=2528, stack(0x0000009015d00000,0x0000009015e00000)]
  0x000002289a4de800 JavaThread "Service Thread" daemon [_thread_blocked, id=4248, stack(0x0000009015e00000,0x0000009015f00000)]
  0x000002289a4e2800 JavaThread "C2 CompilerThread0" daemon [_thread_in_native, id=6868, stack(0x0000009015f00000,0x0000009016000000)]
  0x000002289a4ea000 JavaThread "C1 CompilerThread0" daemon [_thread_blocked, id=10804, stack(0x0000009016000000,0x0000009016100000)]
  0x000002289aead000 JavaThread "Sweeper thread" daemon [_thread_blocked, id=7520, stack(0x0000009016100000,0x0000009016200000)]
  0x000002289afa3800 JavaThread "Common-Cleaner" daemon [_thread_blocked, id=5784, stack(0x0000009016200000,0x0000009016300000)]
  0x000002289c3c0800 JavaThread "Daemon health stats" [_thread_blocked, id=8928, stack(0x0000009016800000,0x0000009016900000)]
  0x000002289c4cb800 JavaThread "Incoming local TCP Connector on port 62035" [_thread_in_native, id=8332, stack(0x0000009016700000,0x0000009016800000)]
  0x000002289c23e800 JavaThread "Daemon periodic checks" [_thread_blocked, id=2252, stack(0x0000009016900000,0x0000009016a00000)]
  0x000002289ccb0000 JavaThread "Cache worker for file hash cache (C:\Users\LUCKY\.gradle\caches\5.5\fileHashes)" [_thread_blocked, id=4192, stack(0x0000009017100000,0x0000009017200000)]
  0x000002289ccaf800 JavaThread "File lock request listener" [_thread_in_native, id=4936, stack(0x0000009017200000,0x0000009017300000)]
  0x000002289ccad800 JavaThread "Cache worker for journal cache (C:\Users\LUCKY\.gradle\caches\journal-1)" [_thread_blocked, id=8420, stack(0x0000009017300000,0x0000009017400000)]
  0x000002289d6ca800 JavaThread "Cache worker for execution history cache (C:\Users\LUCKY\.gradle\caches\5.5\executionHistory)" [_thread_blocked, id=1652, stack(0x0000009017800000,0x0000009017900000)]
  0x000002289d6cf000 JavaThread "Memory manager" [_thread_blocked, id=3496, stack(0x0000009018000000,0x0000009018100000)]
  0x000002289d6cd000 JavaThread "Cache worker for file content cache (C:\Users\LUCKY\.gradle\caches\5.5\fileContent)" [_thread_blocked, id=10648, stack(0x0000009018400000,0x0000009018500000)]
  0x00000228a27e8000 JavaThread "Monitor" [_thread_in_native, id=11772, stack(0x0000009018900000,0x0000009018a00000)]
  0x00000228a27ea800 JavaThread "Device List Monitor" [_thread_in_native, id=6832, stack(0x0000009018a00000,0x0000009018b00000)]
  0x00000228a27e9000 JavaThread "pool-1-thread-1" [_thread_blocked, id=3136, stack(0x0000009015100000,0x0000009015200000)]
  0x000002289d6cb800 JavaThread "Daemon Thread 3" [_thread_blocked, id=4656, stack(0x0000009015000000,0x0000009015100000)]
  0x000002289d6cc800 JavaThread "Handler for socket connection from /127.0.0.1:62035 to /127.0.0.1:62236" [_thread_in_native, id=9228, stack(0x0000009015b00000,0x0000009015c00000)]
  0x000002289d6ce000 JavaThread "Cancel handler" [_thread_blocked, id=10976, stack(0x0000009016a00000,0x0000009016b00000)]
  0x000002289d6d3800 JavaThread "Daemon worker Thread 3" [_thread_blocked, id=9672, stack(0x0000009016b00000,0x0000009016c00000)]
  0x000002289d6d5800 JavaThread "Asynchronous log dispatcher for DefaultDaemonConnection: socket connection from /127.0.0.1:62035 to /127.0.0.1:62236" [_thread_blocked, id=7956, stack(0x0000009016c00000,0x0000009016d00000)]
  0x000002289d6cf800 JavaThread "Stdin handler" [_thread_blocked, id=6328, stack(0x0000009016d00000,0x0000009016e00000)]
  0x000002289d6d6000 JavaThread "Thread-53" [_thread_blocked, id=7272, stack(0x0000009016e00000,0x0000009016f00000)]
  0x000002289d6d7000 JavaThread "Cache worker for file hash cache (D:\MyWork\ReactNative\whsnxt_mvp (2)\android\.gradle\5.5\fileHashes)" [_thread_blocked, id=7416, stack(0x0000009016f00000,0x0000009017000000)]
  0x000002289d6d8000 JavaThread "Cache worker for cache directory md-supplier (C:\Users\LUCKY\.gradle\caches\5.5\md-supplier)" [_thread_blocked, id=7444, stack(0x0000009017000000,0x0000009017100000)]
  0x000002289d6d2000 JavaThread "Cache worker for cache directory md-rule (C:\Users\LUCKY\.gradle\caches\5.5\md-rule)" [_thread_blocked, id=1332, stack(0x0000009017400000,0x0000009017500000)]
  0x000002289d6d9800 JavaThread "Build operations" [_thread_blocked, id=7516, stack(0x0000009017600000,0x0000009017700000)]
  0x00000228a27e5000 JavaThread "Build operations Thread 2" [_thread_blocked, id=7536, stack(0x0000009017700000,0x0000009017800000)]
  0x00000228a27e9800 JavaThread "Build operations Thread 3" [_thread_blocked, id=8964, stack(0x0000009017900000,0x0000009017a00000)]
  0x00000228a27eb800 JavaThread "Build operations Thread 4" [_thread_blocked, id=8132, stack(0x0000009017a00000,0x0000009017b00000)]
  0x00000228a27e5800 JavaThread "Cache worker for Build Output Cleanup Cache (D:\MyWork\ReactNative\whsnxt_mvp (2)\android\.gradle\buildOutputCleanup)" [_thread_blocked, id=6440, stack(0x0000009017b00000,0x0000009017c00000)]
  0x00000228a27ed000 JavaThread "Cache worker for file content cache (D:\MyWork\ReactNative\whsnxt_mvp (2)\android\.gradle\5.5\fileContent)" [_thread_blocked, id=1824, stack(0x0000009017e00000,0x0000009017f00000)]
  0x00000228a27e7800 JavaThread "Execution worker for ':'" [_thread_blocked, id=3924, stack(0x0000009017f00000,0x0000009018000000)]
  0x00000228a27ee000 JavaThread "Execution worker for ':' Thread 2" [_thread_blocked, id=9668, stack(0x0000009018300000,0x0000009018400000)]
  0x00000228a27f3800 JavaThread "Execution worker for ':' Thread 3" [_thread_blocked, id=2416, stack(0x0000009018500000,0x0000009018600000)]
  0x00000228a27f0000 JavaThread "Cache worker for execution history cache (D:\MyWork\ReactNative\whsnxt_mvp (2)\android\.gradle\5.5\executionHistory)" [_thread_blocked, id=9116, stack(0x0000009018600000,0x0000009018700000)]
  0x00000228a27f2000 JavaThread "Cache worker for Java compile cache (C:\Users\LUCKY\.gradle\caches\5.5\javaCompile)" [_thread_blocked, id=9504, stack(0x0000009018700000,0x0000009018800000)]
  0x00000228a27f1000 JavaThread "Cache worker for Java compile cache (D:\MyWork\ReactNative\whsnxt_mvp (2)\android\.gradle\5.5\javaCompile)" [_thread_blocked, id=5944, stack(0x0000009018800000,0x0000009018900000)]
  0x00000228a239a800 JavaThread "C2 CompilerThread1" daemon [_thread_blocked, id=9328, stack(0x0000009017500000,0x0000009017600000)]
  0x000002289ccb2000 JavaThread "ForkJoinPool.commonPool-worker-3" daemon [_thread_blocked, id=7476, stack(0x0000009018b00000,0x0000009018c00000)]
  0x000002289ccac000 JavaThread "ForkJoinPool.commonPool-worker-5" daemon [_thread_blocked, id=9644, stack(0x0000009018c00000,0x0000009018d00000)]
  0x000002289ccad000 JavaThread "ForkJoinPool.commonPool-worker-7" daemon [_thread_blocked, id=7316, stack(0x0000009018d00000,0x0000009018e00000)]

Other Threads:
  0x000002289a496800 VMThread "VM Thread" [stack: 0x0000009015800000,0x0000009015900000] [id=10476]
  0x000002289afb4000 WatcherThread [stack: 0x0000009016300000,0x0000009016400000] [id=6196]
=>0x00000228fb7cf800 GCTaskThread "GC Thread#0" [stack: 0x0000009015300000,0x0000009015400000] [id=6804]
  0x000002289ba79800 GCTaskThread "GC Thread#1" [stack: 0x0000009016400000,0x0000009016500000] [id=7496]
  0x000002289ba7a800 GCTaskThread "GC Thread#2" [stack: 0x0000009016500000,0x0000009016600000] [id=10320]
  0x000002289b5e6800 GCTaskThread "GC Thread#3" [stack: 0x0000009016600000,0x0000009016700000] [id=10740]
  0x00000228fb7e2000 ConcurrentGCThread "G1 Main Marker" [stack: 0x0000009015400000,0x0000009015500000] [id=7604]
  0x00000228fb7e4800 ConcurrentGCThread "G1 Conc#0" [stack: 0x0000009015500000,0x0000009015600000] [id=252]
  0x00000228fb89e800 ConcurrentGCThread "G1 Refine#0" [stack: 0x0000009015600000,0x0000009015700000] [id=7808]
  0x00000228a0f6d000 ConcurrentGCThread "G1 Refine#1" [stack: 0x0000009018100000,0x0000009018200000] [id=4252]
  0x00000228a25ad800 ConcurrentGCThread "G1 Refine#2" [stack: 0x0000009018200000,0x0000009018300000] [id=7624]
  0x000002289cfa1000 ConcurrentGCThread "G1 Refine#3" [stack: 0x0000009017d00000,0x0000009017e00000] [id=6208]
  0x000002289a332800 ConcurrentGCThread "G1 Young RemSet Sampling" [stack: 0x0000009015700000,0x0000009015800000] [id=6188]

Threads with active compile tasks:
C2 CompilerThread0 757559 18958       4       com.sun.tools.javac.code.Types::capture (556 bytes)
C2 CompilerThread1 757559 18987       4       com.sun.tools.javac.code.Symbol$ClassSymbol::erasure (45 bytes)

VM state:at safepoint (normal execution)

VM Mutex/Monitor currently owned by a thread:  ([mutex/lock_event])
[0x00000228fb7b61c0] Threads_lock - owner thread: 0x000002289a496800
[0x00000228fb7b5680] Heap_lock - owner thread: 0x00000228fb7e2000

Heap address: 0x00000000e0000000, size: 512 MB, Compressed Oops mode: 32-bit
Narrow klass base: 0x0000000000000000, Narrow klass shift: 3
Compressed class space size: 260046848 Address: 0x0000000100000000

Heap:
 garbage-first heap   total 262144K, used 154048K [0x00000000e0000000, 0x0000000100000000)
  region size 1024K, 11 young (11264K), 8 survivors (8192K)
 Metaspace       used 101686K, capacity 105075K, committed 105336K, reserved 346112K
  class space    used 12358K, capacity 13395K, committed 13432K, reserved 253952K
Heap Regions: E=young(eden), S=young(survivor), O=old, HS=humongous(starts), HC=humongous(continues), CS=collection set, F=free, A=archive, TAMS=top-at-mark-start (previous, next)
|   0|0x00000000e0000000, 0x00000000e0100000, 0x00000000e0100000|100%| O|  |TAMS 0x00000000e0100000, 0x00000000e0100000| Untracked 
|   1|0x00000000e0100000, 0x00000000e0200000, 0x00000000e0200000|100%| O|  |TAMS 0x00000000e0200000, 0x00000000e0200000| Untracked 
|   2|0x00000000e0200000, 0x00000000e0300000, 0x00000000e0300000|100%|HS|  |TAMS 0x00000000e0300000, 0x00000000e0300000| Complete 
|   3|0x00000000e0300000, 0x00000000e0400000, 0x00000000e0400000|100%|HS|  |TAMS 0x00000000e0400000, 0x00000000e0400000| Complete 
|   4|0x00000000e0400000, 0x00000000e0500000, 0x00000000e0500000|100%|HC|  |TAMS 0x00000000e0500000, 0x00000000e0500000| Complete 
|   5|0x00000000e0500000, 0x00000000e0600000, 0x00000000e0600000|100%| O|  |TAMS 0x00000000e0600000, 0x00000000e0600000| Untracked 
|   6|0x00000000e0600000, 0x00000000e0700000, 0x00000000e0700000|100%| O|  |TAMS 0x00000000e0700000, 0x00000000e0700000| Untracked 
|   7|0x00000000e0700000, 0x00000000e0800000, 0x00000000e0800000|100%| O|  |TAMS 0x00000000e0800000, 0x00000000e0800000| Untracked 
|   8|0x00000000e0800000, 0x00000000e0900000, 0x00000000e0900000|100%| O|  |TAMS 0x00000000e0900000, 0x00000000e0900000| Untracked 
|   9|0x00000000e0900000, 0x00000000e0a00000, 0x00000000e0a00000|100%| O|  |TAMS 0x00000000e0a00000, 0x00000000e0a00000| Untracked 
|  10|0x00000000e0a00000, 0x00000000e0b00000, 0x00000000e0b00000|100%| O|  |TAMS 0x00000000e0b00000, 0x00000000e0b00000| Untracked 
|  11|0x00000000e0b00000, 0x00000000e0c00000, 0x00000000e0c00000|100%| O|  |TAMS 0x00000000e0c00000, 0x00000000e0c00000| Untracked 
|  12|0x00000000e0c00000, 0x00000000e0d00000, 0x00000000e0d00000|100%| O|  |TAMS 0x00000000e0d00000, 0x00000000e0d00000| Untracked 
|  13|0x00000000e0d00000, 0x00000000e0e00000, 0x00000000e0e00000|100%|HS|  |TAMS 0x00000000e0e00000, 0x00000000e0e00000| Complete 
|  14|0x00000000e0e00000, 0x00000000e0f00000, 0x00000000e0f00000|100%|HC|  |TAMS 0x00000000e0f00000, 0x00000000e0f00000| Complete 
|  15|0x00000000e0f00000, 0x00000000e1000000, 0x00000000e1000000|100%|HC|  |TAMS 0x00000000e1000000, 0x00000000e1000000| Complete 
|  16|0x00000000e1000000, 0x00000000e1100000, 0x00000000e1100000|100%|HS|  |TAMS 0x00000000e1100000, 0x00000000e1100000| Complete 
|  17|0x00000000e1100000, 0x00000000e1200000, 0x00000000e1200000|100%|HC|  |TAMS 0x00000000e1200000, 0x00000000e1200000| Complete 
|  18|0x00000000e1200000, 0x00000000e1300000, 0x00000000e1300000|100%| O|  |TAMS 0x00000000e1300000, 0x00000000e1300000| Untracked 
|  19|0x00000000e1300000, 0x00000000e1400000, 0x00000000e1400000|100%| O|  |TAMS 0x00000000e1400000, 0x00000000e1400000| Untracked 
|  20|0x00000000e1400000, 0x00000000e1500000, 0x00000000e1500000|100%| O|  |TAMS 0x00000000e1500000, 0x00000000e1500000| Untracked 
|  21|0x00000000e1500000, 0x00000000e1600000, 0x00000000e1600000|100%| O|  |TAMS 0x00000000e1600000, 0x00000000e1600000| Untracked 
|  22|0x00000000e1600000, 0x00000000e1700000, 0x00000000e1700000|100%| O|  |TAMS 0x00000000e1700000, 0x00000000e1700000| Untracked 
|  23|0x00000000e1700000, 0x00000000e1800000, 0x00000000e1800000|100%| O|  |TAMS 0x00000000e1800000, 0x00000000e1800000| Untracked 
|  24|0x00000000e1800000, 0x00000000e1900000, 0x00000000e1900000|100%| O|  |TAMS 0x00000000e1900000, 0x00000000e1900000| Untracked 
|  25|0x00000000e1900000, 0x00000000e1a00000, 0x00000000e1a00000|100%| O|  |TAMS 0x00000000e1a00000, 0x00000000e1a00000| Untracked 
|  26|0x00000000e1a00000, 0x00000000e1b00000, 0x00000000e1b00000|100%| O|  |TAMS 0x00000000e1b00000, 0x00000000e1b00000| Untracked 
|  27|0x00000000e1b00000, 0x00000000e1c00000, 0x00000000e1c00000|100%| O|  |TAMS 0x00000000e1b00000, 0x00000000e1c00000| Untracked 
|  28|0x00000000e1c00000, 0x00000000e1d00000, 0x00000000e1d00000|100%| O|  |TAMS 0x00000000e1d00000, 0x00000000e1d00000| Untracked 
|  29|0x00000000e1d00000, 0x00000000e1e00000, 0x00000000e1e00000|100%| O|  |TAMS 0x00000000e1e00000, 0x00000000e1e00000| Untracked 
|  30|0x00000000e1e00000, 0x00000000e1f00000, 0x00000000e1f00000|100%| O|  |TAMS 0x00000000e1f00000, 0x00000000e1f00000| Untracked 
|  31|0x00000000e1f00000, 0x00000000e2000000, 0x00000000e2000000|100%| O|  |TAMS 0x00000000e2000000, 0x00000000e2000000| Untracked 
|  32|0x00000000e2000000, 0x00000000e2100000, 0x00000000e2100000|100%| O|  |TAMS 0x00000000e2100000, 0x00000000e2100000| Untracked 
|  33|0x00000000e2100000, 0x00000000e2200000, 0x00000000e2200000|100%| O|  |TAMS 0x00000000e2100000, 0x00000000e2200000| Untracked 
|  34|0x00000000e2200000, 0x00000000e2300000, 0x00000000e2300000|100%| O|  |TAMS 0x00000000e2300000, 0x00000000e2300000| Untracked 
|  35|0x00000000e2300000, 0x00000000e2400000, 0x00000000e2400000|100%| O|  |TAMS 0x00000000e2400000, 0x00000000e2400000| Untracked 
|  36|0x00000000e2400000, 0x00000000e2500000, 0x00000000e2500000|100%| O|  |TAMS 0x00000000e2500000, 0x00000000e2500000| Untracked 
|  37|0x00000000e2500000, 0x00000000e2600000, 0x00000000e2600000|100%| O|  |TAMS 0x00000000e2600000, 0x00000000e2600000| Untracked 
|  38|0x00000000e2600000, 0x00000000e2700000, 0x00000000e2700000|100%| O|  |TAMS 0x00000000e2600000, 0x00000000e2700000| Untracked 
|  39|0x00000000e2700000, 0x00000000e2800000, 0x00000000e2800000|100%| O|  |TAMS 0x00000000e2800000, 0x00000000e2800000| Untracked 
|  40|0x00000000e2800000, 0x00000000e2900000, 0x00000000e2900000|100%| O|  |TAMS 0x00000000e2900000, 0x00000000e2900000| Untracked 
|  41|0x00000000e2900000, 0x00000000e2a00000, 0x00000000e2a00000|100%| O|  |TAMS 0x00000000e2a00000, 0x00000000e2a00000| Untracked 
|  42|0x00000000e2a00000, 0x00000000e2b00000, 0x00000000e2b00000|100%| O|  |TAMS 0x00000000e2b00000, 0x00000000e2b00000| Untracked 
|  43|0x00000000e2b00000, 0x00000000e2c00000, 0x00000000e2c00000|100%| O|  |TAMS 0x00000000e2c00000, 0x00000000e2c00000| Untracked 
|  44|0x00000000e2c00000, 0x00000000e2d00000, 0x00000000e2d00000|100%| O|  |TAMS 0x00000000e2d00000, 0x00000000e2d00000| Untracked 
|  45|0x00000000e2d00000, 0x00000000e2e00000, 0x00000000e2e00000|100%| O|  |TAMS 0x00000000e2e00000, 0x00000000e2e00000| Untracked 
|  46|0x00000000e2e00000, 0x00000000e2f00000, 0x00000000e2f00000|100%| O|  |TAMS 0x00000000e2f00000, 0x00000000e2f00000| Untracked 
|  47|0x00000000e2f00000, 0x00000000e3000000, 0x00000000e3000000|100%|HS|  |TAMS 0x00000000e3000000, 0x00000000e3000000| Complete 
|  48|0x00000000e3000000, 0x00000000e3100000, 0x00000000e3100000|100%|HC|  |TAMS 0x00000000e3100000, 0x00000000e3100000| Complete 
|  49|0x00000000e3100000, 0x00000000e3200000, 0x00000000e3200000|100%|HC|  |TAMS 0x00000000e3200000, 0x00000000e3200000| Complete 
|  50|0x00000000e3200000, 0x00000000e3300000, 0x00000000e3300000|100%| O|  |TAMS 0x00000000e3300000, 0x00000000e3300000| Untracked 
|  51|0x00000000e3300000, 0x00000000e3400000, 0x00000000e3400000|100%| O|  |TAMS 0x00000000e3400000, 0x00000000e3400000| Untracked 
|  52|0x00000000e3400000, 0x00000000e3500000, 0x00000000e3500000|100%| O|  |TAMS 0x00000000e3500000, 0x00000000e3500000| Untracked 
|  53|0x00000000e3500000, 0x00000000e3600000, 0x00000000e3600000|100%| O|  |TAMS 0x00000000e3600000, 0x00000000e3600000| Untracked 
|  54|0x00000000e3600000, 0x00000000e3700000, 0x00000000e3700000|100%| O|  |TAMS 0x00000000e3700000, 0x00000000e3700000| Untracked 
|  55|0x00000000e3700000, 0x00000000e3800000, 0x00000000e3800000|100%| O|  |TAMS 0x00000000e3800000, 0x00000000e3800000| Untracked 
|  56|0x00000000e3800000, 0x00000000e3900000, 0x00000000e3900000|100%| O|  |TAMS 0x00000000e3900000, 0x00000000e3900000| Untracked 
|  57|0x00000000e3900000, 0x00000000e3a00000, 0x00000000e3a00000|100%| O|  |TAMS 0x00000000e3a00000, 0x00000000e3a00000| Untracked 
|  58|0x00000000e3a00000, 0x00000000e3b00000, 0x00000000e3b00000|100%| O|  |TAMS 0x00000000e3b00000, 0x00000000e3b00000| Untracked 
|  59|0x00000000e3b00000, 0x00000000e3c00000, 0x00000000e3c00000|100%| O|  |TAMS 0x00000000e3c00000, 0x00000000e3c00000| Untracked 
|  60|0x00000000e3c00000, 0x00000000e3d00000, 0x00000000e3d00000|100%| O|  |TAMS 0x00000000e3d00000, 0x00000000e3d00000| Untracked 
|  61|0x00000000e3d00000, 0x00000000e3e00000, 0x00000000e3e00000|100%| O|  |TAMS 0x00000000e3e00000, 0x00000000e3e00000| Untracked 
|  62|0x00000000e3e00000, 0x00000000e3f00000, 0x00000000e3f00000|100%| O|  |TAMS 0x00000000e3f00000, 0x00000000e3f00000| Untracked 
|  63|0x00000000e3f00000, 0x00000000e3f70000, 0x00000000e4000000| 43%| O|  |TAMS 0x00000000e3f00000, 0x00000000e3f70000| Untracked 
|  64|0x00000000e4000000, 0x00000000e4100000, 0x00000000e4100000|100%| O|  |TAMS 0x00000000e4100000, 0x00000000e4100000| Untracked 
|  65|0x00000000e4100000, 0x00000000e4200000, 0x00000000e4200000|100%| O|  |TAMS 0x00000000e4200000, 0x00000000e4200000| Untracked 
|  66|0x00000000e4200000, 0x00000000e4300000, 0x00000000e4300000|100%| O|  |TAMS 0x00000000e4300000, 0x00000000e4300000| Untracked 
|  67|0x00000000e4300000, 0x00000000e4400000, 0x00000000e4400000|100%| O|  |TAMS 0x00000000e4380000, 0x00000000e4400000| Untracked 
|  68|0x00000000e4400000, 0x00000000e4500000, 0x00000000e4500000|100%| O|  |TAMS 0x00000000e4500000, 0x00000000e4500000| Untracked 
|  69|0x00000000e4500000, 0x00000000e4600000, 0x00000000e4600000|100%| O|  |TAMS 0x00000000e4600000, 0x00000000e4600000| Untracked 
|  70|0x00000000e4600000, 0x00000000e4700000, 0x00000000e4700000|100%| O|  |TAMS 0x00000000e4700000, 0x00000000e4700000| Untracked 
|  71|0x00000000e4700000, 0x00000000e4700000, 0x00000000e4800000|  0%| F|  |TAMS 0x00000000e4700000, 0x00000000e4700000| Untracked 
|  72|0x00000000e4800000, 0x00000000e4900000, 0x00000000e4900000|100%| O|  |TAMS 0x00000000e4900000, 0x00000000e4900000| Untracked 
|  73|0x00000000e4900000, 0x00000000e4a00000, 0x00000000e4a00000|100%| O|  |TAMS 0x00000000e4a00000, 0x00000000e4a00000| Untracked 
|  74|0x00000000e4a00000, 0x00000000e4b00000, 0x00000000e4b00000|100%| O|  |TAMS 0x00000000e4a00000, 0x00000000e4b00000| Untracked 
|  75|0x00000000e4b00000, 0x00000000e4c00000, 0x00000000e4c00000|100%| O|  |TAMS 0x00000000e4c00000, 0x00000000e4c00000| Untracked 
|  76|0x00000000e4c00000, 0x00000000e4d00000, 0x00000000e4d00000|100%| O|  |TAMS 0x00000000e4d00000, 0x00000000e4d00000| Untracked 
|  77|0x00000000e4d00000, 0x00000000e4e00000, 0x00000000e4e00000|100%| O|  |TAMS 0x00000000e4d00000, 0x00000000e4e00000| Untracked 
|  78|0x00000000e4e00000, 0x00000000e4f00000, 0x00000000e4f00000|100%| O|  |TAMS 0x00000000e4f00000, 0x00000000e4f00000| Untracked 
|  79|0x00000000e4f00000, 0x00000000e5000000, 0x00000000e5000000|100%| O|  |TAMS 0x00000000e5000000, 0x00000000e5000000| Untracked 
|  80|0x00000000e5000000, 0x00000000e5100000, 0x00000000e5100000|100%| O|  |TAMS 0x00000000e5100000, 0x00000000e5100000| Untracked 
|  81|0x00000000e5100000, 0x00000000e5200000, 0x00000000e5200000|100%| O|  |TAMS 0x00000000e5200000, 0x00000000e5200000| Untracked 
|  82|0x00000000e5200000, 0x00000000e5300000, 0x00000000e5300000|100%| O|  |TAMS 0x00000000e5300000, 0x00000000e5300000| Untracked 
|  83|0x00000000e5300000, 0x00000000e5400000, 0x00000000e5400000|100%| O|  |TAMS 0x00000000e5400000, 0x00000000e5400000| Untracked 
|  84|0x00000000e5400000, 0x00000000e5500000, 0x00000000e5500000|100%| O|  |TAMS 0x00000000e5400000, 0x00000000e5500000| Untracked 
|  85|0x00000000e5500000, 0x00000000e5500000, 0x00000000e5600000|  0%| F|  |TAMS 0x00000000e5500000, 0x00000000e5500000| Untracked 
|  86|0x00000000e5600000, 0x00000000e5700000, 0x00000000e5700000|100%| O|  |TAMS 0x00000000e5700000, 0x00000000e5700000| Untracked 
|  87|0x00000000e5700000, 0x00000000e5800000, 0x00000000e5800000|100%| O|  |TAMS 0x00000000e5800000, 0x00000000e5800000| Untracked 
|  88|0x00000000e5800000, 0x00000000e5900000, 0x00000000e5900000|100%| O|  |TAMS 0x00000000e5900000, 0x00000000e5900000| Untracked 
|  89|0x00000000e5900000, 0x00000000e5a00000, 0x00000000e5a00000|100%| O|  |TAMS 0x00000000e5a00000, 0x00000000e5a00000| Untracked 
|  90|0x00000000e5a00000, 0x00000000e5b00000, 0x00000000e5b00000|100%| O|  |TAMS 0x00000000e5b00000, 0x00000000e5b00000| Untracked 
|  91|0x00000000e5b00000, 0x00000000e5c00000, 0x00000000e5c00000|100%| O|  |TAMS 0x00000000e5c00000, 0x00000000e5c00000| Untracked 
|  92|0x00000000e5c00000, 0x00000000e5d00000, 0x00000000e5d00000|100%| O|  |TAMS 0x00000000e5d00000, 0x00000000e5d00000| Untracked 
|  93|0x00000000e5d00000, 0x00000000e5e00000, 0x00000000e5e00000|100%| O|  |TAMS 0x00000000e5e00000, 0x00000000e5e00000| Untracked 
|  94|0x00000000e5e00000, 0x00000000e5f00000, 0x00000000e5f00000|100%| O|  |TAMS 0x00000000e5f00000, 0x00000000e5f00000| Untracked 
|  95|0x00000000e5f00000, 0x00000000e6000000, 0x00000000e6000000|100%| O|  |TAMS 0x00000000e6000000, 0x00000000e6000000| Untracked 
|  96|0x00000000e6000000, 0x00000000e6100000, 0x00000000e6100000|100%| O|  |TAMS 0x00000000e6100000, 0x00000000e6100000| Untracked 
|  97|0x00000000e6100000, 0x00000000e6200000, 0x00000000e6200000|100%| O|  |TAMS 0x00000000e6200000, 0x00000000e6200000| Untracked 
|  98|0x00000000e6200000, 0x00000000e6300000, 0x00000000e6300000|100%| O|  |TAMS 0x00000000e6300000, 0x00000000e6300000| Untracked 
|  99|0x00000000e6300000, 0x00000000e6400000, 0x00000000e6400000|100%| O|  |TAMS 0x00000000e6400000, 0x00000000e6400000| Untracked 
| 100|0x00000000e6400000, 0x00000000e6500000, 0x00000000e6500000|100%| O|  |TAMS 0x00000000e6500000, 0x00000000e6500000| Untracked 
| 101|0x00000000e6500000, 0x00000000e6600000, 0x00000000e6600000|100%| O|  |TAMS 0x00000000e6600000, 0x00000000e6600000| Untracked 
| 102|0x00000000e6600000, 0x00000000e6700000, 0x00000000e6700000|100%| O|  |TAMS 0x00000000e6700000, 0x00000000e6700000| Untracked 
| 103|0x00000000e6700000, 0x00000000e6800000, 0x00000000e6800000|100%| O|  |TAMS 0x00000000e6800000, 0x00000000e6800000| Untracked 
| 104|0x00000000e6800000, 0x00000000e6900000, 0x00000000e6900000|100%| O|  |TAMS 0x00000000e6900000, 0x00000000e6900000| Untracked 
| 105|0x00000000e6900000, 0x00000000e6a00000, 0x00000000e6a00000|100%| O|  |TAMS 0x00000000e6a00000, 0x00000000e6a00000| Untracked 
| 106|0x00000000e6a00000, 0x00000000e6b00000, 0x00000000e6b00000|100%| O|  |TAMS 0x00000000e6b00000, 0x00000000e6b00000| Untracked 
| 107|0x00000000e6b00000, 0x00000000e6c00000, 0x00000000e6c00000|100%| O|  |TAMS 0x00000000e6c00000, 0x00000000e6c00000| Untracked 
| 108|0x00000000e6c00000, 0x00000000e6d00000, 0x00000000e6d00000|100%| O|  |TAMS 0x00000000e6d00000, 0x00000000e6d00000| Untracked 
| 109|0x00000000e6d00000, 0x00000000e6e00000, 0x00000000e6e00000|100%| O|  |TAMS 0x00000000e6e00000, 0x00000000e6e00000| Untracked 
| 110|0x00000000e6e00000, 0x00000000e6f00000, 0x00000000e6f00000|100%| O|  |TAMS 0x00000000e6f00000, 0x00000000e6f00000| Untracked 
| 111|0x00000000e6f00000, 0x00000000e7000000, 0x00000000e7000000|100%| O|  |TAMS 0x00000000e7000000, 0x00000000e7000000| Untracked 
| 112|0x00000000e7000000, 0x00000000e7100000, 0x00000000e7100000|100%| O|  |TAMS 0x00000000e7000000, 0x00000000e7100000| Untracked 
| 113|0x00000000e7100000, 0x00000000e7100000, 0x00000000e7200000|  0%| F|  |TAMS 0x00000000e7100000, 0x00000000e7100000| Untracked 
| 114|0x00000000e7200000, 0x00000000e7300000, 0x00000000e7300000|100%| O|  |TAMS 0x00000000e7300000, 0x00000000e7300000| Untracked 
| 115|0x00000000e7300000, 0x00000000e7400000, 0x00000000e7400000|100%| O|  |TAMS 0x00000000e7400000, 0x00000000e7400000| Untracked 
| 116|0x00000000e7400000, 0x00000000e7500000, 0x00000000e7500000|100%| O|  |TAMS 0x00000000e7500000, 0x00000000e7500000| Untracked 
| 117|0x00000000e7500000, 0x00000000e7600000, 0x00000000e7600000|100%|HS|  |TAMS 0x00000000e7500000, 0x00000000e7600000| Complete 
| 118|0x00000000e7600000, 0x00000000e7700000, 0x00000000e7700000|100%|HC|  |TAMS 0x00000000e7600000, 0x00000000e7700000| Complete 
| 119|0x00000000e7700000, 0x00000000e7800000, 0x00000000e7800000|100%| O|  |TAMS 0x00000000e7700000, 0x00000000e7800000| Untracked 
| 120|0x00000000e7800000, 0x00000000e7900000, 0x00000000e7900000|100%| O|  |TAMS 0x00000000e7800000, 0x00000000e7900000| Untracked 
| 121|0x00000000e7900000, 0x00000000e7a00000, 0x00000000e7a00000|100%| O|  |TAMS 0x00000000e7a00000, 0x00000000e7a00000| Untracked 
| 122|0x00000000e7a00000, 0x00000000e7b00000, 0x00000000e7b00000|100%| O|  |TAMS 0x00000000e7b00000, 0x00000000e7b00000| Untracked 
| 123|0x00000000e7b00000, 0x00000000e7c00000, 0x00000000e7c00000|100%| O|  |TAMS 0x00000000e7c00000, 0x00000000e7c00000| Untracked 
| 124|0x00000000e7c00000, 0x00000000e7d00000, 0x00000000e7d00000|100%| O|  |TAMS 0x00000000e7d00000, 0x00000000e7d00000| Untracked 
| 125|0x00000000e7d00000, 0x00000000e7e00000, 0x00000000e7e00000|100%| O|  |TAMS 0x00000000e7d00000, 0x00000000e7e00000| Untracked 
| 126|0x00000000e7e00000, 0x00000000e7f00000, 0x00000000e7f00000|100%| O|  |TAMS 0x00000000e7e00000, 0x00000000e7f00000| Untracked 
| 127|0x00000000e7f00000, 0x00000000e8000000, 0x00000000e8000000|100%| O|  |TAMS 0x00000000e7f00000, 0x00000000e8000000| Untracked 
| 128|0x00000000e8000000, 0x00000000e8100000, 0x00000000e8100000|100%| O|  |TAMS 0x00000000e8000000, 0x00000000e8100000| Untracked 
| 129|0x00000000e8100000, 0x00000000e8100000, 0x00000000e8200000|  0%| F|  |TAMS 0x00000000e8100000, 0x00000000e8100000| Untracked 
| 130|0x00000000e8200000, 0x00000000e8200000, 0x00000000e8300000|  0%| F|  |TAMS 0x00000000e8200000, 0x00000000e8200000| Untracked 
| 131|0x00000000e8300000, 0x00000000e8300000, 0x00000000e8400000|  0%| F|  |TAMS 0x00000000e8300000, 0x00000000e8300000| Untracked 
| 132|0x00000000e8400000, 0x00000000e8400000, 0x00000000e8500000|  0%| F|  |TAMS 0x00000000e8400000, 0x00000000e8400000| Untracked 
| 133|0x00000000e8500000, 0x00000000e8600000, 0x00000000e8600000|100%| O|  |TAMS 0x00000000e8600000, 0x00000000e8600000| Untracked 
| 134|0x00000000e8600000, 0x00000000e8600000, 0x00000000e8700000|  0%| F|  |TAMS 0x00000000e8600000, 0x00000000e8600000| Untracked 
| 135|0x00000000e8700000, 0x00000000e8700000, 0x00000000e8800000|  0%| F|  |TAMS 0x00000000e8700000, 0x00000000e8700000| Untracked 
| 136|0x00000000e8800000, 0x00000000e8800000, 0x00000000e8900000|  0%| F|  |TAMS 0x00000000e8800000, 0x00000000e8800000| Untracked 
| 137|0x00000000e8900000, 0x00000000e8900000, 0x00000000e8a00000|  0%| F|  |TAMS 0x00000000e8900000, 0x00000000e8900000| Untracked 
| 138|0x00000000e8a00000, 0x00000000e8a00000, 0x00000000e8b00000|  0%| F|  |TAMS 0x00000000e8a00000, 0x00000000e8a00000| Untracked 
| 139|0x00000000e8b00000, 0x00000000e8b00000, 0x00000000e8c00000|  0%| F|  |TAMS 0x00000000e8b00000, 0x00000000e8b00000| Untracked 
| 140|0x00000000e8c00000, 0x00000000e8c00000, 0x00000000e8d00000|  0%| F|  |TAMS 0x00000000e8c00000, 0x00000000e8c00000| Untracked 
| 141|0x00000000e8d00000, 0x00000000e8d00000, 0x00000000e8e00000|  0%| F|  |TAMS 0x00000000e8d00000, 0x00000000e8d00000| Untracked 
| 142|0x00000000e8e00000, 0x00000000e8f00000, 0x00000000e8f00000|100%| O|  |TAMS 0x00000000e8f00000, 0x00000000e8f00000| Untracked 
| 143|0x00000000e8f00000, 0x00000000e9000000, 0x00000000e9000000|100%| O|  |TAMS 0x00000000e9000000, 0x00000000e9000000| Untracked 
| 144|0x00000000e9000000, 0x00000000e9000000, 0x00000000e9100000|  0%| F|  |TAMS 0x00000000e9000000, 0x00000000e9000000| Untracked 
| 145|0x00000000e9100000, 0x00000000e9200000, 0x00000000e9200000|100%| O|  |TAMS 0x00000000e9200000, 0x00000000e9200000| Untracked 
| 146|0x00000000e9200000, 0x00000000e9200000, 0x00000000e9300000|  0%| F|  |TAMS 0x00000000e9200000, 0x00000000e9200000| Untracked 
| 147|0x00000000e9300000, 0x00000000e9300000, 0x00000000e9400000|  0%| F|  |TAMS 0x00000000e9300000, 0x00000000e9300000| Untracked 
| 148|0x00000000e9400000, 0x00000000e9400000, 0x00000000e9500000|  0%| F|  |TAMS 0x00000000e9400000, 0x00000000e9400000| Untracked 
| 149|0x00000000e9500000, 0x00000000e9500000, 0x00000000e9600000|  0%| F|  |TAMS 0x00000000e9500000, 0x00000000e9500000| Untracked 
| 150|0x00000000e9600000, 0x00000000e9700000, 0x00000000e9700000|100%| O|  |TAMS 0x00000000e9700000, 0x00000000e9700000| Untracked 
| 151|0x00000000e9700000, 0x00000000e9700000, 0x00000000e9800000|  0%| F|  |TAMS 0x00000000e9700000, 0x00000000e9700000| Untracked 
| 152|0x00000000e9800000, 0x00000000e9800000, 0x00000000e9900000|  0%| F|  |TAMS 0x00000000e9800000, 0x00000000e9800000| Untracked 
| 153|0x00000000e9900000, 0x00000000e9a00000, 0x00000000e9a00000|100%| O|  |TAMS 0x00000000e9a00000, 0x00000000e9a00000| Untracked 
| 154|0x00000000e9a00000, 0x00000000e9b00000, 0x00000000e9b00000|100%| O|  |TAMS 0x00000000e9b00000, 0x00000000e9b00000| Untracked 
| 155|0x00000000e9b00000, 0x00000000e9c00000, 0x00000000e9c00000|100%| O|  |TAMS 0x00000000e9c00000, 0x00000000e9c00000| Untracked 
| 156|0x00000000e9c00000, 0x00000000e9d00000, 0x00000000e9d00000|100%| O|  |TAMS 0x00000000e9d00000, 0x00000000e9d00000| Untracked 
| 157|0x00000000e9d00000, 0x00000000e9e00000, 0x00000000e9e00000|100%| O|  |TAMS 0x00000000e9e00000, 0x00000000e9e00000| Untracked 
| 158|0x00000000e9e00000, 0x00000000e9f00000, 0x00000000e9f00000|100%| O|  |TAMS 0x00000000e9f00000, 0x00000000e9f00000| Untracked 
| 159|0x00000000e9f00000, 0x00000000ea000000, 0x00000000ea000000|100%| O|  |TAMS 0x00000000ea000000, 0x00000000ea000000| Untracked 
| 160|0x00000000ea000000, 0x00000000ea100000, 0x00000000ea100000|100%| O|  |TAMS 0x00000000ea100000, 0x00000000ea100000| Untracked 
| 161|0x00000000ea100000, 0x00000000ea200000, 0x00000000ea200000|100%| O|  |TAMS 0x00000000ea200000, 0x00000000ea200000| Untracked 
| 162|0x00000000ea200000, 0x00000000ea300000, 0x00000000ea300000|100%| O|  |TAMS 0x00000000ea300000, 0x00000000ea300000| Untracked 
| 163|0x00000000ea300000, 0x00000000ea300000, 0x00000000ea400000|  0%| F|  |TAMS 0x00000000ea300000, 0x00000000ea300000| Untracked 
| 164|0x00000000ea400000, 0x00000000ea400000, 0x00000000ea500000|  0%| F|  |TAMS 0x00000000ea400000, 0x00000000ea400000| Untracked 
| 165|0x00000000ea500000, 0x00000000ea500000, 0x00000000ea600000|  0%| F|  |TAMS 0x00000000ea500000, 0x00000000ea500000| Untracked 
| 166|0x00000000ea600000, 0x00000000ea600000, 0x00000000ea700000|  0%| F|  |TAMS 0x00000000ea600000, 0x00000000ea600000| Untracked 
| 167|0x00000000ea700000, 0x00000000ea700000, 0x00000000ea800000|  0%| F|  |TAMS 0x00000000ea700000, 0x00000000ea700000| Untracked 
| 168|0x00000000ea800000, 0x00000000ea800000, 0x00000000ea900000|  0%| F|  |TAMS 0x00000000ea800000, 0x00000000ea800000| Untracked 
| 169|0x00000000ea900000, 0x00000000ea900000, 0x00000000eaa00000|  0%| F|  |TAMS 0x00000000ea900000, 0x00000000ea900000| Untracked 
| 170|0x00000000eaa00000, 0x00000000eaa00000, 0x00000000eab00000|  0%| F|  |TAMS 0x00000000eaa00000, 0x00000000eaa00000| Untracked 
| 171|0x00000000eab00000, 0x00000000eab00000, 0x00000000eac00000|  0%| F|  |TAMS 0x00000000eab00000, 0x00000000eab00000| Untracked 
| 172|0x00000000eac00000, 0x00000000eac00000, 0x00000000ead00000|  0%| F|  |TAMS 0x00000000eac00000, 0x00000000eac00000| Untracked 
| 173|0x00000000ead00000, 0x00000000ead00000, 0x00000000eae00000|  0%| F|  |TAMS 0x00000000ead00000, 0x00000000ead00000| Untracked 
| 174|0x00000000eae00000, 0x00000000eae00000, 0x00000000eaf00000|  0%| F|  |TAMS 0x00000000eae00000, 0x00000000eae00000| Untracked 
| 175|0x00000000eaf00000, 0x00000000eaf00000, 0x00000000eb000000|  0%| F|  |TAMS 0x00000000eaf00000, 0x00000000eaf00000| Untracked 
| 176|0x00000000eb000000, 0x00000000eb000000, 0x00000000eb100000|  0%| F|  |TAMS 0x00000000eb000000, 0x00000000eb000000| Untracked 
| 177|0x00000000eb100000, 0x00000000eb100000, 0x00000000eb200000|  0%| F|  |TAMS 0x00000000eb100000, 0x00000000eb100000| Untracked 
| 178|0x00000000eb200000, 0x00000000eb200000, 0x00000000eb300000|  0%| F|  |TAMS 0x00000000eb200000, 0x00000000eb200000| Untracked 
| 179|0x00000000eb300000, 0x00000000eb300000, 0x00000000eb400000|  0%| F|  |TAMS 0x00000000eb300000, 0x00000000eb300000| Untracked 
| 180|0x00000000eb400000, 0x00000000eb400000, 0x00000000eb500000|  0%| F|  |TAMS 0x00000000eb400000, 0x00000000eb400000| Untracked 
| 181|0x00000000eb500000, 0x00000000eb500000, 0x00000000eb600000|  0%| F|  |TAMS 0x00000000eb500000, 0x00000000eb500000| Untracked 
| 182|0x00000000eb600000, 0x00000000eb600000, 0x00000000eb700000|  0%| F|  |TAMS 0x00000000eb600000, 0x00000000eb600000| Untracked 
| 183|0x00000000eb700000, 0x00000000eb700000, 0x00000000eb800000|  0%| F|  |TAMS 0x00000000eb700000, 0x00000000eb700000| Untracked 
| 184|0x00000000eb800000, 0x00000000eb900000, 0x00000000eb900000|100%| S|CS|TAMS 0x00000000eb800000, 0x00000000eb800000| Complete 
| 185|0x00000000eb900000, 0x00000000eba00000, 0x00000000eba00000|100%| S|CS|TAMS 0x00000000eb900000, 0x00000000eb900000| Complete 
| 186|0x00000000eba00000, 0x00000000ebb00000, 0x00000000ebb00000|100%| S|CS|TAMS 0x00000000eba00000, 0x00000000eba00000| Complete 
| 187|0x00000000ebb00000, 0x00000000ebc00000, 0x00000000ebc00000|100%| S|CS|TAMS 0x00000000ebb00000, 0x00000000ebb00000| Complete 
| 188|0x00000000ebc00000, 0x00000000ebd00000, 0x00000000ebd00000|100%| S|CS|TAMS 0x00000000ebc00000, 0x00000000ebc00000| Complete 
| 189|0x00000000ebd00000, 0x00000000ebe00000, 0x00000000ebe00000|100%| S|CS|TAMS 0x00000000ebd00000, 0x00000000ebd00000| Complete 
| 190|0x00000000ebe00000, 0x00000000ebf00000, 0x00000000ebf00000|100%| S|CS|TAMS 0x00000000ebe00000, 0x00000000ebe00000| Complete 
| 191|0x00000000ebf00000, 0x00000000ec000000, 0x00000000ec000000|100%| S|CS|TAMS 0x00000000ebf00000, 0x00000000ebf00000| Complete 
| 192|0x00000000ec000000, 0x00000000ec000000, 0x00000000ec100000|  0%| F|  |TAMS 0x00000000ec000000, 0x00000000ec000000| Untracked 
| 193|0x00000000ec100000, 0x00000000ec100000, 0x00000000ec200000|  0%| F|  |TAMS 0x00000000ec100000, 0x00000000ec100000| Untracked 
| 194|0x00000000ec200000, 0x00000000ec200000, 0x00000000ec300000|  0%| F|  |TAMS 0x00000000ec200000, 0x00000000ec200000| Untracked 
| 195|0x00000000ec300000, 0x00000000ec300000, 0x00000000ec400000|  0%| F|  |TAMS 0x00000000ec300000, 0x00000000ec300000| Untracked 
| 196|0x00000000ec400000, 0x00000000ec400000, 0x00000000ec500000|  0%| F|  |TAMS 0x00000000ec400000, 0x00000000ec400000| Untracked 
| 197|0x00000000ec500000, 0x00000000ec500000, 0x00000000ec600000|  0%| F|  |TAMS 0x00000000ec500000, 0x00000000ec500000| Untracked 
| 198|0x00000000ec600000, 0x00000000ec600000, 0x00000000ec700000|  0%| F|  |TAMS 0x00000000ec600000, 0x00000000ec600000| Untracked 
| 199|0x00000000ec700000, 0x00000000ec700000, 0x00000000ec800000|  0%| F|  |TAMS 0x00000000ec700000, 0x00000000ec700000| Untracked 
| 200|0x00000000ec800000, 0x00000000ec800000, 0x00000000ec900000|  0%| F|  |TAMS 0x00000000ec800000, 0x00000000ec800000| Untracked 
| 201|0x00000000ec900000, 0x00000000ec900000, 0x00000000eca00000|  0%| F|  |TAMS 0x00000000ec900000, 0x00000000ec900000| Untracked 
| 202|0x00000000eca00000, 0x00000000eca00000, 0x00000000ecb00000|  0%| F|  |TAMS 0x00000000eca00000, 0x00000000eca00000| Untracked 
| 203|0x00000000ecb00000, 0x00000000ecb00000, 0x00000000ecc00000|  0%| F|  |TAMS 0x00000000ecb00000, 0x00000000ecb00000| Untracked 
| 204|0x00000000ecc00000, 0x00000000ecc00000, 0x00000000ecd00000|  0%| F|  |TAMS 0x00000000ecc00000, 0x00000000ecc00000| Untracked 
| 205|0x00000000ecd00000, 0x00000000ecd00000, 0x00000000ece00000|  0%| F|  |TAMS 0x00000000ecd00000, 0x00000000ecd00000| Untracked 
| 206|0x00000000ece00000, 0x00000000ece00000, 0x00000000ecf00000|  0%| F|  |TAMS 0x00000000ece00000, 0x00000000ece00000| Untracked 
| 207|0x00000000ecf00000, 0x00000000ecf00000, 0x00000000ed000000|  0%| F|  |TAMS 0x00000000ecf00000, 0x00000000ecf00000| Untracked 
| 208|0x00000000ed000000, 0x00000000ed000000, 0x00000000ed100000|  0%| F|  |TAMS 0x00000000ed000000, 0x00000000ed000000| Untracked 
| 209|0x00000000ed100000, 0x00000000ed100000, 0x00000000ed200000|  0%| F|  |TAMS 0x00000000ed100000, 0x00000000ed100000| Untracked 
| 210|0x00000000ed200000, 0x00000000ed200000, 0x00000000ed300000|  0%| F|  |TAMS 0x00000000ed200000, 0x00000000ed200000| Untracked 
| 211|0x00000000ed300000, 0x00000000ed300000, 0x00000000ed400000|  0%| F|  |TAMS 0x00000000ed300000, 0x00000000ed300000| Untracked 
| 212|0x00000000ed400000, 0x00000000ed400000, 0x00000000ed500000|  0%| F|  |TAMS 0x00000000ed400000, 0x00000000ed400000| Untracked 
| 213|0x00000000ed500000, 0x00000000ed500000, 0x00000000ed600000|  0%| F|  |TAMS 0x00000000ed500000, 0x00000000ed500000| Untracked 
| 214|0x00000000ed600000, 0x00000000ed600000, 0x00000000ed700000|  0%| F|  |TAMS 0x00000000ed600000, 0x00000000ed600000| Untracked 
| 215|0x00000000ed700000, 0x00000000ed700000, 0x00000000ed800000|  0%| F|  |TAMS 0x00000000ed700000, 0x00000000ed700000| Untracked 
| 216|0x00000000ed800000, 0x00000000ed800000, 0x00000000ed900000|  0%| F|  |TAMS 0x00000000ed800000, 0x00000000ed800000| Untracked 
| 217|0x00000000ed900000, 0x00000000ed900000, 0x00000000eda00000|  0%| F|  |TAMS 0x00000000ed900000, 0x00000000ed900000| Untracked 
| 218|0x00000000eda00000, 0x00000000eda00000, 0x00000000edb00000|  0%| F|  |TAMS 0x00000000eda00000, 0x00000000eda00000| Untracked 
| 219|0x00000000edb00000, 0x00000000edb00000, 0x00000000edc00000|  0%| F|  |TAMS 0x00000000edb00000, 0x00000000edb00000| Untracked 
| 220|0x00000000edc00000, 0x00000000edc00000, 0x00000000edd00000|  0%| F|  |TAMS 0x00000000edc00000, 0x00000000edc00000| Untracked 
| 221|0x00000000edd00000, 0x00000000edd00000, 0x00000000ede00000|  0%| F|  |TAMS 0x00000000edd00000, 0x00000000edd00000| Untracked 
| 222|0x00000000ede00000, 0x00000000ede00000, 0x00000000edf00000|  0%| F|  |TAMS 0x00000000ede00000, 0x00000000ede00000| Untracked 
| 223|0x00000000edf00000, 0x00000000edf00000, 0x00000000ee000000|  0%| F|  |TAMS 0x00000000edf00000, 0x00000000edf00000| Untracked 
| 224|0x00000000ee000000, 0x00000000ee000000, 0x00000000ee100000|  0%| F|  |TAMS 0x00000000ee000000, 0x00000000ee000000| Untracked 
| 225|0x00000000ee100000, 0x00000000ee100000, 0x00000000ee200000|  0%| F|  |TAMS 0x00000000ee100000, 0x00000000ee100000| Untracked 
| 226|0x00000000ee200000, 0x00000000ee200000, 0x00000000ee300000|  0%| F|  |TAMS 0x00000000ee200000, 0x00000000ee200000| Untracked 
| 227|0x00000000ee300000, 0x00000000ee300000, 0x00000000ee400000|  0%| F|  |TAMS 0x00000000ee300000, 0x00000000ee300000| Untracked 
| 228|0x00000000ee400000, 0x00000000ee400000, 0x00000000ee500000|  0%| F|  |TAMS 0x00000000ee400000, 0x00000000ee400000| Untracked 
| 229|0x00000000ee500000, 0x00000000ee500000, 0x00000000ee600000|  0%| F|  |TAMS 0x00000000ee500000, 0x00000000ee500000| Untracked 
| 230|0x00000000ee600000, 0x00000000ee600000, 0x00000000ee700000|  0%| F|  |TAMS 0x00000000ee600000, 0x00000000ee600000| Untracked 
| 231|0x00000000ee700000, 0x00000000ee700000, 0x00000000ee800000|  0%| F|  |TAMS 0x00000000ee700000, 0x00000000ee700000| Untracked 
| 232|0x00000000ee800000, 0x00000000ee800000, 0x00000000ee900000|  0%| F|  |TAMS 0x00000000ee800000, 0x00000000ee800000| Untracked 
| 233|0x00000000ee900000, 0x00000000ee900000, 0x00000000eea00000|  0%| F|  |TAMS 0x00000000ee900000, 0x00000000ee900000| Untracked 
| 234|0x00000000eea00000, 0x00000000eea00000, 0x00000000eeb00000|  0%| F|  |TAMS 0x00000000eea00000, 0x00000000eea00000| Untracked 
| 235|0x00000000eeb00000, 0x00000000eeb00000, 0x00000000eec00000|  0%| F|  |TAMS 0x00000000eeb00000, 0x00000000eeb00000| Untracked 
| 236|0x00000000eec00000, 0x00000000eec00000, 0x00000000eed00000|  0%| F|  |TAMS 0x00000000eec00000, 0x00000000eec00000| Untracked 
| 237|0x00000000eed00000, 0x00000000eed00000, 0x00000000eee00000|  0%| F|  |TAMS 0x00000000eed00000, 0x00000000eed00000| Untracked 
| 238|0x00000000eee00000, 0x00000000eee00000, 0x00000000eef00000|  0%| F|  |TAMS 0x00000000eee00000, 0x00000000eee00000| Untracked 
| 239|0x00000000eef00000, 0x00000000eef00000, 0x00000000ef000000|  0%| F|  |TAMS 0x00000000eef00000, 0x00000000eef00000| Untracked 
| 240|0x00000000ef000000, 0x00000000ef000000, 0x00000000ef100000|  0%| F|  |TAMS 0x00000000ef000000, 0x00000000ef000000| Untracked 
| 241|0x00000000ef100000, 0x00000000ef100000, 0x00000000ef200000|  0%| F|  |TAMS 0x00000000ef100000, 0x00000000ef100000| Untracked 
| 242|0x00000000ef200000, 0x00000000ef200000, 0x00000000ef300000|  0%| F|  |TAMS 0x00000000ef200000, 0x00000000ef200000| Untracked 
| 243|0x00000000ef300000, 0x00000000ef300000, 0x00000000ef400000|  0%| F|  |TAMS 0x00000000ef300000, 0x00000000ef300000| Untracked 
| 244|0x00000000ef400000, 0x00000000ef400000, 0x00000000ef500000|  0%| F|  |TAMS 0x00000000ef400000, 0x00000000ef400000| Untracked 
| 245|0x00000000ef500000, 0x00000000ef500000, 0x00000000ef600000|  0%| F|  |TAMS 0x00000000ef500000, 0x00000000ef500000| Untracked 
| 246|0x00000000ef600000, 0x00000000ef600000, 0x00000000ef700000|  0%| F|  |TAMS 0x00000000ef600000, 0x00000000ef600000| Untracked 
| 247|0x00000000ef700000, 0x00000000ef700000, 0x00000000ef800000|  0%| F|  |TAMS 0x00000000ef700000, 0x00000000ef700000| Untracked 
| 248|0x00000000ef800000, 0x00000000ef800000, 0x00000000ef900000|  0%| F|  |TAMS 0x00000000ef800000, 0x00000000ef800000| Untracked 
| 249|0x00000000ef900000, 0x00000000ef900000, 0x00000000efa00000|  0%| F|  |TAMS 0x00000000ef900000, 0x00000000ef900000| Untracked 
| 250|0x00000000efa00000, 0x00000000efa00000, 0x00000000efb00000|  0%| F|  |TAMS 0x00000000efa00000, 0x00000000efa00000| Untracked 
| 251|0x00000000efb00000, 0x00000000efb00000, 0x00000000efc00000|  0%| F|  |TAMS 0x00000000efb00000, 0x00000000efb00000| Untracked 
| 252|0x00000000efc00000, 0x00000000efc00000, 0x00000000efd00000|  0%| F|  |TAMS 0x00000000efc00000, 0x00000000efc00000| Untracked 
| 253|0x00000000efd00000, 0x00000000efe00000, 0x00000000efe00000|100%| E|  |TAMS 0x00000000efd00000, 0x00000000efd00000| Complete 
| 254|0x00000000efe00000, 0x00000000eff00000, 0x00000000eff00000|100%| E|CS|TAMS 0x00000000efe00000, 0x00000000efe00000| Complete 
| 255|0x00000000eff00000, 0x00000000f0000000, 0x00000000f0000000|100%| E|CS|TAMS 0x00000000eff00000, 0x00000000eff00000| Complete 

Card table byte_map: [0x0000022896ca0000,0x0000022896da0000] _byte_map_base: 0x00000228965a0000

Marking Bits (Prev, Next): (CMBitMap*) 0x00000228fb7df1f8, (CMBitMap*) 0x00000228fb7df230
 Prev Bits: [0x0000022896ea0000, 0x00000228976a0000)
 Next Bits: [0x00000228976a0000, 0x0000022897ea0000)

Polling page: 0x0000022880000000

Metaspace:

Usage:
  Non-class:     89.53 MB capacity,    87.23 MB ( 97%) used,     2.04 MB (  2%) free+waste,   258.75 KB ( <1%) overhead. 
      Class:     13.08 MB capacity,    12.07 MB ( 92%) used,   919.04 KB (  7%) free+waste,   117.75 KB ( <1%) overhead. 
       Both:    102.61 MB capacity,    99.30 MB ( 97%) used,     2.94 MB (  3%) free+waste,   376.50 KB ( <1%) overhead. 

Virtual space:
  Non-class space:       90.00 MB reserved,      89.75 MB (>99%) committed 
      Class space:      248.00 MB reserved,      13.12 MB (  5%) committed 
             Both:      338.00 MB reserved,     102.87 MB ( 30%) committed 

Chunk freelists:
   Non-Class:  4.00 KB
       Class:  1.63 KB
        Both:  5.63 KB

CodeHeap 'non-profiled nmethods': size=120064Kb used=13278Kb max_used=13278Kb free=106785Kb
 bounds [0x000002288f030000, 0x000002288fd30000, 0x0000022896570000]
CodeHeap 'profiled nmethods': size=120000Kb used=38072Kb max_used=38072Kb free=81927Kb
 bounds [0x0000022887b00000, 0x000002288a040000, 0x000002288f030000]
CodeHeap 'non-nmethods': size=5696Kb used=2317Kb max_used=2386Kb free=3378Kb
 bounds [0x0000022887570000, 0x00000228877e0000, 0x0000022887b00000]
 total_blobs=18157 nmethods=17218 adapters=850
 compilation: enabled
              stopped_count=0, restarted_count=0
 full_count=0

Compilation events (10 events):
Event: 757.399 Thread 0x000002289a4ea000 19025       3       com.sun.tools.javac.jvm.Code::emitop1w (280 bytes)
Event: 757.400 Thread 0x000002289a4ea000 nmethod 19025 0x000002288a03cf90 code [0x000002288a03d280, 0x000002288a03df58]
Event: 757.402 Thread 0x000002289a4ea000 19026       3       com.sun.tools.javac.jvm.Code$LocalVar$Range::closed (24 bytes)
Event: 757.402 Thread 0x00000228a239a800 nmethod 18981 0x000002288fd27390 code [0x000002288fd27580, 0x000002288fd27b08]
Event: 757.402 Thread 0x000002289a4ea000 nmethod 19026 0x000002288a03e510 code [0x000002288a03e6a0, 0x000002288a03e838]
Event: 757.403 Thread 0x00000228a239a800 18979       4       com.sun.tools.javac.code.Types$14::combineMetadata (87 bytes)
Event: 757.403 Thread 0x00000228a239a800 nmethod 18979 0x000002288fd28190 code [0x000002288fd28320, 0x000002288fd283b8]
Event: 757.404 Thread 0x00000228a239a800 19020       4       com.sun.tools.javac.tree.TreeTranslator::translate (23 bytes)
Event: 757.405 Thread 0x00000228a239a800 nmethod 19020 0x000002288fd28490 code [0x000002288fd28600, 0x000002288fd286d8]
Event: 757.405 Thread 0x00000228a239a800 18987       4       com.sun.tools.javac.code.Symbol$ClassSymbol::erasure (45 bytes)

GC Heap History (10 events):
Event: 747.236 GC heap before
{Heap before GC invocations=33 (full 0):
 garbage-first heap   total 262144K, used 145298K [0x00000000e0000000, 0x0000000100000000)
  region size 1024K, 12 young (12288K), 2 survivors (2048K)
 Metaspace       used 89661K, capacity 92842K, committed 93688K, reserved 335872K
  class space    used 11057K, capacity 11979K, committed 12280K, reserved 253952K
}
Event: 747.249 GC heap after
{Heap after GC invocations=34 (full 0):
 garbage-first heap   total 262144K, used 134425K [0x00000000e0000000, 0x0000000100000000)
  region size 1024K, 1 young (1024K), 1 survivors (1024K)
 Metaspace       used 89661K, capacity 92842K, committed 93688K, reserved 335872K
  class space    used 11057K, capacity 11979K, committed 12280K, reserved 253952K
}
Event: 749.906 GC heap before
{Heap before GC invocations=34 (full 0):
 garbage-first heap   total 262144K, used 196889K [0x00000000e0000000, 0x0000000100000000)
  region size 1024K, 63 young (64512K), 1 survivors (1024K)
 Metaspace       used 90960K, capacity 94213K, committed 94840K, reserved 337920K
  class space    used 11187K, capacity 12125K, committed 12408K, reserved 253952K
}
Event: 749.921 GC heap after
{Heap after GC invocations=35 (full 0):
 garbage-first heap   total 262144K, used 138613K [0x00000000e0000000, 0x0000000100000000)
  region size 1024K, 5 young (5120K), 5 survivors (5120K)
 Metaspace       used 90960K, capacity 94213K, committed 94840K, reserved 337920K
  class space    used 11187K, capacity 12125K, committed 12408K, reserved 253952K
}
Event: 754.326 GC heap before
{Heap before GC invocations=36 (full 0):
 garbage-first heap   total 262144K, used 204149K [0x00000000e0000000, 0x0000000100000000)
  region size 1024K, 68 young (69632K), 5 survivors (5120K)
 Metaspace       used 100563K, capacity 103976K, committed 104312K, reserved 346112K
  class space    used 12269K, capacity 13309K, committed 13432K, reserved 253952K
}
Event: 754.345 GC heap after
{Heap after GC invocations=37 (full 0):
 garbage-first heap   total 262144K, used 145811K [0x00000000e0000000, 0x0000000100000000)
  region size 1024K, 9 young (9216K), 9 survivors (9216K)
 Metaspace       used 100563K, capacity 103976K, committed 104312K, reserved 346112K
  class space    used 12269K, capacity 13309K, committed 13432K, reserved 253952K
}
Event: 754.412 GC heap before
{Heap before GC invocations=37 (full 0):
 garbage-first heap   total 262144K, used 147859K [0x00000000e0000000, 0x0000000100000000)
  region size 1024K, 12 young (12288K), 9 survivors (9216K)
 Metaspace       used 100586K, capacity 103976K, committed 104312K, reserved 346112K
  class space    used 12272K, capacity 13309K, committed 13432K, reserved 253952K
}
Event: 754.436 GC heap after
{Heap after GC invocations=38 (full 0):
 garbage-first heap   total 262144K, used 141626K [0x00000000e0000000, 0x0000000100000000)
  region size 1024K, 2 young (2048K), 2 survivors (2048K)
 Metaspace       used 100586K, capacity 103976K, committed 104312K, reserved 346112K
  class space    used 12272K, capacity 13309K, committed 13432K, reserved 253952K
}
Event: 756.939 GC heap before
{Heap before GC invocations=38 (full 0):
 garbage-first heap   total 262144K, used 207162K [0x00000000e0000000, 0x0000000100000000)
  region size 1024K, 64 young (65536K), 2 survivors (2048K)
 Metaspace       used 101630K, capacity 105008K, committed 105080K, reserved 346112K
  class space    used 12358K, capacity 13395K, committed 13432K, reserved 253952K
}
Event: 756.957 GC heap after
{Heap after GC invocations=39 (full 0):
 garbage-first heap   total 262144K, used 152000K [0x00000000e0000000, 0x0000000100000000)
  region size 1024K, 8 young (8192K), 8 survivors (8192K)
 Metaspace       used 101630K, capacity 105008K, committed 105080K, reserved 346112K
  class space    used 12358K, capacity 13395K, committed 13432K, reserved 253952K
}

Deoptimization events (10 events):
Event: 755.831 Thread 0x00000228a27ee000 Uncommon trap: reason=bimorphic_or_optimized_type_check action=maybe_recompile pc=0x000002288fc80364 method=java.util.zip.InflaterInputStream.read([BII)I @ 100 c2
Event: 755.841 Thread 0x00000228a27ee000 Uncommon trap: reason=bimorphic_or_optimized_type_check action=maybe_recompile pc=0x000002288fc80364 method=java.util.zip.InflaterInputStream.read([BII)I @ 100 c2
Event: 755.848 Thread 0x00000228a27ee000 Uncommon trap: reason=bimorphic_or_optimized_type_check action=maybe_recompile pc=0x000002288fc80364 method=java.util.zip.InflaterInputStream.read([BII)I @ 100 c2
Event: 756.312 Thread 0x00000228a27ee000 Uncommon trap: reason=unstable_if action=reinterpret pc=0x000002288fc3ce3c method=java.time.LocalDate.create(III)Ljava/time/LocalDate; @ 10 c2
Event: 756.961 Thread 0x00000228a27ee000 Uncommon trap: reason=null_check action=make_not_entrant pc=0x000002288f4cc0ac method=com.sun.tools.javac.util.UnsharedNameTable.fromUtf([BII)Lcom/sun/tools/javac/util/Name; @ 50 c2
Event: 757.001 Thread 0x00000228a27ee000 Uncommon trap: reason=unstable_if action=reinterpret pc=0x000002288f10a424 method=sun.nio.fs.WindowsPath.getPathForWin32Calls()Ljava/lang/String; @ 17 c2
Event: 757.002 Thread 0x00000228a27ee000 Uncommon trap: reason=unstable_if action=reinterpret pc=0x000002288f7c3730 method=sun.nio.fs.WindowsPath.getPathForWin32Calls()Ljava/lang/String; @ 17 c2
Event: 757.371 Thread 0x00000228a27ee000 Uncommon trap: reason=unstable_if action=reinterpret pc=0x000002288fc5df7c method=com.sun.tools.javac.code.Types$15.visitClassType(Lcom/sun/tools/javac/code/Type$ClassType;Ljava/lang/Void;)Lcom/sun/tools/javac/code/Type; @ 75 c2
Event: 757.371 Thread 0x00000228a27ee000 Uncommon trap: reason=unstable_if action=reinterpret pc=0x000002288fd238e0 method=com.sun.tools.javac.code.Types$14.visitClassType(Lcom/sun/tools/javac/code/Type$ClassType;Ljava/lang/Boolean;)Lcom/sun/tools/javac/code/Type; @ 16 c2
Event: 757.371 Thread 0x00000228a27ee000 Uncommon trap: reason=unstable_if action=reinterpret pc=0x000002288fc61304 method=com.sun.tools.javac.code.Types$15.visitClassType(Lcom/sun/tools/javac/code/Type$ClassType;Ljava/lang/Void;)Lcom/sun/tools/javac/code/Type; @ 75 c2

Classes redefined (0 events):
No events

Internal exceptions (10 events):
Event: 756.842 Thread 0x00000228a27ee000 Exception <a 'sun/nio/fs/WindowsException'{0x00000000ec1de6b8}> (0x00000000ec1de6b8) thrown at [./open/src/hotspot/share/prims/jni.cpp, line 611]
Event: 756.888 Thread 0x00000228a27ee000 Exception <a 'sun/nio/fs/WindowsException'{0x00000000ec0d0180}> (0x00000000ec0d0180) thrown at [./open/src/hotspot/share/prims/jni.cpp, line 611]
Event: 756.929 Thread 0x00000228a27ee000 Exception <a 'sun/nio/fs/WindowsException'{0x00000000ec0e4480}> (0x00000000ec0e4480) thrown at [./open/src/hotspot/share/prims/jni.cpp, line 611]
Event: 756.960 Thread 0x00000228a27ee000 Implicit null exception at 0x000002288f4cb4fd to 0x000002288f4cc06c
Event: 757.001 Thread 0x00000228a27ee000 Exception <a 'sun/nio/fs/WindowsException'{0x00000000effbf920}> (0x00000000effbf920) thrown at [./open/src/hotspot/share/prims/jni.cpp, line 611]
Event: 757.019 Thread 0x00000228a27ee000 Exception <a 'sun/nio/fs/WindowsException'{0x00000000effc9cf8}> (0x00000000effc9cf8) thrown at [./open/src/hotspot/share/prims/jni.cpp, line 611]
Event: 757.155 Thread 0x00000228a27ee000 Exception <a 'sun/nio/fs/WindowsException'{0x00000000effdaf18}> (0x00000000effdaf18) thrown at [./open/src/hotspot/share/prims/jni.cpp, line 611]
Event: 757.191 Thread 0x00000228a27ee000 Exception <a 'sun/nio/fs/WindowsException'{0x00000000efe00e98}> (0x00000000efe00e98) thrown at [./open/src/hotspot/share/prims/jni.cpp, line 611]
Event: 757.202 Thread 0x00000228a27ee000 Exception <a 'sun/nio/fs/WindowsException'{0x00000000efe17970}> (0x00000000efe17970) thrown at [./open/src/hotspot/share/prims/jni.cpp, line 611]
Event: 757.353 Thread 0x00000228a27ee000 Exception <a 'sun/nio/fs/WindowsException'{0x00000000efd420e0}> (0x00000000efd420e0) thrown at [./open/src/hotspot/share/prims/jni.cpp, line 611]

Events (10 events):
Event: 757.371 Thread 0x00000228a27ee000 Uncommon trap: trap_request=0xffffff4d fr.pc=0x000002288fc5df7c relative=0x00000000000013fc
Event: 757.371 Thread 0x00000228a27ee000 DEOPT PACKING pc=0x000002288fc5df7c sp=0x00000090183f7bf0
Event: 757.371 Thread 0x00000228a27ee000 DEOPT UNPACKING pc=0x00000228875965af sp=0x00000090183f7b80 mode 2
Event: 757.371 Thread 0x00000228a27ee000 Uncommon trap: trap_request=0xffffff4d fr.pc=0x000002288fd238e0 relative=0x0000000000000700
Event: 757.371 Thread 0x00000228a27ee000 DEOPT PACKING pc=0x000002288fd238e0 sp=0x00000090183f7a00
Event: 757.371 Thread 0x00000228a27ee000 DEOPT UNPACKING pc=0x00000228875965af sp=0x00000090183f7970 mode 2
Event: 757.371 Thread 0x00000228a27ee000 Uncommon trap: trap_request=0xffffff4d fr.pc=0x000002288fc61304 relative=0x0000000000001404
Event: 757.371 Thread 0x00000228a27ee000 DEOPT PACKING pc=0x000002288fc61304 sp=0x00000090183f7ac0
Event: 757.371 Thread 0x00000228a27ee000 DEOPT UNPACKING pc=0x00000228875965af sp=0x00000090183f7ad8 mode 2
Event: 757.416 Executing VM operation: CGC_Operation


Dynamic libraries:
0x00007ff6ca520000 - 0x00007ff6ca52f000 	C:\Program Files\Java\jdk-11.0.13\bin\java.exe
0x00007ffa27bb0000 - 0x00007ffa27da8000 	C:\Windows\SYSTEM32\ntdll.dll
0x00007ffa25da0000 - 0x00007ffa25e5d000 	C:\Windows\System32\KERNEL32.DLL
0x00007ffa25860000 - 0x00007ffa25b2e000 	C:\Windows\System32\KERNELBASE.dll
0x00007ffa25410000 - 0x00007ffa25510000 	C:\Windows\System32\ucrtbase.dll
0x00007ffa1bc50000 - 0x00007ffa1bc68000 	C:\Program Files\Java\jdk-11.0.13\bin\jli.dll
0x00007ffa27a80000 - 0x00007ffa27b2e000 	C:\Windows\System32\ADVAPI32.dll
0x00007ffa26700000 - 0x00007ffa2679e000 	C:\Windows\System32\msvcrt.dll
0x00007ffa277c0000 - 0x00007ffa2785c000 	C:\Windows\System32\sechost.dll
0x00007ffa27660000 - 0x00007ffa27785000 	C:\Windows\System32\RPCRT4.dll
0x00007ffa27460000 - 0x00007ffa27600000 	C:\Windows\System32\USER32.dll
0x00007ffa256e0000 - 0x00007ffa25702000 	C:\Windows\System32\win32u.dll
0x00007ffa27790000 - 0x00007ffa277ba000 	C:\Windows\System32\GDI32.dll
0x00007ffa25300000 - 0x00007ffa2540b000 	C:\Windows\System32\gdi32full.dll
0x00007ffa257c0000 - 0x00007ffa2585d000 	C:\Windows\System32\msvcp_win.dll
0x00007ffa1aae0000 - 0x00007ffa1aaf5000 	C:\Program Files\Java\jdk-11.0.13\bin\VCRUNTIME140.dll
0x00007ffa24680000 - 0x00007ffa2491a000 	C:\Windows\WinSxS\amd64_microsoft.windows.common-controls_6595b64144ccf1df_6.0.19041.1110_none_60b5254171f9507e\COMCTL32.dll
0x00007ffa14cc0000 - 0x00007ffa14cca000 	C:\Windows\SYSTEM32\VERSION.dll
0x00007ffa27b40000 - 0x00007ffa27b70000 	C:\Windows\System32\IMM32.DLL
0x00007ff9ef160000 - 0x00007ff9ef1fb000 	C:\Program Files\Java\jdk-11.0.13\bin\msvcp140.dll
0x00007ff9ca710000 - 0x00007ff9cb223000 	C:\Program Files\Java\jdk-11.0.13\bin\server\jvm.dll
0x00007ffa27b30000 - 0x00007ffa27b38000 	C:\Windows\System32\PSAPI.DLL
0x00007ffa1bf70000 - 0x00007ffa1bf79000 	C:\Windows\SYSTEM32\WSOCK32.dll
0x00007ffa26c20000 - 0x00007ffa26c8b000 	C:\Windows\System32\WS2_32.dll
0x00007ffa17c50000 - 0x00007ffa17c77000 	C:\Windows\SYSTEM32\WINMM.dll
0x00007ffa22b80000 - 0x00007ffa22b92000 	C:\Windows\SYSTEM32\kernel.appcore.dll
0x00007ffa1bc40000 - 0x00007ffa1bc50000 	C:\Program Files\Java\jdk-11.0.13\bin\verify.dll
0x00007ffa24c00000 - 0x00007ffa24de4000 	C:\Windows\SYSTEM32\DBGHELP.DLL
0x00007ffa24a30000 - 0x00007ffa24a5c000 	C:\Windows\SYSTEM32\dbgcore.DLL
0x00007ffa25b80000 - 0x00007ffa25c02000 	C:\Windows\System32\bcryptPrimitives.dll
0x00007ffa0a110000 - 0x00007ffa0a138000 	C:\Program Files\Java\jdk-11.0.13\bin\java.dll
0x00007ffa1af60000 - 0x00007ffa1af6a000 	C:\Program Files\Java\jdk-11.0.13\bin\jimage.dll
0x00007ffa162f0000 - 0x00007ffa16306000 	C:\Program Files\Java\jdk-11.0.13\bin\zip.dll
0x00007ffa25fa0000 - 0x00007ffa266e4000 	C:\Windows\System32\SHELL32.dll
0x00007ffa22d80000 - 0x00007ffa23514000 	C:\Windows\SYSTEM32\windows.storage.dll
0x00007ffa27100000 - 0x00007ffa27454000 	C:\Windows\System32\combase.dll
0x00007ffa245e0000 - 0x00007ffa24610000 	C:\Windows\SYSTEM32\Wldp.dll
0x00007ffa27940000 - 0x00007ffa279ed000 	C:\Windows\System32\SHCORE.dll
0x00007ffa26bc0000 - 0x00007ffa26c15000 	C:\Windows\System32\shlwapi.dll
0x00007ffa25210000 - 0x00007ffa2522f000 	C:\Windows\SYSTEM32\profapi.dll
0x00007ffa0f7a0000 - 0x00007ffa0f7b9000 	C:\Program Files\Java\jdk-11.0.13\bin\net.dll
0x00007ffa1a2d0000 - 0x00007ffa1a3da000 	C:\Windows\SYSTEM32\WINHTTP.dll
0x00007ffa244b0000 - 0x00007ffa2451a000 	C:\Windows\system32\mswsock.dll
0x00007ffa09aa0000 - 0x00007ffa09ab2000 	C:\Program Files\Java\jdk-11.0.13\bin\nio.dll
0x00007ffa05520000 - 0x00007ffa05546000 	C:\Users\LUCKY\.gradle\native\29\windows-amd64\native-platform.dll
0x00007ffa0a100000 - 0x00007ffa0a109000 	C:\Program Files\Java\jdk-11.0.13\bin\management.dll
0x00007ffa05510000 - 0x00007ffa0551b000 	C:\Program Files\Java\jdk-11.0.13\bin\management_ext.dll
0x00007ffa24f90000 - 0x00007ffa24fa8000 	C:\Windows\SYSTEM32\CRYPTSP.dll
0x00007ffa23ce0000 - 0x00007ffa23d14000 	C:\Windows\system32\rsaenh.dll
0x00007ffa252d0000 - 0x00007ffa252f7000 	C:\Windows\System32\bcrypt.dll
0x00007ffa251d0000 - 0x00007ffa251fe000 	C:\Windows\SYSTEM32\USERENV.dll
0x00007ffa245a0000 - 0x00007ffa245ac000 	C:\Windows\SYSTEM32\CRYPTBASE.dll
0x00007ffa24030000 - 0x00007ffa2406b000 	C:\Windows\SYSTEM32\IPHLPAPI.DLL
0x00007ffa25f90000 - 0x00007ffa25f98000 	C:\Windows\System32\NSI.dll
0x00007ffa1de90000 - 0x00007ffa1dea7000 	C:\Windows\SYSTEM32\dhcpcsvc6.DLL
0x00007ffa1de70000 - 0x00007ffa1de8d000 	C:\Windows\SYSTEM32\dhcpcsvc.DLL
0x00007ffa24070000 - 0x00007ffa2413a000 	C:\Windows\SYSTEM32\DNSAPI.dll
0x00007ffa16560000 - 0x00007ffa16585000 	C:\Program Files\Java\jdk-11.0.13\bin\sunec.dll
0x00007ffa1a290000 - 0x00007ffa1a29a000 	C:\Windows\System32\rasadhlp.dll
0x00007ffa1a110000 - 0x00007ffa1a190000 	C:\Windows\System32\fwpuclnt.dll
0x00007ffa1d110000 - 0x00007ffa1d11d000 	C:\Program Files\Java\jdk-11.0.13\bin\sunmscapi.dll
0x00007ffa25510000 - 0x00007ffa25666000 	C:\Windows\System32\CRYPT32.dll
0x00007ffa24650000 - 0x00007ffa24677000 	C:\Windows\SYSTEM32\ncrypt.dll
0x00007ffa24610000 - 0x00007ffa2464b000 	C:\Windows\SYSTEM32\NTASN1.dll
0x00007ffa24f50000 - 0x00007ffa24f83000 	C:\Windows\SYSTEM32\ntmarta.dll

dbghelp: loaded successfully - version: 4.0.5 - missing functions: none
symbol engine: initialized successfully - sym options: 0x614 - pdb path: .;C:\Program Files\Java\jdk-11.0.13\bin;C:\Windows\SYSTEM32;C:\Windows\WinSxS\amd64_microsoft.windows.common-controls_6595b64144ccf1df_6.0.19041.1110_none_60b5254171f9507e;C:\Program Files\Java\jdk-11.0.13\bin\server;C:\Users\LUCKY\.gradle\native\29\windows-amd64

VM Arguments:
jvm_args: --add-opens=java.base/java.util=ALL-UNNAMED --add-opens=java.base/java.lang=ALL-UNNAMED --add-opens=java.base/java.lang.invoke=ALL-UNNAMED --add-opens=java.prefs/java.util.prefs=ALL-UNNAMED -XX:MaxMetaspaceSize=256m -XX:+HeapDumpOnOutOfMemoryError -Xms256m -Xmx512m -Dfile.encoding=windows-1252 -Duser.country=US -Duser.language=en -Duser.variant 
java_command: org.gradle.launcher.daemon.bootstrap.GradleDaemon 5.5
java_class_path (initial): C:\Users\LUCKY\.gradle\wrapper\dists\gradle-5.5-all\byeise1led9a3w3p149d02kfj\gradle-5.5\lib\gradle-launcher-5.5.jar
Launcher Type: SUN_STANDARD

[Global flags]
     intx CICompilerCount                          = 3                                         {product} {ergonomic}
   size_t CompressedClassSpaceSize                 = 260046848                                 {product} {ergonomic}
     uint ConcGCThreads                            = 1                                         {product} {ergonomic}
     uint G1ConcRefinementThreads                  = 4                                         {product} {ergonomic}
   size_t G1HeapRegionSize                         = 1048576                                   {product} {ergonomic}
    uintx GCDrainStackTargetSize                   = 64                                        {product} {ergonomic}
     bool HeapDumpOnOutOfMemoryError               = true                                   {manageable} {command line}
   size_t InitialHeapSize                          = 268435456                                 {product} {command line}
   size_t MarkStackSize                            = 4194304                                   {product} {ergonomic}
   size_t MaxHeapSize                              = 536870912                                 {product} {command line}
   size_t MaxMetaspaceSize                         = 268435456                                 {product} {command line}
   size_t MaxNewSize                               = 321912832                                 {product} {ergonomic}
   size_t MinHeapDeltaBytes                        = 1048576                                   {product} {ergonomic}
    uintx NonNMethodCodeHeapSize                   = 5830732                                {pd product} {ergonomic}
    uintx NonProfiledCodeHeapSize                  = 122913754                              {pd product} {ergonomic}
    uintx ProfiledCodeHeapSize                     = 122913754                              {pd product} {ergonomic}
    uintx ReservedCodeCacheSize                    = 251658240                              {pd product} {ergonomic}
     bool SegmentedCodeCache                       = true                                      {product} {ergonomic}
     bool UseCompressedClassPointers               = true                                 {lp64_product} {ergonomic}
     bool UseCompressedOops                        = true                                 {lp64_product} {ergonomic}
     bool UseG1GC                                  = true                                      {product} {ergonomic}
     bool UseLargePagesIndividualAllocation        = false                                  {pd product} {ergonomic}

Logging:
Log output configuration:
 #0: stdout all=warning uptime,level,tags
 #1: stderr all=off uptime,level,tags

Environment Variables:
JAVA_HOME=C:\Program Files\Java\jdk-11.0.13\
CLASSPATH=D:\MyWork\ReactNative\whsnxt_mvp (2)\android\\gradle\wrapper\gradle-wrapper.jar
PATH=D:\MyWork\ReactNative\whsnxt_mvp (2)\android\node_modules\.bin;D:\MyWork\ReactNative\whsnxt_mvp (2)\node_modules\.bin;D:\MyWork\ReactNative\node_modules\.bin;D:\MyWork\node_modules\.bin;D:\node_modules\.bin;C:\Program Files\nodejs;C:\Program Files (x86)\OpenJDK\jdk-8.0.262.10-hotspot\bin;C:\Program Files (x86)\Common Files\Oracle\Java\javapath;C:\Program Files\Common Files\Oracle\Java\javapath;C:\Windows\system32;C:\Windows;C:\Windows\System32\Wbem;C:\Windows\System32\WindowsPowerShell\v1.0\;C:\Windows\System32\OpenSSH\;C:\Program Files\Git\cmd;C:\Users\LUCKY\AppData\Roaming\nvm;C:\Program Files\nodejs;C:\xampp\php;C:\ProgramData\ComposerSetup\bin;C:\Program Files\PuTTY\;C:\Program Files\Java\jdk-18.0.1.1\bin;C:\Program Files\Microsoft SQL Server\150\Tools\Binn\;C:\Users\LUCKY\AppData\Local\Android\Sdk\platform-tools;C:\Program Files\Java\jdk-11.0.13\bin;C:\Users\LUCKY\AppData\Local\Android\Sdk\ndk-bundle;C:\Users\LUCKY\AppData\Local\Programs\Python\Python310\Scripts\;C:\Users\LUCKY\AppData\Local\Programs\Python\Python310\;C:\Users\LUCKY\AppData\Local\Microsoft\WindowsApps;C:\Program Files\Bandizip\;C:\Users\LUCKY\AppData\Roaming\npm;C:\Users\LUCKY\AppData\Local\Programs\Microsoft VS Code\bin;C:\Users\LUCKY\AppData\Roaming\nvm;C:\Program Files\nodejs;C:\Users\LUCKY\AppData\Roaming\Composer\vendor\bin;C:\Program Files\JetBrains\PyCharm Community Edition 2022.1.1\bin;;C:\Users\LUCKY\AppData\Local\Android\Sdk\ndk-bundle;C:\Users\LUCKY\AppData\Local\Android\Sdk\platform-tools;
USERNAME=LUCKY
OS=Windows_NT
PROCESSOR_IDENTIFIER=Intel64 Family 6 Model 58 Stepping 9, GenuineIntel



---------------  S Y S T E M  ---------------

OS: Windows 10 , 64 bit Build 19041 (10.0.19041.1889)

CPU:total 4 (initial active 4) (2 cores per cpu, 2 threads per core) family 6 model 58 stepping 9 microcode 0x21, cmov, cx8, fxsr, mmx, sse, sse2, sse3, ssse3, sse4.1, sse4.2, popcnt, avx, aes, clmul, erms, ht, tsc, tscinvbit, tscinv

Memory: 4k page, system-wide physical 12182M (6749M free)
TotalPageFile size 24470M (AvailPageFile size 18888M)
current process WorkingSet (physical memory assigned to process): 553M, peak: 555M
current process commit charge ("private bytes"): 586M, peak: 589M

vm_info: Java HotSpot(TM) 64-Bit Server VM (11.0.13+10-LTS-370) for windows-amd64 JRE (11.0.13+10-LTS-370), built on Sep 15 2021 22:10:36 by "mach5one" with MS VC++ 15.9 (VS2017)

END.
