#
# A fatal error has been detected by the Java Runtime Environment:
#
#  EXCEPTION_ACCESS_VIOLATION (0xc0000005) at pc=0x00007ffb53c7b2eb, pid=12284, tid=3224
#
# JRE version: Java(TM) SE Runtime Environment 18.9 (11.0.13+10) (build 11.0.13+10-LTS-370)
# Java VM: Java HotSpot(TM) 64-Bit Server VM 18.9 (11.0.13+10-LTS-370, mixed mode, tiered, compressed oops, g1 gc, windows-amd64)
# Problematic frame:
# V  [jvm.dll+0x6b2eb]
#
# No core dump will be written. Minidumps are not enabled by default on client versions of Windows
#
# If you would like to submit a bug report, please visit:
#   https://bugreport.java.com/bugreport/crash.jsp
#

---------------  S U M M A R Y ------------

Command Line: --add-opens=java.base/java.util=ALL-UNNAMED --add-opens=java.base/java.lang=ALL-UNNAMED --add-opens=java.base/java.lang.invoke=ALL-UNNAMED --add-opens=java.prefs/java.util.prefs=ALL-UNNAMED -XX:MaxMetaspaceSize=256m -XX:+HeapDumpOnOutOfMemoryError -Xms256m -Xmx512m -Dfile.encoding=windows-1252 -Duser.country=US -Duser.language=en -Duser.variant org.gradle.launcher.daemon.bootstrap.GradleDaemon 5.5

Host: Intel(R) Core(TM) i5-3230M CPU @ 2.60GHz, 4 cores, 11G,  Windows 10 , 64 bit Build 19041 (10.0.19041.1806)
Time: Mon Aug  1 20:44:16 2022 Tokyo Standard Time elapsed time: 7.346651 seconds (0d 0h 0m 7s)

---------------  T H R E A D  ---------------

Current thread (0x000001db1ad61800):  JavaThread "C2 CompilerThread0" daemon [_thread_in_native, id=3224, stack(0x0000002a13400000,0x0000002a13500000)]


Current CompileTask:
C2:   7346 2053       4       java.net.URLClassLoader$1::run (5 bytes)

Stack: [0x0000002a13400000,0x0000002a13500000],  sp=0x0000002a134fb990,  free space=1006k
Native frames: (J=compiled Java code, j=interpreted, Vv=VM code, C=native code)
V  [jvm.dll+0x6b2eb]
V  [jvm.dll+0x6ed84]
V  [jvm.dll+0x63058c]
V  [jvm.dll+0x62fd3d]
V  [jvm.dll+0x62dacc]
V  [jvm.dll+0x1f85b2]
V  [jvm.dll+0x1f743d]
V  [jvm.dll+0x177991]
V  [jvm.dll+0x206d84]
V  [jvm.dll+0x204ebb]
V  [jvm.dll+0x727e70]
V  [jvm.dll+0x720a54]
V  [jvm.dll+0x627606]
C  [ucrtbase.dll+0x21bb2]
C  [KERNEL32.DLL+0x17034]
C  [ntdll.dll+0x52651]


siginfo: EXCEPTION_ACCESS_VIOLATION (0xc0000005), reading address 0x00007dfb543c03a0


Register to memory mapping:

RIP=0x00007ffb53c7b2eb jvm.dll
RAX=0x00007dfb543c02d0 is an unknown value
RBX=0x0 is NULL
RCX=0x000001db1e0a71c0 points into unknown readable memory: 0x00007dfb543c02d0 | d0 02 3c 54 fb 7d 00 00
RDX=0x000001db204fb638 points into unknown readable memory: 0x00007ffb543bcb50 | 50 cb 3b 54 fb 7f 00 00
RSP=0x0000002a134fb990 is pointing into the stack for thread: 0x000001db1ad61800
RBP=0x0000000000000004 is an unknown value
RSI=0x0 is NULL
RDI=0x000001db1e0a7138 points into unknown readable memory: 0x00007ffb543f98f8 | f8 98 3f 54 fb 7f 00 00
R8 =0x000001db204fb6a8 points into unknown readable memory: 0x000001db1e0a72c0 | c0 72 0a 1e db 01 00 00
R9 =0x0 is NULL
R10=0x000001db1e0a7310 points into unknown readable memory: 0x000001db1e0a72c0 | c0 72 0a 1e db 01 00 00
R11=0x000001db204fb6c8 points into unknown readable memory: 0x000001db1e0a72c0 | c0 72 0a 1e db 01 00 00
R12=0x0000000000000436 is an unknown value
R13=0x000001db1b066a58 points into unknown readable memory: 0x00007ffb5443f970 | 70 f9 43 54 fb 7f 00 00
R14=0x000001db204fb688 points into unknown readable memory: 0x0000000000000000 | 00 00 00 00 00 00 00 00
R15=0x0000000000000006 is an unknown value


Registers:
RAX=0x00007dfb543c02d0, RBX=0x0000000000000000, RCX=0x000001db1e0a71c0, RDX=0x000001db204fb638
RSP=0x0000002a134fb990, RBP=0x0000000000000004, RSI=0x0000000000000000, RDI=0x000001db1e0a7138
R8 =0x000001db204fb6a8, R9 =0x0000000000000000, R10=0x000001db1e0a7310, R11=0x000001db204fb6c8
R12=0x0000000000000436, R13=0x000001db1b066a58, R14=0x000001db204fb688, R15=0x0000000000000006
RIP=0x00007ffb53c7b2eb, EFLAGS=0x0000000000010213

Top of Stack: (sp=0x0000002a134fb990)
0x0000002a134fb990:   0000000000000000 000001db204fb638
0x0000002a134fb9a0:   0000000000000006 00007ffb5421822e
0x0000002a134fb9b0:   ffffffffffffc540 00007ffb53c7ed84
0x0000002a134fb9c0:   000001db204fb638 0000000000000006
0x0000002a134fb9d0:   000001db2078a6e4 000001db1e0a7138
0x0000002a134fb9e0:   000001db1e0a7138 00007ffb5424058c
0x0000002a134fb9f0:   0000002a134fe4b0 000001db1e0a7620
0x0000002a134fba00:   000001db204fb550 0000000000000004
0x0000002a134fba10:   0000000100270001 0000004100000065
0x0000002a134fba20:   0000000000000746 fffffffffff65920
0x0000002a134fba30:   000001db0000042c 0000000000000002
0x0000002a134fba40:   000001db20786c28 0000000000000208
0x0000002a134fba50:   ffffffffffffe2e0 000000000009c400
0x0000002a134fba60:   ffffffffffffc540 000001db2078c300
0x0000002a134fba70:   000001db208269e0 000001db207888c0
0x0000002a134fba80:   000001db2078e014 000000000009fec0 

Instructions: (pc=0x00007ffb53c7b2eb)
0x00007ffb53c7b2cb:   00 00 00 00 00 48 8b 07 48 8b cf ff 90 b0 00 00
0x00007ffb53c7b2db:   00 3b d8 74 15 48 8b 47 40 48 8b 0c 06 48 8b 01
0x00007ffb53c7b2eb:   ff 90 d0 00 00 00 4a 89 04 36 ff c3 48 83 c6 08
0x00007ffb53c7b2fb:   3b dd 7c d1 48 8b 5c 24 30 48 8b 6c 24 38 48 8b 


Stack slot to memory mapping:
stack at sp + 0 slots: 0x0 is NULL
stack at sp + 1 slots: 0x000001db204fb638 points into unknown readable memory: 0x00007ffb543bcb50 | 50 cb 3b 54 fb 7f 00 00
stack at sp + 2 slots: 0x0000000000000006 is an unknown value
stack at sp + 3 slots: 0x00007ffb5421822e jvm.dll
stack at sp + 4 slots: 0xffffffffffffc540 is an unknown value
stack at sp + 5 slots: 0x00007ffb53c7ed84 jvm.dll
stack at sp + 6 slots: 0x000001db204fb638 points into unknown readable memory: 0x00007ffb543bcb50 | 50 cb 3b 54 fb 7f 00 00
stack at sp + 7 slots: 0x0000000000000006 is an unknown value


---------------  P R O C E S S  ---------------

Threads class SMR info:
_java_thread_list=0x000001db1e108790, length=25, elements={
0x000001db7cc79800, 0x000001db1a4cd000, 0x000001db1a4ce800, 0x000001db1ad56000,
0x000001db1ad58000, 0x000001db1ad5b000, 0x000001db1ad61800, 0x000001db1ad6d000,
0x000001db1ad6f800, 0x000001db1aecf000, 0x000001db1bcb1000, 0x000001db1b766800,
0x000001db1c87f800, 0x000001db1c7bc000, 0x000001db1c7c5800, 0x000001db1c7c9000,
0x000001db1c7d0800, 0x000001db1c7d2000, 0x000001db1c7d3000, 0x000001db1c6df800,
0x000001db1c6e0800, 0x000001db1c6e1000, 0x000001db1c6e3800, 0x000001db1c6e2000,
0x000001db1cac2800
}

Java Threads: ( => current thread )
  0x000001db7cc79800 JavaThread "main" [_thread_blocked, id=6280, stack(0x0000002a12800000,0x0000002a12900000)]
  0x000001db1a4cd000 JavaThread "Reference Handler" daemon [_thread_blocked, id=3472, stack(0x0000002a12f00000,0x0000002a13000000)]
  0x000001db1a4ce800 JavaThread "Finalizer" daemon [_thread_blocked, id=5996, stack(0x0000002a13000000,0x0000002a13100000)]
  0x000001db1ad56000 JavaThread "Signal Dispatcher" daemon [_thread_blocked, id=7876, stack(0x0000002a13100000,0x0000002a13200000)]
  0x000001db1ad58000 JavaThread "Attach Listener" daemon [_thread_blocked, id=12140, stack(0x0000002a13200000,0x0000002a13300000)]
  0x000001db1ad5b000 JavaThread "Service Thread" daemon [_thread_blocked, id=240, stack(0x0000002a13300000,0x0000002a13400000)]
=>0x000001db1ad61800 JavaThread "C2 CompilerThread0" daemon [_thread_in_native, id=3224, stack(0x0000002a13400000,0x0000002a13500000)]
  0x000001db1ad6d000 JavaThread "C1 CompilerThread0" daemon [_thread_blocked, id=6528, stack(0x0000002a13500000,0x0000002a13600000)]
  0x000001db1ad6f800 JavaThread "Sweeper thread" daemon [_thread_blocked, id=11616, stack(0x0000002a13600000,0x0000002a13700000)]
  0x000001db1aecf000 JavaThread "Common-Cleaner" daemon [_thread_blocked, id=11068, stack(0x0000002a13700000,0x0000002a13800000)]
  0x000001db1bcb1000 JavaThread "Daemon health stats" [_thread_blocked, id=12996, stack(0x0000002a13d00000,0x0000002a13e00000)]
  0x000001db1b766800 JavaThread "Incoming local TCP Connector on port 54402" [_thread_in_native, id=12644, stack(0x0000002a13c00000,0x0000002a13d00000)]
  0x000001db1c87f800 JavaThread "Daemon periodic checks" [_thread_blocked, id=5604, stack(0x0000002a13e00000,0x0000002a13f00000)]
  0x000001db1c7bc000 JavaThread "Daemon" [_thread_blocked, id=2748, stack(0x0000002a13f00000,0x0000002a14000000)]
  0x000001db1c7c5800 JavaThread "Handler for socket connection from /127.0.0.1:54402 to /127.0.0.1:54403" [_thread_in_native, id=6968, stack(0x0000002a14000000,0x0000002a14100000)]
  0x000001db1c7c9000 JavaThread "Cancel handler" [_thread_blocked, id=12184, stack(0x0000002a14100000,0x0000002a14200000)]
  0x000001db1c7d0800 JavaThread "Daemon worker" [_thread_in_Java, id=11472, stack(0x0000002a14200000,0x0000002a14300000)]
  0x000001db1c7d2000 JavaThread "Asynchronous log dispatcher for DefaultDaemonConnection: socket connection from /127.0.0.1:54402 to /127.0.0.1:54403" [_thread_blocked, id=9340, stack(0x0000002a14300000,0x0000002a14400000)]
  0x000001db1c7d3000 JavaThread "Stdin handler" [_thread_blocked, id=5772, stack(0x0000002a14400000,0x0000002a14500000)]
  0x000001db1c6df800 JavaThread "Thread-8" [_thread_blocked, id=12388, stack(0x0000002a14500000,0x0000002a14600000)]
  0x000001db1c6e0800 JavaThread "Cache worker for file hash cache (C:\Users\LUCKY\.gradle\caches\5.5\fileHashes)" [_thread_blocked, id=3628, stack(0x0000002a14600000,0x0000002a14700000)]
  0x000001db1c6e1000 JavaThread "File lock request listener" [_thread_in_native, id=13292, stack(0x0000002a14700000,0x0000002a14800000)]
  0x000001db1c6e3800 JavaThread "Cache worker for journal cache (C:\Users\LUCKY\.gradle\caches\journal-1)" [_thread_blocked, id=11812, stack(0x0000002a14800000,0x0000002a14900000)]
  0x000001db1c6e2000 JavaThread "Cache worker for file hash cache (D:\MyWork\ReactNative\whsnxt_mvp\android\.gradle\5.5\fileHashes)" [_thread_blocked, id=6624, stack(0x0000002a14900000,0x0000002a14a00000)]
  0x000001db1cac2800 JavaThread "C2 CompilerThread1" daemon [_thread_in_native, id=8704, stack(0x0000002a14a00000,0x0000002a14b00000)]

Other Threads:
  0x000001db1a4c9800 VMThread "VM Thread" [stack: 0x0000002a12e00000,0x0000002a12f00000] [id=10316]
  0x000001db1aee3000 WatcherThread [stack: 0x0000002a13800000,0x0000002a13900000] [id=6168]
  0x000001db7cc8e800 GCTaskThread "GC Thread#0" [stack: 0x0000002a12900000,0x0000002a12a00000] [id=2072]
  0x000001db1b70d000 GCTaskThread "GC Thread#1" [stack: 0x0000002a13900000,0x0000002a13a00000] [id=1960]
  0x000001db1b6fc800 GCTaskThread "GC Thread#2" [stack: 0x0000002a13a00000,0x0000002a13b00000] [id=10816]
  0x000001db1b6fd800 GCTaskThread "GC Thread#3" [stack: 0x0000002a13b00000,0x0000002a13c00000] [id=5832]
  0x000001db7cca2000 ConcurrentGCThread "G1 Main Marker" [stack: 0x0000002a12a00000,0x0000002a12b00000] [id=11108]
  0x000001db7cca4800 ConcurrentGCThread "G1 Conc#0" [stack: 0x0000002a12b00000,0x0000002a12c00000] [id=9020]
  0x000001db7cd5d800 ConcurrentGCThread "G1 Refine#0" [stack: 0x0000002a12c00000,0x0000002a12d00000] [id=2288]
  0x000001db1a368800 ConcurrentGCThread "G1 Young RemSet Sampling" [stack: 0x0000002a12d00000,0x0000002a12e00000] [id=8216]

Threads with active compile tasks:
C2 CompilerThread0   7436 2053       4       java.net.URLClassLoader$1::run (5 bytes)
C2 CompilerThread1   7436 2054   !   4       java.net.URLClassLoader$1::run (81 bytes)

VM state:not at safepoint (normal execution)

VM Mutex/Monitor currently owned by a thread: None

Heap address: 0x00000000e0000000, size: 512 MB, Compressed Oops mode: 32-bit
Narrow klass base: 0x0000000000000000, Narrow klass shift: 3
Compressed class space size: 260046848 Address: 0x0000000100000000

Heap:
 garbage-first heap   total 262144K, used 52771K [0x00000000e0000000, 0x0000000100000000)
  region size 1024K, 41 young (41984K), 3 survivors (3072K)
 Metaspace       used 28426K, capacity 28924K, committed 29184K, reserved 280576K
  class space    used 3539K, capacity 3755K, committed 3840K, reserved 253952K
Heap Regions: E=young(eden), S=young(survivor), O=old, HS=humongous(starts), HC=humongous(continues), CS=collection set, F=free, A=archive, TAMS=top-at-mark-start (previous, next)
|   0|0x00000000e0000000, 0x00000000e0100000, 0x00000000e0100000|100%| O|  |TAMS 0x00000000e0100000, 0x00000000e0000000| Untracked 
|   1|0x00000000e0100000, 0x00000000e0200000, 0x00000000e0200000|100%| O|  |TAMS 0x00000000e0200000, 0x00000000e0100000| Untracked 
|   2|0x00000000e0200000, 0x00000000e0300000, 0x00000000e0300000|100%|HS|  |TAMS 0x00000000e0300000, 0x00000000e0200000| Complete 
|   3|0x00000000e0300000, 0x00000000e0400000, 0x00000000e0400000|100%|HS|  |TAMS 0x00000000e0400000, 0x00000000e0300000| Complete 
|   4|0x00000000e0400000, 0x00000000e0500000, 0x00000000e0500000|100%|HC|  |TAMS 0x00000000e0500000, 0x00000000e0400000| Complete 
|   5|0x00000000e0500000, 0x00000000e0600000, 0x00000000e0600000|100%| O|  |TAMS 0x00000000e0600000, 0x00000000e0500000| Untracked 
|   6|0x00000000e0600000, 0x00000000e0700000, 0x00000000e0700000|100%| O|  |TAMS 0x00000000e0700000, 0x00000000e0600000| Untracked 
|   7|0x00000000e0700000, 0x00000000e0800000, 0x00000000e0800000|100%| O|  |TAMS 0x00000000e0800000, 0x00000000e0700000| Untracked 
|   8|0x00000000e0800000, 0x00000000e0900000, 0x00000000e0900000|100%| O|  |TAMS 0x00000000e0900000, 0x00000000e0800000| Untracked 
|   9|0x00000000e0900000, 0x00000000e0a00000, 0x00000000e0a00000|100%| O|  |TAMS 0x00000000e0a00000, 0x00000000e0900000| Untracked 
|  10|0x00000000e0a00000, 0x00000000e0b00000, 0x00000000e0b00000|100%| O|  |TAMS 0x00000000e0b00000, 0x00000000e0a00000| Untracked 
|  11|0x00000000e0b00000, 0x00000000e0c00000, 0x00000000e0c00000|100%| O|  |TAMS 0x00000000e0c00000, 0x00000000e0b00000| Untracked 
|  12|0x00000000e0c00000, 0x00000000e0d00000, 0x00000000e0d00000|100%| O|  |TAMS 0x00000000e0d00000, 0x00000000e0c00000| Untracked 
|  13|0x00000000e0d00000, 0x00000000e0d0d400, 0x00000000e0e00000|  5%| O|  |TAMS 0x00000000e0d0d400, 0x00000000e0d00000| Untracked 
|  14|0x00000000e0e00000, 0x00000000e0e00000, 0x00000000e0f00000|  0%| F|  |TAMS 0x00000000e0e00000, 0x00000000e0e00000| Untracked 
|  15|0x00000000e0f00000, 0x00000000e0f00000, 0x00000000e1000000|  0%| F|  |TAMS 0x00000000e0f00000, 0x00000000e0f00000| Untracked 
|  16|0x00000000e1000000, 0x00000000e1000000, 0x00000000e1100000|  0%| F|  |TAMS 0x00000000e1000000, 0x00000000e1000000| Untracked 
|  17|0x00000000e1100000, 0x00000000e1100000, 0x00000000e1200000|  0%| F|  |TAMS 0x00000000e1100000, 0x00000000e1100000| Untracked 
|  18|0x00000000e1200000, 0x00000000e1200000, 0x00000000e1300000|  0%| F|  |TAMS 0x00000000e1200000, 0x00000000e1200000| Untracked 
|  19|0x00000000e1300000, 0x00000000e1300000, 0x00000000e1400000|  0%| F|  |TAMS 0x00000000e1300000, 0x00000000e1300000| Untracked 
|  20|0x00000000e1400000, 0x00000000e1400000, 0x00000000e1500000|  0%| F|  |TAMS 0x00000000e1400000, 0x00000000e1400000| Untracked 
|  21|0x00000000e1500000, 0x00000000e1500000, 0x00000000e1600000|  0%| F|  |TAMS 0x00000000e1500000, 0x00000000e1500000| Untracked 
|  22|0x00000000e1600000, 0x00000000e1600000, 0x00000000e1700000|  0%| F|  |TAMS 0x00000000e1600000, 0x00000000e1600000| Untracked 
|  23|0x00000000e1700000, 0x00000000e1700000, 0x00000000e1800000|  0%| F|  |TAMS 0x00000000e1700000, 0x00000000e1700000| Untracked 
|  24|0x00000000e1800000, 0x00000000e1800000, 0x00000000e1900000|  0%| F|  |TAMS 0x00000000e1800000, 0x00000000e1800000| Untracked 
|  25|0x00000000e1900000, 0x00000000e1900000, 0x00000000e1a00000|  0%| F|  |TAMS 0x00000000e1900000, 0x00000000e1900000| Untracked 
|  26|0x00000000e1a00000, 0x00000000e1a00000, 0x00000000e1b00000|  0%| F|  |TAMS 0x00000000e1a00000, 0x00000000e1a00000| Untracked 
|  27|0x00000000e1b00000, 0x00000000e1b00000, 0x00000000e1c00000|  0%| F|  |TAMS 0x00000000e1b00000, 0x00000000e1b00000| Untracked 
|  28|0x00000000e1c00000, 0x00000000e1c00000, 0x00000000e1d00000|  0%| F|  |TAMS 0x00000000e1c00000, 0x00000000e1c00000| Untracked 
|  29|0x00000000e1d00000, 0x00000000e1d00000, 0x00000000e1e00000|  0%| F|  |TAMS 0x00000000e1d00000, 0x00000000e1d00000| Untracked 
|  30|0x00000000e1e00000, 0x00000000e1e00000, 0x00000000e1f00000|  0%| F|  |TAMS 0x00000000e1e00000, 0x00000000e1e00000| Untracked 
|  31|0x00000000e1f00000, 0x00000000e1f00000, 0x00000000e2000000|  0%| F|  |TAMS 0x00000000e1f00000, 0x00000000e1f00000| Untracked 
|  32|0x00000000e2000000, 0x00000000e2000000, 0x00000000e2100000|  0%| F|  |TAMS 0x00000000e2000000, 0x00000000e2000000| Untracked 
|  33|0x00000000e2100000, 0x00000000e2100000, 0x00000000e2200000|  0%| F|  |TAMS 0x00000000e2100000, 0x00000000e2100000| Untracked 
|  34|0x00000000e2200000, 0x00000000e2200000, 0x00000000e2300000|  0%| F|  |TAMS 0x00000000e2200000, 0x00000000e2200000| Untracked 
|  35|0x00000000e2300000, 0x00000000e2300000, 0x00000000e2400000|  0%| F|  |TAMS 0x00000000e2300000, 0x00000000e2300000| Untracked 
|  36|0x00000000e2400000, 0x00000000e2400000, 0x00000000e2500000|  0%| F|  |TAMS 0x00000000e2400000, 0x00000000e2400000| Untracked 
|  37|0x00000000e2500000, 0x00000000e2500000, 0x00000000e2600000|  0%| F|  |TAMS 0x00000000e2500000, 0x00000000e2500000| Untracked 
|  38|0x00000000e2600000, 0x00000000e2600000, 0x00000000e2700000|  0%| F|  |TAMS 0x00000000e2600000, 0x00000000e2600000| Untracked 
|  39|0x00000000e2700000, 0x00000000e2700000, 0x00000000e2800000|  0%| F|  |TAMS 0x00000000e2700000, 0x00000000e2700000| Untracked 
|  40|0x00000000e2800000, 0x00000000e2800000, 0x00000000e2900000|  0%| F|  |TAMS 0x00000000e2800000, 0x00000000e2800000| Untracked 
|  41|0x00000000e2900000, 0x00000000e2900000, 0x00000000e2a00000|  0%| F|  |TAMS 0x00000000e2900000, 0x00000000e2900000| Untracked 
|  42|0x00000000e2a00000, 0x00000000e2a00000, 0x00000000e2b00000|  0%| F|  |TAMS 0x00000000e2a00000, 0x00000000e2a00000| Untracked 
|  43|0x00000000e2b00000, 0x00000000e2b00000, 0x00000000e2c00000|  0%| F|  |TAMS 0x00000000e2b00000, 0x00000000e2b00000| Untracked 
|  44|0x00000000e2c00000, 0x00000000e2c00000, 0x00000000e2d00000|  0%| F|  |TAMS 0x00000000e2c00000, 0x00000000e2c00000| Untracked 
|  45|0x00000000e2d00000, 0x00000000e2d00000, 0x00000000e2e00000|  0%| F|  |TAMS 0x00000000e2d00000, 0x00000000e2d00000| Untracked 
|  46|0x00000000e2e00000, 0x00000000e2e00000, 0x00000000e2f00000|  0%| F|  |TAMS 0x00000000e2e00000, 0x00000000e2e00000| Untracked 
|  47|0x00000000e2f00000, 0x00000000e2f00000, 0x00000000e3000000|  0%| F|  |TAMS 0x00000000e2f00000, 0x00000000e2f00000| Untracked 
|  48|0x00000000e3000000, 0x00000000e3000000, 0x00000000e3100000|  0%| F|  |TAMS 0x00000000e3000000, 0x00000000e3000000| Untracked 
|  49|0x00000000e3100000, 0x00000000e3100000, 0x00000000e3200000|  0%| F|  |TAMS 0x00000000e3100000, 0x00000000e3100000| Untracked 
|  50|0x00000000e3200000, 0x00000000e3200000, 0x00000000e3300000|  0%| F|  |TAMS 0x00000000e3200000, 0x00000000e3200000| Untracked 
|  51|0x00000000e3300000, 0x00000000e3300000, 0x00000000e3400000|  0%| F|  |TAMS 0x00000000e3300000, 0x00000000e3300000| Untracked 
|  52|0x00000000e3400000, 0x00000000e3400000, 0x00000000e3500000|  0%| F|  |TAMS 0x00000000e3400000, 0x00000000e3400000| Untracked 
|  53|0x00000000e3500000, 0x00000000e3500000, 0x00000000e3600000|  0%| F|  |TAMS 0x00000000e3500000, 0x00000000e3500000| Untracked 
|  54|0x00000000e3600000, 0x00000000e3600000, 0x00000000e3700000|  0%| F|  |TAMS 0x00000000e3600000, 0x00000000e3600000| Untracked 
|  55|0x00000000e3700000, 0x00000000e3700000, 0x00000000e3800000|  0%| F|  |TAMS 0x00000000e3700000, 0x00000000e3700000| Untracked 
|  56|0x00000000e3800000, 0x00000000e3800000, 0x00000000e3900000|  0%| F|  |TAMS 0x00000000e3800000, 0x00000000e3800000| Untracked 
|  57|0x00000000e3900000, 0x00000000e3900000, 0x00000000e3a00000|  0%| F|  |TAMS 0x00000000e3900000, 0x00000000e3900000| Untracked 
|  58|0x00000000e3a00000, 0x00000000e3a00000, 0x00000000e3b00000|  0%| F|  |TAMS 0x00000000e3a00000, 0x00000000e3a00000| Untracked 
|  59|0x00000000e3b00000, 0x00000000e3b00000, 0x00000000e3c00000|  0%| F|  |TAMS 0x00000000e3b00000, 0x00000000e3b00000| Untracked 
|  60|0x00000000e3c00000, 0x00000000e3c00000, 0x00000000e3d00000|  0%| F|  |TAMS 0x00000000e3c00000, 0x00000000e3c00000| Untracked 
|  61|0x00000000e3d00000, 0x00000000e3d00000, 0x00000000e3e00000|  0%| F|  |TAMS 0x00000000e3d00000, 0x00000000e3d00000| Untracked 
|  62|0x00000000e3e00000, 0x00000000e3e00000, 0x00000000e3f00000|  0%| F|  |TAMS 0x00000000e3e00000, 0x00000000e3e00000| Untracked 
|  63|0x00000000e3f00000, 0x00000000e3f00000, 0x00000000e4000000|  0%| F|  |TAMS 0x00000000e3f00000, 0x00000000e3f00000| Untracked 
|  64|0x00000000e4000000, 0x00000000e4000000, 0x00000000e4100000|  0%| F|  |TAMS 0x00000000e4000000, 0x00000000e4000000| Untracked 
|  65|0x00000000e4100000, 0x00000000e4100000, 0x00000000e4200000|  0%| F|  |TAMS 0x00000000e4100000, 0x00000000e4100000| Untracked 
|  66|0x00000000e4200000, 0x00000000e4200000, 0x00000000e4300000|  0%| F|  |TAMS 0x00000000e4200000, 0x00000000e4200000| Untracked 
|  67|0x00000000e4300000, 0x00000000e4300000, 0x00000000e4400000|  0%| F|  |TAMS 0x00000000e4300000, 0x00000000e4300000| Untracked 
|  68|0x00000000e4400000, 0x00000000e4400000, 0x00000000e4500000|  0%| F|  |TAMS 0x00000000e4400000, 0x00000000e4400000| Untracked 
|  69|0x00000000e4500000, 0x00000000e4500000, 0x00000000e4600000|  0%| F|  |TAMS 0x00000000e4500000, 0x00000000e4500000| Untracked 
|  70|0x00000000e4600000, 0x00000000e4600000, 0x00000000e4700000|  0%| F|  |TAMS 0x00000000e4600000, 0x00000000e4600000| Untracked 
|  71|0x00000000e4700000, 0x00000000e4700000, 0x00000000e4800000|  0%| F|  |TAMS 0x00000000e4700000, 0x00000000e4700000| Untracked 
|  72|0x00000000e4800000, 0x00000000e4800000, 0x00000000e4900000|  0%| F|  |TAMS 0x00000000e4800000, 0x00000000e4800000| Untracked 
|  73|0x00000000e4900000, 0x00000000e4900000, 0x00000000e4a00000|  0%| F|  |TAMS 0x00000000e4900000, 0x00000000e4900000| Untracked 
|  74|0x00000000e4a00000, 0x00000000e4a00000, 0x00000000e4b00000|  0%| F|  |TAMS 0x00000000e4a00000, 0x00000000e4a00000| Untracked 
|  75|0x00000000e4b00000, 0x00000000e4b00000, 0x00000000e4c00000|  0%| F|  |TAMS 0x00000000e4b00000, 0x00000000e4b00000| Untracked 
|  76|0x00000000e4c00000, 0x00000000e4c00000, 0x00000000e4d00000|  0%| F|  |TAMS 0x00000000e4c00000, 0x00000000e4c00000| Untracked 
|  77|0x00000000e4d00000, 0x00000000e4d00000, 0x00000000e4e00000|  0%| F|  |TAMS 0x00000000e4d00000, 0x00000000e4d00000| Untracked 
|  78|0x00000000e4e00000, 0x00000000e4e00000, 0x00000000e4f00000|  0%| F|  |TAMS 0x00000000e4e00000, 0x00000000e4e00000| Untracked 
|  79|0x00000000e4f00000, 0x00000000e4f00000, 0x00000000e5000000|  0%| F|  |TAMS 0x00000000e4f00000, 0x00000000e4f00000| Untracked 
|  80|0x00000000e5000000, 0x00000000e5000000, 0x00000000e5100000|  0%| F|  |TAMS 0x00000000e5000000, 0x00000000e5000000| Untracked 
|  81|0x00000000e5100000, 0x00000000e5100000, 0x00000000e5200000|  0%| F|  |TAMS 0x00000000e5100000, 0x00000000e5100000| Untracked 
|  82|0x00000000e5200000, 0x00000000e5200000, 0x00000000e5300000|  0%| F|  |TAMS 0x00000000e5200000, 0x00000000e5200000| Untracked 
|  83|0x00000000e5300000, 0x00000000e5300000, 0x00000000e5400000|  0%| F|  |TAMS 0x00000000e5300000, 0x00000000e5300000| Untracked 
|  84|0x00000000e5400000, 0x00000000e5400000, 0x00000000e5500000|  0%| F|  |TAMS 0x00000000e5400000, 0x00000000e5400000| Untracked 
|  85|0x00000000e5500000, 0x00000000e5500000, 0x00000000e5600000|  0%| F|  |TAMS 0x00000000e5500000, 0x00000000e5500000| Untracked 
|  86|0x00000000e5600000, 0x00000000e5600000, 0x00000000e5700000|  0%| F|  |TAMS 0x00000000e5600000, 0x00000000e5600000| Untracked 
|  87|0x00000000e5700000, 0x00000000e5700000, 0x00000000e5800000|  0%| F|  |TAMS 0x00000000e5700000, 0x00000000e5700000| Untracked 
|  88|0x00000000e5800000, 0x00000000e5800000, 0x00000000e5900000|  0%| F|  |TAMS 0x00000000e5800000, 0x00000000e5800000| Untracked 
|  89|0x00000000e5900000, 0x00000000e5900000, 0x00000000e5a00000|  0%| F|  |TAMS 0x00000000e5900000, 0x00000000e5900000| Untracked 
|  90|0x00000000e5a00000, 0x00000000e5a00000, 0x00000000e5b00000|  0%| F|  |TAMS 0x00000000e5a00000, 0x00000000e5a00000| Untracked 
|  91|0x00000000e5b00000, 0x00000000e5b00000, 0x00000000e5c00000|  0%| F|  |TAMS 0x00000000e5b00000, 0x00000000e5b00000| Untracked 
|  92|0x00000000e5c00000, 0x00000000e5c00000, 0x00000000e5d00000|  0%| F|  |TAMS 0x00000000e5c00000, 0x00000000e5c00000| Untracked 
|  93|0x00000000e5d00000, 0x00000000e5d00000, 0x00000000e5e00000|  0%| F|  |TAMS 0x00000000e5d00000, 0x00000000e5d00000| Untracked 
|  94|0x00000000e5e00000, 0x00000000e5e00000, 0x00000000e5f00000|  0%| F|  |TAMS 0x00000000e5e00000, 0x00000000e5e00000| Untracked 
|  95|0x00000000e5f00000, 0x00000000e5f00000, 0x00000000e6000000|  0%| F|  |TAMS 0x00000000e5f00000, 0x00000000e5f00000| Untracked 
|  96|0x00000000e6000000, 0x00000000e6000000, 0x00000000e6100000|  0%| F|  |TAMS 0x00000000e6000000, 0x00000000e6000000| Untracked 
|  97|0x00000000e6100000, 0x00000000e6100000, 0x00000000e6200000|  0%| F|  |TAMS 0x00000000e6100000, 0x00000000e6100000| Untracked 
|  98|0x00000000e6200000, 0x00000000e6200000, 0x00000000e6300000|  0%| F|  |TAMS 0x00000000e6200000, 0x00000000e6200000| Untracked 
|  99|0x00000000e6300000, 0x00000000e6300000, 0x00000000e6400000|  0%| F|  |TAMS 0x00000000e6300000, 0x00000000e6300000| Untracked 
| 100|0x00000000e6400000, 0x00000000e6400000, 0x00000000e6500000|  0%| F|  |TAMS 0x00000000e6400000, 0x00000000e6400000| Untracked 
| 101|0x00000000e6500000, 0x00000000e6500000, 0x00000000e6600000|  0%| F|  |TAMS 0x00000000e6500000, 0x00000000e6500000| Untracked 
| 102|0x00000000e6600000, 0x00000000e6600000, 0x00000000e6700000|  0%| F|  |TAMS 0x00000000e6600000, 0x00000000e6600000| Untracked 
| 103|0x00000000e6700000, 0x00000000e6700000, 0x00000000e6800000|  0%| F|  |TAMS 0x00000000e6700000, 0x00000000e6700000| Untracked 
| 104|0x00000000e6800000, 0x00000000e6800000, 0x00000000e6900000|  0%| F|  |TAMS 0x00000000e6800000, 0x00000000e6800000| Untracked 
| 105|0x00000000e6900000, 0x00000000e6900000, 0x00000000e6a00000|  0%| F|  |TAMS 0x00000000e6900000, 0x00000000e6900000| Untracked 
| 106|0x00000000e6a00000, 0x00000000e6a00000, 0x00000000e6b00000|  0%| F|  |TAMS 0x00000000e6a00000, 0x00000000e6a00000| Untracked 
| 107|0x00000000e6b00000, 0x00000000e6b00000, 0x00000000e6c00000|  0%| F|  |TAMS 0x00000000e6b00000, 0x00000000e6b00000| Untracked 
| 108|0x00000000e6c00000, 0x00000000e6c00000, 0x00000000e6d00000|  0%| F|  |TAMS 0x00000000e6c00000, 0x00000000e6c00000| Untracked 
| 109|0x00000000e6d00000, 0x00000000e6d00000, 0x00000000e6e00000|  0%| F|  |TAMS 0x00000000e6d00000, 0x00000000e6d00000| Untracked 
| 110|0x00000000e6e00000, 0x00000000e6e00000, 0x00000000e6f00000|  0%| F|  |TAMS 0x00000000e6e00000, 0x00000000e6e00000| Untracked 
| 111|0x00000000e6f00000, 0x00000000e6f00000, 0x00000000e7000000|  0%| F|  |TAMS 0x00000000e6f00000, 0x00000000e6f00000| Untracked 
| 112|0x00000000e7000000, 0x00000000e7000000, 0x00000000e7100000|  0%| F|  |TAMS 0x00000000e7000000, 0x00000000e7000000| Untracked 
| 113|0x00000000e7100000, 0x00000000e7100000, 0x00000000e7200000|  0%| F|  |TAMS 0x00000000e7100000, 0x00000000e7100000| Untracked 
| 114|0x00000000e7200000, 0x00000000e7200000, 0x00000000e7300000|  0%| F|  |TAMS 0x00000000e7200000, 0x00000000e7200000| Untracked 
| 115|0x00000000e7300000, 0x00000000e7300000, 0x00000000e7400000|  0%| F|  |TAMS 0x00000000e7300000, 0x00000000e7300000| Untracked 
| 116|0x00000000e7400000, 0x00000000e7400000, 0x00000000e7500000|  0%| F|  |TAMS 0x00000000e7400000, 0x00000000e7400000| Untracked 
| 117|0x00000000e7500000, 0x00000000e7500000, 0x00000000e7600000|  0%| F|  |TAMS 0x00000000e7500000, 0x00000000e7500000| Untracked 
| 118|0x00000000e7600000, 0x00000000e7600000, 0x00000000e7700000|  0%| F|  |TAMS 0x00000000e7600000, 0x00000000e7600000| Untracked 
| 119|0x00000000e7700000, 0x00000000e7700000, 0x00000000e7800000|  0%| F|  |TAMS 0x00000000e7700000, 0x00000000e7700000| Untracked 
| 120|0x00000000e7800000, 0x00000000e7800000, 0x00000000e7900000|  0%| F|  |TAMS 0x00000000e7800000, 0x00000000e7800000| Untracked 
| 121|0x00000000e7900000, 0x00000000e7900000, 0x00000000e7a00000|  0%| F|  |TAMS 0x00000000e7900000, 0x00000000e7900000| Untracked 
| 122|0x00000000e7a00000, 0x00000000e7a00000, 0x00000000e7b00000|  0%| F|  |TAMS 0x00000000e7a00000, 0x00000000e7a00000| Untracked 
| 123|0x00000000e7b00000, 0x00000000e7b00000, 0x00000000e7c00000|  0%| F|  |TAMS 0x00000000e7b00000, 0x00000000e7b00000| Untracked 
| 124|0x00000000e7c00000, 0x00000000e7c00000, 0x00000000e7d00000|  0%| F|  |TAMS 0x00000000e7c00000, 0x00000000e7c00000| Untracked 
| 125|0x00000000e7d00000, 0x00000000e7d00000, 0x00000000e7e00000|  0%| F|  |TAMS 0x00000000e7d00000, 0x00000000e7d00000| Untracked 
| 126|0x00000000e7e00000, 0x00000000e7e00000, 0x00000000e7f00000|  0%| F|  |TAMS 0x00000000e7e00000, 0x00000000e7e00000| Untracked 
| 127|0x00000000e7f00000, 0x00000000e7f00000, 0x00000000e8000000|  0%| F|  |TAMS 0x00000000e7f00000, 0x00000000e7f00000| Untracked 
| 128|0x00000000e8000000, 0x00000000e8000000, 0x00000000e8100000|  0%| F|  |TAMS 0x00000000e8000000, 0x00000000e8000000| Untracked 
| 129|0x00000000e8100000, 0x00000000e8100000, 0x00000000e8200000|  0%| F|  |TAMS 0x00000000e8100000, 0x00000000e8100000| Untracked 
| 130|0x00000000e8200000, 0x00000000e8200000, 0x00000000e8300000|  0%| F|  |TAMS 0x00000000e8200000, 0x00000000e8200000| Untracked 
| 131|0x00000000e8300000, 0x00000000e8300000, 0x00000000e8400000|  0%| F|  |TAMS 0x00000000e8300000, 0x00000000e8300000| Untracked 
| 132|0x00000000e8400000, 0x00000000e8400000, 0x00000000e8500000|  0%| F|  |TAMS 0x00000000e8400000, 0x00000000e8400000| Untracked 
| 133|0x00000000e8500000, 0x00000000e8500000, 0x00000000e8600000|  0%| F|  |TAMS 0x00000000e8500000, 0x00000000e8500000| Untracked 
| 134|0x00000000e8600000, 0x00000000e8600000, 0x00000000e8700000|  0%| F|  |TAMS 0x00000000e8600000, 0x00000000e8600000| Untracked 
| 135|0x00000000e8700000, 0x00000000e8700000, 0x00000000e8800000|  0%| F|  |TAMS 0x00000000e8700000, 0x00000000e8700000| Untracked 
| 136|0x00000000e8800000, 0x00000000e8800000, 0x00000000e8900000|  0%| F|  |TAMS 0x00000000e8800000, 0x00000000e8800000| Untracked 
| 137|0x00000000e8900000, 0x00000000e8900000, 0x00000000e8a00000|  0%| F|  |TAMS 0x00000000e8900000, 0x00000000e8900000| Untracked 
| 138|0x00000000e8a00000, 0x00000000e8a00000, 0x00000000e8b00000|  0%| F|  |TAMS 0x00000000e8a00000, 0x00000000e8a00000| Untracked 
| 139|0x00000000e8b00000, 0x00000000e8b00000, 0x00000000e8c00000|  0%| F|  |TAMS 0x00000000e8b00000, 0x00000000e8b00000| Untracked 
| 140|0x00000000e8c00000, 0x00000000e8c00000, 0x00000000e8d00000|  0%| F|  |TAMS 0x00000000e8c00000, 0x00000000e8c00000| Untracked 
| 141|0x00000000e8d00000, 0x00000000e8d00000, 0x00000000e8e00000|  0%| F|  |TAMS 0x00000000e8d00000, 0x00000000e8d00000| Untracked 
| 142|0x00000000e8e00000, 0x00000000e8e00000, 0x00000000e8f00000|  0%| F|  |TAMS 0x00000000e8e00000, 0x00000000e8e00000| Untracked 
| 143|0x00000000e8f00000, 0x00000000e8f00000, 0x00000000e9000000|  0%| F|  |TAMS 0x00000000e8f00000, 0x00000000e8f00000| Untracked 
| 144|0x00000000e9000000, 0x00000000e9000000, 0x00000000e9100000|  0%| F|  |TAMS 0x00000000e9000000, 0x00000000e9000000| Untracked 
| 145|0x00000000e9100000, 0x00000000e9100000, 0x00000000e9200000|  0%| F|  |TAMS 0x00000000e9100000, 0x00000000e9100000| Untracked 
| 146|0x00000000e9200000, 0x00000000e9200000, 0x00000000e9300000|  0%| F|  |TAMS 0x00000000e9200000, 0x00000000e9200000| Untracked 
| 147|0x00000000e9300000, 0x00000000e9300000, 0x00000000e9400000|  0%| F|  |TAMS 0x00000000e9300000, 0x00000000e9300000| Untracked 
| 148|0x00000000e9400000, 0x00000000e9400000, 0x00000000e9500000|  0%| F|  |TAMS 0x00000000e9400000, 0x00000000e9400000| Untracked 
| 149|0x00000000e9500000, 0x00000000e9500000, 0x00000000e9600000|  0%| F|  |TAMS 0x00000000e9500000, 0x00000000e9500000| Untracked 
| 150|0x00000000e9600000, 0x00000000e9600000, 0x00000000e9700000|  0%| F|  |TAMS 0x00000000e9600000, 0x00000000e9600000| Untracked 
| 151|0x00000000e9700000, 0x00000000e9700000, 0x00000000e9800000|  0%| F|  |TAMS 0x00000000e9700000, 0x00000000e9700000| Untracked 
| 152|0x00000000e9800000, 0x00000000e9800000, 0x00000000e9900000|  0%| F|  |TAMS 0x00000000e9800000, 0x00000000e9800000| Untracked 
| 153|0x00000000e9900000, 0x00000000e9900000, 0x00000000e9a00000|  0%| F|  |TAMS 0x00000000e9900000, 0x00000000e9900000| Untracked 
| 154|0x00000000e9a00000, 0x00000000e9a00000, 0x00000000e9b00000|  0%| F|  |TAMS 0x00000000e9a00000, 0x00000000e9a00000| Untracked 
| 155|0x00000000e9b00000, 0x00000000e9b00000, 0x00000000e9c00000|  0%| F|  |TAMS 0x00000000e9b00000, 0x00000000e9b00000| Untracked 
| 156|0x00000000e9c00000, 0x00000000e9c00000, 0x00000000e9d00000|  0%| F|  |TAMS 0x00000000e9c00000, 0x00000000e9c00000| Untracked 
| 157|0x00000000e9d00000, 0x00000000e9d00000, 0x00000000e9e00000|  0%| F|  |TAMS 0x00000000e9d00000, 0x00000000e9d00000| Untracked 
| 158|0x00000000e9e00000, 0x00000000e9e00000, 0x00000000e9f00000|  0%| F|  |TAMS 0x00000000e9e00000, 0x00000000e9e00000| Untracked 
| 159|0x00000000e9f00000, 0x00000000e9f00000, 0x00000000ea000000|  0%| F|  |TAMS 0x00000000e9f00000, 0x00000000e9f00000| Untracked 
| 160|0x00000000ea000000, 0x00000000ea000000, 0x00000000ea100000|  0%| F|  |TAMS 0x00000000ea000000, 0x00000000ea000000| Untracked 
| 161|0x00000000ea100000, 0x00000000ea100000, 0x00000000ea200000|  0%| F|  |TAMS 0x00000000ea100000, 0x00000000ea100000| Untracked 
| 162|0x00000000ea200000, 0x00000000ea200000, 0x00000000ea300000|  0%| F|  |TAMS 0x00000000ea200000, 0x00000000ea200000| Untracked 
| 163|0x00000000ea300000, 0x00000000ea300000, 0x00000000ea400000|  0%| F|  |TAMS 0x00000000ea300000, 0x00000000ea300000| Untracked 
| 164|0x00000000ea400000, 0x00000000ea400000, 0x00000000ea500000|  0%| F|  |TAMS 0x00000000ea400000, 0x00000000ea400000| Untracked 
| 165|0x00000000ea500000, 0x00000000ea500000, 0x00000000ea600000|  0%| F|  |TAMS 0x00000000ea500000, 0x00000000ea500000| Untracked 
| 166|0x00000000ea600000, 0x00000000ea600000, 0x00000000ea700000|  0%| F|  |TAMS 0x00000000ea600000, 0x00000000ea600000| Untracked 
| 167|0x00000000ea700000, 0x00000000ea700000, 0x00000000ea800000|  0%| F|  |TAMS 0x00000000ea700000, 0x00000000ea700000| Untracked 
| 168|0x00000000ea800000, 0x00000000ea800000, 0x00000000ea900000|  0%| F|  |TAMS 0x00000000ea800000, 0x00000000ea800000| Untracked 
| 169|0x00000000ea900000, 0x00000000ea900000, 0x00000000eaa00000|  0%| F|  |TAMS 0x00000000ea900000, 0x00000000ea900000| Untracked 
| 170|0x00000000eaa00000, 0x00000000eaa00000, 0x00000000eab00000|  0%| F|  |TAMS 0x00000000eaa00000, 0x00000000eaa00000| Untracked 
| 171|0x00000000eab00000, 0x00000000eab00000, 0x00000000eac00000|  0%| F|  |TAMS 0x00000000eab00000, 0x00000000eab00000| Untracked 
| 172|0x00000000eac00000, 0x00000000eac00000, 0x00000000ead00000|  0%| F|  |TAMS 0x00000000eac00000, 0x00000000eac00000| Untracked 
| 173|0x00000000ead00000, 0x00000000ead00000, 0x00000000eae00000|  0%| F|  |TAMS 0x00000000ead00000, 0x00000000ead00000| Untracked 
| 174|0x00000000eae00000, 0x00000000eae00000, 0x00000000eaf00000|  0%| F|  |TAMS 0x00000000eae00000, 0x00000000eae00000| Untracked 
| 175|0x00000000eaf00000, 0x00000000eaf00000, 0x00000000eb000000|  0%| F|  |TAMS 0x00000000eaf00000, 0x00000000eaf00000| Untracked 
| 176|0x00000000eb000000, 0x00000000eb000000, 0x00000000eb100000|  0%| F|  |TAMS 0x00000000eb000000, 0x00000000eb000000| Untracked 
| 177|0x00000000eb100000, 0x00000000eb100000, 0x00000000eb200000|  0%| F|  |TAMS 0x00000000eb100000, 0x00000000eb100000| Untracked 
| 178|0x00000000eb200000, 0x00000000eb200000, 0x00000000eb300000|  0%| F|  |TAMS 0x00000000eb200000, 0x00000000eb200000| Untracked 
| 179|0x00000000eb300000, 0x00000000eb300000, 0x00000000eb400000|  0%| F|  |TAMS 0x00000000eb300000, 0x00000000eb300000| Untracked 
| 180|0x00000000eb400000, 0x00000000eb400000, 0x00000000eb500000|  0%| F|  |TAMS 0x00000000eb400000, 0x00000000eb400000| Untracked 
| 181|0x00000000eb500000, 0x00000000eb500000, 0x00000000eb600000|  0%| F|  |TAMS 0x00000000eb500000, 0x00000000eb500000| Untracked 
| 182|0x00000000eb600000, 0x00000000eb600000, 0x00000000eb700000|  0%| F|  |TAMS 0x00000000eb600000, 0x00000000eb600000| Untracked 
| 183|0x00000000eb700000, 0x00000000eb700000, 0x00000000eb800000|  0%| F|  |TAMS 0x00000000eb700000, 0x00000000eb700000| Untracked 
| 184|0x00000000eb800000, 0x00000000eb800000, 0x00000000eb900000|  0%| F|  |TAMS 0x00000000eb800000, 0x00000000eb800000| Untracked 
| 185|0x00000000eb900000, 0x00000000eb900000, 0x00000000eba00000|  0%| F|  |TAMS 0x00000000eb900000, 0x00000000eb900000| Untracked 
| 186|0x00000000eba00000, 0x00000000eba00000, 0x00000000ebb00000|  0%| F|  |TAMS 0x00000000eba00000, 0x00000000eba00000| Untracked 
| 187|0x00000000ebb00000, 0x00000000ebb00000, 0x00000000ebc00000|  0%| F|  |TAMS 0x00000000ebb00000, 0x00000000ebb00000| Untracked 
| 188|0x00000000ebc00000, 0x00000000ebc00000, 0x00000000ebd00000|  0%| F|  |TAMS 0x00000000ebc00000, 0x00000000ebc00000| Untracked 
| 189|0x00000000ebd00000, 0x00000000ebd00000, 0x00000000ebe00000|  0%| F|  |TAMS 0x00000000ebd00000, 0x00000000ebd00000| Untracked 
| 190|0x00000000ebe00000, 0x00000000ebe00000, 0x00000000ebf00000|  0%| F|  |TAMS 0x00000000ebe00000, 0x00000000ebe00000| Untracked 
| 191|0x00000000ebf00000, 0x00000000ebf00000, 0x00000000ec000000|  0%| F|  |TAMS 0x00000000ebf00000, 0x00000000ebf00000| Untracked 
| 192|0x00000000ec000000, 0x00000000ec000000, 0x00000000ec100000|  0%| F|  |TAMS 0x00000000ec000000, 0x00000000ec000000| Untracked 
| 193|0x00000000ec100000, 0x00000000ec100000, 0x00000000ec200000|  0%| F|  |TAMS 0x00000000ec100000, 0x00000000ec100000| Untracked 
| 194|0x00000000ec200000, 0x00000000ec200000, 0x00000000ec300000|  0%| F|  |TAMS 0x00000000ec200000, 0x00000000ec200000| Untracked 
| 195|0x00000000ec300000, 0x00000000ec300000, 0x00000000ec400000|  0%| F|  |TAMS 0x00000000ec300000, 0x00000000ec300000| Untracked 
| 196|0x00000000ec400000, 0x00000000ec400000, 0x00000000ec500000|  0%| F|  |TAMS 0x00000000ec400000, 0x00000000ec400000| Untracked 
| 197|0x00000000ec500000, 0x00000000ec500000, 0x00000000ec600000|  0%| F|  |TAMS 0x00000000ec500000, 0x00000000ec500000| Untracked 
| 198|0x00000000ec600000, 0x00000000ec600000, 0x00000000ec700000|  0%| F|  |TAMS 0x00000000ec600000, 0x00000000ec600000| Untracked 
| 199|0x00000000ec700000, 0x00000000ec700000, 0x00000000ec800000|  0%| F|  |TAMS 0x00000000ec700000, 0x00000000ec700000| Untracked 
| 200|0x00000000ec800000, 0x00000000ec800000, 0x00000000ec900000|  0%| F|  |TAMS 0x00000000ec800000, 0x00000000ec800000| Untracked 
| 201|0x00000000ec900000, 0x00000000ec900000, 0x00000000eca00000|  0%| F|  |TAMS 0x00000000ec900000, 0x00000000ec900000| Untracked 
| 202|0x00000000eca00000, 0x00000000eca00000, 0x00000000ecb00000|  0%| F|  |TAMS 0x00000000eca00000, 0x00000000eca00000| Untracked 
| 203|0x00000000ecb00000, 0x00000000ecb00000, 0x00000000ecc00000|  0%| F|  |TAMS 0x00000000ecb00000, 0x00000000ecb00000| Untracked 
| 204|0x00000000ecc00000, 0x00000000ecc00000, 0x00000000ecd00000|  0%| F|  |TAMS 0x00000000ecc00000, 0x00000000ecc00000| Untracked 
| 205|0x00000000ecd00000, 0x00000000ecd00000, 0x00000000ece00000|  0%| F|  |TAMS 0x00000000ecd00000, 0x00000000ecd00000| Untracked 
| 206|0x00000000ece00000, 0x00000000ece00000, 0x00000000ecf00000|  0%| F|  |TAMS 0x00000000ece00000, 0x00000000ece00000| Untracked 
| 207|0x00000000ecf00000, 0x00000000ecf00000, 0x00000000ed000000|  0%| F|  |TAMS 0x00000000ecf00000, 0x00000000ecf00000| Untracked 
| 208|0x00000000ed000000, 0x00000000ed000000, 0x00000000ed100000|  0%| F|  |TAMS 0x00000000ed000000, 0x00000000ed000000| Untracked 
| 209|0x00000000ed100000, 0x00000000ed100000, 0x00000000ed200000|  0%| F|  |TAMS 0x00000000ed100000, 0x00000000ed100000| Untracked 
| 210|0x00000000ed200000, 0x00000000ed200000, 0x00000000ed300000|  0%| F|  |TAMS 0x00000000ed200000, 0x00000000ed200000| Untracked 
| 211|0x00000000ed300000, 0x00000000ed300000, 0x00000000ed400000|  0%| F|  |TAMS 0x00000000ed300000, 0x00000000ed300000| Untracked 
| 212|0x00000000ed400000, 0x00000000ed400000, 0x00000000ed500000|  0%| F|  |TAMS 0x00000000ed400000, 0x00000000ed400000| Untracked 
| 213|0x00000000ed500000, 0x00000000ed500000, 0x00000000ed600000|  0%| F|  |TAMS 0x00000000ed500000, 0x00000000ed500000| Untracked 
| 214|0x00000000ed600000, 0x00000000ed600000, 0x00000000ed700000|  0%| F|  |TAMS 0x00000000ed600000, 0x00000000ed600000| Untracked 
| 215|0x00000000ed700000, 0x00000000ed780800, 0x00000000ed800000| 50%| E|  |TAMS 0x00000000ed700000, 0x00000000ed700000| Complete 
| 216|0x00000000ed800000, 0x00000000ed900000, 0x00000000ed900000|100%| E|CS|TAMS 0x00000000ed800000, 0x00000000ed800000| Complete 
| 217|0x00000000ed900000, 0x00000000eda00000, 0x00000000eda00000|100%| E|CS|TAMS 0x00000000ed900000, 0x00000000ed900000| Complete 
| 218|0x00000000eda00000, 0x00000000edb00000, 0x00000000edb00000|100%| E|CS|TAMS 0x00000000eda00000, 0x00000000eda00000| Complete 
| 219|0x00000000edb00000, 0x00000000edc00000, 0x00000000edc00000|100%| E|CS|TAMS 0x00000000edb00000, 0x00000000edb00000| Complete 
| 220|0x00000000edc00000, 0x00000000edd00000, 0x00000000edd00000|100%| E|CS|TAMS 0x00000000edc00000, 0x00000000edc00000| Complete 
| 221|0x00000000edd00000, 0x00000000ede00000, 0x00000000ede00000|100%| E|CS|TAMS 0x00000000edd00000, 0x00000000edd00000| Complete 
| 222|0x00000000ede00000, 0x00000000edf00000, 0x00000000edf00000|100%| E|CS|TAMS 0x00000000ede00000, 0x00000000ede00000| Complete 
| 223|0x00000000edf00000, 0x00000000ee000000, 0x00000000ee000000|100%| E|CS|TAMS 0x00000000edf00000, 0x00000000edf00000| Complete 
| 224|0x00000000ee000000, 0x00000000ee100000, 0x00000000ee100000|100%| E|CS|TAMS 0x00000000ee000000, 0x00000000ee000000| Complete 
| 225|0x00000000ee100000, 0x00000000ee200000, 0x00000000ee200000|100%| E|CS|TAMS 0x00000000ee100000, 0x00000000ee100000| Complete 
| 226|0x00000000ee200000, 0x00000000ee300000, 0x00000000ee300000|100%| E|CS|TAMS 0x00000000ee200000, 0x00000000ee200000| Complete 
| 227|0x00000000ee300000, 0x00000000ee400000, 0x00000000ee400000|100%| E|CS|TAMS 0x00000000ee300000, 0x00000000ee300000| Complete 
| 228|0x00000000ee400000, 0x00000000ee500000, 0x00000000ee500000|100%| E|CS|TAMS 0x00000000ee400000, 0x00000000ee400000| Complete 
| 229|0x00000000ee500000, 0x00000000ee600000, 0x00000000ee600000|100%| E|CS|TAMS 0x00000000ee500000, 0x00000000ee500000| Complete 
| 230|0x00000000ee600000, 0x00000000ee700000, 0x00000000ee700000|100%| E|CS|TAMS 0x00000000ee600000, 0x00000000ee600000| Complete 
| 231|0x00000000ee700000, 0x00000000ee800000, 0x00000000ee800000|100%| E|CS|TAMS 0x00000000ee700000, 0x00000000ee700000| Complete 
| 232|0x00000000ee800000, 0x00000000ee900000, 0x00000000ee900000|100%| E|CS|TAMS 0x00000000ee800000, 0x00000000ee800000| Complete 
| 233|0x00000000ee900000, 0x00000000eea00000, 0x00000000eea00000|100%| E|CS|TAMS 0x00000000ee900000, 0x00000000ee900000| Complete 
| 234|0x00000000eea00000, 0x00000000eeb00000, 0x00000000eeb00000|100%| E|CS|TAMS 0x00000000eea00000, 0x00000000eea00000| Complete 
| 235|0x00000000eeb00000, 0x00000000eec00000, 0x00000000eec00000|100%| E|CS|TAMS 0x00000000eeb00000, 0x00000000eeb00000| Complete 
| 236|0x00000000eec00000, 0x00000000eed00000, 0x00000000eed00000|100%| E|CS|TAMS 0x00000000eec00000, 0x00000000eec00000| Complete 
| 237|0x00000000eed00000, 0x00000000eee00000, 0x00000000eee00000|100%| E|CS|TAMS 0x00000000eed00000, 0x00000000eed00000| Complete 
| 238|0x00000000eee00000, 0x00000000eef00000, 0x00000000eef00000|100%| E|CS|TAMS 0x00000000eee00000, 0x00000000eee00000| Complete 
| 239|0x00000000eef00000, 0x00000000ef000000, 0x00000000ef000000|100%| E|CS|TAMS 0x00000000eef00000, 0x00000000eef00000| Complete 
| 240|0x00000000ef000000, 0x00000000ef100000, 0x00000000ef100000|100%| E|  |TAMS 0x00000000ef000000, 0x00000000ef000000| Complete 
| 241|0x00000000ef100000, 0x00000000ef200000, 0x00000000ef200000|100%| E|CS|TAMS 0x00000000ef100000, 0x00000000ef100000| Complete 
| 242|0x00000000ef200000, 0x00000000ef300000, 0x00000000ef300000|100%| E|CS|TAMS 0x00000000ef200000, 0x00000000ef200000| Complete 
| 243|0x00000000ef300000, 0x00000000ef400000, 0x00000000ef400000|100%| E|CS|TAMS 0x00000000ef300000, 0x00000000ef300000| Complete 
| 244|0x00000000ef400000, 0x00000000ef500000, 0x00000000ef500000|100%| E|CS|TAMS 0x00000000ef400000, 0x00000000ef400000| Complete 
| 245|0x00000000ef500000, 0x00000000ef600000, 0x00000000ef600000|100%| E|CS|TAMS 0x00000000ef500000, 0x00000000ef500000| Complete 
| 246|0x00000000ef600000, 0x00000000ef700000, 0x00000000ef700000|100%| E|CS|TAMS 0x00000000ef600000, 0x00000000ef600000| Complete 
| 247|0x00000000ef700000, 0x00000000ef800000, 0x00000000ef800000|100%| E|CS|TAMS 0x00000000ef700000, 0x00000000ef700000| Complete 
| 248|0x00000000ef800000, 0x00000000ef900000, 0x00000000ef900000|100%| E|CS|TAMS 0x00000000ef800000, 0x00000000ef800000| Complete 
| 249|0x00000000ef900000, 0x00000000ef97b890, 0x00000000efa00000| 48%| S|CS|TAMS 0x00000000ef900000, 0x00000000ef900000| Complete 
| 250|0x00000000efa00000, 0x00000000efb00000, 0x00000000efb00000|100%| S|CS|TAMS 0x00000000efa00000, 0x00000000efa00000| Complete 
| 251|0x00000000efb00000, 0x00000000efc00000, 0x00000000efc00000|100%| S|CS|TAMS 0x00000000efb00000, 0x00000000efb00000| Complete 
| 252|0x00000000efc00000, 0x00000000efd00000, 0x00000000efd00000|100%| E|CS|TAMS 0x00000000efc00000, 0x00000000efc00000| Complete 
| 253|0x00000000efd00000, 0x00000000efe00000, 0x00000000efe00000|100%| E|CS|TAMS 0x00000000efd00000, 0x00000000efd00000| Complete 
| 254|0x00000000efe00000, 0x00000000eff00000, 0x00000000eff00000|100%| E|CS|TAMS 0x00000000efe00000, 0x00000000efe00000| Complete 
| 255|0x00000000eff00000, 0x00000000f0000000, 0x00000000f0000000|100%| E|CS|TAMS 0x00000000eff00000, 0x00000000eff00000| Complete 

Card table byte_map: [0x000001db16ca0000,0x000001db16da0000] _byte_map_base: 0x000001db165a0000

Marking Bits (Prev, Next): (CMBitMap*) 0x000001db7cc9f680, (CMBitMap*) 0x000001db7cc9f648
 Prev Bits: [0x000001db176a0000, 0x000001db17ea0000)
 Next Bits: [0x000001db16ea0000, 0x000001db176a0000)

Polling page: 0x000001db00000000

Metaspace:

Usage:
  Non-class:     24.64 MB capacity,    24.36 MB ( 99%) used,   245.83 KB ( <1%) free+waste,    37.50 KB ( <1%) overhead. 
      Class:      3.67 MB capacity,     3.46 MB ( 94%) used,   192.75 KB (  5%) free+waste,    17.44 KB ( <1%) overhead. 
       Both:     28.31 MB capacity,    27.83 MB ( 98%) used,   438.58 KB (  2%) free+waste,    54.94 KB ( <1%) overhead. 

Virtual space:
  Non-class space:       26.00 MB reserved,      24.75 MB ( 95%) committed 
      Class space:      248.00 MB reserved,       3.75 MB (  2%) committed 
             Both:      274.00 MB reserved,      28.50 MB ( 10%) committed 

Chunk freelists:
   Non-Class:  5.88 KB
       Class:  2.63 KB
        Both:  8.50 KB

CodeHeap 'non-profiled nmethods': size=120064Kb used=840Kb max_used=840Kb free=119223Kb
 bounds [0x000001db0f030000, 0x000001db0f2a0000, 0x000001db16570000]
CodeHeap 'profiled nmethods': size=120000Kb used=4539Kb max_used=4539Kb free=115460Kb
 bounds [0x000001db07b00000, 0x000001db07f70000, 0x000001db0f030000]
CodeHeap 'non-nmethods': size=5696Kb used=1151Kb max_used=1178Kb free=4544Kb
 bounds [0x000001db07570000, 0x000001db077e0000, 0x000001db07b00000]
 total_blobs=2655 nmethods=2168 adapters=397
 compilation: enabled
              stopped_count=0, restarted_count=0
 full_count=0

Compilation events (10 events):
Event: 7.296 Thread 0x000001db1ad6d000 2169       3       java.lang.ClassValue::castEntry (2 bytes)
Event: 7.296 Thread 0x000001db1ad6d000 nmethod 2169 0x000001db07f69a10 code [0x000001db07f69ba0, 0x000001db07f69c98]
Event: 7.296 Thread 0x000001db1ad6d000 2170       3       java.lang.ClassValue::match (21 bytes)
Event: 7.296 Thread 0x000001db1ad6d000 nmethod 2170 0x000001db07f69d10 code [0x000001db07f69ea0, 0x000001db07f6a0f8]
Event: 7.296 Thread 0x000001db1ad6d000 2171       3       java.lang.ClassValue$Entry::value (9 bytes)
Event: 7.296 Thread 0x000001db1ad6d000 nmethod 2171 0x000001db07f6a190 code [0x000001db07f6a320, 0x000001db07f6a498]
Event: 7.296 Thread 0x000001db1ad6d000 2172       3       java.lang.ClassValue$Entry::assertNotPromise (22 bytes)
Event: 7.296 Thread 0x000001db1ad6d000 nmethod 2172 0x000001db07f6a590 code [0x000001db07f6a720, 0x000001db07f6a838]
Event: 7.306 Thread 0x000001db1ad6d000 2174   !   3       java.util.concurrent.ConcurrentHashMap::replaceNode (437 bytes)
Event: 7.310 Thread 0x000001db1ad6d000 nmethod 2174 0x000001db07f6a910 code [0x000001db07f6aca0, 0x000001db07f6cd58]

GC Heap History (10 events):
Event: 1.376 GC heap before
{Heap before GC invocations=0 (full 0):
 garbage-first heap   total 262144K, used 18432K [0x00000000e0000000, 0x0000000100000000)
  region size 1024K, 14 young (14336K), 0 survivors (0K)
 Metaspace       used 9075K, capacity 9285K, committed 9472K, reserved 264192K
  class space    used 915K, capacity 990K, committed 1024K, reserved 253952K
}
Event: 1.392 GC heap after
{Heap after GC invocations=1 (full 0):
 garbage-first heap   total 262144K, used 7155K [0x00000000e0000000, 0x0000000100000000)
  region size 1024K, 2 young (2048K), 2 survivors (2048K)
 Metaspace       used 9075K, capacity 9285K, committed 9472K, reserved 264192K
  class space    used 915K, capacity 990K, committed 1024K, reserved 253952K
}
Event: 2.063 GC heap before
{Heap before GC invocations=1 (full 0):
 garbage-first heap   total 262144K, used 18419K [0x00000000e0000000, 0x0000000100000000)
  region size 1024K, 13 young (13312K), 2 survivors (2048K)
 Metaspace       used 10255K, capacity 10458K, committed 10624K, reserved 264192K
  class space    used 1078K, capacity 1125K, committed 1152K, reserved 253952K
}
Event: 2.066 GC heap after
{Heap after GC invocations=2 (full 0):
 garbage-first heap   total 262144K, used 7772K [0x00000000e0000000, 0x0000000100000000)
  region size 1024K, 1 young (1024K), 1 survivors (1024K)
 Metaspace       used 10255K, capacity 10458K, committed 10624K, reserved 264192K
  class space    used 1078K, capacity 1125K, committed 1152K, reserved 253952K
}
Event: 3.486 GC heap before
{Heap before GC invocations=2 (full 0):
 garbage-first heap   total 262144K, used 38492K [0x00000000e0000000, 0x0000000100000000)
  region size 1024K, 32 young (32768K), 1 survivors (1024K)
 Metaspace       used 13162K, capacity 13413K, committed 13696K, reserved 266240K
  class space    used 1455K, capacity 1538K, committed 1664K, reserved 253952K
}
Event: 3.494 GC heap after
{Heap after GC invocations=3 (full 0):
 garbage-first heap   total 262144K, used 12875K [0x00000000e0000000, 0x0000000100000000)
  region size 1024K, 4 young (4096K), 4 survivors (4096K)
 Metaspace       used 13162K, capacity 13413K, committed 13696K, reserved 266240K
  class space    used 1455K, capacity 1538K, committed 1664K, reserved 253952K
}
Event: 5.529 GC heap before
{Heap before GC invocations=3 (full 0):
 garbage-first heap   total 262144K, used 54859K [0x00000000e0000000, 0x0000000100000000)
  region size 1024K, 45 young (46080K), 4 survivors (4096K)
 Metaspace       used 20034K, capacity 20406K, committed 20608K, reserved 272384K
  class space    used 2531K, capacity 2687K, committed 2688K, reserved 253952K
}
Event: 5.541 GC heap after
{Heap after GC invocations=4 (full 0):
 garbage-first heap   total 262144K, used 15825K [0x00000000e0000000, 0x0000000100000000)
  region size 1024K, 3 young (3072K), 3 survivors (3072K)
 Metaspace       used 20034K, capacity 20406K, committed 20608K, reserved 272384K
  class space    used 2531K, capacity 2687K, committed 2688K, reserved 253952K
}
Event: 5.708 GC heap before
{Heap before GC invocations=4 (full 0):
 garbage-first heap   total 262144K, used 18897K [0x00000000e0000000, 0x0000000100000000)
  region size 1024K, 7 young (7168K), 3 survivors (3072K)
 Metaspace       used 20812K, capacity 21186K, committed 21248K, reserved 272384K
  class space    used 2626K, capacity 2755K, committed 2816K, reserved 253952K
}
Event: 5.711 GC heap after
{Heap after GC invocations=5 (full 0):
 garbage-first heap   total 262144K, used 15907K [0x00000000e0000000, 0x0000000100000000)
  region size 1024K, 3 young (3072K), 3 survivors (3072K)
 Metaspace       used 20812K, capacity 21186K, committed 21248K, reserved 272384K
  class space    used 2626K, capacity 2755K, committed 2816K, reserved 253952K
}

Deoptimization events (10 events):
Event: 4.401 Thread 0x000001db1c7d0800 Uncommon trap: reason=bimorphic_or_optimized_type_check action=maybe_recompile pc=0x000001db0f068a04 method=java.util.HashMap.putVal(ILjava/lang/Object;Ljava/lang/Object;ZZ)Ljava/lang/Object; @ 253 c2
Event: 4.778 Thread 0x000001db1c7d0800 Uncommon trap: reason=class_check action=maybe_recompile pc=0x000001db0f078b20 method=java.util.regex.Matcher.match(II)Z @ 121 c2
Event: 4.809 Thread 0x000001db1c7d0800 Uncommon trap: reason=unstable_if action=reinterpret pc=0x000001db0f078330 method=java.util.regex.Matcher.reset()Ljava/util/regex/Matcher; @ 71 c2
Event: 4.809 Thread 0x000001db1c7d0800 Uncommon trap: reason=unstable_if action=reinterpret pc=0x000001db0f078b84 method=java.util.regex.Matcher.match(II)Z @ 76 c2
Event: 5.592 Thread 0x000001db1c7d0800 Uncommon trap: reason=unstable_if action=reinterpret pc=0x000001db0f086234 method=java.util.LinkedHashMap.afterNodeInsertion(Z)V @ 1 c2
Event: 5.606 Thread 0x000001db1c7d0800 Uncommon trap: reason=unstable_if action=reinterpret pc=0x000001db0f08dd48 method=java.util.concurrent.ConcurrentHashMap.get(Ljava/lang/Object;)Ljava/lang/Object; @ 76 c2
Event: 6.275 Thread 0x000001db1c7d0800 Uncommon trap: reason=bimorphic_or_optimized_type_check action=maybe_recompile pc=0x000001db0f087da4 method=java.util.AbstractList$Itr.hasNext()Z @ 8 c2
Event: 6.275 Thread 0x000001db1c7d0800 Uncommon trap: reason=bimorphic_or_optimized_type_check action=maybe_recompile pc=0x000001db0f088154 method=java.util.AbstractList$Itr.next()Ljava/lang/Object; @ 14 c2
Event: 6.276 Thread 0x000001db1c7d0800 Uncommon trap: reason=unstable_if action=reinterpret pc=0x000001db0f082ce8 method=java.io.File.getName()Ljava/lang/String; @ 16 c2
Event: 6.276 Thread 0x000001db1c7d0800 Uncommon trap: reason=unstable_if action=reinterpret pc=0x000001db0f081ff0 method=java.lang.String.substring(I)Ljava/lang/String; @ 34 c2

Classes redefined (0 events):
No events

Internal exceptions (10 events):
Event: 3.690 Thread 0x000001db7cc79800 Exception <a 'java/lang/NoSuchMethodError'{0x00000000efcb7778}: java.lang.invoke.DirectMethodHandle$Holder.invokeStaticInit(Ljava/lang/Object;IIII)Ljava/lang/Object;> (0x00000000efcb7778) thrown at [./open/src/hotspot/share/interpreter/linkResolver.cpp, l
Event: 3.938 Thread 0x000001db7cc79800 Exception <a 'java/lang/NoSuchMethodError'{0x00000000efb52f30}: java.lang.invoke.DirectMethodHandle$Holder.invokeStaticInit(Ljava/lang/Object;Ljava/lang/Object;IIII)Ljava/lang/Object;> (0x00000000efb52f30) thrown at [./open/src/hotspot/share/interpreter/l
Event: 4.264 Thread 0x000001db7cc79800 Exception <a 'java/io/IOException'{0x00000000ef911cf0}> (0x00000000ef911cf0) thrown at [./open/src/hotspot/share/prims/jni.cpp, line 611]
Event: 4.469 Thread 0x000001db1c7d0800 Exception <a 'java/lang/NoSuchMethodError'{0x00000000ef555758}: java.lang.invoke.DelegatingMethodHandle$Holder.reinvoke_L(Ljava/lang/Object;Ljava/lang/Object;Ljava/lang/Object;Ljava/lang/Object;)V> (0x00000000ef555758) thrown at [./open/src/hotspot/share/
Event: 4.478 Thread 0x000001db1c7d0800 Exception <a 'java/lang/NoSuchMethodError'{0x00000000ef5ac930}: java.lang.invoke.DirectMethodHandle$Holder.invokeVirtual(Ljava/lang/Object;Ljava/lang/Object;Ljava/lang/Object;Ljava/lang/Object;Ljava/lang/Object;Ljava/lang/Object;)V> (0x00000000ef5ac930) t
Event: 4.484 Thread 0x000001db1c7d0800 Exception <a 'java/lang/NoSuchMethodError'{0x00000000ef5d0108}: java.lang.invoke.DelegatingMethodHandle$Holder.reinvoke_L(Ljava/lang/Object;Ljava/lang/Object;Ljava/lang/Object;Ljava/lang/Object;Ljava/lang/Object;Ljava/lang/Object;)V> (0x00000000ef5d0108) 
Event: 4.616 Thread 0x000001db1c7d0800 Exception <a 'java/lang/NoSuchMethodError'{0x00000000ef061098}: java.lang.invoke.DirectMethodHandle$Holder.invokeVirtual(Ljava/lang/Object;Ljava/lang/Object;Ljava/lang/Object;)Ljava/lang/Object;> (0x00000000ef061098) thrown at [./open/src/hotspot/share/in
Event: 4.712 Thread 0x000001db1c7d0800 Exception <a 'java/lang/NoSuchMethodError'{0x00000000eed35348}: java.lang.invoke.Invokers$Holder.invoker(Ljava/lang/Object;Ljava/lang/Object;Ljava/lang/Object;)Ljava/lang/Object;> (0x00000000eed35348) thrown at [./open/src/hotspot/share/interpreter/linkRe
Event: 5.129 Thread 0x000001db1c7d0800 Exception <a 'java/lang/NoSuchMethodError'{0x00000000ee0c31e8}: java.lang.invoke.DirectMethodHandle$Holder.invokeVirtual(Ljava/lang/Object;Ljava/lang/Object;Ljava/lang/Object;Ljava/lang/Object;)Ljava/lang/Object;> (0x00000000ee0c31e8) thrown at [./open/sr
Event: 6.068 Thread 0x000001db1c7d0800 Exception <a 'java/lang/NoSuchMethodError'{0x00000000ef3777b8}: java.lang.invoke.DirectMethodHandle$Holder.invokeVirtual(Ljava/lang/Object;Ljava/lang/Object;Ljava/lang/Object;Ljava/lang/Object;Ljava/lang/Object;Ljava/lang/Object;Ljava/lang/Object;Ljava/la

Events (10 events):
Event: 7.322 loading class java/awt/image/ImageObserver
Event: 7.323 loading class java/awt/image/ImageObserver done
Event: 7.323 loading class java/awt/MenuContainer
Event: 7.326 loading class java/awt/MenuContainer done
Event: 7.327 loading class java/awt/Component done
Event: 7.327 loading class java/awt/Container done
Event: 7.327 loading class javax/swing/JComponent done
Event: 7.327 loading class javax/swing/JComboBox done
Event: 7.327 loading class javax/swing/JTabbedPane
Event: 7.330 loading class javax/swing/SwingConstants


Dynamic libraries:
0x00007ff7510d0000 - 0x00007ff7510df000 	C:\Program Files\Java\jdk-11.0.13\bin\java.exe
0x00007ffba0b70000 - 0x00007ffba0d68000 	C:\Windows\SYSTEM32\ntdll.dll
0x00007ffb9ebd0000 - 0x00007ffb9ec8d000 	C:\Windows\System32\KERNEL32.DLL
0x00007ffb9e2e0000 - 0x00007ffb9e5ae000 	C:\Windows\System32\KERNELBASE.dll
0x00007ffb9e820000 - 0x00007ffb9e920000 	C:\Windows\System32\ucrtbase.dll
0x00007ffb951e0000 - 0x00007ffb951f8000 	C:\Program Files\Java\jdk-11.0.13\bin\jli.dll
0x00007ffb9ed30000 - 0x00007ffb9edde000 	C:\Windows\System32\ADVAPI32.dll
0x00007ffb9ffe0000 - 0x00007ffba007e000 	C:\Windows\System32\msvcrt.dll
0x00007ffb9ec90000 - 0x00007ffb9ed2c000 	C:\Windows\System32\sechost.dll
0x00007ffba03c0000 - 0x00007ffba04e5000 	C:\Windows\System32\RPCRT4.dll
0x00007ffb9f640000 - 0x00007ffb9f7e0000 	C:\Windows\System32\USER32.dll
0x00007ffb9e9c0000 - 0x00007ffb9e9e2000 	C:\Windows\System32\win32u.dll
0x00007ffba0a90000 - 0x00007ffba0aba000 	C:\Windows\System32\GDI32.dll
0x00007ffb9e5b0000 - 0x00007ffb9e6bb000 	C:\Windows\System32\gdi32full.dll
0x00007ffb9e9f0000 - 0x00007ffb9ea8d000 	C:\Windows\System32\msvcp_win.dll
0x00007ffb8e6e0000 - 0x00007ffb8e6f5000 	C:\Program Files\Java\jdk-11.0.13\bin\VCRUNTIME140.dll
0x00007ffb9d640000 - 0x00007ffb9d8da000 	C:\Windows\WinSxS\amd64_microsoft.windows.common-controls_6595b64144ccf1df_6.0.19041.1110_none_60b5254171f9507e\COMCTL32.dll
0x00007ffb8e4b0000 - 0x00007ffb8e4ba000 	C:\Windows\SYSTEM32\VERSION.dll
0x00007ffb9ffa0000 - 0x00007ffb9ffd0000 	C:\Windows\System32\IMM32.DLL
0x00007ffb6d380000 - 0x00007ffb6d41b000 	C:\Program Files\Java\jdk-11.0.13\bin\msvcp140.dll
0x00007ffb53c10000 - 0x00007ffb54723000 	C:\Program Files\Java\jdk-11.0.13\bin\server\jvm.dll
0x00007ffba0b20000 - 0x00007ffba0b28000 	C:\Windows\System32\PSAPI.DLL
0x00007ffb8e6d0000 - 0x00007ffb8e6d9000 	C:\Windows\SYSTEM32\WSOCK32.dll
0x00007ffb90c20000 - 0x00007ffb90c47000 	C:\Windows\SYSTEM32\WINMM.dll
0x00007ffb9ff30000 - 0x00007ffb9ff9b000 	C:\Windows\System32\WS2_32.dll
0x00007ffb9bb40000 - 0x00007ffb9bb52000 	C:\Windows\SYSTEM32\kernel.appcore.dll
0x00007ffb8e6c0000 - 0x00007ffb8e6d0000 	C:\Program Files\Java\jdk-11.0.13\bin\verify.dll
0x00007ffb9dbc0000 - 0x00007ffb9dda4000 	C:\Windows\SYSTEM32\DBGHELP.DLL
0x00007ffb9d9f0000 - 0x00007ffb9da1c000 	C:\Windows\SYSTEM32\dbgcore.DLL
0x00007ffb9ea90000 - 0x00007ffb9eb12000 	C:\Windows\System32\bcryptPrimitives.dll
0x00007ffb8b4a0000 - 0x00007ffb8b4c8000 	C:\Program Files\Java\jdk-11.0.13\bin\java.dll
0x00007ffb8cb40000 - 0x00007ffb8cb4a000 	C:\Program Files\Java\jdk-11.0.13\bin\jimage.dll
0x00007ffb8b830000 - 0x00007ffb8b846000 	C:\Program Files\Java\jdk-11.0.13\bin\zip.dll
0x00007ffb9f7e0000 - 0x00007ffb9ff24000 	C:\Windows\System32\SHELL32.dll
0x00007ffb9bd40000 - 0x00007ffb9c4d4000 	C:\Windows\SYSTEM32\windows.storage.dll
0x00007ffb9ee40000 - 0x00007ffb9f194000 	C:\Windows\System32\combase.dll
0x00007ffb9d5a0000 - 0x00007ffb9d5d0000 	C:\Windows\SYSTEM32\Wldp.dll
0x00007ffba0570000 - 0x00007ffba061d000 	C:\Windows\System32\SHCORE.dll
0x00007ffb9ede0000 - 0x00007ffb9ee35000 	C:\Windows\System32\shlwapi.dll
0x00007ffb9e1d0000 - 0x00007ffb9e1ef000 	C:\Windows\SYSTEM32\profapi.dll
0x00007ffb8b050000 - 0x00007ffb8b069000 	C:\Program Files\Java\jdk-11.0.13\bin\net.dll
0x00007ffb917f0000 - 0x00007ffb918fa000 	C:\Windows\SYSTEM32\WINHTTP.dll
0x00007ffb9d470000 - 0x00007ffb9d4da000 	C:\Windows\system32\mswsock.dll
0x00007ffb868a0000 - 0x00007ffb868b2000 	C:\Program Files\Java\jdk-11.0.13\bin\nio.dll
0x00007ffb81340000 - 0x00007ffb81366000 	C:\Users\LUCKY\.gradle\native\29\windows-amd64\native-platform.dll
0x00007ffb8b460000 - 0x00007ffb8b469000 	C:\Program Files\Java\jdk-11.0.13\bin\management.dll
0x00007ffb8b180000 - 0x00007ffb8b18b000 	C:\Program Files\Java\jdk-11.0.13\bin\management_ext.dll
0x00007ffb9df50000 - 0x00007ffb9df68000 	C:\Windows\SYSTEM32\CRYPTSP.dll
0x00007ffb9cca0000 - 0x00007ffb9ccd4000 	C:\Windows\system32\rsaenh.dll
0x00007ffb9e990000 - 0x00007ffb9e9b7000 	C:\Windows\System32\bcrypt.dll
0x00007ffb9e190000 - 0x00007ffb9e1be000 	C:\Windows\SYSTEM32\USERENV.dll
0x00007ffb9d560000 - 0x00007ffb9d56c000 	C:\Windows\SYSTEM32\CRYPTBASE.dll
0x00007ffb9cff0000 - 0x00007ffb9d02b000 	C:\Windows\SYSTEM32\IPHLPAPI.DLL
0x00007ffb9ffd0000 - 0x00007ffb9ffd8000 	C:\Windows\System32\NSI.dll
0x00007ffb96bb0000 - 0x00007ffb96bc7000 	C:\Windows\SYSTEM32\dhcpcsvc6.DLL
0x00007ffb96df0000 - 0x00007ffb96e0d000 	C:\Windows\SYSTEM32\dhcpcsvc.DLL
0x00007ffb9d030000 - 0x00007ffb9d0fb000 	C:\Windows\SYSTEM32\DNSAPI.dll

dbghelp: loaded successfully - version: 4.0.5 - missing functions: none
symbol engine: initialized successfully - sym options: 0x614 - pdb path: .;C:\Program Files\Java\jdk-11.0.13\bin;C:\Windows\SYSTEM32;C:\Windows\WinSxS\amd64_microsoft.windows.common-controls_6595b64144ccf1df_6.0.19041.1110_none_60b5254171f9507e;C:\Program Files\Java\jdk-11.0.13\bin\server;C:\Users\LUCKY\.gradle\native\29\windows-amd64

VM Arguments:
jvm_args: --add-opens=java.base/java.util=ALL-UNNAMED --add-opens=java.base/java.lang=ALL-UNNAMED --add-opens=java.base/java.lang.invoke=ALL-UNNAMED --add-opens=java.prefs/java.util.prefs=ALL-UNNAMED -XX:MaxMetaspaceSize=256m -XX:+HeapDumpOnOutOfMemoryError -Xms256m -Xmx512m -Dfile.encoding=windows-1252 -Duser.country=US -Duser.language=en -Duser.variant 
java_command: org.gradle.launcher.daemon.bootstrap.GradleDaemon 5.5
java_class_path (initial): C:\Users\LUCKY\.gradle\wrapper\dists\gradle-5.5-all\byeise1led9a3w3p149d02kfj\gradle-5.5\lib\gradle-launcher-5.5.jar
Launcher Type: SUN_STANDARD

[Global flags]
     intx CICompilerCount                          = 3                                         {product} {ergonomic}
   size_t CompressedClassSpaceSize                 = 260046848                                 {product} {ergonomic}
     uint ConcGCThreads                            = 1                                         {product} {ergonomic}
     uint G1ConcRefinementThreads                  = 4                                         {product} {ergonomic}
   size_t G1HeapRegionSize                         = 1048576                                   {product} {ergonomic}
    uintx GCDrainStackTargetSize                   = 64                                        {product} {ergonomic}
     bool HeapDumpOnOutOfMemoryError               = true                                   {manageable} {command line}
   size_t InitialHeapSize                          = 268435456                                 {product} {command line}
   size_t MarkStackSize                            = 4194304                                   {product} {ergonomic}
   size_t MaxHeapSize                              = 536870912                                 {product} {command line}
   size_t MaxMetaspaceSize                         = 268435456                                 {product} {command line}
   size_t MaxNewSize                               = 321912832                                 {product} {ergonomic}
   size_t MinHeapDeltaBytes                        = 1048576                                   {product} {ergonomic}
    uintx NonNMethodCodeHeapSize                   = 5830732                                {pd product} {ergonomic}
    uintx NonProfiledCodeHeapSize                  = 122913754                              {pd product} {ergonomic}
    uintx ProfiledCodeHeapSize                     = 122913754                              {pd product} {ergonomic}
    uintx ReservedCodeCacheSize                    = 251658240                              {pd product} {ergonomic}
     bool SegmentedCodeCache                       = true                                      {product} {ergonomic}
     bool UseCompressedClassPointers               = true                                 {lp64_product} {ergonomic}
     bool UseCompressedOops                        = true                                 {lp64_product} {ergonomic}
     bool UseG1GC                                  = true                                      {product} {ergonomic}
     bool UseLargePagesIndividualAllocation        = false                                  {pd product} {ergonomic}

Logging:
Log output configuration:
 #0: stdout all=warning uptime,level,tags
 #1: stderr all=off uptime,level,tags

Environment Variables:
JAVA_HOME=C:\Program Files\Java\jdk-11.0.13\
CLASSPATH=D:\MyWork\ReactNative\whsnxt_mvp\android\\gradle\wrapper\gradle-wrapper.jar
PATH=D:\MyWork\ReactNative\whsnxt_mvp\android\node_modules\.bin;D:\MyWork\ReactNative\whsnxt_mvp\node_modules\.bin;D:\MyWork\ReactNative\node_modules\.bin;D:\MyWork\node_modules\.bin;D:\node_modules\.bin;C:\Program Files\nodejs;C:\Program Files (x86)\OpenJDK\jdk-8.0.262.10-hotspot\bin;C:\Program Files (x86)\Common Files\Oracle\Java\javapath;C:\Program Files\Common Files\Oracle\Java\javapath;C:\Windows\system32;C:\Windows;C:\Windows\System32\Wbem;C:\Windows\System32\WindowsPowerShell\v1.0\;C:\Windows\System32\OpenSSH\;C:\Program Files\Git\cmd;C:\Users\LUCKY\AppData\Roaming\nvm;C:\Program Files\nodejs;C:\xampp\php;C:\ProgramData\ComposerSetup\bin;C:\Program Files\PuTTY\;C:\Program Files\Java\jdk-18.0.1.1\bin;C:\Program Files\Microsoft SQL Server\150\Tools\Binn\;C:\Users\LUCKY\AppData\Local\Android\Sdk\platform-tools;C:\Program Files\Java\jdk-11.0.13\bin;C:\Users\LUCKY\AppData\Local\Android\Sdk\ndk-bundle;C:\Users\LUCKY\AppData\Local\Programs\Python\Python310\Scripts\;C:\Users\LUCKY\AppData\Local\Programs\Python\Python310\;C:\Users\LUCKY\AppData\Local\Microsoft\WindowsApps;C:\Program Files\Bandizip\;C:\Users\LUCKY\AppData\Roaming\npm;C:\Users\LUCKY\AppData\Local\Programs\Microsoft VS Code\bin;C:\Users\LUCKY\AppData\Roaming\nvm;C:\Program Files\nodejs;C:\Users\LUCKY\AppData\Roaming\Composer\vendor\bin;C:\Program Files\JetBrains\PyCharm Community Edition 2022.1.1\bin;;C:\Users\LUCKY\AppData\Local\Android\Sdk\ndk-bundle;C:\Users\LUCKY\AppData\Local\Android\Sdk\platform-tools;
USERNAME=LUCKY
OS=Windows_NT
PROCESSOR_IDENTIFIER=Intel64 Family 6 Model 58 Stepping 9, GenuineIntel



---------------  S Y S T E M  ---------------

OS: Windows 10 , 64 bit Build 19041 (10.0.19041.1806)

CPU:total 4 (initial active 4) (2 cores per cpu, 2 threads per core) family 6 model 58 stepping 9 microcode 0x21, cmov, cx8, fxsr, mmx, sse, sse2, sse3, ssse3, sse4.1, sse4.2, popcnt, avx, aes, clmul, erms, ht, tsc, tscinvbit, tscinv

Memory: 4k page, system-wide physical 12182M (4089M free)
TotalPageFile size 24470M (AvailPageFile size 13157M)
current process WorkingSet (physical memory assigned to process): 191M, peak: 194M
current process commit charge ("private bytes"): 426M, peak: 429M

vm_info: Java HotSpot(TM) 64-Bit Server VM (11.0.13+10-LTS-370) for windows-amd64 JRE (11.0.13+10-LTS-370), built on Sep 15 2021 22:10:36 by "mach5one" with MS VC++ 15.9 (VS2017)

END.
