#
# A fatal error has been detected by the Java Runtime Environment:
#
#  EXCEPTION_ACCESS_VIOLATION (0xc0000005) at pc=0x00007ff92a60fa3d, pid=9776, tid=5884
#
# JRE version: Java(TM) SE Runtime Environment 18.9 (11.0.13+10) (build 11.0.13+10-LTS-370)
# Java VM: Java HotSpot(TM) 64-Bit Server VM 18.9 (11.0.13+10-LTS-370, mixed mode, tiered, compressed oops, g1 gc, windows-amd64)
# Problematic frame:
# V  [jvm.dll+0x30fa3d]
#
# No core dump will be written. Minidumps are not enabled by default on client versions of Windows
#
# If you would like to submit a bug report, please visit:
#   https://bugreport.java.com/bugreport/crash.jsp
#

---------------  S U M M A R Y ------------

Command Line: --add-opens=java.base/java.util=ALL-UNNAMED --add-opens=java.base/java.lang=ALL-UNNAMED --add-opens=java.base/java.lang.invoke=ALL-UNNAMED --add-opens=java.prefs/java.util.prefs=ALL-UNNAMED -XX:MaxMetaspaceSize=256m -XX:+HeapDumpOnOutOfMemoryError -Xms256m -Xmx512m -Dfile.encoding=windows-1252 -Duser.country=US -Duser.language=en -Duser.variant org.gradle.launcher.daemon.bootstrap.GradleDaemon 5.5

Host: Intel(R) Core(TM) i5-3230M CPU @ 2.60GHz, 4 cores, 11G,  Windows 10 , 64 bit Build 19041 (10.0.19041.1806)
Time: Sat Jul 30 12:11:39 2022 Tokyo Standard Time elapsed time: 3296.909697 seconds (0d 0h 54m 56s)

---------------  T H R E A D  ---------------

Current thread (0x000001f2b5735000):  JavaThread "C2 CompilerThread0" daemon [_thread_in_native, id=5884, stack(0x00000062cb900000,0x00000062cba00000)]


Current CompileTask:
C2:3296909 26230       4       org.objectweb.asm.ClassReader::readField (667 bytes)

Stack: [0x00000062cb900000,0x00000062cba00000],  sp=0x00000062cb9fb8b0,  free space=1006k
Native frames: (J=compiled Java code, j=interpreted, Vv=VM code, C=native code)
V  [jvm.dll+0x30fa3d]
V  [jvm.dll+0x310b03]
V  [jvm.dll+0x30e3f3]
V  [jvm.dll+0x30d94a]
V  [jvm.dll+0x1f8255]
V  [jvm.dll+0x1f743d]
V  [jvm.dll+0x177991]
V  [jvm.dll+0x206d84]
V  [jvm.dll+0x204ebb]
V  [jvm.dll+0x727e70]
V  [jvm.dll+0x720a54]
V  [jvm.dll+0x627606]
C  [ucrtbase.dll+0x21bb2]
C  [KERNEL32.DLL+0x17034]
C  [ntdll.dll+0x52651]


siginfo: EXCEPTION_ACCESS_VIOLATION (0xc0000005), reading address 0x000003f2c30bd1a0


Register to memory mapping:

RIP=0x00007ff92a60fa3d jvm.dll
RAX=0x000001f2c30bd1e0 points into unknown readable memory: 0x00007ff92ab2f970 | 70 f9 b2 2a f9 7f 00 00
RBX=0x000003f2c30bd178 is an unknown value
RCX=0x000001f2c0979080 points into unknown readable memory: 0x000001f2c32389d0 | d0 89 23 c3 f2 01 00 00
RDX=0x00000062cb9fba10 is pointing into the stack for thread: 0x000001f2b5735000
RSP=0x00000062cb9fb8b0 is pointing into the stack for thread: 0x000001f2b5735000
RBP=0x0 is NULL
RSI=0x000001f2c30bd178 points into unknown readable memory: 0x00007ff92ab2b118 | 18 b1 b2 2a f9 7f 00 00
RDI=0x0 is NULL
R8 =0x0000000000000008 is an unknown value
R9 =0x00000062cb9fba10 is pointing into the stack for thread: 0x000001f2b5735000
R10=0x000001f2c4f0a180 points into unknown readable memory: 0x000001f2c4f0a088 | 88 a0 f0 c4 f2 01 00 00
R11=0x000001f2c50858c0 points into unknown readable memory: 0x000001f2bce82458 | 58 24 e8 bc f2 01 00 00
R12=0x000001f2c30bd100 points into unknown readable memory: 0x000001f2c30bd108 | 08 d1 0b c3 f2 01 00 00
R13=0x00000062cb9fbe70 is pointing into the stack for thread: 0x000001f2b5735000
R14=0x00000062cb9fb920 is pointing into the stack for thread: 0x000001f2b5735000
R15=0x00000000000004c1 is an unknown value


Registers:
RAX=0x000001f2c30bd1e0, RBX=0x000003f2c30bd178, RCX=0x000001f2c0979080, RDX=0x00000062cb9fba10
RSP=0x00000062cb9fb8b0, RBP=0x0000000000000000, RSI=0x000001f2c30bd178, RDI=0x0000000000000000
R8 =0x0000000000000008, R9 =0x00000062cb9fba10, R10=0x000001f2c4f0a180, R11=0x000001f2c50858c0
R12=0x000001f2c30bd100, R13=0x00000062cb9fbe70, R14=0x00000062cb9fb920, R15=0x00000000000004c1
RIP=0x00007ff92a60fa3d, EFLAGS=0x0000000000010246

Top of Stack: (sp=0x00000062cb9fb8b0)
0x00000062cb9fb8b0:   000000000000000d 0000000000000000
0x00000062cb9fb8c0:   0000000000000001 00007ff92a4ce5ff
0x00000062cb9fb8d0:   000001f2b993eb98 000001f2c1000f20
0x00000062cb9fb8e0:   000001f2c1000f00 0000000000000000
0x00000062cb9fb8f0:   000001f2c30bd0c0 00007ff92a610b03
0x00000062cb9fb900:   000001f2c30bd338 000001f2c30bd338
0x00000062cb9fb910:   000001f2c30bd1e0 000001f2b611d928
0x00000062cb9fb920:   00000062cb9fba10 00000062cb9fb9c0
0x00000062cb9fb930:   00000062cb9fbe70 000001f2b572b0e0
0x00000062cb9fb940:   0000000000000000 000001f2b572b0e0
0x00000062cb9fb950:   000001f2c050d960 00007ff92ab2ecd8
0x00000062cb9fb960:   00000062cb9fba70 00007ff92a60e3f3
0x00000062cb9fb970:   000001f2bc016840 000001f2b5733548
0x00000062cb9fb980:   00000062cb9fbe70 0000000000025a00
0x00000062cb9fb990:   00000000bcf40101 000001f2bd056400
0x00000062cb9fb9a0:   0000000000002dc7 0000000000000077 

Instructions: (pc=0x00007ff92a60fa3d)
0x00007ff92a60fa1d:   78 48 8b 04 d1 44 8b 78 68 85 ff 0f 84 bd 00 00
0x00007ff92a60fa2d:   00 66 90 48 8b 5e 10 ff cf 49 8b 16 48 8b 1c fb
0x00007ff92a60fa3d:   8b 4b 28 8b c1 c1 e8 05 3b 42 10 73 19 44 8b c0
0x00007ff92a60fa4d:   83 e1 1f 48 8b 42 18 ba 01 00 00 00 d3 e2 42 8b 


Stack slot to memory mapping:
stack at sp + 0 slots: 0x000000000000000d is an unknown value
stack at sp + 1 slots: 0x0 is NULL
stack at sp + 2 slots: 0x0000000000000001 is an unknown value
stack at sp + 3 slots: 0x00007ff92a4ce5ff jvm.dll
stack at sp + 4 slots: 0x000001f2b993eb98 points into unknown readable memory: 0x00007ff92aaebd78 | 78 bd ae 2a f9 7f 00 00
stack at sp + 5 slots: 0x000001f2c1000f20 points into unknown readable memory: 0x0000000000000456 | 56 04 00 00 00 00 00 00
stack at sp + 6 slots: 0x000001f2c1000f00 points into unknown readable memory: 0x000001f2bce7f440 | 40 f4 e7 bc f2 01 00 00
stack at sp + 7 slots: 0x0 is NULL


---------------  P R O C E S S  ---------------

Threads class SMR info:
_java_thread_list=0x000001f2bb96f090, length=45, elements={
0x000001f29b8d8800, 0x000001f2b570c800, 0x000001f2b5716000, 0x000001f2b572a800,
0x000001f2b572c000, 0x000001f2b572e800, 0x000001f2b5735000, 0x000001f2b5739800,
0x000001f2b5745800, 0x000001f2b61ef000, 0x000001f2b7bc0000, 0x000001f2b7b9c000,
0x000001f2b79fc800, 0x000001f2b7aab800, 0x000001f2b7aac800, 0x000001f2b7aa9000,
0x000001f2b6eab000, 0x000001f2b6eb7800, 0x000001f2b7aae000, 0x000001f2bcdf1800,
0x000001f2bcdeb800, 0x000001f2bcded000, 0x000001f2bcdef800, 0x000001f2bcdf2000,
0x000001f2bcdec800, 0x000001f2bcdf3000, 0x000001f2bcdf4000, 0x000001f2bcdee000,
0x000001f2bcdf6000, 0x000001f2bcdf7000, 0x000001f2bcdf9800, 0x000001f2bcdf8000,
0x000001f2bcdfa800, 0x000001f2bcdf4800, 0x000001f2bcdf5800, 0x000001f2b6eac000,
0x000001f2b6eaa800, 0x000001f2b6ead800, 0x000001f2b6ead000, 0x000001f2b6eaf000,
0x000001f2b640e000, 0x000001f2b6ea9800, 0x000001f2b6eb1000, 0x000001f2b6eb1800,
0x000001f2b6eb4000
}

Java Threads: ( => current thread )
  0x000001f29b8d8800 JavaThread "main" [_thread_blocked, id=11028, stack(0x00000062cad00000,0x00000062cae00000)]
  0x000001f2b570c800 JavaThread "Reference Handler" daemon [_thread_blocked, id=4676, stack(0x00000062cb400000,0x00000062cb500000)]
  0x000001f2b5716000 JavaThread "Finalizer" daemon [_thread_blocked, id=5208, stack(0x00000062cb500000,0x00000062cb600000)]
  0x000001f2b572a800 JavaThread "Signal Dispatcher" daemon [_thread_blocked, id=1196, stack(0x00000062cb600000,0x00000062cb700000)]
  0x000001f2b572c000 JavaThread "Attach Listener" daemon [_thread_blocked, id=3456, stack(0x00000062cb700000,0x00000062cb800000)]
  0x000001f2b572e800 JavaThread "Service Thread" daemon [_thread_blocked, id=9088, stack(0x00000062cb800000,0x00000062cb900000)]
=>0x000001f2b5735000 JavaThread "C2 CompilerThread0" daemon [_thread_in_native, id=5884, stack(0x00000062cb900000,0x00000062cba00000)]
  0x000001f2b5739800 JavaThread "C1 CompilerThread0" daemon [_thread_blocked, id=2696, stack(0x00000062cba00000,0x00000062cbb00000)]
  0x000001f2b5745800 JavaThread "Sweeper thread" daemon [_thread_blocked, id=7500, stack(0x00000062cbb00000,0x00000062cbc00000)]
  0x000001f2b61ef000 JavaThread "Common-Cleaner" daemon [_thread_blocked, id=5856, stack(0x00000062cbc00000,0x00000062cbd00000)]
  0x000001f2b7bc0000 JavaThread "Daemon health stats" [_thread_blocked, id=4244, stack(0x00000062cc200000,0x00000062cc300000)]
  0x000001f2b7b9c000 JavaThread "Incoming local TCP Connector on port 59067" [_thread_in_native, id=7980, stack(0x00000062cc100000,0x00000062cc200000)]
  0x000001f2b79fc800 JavaThread "Daemon periodic checks" [_thread_blocked, id=10964, stack(0x00000062cc300000,0x00000062cc400000)]
  0x000001f2b7aab800 JavaThread "Cache worker for file hash cache (C:\Users\LUCKY\.gradle\caches\5.5\fileHashes)" [_thread_blocked, id=5912, stack(0x00000062ccb00000,0x00000062ccc00000)]
  0x000001f2b7aac800 JavaThread "File lock request listener" [_thread_in_native, id=8916, stack(0x00000062ccc00000,0x00000062ccd00000)]
  0x000001f2b7aa9000 JavaThread "Cache worker for journal cache (C:\Users\LUCKY\.gradle\caches\journal-1)" [_thread_blocked, id=9308, stack(0x00000062ccd00000,0x00000062cce00000)]
  0x000001f2b6eab000 JavaThread "Cache worker for execution history cache (C:\Users\LUCKY\.gradle\caches\5.5\executionHistory)" [_thread_blocked, id=8132, stack(0x00000062cd200000,0x00000062cd300000)]
  0x000001f2b6eb7800 JavaThread "Memory manager" [_thread_blocked, id=8716, stack(0x00000062cd600000,0x00000062cd700000)]
  0x000001f2b7aae000 JavaThread "Cache worker for file content cache (C:\Users\LUCKY\.gradle\caches\5.5\fileContent)" [_thread_blocked, id=3508, stack(0x00000062caa00000,0x00000062cab00000)]
  0x000001f2bcdf1800 JavaThread "pool-6-thread-1" [_thread_blocked, id=252, stack(0x00000062cca00000,0x00000062ccb00000)]
  0x000001f2bcdeb800 JavaThread "Daemon Thread 6" [_thread_blocked, id=6760, stack(0x00000062cab00000,0x00000062cac00000)]
  0x000001f2bcded000 JavaThread "Handler for socket connection from /127.0.0.1:59067 to /127.0.0.1:61665" [_thread_in_native, id=5116, stack(0x00000062cac00000,0x00000062cad00000)]
  0x000001f2bcdef800 JavaThread "Cancel handler" [_thread_blocked, id=11576, stack(0x00000062cc400000,0x00000062cc500000)]
  0x000001f2bcdf2000 JavaThread "Daemon worker Thread 6" [_thread_blocked, id=6208, stack(0x00000062cc500000,0x00000062cc600000)]
  0x000001f2bcdec800 JavaThread "Asynchronous log dispatcher for DefaultDaemonConnection: socket connection from /127.0.0.1:59067 to /127.0.0.1:61665" [_thread_blocked, id=10616, stack(0x00000062cc600000,0x00000062cc700000)]
  0x000001f2bcdf3000 JavaThread "Stdin handler" [_thread_blocked, id=616, stack(0x00000062cc700000,0x00000062cc800000)]
  0x000001f2bcdf4000 JavaThread "Thread-132" [_thread_blocked, id=4468, stack(0x00000062cc800000,0x00000062cc900000)]
  0x000001f2bcdee000 JavaThread "Cache worker for file hash cache (D:\MyWork\ReactNative\whsnxt_mvp\android\.gradle\5.5\fileHashes)" [_thread_blocked, id=8432, stack(0x00000062cc900000,0x00000062cca00000)]
  0x000001f2bcdf6000 JavaThread "Cache worker for cache directory md-supplier (C:\Users\LUCKY\.gradle\caches\5.5\md-supplier)" [_thread_blocked, id=11200, stack(0x00000062cce00000,0x00000062ccf00000)]
  0x000001f2bcdf7000 JavaThread "Cache worker for cache directory md-rule (C:\Users\LUCKY\.gradle\caches\5.5\md-rule)" [_thread_blocked, id=3264, stack(0x00000062ccf00000,0x00000062cd000000)]
  0x000001f2bcdf9800 JavaThread "Build operations" [_thread_blocked, id=9148, stack(0x00000062cd100000,0x00000062cd200000)]
  0x000001f2bcdf8000 JavaThread "Build operations Thread 2" [_thread_blocked, id=1328, stack(0x00000062cd300000,0x00000062cd400000)]
  0x000001f2bcdfa800 JavaThread "Build operations Thread 3" [_thread_blocked, id=7184, stack(0x00000062cd400000,0x00000062cd500000)]
  0x000001f2bcdf4800 JavaThread "Build operations Thread 4" [_thread_blocked, id=7508, stack(0x00000062cd500000,0x00000062cd600000)]
  0x000001f2bcdf5800 JavaThread "Cache worker for Build Output Cleanup Cache (D:\MyWork\ReactNative\whsnxt_mvp\android\.gradle\buildOutputCleanup)" [_thread_blocked, id=8212, stack(0x00000062cd700000,0x00000062cd800000)]
  0x000001f2b6eac000 JavaThread "Cache worker for file content cache (D:\MyWork\ReactNative\whsnxt_mvp\android\.gradle\5.5\fileContent)" [_thread_blocked, id=8816, stack(0x00000062cd900000,0x00000062cda00000)]
  0x000001f2b6eaa800 JavaThread "Execution worker for ':'" [_thread_blocked, id=2316, stack(0x00000062cdb00000,0x00000062cdc00000)]
  0x000001f2b6ead800 JavaThread "Execution worker for ':' Thread 2" [_thread_in_native, id=8828, stack(0x00000062cdc00000,0x00000062cdd00000)]
  0x000001f2b6ead000 JavaThread "Execution worker for ':' Thread 3" [_thread_blocked, id=11208, stack(0x00000062cdd00000,0x00000062cde00000)]
  0x000001f2b6eaf000 JavaThread "Cache worker for execution history cache (D:\MyWork\ReactNative\whsnxt_mvp\android\.gradle\5.5\executionHistory)" [_thread_blocked, id=6300, stack(0x00000062cde00000,0x00000062cdf00000)]
  0x000001f2b640e000 JavaThread "C2 CompilerThread1" daemon [_thread_in_native, id=12108, stack(0x00000062cda00000,0x00000062cdb00000)]
  0x000001f2b6ea9800 JavaThread "Cache worker for Java compile cache (C:\Users\LUCKY\.gradle\caches\5.5\javaCompile)" [_thread_blocked, id=11880, stack(0x00000062cdf00000,0x00000062ce000000)]
  0x000001f2b6eb1000 JavaThread "Cache worker for Java compile cache (D:\MyWork\ReactNative\whsnxt_mvp\android\.gradle\5.5\javaCompile)" [_thread_blocked, id=2188, stack(0x00000062ce000000,0x00000062ce100000)]
  0x000001f2b6eb1800 JavaThread "ForkJoinPool.commonPool-worker-3" daemon [_thread_blocked, id=11668, stack(0x00000062ce100000,0x00000062ce200000)]
  0x000001f2b6eb4000 JavaThread "ForkJoinPool.commonPool-worker-5" daemon [_thread_blocked, id=4376, stack(0x00000062ce200000,0x00000062ce300000)]

Other Threads:
  0x000001f2b56e7000 VMThread "VM Thread" [stack: 0x00000062cb300000,0x00000062cb400000] [id=6140]
  0x000001f2b622a000 WatcherThread [stack: 0x00000062cbd00000,0x00000062cbe00000] [id=4868]
  0x000001f29b8ee800 GCTaskThread "GC Thread#0" [stack: 0x00000062cae00000,0x00000062caf00000] [id=11016]
  0x000001f2b6955000 GCTaskThread "GC Thread#1" [stack: 0x00000062cbe00000,0x00000062cbf00000] [id=11112]
  0x000001f2b696e800 GCTaskThread "GC Thread#2" [stack: 0x00000062cbf00000,0x00000062cc000000] [id=10880]
  0x000001f2b6973800 GCTaskThread "GC Thread#3" [stack: 0x00000062cc000000,0x00000062cc100000] [id=4964]
  0x000001f29b903000 ConcurrentGCThread "G1 Main Marker" [stack: 0x00000062caf00000,0x00000062cb000000] [id=8332]
  0x000001f29b905800 ConcurrentGCThread "G1 Conc#0" [stack: 0x00000062cb000000,0x00000062cb100000] [id=3484]
  0x000001f29b9be000 ConcurrentGCThread "G1 Refine#0" [stack: 0x00000062cb100000,0x00000062cb200000] [id=10992]
  0x000001f2bc6f8000 ConcurrentGCThread "G1 Refine#1" [stack: 0x00000062cd800000,0x00000062cd900000] [id=2060]
  0x000001f2b5582800 ConcurrentGCThread "G1 Young RemSet Sampling" [stack: 0x00000062cb200000,0x00000062cb300000] [id=9200]

Threads with active compile tasks:
C2 CompilerThread03296995 26230       4       org.objectweb.asm.ClassReader::readField (667 bytes)
C2 CompilerThread13296995 26295       4       jdk.nio.zipfs.ZipFileSystem$Entry::readExtra (753 bytes)

VM state:not at safepoint (normal execution)

VM Mutex/Monitor currently owned by a thread: None

Heap address: 0x00000000e0000000, size: 512 MB, Compressed Oops mode: 32-bit
Narrow klass base: 0x0000000000000000, Narrow klass shift: 3
Compressed class space size: 260046848 Address: 0x0000000100000000

Heap:
 garbage-first heap   total 290816K, used 138168K [0x00000000e0000000, 0x0000000100000000)
  region size 1024K, 8 young (8192K), 2 survivors (2048K)
 Metaspace       used 127575K, capacity 131241K, committed 131660K, reserved 370688K
  class space    used 14934K, capacity 16107K, committed 16204K, reserved 253952K
Heap Regions: E=young(eden), S=young(survivor), O=old, HS=humongous(starts), HC=humongous(continues), CS=collection set, F=free, A=archive, TAMS=top-at-mark-start (previous, next)
|   0|0x00000000e0000000, 0x00000000e0100000, 0x00000000e0100000|100%| O|  |TAMS 0x00000000e0100000, 0x00000000e0100000| Untracked 
|   1|0x00000000e0100000, 0x00000000e0200000, 0x00000000e0200000|100%| O|  |TAMS 0x00000000e0200000, 0x00000000e0200000| Untracked 
|   2|0x00000000e0200000, 0x00000000e0300000, 0x00000000e0300000|100%|HS|  |TAMS 0x00000000e0300000, 0x00000000e0300000| Complete 
|   3|0x00000000e0300000, 0x00000000e0400000, 0x00000000e0400000|100%|HS|  |TAMS 0x00000000e0400000, 0x00000000e0400000| Complete 
|   4|0x00000000e0400000, 0x00000000e0500000, 0x00000000e0500000|100%|HC|  |TAMS 0x00000000e0500000, 0x00000000e0500000| Complete 
|   5|0x00000000e0500000, 0x00000000e0600000, 0x00000000e0600000|100%| O|  |TAMS 0x00000000e0600000, 0x00000000e0600000| Untracked 
|   6|0x00000000e0600000, 0x00000000e0700000, 0x00000000e0700000|100%| O|  |TAMS 0x00000000e0700000, 0x00000000e0700000| Untracked 
|   7|0x00000000e0700000, 0x00000000e0800000, 0x00000000e0800000|100%| O|  |TAMS 0x00000000e0800000, 0x00000000e0800000| Untracked 
|   8|0x00000000e0800000, 0x00000000e0900000, 0x00000000e0900000|100%| O|  |TAMS 0x00000000e0900000, 0x00000000e0900000| Untracked 
|   9|0x00000000e0900000, 0x00000000e0a00000, 0x00000000e0a00000|100%| O|  |TAMS 0x00000000e0a00000, 0x00000000e0a00000| Untracked 
|  10|0x00000000e0a00000, 0x00000000e0b00000, 0x00000000e0b00000|100%| O|  |TAMS 0x00000000e0b00000, 0x00000000e0b00000| Untracked 
|  11|0x00000000e0b00000, 0x00000000e0c00000, 0x00000000e0c00000|100%| O|  |TAMS 0x00000000e0c00000, 0x00000000e0c00000| Untracked 
|  12|0x00000000e0c00000, 0x00000000e0d00000, 0x00000000e0d00000|100%| O|  |TAMS 0x00000000e0d00000, 0x00000000e0d00000| Untracked 
|  13|0x00000000e0d00000, 0x00000000e0e00000, 0x00000000e0e00000|100%|HS|  |TAMS 0x00000000e0e00000, 0x00000000e0e00000| Complete 
|  14|0x00000000e0e00000, 0x00000000e0f00000, 0x00000000e0f00000|100%|HC|  |TAMS 0x00000000e0f00000, 0x00000000e0f00000| Complete 
|  15|0x00000000e0f00000, 0x00000000e1000000, 0x00000000e1000000|100%|HC|  |TAMS 0x00000000e1000000, 0x00000000e1000000| Complete 
|  16|0x00000000e1000000, 0x00000000e1100000, 0x00000000e1100000|100%|HS|  |TAMS 0x00000000e1100000, 0x00000000e1100000| Complete 
|  17|0x00000000e1100000, 0x00000000e1200000, 0x00000000e1200000|100%|HC|  |TAMS 0x00000000e1200000, 0x00000000e1200000| Complete 
|  18|0x00000000e1200000, 0x00000000e1300000, 0x00000000e1300000|100%| O|  |TAMS 0x00000000e1300000, 0x00000000e1300000| Untracked 
|  19|0x00000000e1300000, 0x00000000e1400000, 0x00000000e1400000|100%| O|  |TAMS 0x00000000e1400000, 0x00000000e1400000| Untracked 
|  20|0x00000000e1400000, 0x00000000e1500000, 0x00000000e1500000|100%| O|  |TAMS 0x00000000e1500000, 0x00000000e1500000| Untracked 
|  21|0x00000000e1500000, 0x00000000e1600000, 0x00000000e1600000|100%| O|  |TAMS 0x00000000e1600000, 0x00000000e1600000| Untracked 
|  22|0x00000000e1600000, 0x00000000e1700000, 0x00000000e1700000|100%| O|  |TAMS 0x00000000e1700000, 0x00000000e1700000| Untracked 
|  23|0x00000000e1700000, 0x00000000e1800000, 0x00000000e1800000|100%| O|  |TAMS 0x00000000e1800000, 0x00000000e1800000| Untracked 
|  24|0x00000000e1800000, 0x00000000e1900000, 0x00000000e1900000|100%| O|  |TAMS 0x00000000e1900000, 0x00000000e1900000| Untracked 
|  25|0x00000000e1900000, 0x00000000e1a00000, 0x00000000e1a00000|100%| O|  |TAMS 0x00000000e1a00000, 0x00000000e1a00000| Untracked 
|  26|0x00000000e1a00000, 0x00000000e1b00000, 0x00000000e1b00000|100%| O|  |TAMS 0x00000000e1b00000, 0x00000000e1b00000| Untracked 
|  27|0x00000000e1b00000, 0x00000000e1c00000, 0x00000000e1c00000|100%| O|  |TAMS 0x00000000e1c00000, 0x00000000e1c00000| Untracked 
|  28|0x00000000e1c00000, 0x00000000e1d00000, 0x00000000e1d00000|100%| O|  |TAMS 0x00000000e1d00000, 0x00000000e1d00000| Untracked 
|  29|0x00000000e1d00000, 0x00000000e1e00000, 0x00000000e1e00000|100%| O|  |TAMS 0x00000000e1e00000, 0x00000000e1e00000| Untracked 
|  30|0x00000000e1e00000, 0x00000000e1f00000, 0x00000000e1f00000|100%| O|  |TAMS 0x00000000e1f00000, 0x00000000e1f00000| Untracked 
|  31|0x00000000e1f00000, 0x00000000e2000000, 0x00000000e2000000|100%| O|  |TAMS 0x00000000e2000000, 0x00000000e2000000| Untracked 
|  32|0x00000000e2000000, 0x00000000e2100000, 0x00000000e2100000|100%| O|  |TAMS 0x00000000e2100000, 0x00000000e2100000| Untracked 
|  33|0x00000000e2100000, 0x00000000e2200000, 0x00000000e2200000|100%| O|  |TAMS 0x00000000e2200000, 0x00000000e2200000| Untracked 
|  34|0x00000000e2200000, 0x00000000e2300000, 0x00000000e2300000|100%| O|  |TAMS 0x00000000e2300000, 0x00000000e2300000| Untracked 
|  35|0x00000000e2300000, 0x00000000e2400000, 0x00000000e2400000|100%| O|  |TAMS 0x00000000e2400000, 0x00000000e2400000| Untracked 
|  36|0x00000000e2400000, 0x00000000e2500000, 0x00000000e2500000|100%| O|  |TAMS 0x00000000e2500000, 0x00000000e2500000| Untracked 
|  37|0x00000000e2500000, 0x00000000e2600000, 0x00000000e2600000|100%| O|  |TAMS 0x00000000e2600000, 0x00000000e2600000| Untracked 
|  38|0x00000000e2600000, 0x00000000e2700000, 0x00000000e2700000|100%| O|  |TAMS 0x00000000e2700000, 0x00000000e2700000| Untracked 
|  39|0x00000000e2700000, 0x00000000e2800000, 0x00000000e2800000|100%| O|  |TAMS 0x00000000e2800000, 0x00000000e2800000| Untracked 
|  40|0x00000000e2800000, 0x00000000e2900000, 0x00000000e2900000|100%| O|  |TAMS 0x00000000e2900000, 0x00000000e2900000| Untracked 
|  41|0x00000000e2900000, 0x00000000e2a00000, 0x00000000e2a00000|100%| O|  |TAMS 0x00000000e2a00000, 0x00000000e2a00000| Untracked 
|  42|0x00000000e2a00000, 0x00000000e2b00000, 0x00000000e2b00000|100%| O|  |TAMS 0x00000000e2b00000, 0x00000000e2b00000| Untracked 
|  43|0x00000000e2b00000, 0x00000000e2c00000, 0x00000000e2c00000|100%| O|  |TAMS 0x00000000e2c00000, 0x00000000e2c00000| Untracked 
|  44|0x00000000e2c00000, 0x00000000e2d00000, 0x00000000e2d00000|100%| O|  |TAMS 0x00000000e2d00000, 0x00000000e2d00000| Untracked 
|  45|0x00000000e2d00000, 0x00000000e2e00000, 0x00000000e2e00000|100%| O|  |TAMS 0x00000000e2e00000, 0x00000000e2e00000| Untracked 
|  46|0x00000000e2e00000, 0x00000000e2f00000, 0x00000000e2f00000|100%| O|  |TAMS 0x00000000e2f00000, 0x00000000e2f00000| Untracked 
|  47|0x00000000e2f00000, 0x00000000e3000000, 0x00000000e3000000|100%| O|  |TAMS 0x00000000e3000000, 0x00000000e3000000| Untracked 
|  48|0x00000000e3000000, 0x00000000e3100000, 0x00000000e3100000|100%| O|  |TAMS 0x00000000e3100000, 0x00000000e3100000| Untracked 
|  49|0x00000000e3100000, 0x00000000e3200000, 0x00000000e3200000|100%| O|  |TAMS 0x00000000e3200000, 0x00000000e3200000| Untracked 
|  50|0x00000000e3200000, 0x00000000e3300000, 0x00000000e3300000|100%| O|  |TAMS 0x00000000e3300000, 0x00000000e3300000| Untracked 
|  51|0x00000000e3300000, 0x00000000e3400000, 0x00000000e3400000|100%| O|  |TAMS 0x00000000e3400000, 0x00000000e3400000| Untracked 
|  52|0x00000000e3400000, 0x00000000e3500000, 0x00000000e3500000|100%| O|  |TAMS 0x00000000e3500000, 0x00000000e3500000| Untracked 
|  53|0x00000000e3500000, 0x00000000e3600000, 0x00000000e3600000|100%| O|  |TAMS 0x00000000e3600000, 0x00000000e3600000| Untracked 
|  54|0x00000000e3600000, 0x00000000e3700000, 0x00000000e3700000|100%| O|  |TAMS 0x00000000e3700000, 0x00000000e3700000| Untracked 
|  55|0x00000000e3700000, 0x00000000e3800000, 0x00000000e3800000|100%| O|  |TAMS 0x00000000e3800000, 0x00000000e3800000| Untracked 
|  56|0x00000000e3800000, 0x00000000e3900000, 0x00000000e3900000|100%| O|  |TAMS 0x00000000e3900000, 0x00000000e3900000| Untracked 
|  57|0x00000000e3900000, 0x00000000e3a00000, 0x00000000e3a00000|100%| O|  |TAMS 0x00000000e3a00000, 0x00000000e3a00000| Untracked 
|  58|0x00000000e3a00000, 0x00000000e3b00000, 0x00000000e3b00000|100%|HS|  |TAMS 0x00000000e3b00000, 0x00000000e3b00000| Complete 
|  59|0x00000000e3b00000, 0x00000000e3c00000, 0x00000000e3c00000|100%|HC|  |TAMS 0x00000000e3c00000, 0x00000000e3c00000| Complete 
|  60|0x00000000e3c00000, 0x00000000e3d00000, 0x00000000e3d00000|100%|HC|  |TAMS 0x00000000e3d00000, 0x00000000e3d00000| Complete 
|  61|0x00000000e3d00000, 0x00000000e3e00000, 0x00000000e3e00000|100%| O|  |TAMS 0x00000000e3e00000, 0x00000000e3e00000| Untracked 
|  62|0x00000000e3e00000, 0x00000000e3f00000, 0x00000000e3f00000|100%| O|  |TAMS 0x00000000e3f00000, 0x00000000e3f00000| Untracked 
|  63|0x00000000e3f00000, 0x00000000e4000000, 0x00000000e4000000|100%| O|  |TAMS 0x00000000e4000000, 0x00000000e4000000| Untracked 
|  64|0x00000000e4000000, 0x00000000e4100000, 0x00000000e4100000|100%| O|  |TAMS 0x00000000e4100000, 0x00000000e4100000| Untracked 
|  65|0x00000000e4100000, 0x00000000e4200000, 0x00000000e4200000|100%| O|  |TAMS 0x00000000e4200000, 0x00000000e4200000| Untracked 
|  66|0x00000000e4200000, 0x00000000e4300000, 0x00000000e4300000|100%| O|  |TAMS 0x00000000e4300000, 0x00000000e4300000| Untracked 
|  67|0x00000000e4300000, 0x00000000e4400000, 0x00000000e4400000|100%| O|  |TAMS 0x00000000e4300000, 0x00000000e4400000| Untracked 
|  68|0x00000000e4400000, 0x00000000e4500000, 0x00000000e4500000|100%| O|  |TAMS 0x00000000e4500000, 0x00000000e4500000| Untracked 
|  69|0x00000000e4500000, 0x00000000e4600000, 0x00000000e4600000|100%| O|  |TAMS 0x00000000e4600000, 0x00000000e4600000| Untracked 
|  70|0x00000000e4600000, 0x00000000e4700000, 0x00000000e4700000|100%| O|  |TAMS 0x00000000e4700000, 0x00000000e4700000| Untracked 
|  71|0x00000000e4700000, 0x00000000e4800000, 0x00000000e4800000|100%| O|  |TAMS 0x00000000e4800000, 0x00000000e4800000| Untracked 
|  72|0x00000000e4800000, 0x00000000e4900000, 0x00000000e4900000|100%| O|  |TAMS 0x00000000e4900000, 0x00000000e4900000| Untracked 
|  73|0x00000000e4900000, 0x00000000e4a00000, 0x00000000e4a00000|100%| O|  |TAMS 0x00000000e4a00000, 0x00000000e4a00000| Untracked 
|  74|0x00000000e4a00000, 0x00000000e4b00000, 0x00000000e4b00000|100%| O|  |TAMS 0x00000000e4b00000, 0x00000000e4b00000| Untracked 
|  75|0x00000000e4b00000, 0x00000000e4c00000, 0x00000000e4c00000|100%| O|  |TAMS 0x00000000e4c00000, 0x00000000e4c00000| Untracked 
|  76|0x00000000e4c00000, 0x00000000e4d00000, 0x00000000e4d00000|100%| O|  |TAMS 0x00000000e4c93400, 0x00000000e4d00000| Untracked 
|  77|0x00000000e4d00000, 0x00000000e4e00000, 0x00000000e4e00000|100%| O|  |TAMS 0x00000000e4e00000, 0x00000000e4e00000| Untracked 
|  78|0x00000000e4e00000, 0x00000000e4f00000, 0x00000000e4f00000|100%| O|  |TAMS 0x00000000e4f00000, 0x00000000e4f00000| Untracked 
|  79|0x00000000e4f00000, 0x00000000e5000000, 0x00000000e5000000|100%| O|  |TAMS 0x00000000e5000000, 0x00000000e5000000| Untracked 
|  80|0x00000000e5000000, 0x00000000e5100000, 0x00000000e5100000|100%| O|  |TAMS 0x00000000e5100000, 0x00000000e5100000| Untracked 
|  81|0x00000000e5100000, 0x00000000e5200000, 0x00000000e5200000|100%|HS|  |TAMS 0x00000000e5100000, 0x00000000e5100000| Complete 
|  82|0x00000000e5200000, 0x00000000e5300000, 0x00000000e5300000|100%|HC|  |TAMS 0x00000000e5200000, 0x00000000e5200000| Complete 
|  83|0x00000000e5300000, 0x00000000e5400000, 0x00000000e5400000|100%| O|  |TAMS 0x00000000e5400000, 0x00000000e5400000| Untracked 
|  84|0x00000000e5400000, 0x00000000e5500000, 0x00000000e5500000|100%| O|  |TAMS 0x00000000e5500000, 0x00000000e5500000| Untracked 
|  85|0x00000000e5500000, 0x00000000e5600000, 0x00000000e5600000|100%| O|  |TAMS 0x00000000e5600000, 0x00000000e5600000| Untracked 
|  86|0x00000000e5600000, 0x00000000e5700000, 0x00000000e5700000|100%| O|  |TAMS 0x00000000e5700000, 0x00000000e5700000| Untracked 
|  87|0x00000000e5700000, 0x00000000e5800000, 0x00000000e5800000|100%| O|  |TAMS 0x00000000e5800000, 0x00000000e5800000| Untracked 
|  88|0x00000000e5800000, 0x00000000e5900000, 0x00000000e5900000|100%| O|  |TAMS 0x00000000e5900000, 0x00000000e5900000| Untracked 
|  89|0x00000000e5900000, 0x00000000e5a00000, 0x00000000e5a00000|100%| O|  |TAMS 0x00000000e5a00000, 0x00000000e5a00000| Untracked 
|  90|0x00000000e5a00000, 0x00000000e5b00000, 0x00000000e5b00000|100%| O|  |TAMS 0x00000000e5b00000, 0x00000000e5b00000| Untracked 
|  91|0x00000000e5b00000, 0x00000000e5c00000, 0x00000000e5c00000|100%| O|  |TAMS 0x00000000e5b00000, 0x00000000e5c00000| Untracked 
|  92|0x00000000e5c00000, 0x00000000e5d00000, 0x00000000e5d00000|100%| O|  |TAMS 0x00000000e5d00000, 0x00000000e5d00000| Untracked 
|  93|0x00000000e5d00000, 0x00000000e5e00000, 0x00000000e5e00000|100%| O|  |TAMS 0x00000000e5e00000, 0x00000000e5e00000| Untracked 
|  94|0x00000000e5e00000, 0x00000000e5f00000, 0x00000000e5f00000|100%| O|  |TAMS 0x00000000e5f00000, 0x00000000e5f00000| Untracked 
|  95|0x00000000e5f00000, 0x00000000e6000000, 0x00000000e6000000|100%| O|  |TAMS 0x00000000e6000000, 0x00000000e6000000| Untracked 
|  96|0x00000000e6000000, 0x00000000e6100000, 0x00000000e6100000|100%| O|  |TAMS 0x00000000e6100000, 0x00000000e6100000| Untracked 
|  97|0x00000000e6100000, 0x00000000e6200000, 0x00000000e6200000|100%| O|  |TAMS 0x00000000e6100000, 0x00000000e6200000| Untracked 
|  98|0x00000000e6200000, 0x00000000e6300000, 0x00000000e6300000|100%| O|  |TAMS 0x00000000e6300000, 0x00000000e6300000| Untracked 
|  99|0x00000000e6300000, 0x00000000e6400000, 0x00000000e6400000|100%| O|  |TAMS 0x00000000e6400000, 0x00000000e6400000| Untracked 
| 100|0x00000000e6400000, 0x00000000e6500000, 0x00000000e6500000|100%| O|  |TAMS 0x00000000e6500000, 0x00000000e6500000| Untracked 
| 101|0x00000000e6500000, 0x00000000e6600000, 0x00000000e6600000|100%| O|  |TAMS 0x00000000e6600000, 0x00000000e6600000| Untracked 
| 102|0x00000000e6600000, 0x00000000e6700000, 0x00000000e6700000|100%| O|  |TAMS 0x00000000e6700000, 0x00000000e6700000| Untracked 
| 103|0x00000000e6700000, 0x00000000e6800000, 0x00000000e6800000|100%| O|  |TAMS 0x00000000e6700000, 0x00000000e6800000| Untracked 
| 104|0x00000000e6800000, 0x00000000e6900000, 0x00000000e6900000|100%| O|  |TAMS 0x00000000e6800000, 0x00000000e6900000| Untracked 
| 105|0x00000000e6900000, 0x00000000e6a00000, 0x00000000e6a00000|100%| O|  |TAMS 0x00000000e6a00000, 0x00000000e6a00000| Untracked 
| 106|0x00000000e6a00000, 0x00000000e6b00000, 0x00000000e6b00000|100%| O|  |TAMS 0x00000000e6b00000, 0x00000000e6b00000| Untracked 
| 107|0x00000000e6b00000, 0x00000000e6c00000, 0x00000000e6c00000|100%| O|  |TAMS 0x00000000e6c00000, 0x00000000e6c00000| Untracked 
| 108|0x00000000e6c00000, 0x00000000e6d00000, 0x00000000e6d00000|100%| O|  |TAMS 0x00000000e6d00000, 0x00000000e6d00000| Untracked 
| 109|0x00000000e6d00000, 0x00000000e6e00000, 0x00000000e6e00000|100%| O|  |TAMS 0x00000000e6e00000, 0x00000000e6e00000| Untracked 
| 110|0x00000000e6e00000, 0x00000000e6f00000, 0x00000000e6f00000|100%| O|  |TAMS 0x00000000e6f00000, 0x00000000e6f00000| Untracked 
| 111|0x00000000e6f00000, 0x00000000e6fee000, 0x00000000e7000000| 92%| O|  |TAMS 0x00000000e6f00000, 0x00000000e6fee000| Untracked 
| 112|0x00000000e7000000, 0x00000000e7000000, 0x00000000e7100000|  0%| F|  |TAMS 0x00000000e7000000, 0x00000000e7000000| Untracked 
| 113|0x00000000e7100000, 0x00000000e7100000, 0x00000000e7200000|  0%| F|  |TAMS 0x00000000e7100000, 0x00000000e7100000| Untracked 
| 114|0x00000000e7200000, 0x00000000e7200000, 0x00000000e7300000|  0%| F|  |TAMS 0x00000000e7200000, 0x00000000e7200000| Untracked 
| 115|0x00000000e7300000, 0x00000000e7400000, 0x00000000e7400000|100%| O|  |TAMS 0x00000000e7400000, 0x00000000e7400000| Untracked 
| 116|0x00000000e7400000, 0x00000000e7500000, 0x00000000e7500000|100%| O|  |TAMS 0x00000000e7500000, 0x00000000e7500000| Untracked 
| 117|0x00000000e7500000, 0x00000000e7600000, 0x00000000e7600000|100%| O|  |TAMS 0x00000000e7600000, 0x00000000e7600000| Untracked 
| 118|0x00000000e7600000, 0x00000000e7700000, 0x00000000e7700000|100%| O|  |TAMS 0x00000000e7700000, 0x00000000e7700000| Untracked 
| 119|0x00000000e7700000, 0x00000000e7800000, 0x00000000e7800000|100%| O|  |TAMS 0x00000000e7800000, 0x00000000e7800000| Untracked 
| 120|0x00000000e7800000, 0x00000000e7900000, 0x00000000e7900000|100%| O|  |TAMS 0x00000000e7900000, 0x00000000e7900000| Untracked 
| 121|0x00000000e7900000, 0x00000000e7a00000, 0x00000000e7a00000|100%| O|  |TAMS 0x00000000e7a00000, 0x00000000e7a00000| Untracked 
| 122|0x00000000e7a00000, 0x00000000e7a00000, 0x00000000e7b00000|  0%| F|  |TAMS 0x00000000e7a00000, 0x00000000e7a00000| Untracked 
| 123|0x00000000e7b00000, 0x00000000e7b00000, 0x00000000e7c00000|  0%| F|  |TAMS 0x00000000e7b00000, 0x00000000e7b00000| Untracked 
| 124|0x00000000e7c00000, 0x00000000e7d00000, 0x00000000e7d00000|100%| O|  |TAMS 0x00000000e7d00000, 0x00000000e7d00000| Untracked 
| 125|0x00000000e7d00000, 0x00000000e7e00000, 0x00000000e7e00000|100%| O|  |TAMS 0x00000000e7e00000, 0x00000000e7e00000| Untracked 
| 126|0x00000000e7e00000, 0x00000000e7f00000, 0x00000000e7f00000|100%| O|  |TAMS 0x00000000e7f00000, 0x00000000e7f00000| Untracked 
| 127|0x00000000e7f00000, 0x00000000e8000000, 0x00000000e8000000|100%| O|  |TAMS 0x00000000e8000000, 0x00000000e8000000| Untracked 
| 128|0x00000000e8000000, 0x00000000e8100000, 0x00000000e8100000|100%| O|  |TAMS 0x00000000e8100000, 0x00000000e8100000| Untracked 
| 129|0x00000000e8100000, 0x00000000e8100000, 0x00000000e8200000|  0%| F|  |TAMS 0x00000000e8100000, 0x00000000e8100000| Untracked 
| 130|0x00000000e8200000, 0x00000000e8300000, 0x00000000e8300000|100%| O|  |TAMS 0x00000000e8300000, 0x00000000e8300000| Untracked 
| 131|0x00000000e8300000, 0x00000000e8400000, 0x00000000e8400000|100%| O|  |TAMS 0x00000000e8400000, 0x00000000e8400000| Untracked 
| 132|0x00000000e8400000, 0x00000000e8500000, 0x00000000e8500000|100%| O|  |TAMS 0x00000000e8500000, 0x00000000e8500000| Untracked 
| 133|0x00000000e8500000, 0x00000000e8500000, 0x00000000e8600000|  0%| F|  |TAMS 0x00000000e8500000, 0x00000000e8500000| Untracked 
| 134|0x00000000e8600000, 0x00000000e8600000, 0x00000000e8700000|  0%| F|  |TAMS 0x00000000e8600000, 0x00000000e8600000| Untracked 
| 135|0x00000000e8700000, 0x00000000e8700000, 0x00000000e8800000|  0%| F|  |TAMS 0x00000000e8700000, 0x00000000e8700000| Untracked 
| 136|0x00000000e8800000, 0x00000000e8900000, 0x00000000e8900000|100%| O|  |TAMS 0x00000000e8900000, 0x00000000e8900000| Untracked 
| 137|0x00000000e8900000, 0x00000000e8900000, 0x00000000e8a00000|  0%| F|  |TAMS 0x00000000e8900000, 0x00000000e8900000| Untracked 
| 138|0x00000000e8a00000, 0x00000000e8a00000, 0x00000000e8b00000|  0%| F|  |TAMS 0x00000000e8a00000, 0x00000000e8a00000| Untracked 
| 139|0x00000000e8b00000, 0x00000000e8b00000, 0x00000000e8c00000|  0%| F|  |TAMS 0x00000000e8b00000, 0x00000000e8b00000| Untracked 
| 140|0x00000000e8c00000, 0x00000000e8c00000, 0x00000000e8d00000|  0%| F|  |TAMS 0x00000000e8c00000, 0x00000000e8c00000| Untracked 
| 141|0x00000000e8d00000, 0x00000000e8d00000, 0x00000000e8e00000|  0%| F|  |TAMS 0x00000000e8d00000, 0x00000000e8d00000| Untracked 
| 142|0x00000000e8e00000, 0x00000000e8e00000, 0x00000000e8f00000|  0%| F|  |TAMS 0x00000000e8e00000, 0x00000000e8e00000| Untracked 
| 143|0x00000000e8f00000, 0x00000000e8f00000, 0x00000000e9000000|  0%| F|  |TAMS 0x00000000e8f00000, 0x00000000e8f00000| Untracked 
| 144|0x00000000e9000000, 0x00000000e9000000, 0x00000000e9100000|  0%| F|  |TAMS 0x00000000e9000000, 0x00000000e9000000| Untracked 
| 145|0x00000000e9100000, 0x00000000e9100000, 0x00000000e9200000|  0%| F|  |TAMS 0x00000000e9100000, 0x00000000e9100000| Untracked 
| 146|0x00000000e9200000, 0x00000000e9200000, 0x00000000e9300000|  0%| F|  |TAMS 0x00000000e9200000, 0x00000000e9200000| Untracked 
| 147|0x00000000e9300000, 0x00000000e9300000, 0x00000000e9400000|  0%| F|  |TAMS 0x00000000e9300000, 0x00000000e9300000| Untracked 
| 148|0x00000000e9400000, 0x00000000e9400000, 0x00000000e9500000|  0%| F|  |TAMS 0x00000000e9400000, 0x00000000e9400000| Untracked 
| 149|0x00000000e9500000, 0x00000000e9500000, 0x00000000e9600000|  0%| F|  |TAMS 0x00000000e9500000, 0x00000000e9500000| Untracked 
| 150|0x00000000e9600000, 0x00000000e9600000, 0x00000000e9700000|  0%| F|  |TAMS 0x00000000e9600000, 0x00000000e9600000| Untracked 
| 151|0x00000000e9700000, 0x00000000e9700000, 0x00000000e9800000|  0%| F|  |TAMS 0x00000000e9700000, 0x00000000e9700000| Untracked 
| 152|0x00000000e9800000, 0x00000000e9800000, 0x00000000e9900000|  0%| F|  |TAMS 0x00000000e9800000, 0x00000000e9800000| Untracked 
| 153|0x00000000e9900000, 0x00000000e9900000, 0x00000000e9a00000|  0%| F|  |TAMS 0x00000000e9900000, 0x00000000e9900000| Untracked 
| 154|0x00000000e9a00000, 0x00000000e9a00000, 0x00000000e9b00000|  0%| F|  |TAMS 0x00000000e9a00000, 0x00000000e9a00000| Untracked 
| 155|0x00000000e9b00000, 0x00000000e9b00000, 0x00000000e9c00000|  0%| F|  |TAMS 0x00000000e9b00000, 0x00000000e9b00000| Untracked 
| 156|0x00000000e9c00000, 0x00000000e9c00000, 0x00000000e9d00000|  0%| F|  |TAMS 0x00000000e9c00000, 0x00000000e9c00000| Untracked 
| 157|0x00000000e9d00000, 0x00000000e9d00000, 0x00000000e9e00000|  0%| F|  |TAMS 0x00000000e9d00000, 0x00000000e9d00000| Untracked 
| 158|0x00000000e9e00000, 0x00000000e9e00000, 0x00000000e9f00000|  0%| F|  |TAMS 0x00000000e9e00000, 0x00000000e9e00000| Untracked 
| 159|0x00000000e9f00000, 0x00000000e9f00000, 0x00000000ea000000|  0%| F|  |TAMS 0x00000000e9f00000, 0x00000000e9f00000| Untracked 
| 160|0x00000000ea000000, 0x00000000ea000000, 0x00000000ea100000|  0%| F|  |TAMS 0x00000000ea000000, 0x00000000ea000000| Untracked 
| 161|0x00000000ea100000, 0x00000000ea100000, 0x00000000ea200000|  0%| F|  |TAMS 0x00000000ea100000, 0x00000000ea100000| Untracked 
| 162|0x00000000ea200000, 0x00000000ea200000, 0x00000000ea300000|  0%| F|  |TAMS 0x00000000ea200000, 0x00000000ea200000| Untracked 
| 163|0x00000000ea300000, 0x00000000ea300000, 0x00000000ea400000|  0%| F|  |TAMS 0x00000000ea300000, 0x00000000ea300000| Untracked 
| 164|0x00000000ea400000, 0x00000000ea400000, 0x00000000ea500000|  0%| F|  |TAMS 0x00000000ea400000, 0x00000000ea400000| Untracked 
| 165|0x00000000ea500000, 0x00000000ea500000, 0x00000000ea600000|  0%| F|  |TAMS 0x00000000ea500000, 0x00000000ea500000| Untracked 
| 166|0x00000000ea600000, 0x00000000ea600000, 0x00000000ea700000|  0%| F|  |TAMS 0x00000000ea600000, 0x00000000ea600000| Untracked 
| 167|0x00000000ea700000, 0x00000000ea700000, 0x00000000ea800000|  0%| F|  |TAMS 0x00000000ea700000, 0x00000000ea700000| Untracked 
| 168|0x00000000ea800000, 0x00000000ea800000, 0x00000000ea900000|  0%| F|  |TAMS 0x00000000ea800000, 0x00000000ea800000| Untracked 
| 169|0x00000000ea900000, 0x00000000ea900000, 0x00000000eaa00000|  0%| F|  |TAMS 0x00000000ea900000, 0x00000000ea900000| Untracked 
| 170|0x00000000eaa00000, 0x00000000eaa00000, 0x00000000eab00000|  0%| F|  |TAMS 0x00000000eaa00000, 0x00000000eaa00000| Untracked 
| 171|0x00000000eab00000, 0x00000000eab00000, 0x00000000eac00000|  0%| F|  |TAMS 0x00000000eab00000, 0x00000000eab00000| Untracked 
| 172|0x00000000eac00000, 0x00000000eac00000, 0x00000000ead00000|  0%| F|  |TAMS 0x00000000eac00000, 0x00000000eac00000| Untracked 
| 173|0x00000000ead00000, 0x00000000ead00000, 0x00000000eae00000|  0%| F|  |TAMS 0x00000000ead00000, 0x00000000ead00000| Untracked 
| 174|0x00000000eae00000, 0x00000000eae00000, 0x00000000eaf00000|  0%| F|  |TAMS 0x00000000eae00000, 0x00000000eae00000| Untracked 
| 175|0x00000000eaf00000, 0x00000000eaf00000, 0x00000000eb000000|  0%| F|  |TAMS 0x00000000eaf00000, 0x00000000eaf00000| Untracked 
| 176|0x00000000eb000000, 0x00000000eb000000, 0x00000000eb100000|  0%| F|  |TAMS 0x00000000eb000000, 0x00000000eb000000| Untracked 
| 177|0x00000000eb100000, 0x00000000eb100000, 0x00000000eb200000|  0%| F|  |TAMS 0x00000000eb100000, 0x00000000eb100000| Untracked 
| 178|0x00000000eb200000, 0x00000000eb200000, 0x00000000eb300000|  0%| F|  |TAMS 0x00000000eb200000, 0x00000000eb200000| Untracked 
| 179|0x00000000eb300000, 0x00000000eb300000, 0x00000000eb400000|  0%| F|  |TAMS 0x00000000eb300000, 0x00000000eb300000| Untracked 
| 180|0x00000000eb400000, 0x00000000eb400000, 0x00000000eb500000|  0%| F|  |TAMS 0x00000000eb400000, 0x00000000eb400000| Untracked 
| 181|0x00000000eb500000, 0x00000000eb500000, 0x00000000eb600000|  0%| F|  |TAMS 0x00000000eb500000, 0x00000000eb500000| Untracked 
| 182|0x00000000eb600000, 0x00000000eb600000, 0x00000000eb700000|  0%| F|  |TAMS 0x00000000eb600000, 0x00000000eb600000| Untracked 
| 183|0x00000000eb700000, 0x00000000eb700000, 0x00000000eb800000|  0%| F|  |TAMS 0x00000000eb700000, 0x00000000eb700000| Untracked 
| 184|0x00000000eb800000, 0x00000000eb800000, 0x00000000eb900000|  0%| F|  |TAMS 0x00000000eb800000, 0x00000000eb800000| Untracked 
| 185|0x00000000eb900000, 0x00000000eb900000, 0x00000000eba00000|  0%| F|  |TAMS 0x00000000eb900000, 0x00000000eb900000| Untracked 
| 186|0x00000000eba00000, 0x00000000eba00000, 0x00000000ebb00000|  0%| F|  |TAMS 0x00000000eba00000, 0x00000000eba00000| Untracked 
| 187|0x00000000ebb00000, 0x00000000ebb00000, 0x00000000ebc00000|  0%| F|  |TAMS 0x00000000ebb00000, 0x00000000ebb00000| Untracked 
| 188|0x00000000ebc00000, 0x00000000ebc00000, 0x00000000ebd00000|  0%| F|  |TAMS 0x00000000ebc00000, 0x00000000ebc00000| Untracked 
| 189|0x00000000ebd00000, 0x00000000ebd00000, 0x00000000ebe00000|  0%| F|  |TAMS 0x00000000ebd00000, 0x00000000ebd00000| Untracked 
| 190|0x00000000ebe00000, 0x00000000ebe00000, 0x00000000ebf00000|  0%| F|  |TAMS 0x00000000ebe00000, 0x00000000ebe00000| Untracked 
| 191|0x00000000ebf00000, 0x00000000ebf00000, 0x00000000ec000000|  0%| F|  |TAMS 0x00000000ebf00000, 0x00000000ebf00000| Untracked 
| 192|0x00000000ec000000, 0x00000000ec000000, 0x00000000ec100000|  0%| F|  |TAMS 0x00000000ec000000, 0x00000000ec000000| Untracked 
| 193|0x00000000ec100000, 0x00000000ec100000, 0x00000000ec200000|  0%| F|  |TAMS 0x00000000ec100000, 0x00000000ec100000| Untracked 
| 194|0x00000000ec200000, 0x00000000ec200000, 0x00000000ec300000|  0%| F|  |TAMS 0x00000000ec200000, 0x00000000ec200000| Untracked 
| 195|0x00000000ec300000, 0x00000000ec300000, 0x00000000ec400000|  0%| F|  |TAMS 0x00000000ec300000, 0x00000000ec300000| Untracked 
| 196|0x00000000ec400000, 0x00000000ec400000, 0x00000000ec500000|  0%| F|  |TAMS 0x00000000ec400000, 0x00000000ec400000| Untracked 
| 197|0x00000000ec500000, 0x00000000ec500000, 0x00000000ec600000|  0%| F|  |TAMS 0x00000000ec500000, 0x00000000ec500000| Untracked 
| 198|0x00000000ec600000, 0x00000000ec600000, 0x00000000ec700000|  0%| F|  |TAMS 0x00000000ec600000, 0x00000000ec600000| Untracked 
| 199|0x00000000ec700000, 0x00000000ec700000, 0x00000000ec800000|  0%| F|  |TAMS 0x00000000ec700000, 0x00000000ec700000| Untracked 
| 200|0x00000000ec800000, 0x00000000ec800000, 0x00000000ec900000|  0%| F|  |TAMS 0x00000000ec800000, 0x00000000ec800000| Untracked 
| 201|0x00000000ec900000, 0x00000000ec900000, 0x00000000eca00000|  0%| F|  |TAMS 0x00000000ec900000, 0x00000000ec900000| Untracked 
| 202|0x00000000eca00000, 0x00000000eca00000, 0x00000000ecb00000|  0%| F|  |TAMS 0x00000000eca00000, 0x00000000eca00000| Untracked 
| 203|0x00000000ecb00000, 0x00000000ecb00000, 0x00000000ecc00000|  0%| F|  |TAMS 0x00000000ecb00000, 0x00000000ecb00000| Untracked 
| 204|0x00000000ecc00000, 0x00000000ecc00000, 0x00000000ecd00000|  0%| F|  |TAMS 0x00000000ecc00000, 0x00000000ecc00000| Untracked 
| 205|0x00000000ecd00000, 0x00000000ecd00000, 0x00000000ece00000|  0%| F|  |TAMS 0x00000000ecd00000, 0x00000000ecd00000| Untracked 
| 206|0x00000000ece00000, 0x00000000ece00000, 0x00000000ecf00000|  0%| F|  |TAMS 0x00000000ece00000, 0x00000000ece00000| Untracked 
| 207|0x00000000ecf00000, 0x00000000ecf00000, 0x00000000ed000000|  0%| F|  |TAMS 0x00000000ecf00000, 0x00000000ecf00000| Untracked 
| 208|0x00000000ed000000, 0x00000000ed000000, 0x00000000ed100000|  0%| F|  |TAMS 0x00000000ed000000, 0x00000000ed000000| Untracked 
| 209|0x00000000ed100000, 0x00000000ed100000, 0x00000000ed200000|  0%| F|  |TAMS 0x00000000ed100000, 0x00000000ed100000| Untracked 
| 210|0x00000000ed200000, 0x00000000ed200000, 0x00000000ed300000|  0%| F|  |TAMS 0x00000000ed200000, 0x00000000ed200000| Untracked 
| 211|0x00000000ed300000, 0x00000000ed300000, 0x00000000ed400000|  0%| F|  |TAMS 0x00000000ed300000, 0x00000000ed300000| Untracked 
| 212|0x00000000ed400000, 0x00000000ed400000, 0x00000000ed500000|  0%| F|  |TAMS 0x00000000ed400000, 0x00000000ed400000| Untracked 
| 213|0x00000000ed500000, 0x00000000ed500000, 0x00000000ed600000|  0%| F|  |TAMS 0x00000000ed500000, 0x00000000ed500000| Untracked 
| 214|0x00000000ed600000, 0x00000000ed600000, 0x00000000ed700000|  0%| F|  |TAMS 0x00000000ed600000, 0x00000000ed600000| Untracked 
| 215|0x00000000ed700000, 0x00000000ed700000, 0x00000000ed800000|  0%| F|  |TAMS 0x00000000ed700000, 0x00000000ed700000| Untracked 
| 216|0x00000000ed800000, 0x00000000ed800000, 0x00000000ed900000|  0%| F|  |TAMS 0x00000000ed800000, 0x00000000ed800000| Untracked 
| 217|0x00000000ed900000, 0x00000000ed900000, 0x00000000eda00000|  0%| F|  |TAMS 0x00000000ed900000, 0x00000000ed900000| Untracked 
| 218|0x00000000eda00000, 0x00000000eda00000, 0x00000000edb00000|  0%| F|  |TAMS 0x00000000eda00000, 0x00000000eda00000| Untracked 
| 219|0x00000000edb00000, 0x00000000edb00000, 0x00000000edc00000|  0%| F|  |TAMS 0x00000000edb00000, 0x00000000edb00000| Untracked 
| 220|0x00000000edc00000, 0x00000000edc00000, 0x00000000edd00000|  0%| F|  |TAMS 0x00000000edc00000, 0x00000000edc00000| Untracked 
| 221|0x00000000edd00000, 0x00000000edd00000, 0x00000000ede00000|  0%| F|  |TAMS 0x00000000edd00000, 0x00000000edd00000| Untracked 
| 222|0x00000000ede00000, 0x00000000ede00000, 0x00000000edf00000|  0%| F|  |TAMS 0x00000000ede00000, 0x00000000ede00000| Untracked 
| 223|0x00000000edf00000, 0x00000000edf00000, 0x00000000ee000000|  0%| F|  |TAMS 0x00000000edf00000, 0x00000000edf00000| Untracked 
| 224|0x00000000ee000000, 0x00000000ee000000, 0x00000000ee100000|  0%| F|  |TAMS 0x00000000ee000000, 0x00000000ee000000| Untracked 
| 225|0x00000000ee100000, 0x00000000ee100000, 0x00000000ee200000|  0%| F|  |TAMS 0x00000000ee100000, 0x00000000ee100000| Untracked 
| 226|0x00000000ee200000, 0x00000000ee200000, 0x00000000ee300000|  0%| F|  |TAMS 0x00000000ee200000, 0x00000000ee200000| Untracked 
| 227|0x00000000ee300000, 0x00000000ee300000, 0x00000000ee400000|  0%| F|  |TAMS 0x00000000ee300000, 0x00000000ee300000| Untracked 
| 228|0x00000000ee400000, 0x00000000ee400000, 0x00000000ee500000|  0%| F|  |TAMS 0x00000000ee400000, 0x00000000ee400000| Untracked 
| 229|0x00000000ee500000, 0x00000000ee500000, 0x00000000ee600000|  0%| F|  |TAMS 0x00000000ee500000, 0x00000000ee500000| Untracked 
| 230|0x00000000ee600000, 0x00000000ee600000, 0x00000000ee700000|  0%| F|  |TAMS 0x00000000ee600000, 0x00000000ee600000| Untracked 
| 231|0x00000000ee700000, 0x00000000ee700000, 0x00000000ee800000|  0%| F|  |TAMS 0x00000000ee700000, 0x00000000ee700000| Untracked 
| 232|0x00000000ee800000, 0x00000000ee800000, 0x00000000ee900000|  0%| F|  |TAMS 0x00000000ee800000, 0x00000000ee800000| Untracked 
| 233|0x00000000ee900000, 0x00000000ee900000, 0x00000000eea00000|  0%| F|  |TAMS 0x00000000ee900000, 0x00000000ee900000| Untracked 
| 234|0x00000000eea00000, 0x00000000eea00000, 0x00000000eeb00000|  0%| F|  |TAMS 0x00000000eea00000, 0x00000000eea00000| Untracked 
| 235|0x00000000eeb00000, 0x00000000eeb00000, 0x00000000eec00000|  0%| F|  |TAMS 0x00000000eeb00000, 0x00000000eeb00000| Untracked 
| 236|0x00000000eec00000, 0x00000000eec00000, 0x00000000eed00000|  0%| F|  |TAMS 0x00000000eec00000, 0x00000000eec00000| Untracked 
| 237|0x00000000eed00000, 0x00000000eed00000, 0x00000000eee00000|  0%| F|  |TAMS 0x00000000eed00000, 0x00000000eed00000| Untracked 
| 238|0x00000000eee00000, 0x00000000eee00000, 0x00000000eef00000|  0%| F|  |TAMS 0x00000000eee00000, 0x00000000eee00000| Untracked 
| 239|0x00000000eef00000, 0x00000000eef00000, 0x00000000ef000000|  0%| F|  |TAMS 0x00000000eef00000, 0x00000000eef00000| Untracked 
| 240|0x00000000ef000000, 0x00000000ef000000, 0x00000000ef100000|  0%| F|  |TAMS 0x00000000ef000000, 0x00000000ef000000| Untracked 
| 241|0x00000000ef100000, 0x00000000ef100000, 0x00000000ef200000|  0%| F|  |TAMS 0x00000000ef100000, 0x00000000ef100000| Untracked 
| 242|0x00000000ef200000, 0x00000000ef200000, 0x00000000ef300000|  0%| F|  |TAMS 0x00000000ef200000, 0x00000000ef200000| Untracked 
| 243|0x00000000ef300000, 0x00000000ef300000, 0x00000000ef400000|  0%| F|  |TAMS 0x00000000ef300000, 0x00000000ef300000| Untracked 
| 244|0x00000000ef400000, 0x00000000ef500000, 0x00000000ef500000|100%| S|CS|TAMS 0x00000000ef400000, 0x00000000ef400000| Complete 
| 245|0x00000000ef500000, 0x00000000ef600000, 0x00000000ef600000|100%| S|CS|TAMS 0x00000000ef500000, 0x00000000ef500000| Complete 
| 246|0x00000000ef600000, 0x00000000ef600000, 0x00000000ef700000|  0%| F|  |TAMS 0x00000000ef600000, 0x00000000ef600000| Untracked 
| 247|0x00000000ef700000, 0x00000000ef700000, 0x00000000ef800000|  0%| F|  |TAMS 0x00000000ef700000, 0x00000000ef700000| Untracked 
| 248|0x00000000ef800000, 0x00000000ef800000, 0x00000000ef900000|  0%| F|  |TAMS 0x00000000ef800000, 0x00000000ef800000| Untracked 
| 249|0x00000000ef900000, 0x00000000ef900000, 0x00000000efa00000|  0%| F|  |TAMS 0x00000000ef900000, 0x00000000ef900000| Untracked 
| 250|0x00000000efa00000, 0x00000000efa00000, 0x00000000efb00000|  0%| F|  |TAMS 0x00000000efa00000, 0x00000000efa00000| Untracked 
| 251|0x00000000efb00000, 0x00000000efb00000, 0x00000000efc00000|  0%| F|  |TAMS 0x00000000efb00000, 0x00000000efb00000| Untracked 
| 252|0x00000000efc00000, 0x00000000efc00000, 0x00000000efd00000|  0%| F|  |TAMS 0x00000000efc00000, 0x00000000efc00000| Untracked 
| 253|0x00000000efd00000, 0x00000000efd00000, 0x00000000efe00000|  0%| F|  |TAMS 0x00000000efd00000, 0x00000000efd00000| Untracked 
| 254|0x00000000efe00000, 0x00000000efe00000, 0x00000000eff00000|  0%| F|  |TAMS 0x00000000efe00000, 0x00000000efe00000| Untracked 
| 255|0x00000000eff00000, 0x00000000eff00000, 0x00000000f0000000|  0%| F|  |TAMS 0x00000000eff00000, 0x00000000eff00000| Untracked 
| 256|0x00000000f0000000, 0x00000000f0000000, 0x00000000f0100000|  0%| F|  |TAMS 0x00000000f0000000, 0x00000000f0000000| Untracked 
| 257|0x00000000f0100000, 0x00000000f0100000, 0x00000000f0200000|  0%| F|  |TAMS 0x00000000f0100000, 0x00000000f0100000| Untracked 
| 258|0x00000000f0200000, 0x00000000f0200000, 0x00000000f0300000|  0%| F|  |TAMS 0x00000000f0200000, 0x00000000f0200000| Untracked 
| 259|0x00000000f0300000, 0x00000000f0300000, 0x00000000f0400000|  0%| F|  |TAMS 0x00000000f0300000, 0x00000000f0300000| Untracked 
| 260|0x00000000f0400000, 0x00000000f0400000, 0x00000000f0500000|  0%| F|  |TAMS 0x00000000f0400000, 0x00000000f0400000| Untracked 
| 261|0x00000000f0500000, 0x00000000f0500000, 0x00000000f0600000|  0%| F|  |TAMS 0x00000000f0500000, 0x00000000f0500000| Untracked 
| 262|0x00000000f0600000, 0x00000000f0600000, 0x00000000f0700000|  0%| F|  |TAMS 0x00000000f0600000, 0x00000000f0600000| Untracked 
| 263|0x00000000f0700000, 0x00000000f0700000, 0x00000000f0800000|  0%| F|  |TAMS 0x00000000f0700000, 0x00000000f0700000| Untracked 
| 264|0x00000000f0800000, 0x00000000f0800000, 0x00000000f0900000|  0%| F|  |TAMS 0x00000000f0800000, 0x00000000f0800000| Untracked 
| 265|0x00000000f0900000, 0x00000000f0900000, 0x00000000f0a00000|  0%| F|  |TAMS 0x00000000f0900000, 0x00000000f0900000| Untracked 
| 266|0x00000000f0a00000, 0x00000000f0a00000, 0x00000000f0b00000|  0%| F|  |TAMS 0x00000000f0a00000, 0x00000000f0a00000| Untracked 
| 267|0x00000000f0b00000, 0x00000000f0b00000, 0x00000000f0c00000|  0%| F|  |TAMS 0x00000000f0b00000, 0x00000000f0b00000| Untracked 
| 268|0x00000000f0c00000, 0x00000000f0c00000, 0x00000000f0d00000|  0%| F|  |TAMS 0x00000000f0c00000, 0x00000000f0c00000| Untracked 
| 269|0x00000000f0d00000, 0x00000000f0d00000, 0x00000000f0e00000|  0%| F|  |TAMS 0x00000000f0d00000, 0x00000000f0d00000| Untracked 
| 270|0x00000000f0e00000, 0x00000000f0e00000, 0x00000000f0f00000|  0%| F|  |TAMS 0x00000000f0e00000, 0x00000000f0e00000| Untracked 
| 271|0x00000000f0f00000, 0x00000000f0f00000, 0x00000000f1000000|  0%| F|  |TAMS 0x00000000f0f00000, 0x00000000f0f00000| Untracked 
| 272|0x00000000f1000000, 0x00000000f1000000, 0x00000000f1100000|  0%| F|  |TAMS 0x00000000f1000000, 0x00000000f1000000| Untracked 
| 273|0x00000000f1100000, 0x00000000f1100000, 0x00000000f1200000|  0%| F|  |TAMS 0x00000000f1100000, 0x00000000f1100000| Untracked 
| 274|0x00000000f1200000, 0x00000000f1200000, 0x00000000f1300000|  0%| F|  |TAMS 0x00000000f1200000, 0x00000000f1200000| Untracked 
| 275|0x00000000f1300000, 0x00000000f1300000, 0x00000000f1400000|  0%| F|  |TAMS 0x00000000f1300000, 0x00000000f1300000| Untracked 
| 276|0x00000000f1400000, 0x00000000f1400000, 0x00000000f1500000|  0%| F|  |TAMS 0x00000000f1400000, 0x00000000f1400000| Untracked 
| 277|0x00000000f1500000, 0x00000000f1500000, 0x00000000f1600000|  0%| F|  |TAMS 0x00000000f1500000, 0x00000000f1500000| Untracked 
| 278|0x00000000f1600000, 0x00000000f1680800, 0x00000000f1700000| 50%| E|  |TAMS 0x00000000f1600000, 0x00000000f1600000| Complete 
| 279|0x00000000f1700000, 0x00000000f1800000, 0x00000000f1800000|100%| E|CS|TAMS 0x00000000f1700000, 0x00000000f1700000| Complete 
| 280|0x00000000f1800000, 0x00000000f1900000, 0x00000000f1900000|100%| E|CS|TAMS 0x00000000f1800000, 0x00000000f1800000| Complete 
| 281|0x00000000f1900000, 0x00000000f1a00000, 0x00000000f1a00000|100%| E|CS|TAMS 0x00000000f1900000, 0x00000000f1900000| Complete 
| 282|0x00000000f1a00000, 0x00000000f1b00000, 0x00000000f1b00000|100%| E|CS|TAMS 0x00000000f1a00000, 0x00000000f1a00000| Complete 
| 283|0x00000000f1b00000, 0x00000000f1c00000, 0x00000000f1c00000|100%| E|CS|TAMS 0x00000000f1b00000, 0x00000000f1b00000| Complete 

Card table byte_map: [0x000001f2b1f10000,0x000001f2b2010000] _byte_map_base: 0x000001f2b1810000

Marking Bits (Prev, Next): (CMBitMap*) 0x000001f29b900508, (CMBitMap*) 0x000001f29b900540
 Prev Bits: [0x000001f2b2110000, 0x000001f2b2910000)
 Next Bits: [0x000001f2b2910000, 0x000001f2b3110000)

Polling page: 0x000001f2998a0000

Metaspace:

Usage:
  Non-class:    112.44 MB capacity,   110.00 MB ( 98%) used,     2.13 MB (  2%) free+waste,   310.69 KB ( <1%) overhead. 
      Class:     15.73 MB capacity,    14.58 MB ( 93%) used,     1.01 MB (  6%) free+waste,   138.63 KB ( <1%) overhead. 
       Both:    128.17 MB capacity,   124.59 MB ( 97%) used,     3.14 MB (  2%) free+waste,   449.31 KB ( <1%) overhead. 

Virtual space:
  Non-class space:      114.00 MB reserved,     112.75 MB ( 99%) committed 
      Class space:      248.00 MB reserved,      15.82 MB (  6%) committed 
             Both:      362.00 MB reserved,     128.57 MB ( 36%) committed 

Chunk freelists:
   Non-Class:  16.25 KB
       Class:  2.63 KB
        Both:  18.88 KB

CodeHeap 'non-profiled nmethods': size=120064Kb used=21300Kb max_used=21300Kb free=98763Kb
 bounds [0x000001f2aa9d0000, 0x000001f2abeb0000, 0x000001f2b1f10000]
CodeHeap 'profiled nmethods': size=120000Kb used=50067Kb max_used=50121Kb free=69932Kb
 bounds [0x000001f2a34a0000, 0x000001f2a65d0000, 0x000001f2aa9d0000]
CodeHeap 'non-nmethods': size=5696Kb used=2328Kb max_used=2391Kb free=3367Kb
 bounds [0x000001f2a2f10000, 0x000001f2a3180000, 0x000001f2a34a0000]
 total_blobs=22902 nmethods=21956 adapters=854
 compilation: enabled
              stopped_count=0, restarted_count=0
 full_count=0

Compilation events (10 events):
Event: 3296.872 Thread 0x000001f2b5739800 nmethod 26289 0x000001f2a5b29c90 code [0x000001f2a5b29ea0, 0x000001f2a5b2aad8]
Event: 3296.872 Thread 0x000001f2b5739800 26292       3       com.sun.tools.javac.parser.JavacParser::prec (21 bytes)
Event: 3296.872 Thread 0x000001f2b5739800 nmethod 26292 0x000001f2a59c2810 code [0x000001f2a59c29c0, 0x000001f2a59c2b58]
Event: 3296.882 Thread 0x000001f2b5739800 26293   !   3       java.nio.file.FileTreeWalker::getAttributes (94 bytes)
Event: 3296.883 Thread 0x000001f2b5739800 nmethod 26293 0x000001f2a5b28390 code [0x000001f2a5b28640, 0x000001f2a5b29758]
Event: 3296.883 Thread 0x000001f2b640e000 26294       4       jdk.nio.zipfs.ZipDirectoryStream$1::hasNext (25 bytes)
Event: 3296.885 Thread 0x000001f2b640e000 nmethod 26294 0x000001f2ab860910 code [0x000001f2ab860aa0, 0x000001f2ab860b98]
Event: 3296.885 Thread 0x000001f2b640e000 26296       4       jdk.nio.zipfs.ZipConstants::pkSigAt (60 bytes)
Event: 3296.887 Thread 0x000001f2b640e000 nmethod 26296 0x000001f2ab867490 code [0x000001f2ab867600, 0x000001f2ab867718]
Event: 3296.887 Thread 0x000001f2b640e000 26295       4       jdk.nio.zipfs.ZipFileSystem$Entry::readExtra (753 bytes)

GC Heap History (10 events):
Event: 3292.221 GC heap before
{Heap before GC invocations=119 (full 0):
 garbage-first heap   total 290816K, used 146900K [0x00000000e0000000, 0x0000000100000000)
  region size 1024K, 14 young (14336K), 3 survivors (3072K)
 Metaspace       used 118912K, capacity 122448K, committed 123340K, reserved 362496K
  class space    used 13883K, capacity 15006K, committed 15308K, reserved 253952K
}
Event: 3292.236 GC heap after
{Heap after GC invocations=120 (full 0):
 garbage-first heap   total 290816K, used 125431K [0x00000000e0000000, 0x0000000100000000)
  region size 1024K, 1 young (1024K), 1 survivors (1024K)
 Metaspace       used 118912K, capacity 122448K, committed 123340K, reserved 362496K
  class space    used 13883K, capacity 15006K, committed 15308K, reserved 253952K
}
Event: 3293.470 GC heap before
{Heap before GC invocations=120 (full 0):
 garbage-first heap   total 290816K, used 180727K [0x00000000e0000000, 0x0000000100000000)
  region size 1024K, 56 young (57344K), 1 survivors (1024K)
 Metaspace       used 125097K, capacity 128674K, committed 129228K, reserved 368640K
  class space    used 14676K, capacity 15877K, committed 16076K, reserved 253952K
}
Event: 3293.478 GC heap after
{Heap after GC invocations=121 (full 0):
 garbage-first heap   total 290816K, used 126777K [0x00000000e0000000, 0x0000000100000000)
  region size 1024K, 3 young (3072K), 3 survivors (3072K)
 Metaspace       used 125097K, capacity 128674K, committed 129228K, reserved 368640K
  class space    used 14676K, capacity 15877K, committed 16076K, reserved 253952K
}
Event: 3296.127 GC heap before
{Heap before GC invocations=122 (full 0):
 garbage-first heap   total 290816K, used 219961K [0x00000000e0000000, 0x0000000100000000)
  region size 1024K, 93 young (95232K), 3 survivors (3072K)
 Metaspace       used 127155K, capacity 130747K, committed 131148K, reserved 370688K
  class space    used 14889K, capacity 16092K, committed 16204K, reserved 253952K
}
Event: 3296.143 GC heap after
{Heap after GC invocations=123 (full 0):
 garbage-first heap   total 290816K, used 136063K [0x00000000e0000000, 0x0000000100000000)
  region size 1024K, 10 young (10240K), 10 survivors (10240K)
 Metaspace       used 127155K, capacity 130747K, committed 131148K, reserved 370688K
  class space    used 14889K, capacity 16092K, committed 16204K, reserved 253952K
}
Event: 3296.189 GC heap before
{Heap before GC invocations=123 (full 0):
 garbage-first heap   total 290816K, used 139135K [0x00000000e0000000, 0x0000000100000000)
  region size 1024K, 14 young (14336K), 10 survivors (10240K)
 Metaspace       used 127155K, capacity 130747K, committed 131148K, reserved 370688K
  class space    used 14889K, capacity 16092K, committed 16204K, reserved 253952K
}
Event: 3296.203 GC heap after
{Heap after GC invocations=124 (full 0):
 garbage-first heap   total 290816K, used 130336K [0x00000000e0000000, 0x0000000100000000)
  region size 1024K, 2 young (2048K), 2 survivors (2048K)
 Metaspace       used 127155K, capacity 130747K, committed 131148K, reserved 370688K
  class space    used 14889K, capacity 16092K, committed 16204K, reserved 253952K
}
Event: 3296.853 GC heap before
{Heap before GC invocations=124 (full 0):
 garbage-first heap   total 290816K, used 165152K [0x00000000e0000000, 0x0000000100000000)
  region size 1024K, 38 young (38912K), 2 survivors (2048K)
 Metaspace       used 127572K, capacity 131241K, committed 131660K, reserved 370688K
  class space    used 14934K, capacity 16107K, committed 16204K, reserved 253952K
}
Event: 3296.861 GC heap after
{Heap after GC invocations=125 (full 0):
 garbage-first heap   total 290816K, used 131000K [0x00000000e0000000, 0x0000000100000000)
  region size 1024K, 2 young (2048K), 2 survivors (2048K)
 Metaspace       used 127572K, capacity 131241K, committed 131660K, reserved 370688K
  class space    used 14934K, capacity 16107K, committed 16204K, reserved 253952K
}

Deoptimization events (10 events):
Event: 3296.327 Thread 0x000001f2b6eb4000 Uncommon trap: reason=unstable_if action=reinterpret pc=0x000001f2aaeae24c method=java.nio.file.FileTreeWalker.getAttributes(Ljava/nio/file/Path;Z)Ljava/nio/file/attribute/BasicFileAttributes; @ 35 c2
Event: 3296.336 Thread 0x000001f2b6eb1800 Uncommon trap: reason=unstable_if action=reinterpret pc=0x000001f2abd5fef8 method=java.nio.file.attribute.FileTime.to(Ljava/util/concurrent/TimeUnit;)J @ 11 c2
Event: 3296.336 Thread 0x000001f2b6eb1800 Uncommon trap: reason=unstable_if action=reinterpret pc=0x000001f2aba3c1a0 method=java.time.Instant.create(JI)Ljava/time/Instant; @ 6 c2
Event: 3296.336 Thread 0x000001f2b6eb1800 Uncommon trap: reason=unstable_if action=reinterpret pc=0x000001f2ab5271d4 method=java.nio.file.attribute.FileTime.to(Ljava/util/concurrent/TimeUnit;)J @ 11 c2
Event: 3296.338 Thread 0x000001f2b6eb1800 Uncommon trap: reason=unstable_if action=reinterpret pc=0x000001f2abd8497c method=java.nio.file.attribute.FileTime.to(Ljava/util/concurrent/TimeUnit;)J @ 11 c2
Event: 3296.811 Thread 0x000001f2b6ead800 Uncommon trap: reason=bimorphic_or_optimized_type_check action=maybe_recompile pc=0x000001f2ab2d8ae0 method=java.util.regex.Pattern$CharPropertyGreedy.match(Ljava/util/regex/Matcher;ILjava/lang/CharSequence;)Z @ 28 c2
Event: 3296.812 Thread 0x000001f2b6ead800 Uncommon trap: reason=bimorphic_or_optimized_type_check action=maybe_recompile pc=0x000001f2ab1ecd9c method=java.util.regex.Pattern$CharPropertyGreedy.match(Ljava/util/regex/Matcher;ILjava/lang/CharSequence;)Z @ 28 c2
Event: 3296.812 Thread 0x000001f2b6ead800 Uncommon trap: reason=unstable_if action=reinterpret pc=0x000001f2aaca6fa0 method=java.util.regex.Pattern$Caret.match(Ljava/util/regex/Matcher;ILjava/lang/CharSequence;)Z @ 31 c2
Event: 3296.814 Thread 0x000001f2b6ead800 Uncommon trap: reason=bimorphic_or_optimized_type_check action=maybe_recompile pc=0x000001f2ab2d8ae0 method=java.util.regex.Pattern$CharPropertyGreedy.match(Ljava/util/regex/Matcher;ILjava/lang/CharSequence;)Z @ 28 c2
Event: 3296.817 Thread 0x000001f2b6ead800 Uncommon trap: reason=bimorphic_or_optimized_type_check action=maybe_recompile pc=0x000001f2ab2d8ae0 method=java.util.regex.Pattern$CharPropertyGreedy.match(Ljava/util/regex/Matcher;ILjava/lang/CharSequence;)Z @ 28 c2

Classes redefined (0 events):
No events

Internal exceptions (10 events):
Event: 3296.310 Thread 0x000001f2b6eb4000 Exception <a 'sun/nio/fs/WindowsException'{0x00000000f14e1930}> (0x00000000f14e1930) thrown at [./open/src/hotspot/share/prims/jni.cpp, line 611]
Event: 3296.313 Thread 0x000001f2b6eb4000 Exception <a 'sun/nio/fs/WindowsException'{0x00000000f14ea1a0}> (0x00000000f14ea1a0) thrown at [./open/src/hotspot/share/prims/jni.cpp, line 611]
Event: 3296.313 Thread 0x000001f2b6eb1800 Exception <a 'java/lang/NoSuchMethodError'{0x00000000f14aa728}: java.lang.invoke.DirectMethodHandle$Holder.invokeSpecialIFC(Ljava/lang/Object;Ljava/lang/Object;Ljava/lang/Object;Ljava/lang/Object;)I> (0x00000000f14aa728) thrown at [./open/src/hotspot/shar
Event: 3296.314 Thread 0x000001f2b6eb1800 Exception <a 'sun/nio/fs/WindowsException'{0x00000000f14b23d8}> (0x00000000f14b23d8) thrown at [./open/src/hotspot/share/prims/jni.cpp, line 611]
Event: 3296.488 Thread 0x000001f2b6ead800 Exception <a 'sun/nio/fs/WindowsException'{0x00000000f0942998}> (0x00000000f0942998) thrown at [./open/src/hotspot/share/prims/jni.cpp, line 611]
Event: 3296.509 Thread 0x000001f2b6ead800 Exception <a 'sun/nio/fs/WindowsException'{0x00000000f07f7410}> (0x00000000f07f7410) thrown at [./open/src/hotspot/share/prims/jni.cpp, line 611]
Event: 3296.807 Thread 0x000001f2b6ead800 Exception <a 'sun/nio/fs/WindowsException'{0x00000000ef741628}> (0x00000000ef741628) thrown at [./open/src/hotspot/share/prims/jni.cpp, line 611]
Event: 3296.808 Thread 0x000001f2b6ead800 Exception <a 'sun/nio/fs/WindowsException'{0x00000000ef741b58}> (0x00000000ef741b58) thrown at [./open/src/hotspot/share/prims/jni.cpp, line 611]
Event: 3296.848 Thread 0x000001f2b6ead800 Exception <a 'sun/nio/fs/WindowsException'{0x00000000ef67d3f8}> (0x00000000ef67d3f8) thrown at [./open/src/hotspot/share/prims/jni.cpp, line 611]
Event: 3296.848 Thread 0x000001f2b6ead800 Exception <a 'sun/nio/fs/WindowsException'{0x00000000ef67d648}> (0x00000000ef67d648) thrown at [./open/src/hotspot/share/prims/jni.cpp, line 611]

Events (10 events):
Event: 3296.812 Thread 0x000001f2b6ead800 DEOPT PACKING pc=0x000001f2aaca6fa0 sp=0x00000062cdcfa600
Event: 3296.812 Thread 0x000001f2b6ead800 DEOPT UNPACKING pc=0x000001f2a2f365af sp=0x00000062cdcfa5b0 mode 2
Event: 3296.814 Thread 0x000001f2b6ead800 Uncommon trap: trap_request=0xffffffc6 fr.pc=0x000001f2ab2d8ae0 relative=0x0000000000000500
Event: 3296.814 Thread 0x000001f2b6ead800 DEOPT PACKING pc=0x000001f2ab2d8ae0 sp=0x00000062cdcfa6c0
Event: 3296.814 Thread 0x000001f2b6ead800 DEOPT UNPACKING pc=0x000001f2a2f365af sp=0x00000062cdcfa650 mode 2
Event: 3296.817 Thread 0x000001f2b6ead800 Uncommon trap: trap_request=0xffffffc6 fr.pc=0x000001f2ab2d8ae0 relative=0x0000000000000500
Event: 3296.817 Thread 0x000001f2b6ead800 DEOPT PACKING pc=0x000001f2ab2d8ae0 sp=0x00000062cdcfa6c0
Event: 3296.817 Thread 0x000001f2b6ead800 DEOPT UNPACKING pc=0x000001f2a2f365af sp=0x00000062cdcfa650 mode 2
Event: 3296.853 Executing VM operation: G1CollectForAllocation
Event: 3296.861 Executing VM operation: G1CollectForAllocation done


Dynamic libraries:
0x00007ff7d7130000 - 0x00007ff7d713f000 	C:\Program Files\Java\jdk-11.0.13\bin\java.exe
0x00007ff95e110000 - 0x00007ff95e308000 	C:\Windows\SYSTEM32\ntdll.dll
0x00007ff95c920000 - 0x00007ff95c9dd000 	C:\Windows\System32\KERNEL32.DLL
0x00007ff95bc30000 - 0x00007ff95befe000 	C:\Windows\System32\KERNELBASE.dll
0x00007ff95c040000 - 0x00007ff95c140000 	C:\Windows\System32\ucrtbase.dll
0x00007ff936990000 - 0x00007ff9369a8000 	C:\Program Files\Java\jdk-11.0.13\bin\jli.dll
0x00007ff95d2c0000 - 0x00007ff95d36e000 	C:\Windows\System32\ADVAPI32.dll
0x00007ff95ce20000 - 0x00007ff95cebe000 	C:\Windows\System32\msvcrt.dll
0x00007ff95e030000 - 0x00007ff95e0cc000 	C:\Windows\System32\sechost.dll
0x00007ff95caa0000 - 0x00007ff95cbc5000 	C:\Windows\System32\RPCRT4.dll
0x00007ff95dad0000 - 0x00007ff95dc70000 	C:\Windows\System32\USER32.dll
0x00007ff95c140000 - 0x00007ff95c162000 	C:\Windows\System32\win32u.dll
0x00007ff95d290000 - 0x00007ff95d2ba000 	C:\Windows\System32\GDI32.dll
0x00007ff95bf30000 - 0x00007ff95c03b000 	C:\Windows\System32\gdi32full.dll
0x00007ff95b950000 - 0x00007ff95b9ed000 	C:\Windows\System32\msvcp_win.dll
0x00007ff94d350000 - 0x00007ff94d365000 	C:\Program Files\Java\jdk-11.0.13\bin\VCRUNTIME140.dll
0x00007ff95abe0000 - 0x00007ff95ae7a000 	C:\Windows\WinSxS\amd64_microsoft.windows.common-controls_6595b64144ccf1df_6.0.19041.1110_none_60b5254171f9507e\COMCTL32.dll
0x00007ff950f80000 - 0x00007ff950f8a000 	C:\Windows\SYSTEM32\VERSION.dll
0x00007ff95ca70000 - 0x00007ff95caa0000 	C:\Windows\System32\IMM32.DLL
0x00007ff92ae20000 - 0x00007ff92aebb000 	C:\Program Files\Java\jdk-11.0.13\bin\msvcp140.dll
0x00007ff92a300000 - 0x00007ff92ae13000 	C:\Program Files\Java\jdk-11.0.13\bin\server\jvm.dll
0x00007ff95d650000 - 0x00007ff95d658000 	C:\Windows\System32\PSAPI.DLL
0x00007ff94d340000 - 0x00007ff94d349000 	C:\Windows\SYSTEM32\WSOCK32.dll
0x00007ff950740000 - 0x00007ff950767000 	C:\Windows\SYSTEM32\WINMM.dll
0x00007ff95ddc0000 - 0x00007ff95de2b000 	C:\Windows\System32\WS2_32.dll
0x00007ff958870000 - 0x00007ff958882000 	C:\Windows\SYSTEM32\kernel.appcore.dll
0x00007ff946290000 - 0x00007ff9462a0000 	C:\Program Files\Java\jdk-11.0.13\bin\verify.dll
0x00007ff95b160000 - 0x00007ff95b344000 	C:\Windows\SYSTEM32\DBGHELP.DLL
0x00007ff95af90000 - 0x00007ff95afbc000 	C:\Windows\SYSTEM32\dbgcore.DLL
0x00007ff95b9f0000 - 0x00007ff95ba72000 	C:\Windows\System32\bcryptPrimitives.dll
0x00007ff92d120000 - 0x00007ff92d148000 	C:\Program Files\Java\jdk-11.0.13\bin\java.dll
0x00007ff936980000 - 0x00007ff93698a000 	C:\Program Files\Java\jdk-11.0.13\bin\jimage.dll
0x00007ff92c370000 - 0x00007ff92c386000 	C:\Program Files\Java\jdk-11.0.13\bin\zip.dll
0x00007ff95c1d0000 - 0x00007ff95c914000 	C:\Windows\System32\SHELL32.dll
0x00007ff958c50000 - 0x00007ff9593e4000 	C:\Windows\SYSTEM32\windows.storage.dll
0x00007ff95cec0000 - 0x00007ff95d214000 	C:\Windows\System32\combase.dll
0x00007ff95ab40000 - 0x00007ff95ab70000 	C:\Windows\SYSTEM32\Wldp.dll
0x00007ff95d5a0000 - 0x00007ff95d64d000 	C:\Windows\System32\SHCORE.dll
0x00007ff95c170000 - 0x00007ff95c1c5000 	C:\Windows\System32\shlwapi.dll
0x00007ff95b770000 - 0x00007ff95b78f000 	C:\Windows\SYSTEM32\profapi.dll
0x00007ff92a2e0000 - 0x00007ff92a2f9000 	C:\Program Files\Java\jdk-11.0.13\bin\net.dll
0x00007ff951420000 - 0x00007ff95152a000 	C:\Windows\SYSTEM32\WINHTTP.dll
0x00007ff95aa10000 - 0x00007ff95aa7a000 	C:\Windows\system32\mswsock.dll
0x00007ff92a2c0000 - 0x00007ff92a2d2000 	C:\Program Files\Java\jdk-11.0.13\bin\nio.dll
0x00007ff94f3b0000 - 0x00007ff94f3d6000 	C:\Users\LUCKY\.gradle\native\29\windows-amd64\native-platform.dll
0x00007ff930b80000 - 0x00007ff930b89000 	C:\Program Files\Java\jdk-11.0.13\bin\management.dll
0x00007ff92a280000 - 0x00007ff92a28b000 	C:\Program Files\Java\jdk-11.0.13\bin\management_ext.dll
0x00007ff95b550000 - 0x00007ff95b568000 	C:\Windows\SYSTEM32\CRYPTSP.dll
0x00007ff95a240000 - 0x00007ff95a274000 	C:\Windows\system32\rsaenh.dll
0x00007ff95bf00000 - 0x00007ff95bf27000 	C:\Windows\System32\bcrypt.dll
0x00007ff95b6f0000 - 0x00007ff95b71e000 	C:\Windows\SYSTEM32\USERENV.dll
0x00007ff95ab00000 - 0x00007ff95ab0c000 	C:\Windows\SYSTEM32\CRYPTBASE.dll
0x00007ff95a590000 - 0x00007ff95a5cb000 	C:\Windows\SYSTEM32\IPHLPAPI.DLL
0x00007ff95df70000 - 0x00007ff95df78000 	C:\Windows\System32\NSI.dll
0x00007ff952d00000 - 0x00007ff952d17000 	C:\Windows\SYSTEM32\dhcpcsvc6.DLL
0x00007ff953a70000 - 0x00007ff953a8d000 	C:\Windows\SYSTEM32\dhcpcsvc.DLL
0x00007ff95a5d0000 - 0x00007ff95a69b000 	C:\Windows\SYSTEM32\DNSAPI.dll
0x00007ff936020000 - 0x00007ff936045000 	C:\Program Files\Java\jdk-11.0.13\bin\sunec.dll
0x00007ff951340000 - 0x00007ff95134a000 	C:\Windows\System32\rasadhlp.dll
0x00007ff951c30000 - 0x00007ff951cb0000 	C:\Windows\System32\fwpuclnt.dll
0x00007ff946130000 - 0x00007ff94613d000 	C:\Program Files\Java\jdk-11.0.13\bin\sunmscapi.dll
0x00007ff95ba80000 - 0x00007ff95bbd6000 	C:\Windows\System32\CRYPT32.dll
0x00007ff95abb0000 - 0x00007ff95abd7000 	C:\Windows\SYSTEM32\ncrypt.dll
0x00007ff95ab70000 - 0x00007ff95abab000 	C:\Windows\SYSTEM32\NTASN1.dll

dbghelp: loaded successfully - version: 4.0.5 - missing functions: none
symbol engine: initialized successfully - sym options: 0x614 - pdb path: .;C:\Program Files\Java\jdk-11.0.13\bin;C:\Windows\SYSTEM32;C:\Windows\WinSxS\amd64_microsoft.windows.common-controls_6595b64144ccf1df_6.0.19041.1110_none_60b5254171f9507e;C:\Program Files\Java\jdk-11.0.13\bin\server;C:\Users\LUCKY\.gradle\native\29\windows-amd64

VM Arguments:
jvm_args: --add-opens=java.base/java.util=ALL-UNNAMED --add-opens=java.base/java.lang=ALL-UNNAMED --add-opens=java.base/java.lang.invoke=ALL-UNNAMED --add-opens=java.prefs/java.util.prefs=ALL-UNNAMED -XX:MaxMetaspaceSize=256m -XX:+HeapDumpOnOutOfMemoryError -Xms256m -Xmx512m -Dfile.encoding=windows-1252 -Duser.country=US -Duser.language=en -Duser.variant 
java_command: org.gradle.launcher.daemon.bootstrap.GradleDaemon 5.5
java_class_path (initial): C:\Users\LUCKY\.gradle\wrapper\dists\gradle-5.5-all\byeise1led9a3w3p149d02kfj\gradle-5.5\lib\gradle-launcher-5.5.jar
Launcher Type: SUN_STANDARD

[Global flags]
     intx CICompilerCount                          = 3                                         {product} {ergonomic}
   size_t CompressedClassSpaceSize                 = 260046848                                 {product} {ergonomic}
     uint ConcGCThreads                            = 1                                         {product} {ergonomic}
     uint G1ConcRefinementThreads                  = 4                                         {product} {ergonomic}
   size_t G1HeapRegionSize                         = 1048576                                   {product} {ergonomic}
    uintx GCDrainStackTargetSize                   = 64                                        {product} {ergonomic}
     bool HeapDumpOnOutOfMemoryError               = true                                   {manageable} {command line}
   size_t InitialHeapSize                          = 268435456                                 {product} {command line}
   size_t MarkStackSize                            = 4194304                                   {product} {ergonomic}
   size_t MaxHeapSize                              = 536870912                                 {product} {command line}
   size_t MaxMetaspaceSize                         = 268435456                                 {product} {command line}
   size_t MaxNewSize                               = 321912832                                 {product} {ergonomic}
   size_t MinHeapDeltaBytes                        = 1048576                                   {product} {ergonomic}
    uintx NonNMethodCodeHeapSize                   = 5830732                                {pd product} {ergonomic}
    uintx NonProfiledCodeHeapSize                  = 122913754                              {pd product} {ergonomic}
    uintx ProfiledCodeHeapSize                     = 122913754                              {pd product} {ergonomic}
    uintx ReservedCodeCacheSize                    = 251658240                              {pd product} {ergonomic}
     bool SegmentedCodeCache                       = true                                      {product} {ergonomic}
     bool UseCompressedClassPointers               = true                                 {lp64_product} {ergonomic}
     bool UseCompressedOops                        = true                                 {lp64_product} {ergonomic}
     bool UseG1GC                                  = true                                      {product} {ergonomic}
     bool UseLargePagesIndividualAllocation        = false                                  {pd product} {ergonomic}

Logging:
Log output configuration:
 #0: stdout all=warning uptime,level,tags
 #1: stderr all=off uptime,level,tags

Environment Variables:
JAVA_HOME=C:\Program Files\Java\jdk-11.0.13\
CLASSPATH=D:\MyWork\ReactNative\whsnxt_mvp\android\\gradle\wrapper\gradle-wrapper.jar
PATH=D:\MyWork\ReactNative\whsnxt_mvp\android\node_modules\.bin;D:\MyWork\ReactNative\whsnxt_mvp\node_modules\.bin;D:\MyWork\ReactNative\node_modules\.bin;D:\MyWork\node_modules\.bin;D:\node_modules\.bin;C:\Program Files\nodejs;C:\Program Files (x86)\OpenJDK\jdk-8.0.262.10-hotspot\bin;C:\Program Files (x86)\Common Files\Oracle\Java\javapath;C:\Program Files\Common Files\Oracle\Java\javapath;C:\Windows\system32;C:\Windows;C:\Windows\System32\Wbem;C:\Windows\System32\WindowsPowerShell\v1.0\;C:\Windows\System32\OpenSSH\;C:\Program Files\Git\cmd;C:\Users\LUCKY\AppData\Roaming\nvm;C:\Program Files\nodejs;C:\xampp\php;C:\ProgramData\ComposerSetup\bin;C:\Program Files\PuTTY\;C:\Program Files\Java\jdk-18.0.1.1\bin;C:\Program Files\Microsoft SQL Server\150\Tools\Binn\;C:\Users\LUCKY\AppData\Local\Android\Sdk\platform-tools;C:\Program Files\Java\jdk-11.0.13\bin;C:\Users\LUCKY\AppData\Local\Programs\Python\Python310\Scripts\;C:\Users\LUCKY\AppData\Local\Programs\Python\Python310\;C:\Users\LUCKY\AppData\Local\Microsoft\WindowsApps;C:\Program Files\Bandizip\;C:\Users\LUCKY\AppData\Roaming\npm;C:\Users\LUCKY\AppData\Local\Programs\Microsoft VS Code\bin;C:\Users\LUCKY\AppData\Roaming\nvm;C:\Program Files\nodejs;C:\Users\LUCKY\AppData\Roaming\Composer\vendor\bin;C:\Program Files\JetBrains\PyCharm Community Edition 2022.1.1\bin;
USERNAME=LUCKY
OS=Windows_NT
PROCESSOR_IDENTIFIER=Intel64 Family 6 Model 58 Stepping 9, GenuineIntel



---------------  S Y S T E M  ---------------

OS: Windows 10 , 64 bit Build 19041 (10.0.19041.1806)

CPU:total 4 (initial active 4) (2 cores per cpu, 2 threads per core) family 6 model 58 stepping 9 microcode 0x21, cmov, cx8, fxsr, mmx, sse, sse2, sse3, ssse3, sse4.1, sse4.2, popcnt, avx, aes, clmul, erms, ht, tsc, tscinvbit, tscinv

Memory: 4k page, system-wide physical 12182M (2706M free)
TotalPageFile size 16790M (AvailPageFile size 5652M)
current process WorkingSet (physical memory assigned to process): 621M, peak: 628M
current process commit charge ("private bytes"): 683M, peak: 691M

vm_info: Java HotSpot(TM) 64-Bit Server VM (11.0.13+10-LTS-370) for windows-amd64 JRE (11.0.13+10-LTS-370), built on Sep 15 2021 22:10:36 by "mach5one" with MS VC++ 15.9 (VS2017)

END.
