#
# A fatal error has been detected by the Java Runtime Environment:
#
#  EXCEPTION_ACCESS_VIOLATION (0xc0000005) at pc=0x00007ffb5151065b, pid=12464, tid=6824
#
# JRE version: Java(TM) SE Runtime Environment 18.9 (11.0.13+10) (build 11.0.13+10-LTS-370)
# Java VM: Java HotSpot(TM) 64-Bit Server VM 18.9 (11.0.13+10-LTS-370, mixed mode, tiered, compressed oops, g1 gc, windows-amd64)
# Problematic frame:
# V  [jvm.dll+0x31065b]
#
# No core dump will be written. Minidumps are not enabled by default on client versions of Windows
#
# If you would like to submit a bug report, please visit:
#   https://bugreport.java.com/bugreport/crash.jsp
#

---------------  S U M M A R Y ------------

Command Line: --add-opens=java.base/java.util=ALL-UNNAMED --add-opens=java.base/java.lang=ALL-UNNAMED --add-opens=java.base/java.lang.invoke=ALL-UNNAMED --add-opens=java.prefs/java.util.prefs=ALL-UNNAMED -XX:MaxMetaspaceSize=256m -XX:+HeapDumpOnOutOfMemoryError -Xms256m -Xmx512m -Dfile.encoding=windows-1252 -Duser.country=US -Duser.language=en -Duser.variant org.gradle.launcher.daemon.bootstrap.GradleDaemon 5.5

Host: Intel(R) Core(TM) i5-3230M CPU @ 2.60GHz, 4 cores, 11G,  Windows 10 , 64 bit Build 19041 (10.0.19041.1806)
Time: Tue Aug  2 03:19:47 2022 Tokyo Standard Time elapsed time: 408.150322 seconds (0d 0h 6m 48s)

---------------  T H R E A D  ---------------

Current thread (0x0000018579283000):  JavaThread "C2 CompilerThread0" daemon [_thread_in_native, id=6824, stack(0x0000007986500000,0x0000007986600000)]


Current CompileTask:
C2: 408150 23293       4       org.gradle.cache.internal.btree.FreeListBlockStore::flush (10 bytes)

Stack: [0x0000007986500000,0x0000007986600000],  sp=0x00000079865fbc10,  free space=1007k
Native frames: (J=compiled Java code, j=interpreted, Vv=VM code, C=native code)
V  [jvm.dll+0x31065b]
V  [jvm.dll+0x30e2a8]
V  [jvm.dll+0x30d94a]
V  [jvm.dll+0x1f8255]
V  [jvm.dll+0x1f743d]
V  [jvm.dll+0x177991]
V  [jvm.dll+0x206d84]
V  [jvm.dll+0x204ebb]
V  [jvm.dll+0x727e70]
V  [jvm.dll+0x720a54]
V  [jvm.dll+0x627606]
C  [ucrtbase.dll+0x21bb2]
C  [KERNEL32.DLL+0x17034]
C  [ntdll.dll+0x52651]


siginfo: EXCEPTION_ACCESS_VIOLATION (0xc0000005), reading address 0x00007dfb519be260


Register to memory mapping:

RIP=0x00007ffb5151065b jvm.dll
RAX=0x00007dfb519be1b8 is an unknown value
RBX=0x0 is NULL
RCX=0x000001851645f1c0 points into unknown readable memory: 0x00007dfb519be1b8 | b8 e1 9b 51 fb 7d 00 00
RDX=0x0000018515c87150 points into unknown readable memory: 0x0082020400bc2c00 | 00 2c bc 00 04 02 82 00
RSP=0x00000079865fbc10 is pointing into the stack for thread: 0x0000018579283000
RBP=0x0000000000000008 is an unknown value
RSI=0x0000000000000004 is an unknown value
RDI=0x000001851645f1c0 points into unknown readable memory: 0x00007dfb519be1b8 | b8 e1 9b 51 fb 7d 00 00
R8 =0x0000000000040000 is an unknown value
R9 =0x0000000000040000 is an unknown value
R10=0x0000000000000005 is an unknown value
R11=0x0000000000000003 is an unknown value
R12=0x00000079865fbd20 is pointing into the stack for thread: 0x0000018579283000
R13=0x0 is NULL
R14=0x00000079865fbcd0 is pointing into the stack for thread: 0x0000018579283000
R15=0x00000079865fc180 is pointing into the stack for thread: 0x0000018579283000


Registers:
RAX=0x00007dfb519be1b8, RBX=0x0000000000000000, RCX=0x000001851645f1c0, RDX=0x0000018515c87150
RSP=0x00000079865fbc10, RBP=0x0000000000000008, RSI=0x0000000000000004, RDI=0x000001851645f1c0
R8 =0x0000000000040000, R9 =0x0000000000040000, R10=0x0000000000000005, R11=0x0000000000000003
R12=0x00000079865fbd20, R13=0x0000000000000000, R14=0x00000079865fbcd0, R15=0x00000079865fc180
RIP=0x00007ffb5151065b, EFLAGS=0x0000000000010246

Top of Stack: (sp=0x00000079865fbc10)
0x00000079865fbc10:   000001851645f2d8 0000000000000002
0x00000079865fbc20:   00000185110aa010 000001851139b3c0
0x00000079865fbc30:   0000018515c87260 0000018515c87650
0x00000079865fbc40:   0000018515c87250 000001857927bb00
0x00000079865fbc50:   0000018579281ae8 0000000000000000
0x00000079865fbc60:   000001857927bb00 000001857e83d590
0x00000079865fbc70:   00000000000032e0 00007ffb5150e2a8
0x00000079865fbc80:   00000079865fbd80 000001857927bb00
0x00000079865fbc90:   00000079865fc180 0000000000009710
0x00000079865fbca0:   0000000000000101 0000000000000000
0x00000079865fbcb0:   000000000000097a 0000000000000072
0x00000079865fbcc0:   0000000000000001 000001859000f363
0x00000079865fbcd0:   0000018515c843a0 0000018515c86fd0
0x00000079865fbce0:   0000018515c83cf0 000001857927bb00
0x00000079865fbcf0:   0000000000008010 0000000000008020
0x00000079865fbd00:   0000000000000000 000000799000f363 

Instructions: (pc=0x00007ffb5151065b)
0x00007ffb5151063b:   8b ce e8 be 84 2f 00 49 8b 06 48 89 18 44 89 68
0x00007ffb5151064b:   08 3b 77 1c 0f 82 5b ff ff ff 48 8b 07 48 8b cf
0x00007ffb5151065b:   ff 90 a8 00 00 00 84 c0 75 63 8b 47 1c 49 8b f5
0x00007ffb5151066b:   45 8b d5 85 c0 74 3a 48 8b 57 08 44 8b c8 0f 1f 


Stack slot to memory mapping:
stack at sp + 0 slots: 0x000001851645f2d8 points into unknown readable memory: 0x00007ffb51a2b5c0 | c0 b5 a2 51 fb 7f 00 00
stack at sp + 1 slots: 0x0000000000000002 is an unknown value
stack at sp + 2 slots: 0x00000185110aa010 points into unknown readable memory: 0x000001851645adc0 | c0 ad 45 16 85 01 00 00
stack at sp + 3 slots: 0x000001851139b3c0 points into unknown readable memory: 0x0000000000000000 | 00 00 00 00 00 00 00 00
stack at sp + 4 slots: 0x0000018515c87260 points into unknown readable memory: 0x000001851645f128 | 28 f1 45 16 85 01 00 00
stack at sp + 5 slots: 0x0000018515c87650 points into unknown readable memory: 0x646172672e67726f | 6f 72 67 2e 67 72 61 64
stack at sp + 6 slots: 0x0000018515c87250 points into unknown readable memory: 0x000001851645f060 | 60 f0 45 16 85 01 00 00
stack at sp + 7 slots: 0x000001857927bb00 points into unknown readable memory: 0x2f61766100000006 | 06 00 00 00 61 76 61 2f


---------------  P R O C E S S  ---------------

Threads class SMR info:
_java_thread_list=0x000001850f157e00, length=42, elements={
0x000001856c506800, 0x0000018579260800, 0x0000018579269000, 0x000001857927b000,
0x000001857927d800, 0x000001857927e800, 0x0000018579283000, 0x0000018579297800,
0x0000018579299800, 0x0000018579d46000, 0x000001857a670000, 0x000001857b4b8800,
0x000001857b729800, 0x000001857ab79000, 0x000001857ab76800, 0x000001857ab78000,
0x000001857b62c800, 0x000001857b630800, 0x000001857b629800, 0x0000018511212000,
0x0000018511218800, 0x0000018511213800, 0x000001851120e800, 0x000001851120f800,
0x0000018511210800, 0x000001851120c000, 0x0000018511211000, 0x000001851120d000,
0x0000018511215000, 0x0000018511216000, 0x0000018511217800, 0x000001851121a000,
0x0000018511b1a000, 0x0000018511b18800, 0x0000018511b1c000, 0x0000018511b16000,
0x0000018511b1d800, 0x0000018511b20800, 0x0000018579292000, 0x0000018511b1e000,
0x0000018511b21800, 0x0000018511b1f000
}

Java Threads: ( => current thread )
  0x000001856c506800 JavaThread "main" [_thread_blocked, id=3248, stack(0x0000007985900000,0x0000007985a00000)]
  0x0000018579260800 JavaThread "Reference Handler" daemon [_thread_blocked, id=480, stack(0x0000007986000000,0x0000007986100000)]
  0x0000018579269000 JavaThread "Finalizer" daemon [_thread_blocked, id=4732, stack(0x0000007986100000,0x0000007986200000)]
  0x000001857927b000 JavaThread "Signal Dispatcher" daemon [_thread_blocked, id=4676, stack(0x0000007986200000,0x0000007986300000)]
  0x000001857927d800 JavaThread "Attach Listener" daemon [_thread_blocked, id=13644, stack(0x0000007986300000,0x0000007986400000)]
  0x000001857927e800 JavaThread "Service Thread" daemon [_thread_blocked, id=4700, stack(0x0000007986400000,0x0000007986500000)]
=>0x0000018579283000 JavaThread "C2 CompilerThread0" daemon [_thread_in_native, id=6824, stack(0x0000007986500000,0x0000007986600000)]
  0x0000018579297800 JavaThread "C1 CompilerThread0" daemon [_thread_blocked, id=12572, stack(0x0000007986600000,0x0000007986700000)]
  0x0000018579299800 JavaThread "Sweeper thread" daemon [_thread_blocked, id=14016, stack(0x0000007986700000,0x0000007986800000)]
  0x0000018579d46000 JavaThread "Common-Cleaner" daemon [_thread_blocked, id=12880, stack(0x0000007986800000,0x0000007986900000)]
  0x000001857a670000 JavaThread "Daemon health stats" [_thread_blocked, id=13352, stack(0x0000007986e00000,0x0000007986f00000)]
  0x000001857b4b8800 JavaThread "Incoming local TCP Connector on port 58946" [_thread_in_native, id=10268, stack(0x0000007986f00000,0x0000007987000000)]
  0x000001857b729800 JavaThread "Daemon periodic checks" [_thread_blocked, id=6508, stack(0x0000007987000000,0x0000007987100000)]
  0x000001857ab79000 JavaThread "Cache worker for file hash cache (C:\Users\LUCKY\.gradle\caches\5.5\fileHashes)" [_thread_blocked, id=13580, stack(0x0000007987800000,0x0000007987900000)]
  0x000001857ab76800 JavaThread "File lock request listener" [_thread_in_native, id=10208, stack(0x0000007987900000,0x0000007987a00000)]
  0x000001857ab78000 JavaThread "Cache worker for journal cache (C:\Users\LUCKY\.gradle\caches\journal-1)" [_thread_blocked, id=8664, stack(0x0000007987a00000,0x0000007987b00000)]
  0x000001857b62c800 JavaThread "Cache worker for execution history cache (C:\Users\LUCKY\.gradle\caches\5.5\executionHistory)" [_thread_blocked, id=13372, stack(0x0000007987e00000,0x0000007987f00000)]
  0x000001857b630800 JavaThread "Memory manager" [_thread_blocked, id=2120, stack(0x0000007988500000,0x0000007988600000)]
  0x000001857b629800 JavaThread "pool-1-thread-1" [_thread_blocked, id=12748, stack(0x0000007985700000,0x0000007985800000)]
  0x0000018511212000 JavaThread "Cache worker for file content cache (C:\Users\LUCKY\.gradle\caches\5.5\fileContent)" [_thread_blocked, id=10284, stack(0x0000007988a00000,0x0000007988b00000)]
  0x0000018511218800 JavaThread "Cache worker for Java compile cache (C:\Users\LUCKY\.gradle\caches\5.5\javaCompile)" [_thread_blocked, id=10700, stack(0x0000007987b00000,0x0000007987c00000)]
  0x0000018511213800 JavaThread "ForkJoinPool.commonPool-worker-7" daemon [_thread_blocked, id=11544, stack(0x0000007987600000,0x0000007987700000)]
  0x000001851120e800 JavaThread "Daemon Thread 4" [_thread_blocked, id=10116, stack(0x0000007985600000,0x0000007985700000)]
  0x000001851120f800 JavaThread "Handler for socket connection from /127.0.0.1:58946 to /127.0.0.1:59185" [_thread_in_native, id=108, stack(0x0000007986d00000,0x0000007986e00000)]
  0x0000018511210800 JavaThread "Cancel handler" [_thread_blocked, id=10620, stack(0x0000007987100000,0x0000007987200000)]
  0x000001851120c000 JavaThread "Daemon worker Thread 4" [_thread_in_native, id=4036, stack(0x0000007987200000,0x0000007987300000)]
  0x0000018511211000 JavaThread "Asynchronous log dispatcher for DefaultDaemonConnection: socket connection from /127.0.0.1:58946 to /127.0.0.1:59185" [_thread_blocked, id=2436, stack(0x0000007987300000,0x0000007987400000)]
  0x000001851120d000 JavaThread "Stdin handler" [_thread_blocked, id=3120, stack(0x0000007987400000,0x0000007987500000)]
  0x0000018511215000 JavaThread "Thread-75" [_thread_blocked, id=10980, stack(0x0000007987500000,0x0000007987600000)]
  0x0000018511216000 JavaThread "Cache worker for file hash cache (D:\MyWork\ReactNative\whsnxt_mvp\android\.gradle\5.5\fileHashes)" [_thread_blocked, id=6680, stack(0x0000007987700000,0x0000007987800000)]
  0x0000018511217800 JavaThread "Cache worker for cache directory md-supplier (C:\Users\LUCKY\.gradle\caches\5.5\md-supplier)" [_thread_blocked, id=13376, stack(0x0000007987d00000,0x0000007987e00000)]
  0x000001851121a000 JavaThread "Cache worker for cache directory md-rule (C:\Users\LUCKY\.gradle\caches\5.5\md-rule)" [_thread_blocked, id=5916, stack(0x0000007987f00000,0x0000007988000000)]
  0x0000018511b1a000 JavaThread "Build operations" [_thread_blocked, id=11456, stack(0x0000007988000000,0x0000007988100000)]
  0x0000018511b18800 JavaThread "Build operations Thread 2" [_thread_blocked, id=9672, stack(0x0000007988100000,0x0000007988200000)]
  0x0000018511b1c000 JavaThread "Build operations Thread 3" [_thread_blocked, id=11584, stack(0x0000007988200000,0x0000007988300000)]
  0x0000018511b16000 JavaThread "Build operations Thread 4" [_thread_blocked, id=10420, stack(0x0000007988300000,0x0000007988400000)]
  0x0000018511b1d800 JavaThread "Cache worker for Build Output Cleanup Cache (D:\MyWork\ReactNative\whsnxt_mvp\android\.gradle\buildOutputCleanup)" [_thread_blocked, id=12444, stack(0x0000007988600000,0x0000007988700000)]
  0x0000018511b20800 JavaThread "Cache worker for file content cache (D:\MyWork\ReactNative\whsnxt_mvp\android\.gradle\5.5\fileContent)" [_thread_blocked, id=2744, stack(0x0000007987c00000,0x0000007987d00000)]
  0x0000018579292000 JavaThread "C2 CompilerThread1" daemon [_thread_in_native, id=912, stack(0x0000007985800000,0x0000007985900000)]
  0x0000018511b1e000 JavaThread "Execution worker for ':'" [_thread_blocked, id=1836, stack(0x0000007988800000,0x0000007988900000)]
  0x0000018511b21800 JavaThread "Execution worker for ':' Thread 2" [_thread_in_native, id=5344, stack(0x0000007988b00000,0x0000007988c00000)]
  0x0000018511b1f000 JavaThread "Execution worker for ':' Thread 3" [_thread_blocked, id=4904, stack(0x0000007988c00000,0x0000007988d00000)]

Other Threads:
  0x0000018579238800 VMThread "VM Thread" [stack: 0x0000007985f00000,0x0000007986000000] [id=14064]
  0x0000018579daa000 WatcherThread [stack: 0x0000007986900000,0x0000007986a00000] [id=11680]
  0x000001856c51c800 GCTaskThread "GC Thread#0" [stack: 0x0000007985a00000,0x0000007985b00000] [id=6868]
  0x000001857a499800 GCTaskThread "GC Thread#1" [stack: 0x0000007986a00000,0x0000007986b00000] [id=13772]
  0x000001857a4aa000 GCTaskThread "GC Thread#2" [stack: 0x0000007986b00000,0x0000007986c00000] [id=14052]
  0x000001857a4aa800 GCTaskThread "GC Thread#3" [stack: 0x0000007986c00000,0x0000007986d00000] [id=13388]
  0x000001856c530800 ConcurrentGCThread "G1 Main Marker" [stack: 0x0000007985b00000,0x0000007985c00000] [id=12144]
  0x000001856c531800 ConcurrentGCThread "G1 Conc#0" [stack: 0x0000007985c00000,0x0000007985d00000] [id=14032]
  0x00000185790da800 ConcurrentGCThread "G1 Refine#0" [stack: 0x0000007985d00000,0x0000007985e00000] [id=5460]
  0x000001857ca09000 ConcurrentGCThread "G1 Refine#1" [stack: 0x0000007988400000,0x0000007988500000] [id=11328]
  0x000001857ca05000 ConcurrentGCThread "G1 Refine#2" [stack: 0x0000007988700000,0x0000007988800000] [id=9116]
  0x00000185790db000 ConcurrentGCThread "G1 Young RemSet Sampling" [stack: 0x0000007985e00000,0x0000007985f00000] [id=2752]

Threads with active compile tasks:
C2 CompilerThread0 408254 23293       4       org.gradle.cache.internal.btree.FreeListBlockStore::flush (10 bytes)
C2 CompilerThread1 408254 23297       4       org.gradle.internal.execution.history.changes.AbstractFingerprintChanges$1::updated (17 bytes)

VM state:not at safepoint (normal execution)

VM Mutex/Monitor currently owned by a thread: None

Heap address: 0x00000000e0000000, size: 512 MB, Compressed Oops mode: 32-bit
Narrow klass base: 0x0000000000000000, Narrow klass shift: 3
Compressed class space size: 260046848 Address: 0x0000000100000000

Heap:
 garbage-first heap   total 262144K, used 211968K [0x00000000e0000000, 0x0000000100000000)
  region size 1024K, 6 young (6144K), 3 survivors (3072K)
 Metaspace       used 107854K, capacity 111819K, committed 112152K, reserved 352256K
  class space    used 12821K, capacity 14025K, committed 14104K, reserved 253952K
Heap Regions: E=young(eden), S=young(survivor), O=old, HS=humongous(starts), HC=humongous(continues), CS=collection set, F=free, A=archive, TAMS=top-at-mark-start (previous, next)
|   0|0x00000000e0000000, 0x00000000e0100000, 0x00000000e0100000|100%| O|  |TAMS 0x00000000e0100000, 0x00000000e0100000| Untracked 
|   1|0x00000000e0100000, 0x00000000e0200000, 0x00000000e0200000|100%| O|  |TAMS 0x00000000e0200000, 0x00000000e0200000| Untracked 
|   2|0x00000000e0200000, 0x00000000e0300000, 0x00000000e0300000|100%|HS|  |TAMS 0x00000000e0300000, 0x00000000e0300000| Complete 
|   3|0x00000000e0300000, 0x00000000e0400000, 0x00000000e0400000|100%|HS|  |TAMS 0x00000000e0400000, 0x00000000e0400000| Complete 
|   4|0x00000000e0400000, 0x00000000e0500000, 0x00000000e0500000|100%|HC|  |TAMS 0x00000000e0500000, 0x00000000e0500000| Complete 
|   5|0x00000000e0500000, 0x00000000e0600000, 0x00000000e0600000|100%| O|  |TAMS 0x00000000e0600000, 0x00000000e0600000| Untracked 
|   6|0x00000000e0600000, 0x00000000e0700000, 0x00000000e0700000|100%| O|  |TAMS 0x00000000e0700000, 0x00000000e0700000| Untracked 
|   7|0x00000000e0700000, 0x00000000e0800000, 0x00000000e0800000|100%| O|  |TAMS 0x00000000e0800000, 0x00000000e0800000| Untracked 
|   8|0x00000000e0800000, 0x00000000e0900000, 0x00000000e0900000|100%| O|  |TAMS 0x00000000e0900000, 0x00000000e0900000| Untracked 
|   9|0x00000000e0900000, 0x00000000e0a00000, 0x00000000e0a00000|100%| O|  |TAMS 0x00000000e0a00000, 0x00000000e0a00000| Untracked 
|  10|0x00000000e0a00000, 0x00000000e0b00000, 0x00000000e0b00000|100%| O|  |TAMS 0x00000000e0b00000, 0x00000000e0b00000| Untracked 
|  11|0x00000000e0b00000, 0x00000000e0c00000, 0x00000000e0c00000|100%| O|  |TAMS 0x00000000e0c00000, 0x00000000e0c00000| Untracked 
|  12|0x00000000e0c00000, 0x00000000e0d00000, 0x00000000e0d00000|100%| O|  |TAMS 0x00000000e0d00000, 0x00000000e0d00000| Untracked 
|  13|0x00000000e0d00000, 0x00000000e0e00000, 0x00000000e0e00000|100%| O|  |TAMS 0x00000000e0e00000, 0x00000000e0e00000| Untracked 
|  14|0x00000000e0e00000, 0x00000000e0f00000, 0x00000000e0f00000|100%| O|  |TAMS 0x00000000e0f00000, 0x00000000e0f00000| Untracked 
|  15|0x00000000e0f00000, 0x00000000e1000000, 0x00000000e1000000|100%|HS|  |TAMS 0x00000000e1000000, 0x00000000e1000000| Complete 
|  16|0x00000000e1000000, 0x00000000e1100000, 0x00000000e1100000|100%|HC|  |TAMS 0x00000000e1100000, 0x00000000e1100000| Complete 
|  17|0x00000000e1100000, 0x00000000e1200000, 0x00000000e1200000|100%|HC|  |TAMS 0x00000000e1200000, 0x00000000e1200000| Complete 
|  18|0x00000000e1200000, 0x00000000e1300000, 0x00000000e1300000|100%|HS|  |TAMS 0x00000000e1300000, 0x00000000e1300000| Complete 
|  19|0x00000000e1300000, 0x00000000e1400000, 0x00000000e1400000|100%|HC|  |TAMS 0x00000000e1400000, 0x00000000e1400000| Complete 
|  20|0x00000000e1400000, 0x00000000e1500000, 0x00000000e1500000|100%| O|  |TAMS 0x00000000e1500000, 0x00000000e1500000| Untracked 
|  21|0x00000000e1500000, 0x00000000e1600000, 0x00000000e1600000|100%| O|  |TAMS 0x00000000e1600000, 0x00000000e1600000| Untracked 
|  22|0x00000000e1600000, 0x00000000e1700000, 0x00000000e1700000|100%| O|  |TAMS 0x00000000e1700000, 0x00000000e1700000| Untracked 
|  23|0x00000000e1700000, 0x00000000e1800000, 0x00000000e1800000|100%| O|  |TAMS 0x00000000e1800000, 0x00000000e1800000| Untracked 
|  24|0x00000000e1800000, 0x00000000e1900000, 0x00000000e1900000|100%| O|  |TAMS 0x00000000e1900000, 0x00000000e1900000| Untracked 
|  25|0x00000000e1900000, 0x00000000e1a00000, 0x00000000e1a00000|100%| O|  |TAMS 0x00000000e1a00000, 0x00000000e1a00000| Untracked 
|  26|0x00000000e1a00000, 0x00000000e1b00000, 0x00000000e1b00000|100%| O|  |TAMS 0x00000000e1b00000, 0x00000000e1b00000| Untracked 
|  27|0x00000000e1b00000, 0x00000000e1c00000, 0x00000000e1c00000|100%| O|  |TAMS 0x00000000e1b00000, 0x00000000e1c00000| Untracked 
|  28|0x00000000e1c00000, 0x00000000e1d00000, 0x00000000e1d00000|100%| O|  |TAMS 0x00000000e1d00000, 0x00000000e1d00000| Untracked 
|  29|0x00000000e1d00000, 0x00000000e1e00000, 0x00000000e1e00000|100%| O|  |TAMS 0x00000000e1e00000, 0x00000000e1e00000| Untracked 
|  30|0x00000000e1e00000, 0x00000000e1f00000, 0x00000000e1f00000|100%| O|  |TAMS 0x00000000e1f00000, 0x00000000e1f00000| Untracked 
|  31|0x00000000e1f00000, 0x00000000e2000000, 0x00000000e2000000|100%| O|  |TAMS 0x00000000e2000000, 0x00000000e2000000| Untracked 
|  32|0x00000000e2000000, 0x00000000e2100000, 0x00000000e2100000|100%| O|  |TAMS 0x00000000e2100000, 0x00000000e2100000| Untracked 
|  33|0x00000000e2100000, 0x00000000e2200000, 0x00000000e2200000|100%| O|  |TAMS 0x00000000e2200000, 0x00000000e2200000| Untracked 
|  34|0x00000000e2200000, 0x00000000e2300000, 0x00000000e2300000|100%| O|  |TAMS 0x00000000e2300000, 0x00000000e2300000| Untracked 
|  35|0x00000000e2300000, 0x00000000e2400000, 0x00000000e2400000|100%| O|  |TAMS 0x00000000e2400000, 0x00000000e2400000| Untracked 
|  36|0x00000000e2400000, 0x00000000e2500000, 0x00000000e2500000|100%| O|  |TAMS 0x00000000e2500000, 0x00000000e2500000| Untracked 
|  37|0x00000000e2500000, 0x00000000e2600000, 0x00000000e2600000|100%| O|  |TAMS 0x00000000e2600000, 0x00000000e2600000| Untracked 
|  38|0x00000000e2600000, 0x00000000e2700000, 0x00000000e2700000|100%| O|  |TAMS 0x00000000e2700000, 0x00000000e2700000| Untracked 
|  39|0x00000000e2700000, 0x00000000e2800000, 0x00000000e2800000|100%| O|  |TAMS 0x00000000e2800000, 0x00000000e2800000| Untracked 
|  40|0x00000000e2800000, 0x00000000e2900000, 0x00000000e2900000|100%| O|  |TAMS 0x00000000e2900000, 0x00000000e2900000| Untracked 
|  41|0x00000000e2900000, 0x00000000e2a00000, 0x00000000e2a00000|100%| O|  |TAMS 0x00000000e2a00000, 0x00000000e2a00000| Untracked 
|  42|0x00000000e2a00000, 0x00000000e2b00000, 0x00000000e2b00000|100%| O|  |TAMS 0x00000000e2b00000, 0x00000000e2b00000| Untracked 
|  43|0x00000000e2b00000, 0x00000000e2c00000, 0x00000000e2c00000|100%| O|  |TAMS 0x00000000e2c00000, 0x00000000e2c00000| Untracked 
|  44|0x00000000e2c00000, 0x00000000e2d00000, 0x00000000e2d00000|100%| O|  |TAMS 0x00000000e2d00000, 0x00000000e2d00000| Untracked 
|  45|0x00000000e2d00000, 0x00000000e2e00000, 0x00000000e2e00000|100%| O|  |TAMS 0x00000000e2e00000, 0x00000000e2e00000| Untracked 
|  46|0x00000000e2e00000, 0x00000000e2f00000, 0x00000000e2f00000|100%| O|  |TAMS 0x00000000e2f00000, 0x00000000e2f00000| Untracked 
|  47|0x00000000e2f00000, 0x00000000e3000000, 0x00000000e3000000|100%|HS|  |TAMS 0x00000000e3000000, 0x00000000e3000000| Complete 
|  48|0x00000000e3000000, 0x00000000e3100000, 0x00000000e3100000|100%|HC|  |TAMS 0x00000000e3100000, 0x00000000e3100000| Complete 
|  49|0x00000000e3100000, 0x00000000e3200000, 0x00000000e3200000|100%|HC|  |TAMS 0x00000000e3200000, 0x00000000e3200000| Complete 
|  50|0x00000000e3200000, 0x00000000e3300000, 0x00000000e3300000|100%| O|  |TAMS 0x00000000e3300000, 0x00000000e3300000| Untracked 
|  51|0x00000000e3300000, 0x00000000e3400000, 0x00000000e3400000|100%| O|  |TAMS 0x00000000e3400000, 0x00000000e3400000| Untracked 
|  52|0x00000000e3400000, 0x00000000e3500000, 0x00000000e3500000|100%| O|  |TAMS 0x00000000e3400000, 0x00000000e3500000| Untracked 
|  53|0x00000000e3500000, 0x00000000e3600000, 0x00000000e3600000|100%| O|  |TAMS 0x00000000e3500000, 0x00000000e3600000| Untracked 
|  54|0x00000000e3600000, 0x00000000e3700000, 0x00000000e3700000|100%| O|  |TAMS 0x00000000e3600000, 0x00000000e3700000| Untracked 
|  55|0x00000000e3700000, 0x00000000e3800000, 0x00000000e3800000|100%| O|  |TAMS 0x00000000e3700000, 0x00000000e3800000| Untracked 
|  56|0x00000000e3800000, 0x00000000e3900000, 0x00000000e3900000|100%| O|  |TAMS 0x00000000e3800000, 0x00000000e3900000| Untracked 
|  57|0x00000000e3900000, 0x00000000e3a00000, 0x00000000e3a00000|100%| O|  |TAMS 0x00000000e3900000, 0x00000000e3a00000| Untracked 
|  58|0x00000000e3a00000, 0x00000000e3b00000, 0x00000000e3b00000|100%| O|  |TAMS 0x00000000e3b00000, 0x00000000e3b00000| Untracked 
|  59|0x00000000e3b00000, 0x00000000e3c00000, 0x00000000e3c00000|100%| O|  |TAMS 0x00000000e3b00000, 0x00000000e3c00000| Untracked 
|  60|0x00000000e3c00000, 0x00000000e3d00000, 0x00000000e3d00000|100%| O|  |TAMS 0x00000000e3c00000, 0x00000000e3d00000| Untracked 
|  61|0x00000000e3d00000, 0x00000000e3e00000, 0x00000000e3e00000|100%| O|  |TAMS 0x00000000e3e00000, 0x00000000e3e00000| Untracked 
|  62|0x00000000e3e00000, 0x00000000e3f00000, 0x00000000e3f00000|100%| O|  |TAMS 0x00000000e3f00000, 0x00000000e3f00000| Untracked 
|  63|0x00000000e3f00000, 0x00000000e4000000, 0x00000000e4000000|100%| O|  |TAMS 0x00000000e4000000, 0x00000000e4000000| Untracked 
|  64|0x00000000e4000000, 0x00000000e4100000, 0x00000000e4100000|100%| O|  |TAMS 0x00000000e4100000, 0x00000000e4100000| Untracked 
|  65|0x00000000e4100000, 0x00000000e4200000, 0x00000000e4200000|100%| O|  |TAMS 0x00000000e4200000, 0x00000000e4200000| Untracked 
|  66|0x00000000e4200000, 0x00000000e4300000, 0x00000000e4300000|100%| O|  |TAMS 0x00000000e4300000, 0x00000000e4300000| Untracked 
|  67|0x00000000e4300000, 0x00000000e4400000, 0x00000000e4400000|100%| O|  |TAMS 0x00000000e4400000, 0x00000000e4400000| Untracked 
|  68|0x00000000e4400000, 0x00000000e4500000, 0x00000000e4500000|100%| O|  |TAMS 0x00000000e4500000, 0x00000000e4500000| Untracked 
|  69|0x00000000e4500000, 0x00000000e4600000, 0x00000000e4600000|100%| O|  |TAMS 0x00000000e4500000, 0x00000000e4600000| Untracked 
|  70|0x00000000e4600000, 0x00000000e4700000, 0x00000000e4700000|100%| O|  |TAMS 0x00000000e4700000, 0x00000000e4700000| Untracked 
|  71|0x00000000e4700000, 0x00000000e4800000, 0x00000000e4800000|100%| O|  |TAMS 0x00000000e4800000, 0x00000000e4800000| Untracked 
|  72|0x00000000e4800000, 0x00000000e4900000, 0x00000000e4900000|100%| O|  |TAMS 0x00000000e4900000, 0x00000000e4900000| Untracked 
|  73|0x00000000e4900000, 0x00000000e4a00000, 0x00000000e4a00000|100%| O|  |TAMS 0x00000000e4a00000, 0x00000000e4a00000| Untracked 
|  74|0x00000000e4a00000, 0x00000000e4b00000, 0x00000000e4b00000|100%| O|  |TAMS 0x00000000e4a00000, 0x00000000e4b00000| Untracked 
|  75|0x00000000e4b00000, 0x00000000e4c00000, 0x00000000e4c00000|100%| O|  |TAMS 0x00000000e4b00000, 0x00000000e4c00000| Untracked 
|  76|0x00000000e4c00000, 0x00000000e4d00000, 0x00000000e4d00000|100%| O|  |TAMS 0x00000000e4d00000, 0x00000000e4d00000| Untracked 
|  77|0x00000000e4d00000, 0x00000000e4e00000, 0x00000000e4e00000|100%| O|  |TAMS 0x00000000e4e00000, 0x00000000e4e00000| Untracked 
|  78|0x00000000e4e00000, 0x00000000e4f00000, 0x00000000e4f00000|100%| O|  |TAMS 0x00000000e4e00000, 0x00000000e4f00000| Untracked 
|  79|0x00000000e4f00000, 0x00000000e5000000, 0x00000000e5000000|100%| O|  |TAMS 0x00000000e4f00000, 0x00000000e5000000| Untracked 
|  80|0x00000000e5000000, 0x00000000e5100000, 0x00000000e5100000|100%| O|  |TAMS 0x00000000e5000000, 0x00000000e5100000| Untracked 
|  81|0x00000000e5100000, 0x00000000e5200000, 0x00000000e5200000|100%| O|  |TAMS 0x00000000e5200000, 0x00000000e5200000| Untracked 
|  82|0x00000000e5200000, 0x00000000e5300000, 0x00000000e5300000|100%| O|  |TAMS 0x00000000e5200000, 0x00000000e5300000| Untracked 
|  83|0x00000000e5300000, 0x00000000e5400000, 0x00000000e5400000|100%| O|  |TAMS 0x00000000e5300000, 0x00000000e5400000| Untracked 
|  84|0x00000000e5400000, 0x00000000e5500000, 0x00000000e5500000|100%| O|  |TAMS 0x00000000e5400000, 0x00000000e5500000| Untracked 
|  85|0x00000000e5500000, 0x00000000e5600000, 0x00000000e5600000|100%| O|  |TAMS 0x00000000e5500000, 0x00000000e5600000| Untracked 
|  86|0x00000000e5600000, 0x00000000e5700000, 0x00000000e5700000|100%| O|  |TAMS 0x00000000e5600000, 0x00000000e5700000| Untracked 
|  87|0x00000000e5700000, 0x00000000e5800000, 0x00000000e5800000|100%| O|  |TAMS 0x00000000e5700000, 0x00000000e5800000| Untracked 
|  88|0x00000000e5800000, 0x00000000e5900000, 0x00000000e5900000|100%| O|  |TAMS 0x00000000e5800000, 0x00000000e5900000| Untracked 
|  89|0x00000000e5900000, 0x00000000e5a00000, 0x00000000e5a00000|100%| O|  |TAMS 0x00000000e5900000, 0x00000000e5a00000| Untracked 
|  90|0x00000000e5a00000, 0x00000000e5b00000, 0x00000000e5b00000|100%| O|  |TAMS 0x00000000e5a00000, 0x00000000e5b00000| Untracked 
|  91|0x00000000e5b00000, 0x00000000e5c00000, 0x00000000e5c00000|100%| O|  |TAMS 0x00000000e5c00000, 0x00000000e5c00000| Untracked 
|  92|0x00000000e5c00000, 0x00000000e5d00000, 0x00000000e5d00000|100%| O|  |TAMS 0x00000000e5d00000, 0x00000000e5d00000| Untracked 
|  93|0x00000000e5d00000, 0x00000000e5e00000, 0x00000000e5e00000|100%| O|  |TAMS 0x00000000e5d00000, 0x00000000e5e00000| Untracked 
|  94|0x00000000e5e00000, 0x00000000e5f00000, 0x00000000e5f00000|100%| O|  |TAMS 0x00000000e5e00000, 0x00000000e5f00000| Untracked 
|  95|0x00000000e5f00000, 0x00000000e6000000, 0x00000000e6000000|100%| O|  |TAMS 0x00000000e5f00000, 0x00000000e6000000| Untracked 
|  96|0x00000000e6000000, 0x00000000e6100000, 0x00000000e6100000|100%| O|  |TAMS 0x00000000e6000000, 0x00000000e6100000| Untracked 
|  97|0x00000000e6100000, 0x00000000e6200000, 0x00000000e6200000|100%| O|  |TAMS 0x00000000e6100000, 0x00000000e6200000| Untracked 
|  98|0x00000000e6200000, 0x00000000e6300000, 0x00000000e6300000|100%| O|  |TAMS 0x00000000e6200000, 0x00000000e6300000| Untracked 
|  99|0x00000000e6300000, 0x00000000e6400000, 0x00000000e6400000|100%| O|  |TAMS 0x00000000e6300000, 0x00000000e6400000| Untracked 
| 100|0x00000000e6400000, 0x00000000e6500000, 0x00000000e6500000|100%| O|  |TAMS 0x00000000e6400000, 0x00000000e6500000| Untracked 
| 101|0x00000000e6500000, 0x00000000e6600000, 0x00000000e6600000|100%| O|  |TAMS 0x00000000e6500000, 0x00000000e6600000| Untracked 
| 102|0x00000000e6600000, 0x00000000e6700000, 0x00000000e6700000|100%| O|  |TAMS 0x00000000e6600000, 0x00000000e6700000| Untracked 
| 103|0x00000000e6700000, 0x00000000e6800000, 0x00000000e6800000|100%| O|  |TAMS 0x00000000e6700000, 0x00000000e6800000| Untracked 
| 104|0x00000000e6800000, 0x00000000e6900000, 0x00000000e6900000|100%| O|  |TAMS 0x00000000e6800000, 0x00000000e6900000| Untracked 
| 105|0x00000000e6900000, 0x00000000e6a00000, 0x00000000e6a00000|100%| O|  |TAMS 0x00000000e6a00000, 0x00000000e6a00000| Untracked 
| 106|0x00000000e6a00000, 0x00000000e6b00000, 0x00000000e6b00000|100%| O|  |TAMS 0x00000000e6a00000, 0x00000000e6b00000| Untracked 
| 107|0x00000000e6b00000, 0x00000000e6c00000, 0x00000000e6c00000|100%| O|  |TAMS 0x00000000e6b00000, 0x00000000e6c00000| Untracked 
| 108|0x00000000e6c00000, 0x00000000e6d00000, 0x00000000e6d00000|100%| O|  |TAMS 0x00000000e6c00000, 0x00000000e6d00000| Untracked 
| 109|0x00000000e6d00000, 0x00000000e6e00000, 0x00000000e6e00000|100%| O|  |TAMS 0x00000000e6d00000, 0x00000000e6e00000| Untracked 
| 110|0x00000000e6e00000, 0x00000000e6f00000, 0x00000000e6f00000|100%| O|  |TAMS 0x00000000e6e00000, 0x00000000e6f00000| Untracked 
| 111|0x00000000e6f00000, 0x00000000e7000000, 0x00000000e7000000|100%| O|  |TAMS 0x00000000e6f00000, 0x00000000e7000000| Untracked 
| 112|0x00000000e7000000, 0x00000000e7100000, 0x00000000e7100000|100%| O|  |TAMS 0x00000000e7000000, 0x00000000e7100000| Untracked 
| 113|0x00000000e7100000, 0x00000000e7200000, 0x00000000e7200000|100%| O|  |TAMS 0x00000000e7100000, 0x00000000e7200000| Untracked 
| 114|0x00000000e7200000, 0x00000000e7300000, 0x00000000e7300000|100%| O|  |TAMS 0x00000000e7200000, 0x00000000e7300000| Untracked 
| 115|0x00000000e7300000, 0x00000000e7400000, 0x00000000e7400000|100%| O|  |TAMS 0x00000000e7400000, 0x00000000e7400000| Untracked 
| 116|0x00000000e7400000, 0x00000000e7500000, 0x00000000e7500000|100%| O|  |TAMS 0x00000000e7400000, 0x00000000e7500000| Untracked 
| 117|0x00000000e7500000, 0x00000000e7600000, 0x00000000e7600000|100%| O|  |TAMS 0x00000000e7500000, 0x00000000e7600000| Untracked 
| 118|0x00000000e7600000, 0x00000000e7700000, 0x00000000e7700000|100%| O|  |TAMS 0x00000000e7600000, 0x00000000e7700000| Untracked 
| 119|0x00000000e7700000, 0x00000000e7800000, 0x00000000e7800000|100%| O|  |TAMS 0x00000000e7700000, 0x00000000e7800000| Untracked 
| 120|0x00000000e7800000, 0x00000000e7900000, 0x00000000e7900000|100%| O|  |TAMS 0x00000000e7800000, 0x00000000e7900000| Untracked 
| 121|0x00000000e7900000, 0x00000000e7a00000, 0x00000000e7a00000|100%| O|  |TAMS 0x00000000e7a00000, 0x00000000e7a00000| Untracked 
| 122|0x00000000e7a00000, 0x00000000e7b00000, 0x00000000e7b00000|100%| O|  |TAMS 0x00000000e7a00000, 0x00000000e7b00000| Untracked 
| 123|0x00000000e7b00000, 0x00000000e7c00000, 0x00000000e7c00000|100%| O|  |TAMS 0x00000000e7b00000, 0x00000000e7c00000| Untracked 
| 124|0x00000000e7c00000, 0x00000000e7d00000, 0x00000000e7d00000|100%| O|  |TAMS 0x00000000e7c00000, 0x00000000e7d00000| Untracked 
| 125|0x00000000e7d00000, 0x00000000e7e00000, 0x00000000e7e00000|100%| O|  |TAMS 0x00000000e7d00000, 0x00000000e7e00000| Untracked 
| 126|0x00000000e7e00000, 0x00000000e7f00000, 0x00000000e7f00000|100%| O|  |TAMS 0x00000000e7e00000, 0x00000000e7f00000| Untracked 
| 127|0x00000000e7f00000, 0x00000000e8000000, 0x00000000e8000000|100%| O|  |TAMS 0x00000000e7f00000, 0x00000000e8000000| Untracked 
| 128|0x00000000e8000000, 0x00000000e8100000, 0x00000000e8100000|100%| O|  |TAMS 0x00000000e8000000, 0x00000000e8100000| Untracked 
| 129|0x00000000e8100000, 0x00000000e8200000, 0x00000000e8200000|100%| O|  |TAMS 0x00000000e8100000, 0x00000000e8200000| Untracked 
| 130|0x00000000e8200000, 0x00000000e8300000, 0x00000000e8300000|100%| O|  |TAMS 0x00000000e8300000, 0x00000000e8300000| Untracked 
| 131|0x00000000e8300000, 0x00000000e8400000, 0x00000000e8400000|100%| O|  |TAMS 0x00000000e8400000, 0x00000000e8400000| Untracked 
| 132|0x00000000e8400000, 0x00000000e8500000, 0x00000000e8500000|100%| O|  |TAMS 0x00000000e8500000, 0x00000000e8500000| Untracked 
| 133|0x00000000e8500000, 0x00000000e8600000, 0x00000000e8600000|100%| O|  |TAMS 0x00000000e8600000, 0x00000000e8600000| Untracked 
| 134|0x00000000e8600000, 0x00000000e8700000, 0x00000000e8700000|100%| O|  |TAMS 0x00000000e8600000, 0x00000000e8700000| Untracked 
| 135|0x00000000e8700000, 0x00000000e8800000, 0x00000000e8800000|100%| O|  |TAMS 0x00000000e8800000, 0x00000000e8800000| Untracked 
| 136|0x00000000e8800000, 0x00000000e8900000, 0x00000000e8900000|100%| O|  |TAMS 0x00000000e8900000, 0x00000000e8900000| Untracked 
| 137|0x00000000e8900000, 0x00000000e8a00000, 0x00000000e8a00000|100%| O|  |TAMS 0x00000000e8a00000, 0x00000000e8a00000| Untracked 
| 138|0x00000000e8a00000, 0x00000000e8b00000, 0x00000000e8b00000|100%| O|  |TAMS 0x00000000e8b00000, 0x00000000e8b00000| Untracked 
| 139|0x00000000e8b00000, 0x00000000e8c00000, 0x00000000e8c00000|100%| O|  |TAMS 0x00000000e8b00000, 0x00000000e8c00000| Untracked 
| 140|0x00000000e8c00000, 0x00000000e8d00000, 0x00000000e8d00000|100%| O|  |TAMS 0x00000000e8d00000, 0x00000000e8d00000| Untracked 
| 141|0x00000000e8d00000, 0x00000000e8e00000, 0x00000000e8e00000|100%| O|  |TAMS 0x00000000e8d00000, 0x00000000e8e00000| Untracked 
| 142|0x00000000e8e00000, 0x00000000e8f00000, 0x00000000e8f00000|100%| O|  |TAMS 0x00000000e8e00000, 0x00000000e8f00000| Untracked 
| 143|0x00000000e8f00000, 0x00000000e9000000, 0x00000000e9000000|100%| O|  |TAMS 0x00000000e8f00000, 0x00000000e9000000| Untracked 
| 144|0x00000000e9000000, 0x00000000e9100000, 0x00000000e9100000|100%| O|  |TAMS 0x00000000e9000000, 0x00000000e9100000| Untracked 
| 145|0x00000000e9100000, 0x00000000e9200000, 0x00000000e9200000|100%| O|  |TAMS 0x00000000e9100000, 0x00000000e9200000| Untracked 
| 146|0x00000000e9200000, 0x00000000e9300000, 0x00000000e9300000|100%| O|  |TAMS 0x00000000e9300000, 0x00000000e9300000| Untracked 
| 147|0x00000000e9300000, 0x00000000e9400000, 0x00000000e9400000|100%| O|  |TAMS 0x00000000e9400000, 0x00000000e9400000| Untracked 
| 148|0x00000000e9400000, 0x00000000e9500000, 0x00000000e9500000|100%| O|  |TAMS 0x00000000e9400000, 0x00000000e9500000| Untracked 
| 149|0x00000000e9500000, 0x00000000e9600000, 0x00000000e9600000|100%| O|  |TAMS 0x00000000e9600000, 0x00000000e9600000| Untracked 
| 150|0x00000000e9600000, 0x00000000e9700000, 0x00000000e9700000|100%| O|  |TAMS 0x00000000e9600000, 0x00000000e9700000| Untracked 
| 151|0x00000000e9700000, 0x00000000e9800000, 0x00000000e9800000|100%| O|  |TAMS 0x00000000e9700000, 0x00000000e9800000| Untracked 
| 152|0x00000000e9800000, 0x00000000e9900000, 0x00000000e9900000|100%| O|  |TAMS 0x00000000e9800000, 0x00000000e9900000| Untracked 
| 153|0x00000000e9900000, 0x00000000e9a00000, 0x00000000e9a00000|100%| O|  |TAMS 0x00000000e9a00000, 0x00000000e9a00000| Untracked 
| 154|0x00000000e9a00000, 0x00000000e9b00000, 0x00000000e9b00000|100%| O|  |TAMS 0x00000000e9b00000, 0x00000000e9b00000| Untracked 
| 155|0x00000000e9b00000, 0x00000000e9c00000, 0x00000000e9c00000|100%| O|  |TAMS 0x00000000e9c00000, 0x00000000e9c00000| Untracked 
| 156|0x00000000e9c00000, 0x00000000e9d00000, 0x00000000e9d00000|100%| O|  |TAMS 0x00000000e9c00000, 0x00000000e9d00000| Untracked 
| 157|0x00000000e9d00000, 0x00000000e9e00000, 0x00000000e9e00000|100%| O|  |TAMS 0x00000000e9d00000, 0x00000000e9e00000| Untracked 
| 158|0x00000000e9e00000, 0x00000000e9f00000, 0x00000000e9f00000|100%| O|  |TAMS 0x00000000e9f00000, 0x00000000e9f00000| Untracked 
| 159|0x00000000e9f00000, 0x00000000ea000000, 0x00000000ea000000|100%| O|  |TAMS 0x00000000ea000000, 0x00000000ea000000| Untracked 
| 160|0x00000000ea000000, 0x00000000ea100000, 0x00000000ea100000|100%| O|  |TAMS 0x00000000ea000000, 0x00000000ea100000| Untracked 
| 161|0x00000000ea100000, 0x00000000ea200000, 0x00000000ea200000|100%| O|  |TAMS 0x00000000ea100000, 0x00000000ea200000| Untracked 
| 162|0x00000000ea200000, 0x00000000ea300000, 0x00000000ea300000|100%| O|  |TAMS 0x00000000ea200000, 0x00000000ea300000| Untracked 
| 163|0x00000000ea300000, 0x00000000ea400000, 0x00000000ea400000|100%| O|  |TAMS 0x00000000ea400000, 0x00000000ea400000| Untracked 
| 164|0x00000000ea400000, 0x00000000ea500000, 0x00000000ea500000|100%| O|  |TAMS 0x00000000ea500000, 0x00000000ea500000| Untracked 
| 165|0x00000000ea500000, 0x00000000ea600000, 0x00000000ea600000|100%| O|  |TAMS 0x00000000ea600000, 0x00000000ea600000| Untracked 
| 166|0x00000000ea600000, 0x00000000ea700000, 0x00000000ea700000|100%| O|  |TAMS 0x00000000ea700000, 0x00000000ea700000| Untracked 
| 167|0x00000000ea700000, 0x00000000ea800000, 0x00000000ea800000|100%| O|  |TAMS 0x00000000ea700000, 0x00000000ea800000| Untracked 
| 168|0x00000000ea800000, 0x00000000ea900000, 0x00000000ea900000|100%| O|  |TAMS 0x00000000ea900000, 0x00000000ea900000| Untracked 
| 169|0x00000000ea900000, 0x00000000eaa00000, 0x00000000eaa00000|100%| O|  |TAMS 0x00000000eaa00000, 0x00000000eaa00000| Untracked 
| 170|0x00000000eaa00000, 0x00000000eab00000, 0x00000000eab00000|100%| O|  |TAMS 0x00000000eab00000, 0x00000000eab00000| Untracked 
| 171|0x00000000eab00000, 0x00000000eac00000, 0x00000000eac00000|100%| O|  |TAMS 0x00000000eab00000, 0x00000000eac00000| Untracked 
| 172|0x00000000eac00000, 0x00000000ead00000, 0x00000000ead00000|100%| O|  |TAMS 0x00000000ead00000, 0x00000000ead00000| Untracked 
| 173|0x00000000ead00000, 0x00000000eae00000, 0x00000000eae00000|100%| O|  |TAMS 0x00000000eae00000, 0x00000000eae00000| Untracked 
| 174|0x00000000eae00000, 0x00000000eaf00000, 0x00000000eaf00000|100%| O|  |TAMS 0x00000000eae00000, 0x00000000eaf00000| Untracked 
| 175|0x00000000eaf00000, 0x00000000eb000000, 0x00000000eb000000|100%| O|  |TAMS 0x00000000eaf00000, 0x00000000eb000000| Untracked 
| 176|0x00000000eb000000, 0x00000000eb100000, 0x00000000eb100000|100%| O|  |TAMS 0x00000000eb100000, 0x00000000eb100000| Untracked 
| 177|0x00000000eb100000, 0x00000000eb200000, 0x00000000eb200000|100%| O|  |TAMS 0x00000000eb100000, 0x00000000eb200000| Untracked 
| 178|0x00000000eb200000, 0x00000000eb300000, 0x00000000eb300000|100%| O|  |TAMS 0x00000000eb200000, 0x00000000eb300000| Untracked 
| 179|0x00000000eb300000, 0x00000000eb400000, 0x00000000eb400000|100%| O|  |TAMS 0x00000000eb400000, 0x00000000eb400000| Untracked 
| 180|0x00000000eb400000, 0x00000000eb500000, 0x00000000eb500000|100%| O|  |TAMS 0x00000000eb500000, 0x00000000eb500000| Untracked 
| 181|0x00000000eb500000, 0x00000000eb600000, 0x00000000eb600000|100%| O|  |TAMS 0x00000000eb600000, 0x00000000eb600000| Untracked 
| 182|0x00000000eb600000, 0x00000000eb700000, 0x00000000eb700000|100%| O|  |TAMS 0x00000000eb600000, 0x00000000eb700000| Untracked 
| 183|0x00000000eb700000, 0x00000000eb800000, 0x00000000eb800000|100%| O|  |TAMS 0x00000000eb700000, 0x00000000eb800000| Untracked 
| 184|0x00000000eb800000, 0x00000000eb900000, 0x00000000eb900000|100%| O|  |TAMS 0x00000000eb900000, 0x00000000eb900000| Untracked 
| 185|0x00000000eb900000, 0x00000000eba00000, 0x00000000eba00000|100%| O|  |TAMS 0x00000000eb900000, 0x00000000eba00000| Untracked 
| 186|0x00000000eba00000, 0x00000000ebb00000, 0x00000000ebb00000|100%| O|  |TAMS 0x00000000ebb00000, 0x00000000ebb00000| Untracked 
| 187|0x00000000ebb00000, 0x00000000ebc00000, 0x00000000ebc00000|100%| O|  |TAMS 0x00000000ebc00000, 0x00000000ebc00000| Untracked 
| 188|0x00000000ebc00000, 0x00000000ebc00000, 0x00000000ebd00000|  0%| F|  |TAMS 0x00000000ebc00000, 0x00000000ebc00000| Untracked 
| 189|0x00000000ebd00000, 0x00000000ebe00000, 0x00000000ebe00000|100%| O|  |TAMS 0x00000000ebe00000, 0x00000000ebe00000| Untracked 
| 190|0x00000000ebe00000, 0x00000000ebe00000, 0x00000000ebf00000|  0%| F|  |TAMS 0x00000000ebe00000, 0x00000000ebe00000| Untracked 
| 191|0x00000000ebf00000, 0x00000000ebf00000, 0x00000000ec000000|  0%| F|  |TAMS 0x00000000ebf00000, 0x00000000ebf00000| Untracked 
| 192|0x00000000ec000000, 0x00000000ec000000, 0x00000000ec100000|  0%| F|  |TAMS 0x00000000ec000000, 0x00000000ec000000| Untracked 
| 193|0x00000000ec100000, 0x00000000ec200000, 0x00000000ec200000|100%| O|  |TAMS 0x00000000ec1d4608, 0x00000000ec200000| Untracked 
| 194|0x00000000ec200000, 0x00000000ec300000, 0x00000000ec300000|100%| O|  |TAMS 0x00000000ec200000, 0x00000000ec300000| Untracked 
| 195|0x00000000ec300000, 0x00000000ec400000, 0x00000000ec400000|100%| O|  |TAMS 0x00000000ec300000, 0x00000000ec400000| Untracked 
| 196|0x00000000ec400000, 0x00000000ec500000, 0x00000000ec500000|100%| O|  |TAMS 0x00000000ec400000, 0x00000000ec500000| Untracked 
| 197|0x00000000ec500000, 0x00000000ec600000, 0x00000000ec600000|100%| O|  |TAMS 0x00000000ec500000, 0x00000000ec600000| Untracked 
| 198|0x00000000ec600000, 0x00000000ec700000, 0x00000000ec700000|100%| O|  |TAMS 0x00000000ec600000, 0x00000000ec700000| Untracked 
| 199|0x00000000ec700000, 0x00000000ec800000, 0x00000000ec800000|100%| O|  |TAMS 0x00000000ec700000, 0x00000000ec800000| Untracked 
| 200|0x00000000ec800000, 0x00000000ec900000, 0x00000000ec900000|100%| O|  |TAMS 0x00000000ec800000, 0x00000000ec900000| Untracked 
| 201|0x00000000ec900000, 0x00000000ec900000, 0x00000000eca00000|  0%| F|  |TAMS 0x00000000ec900000, 0x00000000ec900000| Untracked 
| 202|0x00000000eca00000, 0x00000000eca00000, 0x00000000ecb00000|  0%| F|  |TAMS 0x00000000eca00000, 0x00000000eca00000| Untracked 
| 203|0x00000000ecb00000, 0x00000000ecb00000, 0x00000000ecc00000|  0%| F|  |TAMS 0x00000000ecb00000, 0x00000000ecb00000| Untracked 
| 204|0x00000000ecc00000, 0x00000000ecd00000, 0x00000000ecd00000|100%| O|  |TAMS 0x00000000ecd00000, 0x00000000ecd00000| Untracked 
| 205|0x00000000ecd00000, 0x00000000ecd00000, 0x00000000ece00000|  0%| F|  |TAMS 0x00000000ecd00000, 0x00000000ecd00000| Untracked 
| 206|0x00000000ece00000, 0x00000000ecf00000, 0x00000000ecf00000|100%| O|  |TAMS 0x00000000ecf00000, 0x00000000ecf00000| Untracked 
| 207|0x00000000ecf00000, 0x00000000ecf00000, 0x00000000ed000000|  0%| F|  |TAMS 0x00000000ecf00000, 0x00000000ecf00000| Untracked 
| 208|0x00000000ed000000, 0x00000000ed000000, 0x00000000ed100000|  0%| F|  |TAMS 0x00000000ed000000, 0x00000000ed000000| Untracked 
| 209|0x00000000ed100000, 0x00000000ed100000, 0x00000000ed200000|  0%| F|  |TAMS 0x00000000ed100000, 0x00000000ed100000| Untracked 
| 210|0x00000000ed200000, 0x00000000ed300000, 0x00000000ed300000|100%|HS|  |TAMS 0x00000000ed300000, 0x00000000ed300000| Complete 
| 211|0x00000000ed300000, 0x00000000ed400000, 0x00000000ed400000|100%|HC|  |TAMS 0x00000000ed400000, 0x00000000ed400000| Complete 
| 212|0x00000000ed400000, 0x00000000ed500000, 0x00000000ed500000|100%| O|  |TAMS 0x00000000ed500000, 0x00000000ed500000| Untracked 
| 213|0x00000000ed500000, 0x00000000ed500000, 0x00000000ed600000|  0%| F|  |TAMS 0x00000000ed500000, 0x00000000ed500000| Untracked 
| 214|0x00000000ed600000, 0x00000000ed600000, 0x00000000ed700000|  0%| F|  |TAMS 0x00000000ed600000, 0x00000000ed600000| Untracked 
| 215|0x00000000ed700000, 0x00000000ed700000, 0x00000000ed800000|  0%| F|  |TAMS 0x00000000ed700000, 0x00000000ed700000| Untracked 
| 216|0x00000000ed800000, 0x00000000ed800000, 0x00000000ed900000|  0%| F|  |TAMS 0x00000000ed800000, 0x00000000ed800000| Untracked 
| 217|0x00000000ed900000, 0x00000000ed900000, 0x00000000eda00000|  0%| F|  |TAMS 0x00000000ed900000, 0x00000000ed900000| Untracked 
| 218|0x00000000eda00000, 0x00000000eda00000, 0x00000000edb00000|  0%| F|  |TAMS 0x00000000eda00000, 0x00000000eda00000| Untracked 
| 219|0x00000000edb00000, 0x00000000edb00000, 0x00000000edc00000|  0%| F|  |TAMS 0x00000000edb00000, 0x00000000edb00000| Untracked 
| 220|0x00000000edc00000, 0x00000000edc00000, 0x00000000edd00000|  0%| F|  |TAMS 0x00000000edc00000, 0x00000000edc00000| Untracked 
| 221|0x00000000edd00000, 0x00000000edd00000, 0x00000000ede00000|  0%| F|  |TAMS 0x00000000edd00000, 0x00000000edd00000| Untracked 
| 222|0x00000000ede00000, 0x00000000ede00000, 0x00000000edf00000|  0%| F|  |TAMS 0x00000000ede00000, 0x00000000ede00000| Untracked 
| 223|0x00000000edf00000, 0x00000000edf00000, 0x00000000ee000000|  0%| F|  |TAMS 0x00000000edf00000, 0x00000000edf00000| Untracked 
| 224|0x00000000ee000000, 0x00000000ee000000, 0x00000000ee100000|  0%| F|  |TAMS 0x00000000ee000000, 0x00000000ee000000| Untracked 
| 225|0x00000000ee100000, 0x00000000ee100000, 0x00000000ee200000|  0%| F|  |TAMS 0x00000000ee100000, 0x00000000ee100000| Untracked 
| 226|0x00000000ee200000, 0x00000000ee200000, 0x00000000ee300000|  0%| F|  |TAMS 0x00000000ee200000, 0x00000000ee200000| Untracked 
| 227|0x00000000ee300000, 0x00000000ee300000, 0x00000000ee400000|  0%| F|  |TAMS 0x00000000ee300000, 0x00000000ee300000| Untracked 
| 228|0x00000000ee400000, 0x00000000ee400000, 0x00000000ee500000|  0%| F|  |TAMS 0x00000000ee400000, 0x00000000ee400000| Untracked 
| 229|0x00000000ee500000, 0x00000000ee500000, 0x00000000ee600000|  0%| F|  |TAMS 0x00000000ee500000, 0x00000000ee500000| Untracked 
| 230|0x00000000ee600000, 0x00000000ee600000, 0x00000000ee700000|  0%| F|  |TAMS 0x00000000ee600000, 0x00000000ee600000| Untracked 
| 231|0x00000000ee700000, 0x00000000ee700000, 0x00000000ee800000|  0%| F|  |TAMS 0x00000000ee700000, 0x00000000ee700000| Untracked 
| 232|0x00000000ee800000, 0x00000000ee800000, 0x00000000ee900000|  0%| F|  |TAMS 0x00000000ee800000, 0x00000000ee800000| Untracked 
| 233|0x00000000ee900000, 0x00000000eea00000, 0x00000000eea00000|100%| S|CS|TAMS 0x00000000ee900000, 0x00000000ee900000| Complete 
| 234|0x00000000eea00000, 0x00000000eeb00000, 0x00000000eeb00000|100%| S|CS|TAMS 0x00000000eea00000, 0x00000000eea00000| Complete 
| 235|0x00000000eeb00000, 0x00000000eec00000, 0x00000000eec00000|100%| S|CS|TAMS 0x00000000eeb00000, 0x00000000eeb00000| Complete 
| 236|0x00000000eec00000, 0x00000000eec00000, 0x00000000eed00000|  0%| F|  |TAMS 0x00000000eec00000, 0x00000000eec00000| Untracked 
| 237|0x00000000eed00000, 0x00000000eed00000, 0x00000000eee00000|  0%| F|  |TAMS 0x00000000eed00000, 0x00000000eed00000| Untracked 
| 238|0x00000000eee00000, 0x00000000eee00000, 0x00000000eef00000|  0%| F|  |TAMS 0x00000000eee00000, 0x00000000eee00000| Untracked 
| 239|0x00000000eef00000, 0x00000000eef00000, 0x00000000ef000000|  0%| F|  |TAMS 0x00000000eef00000, 0x00000000eef00000| Untracked 
| 240|0x00000000ef000000, 0x00000000ef000000, 0x00000000ef100000|  0%| F|  |TAMS 0x00000000ef000000, 0x00000000ef000000| Untracked 
| 241|0x00000000ef100000, 0x00000000ef100000, 0x00000000ef200000|  0%| F|  |TAMS 0x00000000ef100000, 0x00000000ef100000| Untracked 
| 242|0x00000000ef200000, 0x00000000ef200000, 0x00000000ef300000|  0%| F|  |TAMS 0x00000000ef200000, 0x00000000ef200000| Untracked 
| 243|0x00000000ef300000, 0x00000000ef300000, 0x00000000ef400000|  0%| F|  |TAMS 0x00000000ef300000, 0x00000000ef300000| Untracked 
| 244|0x00000000ef400000, 0x00000000ef400000, 0x00000000ef500000|  0%| F|  |TAMS 0x00000000ef400000, 0x00000000ef400000| Untracked 
| 245|0x00000000ef500000, 0x00000000ef500000, 0x00000000ef600000|  0%| F|  |TAMS 0x00000000ef500000, 0x00000000ef500000| Untracked 
| 246|0x00000000ef600000, 0x00000000ef600000, 0x00000000ef700000|  0%| F|  |TAMS 0x00000000ef600000, 0x00000000ef600000| Untracked 
| 247|0x00000000ef700000, 0x00000000ef700000, 0x00000000ef800000|  0%| F|  |TAMS 0x00000000ef700000, 0x00000000ef700000| Untracked 
| 248|0x00000000ef800000, 0x00000000ef800000, 0x00000000ef900000|  0%| F|  |TAMS 0x00000000ef800000, 0x00000000ef800000| Untracked 
| 249|0x00000000ef900000, 0x00000000ef900000, 0x00000000efa00000|  0%| F|  |TAMS 0x00000000ef900000, 0x00000000ef900000| Untracked 
| 250|0x00000000efa00000, 0x00000000efa00000, 0x00000000efb00000|  0%| F|  |TAMS 0x00000000efa00000, 0x00000000efa00000| Untracked 
| 251|0x00000000efb00000, 0x00000000efb00000, 0x00000000efc00000|  0%| F|  |TAMS 0x00000000efb00000, 0x00000000efb00000| Untracked 
| 252|0x00000000efc00000, 0x00000000efc00000, 0x00000000efd00000|  0%| F|  |TAMS 0x00000000efc00000, 0x00000000efc00000| Untracked 
| 253|0x00000000efd00000, 0x00000000efdb1350, 0x00000000efe00000| 69%| E|  |TAMS 0x00000000efd00000, 0x00000000efd00000| Complete 
| 254|0x00000000efe00000, 0x00000000eff00000, 0x00000000eff00000|100%| E|CS|TAMS 0x00000000efe00000, 0x00000000efe00000| Complete 
| 255|0x00000000eff00000, 0x00000000f0000000, 0x00000000f0000000|100%| E|CS|TAMS 0x00000000eff00000, 0x00000000eff00000| Complete 

Card table byte_map: [0x0000018575a60000,0x0000018575b60000] _byte_map_base: 0x0000018575360000

Marking Bits (Prev, Next): (CMBitMap*) 0x000001856c52d8a8, (CMBitMap*) 0x000001856c52d8e0
 Prev Bits: [0x0000018575c60000, 0x0000018576460000)
 Next Bits: [0x0000018576460000, 0x0000018576c60000)

Polling page: 0x000001856c300000

Metaspace:

Usage:
  Non-class:     95.50 MB capacity,    92.81 MB ( 97%) used,     2.40 MB (  3%) free+waste,   304.50 KB ( <1%) overhead. 
      Class:     13.70 MB capacity,    12.52 MB ( 91%) used,     1.04 MB (  8%) free+waste,   138.69 KB ( <1%) overhead. 
       Both:    109.20 MB capacity,   105.33 MB ( 96%) used,     3.44 MB (  3%) free+waste,   443.19 KB ( <1%) overhead. 

Virtual space:
  Non-class space:       96.00 MB reserved,      95.75 MB (>99%) committed 
      Class space:      248.00 MB reserved,      13.77 MB (  6%) committed 
             Both:      344.00 MB reserved,     109.52 MB ( 32%) committed 

Chunk freelists:
   Non-Class:  256 bytes
       Class:  0 bytes
        Both:  256 bytes

CodeHeap 'non-profiled nmethods': size=120064Kb used=17847Kb max_used=17847Kb free=102217Kb
 bounds [0x0000018507ac0000, 0x0000018508c40000, 0x000001850f000000]
CodeHeap 'profiled nmethods': size=120000Kb used=45433Kb max_used=45433Kb free=74566Kb
 bounds [0x0000018500590000, 0x0000018503220000, 0x0000018507ac0000]
CodeHeap 'non-nmethods': size=5696Kb used=2331Kb max_used=2394Kb free=3364Kb
 bounds [0x0000018500000000, 0x0000018500270000, 0x0000018500590000]
 total_blobs=20918 nmethods=19966 adapters=862
 compilation: enabled
              stopped_count=0, restarted_count=0
 full_count=0

Compilation events (10 events):
Event: 408.046 Thread 0x0000018579283000 nmethod 23289 0x0000018508c2b010 code [0x0000018508c2b1a0, 0x0000018508c2b2e8]
Event: 408.049 Thread 0x0000018579292000 nmethod 23288 0x0000018508c2b410 code [0x0000018508c2b600, 0x0000018508c2be10]
Event: 408.060 Thread 0x0000018579283000 23290       4       java.nio.HeapByteBuffer::put (8 bytes)
Event: 408.070 Thread 0x0000018579292000 23291       4       org.gradle.execution.plan.DefaultPlanExecutor$ExecutorWorker$3::transform (9 bytes)
Event: 408.071 Thread 0x0000018579292000 nmethod 23291 0x0000018508c2c490 code [0x0000018508c2c620, 0x0000018508c2c6c8]
Event: 408.071 Thread 0x0000018579283000 nmethod 23290 0x0000018508c2c810 code [0x0000018508c2c9c0, 0x0000018508c2cfd8]
Event: 408.075 Thread 0x0000018579292000 23292   !   4       sun.nio.fs.WindowsPath::toAbsolutePath (55 bytes)
Event: 408.077 Thread 0x0000018579292000 nmethod 23292 0x0000018508c2d710 code [0x0000018508c2d8a0, 0x0000018508c2d938]
Event: 408.102 Thread 0x0000018579283000 23293       4       org.gradle.cache.internal.btree.FreeListBlockStore::flush (10 bytes)
Event: 408.102 Thread 0x0000018579292000 23294       4       org.gradle.cache.internal.btree.BTreePersistentIndexedCache$DataBlock::write (33 bytes)

GC Heap History (10 events):
Event: 405.246 GC heap before
{Heap before GC invocations=83 (full 0):
 garbage-first heap   total 262144K, used 215040K [0x00000000e0000000, 0x0000000100000000)
  region size 1024K, 40 young (40960K), 6 survivors (6144K)
 Metaspace       used 107761K, capacity 111801K, committed 111896K, reserved 352256K
  class space    used 12820K, capacity 14022K, committed 14104K, reserved 253952K
}
Event: 405.270 GC heap after
{Heap after GC invocations=84 (full 0):
 garbage-first heap   total 262144K, used 187785K [0x00000000e0000000, 0x0000000100000000)
  region size 1024K, 5 young (5120K), 5 survivors (5120K)
 Metaspace       used 107761K, capacity 111801K, committed 111896K, reserved 352256K
  class space    used 12820K, capacity 14022K, committed 14104K, reserved 253952K
}
Event: 407.224 GC heap before
{Heap before GC invocations=84 (full 0):
 garbage-first heap   total 262144K, used 218505K [0x00000000e0000000, 0x0000000100000000)
  region size 1024K, 35 young (35840K), 5 survivors (5120K)
 Metaspace       used 107802K, capacity 111813K, committed 111896K, reserved 352256K
  class space    used 12821K, capacity 14024K, committed 14104K, reserved 253952K
}
Event: 407.241 GC heap after
{Heap after GC invocations=85 (full 0):
 garbage-first heap   total 262144K, used 192182K [0x00000000e0000000, 0x0000000100000000)
  region size 1024K, 4 young (4096K), 4 survivors (4096K)
 Metaspace       used 107802K, capacity 111813K, committed 111896K, reserved 352256K
  class space    used 12821K, capacity 14024K, committed 14104K, reserved 253952K
}
Event: 407.541 GC heap before
{Heap before GC invocations=85 (full 0):
 garbage-first heap   total 262144K, used 220854K [0x00000000e0000000, 0x0000000100000000)
  region size 1024K, 32 young (32768K), 4 survivors (4096K)
 Metaspace       used 107818K, capacity 111813K, committed 111896K, reserved 352256K
  class space    used 12821K, capacity 14024K, committed 14104K, reserved 253952K
}
Event: 407.554 GC heap after
{Heap after GC invocations=86 (full 0):
 garbage-first heap   total 262144K, used 196133K [0x00000000e0000000, 0x0000000100000000)
  region size 1024K, 4 young (4096K), 4 survivors (4096K)
 Metaspace       used 107818K, capacity 111813K, committed 111896K, reserved 352256K
  class space    used 12821K, capacity 14024K, committed 14104K, reserved 253952K
}
Event: 407.861 GC heap before
{Heap before GC invocations=86 (full 0):
 garbage-first heap   total 262144K, used 222757K [0x00000000e0000000, 0x0000000100000000)
  region size 1024K, 30 young (30720K), 4 survivors (4096K)
 Metaspace       used 107836K, capacity 111813K, committed 111896K, reserved 352256K
  class space    used 12821K, capacity 14024K, committed 14104K, reserved 253952K
}
Event: 407.878 GC heap after
{Heap after GC invocations=87 (full 0):
 garbage-first heap   total 262144K, used 203776K [0x00000000e0000000, 0x0000000100000000)
  region size 1024K, 4 young (4096K), 4 survivors (4096K)
 Metaspace       used 107836K, capacity 111813K, committed 111896K, reserved 352256K
  class space    used 12821K, capacity 14024K, committed 14104K, reserved 253952K
}
Event: 408.079 GC heap before
{Heap before GC invocations=87 (full 0):
 garbage-first heap   total 262144K, used 223232K [0x00000000e0000000, 0x0000000100000000)
  region size 1024K, 24 young (24576K), 4 survivors (4096K)
 Metaspace       used 107854K, capacity 111819K, committed 112152K, reserved 352256K
  class space    used 12821K, capacity 14025K, committed 14104K, reserved 253952K
}
Event: 408.096 GC heap after
{Heap after GC invocations=88 (full 0):
 garbage-first heap   total 262144K, used 209920K [0x00000000e0000000, 0x0000000100000000)
  region size 1024K, 3 young (3072K), 3 survivors (3072K)
 Metaspace       used 107854K, capacity 111819K, committed 112152K, reserved 352256K
  class space    used 12821K, capacity 14025K, committed 14104K, reserved 253952K
}

Deoptimization events (10 events):
Event: 389.850 Thread 0x000001851120c000 Uncommon trap: reason=unstable_if action=reinterpret pc=0x0000018507e6dbe4 method=java.lang.ClassValue.match(Ljava/lang/ClassValue$Entry;)Z @ 12 c2
Event: 389.863 Thread 0x000001851120c000 Uncommon trap: reason=unstable_if action=reinterpret pc=0x0000018507ff79f8 method=java.lang.ClassValue.match(Ljava/lang/ClassValue$Entry;)Z @ 12 c2
Event: 390.058 Thread 0x000001851120c000 Uncommon trap: reason=bimorphic_or_optimized_type_check action=maybe_recompile pc=0x0000018507d74898 method=java.util.Hashtable.addEntry(ILjava/lang/Object;Ljava/lang/Object;I)V @ 28 c2
Event: 390.058 Thread 0x000001851120c000 Uncommon trap: reason=bimorphic_or_optimized_type_check action=maybe_recompile pc=0x0000018507d05990 method=java.util.Hashtable.addEntry(ILjava/lang/Object;Ljava/lang/Object;I)V @ 28 c2
Event: 396.053 Thread 0x000001851120c000 Uncommon trap: reason=null_check action=make_not_entrant pc=0x0000018508959b6c method=org.gradle.api.internal.collections.CollectionFilter.filter(Ljava/lang/Object;)Ljava/lang/Object; @ 5 c2
Event: 398.200 Thread 0x000001851120c000 Uncommon trap: reason=class_check action=maybe_recompile pc=0x0000018508a82068 method=com.sun.org.apache.xerces.internal.parsers.AbstractSAXParser.characters(Lcom/sun/org/apache/xerces/internal/xni/XMLString;Lcom/sun/org/apache/xerces/internal/xni/Augment
Event: 398.200 Thread 0x000001851120c000 Uncommon trap: reason=class_check action=maybe_recompile pc=0x0000018508a82068 method=com.sun.org.apache.xerces.internal.parsers.AbstractSAXParser.characters(Lcom/sun/org/apache/xerces/internal/xni/XMLString;Lcom/sun/org/apache/xerces/internal/xni/Augment
Event: 398.200 Thread 0x000001851120c000 Uncommon trap: reason=class_check action=maybe_recompile pc=0x0000018508a82068 method=com.sun.org.apache.xerces.internal.parsers.AbstractSAXParser.characters(Lcom/sun/org/apache/xerces/internal/xni/XMLString;Lcom/sun/org/apache/xerces/internal/xni/Augment
Event: 398.200 Thread 0x000001851120c000 Uncommon trap: reason=class_check action=maybe_recompile pc=0x0000018508a82068 method=com.sun.org.apache.xerces.internal.parsers.AbstractSAXParser.characters(Lcom/sun/org/apache/xerces/internal/xni/XMLString;Lcom/sun/org/apache/xerces/internal/xni/Augment
Event: 404.975 Thread 0x000001851120c000 Uncommon trap: reason=class_check action=maybe_recompile pc=0x00000185083b882c method=java.nio.ByteBuffer.put(Ljava/nio/ByteBuffer;)Ljava/nio/ByteBuffer; @ 94 c2

Classes redefined (0 events):
No events

Internal exceptions (10 events):
Event: 397.630 Thread 0x000001851120c000 Exception <a 'sun/nio/fs/WindowsException'{0x00000000ee6b4ac8}> (0x00000000ee6b4ac8) thrown at [./open/src/hotspot/share/prims/jni.cpp, line 611]
Event: 397.688 Thread 0x000001851120c000 Exception <a 'sun/nio/fs/WindowsException'{0x00000000ee310138}> (0x00000000ee310138) thrown at [./open/src/hotspot/share/prims/jni.cpp, line 611]
Event: 397.733 Thread 0x000001851120c000 Exception <a 'sun/nio/fs/WindowsException'{0x00000000ee16db18}> (0x00000000ee16db18) thrown at [./open/src/hotspot/share/prims/jni.cpp, line 611]
Event: 397.813 Thread 0x000001851120c000 Implicit null exception at 0x000001850136238f to 0x00000185013629db
Event: 397.813 Thread 0x000001851120c000 Exception <a 'java/lang/NullPointerException'{0x00000000ede3d700}> (0x00000000ede3d700) thrown at [./open/src/hotspot/share/runtime/sharedRuntime.cpp, line 605]
Event: 397.823 Thread 0x000001851120c000 Exception <a 'sun/nio/fs/WindowsException'{0x00000000ede5dae0}> (0x00000000ede5dae0) thrown at [./open/src/hotspot/share/prims/jni.cpp, line 611]
Event: 397.880 Thread 0x000001851120c000 Exception <a 'sun/nio/fs/WindowsException'{0x00000000edcbd358}> (0x00000000edcbd358) thrown at [./open/src/hotspot/share/prims/jni.cpp, line 611]
Event: 397.931 Thread 0x000001851120c000 Exception <a 'sun/nio/fs/WindowsException'{0x00000000ed918ff8}> (0x00000000ed918ff8) thrown at [./open/src/hotspot/share/prims/jni.cpp, line 611]
Event: 397.992 Thread 0x000001851120c000 Exception <a 'sun/nio/fs/WindowsException'{0x00000000ed76c938}> (0x00000000ed76c938) thrown at [./open/src/hotspot/share/prims/jni.cpp, line 611]
Event: 398.048 Thread 0x000001851120c000 Exception <a 'sun/nio/fs/WindowsException'{0x00000000ed0c4360}> (0x00000000ed0c4360) thrown at [./open/src/hotspot/share/prims/jni.cpp, line 611]

Events (10 events):
Event: 407.878 Executing VM operation: G1CollectForAllocation done
Event: 407.986 Thread 0x0000018511b1e000 Thread added: 0x0000018511b1e000
Event: 407.986 Thread 0x0000018511b21800 Thread added: 0x0000018511b21800
Event: 407.986 Thread 0x0000018511b1f000 Thread added: 0x0000018511b1f000
Event: 407.988 Executing VM operation: RevokeBias
Event: 407.988 Executing VM operation: RevokeBias done
Event: 407.988 Executing VM operation: RevokeBias
Event: 407.988 Executing VM operation: RevokeBias done
Event: 408.078 Executing VM operation: G1CollectForAllocation
Event: 408.096 Executing VM operation: G1CollectForAllocation done


Dynamic libraries:
0x00007ff7510d0000 - 0x00007ff7510df000 	C:\Program Files\Java\jdk-11.0.13\bin\java.exe
0x00007ffba0b70000 - 0x00007ffba0d68000 	C:\Windows\SYSTEM32\ntdll.dll
0x00007ffb9ebd0000 - 0x00007ffb9ec8d000 	C:\Windows\System32\KERNEL32.DLL
0x00007ffb9e2e0000 - 0x00007ffb9e5ae000 	C:\Windows\System32\KERNELBASE.dll
0x00007ffb9e820000 - 0x00007ffb9e920000 	C:\Windows\System32\ucrtbase.dll
0x00007ffb951e0000 - 0x00007ffb951f5000 	C:\Program Files\Java\jdk-11.0.13\bin\VCRUNTIME140.dll
0x00007ffb8b830000 - 0x00007ffb8b848000 	C:\Program Files\Java\jdk-11.0.13\bin\jli.dll
0x00007ffb9ed30000 - 0x00007ffb9edde000 	C:\Windows\System32\ADVAPI32.dll
0x00007ffb9ffe0000 - 0x00007ffba007e000 	C:\Windows\System32\msvcrt.dll
0x00007ffb9ec90000 - 0x00007ffb9ed2c000 	C:\Windows\System32\sechost.dll
0x00007ffba03c0000 - 0x00007ffba04e5000 	C:\Windows\System32\RPCRT4.dll
0x00007ffb9f640000 - 0x00007ffb9f7e0000 	C:\Windows\System32\USER32.dll
0x00007ffb9e9c0000 - 0x00007ffb9e9e2000 	C:\Windows\System32\win32u.dll
0x00007ffb9d640000 - 0x00007ffb9d8da000 	C:\Windows\WinSxS\amd64_microsoft.windows.common-controls_6595b64144ccf1df_6.0.19041.1110_none_60b5254171f9507e\COMCTL32.dll
0x00007ffba0a90000 - 0x00007ffba0aba000 	C:\Windows\System32\GDI32.dll
0x00007ffb9e5b0000 - 0x00007ffb9e6bb000 	C:\Windows\System32\gdi32full.dll
0x00007ffb9e9f0000 - 0x00007ffb9ea8d000 	C:\Windows\System32\msvcp_win.dll
0x00007ffb8e4b0000 - 0x00007ffb8e4ba000 	C:\Windows\SYSTEM32\VERSION.dll
0x00007ffb9ffa0000 - 0x00007ffb9ffd0000 	C:\Windows\System32\IMM32.DLL
0x00007ffb6d380000 - 0x00007ffb6d41b000 	C:\Program Files\Java\jdk-11.0.13\bin\msvcp140.dll
0x00007ffb51200000 - 0x00007ffb51d13000 	C:\Program Files\Java\jdk-11.0.13\bin\server\jvm.dll
0x00007ffba0b20000 - 0x00007ffba0b28000 	C:\Windows\System32\PSAPI.DLL
0x00007ffb8e6c0000 - 0x00007ffb8e6c9000 	C:\Windows\SYSTEM32\WSOCK32.dll
0x00007ffb90c20000 - 0x00007ffb90c47000 	C:\Windows\SYSTEM32\WINMM.dll
0x00007ffb9ff30000 - 0x00007ffb9ff9b000 	C:\Windows\System32\WS2_32.dll
0x00007ffb9bb40000 - 0x00007ffb9bb52000 	C:\Windows\SYSTEM32\kernel.appcore.dll
0x00007ffb8cb40000 - 0x00007ffb8cb50000 	C:\Program Files\Java\jdk-11.0.13\bin\verify.dll
0x00007ffb9dbc0000 - 0x00007ffb9dda4000 	C:\Windows\SYSTEM32\DBGHELP.DLL
0x00007ffb9d9f0000 - 0x00007ffb9da1c000 	C:\Windows\SYSTEM32\dbgcore.DLL
0x00007ffb9ea90000 - 0x00007ffb9eb12000 	C:\Windows\System32\bcryptPrimitives.dll
0x00007ffb81340000 - 0x00007ffb81368000 	C:\Program Files\Java\jdk-11.0.13\bin\java.dll
0x00007ffb8bed0000 - 0x00007ffb8beda000 	C:\Program Files\Java\jdk-11.0.13\bin\jimage.dll
0x00007ffb8b050000 - 0x00007ffb8b066000 	C:\Program Files\Java\jdk-11.0.13\bin\zip.dll
0x00007ffb9f7e0000 - 0x00007ffb9ff24000 	C:\Windows\System32\SHELL32.dll
0x00007ffb9bd40000 - 0x00007ffb9c4d4000 	C:\Windows\SYSTEM32\windows.storage.dll
0x00007ffb9ee40000 - 0x00007ffb9f194000 	C:\Windows\System32\combase.dll
0x00007ffb9d5a0000 - 0x00007ffb9d5d0000 	C:\Windows\SYSTEM32\Wldp.dll
0x00007ffba0570000 - 0x00007ffba061d000 	C:\Windows\System32\SHCORE.dll
0x00007ffb9ede0000 - 0x00007ffb9ee35000 	C:\Windows\System32\shlwapi.dll
0x00007ffb9e1d0000 - 0x00007ffb9e1ef000 	C:\Windows\SYSTEM32\profapi.dll
0x00007ffb868a0000 - 0x00007ffb868b9000 	C:\Program Files\Java\jdk-11.0.13\bin\net.dll
0x00007ffb917f0000 - 0x00007ffb918fa000 	C:\Windows\SYSTEM32\WINHTTP.dll
0x00007ffb9d470000 - 0x00007ffb9d4da000 	C:\Windows\system32\mswsock.dll
0x00007ffb7b720000 - 0x00007ffb7b732000 	C:\Program Files\Java\jdk-11.0.13\bin\nio.dll
0x00007ffb7b6f0000 - 0x00007ffb7b716000 	C:\Users\LUCKY\.gradle\native\29\windows-amd64\native-platform.dll
0x00007ffb8b180000 - 0x00007ffb8b189000 	C:\Program Files\Java\jdk-11.0.13\bin\management.dll
0x00007ffb8aef0000 - 0x00007ffb8aefb000 	C:\Program Files\Java\jdk-11.0.13\bin\management_ext.dll
0x00007ffb9df50000 - 0x00007ffb9df68000 	C:\Windows\SYSTEM32\CRYPTSP.dll
0x00007ffb9cca0000 - 0x00007ffb9ccd4000 	C:\Windows\system32\rsaenh.dll
0x00007ffb9e990000 - 0x00007ffb9e9b7000 	C:\Windows\System32\bcrypt.dll
0x00007ffb9e190000 - 0x00007ffb9e1be000 	C:\Windows\SYSTEM32\USERENV.dll
0x00007ffb9d560000 - 0x00007ffb9d56c000 	C:\Windows\SYSTEM32\CRYPTBASE.dll
0x00007ffb9cff0000 - 0x00007ffb9d02b000 	C:\Windows\SYSTEM32\IPHLPAPI.DLL
0x00007ffb9ffd0000 - 0x00007ffb9ffd8000 	C:\Windows\System32\NSI.dll
0x00007ffb96bb0000 - 0x00007ffb96bc7000 	C:\Windows\SYSTEM32\dhcpcsvc6.DLL
0x00007ffb96df0000 - 0x00007ffb96e0d000 	C:\Windows\SYSTEM32\dhcpcsvc.DLL
0x00007ffb9d030000 - 0x00007ffb9d0fb000 	C:\Windows\SYSTEM32\DNSAPI.dll
0x00007ffb8aa00000 - 0x00007ffb8aa0d000 	C:\Program Files\Java\jdk-11.0.13\bin\sunmscapi.dll
0x00007ffb9e6c0000 - 0x00007ffb9e816000 	C:\Windows\System32\CRYPT32.dll
0x00007ffb9d610000 - 0x00007ffb9d637000 	C:\Windows\SYSTEM32\ncrypt.dll
0x00007ffb9d5d0000 - 0x00007ffb9d60b000 	C:\Windows\SYSTEM32\NTASN1.dll
0x00007ffb76170000 - 0x00007ffb76195000 	C:\Program Files\Java\jdk-11.0.13\bin\sunec.dll
0x00007ffb91710000 - 0x00007ffb9171a000 	C:\Windows\System32\rasadhlp.dll
0x00007ffb92030000 - 0x00007ffb920b0000 	C:\Windows\System32\fwpuclnt.dll
0x00007ffb9df10000 - 0x00007ffb9df43000 	C:\Windows\SYSTEM32\ntmarta.dll
0x00007ffb9b570000 - 0x00007ffb9b600000 	C:\Windows\system32\apphelp.dll

dbghelp: loaded successfully - version: 4.0.5 - missing functions: none
symbol engine: initialized successfully - sym options: 0x614 - pdb path: .;C:\Program Files\Java\jdk-11.0.13\bin;C:\Windows\SYSTEM32;C:\Windows\WinSxS\amd64_microsoft.windows.common-controls_6595b64144ccf1df_6.0.19041.1110_none_60b5254171f9507e;C:\Program Files\Java\jdk-11.0.13\bin\server;C:\Users\LUCKY\.gradle\native\29\windows-amd64

VM Arguments:
jvm_args: --add-opens=java.base/java.util=ALL-UNNAMED --add-opens=java.base/java.lang=ALL-UNNAMED --add-opens=java.base/java.lang.invoke=ALL-UNNAMED --add-opens=java.prefs/java.util.prefs=ALL-UNNAMED -XX:MaxMetaspaceSize=256m -XX:+HeapDumpOnOutOfMemoryError -Xms256m -Xmx512m -Dfile.encoding=windows-1252 -Duser.country=US -Duser.language=en -Duser.variant 
java_command: org.gradle.launcher.daemon.bootstrap.GradleDaemon 5.5
java_class_path (initial): C:\Users\LUCKY\.gradle\wrapper\dists\gradle-5.5-all\byeise1led9a3w3p149d02kfj\gradle-5.5\lib\gradle-launcher-5.5.jar
Launcher Type: SUN_STANDARD

[Global flags]
     intx CICompilerCount                          = 3                                         {product} {ergonomic}
   size_t CompressedClassSpaceSize                 = 260046848                                 {product} {ergonomic}
     uint ConcGCThreads                            = 1                                         {product} {ergonomic}
     uint G1ConcRefinementThreads                  = 4                                         {product} {ergonomic}
   size_t G1HeapRegionSize                         = 1048576                                   {product} {ergonomic}
    uintx GCDrainStackTargetSize                   = 64                                        {product} {ergonomic}
     bool HeapDumpOnOutOfMemoryError               = true                                   {manageable} {command line}
   size_t InitialHeapSize                          = 268435456                                 {product} {command line}
   size_t MarkStackSize                            = 4194304                                   {product} {ergonomic}
   size_t MaxHeapSize                              = 536870912                                 {product} {command line}
   size_t MaxMetaspaceSize                         = 268435456                                 {product} {command line}
   size_t MaxNewSize                               = 321912832                                 {product} {ergonomic}
   size_t MinHeapDeltaBytes                        = 1048576                                   {product} {ergonomic}
    uintx NonNMethodCodeHeapSize                   = 5830732                                {pd product} {ergonomic}
    uintx NonProfiledCodeHeapSize                  = 122913754                              {pd product} {ergonomic}
    uintx ProfiledCodeHeapSize                     = 122913754                              {pd product} {ergonomic}
    uintx ReservedCodeCacheSize                    = 251658240                              {pd product} {ergonomic}
     bool SegmentedCodeCache                       = true                                      {product} {ergonomic}
     bool UseCompressedClassPointers               = true                                 {lp64_product} {ergonomic}
     bool UseCompressedOops                        = true                                 {lp64_product} {ergonomic}
     bool UseG1GC                                  = true                                      {product} {ergonomic}
     bool UseLargePagesIndividualAllocation        = false                                  {pd product} {ergonomic}

Logging:
Log output configuration:
 #0: stdout all=warning uptime,level,tags
 #1: stderr all=off uptime,level,tags

Environment Variables:
JAVA_HOME=C:\Program Files\Java\jdk-11.0.13\
CLASSPATH=D:\MyWork\ReactNative\whsnxt_mvp\android\\gradle\wrapper\gradle-wrapper.jar
PATH=C:\Program Files (x86)\OpenJDK\jdk-8.0.262.10-hotspot\bin;C:\Program Files (x86)\Common Files\Oracle\Java\javapath;C:\Program Files\Common Files\Oracle\Java\javapath;C:\Windows\system32;C:\Windows;C:\Windows\System32\Wbem;C:\Windows\System32\WindowsPowerShell\v1.0\;C:\Windows\System32\OpenSSH\;C:\Program Files\Git\cmd;C:\Users\LUCKY\AppData\Roaming\nvm;C:\Program Files\nodejs;C:\xampp\php;C:\ProgramData\ComposerSetup\bin;C:\Program Files\PuTTY\;C:\Program Files\Java\jdk-18.0.1.1\bin;C:\Program Files\Microsoft SQL Server\150\Tools\Binn\;C:\Users\LUCKY\AppData\Local\Android\Sdk\platform-tools;C:\Program Files\Java\jdk-11.0.13\bin;C:\Users\LUCKY\AppData\Local\Android\Sdk\ndk-bundle;C:\Users\LUCKY\AppData\Local\Programs\Python\Python310\Scripts\;C:\Users\LUCKY\AppData\Local\Programs\Python\Python310\;C:\Users\LUCKY\AppData\Local\Microsoft\WindowsApps;C:\Program Files\Bandizip\;C:\Users\LUCKY\AppData\Roaming\npm;C:\Users\LUCKY\AppData\Local\Programs\Microsoft VS Code\bin;C:\Users\LUCKY\AppData\Roaming\nvm;C:\Program Files\nodejs;C:\Users\LUCKY\AppData\Roaming\Composer\vendor\bin;C:\Program Files\JetBrains\PyCharm Community Edition 2022.1.1\bin;;C:\Users\LUCKY\AppData\Local\Android\Sdk\ndk-bundle;C:\Users\LUCKY\AppData\Local\Android\Sdk\platform-tools;
USERNAME=LUCKY
OS=Windows_NT
PROCESSOR_IDENTIFIER=Intel64 Family 6 Model 58 Stepping 9, GenuineIntel



---------------  S Y S T E M  ---------------

OS: Windows 10 , 64 bit Build 19041 (10.0.19041.1806)

CPU:total 4 (initial active 4) (2 cores per cpu, 2 threads per core) family 6 model 58 stepping 9 microcode 0x21, cmov, cx8, fxsr, mmx, sse, sse2, sse3, ssse3, sse4.1, sse4.2, popcnt, avx, aes, clmul, erms, ht, tsc, tscinvbit, tscinv

Memory: 4k page, system-wide physical 12182M (2680M free)
TotalPageFile size 24470M (AvailPageFile size 8872M)
current process WorkingSet (physical memory assigned to process): 576M, peak: 581M
current process commit charge ("private bytes"): 609M, peak: 615M

vm_info: Java HotSpot(TM) 64-Bit Server VM (11.0.13+10-LTS-370) for windows-amd64 JRE (11.0.13+10-LTS-370), built on Sep 15 2021 22:10:36 by "mach5one" with MS VC++ 15.9 (VS2017)

END.
