#
# A fatal error has been detected by the Java Runtime Environment:
#
#  EXCEPTION_ACCESS_VIOLATION (0xc0000005) at pc=0x00007ffc2fb4f2df, pid=8840, tid=2884
#
# JRE version: Java(TM) SE Runtime Environment 18.9 (11.0.13+10) (build 11.0.13+10-LTS-370)
# Java VM: Java HotSpot(TM) 64-Bit Server VM 18.9 (11.0.13+10-LTS-370, mixed mode, tiered, compressed oops, g1 gc, windows-amd64)
# Problematic frame:
# V  [jvm.dll+0x54f2df]
#
# No core dump will be written. Minidumps are not enabled by default on client versions of Windows
#
# If you would like to submit a bug report, please visit:
#   https://bugreport.java.com/bugreport/crash.jsp
#

---------------  S U M M A R Y ------------

Command Line: --add-opens=java.base/java.util=ALL-UNNAMED --add-opens=java.base/java.lang=ALL-UNNAMED --add-opens=java.base/java.lang.invoke=ALL-UNNAMED --add-opens=java.prefs/java.util.prefs=ALL-UNNAMED -XX:MaxMetaspaceSize=256m -XX:+HeapDumpOnOutOfMemoryError -Xms256m -Xmx512m -Dfile.encoding=windows-1252 -Duser.country=US -Duser.language=en -Duser.variant org.gradle.launcher.daemon.bootstrap.GradleDaemon 5.5

Host: Intel(R) Core(TM) i5-3230M CPU @ 2.60GHz, 4 cores, 11G,  Windows 10 , 64 bit Build 19041 (10.0.19041.1806)
Time: Sat Jul 30 21:15:07 2022 Tokyo Standard Time elapsed time: 531.610312 seconds (0d 0h 8m 51s)

---------------  T H R E A D  ---------------

Current thread (0x000001c6f371c000):  JavaThread "C2 CompilerThread1" daemon [_thread_in_native, id=2884, stack(0x0000009a31100000,0x0000009a31200000)]


Current CompileTask:
C2: 531610 27895       4       com.android.tools.r8.graph.DexDebugEventBuilder::add (224 bytes)

Stack: [0x0000009a31100000,0x0000009a31200000],  sp=0x0000009a311fb970,  free space=1006k
Native frames: (J=compiled Java code, j=interpreted, Vv=VM code, C=native code)
V  [jvm.dll+0x54f2df]
V  [jvm.dll+0x18f180]
V  [jvm.dll+0x18c498]
V  [jvm.dll+0x1f8362]
V  [jvm.dll+0x1f743d]
V  [jvm.dll+0x177991]
V  [jvm.dll+0x206d84]
V  [jvm.dll+0x204ebb]
V  [jvm.dll+0x727e70]
V  [jvm.dll+0x720a54]
V  [jvm.dll+0x627606]
C  [ucrtbase.dll+0x21bb2]
C  [KERNEL32.DLL+0x17034]
C  [ntdll.dll+0x52651]


siginfo: EXCEPTION_ACCESS_VIOLATION (0xc0000005), reading address 0x00007dfc2fdb4a28


Register to memory mapping:

RIP=0x00007ffc2fb4f2df jvm.dll
RAX=0x00007dfc2fdb4a20 is an unknown value
RBX=0x000001c683279158 points into unknown readable memory: 0x00007ffc2fde30b0 | b0 30 de 2f fc 7f 00 00
RCX=0x000001c6832791c0 points into unknown readable memory: 0x00007dfc2fdb4a20 | 20 4a db 2f fc 7d 00 00
RDX=0x0000000000000004 is an unknown value
RSP=0x0000009a311fb970 is pointing into the stack for thread: 0x000001c6f371c000
RBP=0x0000000000000004 is an unknown value
RSI=0x0000000000000004 is an unknown value
RDI=0x0000000000000003 is an unknown value
R8 =
[error occurred during error reporting (printing register info), id 0xc0000005, EXCEPTION_ACCESS_VIOLATION (0xc0000005) at pc=0x00007ffc2f8d0f06]

Registers:
RAX=0x00007dfc2fdb4a20, RBX=0x000001c683279158, RCX=0x000001c6832791c0, RDX=0x0000000000000004
RSP=0x0000009a311fb970, RBP=0x0000000000000004, RSI=0x0000000000000004, RDI=0x0000000000000003
R8 =0x00000000ffffffff, R9 =0x0000000000000000, R10=0x0000000000000000, R11=0x0000000000000000
R12=0x0000000000000004, R13=0x0000000000000020, R14=0x000001c682ff74f8, R15=0x00007ffc2ffd6a40
RIP=0x00007ffc2fb4f2df, EFLAGS=0x0000000000010206

Top of Stack: (sp=0x0000009a311fb970)
0x0000009a311fb970:   0000000000000018 0000000000000003
0x0000009a311fb980:   000001c68486b588 000001c683279158
0x0000009a311fb990:   000001c683279158 00007ffc2f78f180
0x0000009a311fb9a0:   0000000000000ba3 000001c682ff74f8
0x0000009a311fb9b0:   000001c68486c630 0000009a311fbec0
0x0000009a311fb9c0:   000005cb00000004 00007ffc00000005
0x0000009a311fb9d0:   000001c682ff74f8 0000009a311fba70
0x0000009a311fb9e0:   0000000000000000 0000000000000000
0x0000009a311fb9f0:   000001c684879fa0 000001c6f07b7200
0x0000009a311fba00:   00000000000003d8 000001c6f07b71f0
0x0000009a311fba10:   000001c6f07b75d8 0000009a311fbfa8
0x0000009a311fba20:   0000000000000000 0000009a311fbb40
0x0000009a311fba30:   0000009a311fbec0 00007ffc2f78c498
0x0000009a311fba40:   0000009a311fbec0 0000009a311fbb00
0x0000009a311fba50:   0000009a311fbf01 00000000ffffffff
0x0000009a311fba60:   00007ffc2fe2ec00 000000000000000d 

Instructions: (pc=0x00007ffc2fb4f2df)
0x00007ffc2fb4f2bf:   8b 48 08 48 8b 01 ff 50 08 8d 0c 30 3b e9 72 1a
0x00007ffc2fb4f2cf:   90 48 8b 43 40 8b f1 ff c7 48 8b 0c f8 48 8b 01
0x00007ffc2fb4f2df:   ff 50 08 8d 0c 30 3b e9 73 e7 48 8b 03 48 8b cb
0x00007ffc2fb4f2ef:   ff 90 e0 00 00 00 4c 8b f0 48 85 c0 74 10 48 8b 


Stack slot to memory mapping:
stack at sp + 0 slots: 0x0000000000000018 is an unknown value
stack at sp + 1 slots: 0x0000000000000003 is an unknown value
stack at sp + 2 slots: 0x000001c68486b588 points into unknown readable memory: 0x0000000000030000 | 00 00 03 00 00 00 00 00
stack at sp + 3 slots: 0x000001c683279158 points into unknown readable memory: 0x00007ffc2fde30b0 | b0 30 de 2f fc 7f 00 00
stack at sp + 4 slots: 0x000001c683279158 points into unknown readable memory: 0x00007ffc2fde30b0 | b0 30 de 2f fc 7f 00 00
stack at sp + 5 slots: 0x00007ffc2f78f180 jvm.dll
stack at sp + 6 slots: 0x0000000000000ba3 is an unknown value
stack at sp + 7 slots: 0x000001c682ff74f8 points into unknown readable memory: 0x00007ffc2fe2f970 | 70 f9 e2 2f fc 7f 00 00


---------------  P R O C E S S  ---------------

Threads class SMR info:
_java_thread_list=0x000001c6fa74bcd0, length=53, elements={
0x000001c6d3d05800, 0x000001c6ee25e800, 0x000001c6ee267800, 0x000001c6ee27a000,
0x000001c6ee27c800, 0x000001c6ee27d800, 0x000001c6ee28f000, 0x000001c6eec04800,
0x000001c6ee295000, 0x000001c6eed5c800, 0x000001c6f0509000, 0x000001c6f05af000,
0x000001c6ef5cc000, 0x000001c6f05ec000, 0x000001c6f05eb000, 0x000001c6f05f1000,
0x000001c6f204e000, 0x000001c6f2051800, 0x000001c6f2050800, 0x000001c6f2059800,
0x000001c6f4e88800, 0x000001c6f4e90800, 0x000001c6f204f000, 0x000001c6f2052000,
0x000001c6f204c800, 0x000001c6f2053000, 0x000001c6f204d000, 0x000001c6f2054000,
0x000001c6f2055800, 0x000001c6f204f800, 0x000001c6f2056000, 0x000001c6f205b000,
0x000001c6f2057000, 0x000001c6f2058000, 0x000001c6f2058800, 0x000001c6f205a800,
0x000001c6f4e8f000, 0x000001c6f4e8d000, 0x000001c6f4e8a800, 0x000001c6f4e89000,
0x000001c6f4e8a000, 0x000001c6f4e91800, 0x000001c6f4e8b800, 0x000001c6f4e96000,
0x000001c6f4e92000, 0x000001c6f4e93800, 0x000001c6f4e95800, 0x000001c6f4e94800,
0x000001c6f05ee800, 0x000001c6f05ef000, 0x000001c6f05f0000, 0x000001c6fa706800,
0x000001c6f371c000
}

Java Threads: ( => current thread )
  0x000001c6d3d05800 JavaThread "main" [_thread_blocked, id=11048, stack(0x0000009a2d200000,0x0000009a2d300000)]
  0x000001c6ee25e800 JavaThread "Reference Handler" daemon [_thread_blocked, id=5284, stack(0x0000009a2d900000,0x0000009a2da00000)]
  0x000001c6ee267800 JavaThread "Finalizer" daemon [_thread_blocked, id=2696, stack(0x0000009a2da00000,0x0000009a2db00000)]
  0x000001c6ee27a000 JavaThread "Signal Dispatcher" daemon [_thread_blocked, id=10516, stack(0x0000009a2db00000,0x0000009a2dc00000)]
  0x000001c6ee27c800 JavaThread "Attach Listener" daemon [_thread_blocked, id=9508, stack(0x0000009a2dc00000,0x0000009a2dd00000)]
  0x000001c6ee27d800 JavaThread "Service Thread" daemon [_thread_blocked, id=3168, stack(0x0000009a2dd00000,0x0000009a2de00000)]
  0x000001c6ee28f000 JavaThread "C2 CompilerThread0" daemon [_thread_blocked, id=1960, stack(0x0000009a2de00000,0x0000009a2df00000)]
  0x000001c6eec04800 JavaThread "C1 CompilerThread0" daemon [_thread_blocked, id=9788, stack(0x0000009a2df00000,0x0000009a2e000000)]
  0x000001c6ee295000 JavaThread "Sweeper thread" daemon [_thread_blocked, id=7628, stack(0x0000009a2e000000,0x0000009a2e100000)]
  0x000001c6eed5c800 JavaThread "Common-Cleaner" daemon [_thread_blocked, id=5600, stack(0x0000009a2e100000,0x0000009a2e200000)]
  0x000001c6f0509000 JavaThread "Daemon health stats" [_thread_blocked, id=10828, stack(0x0000009a2e700000,0x0000009a2e800000)]
  0x000001c6f05af000 JavaThread "Incoming local TCP Connector on port 53382" [_thread_in_native, id=6864, stack(0x0000009a2e800000,0x0000009a2e900000)]
  0x000001c6ef5cc000 JavaThread "Daemon periodic checks" [_thread_blocked, id=10740, stack(0x0000009a2e900000,0x0000009a2ea00000)]
  0x000001c6f05ec000 JavaThread "Cache worker for file hash cache (C:\Users\LUCKY\.gradle\caches\5.5\fileHashes)" [_thread_blocked, id=6396, stack(0x0000009a2f100000,0x0000009a2f200000)]
  0x000001c6f05eb000 JavaThread "File lock request listener" [_thread_in_native, id=11968, stack(0x0000009a2f200000,0x0000009a2f300000)]
  0x000001c6f05f1000 JavaThread "Cache worker for journal cache (C:\Users\LUCKY\.gradle\caches\journal-1)" [_thread_blocked, id=2492, stack(0x0000009a2f300000,0x0000009a2f400000)]
  0x000001c6f204e000 JavaThread "Cache worker for execution history cache (C:\Users\LUCKY\.gradle\caches\5.5\executionHistory)" [_thread_blocked, id=8520, stack(0x0000009a2f700000,0x0000009a2f800000)]
  0x000001c6f2051800 JavaThread "Memory manager" [_thread_blocked, id=11404, stack(0x0000009a2fd00000,0x0000009a2fe00000)]
  0x000001c6f2050800 JavaThread "pool-1-thread-1" [_thread_blocked, id=5692, stack(0x0000009a2f400000,0x0000009a2f500000)]
  0x000001c6f2059800 JavaThread "Cache worker for file content cache (C:\Users\LUCKY\.gradle\caches\5.5\fileContent)" [_thread_blocked, id=13152, stack(0x0000009a30300000,0x0000009a30400000)]
  0x000001c6f4e88800 JavaThread "Cache worker for Java compile cache (C:\Users\LUCKY\.gradle\caches\5.5\javaCompile)" [_thread_blocked, id=13248, stack(0x0000009a30900000,0x0000009a30a00000)]
  0x000001c6f4e90800 JavaThread "ForkJoinPool.commonPool-worker-3" daemon [_thread_blocked, id=13288, stack(0x0000009a30b00000,0x0000009a30c00000)]
  0x000001c6f204f000 JavaThread "Daemon Thread 3" [_thread_blocked, id=12900, stack(0x0000009a2cf00000,0x0000009a2d000000)]
  0x000001c6f2052000 JavaThread "Handler for socket connection from /127.0.0.1:53382 to /127.0.0.1:53678" [_thread_in_native, id=6400, stack(0x0000009a2d000000,0x0000009a2d100000)]
  0x000001c6f204c800 JavaThread "Cancel handler" [_thread_blocked, id=12948, stack(0x0000009a2d100000,0x0000009a2d200000)]
  0x000001c6f2053000 JavaThread "Daemon worker Thread 3" [_thread_blocked, id=11748, stack(0x0000009a2e600000,0x0000009a2e700000)]
  0x000001c6f204d000 JavaThread "Asynchronous log dispatcher for DefaultDaemonConnection: socket connection from /127.0.0.1:53382 to /127.0.0.1:53678" [_thread_blocked, id=12904, stack(0x0000009a2ea00000,0x0000009a2eb00000)]
  0x000001c6f2054000 JavaThread "Stdin handler" [_thread_blocked, id=4328, stack(0x0000009a2eb00000,0x0000009a2ec00000)]
  0x000001c6f2055800 JavaThread "Thread-72" [_thread_blocked, id=11900, stack(0x0000009a2ec00000,0x0000009a2ed00000)]
  0x000001c6f204f800 JavaThread "Cache worker for file hash cache (D:\MyWork\ReactNative\whsnxt_mvp\android\.gradle\5.5\fileHashes)" [_thread_blocked, id=12836, stack(0x0000009a2ed00000,0x0000009a2ee00000)]
  0x000001c6f2056000 JavaThread "Cache worker for cache directory md-supplier (C:\Users\LUCKY\.gradle\caches\5.5\md-supplier)" [_thread_blocked, id=10048, stack(0x0000009a2ee00000,0x0000009a2ef00000)]
  0x000001c6f205b000 JavaThread "Cache worker for cache directory md-rule (C:\Users\LUCKY\.gradle\caches\5.5\md-rule)" [_thread_blocked, id=3236, stack(0x0000009a2ef00000,0x0000009a2f000000)]
  0x000001c6f2057000 JavaThread "Build operations" [_thread_blocked, id=6932, stack(0x0000009a2f000000,0x0000009a2f100000)]
  0x000001c6f2058000 JavaThread "Build operations Thread 2" [_thread_blocked, id=12520, stack(0x0000009a2f500000,0x0000009a2f600000)]
  0x000001c6f2058800 JavaThread "Build operations Thread 3" [_thread_blocked, id=6096, stack(0x0000009a2f600000,0x0000009a2f700000)]
  0x000001c6f205a800 JavaThread "Build operations Thread 4" [_thread_blocked, id=3608, stack(0x0000009a2f800000,0x0000009a2f900000)]
  0x000001c6f4e8f000 JavaThread "Cache worker for Build Output Cleanup Cache (D:\MyWork\ReactNative\whsnxt_mvp\android\.gradle\buildOutputCleanup)" [_thread_blocked, id=4632, stack(0x0000009a2fa00000,0x0000009a2fb00000)]
  0x000001c6f4e8d000 JavaThread "Cache worker for file content cache (D:\MyWork\ReactNative\whsnxt_mvp\android\.gradle\5.5\fileContent)" [_thread_blocked, id=2952, stack(0x0000009a2fc00000,0x0000009a2fd00000)]
  0x000001c6f4e8a800 JavaThread "Execution worker for ':'" [_thread_blocked, id=4812, stack(0x0000009a30000000,0x0000009a30100000)]
  0x000001c6f4e89000 JavaThread "Execution worker for ':' Thread 2" [_thread_blocked, id=5408, stack(0x0000009a30100000,0x0000009a30200000)]
  0x000001c6f4e8a000 JavaThread "Execution worker for ':' Thread 3" [_thread_blocked, id=7092, stack(0x0000009a30200000,0x0000009a30300000)]
  0x000001c6f4e91800 JavaThread "Cache worker for execution history cache (D:\MyWork\ReactNative\whsnxt_mvp\android\.gradle\5.5\executionHistory)" [_thread_blocked, id=10180, stack(0x0000009a30400000,0x0000009a30500000)]
  0x000001c6f4e8b800 JavaThread "Cache worker for Java compile cache (D:\MyWork\ReactNative\whsnxt_mvp\android\.gradle\5.5\javaCompile)" [_thread_blocked, id=2776, stack(0x0000009a30500000,0x0000009a30600000)]
  0x000001c6f4e96000 JavaThread "ForkJoinPool.commonPool-worker-1" daemon [_thread_in_vm, id=12880, stack(0x0000009a30600000,0x0000009a30700000)]
  0x000001c6f4e92000 JavaThread "ForkJoinPool.commonPool-worker-5" daemon [_thread_blocked, id=12980, stack(0x0000009a2f900000,0x0000009a2fa00000)]
  0x000001c6f4e93800 JavaThread "pool-3-thread-1" [_thread_blocked, id=12676, stack(0x0000009a30800000,0x0000009a30900000)]
  0x000001c6f4e95800 JavaThread "stderr" daemon [_thread_in_native, id=1084, stack(0x0000009a30a00000,0x0000009a30b00000)]
  0x000001c6f4e94800 JavaThread "stdout" daemon [_thread_in_native, id=13224, stack(0x0000009a30c00000,0x0000009a30d00000)]
  0x000001c6f05ee800 JavaThread "stderr" daemon [_thread_in_native, id=12428, stack(0x0000009a30d00000,0x0000009a30e00000)]
  0x000001c6f05ef000 JavaThread "stdout" daemon [_thread_in_native, id=1916, stack(0x0000009a30e00000,0x0000009a30f00000)]
  0x000001c6f05f0000 JavaThread "stderr" daemon [_thread_in_native, id=5916, stack(0x0000009a30f00000,0x0000009a31000000)]
  0x000001c6fa706800 JavaThread "stdout" daemon [_thread_in_native, id=12468, stack(0x0000009a31000000,0x0000009a31100000)]
=>0x000001c6f371c000 JavaThread "C2 CompilerThread1" daemon [_thread_in_native, id=2884, stack(0x0000009a31100000,0x0000009a31200000)]

Other Threads:
  0x000001c6ee237000 VMThread "VM Thread" [stack: 0x0000009a2d800000,0x0000009a2d900000] [id=11432] _threads_hazard_ptr=0x000001c6fa74bcd0
  0x000001c6eed9f000 WatcherThread [stack: 0x0000009a2e200000,0x0000009a2e300000] [id=8176]
  0x000001c6d3d1d800 GCTaskThread "GC Thread#0" [stack: 0x0000009a2d300000,0x0000009a2d400000] [id=11084]
  0x000001c6ef4c3800 GCTaskThread "GC Thread#1" [stack: 0x0000009a2e300000,0x0000009a2e400000] [id=4612]
  0x000001c6ef4c8000 GCTaskThread "GC Thread#2" [stack: 0x0000009a2e400000,0x0000009a2e500000] [id=8580]
  0x000001c6ef4af000 GCTaskThread "GC Thread#3" [stack: 0x0000009a2e500000,0x0000009a2e600000] [id=11532]
  0x000001c6d3d32000 ConcurrentGCThread "G1 Main Marker" [stack: 0x0000009a2d400000,0x0000009a2d500000] [id=9820]
  0x000001c6d3d33800 ConcurrentGCThread "G1 Conc#0" [stack: 0x0000009a2d500000,0x0000009a2d600000] [id=2792]
  0x000001c6ee0d6800 ConcurrentGCThread "G1 Refine#0" [stack: 0x0000009a2d600000,0x0000009a2d700000] [id=5936]
  0x000001c6f6774800 ConcurrentGCThread "G1 Refine#1" [stack: 0x0000009a2fe00000,0x0000009a2ff00000] [id=9632]
  0x000001c6f6f4c800 ConcurrentGCThread "G1 Refine#2" [stack: 0x0000009a2ff00000,0x0000009a30000000] [id=4392]
  0x000001c6ee0d7000 ConcurrentGCThread "G1 Young RemSet Sampling" [stack: 0x0000009a2d700000,0x0000009a2d800000] [id=12132]

Threads with active compile tasks:
C2 CompilerThread0 531724 27871 %     4       com.android.tools.r8.ir.regalloc.LinearScanRegisterAllocator::computeDebugInfo @ 782 (1379 bytes)
C2 CompilerThread1 531724 27895       4       com.android.tools.r8.graph.DexDebugEventBuilder::add (224 bytes)

VM state:not at safepoint (normal execution)

VM Mutex/Monitor currently owned by a thread: None

Heap address: 0x00000000e0000000, size: 512 MB, Compressed Oops mode: 32-bit
Narrow klass base: 0x0000000000000000, Narrow klass shift: 3
Compressed class space size: 260046848 Address: 0x0000000100000000

Heap:
 garbage-first heap   total 308224K, used 203348K [0x00000000e0000000, 0x0000000100000000)
  region size 1024K, 30 young (30720K), 4 survivors (4096K)
 Metaspace       used 119138K, capacity 122912K, committed 123100K, reserved 362496K
  class space    used 13972K, capacity 15142K, committed 15228K, reserved 253952K
Heap Regions: E=young(eden), S=young(survivor), O=old, HS=humongous(starts), HC=humongous(continues), CS=collection set, F=free, A=archive, TAMS=top-at-mark-start (previous, next)
|   0|0x00000000e0000000, 0x00000000e0100000, 0x00000000e0100000|100%| O|  |TAMS 0x00000000e0100000, 0x00000000e0000000| Updating 
|   1|0x00000000e0100000, 0x00000000e0200000, 0x00000000e0200000|100%| O|  |TAMS 0x00000000e0200000, 0x00000000e0100000| Updating 
|   2|0x00000000e0200000, 0x00000000e0300000, 0x00000000e0300000|100%|HS|  |TAMS 0x00000000e0300000, 0x00000000e0200000| Complete 
|   3|0x00000000e0300000, 0x00000000e0400000, 0x00000000e0400000|100%|HS|  |TAMS 0x00000000e0400000, 0x00000000e0300000| Complete 
|   4|0x00000000e0400000, 0x00000000e0500000, 0x00000000e0500000|100%|HC|  |TAMS 0x00000000e0500000, 0x00000000e0400000| Complete 
|   5|0x00000000e0500000, 0x00000000e0600000, 0x00000000e0600000|100%| O|  |TAMS 0x00000000e0600000, 0x00000000e0500000| Updating 
|   6|0x00000000e0600000, 0x00000000e0700000, 0x00000000e0700000|100%| O|  |TAMS 0x00000000e0700000, 0x00000000e0600000| Updating 
|   7|0x00000000e0700000, 0x00000000e0800000, 0x00000000e0800000|100%| O|  |TAMS 0x00000000e0800000, 0x00000000e0700000| Updating 
|   8|0x00000000e0800000, 0x00000000e0900000, 0x00000000e0900000|100%| O|  |TAMS 0x00000000e0900000, 0x00000000e0800000| Updating 
|   9|0x00000000e0900000, 0x00000000e0a00000, 0x00000000e0a00000|100%| O|  |TAMS 0x00000000e0a00000, 0x00000000e0900000| Updating 
|  10|0x00000000e0a00000, 0x00000000e0b00000, 0x00000000e0b00000|100%| O|  |TAMS 0x00000000e0b00000, 0x00000000e0a00000| Updating 
|  11|0x00000000e0b00000, 0x00000000e0c00000, 0x00000000e0c00000|100%| O|  |TAMS 0x00000000e0c00000, 0x00000000e0b00000| Updating 
|  12|0x00000000e0c00000, 0x00000000e0d00000, 0x00000000e0d00000|100%| O|  |TAMS 0x00000000e0d00000, 0x00000000e0c00000| Updating 
|  13|0x00000000e0d00000, 0x00000000e0e00000, 0x00000000e0e00000|100%| O|  |TAMS 0x00000000e0e00000, 0x00000000e0d00000| Updating 
|  14|0x00000000e0e00000, 0x00000000e0f00000, 0x00000000e0f00000|100%| O|  |TAMS 0x00000000e0f00000, 0x00000000e0e00000| Updating 
|  15|0x00000000e0f00000, 0x00000000e1000000, 0x00000000e1000000|100%|HS|  |TAMS 0x00000000e1000000, 0x00000000e0f00000| Complete 
|  16|0x00000000e1000000, 0x00000000e1100000, 0x00000000e1100000|100%|HC|  |TAMS 0x00000000e1100000, 0x00000000e1000000| Complete 
|  17|0x00000000e1100000, 0x00000000e1200000, 0x00000000e1200000|100%|HC|  |TAMS 0x00000000e1200000, 0x00000000e1100000| Complete 
|  18|0x00000000e1200000, 0x00000000e1300000, 0x00000000e1300000|100%|HS|  |TAMS 0x00000000e1300000, 0x00000000e1200000| Complete 
|  19|0x00000000e1300000, 0x00000000e1400000, 0x00000000e1400000|100%|HC|  |TAMS 0x00000000e1400000, 0x00000000e1300000| Complete 
|  20|0x00000000e1400000, 0x00000000e1500000, 0x00000000e1500000|100%| O|  |TAMS 0x00000000e1500000, 0x00000000e1400000| Updating 
|  21|0x00000000e1500000, 0x00000000e1600000, 0x00000000e1600000|100%| O|  |TAMS 0x00000000e1600000, 0x00000000e1500000| Updating 
|  22|0x00000000e1600000, 0x00000000e1700000, 0x00000000e1700000|100%| O|  |TAMS 0x00000000e1700000, 0x00000000e1600000| Updating 
|  23|0x00000000e1700000, 0x00000000e1800000, 0x00000000e1800000|100%| O|  |TAMS 0x00000000e1800000, 0x00000000e1700000| Updating 
|  24|0x00000000e1800000, 0x00000000e1900000, 0x00000000e1900000|100%| O|  |TAMS 0x00000000e1900000, 0x00000000e1800000| Updating 
|  25|0x00000000e1900000, 0x00000000e1a00000, 0x00000000e1a00000|100%| O|  |TAMS 0x00000000e1a00000, 0x00000000e1900000| Updating 
|  26|0x00000000e1a00000, 0x00000000e1b00000, 0x00000000e1b00000|100%| O|  |TAMS 0x00000000e1b00000, 0x00000000e1a00000| Updating 
|  27|0x00000000e1b00000, 0x00000000e1c00000, 0x00000000e1c00000|100%| O|  |TAMS 0x00000000e1c00000, 0x00000000e1b00000| Updating 
|  28|0x00000000e1c00000, 0x00000000e1d00000, 0x00000000e1d00000|100%| O|  |TAMS 0x00000000e1d00000, 0x00000000e1c00000| Updating 
|  29|0x00000000e1d00000, 0x00000000e1e00000, 0x00000000e1e00000|100%| O|  |TAMS 0x00000000e1e00000, 0x00000000e1d00000| Updating 
|  30|0x00000000e1e00000, 0x00000000e1f00000, 0x00000000e1f00000|100%| O|  |TAMS 0x00000000e1f00000, 0x00000000e1e00000| Updating 
|  31|0x00000000e1f00000, 0x00000000e2000000, 0x00000000e2000000|100%| O|  |TAMS 0x00000000e2000000, 0x00000000e1f00000| Updating 
|  32|0x00000000e2000000, 0x00000000e2100000, 0x00000000e2100000|100%| O|  |TAMS 0x00000000e2100000, 0x00000000e2000000| Updating 
|  33|0x00000000e2100000, 0x00000000e2200000, 0x00000000e2200000|100%| O|  |TAMS 0x00000000e2200000, 0x00000000e2100000| Updating 
|  34|0x00000000e2200000, 0x00000000e2300000, 0x00000000e2300000|100%| O|  |TAMS 0x00000000e2300000, 0x00000000e2200000| Updating 
|  35|0x00000000e2300000, 0x00000000e2400000, 0x00000000e2400000|100%| O|  |TAMS 0x00000000e2400000, 0x00000000e2300000| Updating 
|  36|0x00000000e2400000, 0x00000000e2500000, 0x00000000e2500000|100%| O|  |TAMS 0x00000000e2500000, 0x00000000e2400000| Updating 
|  37|0x00000000e2500000, 0x00000000e2600000, 0x00000000e2600000|100%| O|  |TAMS 0x00000000e2600000, 0x00000000e2500000| Updating 
|  38|0x00000000e2600000, 0x00000000e2700000, 0x00000000e2700000|100%| O|  |TAMS 0x00000000e2700000, 0x00000000e2600000| Updating 
|  39|0x00000000e2700000, 0x00000000e2800000, 0x00000000e2800000|100%| O|  |TAMS 0x00000000e2800000, 0x00000000e2700000| Updating 
|  40|0x00000000e2800000, 0x00000000e2900000, 0x00000000e2900000|100%| O|  |TAMS 0x00000000e2900000, 0x00000000e2800000| Updating 
|  41|0x00000000e2900000, 0x00000000e2a00000, 0x00000000e2a00000|100%| O|  |TAMS 0x00000000e2a00000, 0x00000000e2900000| Updating 
|  42|0x00000000e2a00000, 0x00000000e2b00000, 0x00000000e2b00000|100%| O|  |TAMS 0x00000000e2b00000, 0x00000000e2a00000| Updating 
|  43|0x00000000e2b00000, 0x00000000e2c00000, 0x00000000e2c00000|100%| O|  |TAMS 0x00000000e2c00000, 0x00000000e2b00000| Updating 
|  44|0x00000000e2c00000, 0x00000000e2d00000, 0x00000000e2d00000|100%| O|  |TAMS 0x00000000e2d00000, 0x00000000e2c00000| Updating 
|  45|0x00000000e2d00000, 0x00000000e2e00000, 0x00000000e2e00000|100%|HS|  |TAMS 0x00000000e2e00000, 0x00000000e2d00000| Complete 
|  46|0x00000000e2e00000, 0x00000000e2f00000, 0x00000000e2f00000|100%|HC|  |TAMS 0x00000000e2f00000, 0x00000000e2e00000| Complete 
|  47|0x00000000e2f00000, 0x00000000e3000000, 0x00000000e3000000|100%|HC|  |TAMS 0x00000000e3000000, 0x00000000e2f00000| Complete 
|  48|0x00000000e3000000, 0x00000000e3100000, 0x00000000e3100000|100%| O|  |TAMS 0x00000000e3100000, 0x00000000e3000000| Updating 
|  49|0x00000000e3100000, 0x00000000e3200000, 0x00000000e3200000|100%| O|  |TAMS 0x00000000e3200000, 0x00000000e3100000| Updating 
|  50|0x00000000e3200000, 0x00000000e3300000, 0x00000000e3300000|100%| O|  |TAMS 0x00000000e3300000, 0x00000000e3200000| Updating 
|  51|0x00000000e3300000, 0x00000000e3400000, 0x00000000e3400000|100%| O|  |TAMS 0x00000000e3400000, 0x00000000e3300000| Updating 
|  52|0x00000000e3400000, 0x00000000e3500000, 0x00000000e3500000|100%| O|  |TAMS 0x00000000e3500000, 0x00000000e3400000| Updating 
|  53|0x00000000e3500000, 0x00000000e3600000, 0x00000000e3600000|100%| O|  |TAMS 0x00000000e3600000, 0x00000000e3500000| Updating 
|  54|0x00000000e3600000, 0x00000000e3700000, 0x00000000e3700000|100%| O|  |TAMS 0x00000000e3700000, 0x00000000e3600000| Updating 
|  55|0x00000000e3700000, 0x00000000e3800000, 0x00000000e3800000|100%| O|  |TAMS 0x00000000e3800000, 0x00000000e3700000| Updating 
|  56|0x00000000e3800000, 0x00000000e3900000, 0x00000000e3900000|100%| O|  |TAMS 0x00000000e3900000, 0x00000000e3800000| Updating 
|  57|0x00000000e3900000, 0x00000000e3a00000, 0x00000000e3a00000|100%| O|  |TAMS 0x00000000e3a00000, 0x00000000e3900000| Updating 
|  58|0x00000000e3a00000, 0x00000000e3b00000, 0x00000000e3b00000|100%| O|  |TAMS 0x00000000e3b00000, 0x00000000e3a00000| Updating 
|  59|0x00000000e3b00000, 0x00000000e3c00000, 0x00000000e3c00000|100%| O|  |TAMS 0x00000000e3c00000, 0x00000000e3b00000| Updating 
|  60|0x00000000e3c00000, 0x00000000e3d00000, 0x00000000e3d00000|100%| O|  |TAMS 0x00000000e3d00000, 0x00000000e3c00000| Updating 
|  61|0x00000000e3d00000, 0x00000000e3e00000, 0x00000000e3e00000|100%| O|  |TAMS 0x00000000e3e00000, 0x00000000e3d00000| Updating 
|  62|0x00000000e3e00000, 0x00000000e3f00000, 0x00000000e3f00000|100%| O|  |TAMS 0x00000000e3f00000, 0x00000000e3e00000| Updating 
|  63|0x00000000e3f00000, 0x00000000e4000000, 0x00000000e4000000|100%| O|  |TAMS 0x00000000e4000000, 0x00000000e3f00000| Updating 
|  64|0x00000000e4000000, 0x00000000e4100000, 0x00000000e4100000|100%| O|  |TAMS 0x00000000e4100000, 0x00000000e4000000| Updating 
|  65|0x00000000e4100000, 0x00000000e4200000, 0x00000000e4200000|100%| O|  |TAMS 0x00000000e4200000, 0x00000000e4100000| Updating 
|  66|0x00000000e4200000, 0x00000000e4300000, 0x00000000e4300000|100%| O|  |TAMS 0x00000000e4300000, 0x00000000e4200000| Updating 
|  67|0x00000000e4300000, 0x00000000e4400000, 0x00000000e4400000|100%| O|  |TAMS 0x00000000e4400000, 0x00000000e4300000| Updating 
|  68|0x00000000e4400000, 0x00000000e4500000, 0x00000000e4500000|100%| O|  |TAMS 0x00000000e4500000, 0x00000000e4400000| Updating 
|  69|0x00000000e4500000, 0x00000000e4600000, 0x00000000e4600000|100%| O|  |TAMS 0x00000000e4600000, 0x00000000e4500000| Updating 
|  70|0x00000000e4600000, 0x00000000e4700000, 0x00000000e4700000|100%| O|  |TAMS 0x00000000e4700000, 0x00000000e4600000| Updating 
|  71|0x00000000e4700000, 0x00000000e4800000, 0x00000000e4800000|100%| O|  |TAMS 0x00000000e4800000, 0x00000000e4700000| Updating 
|  72|0x00000000e4800000, 0x00000000e4900000, 0x00000000e4900000|100%| O|  |TAMS 0x00000000e4900000, 0x00000000e4800000| Updating 
|  73|0x00000000e4900000, 0x00000000e4a00000, 0x00000000e4a00000|100%| O|  |TAMS 0x00000000e4a00000, 0x00000000e4900000| Updating 
|  74|0x00000000e4a00000, 0x00000000e4b00000, 0x00000000e4b00000|100%| O|  |TAMS 0x00000000e4b00000, 0x00000000e4a00000| Updating 
|  75|0x00000000e4b00000, 0x00000000e4c00000, 0x00000000e4c00000|100%| O|  |TAMS 0x00000000e4c00000, 0x00000000e4b00000| Updating 
|  76|0x00000000e4c00000, 0x00000000e4d00000, 0x00000000e4d00000|100%| O|  |TAMS 0x00000000e4d00000, 0x00000000e4c00000| Updating 
|  77|0x00000000e4d00000, 0x00000000e4e00000, 0x00000000e4e00000|100%| O|  |TAMS 0x00000000e4e00000, 0x00000000e4d00000| Updating 
|  78|0x00000000e4e00000, 0x00000000e4f00000, 0x00000000e4f00000|100%| O|  |TAMS 0x00000000e4f00000, 0x00000000e4e00000| Updating 
|  79|0x00000000e4f00000, 0x00000000e5000000, 0x00000000e5000000|100%| O|  |TAMS 0x00000000e5000000, 0x00000000e4f00000| Updating 
|  80|0x00000000e5000000, 0x00000000e5100000, 0x00000000e5100000|100%| O|  |TAMS 0x00000000e5100000, 0x00000000e5000000| Updating 
|  81|0x00000000e5100000, 0x00000000e5200000, 0x00000000e5200000|100%| O|  |TAMS 0x00000000e5200000, 0x00000000e5100000| Updating 
|  82|0x00000000e5200000, 0x00000000e5300000, 0x00000000e5300000|100%| O|  |TAMS 0x00000000e5300000, 0x00000000e5200000| Updating 
|  83|0x00000000e5300000, 0x00000000e5400000, 0x00000000e5400000|100%| O|  |TAMS 0x00000000e5400000, 0x00000000e5300000| Updating 
|  84|0x00000000e5400000, 0x00000000e5500000, 0x00000000e5500000|100%| O|  |TAMS 0x00000000e5500000, 0x00000000e5400000| Updating 
|  85|0x00000000e5500000, 0x00000000e5600000, 0x00000000e5600000|100%| O|  |TAMS 0x00000000e5600000, 0x00000000e5500000| Updating 
|  86|0x00000000e5600000, 0x00000000e5700000, 0x00000000e5700000|100%| O|  |TAMS 0x00000000e5700000, 0x00000000e5600000| Updating 
|  87|0x00000000e5700000, 0x00000000e5800000, 0x00000000e5800000|100%| O|  |TAMS 0x00000000e5800000, 0x00000000e5700000| Updating 
|  88|0x00000000e5800000, 0x00000000e5900000, 0x00000000e5900000|100%|HS|  |TAMS 0x00000000e5900000, 0x00000000e5800000| Complete 
|  89|0x00000000e5900000, 0x00000000e5a00000, 0x00000000e5a00000|100%|HC|  |TAMS 0x00000000e5a00000, 0x00000000e5900000| Complete 
|  90|0x00000000e5a00000, 0x00000000e5a00000, 0x00000000e5b00000|  0%| F|  |TAMS 0x00000000e5a00000, 0x00000000e5a00000| Untracked 
|  91|0x00000000e5b00000, 0x00000000e5c00000, 0x00000000e5c00000|100%| O|  |TAMS 0x00000000e5c00000, 0x00000000e5b00000| Updating 
|  92|0x00000000e5c00000, 0x00000000e5d00000, 0x00000000e5d00000|100%| O|  |TAMS 0x00000000e5d00000, 0x00000000e5c00000| Updating 
|  93|0x00000000e5d00000, 0x00000000e5e00000, 0x00000000e5e00000|100%| O|  |TAMS 0x00000000e5e00000, 0x00000000e5d00000| Updating 
|  94|0x00000000e5e00000, 0x00000000e5f00000, 0x00000000e5f00000|100%| O|  |TAMS 0x00000000e5f00000, 0x00000000e5e00000| Updating 
|  95|0x00000000e5f00000, 0x00000000e6000000, 0x00000000e6000000|100%| O|  |TAMS 0x00000000e6000000, 0x00000000e5f00000| Updating 
|  96|0x00000000e6000000, 0x00000000e6100000, 0x00000000e6100000|100%| O|  |TAMS 0x00000000e6100000, 0x00000000e6000000| Updating 
|  97|0x00000000e6100000, 0x00000000e6200000, 0x00000000e6200000|100%| O|  |TAMS 0x00000000e6200000, 0x00000000e6100000| Updating 
|  98|0x00000000e6200000, 0x00000000e6300000, 0x00000000e6300000|100%| O|  |TAMS 0x00000000e6300000, 0x00000000e6200000| Updating 
|  99|0x00000000e6300000, 0x00000000e6400000, 0x00000000e6400000|100%| O|  |TAMS 0x00000000e6400000, 0x00000000e6300000| Updating 
| 100|0x00000000e6400000, 0x00000000e6500000, 0x00000000e6500000|100%| O|  |TAMS 0x00000000e6500000, 0x00000000e6400000| Updating 
| 101|0x00000000e6500000, 0x00000000e6600000, 0x00000000e6600000|100%| O|  |TAMS 0x00000000e6600000, 0x00000000e6500000| Updating 
| 102|0x00000000e6600000, 0x00000000e6700000, 0x00000000e6700000|100%| O|  |TAMS 0x00000000e6700000, 0x00000000e6600000| Updating 
| 103|0x00000000e6700000, 0x00000000e6800000, 0x00000000e6800000|100%| O|  |TAMS 0x00000000e6800000, 0x00000000e6700000| Updating 
| 104|0x00000000e6800000, 0x00000000e6900000, 0x00000000e6900000|100%| O|  |TAMS 0x00000000e6900000, 0x00000000e6800000| Updating 
| 105|0x00000000e6900000, 0x00000000e6a00000, 0x00000000e6a00000|100%| O|  |TAMS 0x00000000e6a00000, 0x00000000e6900000| Updating 
| 106|0x00000000e6a00000, 0x00000000e6b00000, 0x00000000e6b00000|100%| O|  |TAMS 0x00000000e6b00000, 0x00000000e6a00000| Updating 
| 107|0x00000000e6b00000, 0x00000000e6c00000, 0x00000000e6c00000|100%| O|  |TAMS 0x00000000e6c00000, 0x00000000e6b00000| Updating 
| 108|0x00000000e6c00000, 0x00000000e6d00000, 0x00000000e6d00000|100%| O|  |TAMS 0x00000000e6d00000, 0x00000000e6c00000| Updating 
| 109|0x00000000e6d00000, 0x00000000e6e00000, 0x00000000e6e00000|100%| O|  |TAMS 0x00000000e6e00000, 0x00000000e6d00000| Updating 
| 110|0x00000000e6e00000, 0x00000000e6f00000, 0x00000000e6f00000|100%| O|  |TAMS 0x00000000e6f00000, 0x00000000e6e00000| Updating 
| 111|0x00000000e6f00000, 0x00000000e7000000, 0x00000000e7000000|100%| O|  |TAMS 0x00000000e7000000, 0x00000000e6f00000| Updating 
| 112|0x00000000e7000000, 0x00000000e7100000, 0x00000000e7100000|100%| O|  |TAMS 0x00000000e7100000, 0x00000000e7000000| Updating 
| 113|0x00000000e7100000, 0x00000000e7200000, 0x00000000e7200000|100%| O|  |TAMS 0x00000000e7200000, 0x00000000e7100000| Updating 
| 114|0x00000000e7200000, 0x00000000e7300000, 0x00000000e7300000|100%| O|  |TAMS 0x00000000e7300000, 0x00000000e7200000| Updating 
| 115|0x00000000e7300000, 0x00000000e7400000, 0x00000000e7400000|100%| O|  |TAMS 0x00000000e7400000, 0x00000000e7300000| Updating 
| 116|0x00000000e7400000, 0x00000000e7500000, 0x00000000e7500000|100%| O|  |TAMS 0x00000000e7500000, 0x00000000e7400000| Updating 
| 117|0x00000000e7500000, 0x00000000e7600000, 0x00000000e7600000|100%| O|  |TAMS 0x00000000e7600000, 0x00000000e7500000| Updating 
| 118|0x00000000e7600000, 0x00000000e7700000, 0x00000000e7700000|100%| O|  |TAMS 0x00000000e7700000, 0x00000000e7600000| Updating 
| 119|0x00000000e7700000, 0x00000000e7800000, 0x00000000e7800000|100%| O|  |TAMS 0x00000000e7800000, 0x00000000e7700000| Updating 
| 120|0x00000000e7800000, 0x00000000e7900000, 0x00000000e7900000|100%| O|  |TAMS 0x00000000e7900000, 0x00000000e7800000| Updating 
| 121|0x00000000e7900000, 0x00000000e7a00000, 0x00000000e7a00000|100%| O|  |TAMS 0x00000000e7a00000, 0x00000000e7900000| Updating 
| 122|0x00000000e7a00000, 0x00000000e7a00000, 0x00000000e7b00000|  0%| F|  |TAMS 0x00000000e7a00000, 0x00000000e7a00000| Untracked 
| 123|0x00000000e7b00000, 0x00000000e7c00000, 0x00000000e7c00000|100%| O|  |TAMS 0x00000000e7c00000, 0x00000000e7b00000| Updating 
| 124|0x00000000e7c00000, 0x00000000e7d00000, 0x00000000e7d00000|100%| O|  |TAMS 0x00000000e7d00000, 0x00000000e7c00000| Updating 
| 125|0x00000000e7d00000, 0x00000000e7e00000, 0x00000000e7e00000|100%| O|  |TAMS 0x00000000e7e00000, 0x00000000e7d00000| Updating 
| 126|0x00000000e7e00000, 0x00000000e7f00000, 0x00000000e7f00000|100%| O|  |TAMS 0x00000000e7f00000, 0x00000000e7e00000| Updating 
| 127|0x00000000e7f00000, 0x00000000e8000000, 0x00000000e8000000|100%| O|  |TAMS 0x00000000e8000000, 0x00000000e7f00000| Updating 
| 128|0x00000000e8000000, 0x00000000e8100000, 0x00000000e8100000|100%| O|  |TAMS 0x00000000e8100000, 0x00000000e8000000| Updating 
| 129|0x00000000e8100000, 0x00000000e8200000, 0x00000000e8200000|100%| O|  |TAMS 0x00000000e8200000, 0x00000000e8100000| Updating 
| 130|0x00000000e8200000, 0x00000000e8300000, 0x00000000e8300000|100%| O|  |TAMS 0x00000000e8300000, 0x00000000e8200000| Updating 
| 131|0x00000000e8300000, 0x00000000e8400000, 0x00000000e8400000|100%| O|  |TAMS 0x00000000e8400000, 0x00000000e8300000| Updating 
| 132|0x00000000e8400000, 0x00000000e8500000, 0x00000000e8500000|100%| O|  |TAMS 0x00000000e8500000, 0x00000000e8400000| Updating 
| 133|0x00000000e8500000, 0x00000000e8600000, 0x00000000e8600000|100%| O|  |TAMS 0x00000000e8600000, 0x00000000e8500000| Updating 
| 134|0x00000000e8600000, 0x00000000e8600000, 0x00000000e8700000|  0%| F|  |TAMS 0x00000000e8600000, 0x00000000e8600000| Untracked 
| 135|0x00000000e8700000, 0x00000000e8800000, 0x00000000e8800000|100%| O|  |TAMS 0x00000000e8800000, 0x00000000e8700000| Updating 
| 136|0x00000000e8800000, 0x00000000e8900000, 0x00000000e8900000|100%| O|  |TAMS 0x00000000e8900000, 0x00000000e8800000| Updating 
| 137|0x00000000e8900000, 0x00000000e8a00000, 0x00000000e8a00000|100%| O|  |TAMS 0x00000000e8a00000, 0x00000000e8900000| Updating 
| 138|0x00000000e8a00000, 0x00000000e8a48400, 0x00000000e8b00000| 28%| O|  |TAMS 0x00000000e8a48400, 0x00000000e8a00000| Updating 
| 139|0x00000000e8b00000, 0x00000000e8b00000, 0x00000000e8c00000|  0%| F|  |TAMS 0x00000000e8b00000, 0x00000000e8b00000| Untracked 
| 140|0x00000000e8c00000, 0x00000000e8c00000, 0x00000000e8d00000|  0%| F|  |TAMS 0x00000000e8c00000, 0x00000000e8c00000| Untracked 
| 141|0x00000000e8d00000, 0x00000000e8d00000, 0x00000000e8e00000|  0%| F|  |TAMS 0x00000000e8d00000, 0x00000000e8d00000| Untracked 
| 142|0x00000000e8e00000, 0x00000000e8e00000, 0x00000000e8f00000|  0%| F|  |TAMS 0x00000000e8e00000, 0x00000000e8e00000| Untracked 
| 143|0x00000000e8f00000, 0x00000000e8f00000, 0x00000000e9000000|  0%| F|  |TAMS 0x00000000e8f00000, 0x00000000e8f00000| Untracked 
| 144|0x00000000e9000000, 0x00000000e9000000, 0x00000000e9100000|  0%| F|  |TAMS 0x00000000e9000000, 0x00000000e9000000| Untracked 
| 145|0x00000000e9100000, 0x00000000e9100000, 0x00000000e9200000|  0%| F|  |TAMS 0x00000000e9100000, 0x00000000e9100000| Untracked 
| 146|0x00000000e9200000, 0x00000000e9200000, 0x00000000e9300000|  0%| F|  |TAMS 0x00000000e9200000, 0x00000000e9200000| Untracked 
| 147|0x00000000e9300000, 0x00000000e9300000, 0x00000000e9400000|  0%| F|  |TAMS 0x00000000e9300000, 0x00000000e9300000| Untracked 
| 148|0x00000000e9400000, 0x00000000e9400000, 0x00000000e9500000|  0%| F|  |TAMS 0x00000000e9400000, 0x00000000e9400000| Untracked 
| 149|0x00000000e9500000, 0x00000000e9500000, 0x00000000e9600000|  0%| F|  |TAMS 0x00000000e9500000, 0x00000000e9500000| Untracked 
| 150|0x00000000e9600000, 0x00000000e9600000, 0x00000000e9700000|  0%| F|  |TAMS 0x00000000e9600000, 0x00000000e9600000| Untracked 
| 151|0x00000000e9700000, 0x00000000e9700000, 0x00000000e9800000|  0%| F|  |TAMS 0x00000000e9700000, 0x00000000e9700000| Untracked 
| 152|0x00000000e9800000, 0x00000000e9800000, 0x00000000e9900000|  0%| F|  |TAMS 0x00000000e9800000, 0x00000000e9800000| Untracked 
| 153|0x00000000e9900000, 0x00000000e9900000, 0x00000000e9a00000|  0%| F|  |TAMS 0x00000000e9900000, 0x00000000e9900000| Untracked 
| 154|0x00000000e9a00000, 0x00000000e9a00000, 0x00000000e9b00000|  0%| F|  |TAMS 0x00000000e9a00000, 0x00000000e9a00000| Untracked 
| 155|0x00000000e9b00000, 0x00000000e9b00000, 0x00000000e9c00000|  0%| F|  |TAMS 0x00000000e9b00000, 0x00000000e9b00000| Untracked 
| 156|0x00000000e9c00000, 0x00000000e9c00000, 0x00000000e9d00000|  0%| F|  |TAMS 0x00000000e9c00000, 0x00000000e9c00000| Untracked 
| 157|0x00000000e9d00000, 0x00000000e9e00000, 0x00000000e9e00000|100%| O|  |TAMS 0x00000000e9e00000, 0x00000000e9d00000| Updating 
| 158|0x00000000e9e00000, 0x00000000e9f00000, 0x00000000e9f00000|100%| O|  |TAMS 0x00000000e9f00000, 0x00000000e9e00000| Updating 
| 159|0x00000000e9f00000, 0x00000000ea000000, 0x00000000ea000000|100%| O|  |TAMS 0x00000000ea000000, 0x00000000e9f00000| Updating 
| 160|0x00000000ea000000, 0x00000000ea100000, 0x00000000ea100000|100%| O|  |TAMS 0x00000000ea100000, 0x00000000ea000000| Updating 
| 161|0x00000000ea100000, 0x00000000ea100000, 0x00000000ea200000|  0%| F|  |TAMS 0x00000000ea100000, 0x00000000ea100000| Untracked 
| 162|0x00000000ea200000, 0x00000000ea200000, 0x00000000ea300000|  0%| F|  |TAMS 0x00000000ea200000, 0x00000000ea200000| Untracked 
| 163|0x00000000ea300000, 0x00000000ea400000, 0x00000000ea400000|100%| O|  |TAMS 0x00000000ea400000, 0x00000000ea300000| Updating 
| 164|0x00000000ea400000, 0x00000000ea500000, 0x00000000ea500000|100%| O|  |TAMS 0x00000000ea500000, 0x00000000ea400000| Updating 
| 165|0x00000000ea500000, 0x00000000ea600000, 0x00000000ea600000|100%| O|  |TAMS 0x00000000ea600000, 0x00000000ea500000| Updating 
| 166|0x00000000ea600000, 0x00000000ea600000, 0x00000000ea700000|  0%| F|  |TAMS 0x00000000ea600000, 0x00000000ea600000| Untracked 
| 167|0x00000000ea700000, 0x00000000ea700000, 0x00000000ea800000|  0%| F|  |TAMS 0x00000000ea700000, 0x00000000ea700000| Untracked 
| 168|0x00000000ea800000, 0x00000000ea800000, 0x00000000ea900000|  0%| F|  |TAMS 0x00000000ea800000, 0x00000000ea800000| Untracked 
| 169|0x00000000ea900000, 0x00000000ea900000, 0x00000000eaa00000|  0%| F|  |TAMS 0x00000000ea900000, 0x00000000ea900000| Untracked 
| 170|0x00000000eaa00000, 0x00000000eaa00000, 0x00000000eab00000|  0%| F|  |TAMS 0x00000000eaa00000, 0x00000000eaa00000| Untracked 
| 171|0x00000000eab00000, 0x00000000eab00000, 0x00000000eac00000|  0%| F|  |TAMS 0x00000000eab00000, 0x00000000eab00000| Untracked 
| 172|0x00000000eac00000, 0x00000000ead00000, 0x00000000ead00000|100%| O|  |TAMS 0x00000000ead00000, 0x00000000eac00000| Updating 
| 173|0x00000000ead00000, 0x00000000eae00000, 0x00000000eae00000|100%| O|  |TAMS 0x00000000eae00000, 0x00000000ead00000| Updating 
| 174|0x00000000eae00000, 0x00000000eae00000, 0x00000000eaf00000|  0%| F|  |TAMS 0x00000000eae00000, 0x00000000eae00000| Untracked 
| 175|0x00000000eaf00000, 0x00000000eaf00000, 0x00000000eb000000|  0%| F|  |TAMS 0x00000000eaf00000, 0x00000000eaf00000| Untracked 
| 176|0x00000000eb000000, 0x00000000eb100000, 0x00000000eb100000|100%| O|  |TAMS 0x00000000eb100000, 0x00000000eb000000| Updating 
| 177|0x00000000eb100000, 0x00000000eb100000, 0x00000000eb200000|  0%| F|  |TAMS 0x00000000eb100000, 0x00000000eb100000| Untracked 
| 178|0x00000000eb200000, 0x00000000eb300000, 0x00000000eb300000|100%| O|  |TAMS 0x00000000eb300000, 0x00000000eb200000| Updating 
| 179|0x00000000eb300000, 0x00000000eb300000, 0x00000000eb400000|  0%| F|  |TAMS 0x00000000eb300000, 0x00000000eb300000| Untracked 
| 180|0x00000000eb400000, 0x00000000eb500000, 0x00000000eb500000|100%| O|  |TAMS 0x00000000eb500000, 0x00000000eb400000| Updating 
| 181|0x00000000eb500000, 0x00000000eb500000, 0x00000000eb600000|  0%| F|  |TAMS 0x00000000eb500000, 0x00000000eb500000| Untracked 
| 182|0x00000000eb600000, 0x00000000eb600000, 0x00000000eb700000|  0%| F|  |TAMS 0x00000000eb600000, 0x00000000eb600000| Untracked 
| 183|0x00000000eb700000, 0x00000000eb700000, 0x00000000eb800000|  0%| F|  |TAMS 0x00000000eb700000, 0x00000000eb700000| Untracked 
| 184|0x00000000eb800000, 0x00000000eb900000, 0x00000000eb900000|100%| O|  |TAMS 0x00000000eb900000, 0x00000000eb800000| Updating 
| 185|0x00000000eb900000, 0x00000000eba00000, 0x00000000eba00000|100%| O|  |TAMS 0x00000000eba00000, 0x00000000eb900000| Updating 
| 186|0x00000000eba00000, 0x00000000ebb00000, 0x00000000ebb00000|100%| O|  |TAMS 0x00000000ebb00000, 0x00000000eba00000| Updating 
| 187|0x00000000ebb00000, 0x00000000ebb00000, 0x00000000ebc00000|  0%| F|  |TAMS 0x00000000ebb00000, 0x00000000ebb00000| Untracked 
| 188|0x00000000ebc00000, 0x00000000ebd00000, 0x00000000ebd00000|100%| O|  |TAMS 0x00000000ebd00000, 0x00000000ebc00000| Updating 
| 189|0x00000000ebd00000, 0x00000000ebe00000, 0x00000000ebe00000|100%| O|  |TAMS 0x00000000ebe00000, 0x00000000ebd00000| Updating 
| 190|0x00000000ebe00000, 0x00000000ebf00000, 0x00000000ebf00000|100%| O|  |TAMS 0x00000000ebf00000, 0x00000000ebe00000| Updating 
| 191|0x00000000ebf00000, 0x00000000ec000000, 0x00000000ec000000|100%| O|  |TAMS 0x00000000ec000000, 0x00000000ebf00000| Updating 
| 192|0x00000000ec000000, 0x00000000ec100000, 0x00000000ec100000|100%| O|  |TAMS 0x00000000ec100000, 0x00000000ec000000| Updating 
| 193|0x00000000ec100000, 0x00000000ec100000, 0x00000000ec200000|  0%| F|  |TAMS 0x00000000ec100000, 0x00000000ec100000| Untracked 
| 194|0x00000000ec200000, 0x00000000ec300000, 0x00000000ec300000|100%| O|  |TAMS 0x00000000ec300000, 0x00000000ec200000| Updating 
| 195|0x00000000ec300000, 0x00000000ec400000, 0x00000000ec400000|100%| O|  |TAMS 0x00000000ec400000, 0x00000000ec300000| Updating 
| 196|0x00000000ec400000, 0x00000000ec500000, 0x00000000ec500000|100%| O|  |TAMS 0x00000000ec500000, 0x00000000ec400000| Updating 
| 197|0x00000000ec500000, 0x00000000ec600000, 0x00000000ec600000|100%| O|  |TAMS 0x00000000ec600000, 0x00000000ec500000| Updating 
| 198|0x00000000ec600000, 0x00000000ec600000, 0x00000000ec700000|  0%| F|  |TAMS 0x00000000ec600000, 0x00000000ec600000| Untracked 
| 199|0x00000000ec700000, 0x00000000ec800000, 0x00000000ec800000|100%| O|  |TAMS 0x00000000ec800000, 0x00000000ec700000| Updating 
| 200|0x00000000ec800000, 0x00000000ec900000, 0x00000000ec900000|100%| O|  |TAMS 0x00000000ec900000, 0x00000000ec800000| Updating 
| 201|0x00000000ec900000, 0x00000000eca00000, 0x00000000eca00000|100%| O|  |TAMS 0x00000000eca00000, 0x00000000ec900000| Updating 
| 202|0x00000000eca00000, 0x00000000eca00000, 0x00000000ecb00000|  0%| F|  |TAMS 0x00000000eca00000, 0x00000000eca00000| Untracked 
| 203|0x00000000ecb00000, 0x00000000ecc00000, 0x00000000ecc00000|100%| O|  |TAMS 0x00000000ecc00000, 0x00000000ecb00000| Updating 
| 204|0x00000000ecc00000, 0x00000000ecc00000, 0x00000000ecd00000|  0%| F|  |TAMS 0x00000000ecc00000, 0x00000000ecc00000| Untracked 
| 205|0x00000000ecd00000, 0x00000000ece00000, 0x00000000ece00000|100%| O|  |TAMS 0x00000000ece00000, 0x00000000ecd00000| Updating 
| 206|0x00000000ece00000, 0x00000000ecf00000, 0x00000000ecf00000|100%| O|  |TAMS 0x00000000ecf00000, 0x00000000ece00000| Updating 
| 207|0x00000000ecf00000, 0x00000000ed000000, 0x00000000ed000000|100%| O|  |TAMS 0x00000000ed000000, 0x00000000ecf00000| Updating 
| 208|0x00000000ed000000, 0x00000000ed100000, 0x00000000ed100000|100%| O|  |TAMS 0x00000000ed100000, 0x00000000ed000000| Updating 
| 209|0x00000000ed100000, 0x00000000ed200000, 0x00000000ed200000|100%| O|  |TAMS 0x00000000ed200000, 0x00000000ed100000| Updating 
| 210|0x00000000ed200000, 0x00000000ed300000, 0x00000000ed300000|100%| O|  |TAMS 0x00000000ed300000, 0x00000000ed200000| Updating 
| 211|0x00000000ed300000, 0x00000000ed400000, 0x00000000ed400000|100%| O|  |TAMS 0x00000000ed400000, 0x00000000ed300000| Updating 
| 212|0x00000000ed400000, 0x00000000ed400000, 0x00000000ed500000|  0%| F|  |TAMS 0x00000000ed400000, 0x00000000ed400000| Untracked 
| 213|0x00000000ed500000, 0x00000000ed500000, 0x00000000ed600000|  0%| F|  |TAMS 0x00000000ed500000, 0x00000000ed500000| Untracked 
| 214|0x00000000ed600000, 0x00000000ed600000, 0x00000000ed700000|  0%| F|  |TAMS 0x00000000ed600000, 0x00000000ed600000| Untracked 
| 215|0x00000000ed700000, 0x00000000ed700000, 0x00000000ed800000|  0%| F|  |TAMS 0x00000000ed700000, 0x00000000ed700000| Untracked 
| 216|0x00000000ed800000, 0x00000000ed800000, 0x00000000ed900000|  0%| F|  |TAMS 0x00000000ed800000, 0x00000000ed800000| Untracked 
| 217|0x00000000ed900000, 0x00000000ed900000, 0x00000000eda00000|  0%| F|  |TAMS 0x00000000ed900000, 0x00000000ed900000| Untracked 
| 218|0x00000000eda00000, 0x00000000eda00000, 0x00000000edb00000|  0%| F|  |TAMS 0x00000000eda00000, 0x00000000eda00000| Untracked 
| 219|0x00000000edb00000, 0x00000000edb00000, 0x00000000edc00000|  0%| F|  |TAMS 0x00000000edb00000, 0x00000000edb00000| Untracked 
| 220|0x00000000edc00000, 0x00000000edc00000, 0x00000000edd00000|  0%| F|  |TAMS 0x00000000edc00000, 0x00000000edc00000| Untracked 
| 221|0x00000000edd00000, 0x00000000edd00000, 0x00000000ede00000|  0%| F|  |TAMS 0x00000000edd00000, 0x00000000edd00000| Untracked 
| 222|0x00000000ede00000, 0x00000000ede00000, 0x00000000edf00000|  0%| F|  |TAMS 0x00000000ede00000, 0x00000000ede00000| Untracked 
| 223|0x00000000edf00000, 0x00000000edf4cef0, 0x00000000ee000000| 30%| S|CS|TAMS 0x00000000edf00000, 0x00000000edf00000| Complete 
| 224|0x00000000ee000000, 0x00000000ee100000, 0x00000000ee100000|100%| S|CS|TAMS 0x00000000ee000000, 0x00000000ee000000| Complete 
| 225|0x00000000ee100000, 0x00000000ee200000, 0x00000000ee200000|100%| S|CS|TAMS 0x00000000ee100000, 0x00000000ee100000| Complete 
| 226|0x00000000ee200000, 0x00000000ee300000, 0x00000000ee300000|100%| S|CS|TAMS 0x00000000ee200000, 0x00000000ee200000| Complete 
| 227|0x00000000ee300000, 0x00000000ee300000, 0x00000000ee400000|  0%| F|  |TAMS 0x00000000ee300000, 0x00000000ee300000| Untracked 
| 228|0x00000000ee400000, 0x00000000ee400000, 0x00000000ee500000|  0%| F|  |TAMS 0x00000000ee400000, 0x00000000ee400000| Untracked 
| 229|0x00000000ee500000, 0x00000000ee500000, 0x00000000ee600000|  0%| F|  |TAMS 0x00000000ee500000, 0x00000000ee500000| Untracked 
| 230|0x00000000ee600000, 0x00000000ee600000, 0x00000000ee700000|  0%| F|  |TAMS 0x00000000ee600000, 0x00000000ee600000| Untracked 
| 231|0x00000000ee700000, 0x00000000ee700000, 0x00000000ee800000|  0%| F|  |TAMS 0x00000000ee700000, 0x00000000ee700000| Untracked 
| 232|0x00000000ee800000, 0x00000000ee800000, 0x00000000ee900000|  0%| F|  |TAMS 0x00000000ee800000, 0x00000000ee800000| Untracked 
| 233|0x00000000ee900000, 0x00000000ee900000, 0x00000000eea00000|  0%| F|  |TAMS 0x00000000ee900000, 0x00000000ee900000| Untracked 
| 234|0x00000000eea00000, 0x00000000eea00000, 0x00000000eeb00000|  0%| F|  |TAMS 0x00000000eea00000, 0x00000000eea00000| Untracked 
| 235|0x00000000eeb00000, 0x00000000eeb00000, 0x00000000eec00000|  0%| F|  |TAMS 0x00000000eeb00000, 0x00000000eeb00000| Untracked 
| 236|0x00000000eec00000, 0x00000000eec00000, 0x00000000eed00000|  0%| F|  |TAMS 0x00000000eec00000, 0x00000000eec00000| Untracked 
| 237|0x00000000eed00000, 0x00000000eed00000, 0x00000000eee00000|  0%| F|  |TAMS 0x00000000eed00000, 0x00000000eed00000| Untracked 
| 238|0x00000000eee00000, 0x00000000eee00000, 0x00000000eef00000|  0%| F|  |TAMS 0x00000000eee00000, 0x00000000eee00000| Untracked 
| 239|0x00000000eef00000, 0x00000000eef00000, 0x00000000ef000000|  0%| F|  |TAMS 0x00000000eef00000, 0x00000000eef00000| Untracked 
| 240|0x00000000ef000000, 0x00000000ef000000, 0x00000000ef100000|  0%| F|  |TAMS 0x00000000ef000000, 0x00000000ef000000| Untracked 
| 241|0x00000000ef100000, 0x00000000ef100000, 0x00000000ef200000|  0%| F|  |TAMS 0x00000000ef100000, 0x00000000ef100000| Untracked 
| 242|0x00000000ef200000, 0x00000000ef200000, 0x00000000ef300000|  0%| F|  |TAMS 0x00000000ef200000, 0x00000000ef200000| Untracked 
| 243|0x00000000ef300000, 0x00000000ef300000, 0x00000000ef400000|  0%| F|  |TAMS 0x00000000ef300000, 0x00000000ef300000| Untracked 
| 244|0x00000000ef400000, 0x00000000ef400000, 0x00000000ef500000|  0%| F|  |TAMS 0x00000000ef400000, 0x00000000ef400000| Untracked 
| 245|0x00000000ef500000, 0x00000000ef500000, 0x00000000ef600000|  0%| F|  |TAMS 0x00000000ef500000, 0x00000000ef500000| Untracked 
| 246|0x00000000ef600000, 0x00000000ef600000, 0x00000000ef700000|  0%| F|  |TAMS 0x00000000ef600000, 0x00000000ef600000| Untracked 
| 247|0x00000000ef700000, 0x00000000ef700000, 0x00000000ef800000|  0%| F|  |TAMS 0x00000000ef700000, 0x00000000ef700000| Untracked 
| 248|0x00000000ef800000, 0x00000000ef800000, 0x00000000ef900000|  0%| F|  |TAMS 0x00000000ef800000, 0x00000000ef800000| Untracked 
| 249|0x00000000ef900000, 0x00000000ef900000, 0x00000000efa00000|  0%| F|  |TAMS 0x00000000ef900000, 0x00000000ef900000| Untracked 
| 250|0x00000000efa00000, 0x00000000efa00000, 0x00000000efb00000|  0%| F|  |TAMS 0x00000000efa00000, 0x00000000efa00000| Untracked 
| 251|0x00000000efb00000, 0x00000000efb00000, 0x00000000efc00000|  0%| F|  |TAMS 0x00000000efb00000, 0x00000000efb00000| Untracked 
| 252|0x00000000efc00000, 0x00000000efc00000, 0x00000000efd00000|  0%| F|  |TAMS 0x00000000efc00000, 0x00000000efc00000| Untracked 
| 253|0x00000000efd00000, 0x00000000efd00000, 0x00000000efe00000|  0%| F|  |TAMS 0x00000000efd00000, 0x00000000efd00000| Untracked 
| 254|0x00000000efe00000, 0x00000000efe00000, 0x00000000eff00000|  0%| F|  |TAMS 0x00000000efe00000, 0x00000000efe00000| Untracked 
| 255|0x00000000eff00000, 0x00000000eff00000, 0x00000000f0000000|  0%| F|  |TAMS 0x00000000eff00000, 0x00000000eff00000| Untracked 
| 256|0x00000000f0000000, 0x00000000f0000000, 0x00000000f0100000|  0%| F|  |TAMS 0x00000000f0000000, 0x00000000f0000000| Untracked 
| 257|0x00000000f0100000, 0x00000000f0100000, 0x00000000f0200000|  0%| F|  |TAMS 0x00000000f0100000, 0x00000000f0100000| Untracked 
| 258|0x00000000f0200000, 0x00000000f0200000, 0x00000000f0300000|  0%| F|  |TAMS 0x00000000f0200000, 0x00000000f0200000| Untracked 
| 259|0x00000000f0300000, 0x00000000f0300000, 0x00000000f0400000|  0%| F|  |TAMS 0x00000000f0300000, 0x00000000f0300000| Untracked 
| 260|0x00000000f0400000, 0x00000000f0400000, 0x00000000f0500000|  0%| F|  |TAMS 0x00000000f0400000, 0x00000000f0400000| Untracked 
| 261|0x00000000f0500000, 0x00000000f0500000, 0x00000000f0600000|  0%| F|  |TAMS 0x00000000f0500000, 0x00000000f0500000| Untracked 
| 262|0x00000000f0600000, 0x00000000f0600000, 0x00000000f0700000|  0%| F|  |TAMS 0x00000000f0600000, 0x00000000f0600000| Untracked 
| 263|0x00000000f0700000, 0x00000000f0700000, 0x00000000f0800000|  0%| F|  |TAMS 0x00000000f0700000, 0x00000000f0700000| Untracked 
| 264|0x00000000f0800000, 0x00000000f0800000, 0x00000000f0900000|  0%| F|  |TAMS 0x00000000f0800000, 0x00000000f0800000| Untracked 
| 265|0x00000000f0900000, 0x00000000f0900000, 0x00000000f0a00000|  0%| F|  |TAMS 0x00000000f0900000, 0x00000000f0900000| Untracked 
| 266|0x00000000f0a00000, 0x00000000f0a00000, 0x00000000f0b00000|  0%| F|  |TAMS 0x00000000f0a00000, 0x00000000f0a00000| Untracked 
| 267|0x00000000f0b00000, 0x00000000f0b00000, 0x00000000f0c00000|  0%| F|  |TAMS 0x00000000f0b00000, 0x00000000f0b00000| Untracked 
| 268|0x00000000f0c00000, 0x00000000f0c00000, 0x00000000f0d00000|  0%| F|  |TAMS 0x00000000f0c00000, 0x00000000f0c00000| Untracked 
| 269|0x00000000f0d00000, 0x00000000f0d00000, 0x00000000f0e00000|  0%| F|  |TAMS 0x00000000f0d00000, 0x00000000f0d00000| Untracked 
| 270|0x00000000f0e00000, 0x00000000f0e00000, 0x00000000f0f00000|  0%| F|  |TAMS 0x00000000f0e00000, 0x00000000f0e00000| Untracked 
| 271|0x00000000f0f00000, 0x00000000f0f00000, 0x00000000f1000000|  0%| F|  |TAMS 0x00000000f0f00000, 0x00000000f0f00000| Untracked 
| 272|0x00000000f1000000, 0x00000000f1000000, 0x00000000f1100000|  0%| F|  |TAMS 0x00000000f1000000, 0x00000000f1000000| Untracked 
| 273|0x00000000f1100000, 0x00000000f1100000, 0x00000000f1200000|  0%| F|  |TAMS 0x00000000f1100000, 0x00000000f1100000| Untracked 
| 274|0x00000000f1200000, 0x00000000f12f6558, 0x00000000f1300000| 96%| E|  |TAMS 0x00000000f1200000, 0x00000000f1200000| Complete 
| 275|0x00000000f1300000, 0x00000000f1400000, 0x00000000f1400000|100%| E|CS|TAMS 0x00000000f1300000, 0x00000000f1300000| Complete 
| 276|0x00000000f1400000, 0x00000000f1500000, 0x00000000f1500000|100%| E|CS|TAMS 0x00000000f1400000, 0x00000000f1400000| Complete 
| 277|0x00000000f1500000, 0x00000000f1600000, 0x00000000f1600000|100%| E|CS|TAMS 0x00000000f1500000, 0x00000000f1500000| Complete 
| 278|0x00000000f1600000, 0x00000000f1700000, 0x00000000f1700000|100%| E|CS|TAMS 0x00000000f1600000, 0x00000000f1600000| Complete 
| 279|0x00000000f1700000, 0x00000000f1800000, 0x00000000f1800000|100%| E|CS|TAMS 0x00000000f1700000, 0x00000000f1700000| Complete 
| 280|0x00000000f1800000, 0x00000000f1900000, 0x00000000f1900000|100%| E|CS|TAMS 0x00000000f1800000, 0x00000000f1800000| Complete 
| 281|0x00000000f1900000, 0x00000000f1a00000, 0x00000000f1a00000|100%| E|CS|TAMS 0x00000000f1900000, 0x00000000f1900000| Complete 
| 282|0x00000000f1a00000, 0x00000000f1b00000, 0x00000000f1b00000|100%| E|CS|TAMS 0x00000000f1a00000, 0x00000000f1a00000| Complete 
| 283|0x00000000f1b00000, 0x00000000f1c00000, 0x00000000f1c00000|100%| E|CS|TAMS 0x00000000f1b00000, 0x00000000f1b00000| Complete 
| 284|0x00000000f1c00000, 0x00000000f1d00000, 0x00000000f1d00000|100%| E|CS|TAMS 0x00000000f1c00000, 0x00000000f1c00000| Complete 
| 285|0x00000000f1d00000, 0x00000000f1e00000, 0x00000000f1e00000|100%| E|CS|TAMS 0x00000000f1d00000, 0x00000000f1d00000| Complete 
| 286|0x00000000f1e00000, 0x00000000f1f00000, 0x00000000f1f00000|100%| E|CS|TAMS 0x00000000f1e00000, 0x00000000f1e00000| Complete 
| 287|0x00000000f1f00000, 0x00000000f2000000, 0x00000000f2000000|100%| E|CS|TAMS 0x00000000f1f00000, 0x00000000f1f00000| Complete 
| 288|0x00000000f2000000, 0x00000000f2100000, 0x00000000f2100000|100%| E|CS|TAMS 0x00000000f2000000, 0x00000000f2000000| Complete 
| 289|0x00000000f2100000, 0x00000000f2200000, 0x00000000f2200000|100%| E|CS|TAMS 0x00000000f2100000, 0x00000000f2100000| Complete 
| 290|0x00000000f2200000, 0x00000000f2300000, 0x00000000f2300000|100%| E|CS|TAMS 0x00000000f2200000, 0x00000000f2200000| Complete 
| 291|0x00000000f2300000, 0x00000000f2400000, 0x00000000f2400000|100%| E|CS|TAMS 0x00000000f2300000, 0x00000000f2300000| Complete 
| 292|0x00000000f2400000, 0x00000000f2500000, 0x00000000f2500000|100%| E|CS|TAMS 0x00000000f2400000, 0x00000000f2400000| Complete 
| 293|0x00000000f2500000, 0x00000000f2600000, 0x00000000f2600000|100%| E|CS|TAMS 0x00000000f2500000, 0x00000000f2500000| Complete 
| 294|0x00000000f2600000, 0x00000000f2700000, 0x00000000f2700000|100%| E|CS|TAMS 0x00000000f2600000, 0x00000000f2600000| Complete 
| 295|0x00000000f2700000, 0x00000000f2800000, 0x00000000f2800000|100%| E|CS|TAMS 0x00000000f2700000, 0x00000000f2700000| Complete 
| 296|0x00000000f2800000, 0x00000000f2900000, 0x00000000f2900000|100%| E|CS|TAMS 0x00000000f2800000, 0x00000000f2800000| Complete 
| 297|0x00000000f2900000, 0x00000000f2a00000, 0x00000000f2a00000|100%| E|CS|TAMS 0x00000000f2900000, 0x00000000f2900000| Complete 
| 298|0x00000000f2a00000, 0x00000000f2b00000, 0x00000000f2b00000|100%| E|CS|TAMS 0x00000000f2a00000, 0x00000000f2a00000| Complete 
| 299|0x00000000f2b00000, 0x00000000f2c00000, 0x00000000f2c00000|100%| E|CS|TAMS 0x00000000f2b00000, 0x00000000f2b00000| Complete 
| 300|0x00000000f2c00000, 0x00000000f2d00000, 0x00000000f2d00000|100%| E|CS|TAMS 0x00000000f2c00000, 0x00000000f2c00000| Complete 

Card table byte_map: [0x000001c6eaa60000,0x000001c6eab60000] _byte_map_base: 0x000001c6ea360000

Marking Bits (Prev, Next): (CMBitMap*) 0x000001c6d3d2f4c0, (CMBitMap*) 0x000001c6d3d2f488
 Prev Bits: [0x000001c6eb460000, 0x000001c6ebc60000)
 Next Bits: [0x000001c6eac60000, 0x000001c6eb460000)

Polling page: 0x000001c6d23e0000

Metaspace:

Usage:
  Non-class:    105.25 MB capacity,   102.70 MB ( 98%) used,     2.23 MB (  2%) free+waste,   323.63 KB ( <1%) overhead. 
      Class:     14.79 MB capacity,    13.65 MB ( 92%) used,     1.00 MB (  7%) free+waste,   142.19 KB ( <1%) overhead. 
       Both:    120.03 MB capacity,   116.35 MB ( 97%) used,     3.23 MB (  3%) free+waste,   465.81 KB ( <1%) overhead. 

Virtual space:
  Non-class space:      106.00 MB reserved,     105.34 MB (>99%) committed 
      Class space:      248.00 MB reserved,      14.87 MB (  6%) committed 
             Both:      354.00 MB reserved,     120.21 MB ( 34%) committed 

Chunk freelists:
   Non-Class:  4.50 KB
       Class:  3.13 KB
        Both:  7.63 KB

CodeHeap 'non-profiled nmethods': size=120064Kb used=23384Kb max_used=23384Kb free=96679Kb
 bounds [0x000001c6e2e00000, 0x000001c6e4500000, 0x000001c6ea340000]
CodeHeap 'profiled nmethods': size=120000Kb used=50235Kb max_used=51873Kb free=69764Kb
 bounds [0x000001c6db8d0000, 0x000001c6deba0000, 0x000001c6e2e00000]
CodeHeap 'non-nmethods': size=5696Kb used=2349Kb max_used=2428Kb free=3346Kb
 bounds [0x000001c6db340000, 0x000001c6db5b0000, 0x000001c6db8d0000]
 total_blobs=23657 nmethods=22683 adapters=883
 compilation: enabled
              stopped_count=0, restarted_count=0
 full_count=0

Compilation events (10 events):
Event: 531.542 Thread 0x000001c6eec04800 27906       2       com.android.tools.r8.com.google.common.collect.HashBiMap::insert (188 bytes)
Event: 531.543 Thread 0x000001c6eec04800 nmethod 27906 0x000001c6dcb90590 code [0x000001c6dcb90780, 0x000001c6dcb90f78]
Event: 531.543 Thread 0x000001c6eec04800 27907       2       com.android.tools.r8.com.google.common.collect.HashBiMap::rehashIfNecessary (87 bytes)
Event: 531.543 Thread 0x000001c6eec04800 nmethod 27907 0x000001c6dcb66290 code [0x000001c6dcb66460, 0x000001c6dcb66888]
Event: 531.543 Thread 0x000001c6eec04800 27908       2       com.android.tools.r8.graph.DexCode$TryHandler::hashCode (16 bytes)
Event: 531.544 Thread 0x000001c6eec04800 nmethod 27908 0x000001c6dc9f0310 code [0x000001c6dc9f04a0, 0x000001c6dc9f05c8]
Event: 531.546 Thread 0x000001c6eec04800 27909       2       com.android.tools.r8.com.google.common.collect.FluentIterable$2$1::get (6 bytes)
Event: 531.546 Thread 0x000001c6eec04800 nmethod 27909 0x000001c6dcb4df10 code [0x000001c6dcb4e0c0, 0x000001c6dcb4e208]
Event: 531.571 Thread 0x000001c6eec04800 27911       2       com.android.tools.r8.ir.code.BasicBlock::hasPathTo (113 bytes)
Event: 531.572 Thread 0x000001c6eec04800 nmethod 27911 0x000001c6dcda1090 code [0x000001c6dcda1300, 0x000001c6dcda1bd8]

GC Heap History (10 events):
Event: 528.601 GC heap before
{Heap before GC invocations=129 (full 0):
 garbage-first heap   total 308224K, used 184218K [0x00000000e0000000, 0x0000000100000000)
  region size 1024K, 15 young (15360K), 6 survivors (6144K)
 Metaspace       used 118995K, capacity 122712K, committed 122844K, reserved 362496K
  class space    used 13966K, capacity 15141K, committed 15228K, reserved 253952K
}
Event: 528.615 GC heap after
{Heap after GC invocations=130 (full 0):
 garbage-first heap   total 308224K, used 172705K [0x00000000e0000000, 0x0000000100000000)
  region size 1024K, 1 young (1024K), 1 survivors (1024K)
 Metaspace       used 118995K, capacity 122712K, committed 122844K, reserved 362496K
  class space    used 13966K, capacity 15141K, committed 15228K, reserved 253952K
}
Event: 529.185 GC heap before
{Heap before GC invocations=130 (full 0):
 garbage-first heap   total 308224K, used 243361K [0x00000000e0000000, 0x0000000100000000)
  region size 1024K, 71 young (72704K), 1 survivors (1024K)
 Metaspace       used 119019K, capacity 122776K, committed 123100K, reserved 362496K
  class space    used 13966K, capacity 15141K, committed 15228K, reserved 253952K
}
Event: 529.196 GC heap after
{Heap after GC invocations=131 (full 0):
 garbage-first heap   total 308224K, used 174695K [0x00000000e0000000, 0x0000000100000000)
  region size 1024K, 3 young (3072K), 3 survivors (3072K)
 Metaspace       used 119019K, capacity 122776K, committed 123100K, reserved 362496K
  class space    used 13966K, capacity 15141K, committed 15228K, reserved 253952K
}
Event: 530.324 GC heap before
{Heap before GC invocations=132 (full 0):
 garbage-first heap   total 308224K, used 247399K [0x00000000e0000000, 0x0000000100000000)
  region size 1024K, 74 young (75776K), 3 survivors (3072K)
 Metaspace       used 119091K, capacity 122844K, committed 123100K, reserved 362496K
  class space    used 13968K, capacity 15141K, committed 15228K, reserved 253952K
}
Event: 530.340 GC heap after
{Heap after GC invocations=133 (full 0):
 garbage-first heap   total 308224K, used 176845K [0x00000000e0000000, 0x0000000100000000)
  region size 1024K, 5 young (5120K), 5 survivors (5120K)
 Metaspace       used 119091K, capacity 122844K, committed 123100K, reserved 362496K
  class space    used 13968K, capacity 15141K, committed 15228K, reserved 253952K
}
Event: 530.443 GC heap before
{Heap before GC invocations=133 (full 0):
 garbage-first heap   total 308224K, used 187085K [0x00000000e0000000, 0x0000000100000000)
  region size 1024K, 15 young (15360K), 5 survivors (5120K)
 Metaspace       used 119093K, capacity 122844K, committed 123100K, reserved 362496K
  class space    used 13968K, capacity 15141K, committed 15228K, reserved 253952K
}
Event: 530.456 GC heap after
{Heap after GC invocations=134 (full 0):
 garbage-first heap   total 308224K, used 175175K [0x00000000e0000000, 0x0000000100000000)
  region size 1024K, 1 young (1024K), 1 survivors (1024K)
 Metaspace       used 119093K, capacity 122844K, committed 123100K, reserved 362496K
  class space    used 13968K, capacity 15141K, committed 15228K, reserved 253952K
}
Event: 531.146 GC heap before
{Heap before GC invocations=134 (full 0):
 garbage-first heap   total 308224K, used 249927K [0x00000000e0000000, 0x0000000100000000)
  region size 1024K, 74 young (75776K), 1 survivors (1024K)
 Metaspace       used 119126K, capacity 122846K, committed 123100K, reserved 362496K
  class space    used 13972K, capacity 15141K, committed 15228K, reserved 253952K
}
Event: 531.156 GC heap after
{Heap after GC invocations=135 (full 0):
 garbage-first heap   total 308224K, used 177748K [0x00000000e0000000, 0x0000000100000000)
  region size 1024K, 4 young (4096K), 4 survivors (4096K)
 Metaspace       used 119126K, capacity 122846K, committed 123100K, reserved 362496K
  class space    used 13972K, capacity 15141K, committed 15228K, reserved 253952K
}

Deoptimization events (10 events):
Event: 527.302 Thread 0x000001c6f4e96000 Uncommon trap: reason=unstable_if action=reinterpret pc=0x000001c6e3db6958 method=com.android.tools.r8.ir.conversion.JarState$Slot.isReferenceCompatible(Lcom/android/tools/r8/org/objectweb/asm/Type;Lcom/android/tools/r8/org/objectweb/asm/Type;)Z @ 95 c2
Event: 527.302 Thread 0x000001c6f4e96000 Uncommon trap: reason=unstable_if action=reinterpret pc=0x000001c6e3ea68ec method=com.android.tools.r8.ir.conversion.JarState$Slot.isReferenceCompatible(Lcom/android/tools/r8/org/objectweb/asm/Type;Lcom/android/tools/r8/org/objectweb/asm/Type;)Z @ 95 c2
Event: 528.442 Thread 0x000001c6f4e90800 Uncommon trap: reason=unstable_if action=reinterpret pc=0x000001c6e4466774 method=com.android.tools.r8.ir.regalloc.RegisterPositions.hasType(ILcom/android/tools/r8/ir/regalloc/RegisterPositions$Type;)Z @ 57 c2
Event: 529.596 Thread 0x000001c6f4e90800 Uncommon trap: reason=unstable_if action=reinterpret pc=0x000001c6e3b3fcb0 method=java.util.TimSort.mergeHi(IIII)V @ 131 c2
Event: 529.686 Thread 0x000001c6f4e96000 Uncommon trap: reason=unstable_if action=reinterpret pc=0x000001c6e446f1e4 method=com.android.tools.r8.ir.conversion.JarSourceCode.updateState(Lcom/android/tools/r8/org/objectweb/asm/tree/AbstractInsnNode;)V @ 4 c2
Event: 529.689 Thread 0x000001c6f4e96000 Uncommon trap: reason=unstable_if action=reinterpret pc=0x000001c6e448e6f4 method=com.android.tools.r8.ir.conversion.JarSourceCode.build(Lcom/android/tools/r8/org/objectweb/asm/tree/AbstractInsnNode;Lcom/android/tools/r8/ir/conversion/IRBuilder;)V @ 4 c2
Event: 529.695 Thread 0x000001c6f4e96000 Uncommon trap: reason=unstable_if action=reinterpret pc=0x000001c6e449c9a8 method=com.android.tools.r8.ir.conversion.JarSourceCode.build(Lcom/android/tools/r8/org/objectweb/asm/tree/AbstractInsnNode;Lcom/android/tools/r8/ir/conversion/IRBuilder;)V @ 4 c2
Event: 530.167 Thread 0x000001c6f4e96000 Uncommon trap: reason=unstable_if action=reinterpret pc=0x000001c6e3db5628 method=com.android.tools.r8.graph.DexString.decode()Ljava/lang/String; @ 53 c2
Event: 530.538 Thread 0x000001c6f4e92000 Uncommon trap: reason=unstable_if action=reinterpret pc=0x000001c6e44df0c0 method=com.android.tools.r8.ir.optimize.PeepholeOptimizer.removeRedundantInstructions(Lcom/android/tools/r8/ir/code/IRCode;Lcom/android/tools/r8/ir/regalloc/LinearScanRegisterAlloc
Event: 531.202 Thread 0x000001c6f4e90800 Uncommon trap: reason=loop_limit_check action=maybe_recompile pc=0x000001c6e44ed0d4 method=com.android.tools.r8.graph.DebugLocalInfo.localsInfoMapsEqual(Lcom/android/tools/r8/it/unimi/dsi/fastutil/ints/Int2ReferenceMap;Lcom/android/tools/r8/it/unimi/dsi/f

Classes redefined (0 events):
No events

Internal exceptions (10 events):
Event: 524.562 Thread 0x000001c6f4e8a800 Exception <a 'sun/nio/fs/WindowsException'{0x00000000f080e898}> (0x00000000f080e898) thrown at [./open/src/hotspot/share/prims/jni.cpp, line 611]
Event: 524.574 Thread 0x000001c6f4e8a800 Exception <a 'sun/nio/fs/WindowsException'{0x00000000f082bcf0}> (0x00000000f082bcf0) thrown at [./open/src/hotspot/share/prims/jni.cpp, line 611]
Event: 524.574 Thread 0x000001c6f4e8a800 Exception <a 'sun/nio/fs/WindowsException'{0x00000000f082bf18}> (0x00000000f082bf18) thrown at [./open/src/hotspot/share/prims/jni.cpp, line 611]
Event: 524.574 Thread 0x000001c6f4e8a800 Exception <a 'sun/nio/fs/WindowsException'{0x00000000f082d800}> (0x00000000f082d800) thrown at [./open/src/hotspot/share/prims/jni.cpp, line 611]
Event: 524.677 Thread 0x000001c6f4e8a800 Exception <a 'sun/nio/fs/WindowsException'{0x00000000f0893bb0}> (0x00000000f0893bb0) thrown at [./open/src/hotspot/share/prims/jni.cpp, line 611]
Event: 524.677 Thread 0x000001c6f4e8a800 Exception <a 'sun/nio/fs/WindowsException'{0x00000000f0893dd8}> (0x00000000f0893dd8) thrown at [./open/src/hotspot/share/prims/jni.cpp, line 611]
Event: 524.678 Thread 0x000001c6f4e8a800 Exception <a 'sun/nio/fs/WindowsException'{0x00000000f08956c0}> (0x00000000f08956c0) thrown at [./open/src/hotspot/share/prims/jni.cpp, line 611]
Event: 524.767 Thread 0x000001c6f4e8a800 Exception <a 'sun/nio/fs/WindowsException'{0x00000000ef77fc10}> (0x00000000ef77fc10) thrown at [./open/src/hotspot/share/prims/jni.cpp, line 611]
Event: 524.767 Thread 0x000001c6f4e8a800 Exception <a 'sun/nio/fs/WindowsException'{0x00000000ef77fe38}> (0x00000000ef77fe38) thrown at [./open/src/hotspot/share/prims/jni.cpp, line 611]
Event: 524.767 Thread 0x000001c6f4e8a800 Exception <a 'sun/nio/fs/WindowsException'{0x00000000ef781720}> (0x00000000ef781720) thrown at [./open/src/hotspot/share/prims/jni.cpp, line 611]

Events (10 events):
Event: 531.130 Thread 0x000001c6f4e96000 DEOPT UNPACKING pc=0x000001c6db366d5e sp=0x0000009a306fc880 mode 0
Event: 531.140 Executing VM operation: G1CollectForAllocation
Event: 531.156 Executing VM operation: G1CollectForAllocation done
Event: 531.173 Thread 0x000001c6f4e92000 DEOPT PACKING pc=0x000001c6dc91d9f0 sp=0x0000009a2f9fdc10
Event: 531.173 Thread 0x000001c6f4e92000 DEOPT UNPACKING pc=0x000001c6db366d5e sp=0x0000009a2f9fd120 mode 0
Event: 531.202 Thread 0x000001c6f4e90800 Uncommon trap: trap_request=0xffffff76 fr.pc=0x000001c6e44ed0d4 relative=0x0000000000005974
Event: 531.202 Thread 0x000001c6f4e90800 DEOPT PACKING pc=0x000001c6e44ed0d4 sp=0x0000009a30bfda90
Event: 531.202 Thread 0x000001c6f4e90800 DEOPT UNPACKING pc=0x000001c6db3665af sp=0x0000009a30bfd950 mode 2
Event: 531.205 Thread 0x000001c6f4e90800 DEOPT PACKING pc=0x000001c6dc91d9f0 sp=0x0000009a30bfd810
Event: 531.205 Thread 0x000001c6f4e90800 DEOPT UNPACKING pc=0x000001c6db366d5e sp=0x0000009a30bfcd20 mode 0


Dynamic libraries:
0x00007ff6f6eb0000 - 0x00007ff6f6ebf000 	C:\Program Files\Java\jdk-11.0.13\bin\java.exe
0x00007ffc78a70000 - 0x00007ffc78c68000 	C:\Windows\SYSTEM32\ntdll.dll
0x00007ffc77250000 - 0x00007ffc7730d000 	C:\Windows\System32\KERNEL32.DLL
0x00007ffc76750000 - 0x00007ffc76a1e000 	C:\Windows\System32\KERNELBASE.dll
0x00007ffc76230000 - 0x00007ffc76330000 	C:\Windows\System32\ucrtbase.dll
0x00007ffc673d0000 - 0x00007ffc673e8000 	C:\Program Files\Java\jdk-11.0.13\bin\jli.dll
0x00007ffc74030000 - 0x00007ffc74045000 	C:\Program Files\Java\jdk-11.0.13\bin\VCRUNTIME140.dll
0x00007ffc78240000 - 0x00007ffc782ee000 	C:\Windows\System32\ADVAPI32.dll
0x00007ffc78620000 - 0x00007ffc786be000 	C:\Windows\System32\msvcrt.dll
0x00007ffc77da0000 - 0x00007ffc77e3c000 	C:\Windows\System32\sechost.dll
0x00007ffc788a0000 - 0x00007ffc789c5000 	C:\Windows\System32\RPCRT4.dll
0x00007ffc77b50000 - 0x00007ffc77cf0000 	C:\Windows\System32\USER32.dll
0x00007ffc76720000 - 0x00007ffc76742000 	C:\Windows\System32\win32u.dll
0x00007ffc78210000 - 0x00007ffc7823a000 	C:\Windows\System32\GDI32.dll
0x00007ffc76380000 - 0x00007ffc7648b000 	C:\Windows\System32\gdi32full.dll
0x00007ffc76190000 - 0x00007ffc7622d000 	C:\Windows\System32\msvcp_win.dll
0x00007ffc75590000 - 0x00007ffc7582a000 	C:\Windows\WinSxS\amd64_microsoft.windows.common-controls_6595b64144ccf1df_6.0.19041.1110_none_60b5254171f9507e\COMCTL32.dll
0x00007ffc65800000 - 0x00007ffc6580a000 	C:\Windows\SYSTEM32\VERSION.dll
0x00007ffc784d0000 - 0x00007ffc78500000 	C:\Windows\System32\IMM32.DLL
0x00007ffc63c90000 - 0x00007ffc63d2b000 	C:\Program Files\Java\jdk-11.0.13\bin\msvcp140.dll
0x00007ffc2f600000 - 0x00007ffc30113000 	C:\Program Files\Java\jdk-11.0.13\bin\server\jvm.dll
0x00007ffc78890000 - 0x00007ffc78898000 	C:\Windows\System32\PSAPI.DLL
0x00007ffc74020000 - 0x00007ffc74029000 	C:\Windows\SYSTEM32\WSOCK32.dll
0x00007ffc68870000 - 0x00007ffc68897000 	C:\Windows\SYSTEM32\WINMM.dll
0x00007ffc786c0000 - 0x00007ffc7872b000 	C:\Windows\System32\WS2_32.dll
0x00007ffc732f0000 - 0x00007ffc73302000 	C:\Windows\SYSTEM32\kernel.appcore.dll
0x00007ffc71020000 - 0x00007ffc71030000 	C:\Program Files\Java\jdk-11.0.13\bin\verify.dll
0x00007ffc75b90000 - 0x00007ffc75d74000 	C:\Windows\SYSTEM32\DBGHELP.DLL
0x00007ffc75940000 - 0x00007ffc7596c000 	C:\Windows\SYSTEM32\dbgcore.DLL
0x00007ffc76490000 - 0x00007ffc76512000 	C:\Windows\System32\bcryptPrimitives.dll
0x00007ffc662c0000 - 0x00007ffc662e8000 	C:\Program Files\Java\jdk-11.0.13\bin\java.dll
0x00007ffc70fd0000 - 0x00007ffc70fda000 	C:\Program Files\Java\jdk-11.0.13\bin\jimage.dll
0x00007ffc63a00000 - 0x00007ffc63a16000 	C:\Program Files\Java\jdk-11.0.13\bin\zip.dll
0x00007ffc76ad0000 - 0x00007ffc77214000 	C:\Windows\System32\SHELL32.dll
0x00007ffc735b0000 - 0x00007ffc73d44000 	C:\Windows\SYSTEM32\windows.storage.dll
0x00007ffc77ea0000 - 0x00007ffc781f4000 	C:\Windows\System32\combase.dll
0x00007ffc75490000 - 0x00007ffc754c0000 	C:\Windows\SYSTEM32\Wldp.dll
0x00007ffc77cf0000 - 0x00007ffc77d9d000 	C:\Windows\System32\SHCORE.dll
0x00007ffc77550000 - 0x00007ffc775a5000 	C:\Windows\System32\shlwapi.dll
0x00007ffc760d0000 - 0x00007ffc760ef000 	C:\Windows\SYSTEM32\profapi.dll
0x00007ffc630f0000 - 0x00007ffc63109000 	C:\Program Files\Java\jdk-11.0.13\bin\net.dll
0x00007ffc6a7a0000 - 0x00007ffc6a8aa000 	C:\Windows\SYSTEM32\WINHTTP.dll
0x00007ffc75360000 - 0x00007ffc753ca000 	C:\Windows\system32\mswsock.dll
0x00007ffc630d0000 - 0x00007ffc630e2000 	C:\Program Files\Java\jdk-11.0.13\bin\nio.dll
0x00007ffc630a0000 - 0x00007ffc630c6000 	C:\Users\LUCKY\.gradle\native\29\windows-amd64\native-platform.dll
0x00007ffc6de90000 - 0x00007ffc6de99000 	C:\Program Files\Java\jdk-11.0.13\bin\management.dll
0x00007ffc67490000 - 0x00007ffc6749b000 	C:\Program Files\Java\jdk-11.0.13\bin\management_ext.dll
0x00007ffc75eb0000 - 0x00007ffc75ec8000 	C:\Windows\SYSTEM32\CRYPTSP.dll
0x00007ffc74ba0000 - 0x00007ffc74bd4000 	C:\Windows\system32\rsaenh.dll
0x00007ffc76520000 - 0x00007ffc76547000 	C:\Windows\System32\bcrypt.dll
0x00007ffc76090000 - 0x00007ffc760be000 	C:\Windows\SYSTEM32\USERENV.dll
0x00007ffc75d80000 - 0x00007ffc75d8c000 	C:\Windows\SYSTEM32\CRYPTBASE.dll
0x00007ffc74ef0000 - 0x00007ffc74f2b000 	C:\Windows\SYSTEM32\IPHLPAPI.DLL
0x00007ffc78200000 - 0x00007ffc78208000 	C:\Windows\System32\NSI.dll
0x00007ffc6dde0000 - 0x00007ffc6ddf7000 	C:\Windows\SYSTEM32\dhcpcsvc6.DLL
0x00007ffc6e560000 - 0x00007ffc6e57d000 	C:\Windows\SYSTEM32\dhcpcsvc.DLL
0x00007ffc74f30000 - 0x00007ffc74ffb000 	C:\Windows\SYSTEM32\DNSAPI.dll
0x00007ffc62700000 - 0x00007ffc6270d000 	C:\Program Files\Java\jdk-11.0.13\bin\sunmscapi.dll
0x00007ffc765c0000 - 0x00007ffc76716000 	C:\Windows\System32\CRYPT32.dll
0x00007ffc75560000 - 0x00007ffc75587000 	C:\Windows\SYSTEM32\ncrypt.dll
0x00007ffc75520000 - 0x00007ffc7555b000 	C:\Windows\SYSTEM32\NTASN1.dll
0x00007ffc30600000 - 0x00007ffc30625000 	C:\Program Files\Java\jdk-11.0.13\bin\sunec.dll
0x00007ffc6a020000 - 0x00007ffc6a02a000 	C:\Windows\System32\rasadhlp.dll
0x00007ffc6a720000 - 0x00007ffc6a7a0000 	C:\Windows\System32\fwpuclnt.dll
0x00007ffc75e70000 - 0x00007ffc75ea3000 	C:\Windows\SYSTEM32\ntmarta.dll

dbghelp: loaded successfully - version: 4.0.5 - missing functions: none
symbol engine: initialized successfully - sym options: 0x614 - pdb path: .;C:\Program Files\Java\jdk-11.0.13\bin;C:\Windows\SYSTEM32;C:\Windows\WinSxS\amd64_microsoft.windows.common-controls_6595b64144ccf1df_6.0.19041.1110_none_60b5254171f9507e;C:\Program Files\Java\jdk-11.0.13\bin\server;C:\Users\LUCKY\.gradle\native\29\windows-amd64

VM Arguments:
jvm_args: --add-opens=java.base/java.util=ALL-UNNAMED --add-opens=java.base/java.lang=ALL-UNNAMED --add-opens=java.base/java.lang.invoke=ALL-UNNAMED --add-opens=java.prefs/java.util.prefs=ALL-UNNAMED -XX:MaxMetaspaceSize=256m -XX:+HeapDumpOnOutOfMemoryError -Xms256m -Xmx512m -Dfile.encoding=windows-1252 -Duser.country=US -Duser.language=en -Duser.variant 
java_command: org.gradle.launcher.daemon.bootstrap.GradleDaemon 5.5
java_class_path (initial): C:\Users\LUCKY\.gradle\wrapper\dists\gradle-5.5-all\byeise1led9a3w3p149d02kfj\gradle-5.5\lib\gradle-launcher-5.5.jar
Launcher Type: SUN_STANDARD

[Global flags]
     intx CICompilerCount                          = 3                                         {product} {ergonomic}
   size_t CompressedClassSpaceSize                 = 260046848                                 {product} {ergonomic}
     uint ConcGCThreads                            = 1                                         {product} {ergonomic}
     uint G1ConcRefinementThreads                  = 4                                         {product} {ergonomic}
   size_t G1HeapRegionSize                         = 1048576                                   {product} {ergonomic}
    uintx GCDrainStackTargetSize                   = 64                                        {product} {ergonomic}
     bool HeapDumpOnOutOfMemoryError               = true                                   {manageable} {command line}
   size_t InitialHeapSize                          = 268435456                                 {product} {command line}
   size_t MarkStackSize                            = 4194304                                   {product} {ergonomic}
   size_t MaxHeapSize                              = 536870912                                 {product} {command line}
   size_t MaxMetaspaceSize                         = 268435456                                 {product} {command line}
   size_t MaxNewSize                               = 321912832                                 {product} {ergonomic}
   size_t MinHeapDeltaBytes                        = 1048576                                   {product} {ergonomic}
    uintx NonNMethodCodeHeapSize                   = 5830732                                {pd product} {ergonomic}
    uintx NonProfiledCodeHeapSize                  = 122913754                              {pd product} {ergonomic}
    uintx ProfiledCodeHeapSize                     = 122913754                              {pd product} {ergonomic}
    uintx ReservedCodeCacheSize                    = 251658240                              {pd product} {ergonomic}
     bool SegmentedCodeCache                       = true                                      {product} {ergonomic}
     bool UseCompressedClassPointers               = true                                 {lp64_product} {ergonomic}
     bool UseCompressedOops                        = true                                 {lp64_product} {ergonomic}
     bool UseG1GC                                  = true                                      {product} {ergonomic}
     bool UseLargePagesIndividualAllocation        = false                                  {pd product} {ergonomic}

Logging:
Log output configuration:
 #0: stdout all=warning uptime,level,tags
 #1: stderr all=off uptime,level,tags

Environment Variables:
JAVA_HOME=C:\Program Files\Java\jdk-11.0.13\
CLASSPATH=D:\MyWork\ReactNative\whsnxt_mvp\android\\gradle\wrapper\gradle-wrapper.jar
PATH=C:\Program Files (x86)\OpenJDK\jdk-8.0.262.10-hotspot\bin;C:\Program Files (x86)\Common Files\Oracle\Java\javapath;C:\Program Files\Common Files\Oracle\Java\javapath;C:\Windows\system32;C:\Windows;C:\Windows\System32\Wbem;C:\Windows\System32\WindowsPowerShell\v1.0\;C:\Windows\System32\OpenSSH\;C:\Program Files\Git\cmd;C:\Users\LUCKY\AppData\Roaming\nvm;C:\Program Files\nodejs;C:\xampp\php;C:\ProgramData\ComposerSetup\bin;C:\Program Files\PuTTY\;C:\Program Files\Java\jdk-18.0.1.1\bin;C:\Program Files\Microsoft SQL Server\150\Tools\Binn\;C:\Users\LUCKY\AppData\Local\Android\Sdk\platform-tools;C:\Program Files\Java\jdk-11.0.13\bin;C:\Users\LUCKY\AppData\Local\Android\Sdk\ndk-bundle;C:\Users\LUCKY\AppData\Local\Programs\Python\Python310\Scripts\;C:\Users\LUCKY\AppData\Local\Programs\Python\Python310\;C:\Users\LUCKY\AppData\Local\Microsoft\WindowsApps;C:\Program Files\Bandizip\;C:\Users\LUCKY\AppData\Roaming\npm;C:\Users\LUCKY\AppData\Local\Programs\Microsoft VS Code\bin;C:\Users\LUCKY\AppData\Roaming\nvm;C:\Program Files\nodejs;C:\Users\LUCKY\AppData\Roaming\Composer\vendor\bin;C:\Program Files\JetBrains\PyCharm Community Edition 2022.1.1\bin;;C:\Users\LUCKY\AppData\Local\Android\Sdk\ndk-bundle;C:\Users\LUCKY\AppData\Local\Android\Sdk\platform-tools;
USERNAME=LUCKY
OS=Windows_NT
PROCESSOR_IDENTIFIER=Intel64 Family 6 Model 58 Stepping 9, GenuineIntel



---------------  S Y S T E M  ---------------

OS: Windows 10 , 64 bit Build 19041 (10.0.19041.1806)

CPU:total 4 (initial active 4) (2 cores per cpu, 2 threads per core) family 6 model 58 stepping 9 microcode 0x21, cmov, cx8, fxsr, mmx, sse, sse2, sse3, ssse3, sse4.1, sse4.2, popcnt, avx, aes, clmul, erms, ht, tsc, tscinvbit, tscinv

Memory: 4k page, system-wide physical 12182M (3305M free)
TotalPageFile size 16534M (AvailPageFile size 6212M)
current process WorkingSet (physical memory assigned to process): 755M, peak: 760M
current process commit charge ("private bytes"): 791M, peak: 797M

vm_info: Java HotSpot(TM) 64-Bit Server VM (11.0.13+10-LTS-370) for windows-amd64 JRE (11.0.13+10-LTS-370), built on Sep 15 2021 22:10:36 by "mach5one" with MS VC++ 15.9 (VS2017)

END.
