#
# A fatal error has been detected by the Java Runtime Environment:
#
#  EXCEPTION_ACCESS_VIOLATION (0xc0000005) at pc=0x00007ffca0d7e48e, pid=15120, tid=11388
#
# JRE version: Java(TM) SE Runtime Environment 18.9 (11.0.13+10) (build 11.0.13+10-LTS-370)
# Java VM: Java HotSpot(TM) 64-Bit Server VM 18.9 (11.0.13+10-LTS-370, mixed mode, tiered, compressed oops, g1 gc, windows-amd64)
# Problematic frame:
# V  [jvm.dll+0x2ae48e]
#
# No core dump will be written. Minidumps are not enabled by default on client versions of Windows
#
# If you would like to submit a bug report, please visit:
#   https://bugreport.java.com/bugreport/crash.jsp
#

---------------  S U M M A R Y ------------

Command Line: --add-opens=java.base/java.util=ALL-UNNAMED --add-opens=java.base/java.lang=ALL-UNNAMED --add-opens=java.base/java.lang.invoke=ALL-UNNAMED --add-opens=java.prefs/java.util.prefs=ALL-UNNAMED -XX:MaxMetaspaceSize=256m -XX:+HeapDumpOnOutOfMemoryError -Xms256m -Xmx512m -Dfile.encoding=windows-1252 -Duser.country=US -Duser.language=en -Duser.variant org.gradle.launcher.daemon.bootstrap.GradleDaemon 5.5

Host: Intel(R) Core(TM) i5-3230M CPU @ 2.60GHz, 4 cores, 11G,  Windows 10 , 64 bit Build 19041 (10.0.19041.1806)
Time: Tue Aug  9 18:11:38 2022 Tokyo Standard Time elapsed time: 53.650473 seconds (0d 0h 0m 53s)

---------------  T H R E A D  ---------------

Current thread (0x000001f21fc88000):  JavaThread "C2 CompilerThread0" daemon [_thread_in_native, id=11388, stack(0x0000005e83400000,0x0000005e83500000)]


Current CompileTask:
C2:  53659 7929 %     4       groovy.lang.MetaClassImpl::applyStrayPropertyMethods @ 57 (293 bytes)

Stack: [0x0000005e83400000,0x0000005e83500000],  sp=0x0000005e834fae40,  free space=1003k
Native frames: (J=compiled Java code, j=interpreted, Vv=VM code, C=native code)
V  [jvm.dll+0x2ae48e]
V  [jvm.dll+0x53bfd6]
V  [jvm.dll+0x1f9c67]
V  [jvm.dll+0x1f731d]
V  [jvm.dll+0x177991]
V  [jvm.dll+0x206d84]
V  [jvm.dll+0x204ebb]
V  [jvm.dll+0x727e70]
V  [jvm.dll+0x720a54]
V  [jvm.dll+0x627606]
C  [ucrtbase.dll+0x21bb2]
C  [KERNEL32.DLL+0x17034]
C  [ntdll.dll+0x52651]


siginfo: EXCEPTION_ACCESS_VIOLATION (0xc0000005), reading address 0x00007dfca12fb1e8


Register to memory mapping:

RIP=0x00007ffca0d7e48e jvm.dll
RAX=0x00007dfca12fb1d8 is an unknown value
RBX=0x0000000000000040 is an unknown value
RCX=0x000001f2265651c0 points into unknown readable memory: 0x00007dfca12fb1d8 | d8 b1 2f a1 fc 7d 00 00
RDX=0x000001f22775d530 points into unknown readable memory: 0x000001f224f0cb10 | 10 cb f0 24 f2 01 00 00
RSP=0x0000005e834fae40 is pointing into the stack for thread: 0x000001f21fc88000
RBP=0x000001f227734d10 points into unknown readable memory: 0x0000000000000000 | 00 00 00 00 00 00 00 00
RSI=0x0 is NULL
RDI=0x0000000000000008 is an unknown value
R8 =0x000001f227734d10 points into unknown readable memory: 0x0000000000000000 | 00 00 00 00 00 00 00 00
R9 =0x000001f22775d670 points into unknown readable memory: 0x000001f221f11a90 | 90 1a f1 21 f2 01 00 00
R10=0x0000000000000004 is an unknown value
R11=0x000001f22775d4e0 points into unknown readable memory: 0x000001f224f0c660 | 60 c6 f0 24 f2 01 00 00
R12=0x000001f225f172a0 points into unknown readable memory: 0x000001f227734d00 | 00 4d 73 27 f2 01 00 00
R13=0x000001f224f0c660 points into unknown readable memory: 0x00007ffca1310370 | 70 03 31 a1 fc 7f 00 00
R14=0x000001f22775d4e0 points into unknown readable memory: 0x000001f224f0c660 | 60 c6 f0 24 f2 01 00 00
R15=0x000001f223f3ecc0 points into unknown readable memory: 0xffffffff00000001 | 01 00 00 00 ff ff ff ff


Registers:
RAX=0x00007dfca12fb1d8, RBX=0x0000000000000040, RCX=0x000001f2265651c0, RDX=0x000001f22775d530
RSP=0x0000005e834fae40, RBP=0x000001f227734d10, RSI=0x0000000000000000, RDI=0x0000000000000008
R8 =0x000001f227734d10, R9 =0x000001f22775d670, R10=0x0000000000000004, R11=0x000001f22775d4e0
R12=0x000001f225f172a0, R13=0x000001f224f0c660, R14=0x000001f22775d4e0, R15=0x000001f223f3ecc0
RIP=0x00007ffca0d7e48e, EFLAGS=0x0000000000010206

Top of Stack: (sp=0x0000005e834fae40)
0x0000005e834fae40:   000001f227734d10 0000000000000000
0x0000005e834fae50:   000001f225f0cb60 000001f223f3ecc0
0x0000005e834fae60:   000001f22775d4e0 0000000000000818
0x0000005e834fae70:   000001f227734d10 000001f21fc7e460
0x0000005e834fae80:   000001f225f172a0 000001f225f1d9a0
0x0000005e834fae90:   00000000000bcfb0 000001f225f1f288
0x0000005e834faea0:   00007ffca1388160 000001f21fc7e460
0x0000005e834faeb0:   0000000000000100 000001f223f46890
0x0000005e834faec0:   000000001ff88b54 000001f21fc7e460
0x0000005e834faed0:   000001f21fc861c8 0000000000000004
0x0000005e834faee0:   000001f21fc86100 000000000000002b
0x0000005e834faef0:   0000005e834fbf40 0000005e834fb010
0x0000005e834faf00:   0000000000000000 00007ffca100bfd6
0x0000005e834faf10:   0000005e834fbf40 0000005e00000840
0x0000005e834faf20:   0000005e834fbf40 000001f223f3ecc0
0x0000005e834faf30:   000001f227c22d18 00007ffca1203a61 

Instructions: (pc=0x00007ffca0d7e48e)
0x00007ffca0d7e46e:   00 00 8b c7 48 8d 1c c5 00 00 00 00 49 8b 45 08
0x00007ffca0d7e47e:   48 8b 0c 03 48 85 c9 0f 84 8f 00 00 00 48 8b 01
0x00007ffca0d7e48e:   ff 50 10 84 c0 0f 84 81 00 00 00 49 8b 45 08 48
0x00007ffca0d7e49e:   8b 0c 18 8b 41 28 41 8b 0c 87 83 f9 ff 74 6d 48 


Stack slot to memory mapping:
stack at sp + 0 slots: 0x000001f227734d10 points into unknown readable memory: 0x0000000000000000 | 00 00 00 00 00 00 00 00
stack at sp + 1 slots: 0x0 is NULL
stack at sp + 2 slots: 0x000001f225f0cb60 points into unknown readable memory: 0x00007ffca1324218 | 18 42 32 a1 fc 7f 00 00
stack at sp + 3 slots: 0x000001f223f3ecc0 points into unknown readable memory: 0xffffffff00000001 | 01 00 00 00 ff ff ff ff
stack at sp + 4 slots: 0x000001f22775d4e0 points into unknown readable memory: 0x000001f224f0c660 | 60 c6 f0 24 f2 01 00 00
stack at sp + 5 slots: 0x0000000000000818 is an unknown value
stack at sp + 6 slots: 0x000001f227734d10 points into unknown readable memory: 0x0000000000000000 | 00 00 00 00 00 00 00 00
stack at sp + 7 slots: 0x000001f21fc7e460 points into unknown readable memory: 0x76616a4c00000006 | 06 00 00 00 4c 6a 61 76


---------------  P R O C E S S  ---------------

Threads class SMR info:
_java_thread_list=0x000001f22608c790, length=34, elements={
0x000001f2056b8000, 0x000001f21fc3c800, 0x000001f21fc68800, 0x000001f21fc7d000,
0x000001f21fc7f000, 0x000001f21fc81800, 0x000001f21fc88000, 0x000001f21fc8b000,
0x000001f21fc96800, 0x000001f220752800, 0x000001f22201b800, 0x000001f221c76800,
0x000001f221c46800, 0x000001f221ef9800, 0x000001f221efa800, 0x000001f221f2b000,
0x000001f221f2d800, 0x000001f221ed7000, 0x000001f221da2800, 0x000001f2222ed000,
0x000001f2222ee800, 0x000001f2222ef800, 0x000001f2222e9800, 0x000001f2222eb800,
0x000001f2222ec000, 0x000001f22108c800, 0x000001f22108d000, 0x000001f22108a000,
0x000001f22108e000, 0x000001f221089000, 0x000001f22108f800, 0x000001f22108f000,
0x000001f221090800, 0x000001f221eaa800
}

Java Threads: ( => current thread )
  0x000001f2056b8000 JavaThread "main" [_thread_blocked, id=15104, stack(0x0000005e82800000,0x0000005e82900000)]
  0x000001f21fc3c800 JavaThread "Reference Handler" daemon [_thread_blocked, id=13488, stack(0x0000005e82f00000,0x0000005e83000000)]
  0x000001f21fc68800 JavaThread "Finalizer" daemon [_thread_blocked, id=16356, stack(0x0000005e83000000,0x0000005e83100000)]
  0x000001f21fc7d000 JavaThread "Signal Dispatcher" daemon [_thread_blocked, id=16000, stack(0x0000005e83100000,0x0000005e83200000)]
  0x000001f21fc7f000 JavaThread "Attach Listener" daemon [_thread_blocked, id=11804, stack(0x0000005e83200000,0x0000005e83300000)]
  0x000001f21fc81800 JavaThread "Service Thread" daemon [_thread_blocked, id=9880, stack(0x0000005e83300000,0x0000005e83400000)]
=>0x000001f21fc88000 JavaThread "C2 CompilerThread0" daemon [_thread_in_native, id=11388, stack(0x0000005e83400000,0x0000005e83500000)]
  0x000001f21fc8b000 JavaThread "C1 CompilerThread0" daemon [_thread_blocked, id=10752, stack(0x0000005e83500000,0x0000005e83600000)]
  0x000001f21fc96800 JavaThread "Sweeper thread" daemon [_thread_blocked, id=8260, stack(0x0000005e83600000,0x0000005e83700000)]
  0x000001f220752800 JavaThread "Common-Cleaner" daemon [_thread_blocked, id=15520, stack(0x0000005e83700000,0x0000005e83800000)]
  0x000001f22201b800 JavaThread "Daemon health stats" [_thread_blocked, id=1064, stack(0x0000005e83d00000,0x0000005e83e00000)]
  0x000001f221c76800 JavaThread "Incoming local TCP Connector on port 53066" [_thread_in_native, id=12596, stack(0x0000005e83c00000,0x0000005e83d00000)]
  0x000001f221c46800 JavaThread "Daemon periodic checks" [_thread_blocked, id=16332, stack(0x0000005e83e00000,0x0000005e83f00000)]
  0x000001f221ef9800 JavaThread "Daemon" [_thread_blocked, id=10260, stack(0x0000005e83f00000,0x0000005e84000000)]
  0x000001f221efa800 JavaThread "Handler for socket connection from /127.0.0.1:53066 to /127.0.0.1:53067" [_thread_in_native, id=15544, stack(0x0000005e84000000,0x0000005e84100000)]
  0x000001f221f2b000 JavaThread "Cancel handler" [_thread_blocked, id=12396, stack(0x0000005e84100000,0x0000005e84200000)]
  0x000001f221f2d800 JavaThread "Daemon worker" [_thread_in_native, id=15824, stack(0x0000005e84200000,0x0000005e84300000)]
  0x000001f221ed7000 JavaThread "Asynchronous log dispatcher for DefaultDaemonConnection: socket connection from /127.0.0.1:53066 to /127.0.0.1:53067" [_thread_blocked, id=4660, stack(0x0000005e84300000,0x0000005e84400000)]
  0x000001f221da2800 JavaThread "Stdin handler" [_thread_blocked, id=6416, stack(0x0000005e84400000,0x0000005e84500000)]
  0x000001f2222ed000 JavaThread "Thread-8" [_thread_blocked, id=11608, stack(0x0000005e84500000,0x0000005e84600000)]
  0x000001f2222ee800 JavaThread "Cache worker for file hash cache (C:\Users\LUCKY\.gradle\caches\5.5\fileHashes)" [_thread_blocked, id=8596, stack(0x0000005e84600000,0x0000005e84700000)]
  0x000001f2222ef800 JavaThread "File lock request listener" [_thread_in_native, id=16284, stack(0x0000005e84700000,0x0000005e84800000)]
  0x000001f2222e9800 JavaThread "Cache worker for journal cache (C:\Users\LUCKY\.gradle\caches\journal-1)" [_thread_blocked, id=7932, stack(0x0000005e84800000,0x0000005e84900000)]
  0x000001f2222eb800 JavaThread "Cache worker for file hash cache (D:\MyWork\ReactNative\whsnxt_mvp (2)\android\.gradle\5.5\fileHashes)" [_thread_blocked, id=14464, stack(0x0000005e84900000,0x0000005e84a00000)]
  0x000001f2222ec000 JavaThread "Cache worker for cache directory md-supplier (C:\Users\LUCKY\.gradle\caches\5.5\md-supplier)" [_thread_blocked, id=13392, stack(0x0000005e84b00000,0x0000005e84c00000)]
  0x000001f22108c800 JavaThread "Cache worker for cache directory md-rule (C:\Users\LUCKY\.gradle\caches\5.5\md-rule)" [_thread_blocked, id=15368, stack(0x0000005e84a00000,0x0000005e84b00000)]
  0x000001f22108d000 JavaThread "Cache worker for execution history cache (C:\Users\LUCKY\.gradle\caches\5.5\executionHistory)" [_thread_blocked, id=12828, stack(0x0000005e84c00000,0x0000005e84d00000)]
  0x000001f22108a000 JavaThread "Build operations" [_thread_blocked, id=13852, stack(0x0000005e84d00000,0x0000005e84e00000)]
  0x000001f22108e000 JavaThread "Build operations Thread 2" [_thread_blocked, id=12032, stack(0x0000005e84e00000,0x0000005e84f00000)]
  0x000001f221089000 JavaThread "Build operations Thread 3" [_thread_blocked, id=4116, stack(0x0000005e84f00000,0x0000005e85000000)]
  0x000001f22108f800 JavaThread "Build operations Thread 4" [_thread_blocked, id=10256, stack(0x0000005e85000000,0x0000005e85100000)]
  0x000001f22108f000 JavaThread "Cache worker for Build Output Cleanup Cache (D:\MyWork\ReactNative\whsnxt_mvp (2)\android\.gradle\buildOutputCleanup)" [_thread_blocked, id=12604, stack(0x0000005e85100000,0x0000005e85200000)]
  0x000001f221090800 JavaThread "Memory manager" [_thread_blocked, id=13200, stack(0x0000005e85200000,0x0000005e85300000)]
  0x000001f221eaa800 JavaThread "C2 CompilerThread1" daemon [_thread_blocked, id=9604, stack(0x0000005e85600000,0x0000005e85700000)]

Other Threads:
  0x000001f21fc39000 VMThread "VM Thread" [stack: 0x0000005e82e00000,0x0000005e82f00000] [id=15932]
  0x000001f22078d000 WatcherThread [stack: 0x0000005e83800000,0x0000005e83900000] [id=13356]
  0x000001f2056ce000 GCTaskThread "GC Thread#0" [stack: 0x0000005e82900000,0x0000005e82a00000] [id=14840]
  0x000001f220e9d000 GCTaskThread "GC Thread#1" [stack: 0x0000005e83900000,0x0000005e83a00000] [id=9524]
  0x000001f220eb0000 GCTaskThread "GC Thread#2" [stack: 0x0000005e83a00000,0x0000005e83b00000] [id=12616]
  0x000001f220eb0800 GCTaskThread "GC Thread#3" [stack: 0x0000005e83b00000,0x0000005e83c00000] [id=13412]
  0x000001f2056e0000 ConcurrentGCThread "G1 Main Marker" [stack: 0x0000005e82a00000,0x0000005e82b00000] [id=11880]
  0x000001f2056e2800 ConcurrentGCThread "G1 Conc#0" [stack: 0x0000005e82b00000,0x0000005e82c00000] [id=14760]
  0x000001f20579d800 ConcurrentGCThread "G1 Refine#0" [stack: 0x0000005e82c00000,0x0000005e82d00000] [id=15884]
  0x000001f227390800 ConcurrentGCThread "G1 Refine#1" [stack: 0x0000005e85300000,0x0000005e85400000] [id=12184]
  0x000001f21fad2800 ConcurrentGCThread "G1 Young RemSet Sampling" [stack: 0x0000005e82d00000,0x0000005e82e00000] [id=15296]

Threads with active compile tasks:
C2 CompilerThread0  53755 7929 %     4       groovy.lang.MetaClassImpl::applyStrayPropertyMethods @ 57 (293 bytes)

VM state:not at safepoint (normal execution)

VM Mutex/Monitor currently owned by a thread: None

Heap address: 0x00000000e0000000, size: 512 MB, Compressed Oops mode: 32-bit
Narrow klass base: 0x0000000000000000, Narrow klass shift: 3
Compressed class space size: 260046848 Address: 0x0000000100000000

Heap:
 garbage-first heap   total 262144K, used 99839K [0x00000000e0000000, 0x0000000100000000)
  region size 1024K, 46 young (47104K), 12 survivors (12288K)
 Metaspace       used 70785K, capacity 73097K, committed 73292K, reserved 317440K
  class space    used 9052K, capacity 9795K, committed 9804K, reserved 253952K
Heap Regions: E=young(eden), S=young(survivor), O=old, HS=humongous(starts), HC=humongous(continues), CS=collection set, F=free, A=archive, TAMS=top-at-mark-start (previous, next)
|   0|0x00000000e0000000, 0x00000000e0100000, 0x00000000e0100000|100%| O|  |TAMS 0x00000000e0100000, 0x00000000e0000000| Untracked 
|   1|0x00000000e0100000, 0x00000000e0200000, 0x00000000e0200000|100%| O|  |TAMS 0x00000000e0200000, 0x00000000e0100000| Untracked 
|   2|0x00000000e0200000, 0x00000000e0300000, 0x00000000e0300000|100%|HS|  |TAMS 0x00000000e0300000, 0x00000000e0200000| Complete 
|   3|0x00000000e0300000, 0x00000000e0400000, 0x00000000e0400000|100%|HS|  |TAMS 0x00000000e0400000, 0x00000000e0300000| Complete 
|   4|0x00000000e0400000, 0x00000000e0500000, 0x00000000e0500000|100%|HC|  |TAMS 0x00000000e0500000, 0x00000000e0400000| Complete 
|   5|0x00000000e0500000, 0x00000000e0600000, 0x00000000e0600000|100%| O|  |TAMS 0x00000000e0600000, 0x00000000e0500000| Untracked 
|   6|0x00000000e0600000, 0x00000000e0700000, 0x00000000e0700000|100%| O|  |TAMS 0x00000000e0700000, 0x00000000e0600000| Untracked 
|   7|0x00000000e0700000, 0x00000000e0800000, 0x00000000e0800000|100%| O|  |TAMS 0x00000000e0800000, 0x00000000e0700000| Untracked 
|   8|0x00000000e0800000, 0x00000000e0900000, 0x00000000e0900000|100%| O|  |TAMS 0x00000000e0900000, 0x00000000e0800000| Untracked 
|   9|0x00000000e0900000, 0x00000000e0a00000, 0x00000000e0a00000|100%| O|  |TAMS 0x00000000e0a00000, 0x00000000e0900000| Untracked 
|  10|0x00000000e0a00000, 0x00000000e0b00000, 0x00000000e0b00000|100%| O|  |TAMS 0x00000000e0b00000, 0x00000000e0a00000| Untracked 
|  11|0x00000000e0b00000, 0x00000000e0c00000, 0x00000000e0c00000|100%| O|  |TAMS 0x00000000e0c00000, 0x00000000e0b00000| Untracked 
|  12|0x00000000e0c00000, 0x00000000e0d00000, 0x00000000e0d00000|100%| O|  |TAMS 0x00000000e0d00000, 0x00000000e0c00000| Untracked 
|  13|0x00000000e0d00000, 0x00000000e0e00000, 0x00000000e0e00000|100%|HS|  |TAMS 0x00000000e0e00000, 0x00000000e0d00000| Complete 
|  14|0x00000000e0e00000, 0x00000000e0f00000, 0x00000000e0f00000|100%|HC|  |TAMS 0x00000000e0f00000, 0x00000000e0e00000| Complete 
|  15|0x00000000e0f00000, 0x00000000e1000000, 0x00000000e1000000|100%|HC|  |TAMS 0x00000000e1000000, 0x00000000e0f00000| Complete 
|  16|0x00000000e1000000, 0x00000000e1100000, 0x00000000e1100000|100%|HS|  |TAMS 0x00000000e1100000, 0x00000000e1000000| Complete 
|  17|0x00000000e1100000, 0x00000000e1200000, 0x00000000e1200000|100%|HC|  |TAMS 0x00000000e1200000, 0x00000000e1100000| Complete 
|  18|0x00000000e1200000, 0x00000000e1300000, 0x00000000e1300000|100%| O|  |TAMS 0x00000000e1300000, 0x00000000e1200000| Untracked 
|  19|0x00000000e1300000, 0x00000000e1400000, 0x00000000e1400000|100%| O|  |TAMS 0x00000000e1400000, 0x00000000e1300000| Untracked 
|  20|0x00000000e1400000, 0x00000000e14ffff8, 0x00000000e1500000| 99%| O|  |TAMS 0x00000000e14ffff8, 0x00000000e1400000| Untracked 
|  21|0x00000000e1500000, 0x00000000e1600000, 0x00000000e1600000|100%| O|  |TAMS 0x00000000e1600000, 0x00000000e1500000| Untracked 
|  22|0x00000000e1600000, 0x00000000e1700000, 0x00000000e1700000|100%| O|  |TAMS 0x00000000e1700000, 0x00000000e1600000| Untracked 
|  23|0x00000000e1700000, 0x00000000e1800000, 0x00000000e1800000|100%| O|  |TAMS 0x00000000e1800000, 0x00000000e1700000| Untracked 
|  24|0x00000000e1800000, 0x00000000e1900000, 0x00000000e1900000|100%| O|  |TAMS 0x00000000e1900000, 0x00000000e1800000| Untracked 
|  25|0x00000000e1900000, 0x00000000e1a00000, 0x00000000e1a00000|100%| O|  |TAMS 0x00000000e1a00000, 0x00000000e1900000| Untracked 
|  26|0x00000000e1a00000, 0x00000000e1b00000, 0x00000000e1b00000|100%| O|  |TAMS 0x00000000e1b00000, 0x00000000e1a00000| Untracked 
|  27|0x00000000e1b00000, 0x00000000e1c00000, 0x00000000e1c00000|100%| O|  |TAMS 0x00000000e1c00000, 0x00000000e1b00000| Untracked 
|  28|0x00000000e1c00000, 0x00000000e1d00000, 0x00000000e1d00000|100%| O|  |TAMS 0x00000000e1d00000, 0x00000000e1c00000| Untracked 
|  29|0x00000000e1d00000, 0x00000000e1e00000, 0x00000000e1e00000|100%| O|  |TAMS 0x00000000e1e00000, 0x00000000e1d00000| Untracked 
|  30|0x00000000e1e00000, 0x00000000e1f00000, 0x00000000e1f00000|100%| O|  |TAMS 0x00000000e1f00000, 0x00000000e1e00000| Untracked 
|  31|0x00000000e1f00000, 0x00000000e2000000, 0x00000000e2000000|100%| O|  |TAMS 0x00000000e2000000, 0x00000000e1f00000| Untracked 
|  32|0x00000000e2000000, 0x00000000e2100000, 0x00000000e2100000|100%| O|  |TAMS 0x00000000e2100000, 0x00000000e2000000| Untracked 
|  33|0x00000000e2100000, 0x00000000e2200000, 0x00000000e2200000|100%| O|  |TAMS 0x00000000e2200000, 0x00000000e2100000| Untracked 
|  34|0x00000000e2200000, 0x00000000e2300000, 0x00000000e2300000|100%| O|  |TAMS 0x00000000e2300000, 0x00000000e2200000| Untracked 
|  35|0x00000000e2300000, 0x00000000e2400000, 0x00000000e2400000|100%| O|  |TAMS 0x00000000e2400000, 0x00000000e2300000| Untracked 
|  36|0x00000000e2400000, 0x00000000e2500000, 0x00000000e2500000|100%| O|  |TAMS 0x00000000e2500000, 0x00000000e2400000| Untracked 
|  37|0x00000000e2500000, 0x00000000e2600000, 0x00000000e2600000|100%| O|  |TAMS 0x00000000e2600000, 0x00000000e2500000| Untracked 
|  38|0x00000000e2600000, 0x00000000e2700000, 0x00000000e2700000|100%| O|  |TAMS 0x00000000e2700000, 0x00000000e2600000| Untracked 
|  39|0x00000000e2700000, 0x00000000e2800000, 0x00000000e2800000|100%| O|  |TAMS 0x00000000e2800000, 0x00000000e2700000| Untracked 
|  40|0x00000000e2800000, 0x00000000e2900000, 0x00000000e2900000|100%| O|  |TAMS 0x00000000e2900000, 0x00000000e2800000| Untracked 
|  41|0x00000000e2900000, 0x00000000e2a00000, 0x00000000e2a00000|100%| O|  |TAMS 0x00000000e2a00000, 0x00000000e2900000| Untracked 
|  42|0x00000000e2a00000, 0x00000000e2b00000, 0x00000000e2b00000|100%| O|  |TAMS 0x00000000e2b00000, 0x00000000e2a00000| Untracked 
|  43|0x00000000e2b00000, 0x00000000e2c00000, 0x00000000e2c00000|100%| O|  |TAMS 0x00000000e2c00000, 0x00000000e2b00000| Untracked 
|  44|0x00000000e2c00000, 0x00000000e2d00000, 0x00000000e2d00000|100%| O|  |TAMS 0x00000000e2d00000, 0x00000000e2c00000| Untracked 
|  45|0x00000000e2d00000, 0x00000000e2e00000, 0x00000000e2e00000|100%| O|  |TAMS 0x00000000e2e00000, 0x00000000e2d00000| Untracked 
|  46|0x00000000e2e00000, 0x00000000e2f00000, 0x00000000e2f00000|100%| O|  |TAMS 0x00000000e2f00000, 0x00000000e2e00000| Untracked 
|  47|0x00000000e2f00000, 0x00000000e3000000, 0x00000000e3000000|100%| O|  |TAMS 0x00000000e3000000, 0x00000000e2f00000| Untracked 
|  48|0x00000000e3000000, 0x00000000e3100000, 0x00000000e3100000|100%| O|  |TAMS 0x00000000e3100000, 0x00000000e3000000| Untracked 
|  49|0x00000000e3100000, 0x00000000e3200000, 0x00000000e3200000|100%| O|  |TAMS 0x00000000e3200000, 0x00000000e3100000| Untracked 
|  50|0x00000000e3200000, 0x00000000e3280000, 0x00000000e3300000| 50%| O|  |TAMS 0x00000000e3280000, 0x00000000e3200000| Untracked 
|  51|0x00000000e3300000, 0x00000000e3400000, 0x00000000e3400000|100%|HS|  |TAMS 0x00000000e3300000, 0x00000000e3300000| Complete 
|  52|0x00000000e3400000, 0x00000000e3500000, 0x00000000e3500000|100%|HC|  |TAMS 0x00000000e3400000, 0x00000000e3400000| Complete 
|  53|0x00000000e3500000, 0x00000000e3600000, 0x00000000e3600000|100%|HC|  |TAMS 0x00000000e3500000, 0x00000000e3500000| Complete 
|  54|0x00000000e3600000, 0x00000000e3600000, 0x00000000e3700000|  0%| F|  |TAMS 0x00000000e3600000, 0x00000000e3600000| Untracked 
|  55|0x00000000e3700000, 0x00000000e3700000, 0x00000000e3800000|  0%| F|  |TAMS 0x00000000e3700000, 0x00000000e3700000| Untracked 
|  56|0x00000000e3800000, 0x00000000e3800000, 0x00000000e3900000|  0%| F|  |TAMS 0x00000000e3800000, 0x00000000e3800000| Untracked 
|  57|0x00000000e3900000, 0x00000000e3900000, 0x00000000e3a00000|  0%| F|  |TAMS 0x00000000e3900000, 0x00000000e3900000| Untracked 
|  58|0x00000000e3a00000, 0x00000000e3a00000, 0x00000000e3b00000|  0%| F|  |TAMS 0x00000000e3a00000, 0x00000000e3a00000| Untracked 
|  59|0x00000000e3b00000, 0x00000000e3b00000, 0x00000000e3c00000|  0%| F|  |TAMS 0x00000000e3b00000, 0x00000000e3b00000| Untracked 
|  60|0x00000000e3c00000, 0x00000000e3c00000, 0x00000000e3d00000|  0%| F|  |TAMS 0x00000000e3c00000, 0x00000000e3c00000| Untracked 
|  61|0x00000000e3d00000, 0x00000000e3d00000, 0x00000000e3e00000|  0%| F|  |TAMS 0x00000000e3d00000, 0x00000000e3d00000| Untracked 
|  62|0x00000000e3e00000, 0x00000000e3e00000, 0x00000000e3f00000|  0%| F|  |TAMS 0x00000000e3e00000, 0x00000000e3e00000| Untracked 
|  63|0x00000000e3f00000, 0x00000000e3f00000, 0x00000000e4000000|  0%| F|  |TAMS 0x00000000e3f00000, 0x00000000e3f00000| Untracked 
|  64|0x00000000e4000000, 0x00000000e4000000, 0x00000000e4100000|  0%| F|  |TAMS 0x00000000e4000000, 0x00000000e4000000| Untracked 
|  65|0x00000000e4100000, 0x00000000e4100000, 0x00000000e4200000|  0%| F|  |TAMS 0x00000000e4100000, 0x00000000e4100000| Untracked 
|  66|0x00000000e4200000, 0x00000000e4200000, 0x00000000e4300000|  0%| F|  |TAMS 0x00000000e4200000, 0x00000000e4200000| Untracked 
|  67|0x00000000e4300000, 0x00000000e4300000, 0x00000000e4400000|  0%| F|  |TAMS 0x00000000e4300000, 0x00000000e4300000| Untracked 
|  68|0x00000000e4400000, 0x00000000e4400000, 0x00000000e4500000|  0%| F|  |TAMS 0x00000000e4400000, 0x00000000e4400000| Untracked 
|  69|0x00000000e4500000, 0x00000000e4500000, 0x00000000e4600000|  0%| F|  |TAMS 0x00000000e4500000, 0x00000000e4500000| Untracked 
|  70|0x00000000e4600000, 0x00000000e4600000, 0x00000000e4700000|  0%| F|  |TAMS 0x00000000e4600000, 0x00000000e4600000| Untracked 
|  71|0x00000000e4700000, 0x00000000e4700000, 0x00000000e4800000|  0%| F|  |TAMS 0x00000000e4700000, 0x00000000e4700000| Untracked 
|  72|0x00000000e4800000, 0x00000000e4800000, 0x00000000e4900000|  0%| F|  |TAMS 0x00000000e4800000, 0x00000000e4800000| Untracked 
|  73|0x00000000e4900000, 0x00000000e4900000, 0x00000000e4a00000|  0%| F|  |TAMS 0x00000000e4900000, 0x00000000e4900000| Untracked 
|  74|0x00000000e4a00000, 0x00000000e4a00000, 0x00000000e4b00000|  0%| F|  |TAMS 0x00000000e4a00000, 0x00000000e4a00000| Untracked 
|  75|0x00000000e4b00000, 0x00000000e4b00000, 0x00000000e4c00000|  0%| F|  |TAMS 0x00000000e4b00000, 0x00000000e4b00000| Untracked 
|  76|0x00000000e4c00000, 0x00000000e4c00000, 0x00000000e4d00000|  0%| F|  |TAMS 0x00000000e4c00000, 0x00000000e4c00000| Untracked 
|  77|0x00000000e4d00000, 0x00000000e4d00000, 0x00000000e4e00000|  0%| F|  |TAMS 0x00000000e4d00000, 0x00000000e4d00000| Untracked 
|  78|0x00000000e4e00000, 0x00000000e4e00000, 0x00000000e4f00000|  0%| F|  |TAMS 0x00000000e4e00000, 0x00000000e4e00000| Untracked 
|  79|0x00000000e4f00000, 0x00000000e4f00000, 0x00000000e5000000|  0%| F|  |TAMS 0x00000000e4f00000, 0x00000000e4f00000| Untracked 
|  80|0x00000000e5000000, 0x00000000e5000000, 0x00000000e5100000|  0%| F|  |TAMS 0x00000000e5000000, 0x00000000e5000000| Untracked 
|  81|0x00000000e5100000, 0x00000000e5100000, 0x00000000e5200000|  0%| F|  |TAMS 0x00000000e5100000, 0x00000000e5100000| Untracked 
|  82|0x00000000e5200000, 0x00000000e5200000, 0x00000000e5300000|  0%| F|  |TAMS 0x00000000e5200000, 0x00000000e5200000| Untracked 
|  83|0x00000000e5300000, 0x00000000e5300000, 0x00000000e5400000|  0%| F|  |TAMS 0x00000000e5300000, 0x00000000e5300000| Untracked 
|  84|0x00000000e5400000, 0x00000000e5400000, 0x00000000e5500000|  0%| F|  |TAMS 0x00000000e5400000, 0x00000000e5400000| Untracked 
|  85|0x00000000e5500000, 0x00000000e5500000, 0x00000000e5600000|  0%| F|  |TAMS 0x00000000e5500000, 0x00000000e5500000| Untracked 
|  86|0x00000000e5600000, 0x00000000e5600000, 0x00000000e5700000|  0%| F|  |TAMS 0x00000000e5600000, 0x00000000e5600000| Untracked 
|  87|0x00000000e5700000, 0x00000000e5700000, 0x00000000e5800000|  0%| F|  |TAMS 0x00000000e5700000, 0x00000000e5700000| Untracked 
|  88|0x00000000e5800000, 0x00000000e5800000, 0x00000000e5900000|  0%| F|  |TAMS 0x00000000e5800000, 0x00000000e5800000| Untracked 
|  89|0x00000000e5900000, 0x00000000e5900000, 0x00000000e5a00000|  0%| F|  |TAMS 0x00000000e5900000, 0x00000000e5900000| Untracked 
|  90|0x00000000e5a00000, 0x00000000e5a00000, 0x00000000e5b00000|  0%| F|  |TAMS 0x00000000e5a00000, 0x00000000e5a00000| Untracked 
|  91|0x00000000e5b00000, 0x00000000e5b00000, 0x00000000e5c00000|  0%| F|  |TAMS 0x00000000e5b00000, 0x00000000e5b00000| Untracked 
|  92|0x00000000e5c00000, 0x00000000e5c00000, 0x00000000e5d00000|  0%| F|  |TAMS 0x00000000e5c00000, 0x00000000e5c00000| Untracked 
|  93|0x00000000e5d00000, 0x00000000e5d00000, 0x00000000e5e00000|  0%| F|  |TAMS 0x00000000e5d00000, 0x00000000e5d00000| Untracked 
|  94|0x00000000e5e00000, 0x00000000e5e00000, 0x00000000e5f00000|  0%| F|  |TAMS 0x00000000e5e00000, 0x00000000e5e00000| Untracked 
|  95|0x00000000e5f00000, 0x00000000e5f00000, 0x00000000e6000000|  0%| F|  |TAMS 0x00000000e5f00000, 0x00000000e5f00000| Untracked 
|  96|0x00000000e6000000, 0x00000000e6000000, 0x00000000e6100000|  0%| F|  |TAMS 0x00000000e6000000, 0x00000000e6000000| Untracked 
|  97|0x00000000e6100000, 0x00000000e6100000, 0x00000000e6200000|  0%| F|  |TAMS 0x00000000e6100000, 0x00000000e6100000| Untracked 
|  98|0x00000000e6200000, 0x00000000e6200000, 0x00000000e6300000|  0%| F|  |TAMS 0x00000000e6200000, 0x00000000e6200000| Untracked 
|  99|0x00000000e6300000, 0x00000000e6300000, 0x00000000e6400000|  0%| F|  |TAMS 0x00000000e6300000, 0x00000000e6300000| Untracked 
| 100|0x00000000e6400000, 0x00000000e6400000, 0x00000000e6500000|  0%| F|  |TAMS 0x00000000e6400000, 0x00000000e6400000| Untracked 
| 101|0x00000000e6500000, 0x00000000e6500000, 0x00000000e6600000|  0%| F|  |TAMS 0x00000000e6500000, 0x00000000e6500000| Untracked 
| 102|0x00000000e6600000, 0x00000000e6600000, 0x00000000e6700000|  0%| F|  |TAMS 0x00000000e6600000, 0x00000000e6600000| Untracked 
| 103|0x00000000e6700000, 0x00000000e6700000, 0x00000000e6800000|  0%| F|  |TAMS 0x00000000e6700000, 0x00000000e6700000| Untracked 
| 104|0x00000000e6800000, 0x00000000e6800000, 0x00000000e6900000|  0%| F|  |TAMS 0x00000000e6800000, 0x00000000e6800000| Untracked 
| 105|0x00000000e6900000, 0x00000000e6900000, 0x00000000e6a00000|  0%| F|  |TAMS 0x00000000e6900000, 0x00000000e6900000| Untracked 
| 106|0x00000000e6a00000, 0x00000000e6a00000, 0x00000000e6b00000|  0%| F|  |TAMS 0x00000000e6a00000, 0x00000000e6a00000| Untracked 
| 107|0x00000000e6b00000, 0x00000000e6b00000, 0x00000000e6c00000|  0%| F|  |TAMS 0x00000000e6b00000, 0x00000000e6b00000| Untracked 
| 108|0x00000000e6c00000, 0x00000000e6c00000, 0x00000000e6d00000|  0%| F|  |TAMS 0x00000000e6c00000, 0x00000000e6c00000| Untracked 
| 109|0x00000000e6d00000, 0x00000000e6e00000, 0x00000000e6e00000|100%| S|CS|TAMS 0x00000000e6d00000, 0x00000000e6d00000| Complete 
| 110|0x00000000e6e00000, 0x00000000e6f00000, 0x00000000e6f00000|100%| S|CS|TAMS 0x00000000e6e00000, 0x00000000e6e00000| Complete 
| 111|0x00000000e6f00000, 0x00000000e7000000, 0x00000000e7000000|100%| S|CS|TAMS 0x00000000e6f00000, 0x00000000e6f00000| Complete 
| 112|0x00000000e7000000, 0x00000000e7100000, 0x00000000e7100000|100%| S|CS|TAMS 0x00000000e7000000, 0x00000000e7000000| Complete 
| 113|0x00000000e7100000, 0x00000000e7200000, 0x00000000e7200000|100%| S|CS|TAMS 0x00000000e7100000, 0x00000000e7100000| Complete 
| 114|0x00000000e7200000, 0x00000000e7300000, 0x00000000e7300000|100%| S|CS|TAMS 0x00000000e7200000, 0x00000000e7200000| Complete 
| 115|0x00000000e7300000, 0x00000000e7400000, 0x00000000e7400000|100%| S|CS|TAMS 0x00000000e7300000, 0x00000000e7300000| Complete 
| 116|0x00000000e7400000, 0x00000000e7500000, 0x00000000e7500000|100%| S|CS|TAMS 0x00000000e7400000, 0x00000000e7400000| Complete 
| 117|0x00000000e7500000, 0x00000000e7600000, 0x00000000e7600000|100%| S|CS|TAMS 0x00000000e7500000, 0x00000000e7500000| Complete 
| 118|0x00000000e7600000, 0x00000000e7700000, 0x00000000e7700000|100%| S|CS|TAMS 0x00000000e7600000, 0x00000000e7600000| Complete 
| 119|0x00000000e7700000, 0x00000000e7800000, 0x00000000e7800000|100%| S|CS|TAMS 0x00000000e7700000, 0x00000000e7700000| Complete 
| 120|0x00000000e7800000, 0x00000000e7900000, 0x00000000e7900000|100%| S|CS|TAMS 0x00000000e7800000, 0x00000000e7800000| Complete 
| 121|0x00000000e7900000, 0x00000000e7900000, 0x00000000e7a00000|  0%| F|  |TAMS 0x00000000e7900000, 0x00000000e7900000| Untracked 
| 122|0x00000000e7a00000, 0x00000000e7a00000, 0x00000000e7b00000|  0%| F|  |TAMS 0x00000000e7a00000, 0x00000000e7a00000| Untracked 
| 123|0x00000000e7b00000, 0x00000000e7b00000, 0x00000000e7c00000|  0%| F|  |TAMS 0x00000000e7b00000, 0x00000000e7b00000| Untracked 
| 124|0x00000000e7c00000, 0x00000000e7c00000, 0x00000000e7d00000|  0%| F|  |TAMS 0x00000000e7c00000, 0x00000000e7c00000| Untracked 
| 125|0x00000000e7d00000, 0x00000000e7d00000, 0x00000000e7e00000|  0%| F|  |TAMS 0x00000000e7d00000, 0x00000000e7d00000| Untracked 
| 126|0x00000000e7e00000, 0x00000000e7e00000, 0x00000000e7f00000|  0%| F|  |TAMS 0x00000000e7e00000, 0x00000000e7e00000| Untracked 
| 127|0x00000000e7f00000, 0x00000000e7f00000, 0x00000000e8000000|  0%| F|  |TAMS 0x00000000e7f00000, 0x00000000e7f00000| Untracked 
| 128|0x00000000e8000000, 0x00000000e8000000, 0x00000000e8100000|  0%| F|  |TAMS 0x00000000e8000000, 0x00000000e8000000| Untracked 
| 129|0x00000000e8100000, 0x00000000e8100000, 0x00000000e8200000|  0%| F|  |TAMS 0x00000000e8100000, 0x00000000e8100000| Untracked 
| 130|0x00000000e8200000, 0x00000000e8200000, 0x00000000e8300000|  0%| F|  |TAMS 0x00000000e8200000, 0x00000000e8200000| Untracked 
| 131|0x00000000e8300000, 0x00000000e8300000, 0x00000000e8400000|  0%| F|  |TAMS 0x00000000e8300000, 0x00000000e8300000| Untracked 
| 132|0x00000000e8400000, 0x00000000e8400000, 0x00000000e8500000|  0%| F|  |TAMS 0x00000000e8400000, 0x00000000e8400000| Untracked 
| 133|0x00000000e8500000, 0x00000000e8500000, 0x00000000e8600000|  0%| F|  |TAMS 0x00000000e8500000, 0x00000000e8500000| Untracked 
| 134|0x00000000e8600000, 0x00000000e8600000, 0x00000000e8700000|  0%| F|  |TAMS 0x00000000e8600000, 0x00000000e8600000| Untracked 
| 135|0x00000000e8700000, 0x00000000e8700000, 0x00000000e8800000|  0%| F|  |TAMS 0x00000000e8700000, 0x00000000e8700000| Untracked 
| 136|0x00000000e8800000, 0x00000000e8800000, 0x00000000e8900000|  0%| F|  |TAMS 0x00000000e8800000, 0x00000000e8800000| Untracked 
| 137|0x00000000e8900000, 0x00000000e8900000, 0x00000000e8a00000|  0%| F|  |TAMS 0x00000000e8900000, 0x00000000e8900000| Untracked 
| 138|0x00000000e8a00000, 0x00000000e8a00000, 0x00000000e8b00000|  0%| F|  |TAMS 0x00000000e8a00000, 0x00000000e8a00000| Untracked 
| 139|0x00000000e8b00000, 0x00000000e8b00000, 0x00000000e8c00000|  0%| F|  |TAMS 0x00000000e8b00000, 0x00000000e8b00000| Untracked 
| 140|0x00000000e8c00000, 0x00000000e8c00000, 0x00000000e8d00000|  0%| F|  |TAMS 0x00000000e8c00000, 0x00000000e8c00000| Untracked 
| 141|0x00000000e8d00000, 0x00000000e8d00000, 0x00000000e8e00000|  0%| F|  |TAMS 0x00000000e8d00000, 0x00000000e8d00000| Untracked 
| 142|0x00000000e8e00000, 0x00000000e8e00000, 0x00000000e8f00000|  0%| F|  |TAMS 0x00000000e8e00000, 0x00000000e8e00000| Untracked 
| 143|0x00000000e8f00000, 0x00000000e8f00000, 0x00000000e9000000|  0%| F|  |TAMS 0x00000000e8f00000, 0x00000000e8f00000| Untracked 
| 144|0x00000000e9000000, 0x00000000e9000000, 0x00000000e9100000|  0%| F|  |TAMS 0x00000000e9000000, 0x00000000e9000000| Untracked 
| 145|0x00000000e9100000, 0x00000000e9100000, 0x00000000e9200000|  0%| F|  |TAMS 0x00000000e9100000, 0x00000000e9100000| Untracked 
| 146|0x00000000e9200000, 0x00000000e9200000, 0x00000000e9300000|  0%| F|  |TAMS 0x00000000e9200000, 0x00000000e9200000| Untracked 
| 147|0x00000000e9300000, 0x00000000e9300000, 0x00000000e9400000|  0%| F|  |TAMS 0x00000000e9300000, 0x00000000e9300000| Untracked 
| 148|0x00000000e9400000, 0x00000000e9400000, 0x00000000e9500000|  0%| F|  |TAMS 0x00000000e9400000, 0x00000000e9400000| Untracked 
| 149|0x00000000e9500000, 0x00000000e9500000, 0x00000000e9600000|  0%| F|  |TAMS 0x00000000e9500000, 0x00000000e9500000| Untracked 
| 150|0x00000000e9600000, 0x00000000e9600000, 0x00000000e9700000|  0%| F|  |TAMS 0x00000000e9600000, 0x00000000e9600000| Untracked 
| 151|0x00000000e9700000, 0x00000000e9700000, 0x00000000e9800000|  0%| F|  |TAMS 0x00000000e9700000, 0x00000000e9700000| Untracked 
| 152|0x00000000e9800000, 0x00000000e9800000, 0x00000000e9900000|  0%| F|  |TAMS 0x00000000e9800000, 0x00000000e9800000| Untracked 
| 153|0x00000000e9900000, 0x00000000e9900000, 0x00000000e9a00000|  0%| F|  |TAMS 0x00000000e9900000, 0x00000000e9900000| Untracked 
| 154|0x00000000e9a00000, 0x00000000e9a00000, 0x00000000e9b00000|  0%| F|  |TAMS 0x00000000e9a00000, 0x00000000e9a00000| Untracked 
| 155|0x00000000e9b00000, 0x00000000e9b00000, 0x00000000e9c00000|  0%| F|  |TAMS 0x00000000e9b00000, 0x00000000e9b00000| Untracked 
| 156|0x00000000e9c00000, 0x00000000e9c00000, 0x00000000e9d00000|  0%| F|  |TAMS 0x00000000e9c00000, 0x00000000e9c00000| Untracked 
| 157|0x00000000e9d00000, 0x00000000e9d00000, 0x00000000e9e00000|  0%| F|  |TAMS 0x00000000e9d00000, 0x00000000e9d00000| Untracked 
| 158|0x00000000e9e00000, 0x00000000e9e00000, 0x00000000e9f00000|  0%| F|  |TAMS 0x00000000e9e00000, 0x00000000e9e00000| Untracked 
| 159|0x00000000e9f00000, 0x00000000e9f00000, 0x00000000ea000000|  0%| F|  |TAMS 0x00000000e9f00000, 0x00000000e9f00000| Untracked 
| 160|0x00000000ea000000, 0x00000000ea000000, 0x00000000ea100000|  0%| F|  |TAMS 0x00000000ea000000, 0x00000000ea000000| Untracked 
| 161|0x00000000ea100000, 0x00000000ea100000, 0x00000000ea200000|  0%| F|  |TAMS 0x00000000ea100000, 0x00000000ea100000| Untracked 
| 162|0x00000000ea200000, 0x00000000ea200000, 0x00000000ea300000|  0%| F|  |TAMS 0x00000000ea200000, 0x00000000ea200000| Untracked 
| 163|0x00000000ea300000, 0x00000000ea300000, 0x00000000ea400000|  0%| F|  |TAMS 0x00000000ea300000, 0x00000000ea300000| Untracked 
| 164|0x00000000ea400000, 0x00000000ea400000, 0x00000000ea500000|  0%| F|  |TAMS 0x00000000ea400000, 0x00000000ea400000| Untracked 
| 165|0x00000000ea500000, 0x00000000ea500000, 0x00000000ea600000|  0%| F|  |TAMS 0x00000000ea500000, 0x00000000ea500000| Untracked 
| 166|0x00000000ea600000, 0x00000000ea600000, 0x00000000ea700000|  0%| F|  |TAMS 0x00000000ea600000, 0x00000000ea600000| Untracked 
| 167|0x00000000ea700000, 0x00000000ea700000, 0x00000000ea800000|  0%| F|  |TAMS 0x00000000ea700000, 0x00000000ea700000| Untracked 
| 168|0x00000000ea800000, 0x00000000ea800000, 0x00000000ea900000|  0%| F|  |TAMS 0x00000000ea800000, 0x00000000ea800000| Untracked 
| 169|0x00000000ea900000, 0x00000000ea900000, 0x00000000eaa00000|  0%| F|  |TAMS 0x00000000ea900000, 0x00000000ea900000| Untracked 
| 170|0x00000000eaa00000, 0x00000000eaa00000, 0x00000000eab00000|  0%| F|  |TAMS 0x00000000eaa00000, 0x00000000eaa00000| Untracked 
| 171|0x00000000eab00000, 0x00000000eab00000, 0x00000000eac00000|  0%| F|  |TAMS 0x00000000eab00000, 0x00000000eab00000| Untracked 
| 172|0x00000000eac00000, 0x00000000eac00000, 0x00000000ead00000|  0%| F|  |TAMS 0x00000000eac00000, 0x00000000eac00000| Untracked 
| 173|0x00000000ead00000, 0x00000000ead00000, 0x00000000eae00000|  0%| F|  |TAMS 0x00000000ead00000, 0x00000000ead00000| Untracked 
| 174|0x00000000eae00000, 0x00000000eae00000, 0x00000000eaf00000|  0%| F|  |TAMS 0x00000000eae00000, 0x00000000eae00000| Untracked 
| 175|0x00000000eaf00000, 0x00000000eaf00000, 0x00000000eb000000|  0%| F|  |TAMS 0x00000000eaf00000, 0x00000000eaf00000| Untracked 
| 176|0x00000000eb000000, 0x00000000eb000000, 0x00000000eb100000|  0%| F|  |TAMS 0x00000000eb000000, 0x00000000eb000000| Untracked 
| 177|0x00000000eb100000, 0x00000000eb100000, 0x00000000eb200000|  0%| F|  |TAMS 0x00000000eb100000, 0x00000000eb100000| Untracked 
| 178|0x00000000eb200000, 0x00000000eb200000, 0x00000000eb300000|  0%| F|  |TAMS 0x00000000eb200000, 0x00000000eb200000| Untracked 
| 179|0x00000000eb300000, 0x00000000eb300000, 0x00000000eb400000|  0%| F|  |TAMS 0x00000000eb300000, 0x00000000eb300000| Untracked 
| 180|0x00000000eb400000, 0x00000000eb400000, 0x00000000eb500000|  0%| F|  |TAMS 0x00000000eb400000, 0x00000000eb400000| Untracked 
| 181|0x00000000eb500000, 0x00000000eb500000, 0x00000000eb600000|  0%| F|  |TAMS 0x00000000eb500000, 0x00000000eb500000| Untracked 
| 182|0x00000000eb600000, 0x00000000eb600000, 0x00000000eb700000|  0%| F|  |TAMS 0x00000000eb600000, 0x00000000eb600000| Untracked 
| 183|0x00000000eb700000, 0x00000000eb700000, 0x00000000eb800000|  0%| F|  |TAMS 0x00000000eb700000, 0x00000000eb700000| Untracked 
| 184|0x00000000eb800000, 0x00000000eb800000, 0x00000000eb900000|  0%| F|  |TAMS 0x00000000eb800000, 0x00000000eb800000| Untracked 
| 185|0x00000000eb900000, 0x00000000eb900000, 0x00000000eba00000|  0%| F|  |TAMS 0x00000000eb900000, 0x00000000eb900000| Untracked 
| 186|0x00000000eba00000, 0x00000000eba00000, 0x00000000ebb00000|  0%| F|  |TAMS 0x00000000eba00000, 0x00000000eba00000| Untracked 
| 187|0x00000000ebb00000, 0x00000000ebb00000, 0x00000000ebc00000|  0%| F|  |TAMS 0x00000000ebb00000, 0x00000000ebb00000| Untracked 
| 188|0x00000000ebc00000, 0x00000000ebc00000, 0x00000000ebd00000|  0%| F|  |TAMS 0x00000000ebc00000, 0x00000000ebc00000| Untracked 
| 189|0x00000000ebd00000, 0x00000000ebd00000, 0x00000000ebe00000|  0%| F|  |TAMS 0x00000000ebd00000, 0x00000000ebd00000| Untracked 
| 190|0x00000000ebe00000, 0x00000000ebe00000, 0x00000000ebf00000|  0%| F|  |TAMS 0x00000000ebe00000, 0x00000000ebe00000| Untracked 
| 191|0x00000000ebf00000, 0x00000000ebf00000, 0x00000000ec000000|  0%| F|  |TAMS 0x00000000ebf00000, 0x00000000ebf00000| Untracked 
| 192|0x00000000ec000000, 0x00000000ec000000, 0x00000000ec100000|  0%| F|  |TAMS 0x00000000ec000000, 0x00000000ec000000| Untracked 
| 193|0x00000000ec100000, 0x00000000ec100000, 0x00000000ec200000|  0%| F|  |TAMS 0x00000000ec100000, 0x00000000ec100000| Untracked 
| 194|0x00000000ec200000, 0x00000000ec200000, 0x00000000ec300000|  0%| F|  |TAMS 0x00000000ec200000, 0x00000000ec200000| Untracked 
| 195|0x00000000ec300000, 0x00000000ec300000, 0x00000000ec400000|  0%| F|  |TAMS 0x00000000ec300000, 0x00000000ec300000| Untracked 
| 196|0x00000000ec400000, 0x00000000ec400000, 0x00000000ec500000|  0%| F|  |TAMS 0x00000000ec400000, 0x00000000ec400000| Untracked 
| 197|0x00000000ec500000, 0x00000000ec500000, 0x00000000ec600000|  0%| F|  |TAMS 0x00000000ec500000, 0x00000000ec500000| Untracked 
| 198|0x00000000ec600000, 0x00000000ec600000, 0x00000000ec700000|  0%| F|  |TAMS 0x00000000ec600000, 0x00000000ec600000| Untracked 
| 199|0x00000000ec700000, 0x00000000ec700000, 0x00000000ec800000|  0%| F|  |TAMS 0x00000000ec700000, 0x00000000ec700000| Untracked 
| 200|0x00000000ec800000, 0x00000000ec800000, 0x00000000ec900000|  0%| F|  |TAMS 0x00000000ec800000, 0x00000000ec800000| Untracked 
| 201|0x00000000ec900000, 0x00000000ec900000, 0x00000000eca00000|  0%| F|  |TAMS 0x00000000ec900000, 0x00000000ec900000| Untracked 
| 202|0x00000000eca00000, 0x00000000eca00000, 0x00000000ecb00000|  0%| F|  |TAMS 0x00000000eca00000, 0x00000000eca00000| Untracked 
| 203|0x00000000ecb00000, 0x00000000ecb00000, 0x00000000ecc00000|  0%| F|  |TAMS 0x00000000ecb00000, 0x00000000ecb00000| Untracked 
| 204|0x00000000ecc00000, 0x00000000ecc00000, 0x00000000ecd00000|  0%| F|  |TAMS 0x00000000ecc00000, 0x00000000ecc00000| Untracked 
| 205|0x00000000ecd00000, 0x00000000ecd00000, 0x00000000ece00000|  0%| F|  |TAMS 0x00000000ecd00000, 0x00000000ecd00000| Untracked 
| 206|0x00000000ece00000, 0x00000000ece00000, 0x00000000ecf00000|  0%| F|  |TAMS 0x00000000ece00000, 0x00000000ece00000| Untracked 
| 207|0x00000000ecf00000, 0x00000000ecf00000, 0x00000000ed000000|  0%| F|  |TAMS 0x00000000ecf00000, 0x00000000ecf00000| Untracked 
| 208|0x00000000ed000000, 0x00000000ed000000, 0x00000000ed100000|  0%| F|  |TAMS 0x00000000ed000000, 0x00000000ed000000| Untracked 
| 209|0x00000000ed100000, 0x00000000ed100000, 0x00000000ed200000|  0%| F|  |TAMS 0x00000000ed100000, 0x00000000ed100000| Untracked 
| 210|0x00000000ed200000, 0x00000000ed200000, 0x00000000ed300000|  0%| F|  |TAMS 0x00000000ed200000, 0x00000000ed200000| Untracked 
| 211|0x00000000ed300000, 0x00000000ed300000, 0x00000000ed400000|  0%| F|  |TAMS 0x00000000ed300000, 0x00000000ed300000| Untracked 
| 212|0x00000000ed400000, 0x00000000ed400000, 0x00000000ed500000|  0%| F|  |TAMS 0x00000000ed400000, 0x00000000ed400000| Untracked 
| 213|0x00000000ed500000, 0x00000000ed500000, 0x00000000ed600000|  0%| F|  |TAMS 0x00000000ed500000, 0x00000000ed500000| Untracked 
| 214|0x00000000ed600000, 0x00000000ed600000, 0x00000000ed700000|  0%| F|  |TAMS 0x00000000ed600000, 0x00000000ed600000| Untracked 
| 215|0x00000000ed700000, 0x00000000ed700000, 0x00000000ed800000|  0%| F|  |TAMS 0x00000000ed700000, 0x00000000ed700000| Untracked 
| 216|0x00000000ed800000, 0x00000000ed800000, 0x00000000ed900000|  0%| F|  |TAMS 0x00000000ed800000, 0x00000000ed800000| Untracked 
| 217|0x00000000ed900000, 0x00000000ed900000, 0x00000000eda00000|  0%| F|  |TAMS 0x00000000ed900000, 0x00000000ed900000| Untracked 
| 218|0x00000000eda00000, 0x00000000eda00000, 0x00000000edb00000|  0%| F|  |TAMS 0x00000000eda00000, 0x00000000eda00000| Untracked 
| 219|0x00000000edb00000, 0x00000000edb00000, 0x00000000edc00000|  0%| F|  |TAMS 0x00000000edb00000, 0x00000000edb00000| Untracked 
| 220|0x00000000edc00000, 0x00000000edc00000, 0x00000000edd00000|  0%| F|  |TAMS 0x00000000edc00000, 0x00000000edc00000| Untracked 
| 221|0x00000000edd00000, 0x00000000edd00000, 0x00000000ede00000|  0%| F|  |TAMS 0x00000000edd00000, 0x00000000edd00000| Untracked 
| 222|0x00000000ede00000, 0x00000000edf00000, 0x00000000edf00000|100%| E|  |TAMS 0x00000000ede00000, 0x00000000ede00000| Complete 
| 223|0x00000000edf00000, 0x00000000ee000000, 0x00000000ee000000|100%| E|CS|TAMS 0x00000000edf00000, 0x00000000edf00000| Complete 
| 224|0x00000000ee000000, 0x00000000ee100000, 0x00000000ee100000|100%| E|CS|TAMS 0x00000000ee000000, 0x00000000ee000000| Complete 
| 225|0x00000000ee100000, 0x00000000ee200000, 0x00000000ee200000|100%| E|CS|TAMS 0x00000000ee100000, 0x00000000ee100000| Complete 
| 226|0x00000000ee200000, 0x00000000ee300000, 0x00000000ee300000|100%| E|CS|TAMS 0x00000000ee200000, 0x00000000ee200000| Complete 
| 227|0x00000000ee300000, 0x00000000ee400000, 0x00000000ee400000|100%| E|CS|TAMS 0x00000000ee300000, 0x00000000ee300000| Complete 
| 228|0x00000000ee400000, 0x00000000ee500000, 0x00000000ee500000|100%| E|CS|TAMS 0x00000000ee400000, 0x00000000ee400000| Complete 
| 229|0x00000000ee500000, 0x00000000ee600000, 0x00000000ee600000|100%| E|CS|TAMS 0x00000000ee500000, 0x00000000ee500000| Complete 
| 230|0x00000000ee600000, 0x00000000ee700000, 0x00000000ee700000|100%| E|CS|TAMS 0x00000000ee600000, 0x00000000ee600000| Complete 
| 231|0x00000000ee700000, 0x00000000ee800000, 0x00000000ee800000|100%| E|CS|TAMS 0x00000000ee700000, 0x00000000ee700000| Complete 
| 232|0x00000000ee800000, 0x00000000ee900000, 0x00000000ee900000|100%| E|CS|TAMS 0x00000000ee800000, 0x00000000ee800000| Complete 
| 233|0x00000000ee900000, 0x00000000eea00000, 0x00000000eea00000|100%| E|CS|TAMS 0x00000000ee900000, 0x00000000ee900000| Complete 
| 234|0x00000000eea00000, 0x00000000eeb00000, 0x00000000eeb00000|100%| E|CS|TAMS 0x00000000eea00000, 0x00000000eea00000| Complete 
| 235|0x00000000eeb00000, 0x00000000eec00000, 0x00000000eec00000|100%| E|CS|TAMS 0x00000000eeb00000, 0x00000000eeb00000| Complete 
| 236|0x00000000eec00000, 0x00000000eed00000, 0x00000000eed00000|100%| E|CS|TAMS 0x00000000eec00000, 0x00000000eec00000| Complete 
| 237|0x00000000eed00000, 0x00000000eee00000, 0x00000000eee00000|100%| E|CS|TAMS 0x00000000eed00000, 0x00000000eed00000| Complete 
| 238|0x00000000eee00000, 0x00000000eef00000, 0x00000000eef00000|100%| E|CS|TAMS 0x00000000eee00000, 0x00000000eee00000| Complete 
| 239|0x00000000eef00000, 0x00000000ef000000, 0x00000000ef000000|100%| E|CS|TAMS 0x00000000eef00000, 0x00000000eef00000| Complete 
| 240|0x00000000ef000000, 0x00000000ef100000, 0x00000000ef100000|100%| E|CS|TAMS 0x00000000ef000000, 0x00000000ef000000| Complete 
| 241|0x00000000ef100000, 0x00000000ef200000, 0x00000000ef200000|100%| E|CS|TAMS 0x00000000ef100000, 0x00000000ef100000| Complete 
| 242|0x00000000ef200000, 0x00000000ef300000, 0x00000000ef300000|100%| E|CS|TAMS 0x00000000ef200000, 0x00000000ef200000| Complete 
| 243|0x00000000ef300000, 0x00000000ef400000, 0x00000000ef400000|100%| E|CS|TAMS 0x00000000ef300000, 0x00000000ef300000| Complete 
| 244|0x00000000ef400000, 0x00000000ef500000, 0x00000000ef500000|100%| E|  |TAMS 0x00000000ef400000, 0x00000000ef400000| Complete 
| 245|0x00000000ef500000, 0x00000000ef600000, 0x00000000ef600000|100%| E|CS|TAMS 0x00000000ef500000, 0x00000000ef500000| Complete 
| 246|0x00000000ef600000, 0x00000000ef700000, 0x00000000ef700000|100%| E|CS|TAMS 0x00000000ef600000, 0x00000000ef600000| Complete 
| 247|0x00000000ef700000, 0x00000000ef800000, 0x00000000ef800000|100%| E|CS|TAMS 0x00000000ef700000, 0x00000000ef700000| Complete 
| 248|0x00000000ef800000, 0x00000000ef900000, 0x00000000ef900000|100%| E|CS|TAMS 0x00000000ef800000, 0x00000000ef800000| Complete 
| 249|0x00000000ef900000, 0x00000000efa00000, 0x00000000efa00000|100%| E|CS|TAMS 0x00000000ef900000, 0x00000000ef900000| Complete 
| 250|0x00000000efa00000, 0x00000000efb00000, 0x00000000efb00000|100%| E|CS|TAMS 0x00000000efa00000, 0x00000000efa00000| Complete 
| 251|0x00000000efb00000, 0x00000000efc00000, 0x00000000efc00000|100%| E|CS|TAMS 0x00000000efb00000, 0x00000000efb00000| Complete 
| 252|0x00000000efc00000, 0x00000000efd00000, 0x00000000efd00000|100%| E|CS|TAMS 0x00000000efc00000, 0x00000000efc00000| Complete 
| 253|0x00000000efd00000, 0x00000000efe00000, 0x00000000efe00000|100%| E|CS|TAMS 0x00000000efd00000, 0x00000000efd00000| Complete 
| 254|0x00000000efe00000, 0x00000000eff00000, 0x00000000eff00000|100%| E|CS|TAMS 0x00000000efe00000, 0x00000000efe00000| Complete 
| 255|0x00000000eff00000, 0x00000000f0000000, 0x00000000f0000000|100%| E|CS|TAMS 0x00000000eff00000, 0x00000000eff00000| Complete 

Card table byte_map: [0x000001f21c440000,0x000001f21c540000] _byte_map_base: 0x000001f21bd40000

Marking Bits (Prev, Next): (CMBitMap*) 0x000001f2056dd1a8, (CMBitMap*) 0x000001f2056dd1e0
 Prev Bits: [0x000001f21c640000, 0x000001f21ce40000)
 Next Bits: [0x000001f21ce40000, 0x000001f21d640000)

Polling page: 0x000001f2057a0000

Metaspace:

Usage:
  Non-class:     61.83 MB capacity,    60.30 MB ( 98%) used,     1.38 MB (  2%) free+waste,   147.81 KB ( <1%) overhead. 
      Class:      9.57 MB capacity,     8.84 MB ( 92%) used,   670.45 KB (  7%) free+waste,    71.63 KB ( <1%) overhead. 
       Both:     71.39 MB capacity,    69.14 MB ( 97%) used,     2.04 MB (  3%) free+waste,   219.44 KB ( <1%) overhead. 

Virtual space:
  Non-class space:       62.00 MB reserved,      62.00 MB (100%) committed 
      Class space:      248.00 MB reserved,       9.57 MB (  4%) committed 
             Both:      310.00 MB reserved,      71.57 MB ( 23%) committed 

Chunk freelists:
   Non-Class:  256 bytes
       Class:  128 bytes
        Both:  384 bytes

CodeHeap 'non-profiled nmethods': size=120064Kb used=4881Kb max_used=4881Kb free=115182Kb
 bounds [0x000001f2147d0000, 0x000001f214ca0000, 0x000001f21bd10000]
CodeHeap 'profiled nmethods': size=120000Kb used=17282Kb max_used=17282Kb free=102717Kb
 bounds [0x000001f20d2a0000, 0x000001f20e390000, 0x000001f2147d0000]
CodeHeap 'non-nmethods': size=5696Kb used=2269Kb max_used=2346Kb free=3426Kb
 bounds [0x000001f20cd10000, 0x000001f20cf80000, 0x000001f20d2a0000]
 total_blobs=8816 nmethods=7950 adapters=777
 compilation: enabled
              stopped_count=0, restarted_count=0
 full_count=0

Compilation events (10 events):
Event: 53.614 Thread 0x000001f21fc8b000 nmethod 7934 0x000001f20e377e10 code [0x000001f20e3780e0, 0x000001f20e3791f8]
Event: 53.614 Thread 0x000001f21fc8b000 7935       3       java.nio.file.attribute.FileTime::equals (28 bytes)
Event: 53.614 Thread 0x000001f21fc8b000 nmethod 7935 0x000001f20e379810 code [0x000001f20e3799c0, 0x000001f20e379d68]
Event: 53.614 Thread 0x000001f21fc8b000 7936       3       java.nio.file.attribute.FileTime::compareTo (154 bytes)
Event: 53.616 Thread 0x000001f21fc8b000 nmethod 7936 0x000001f20e379e10 code [0x000001f20e37a120, 0x000001f20e37b158]
Event: 53.617 Thread 0x000001f221eaa800 nmethod 7933 0x000001f214c90b10 code [0x000001f214c90ca0, 0x000001f214c90f78]
Event: 53.631 Thread 0x000001f21fc8b000 7937       3       com.google.common.cache.LocalCache::expiresAfterWrite (15 bytes)
Event: 53.631 Thread 0x000001f21fc8b000 nmethod 7937 0x000001f20e37b710 code [0x000001f20e37b8a0, 0x000001f20e37ba18]
Event: 53.639 Thread 0x000001f21fc8b000 7938       3       org.gradle.internal.instantiation.DefaultInstantiatorFactory::inject (8 bytes)
Event: 53.639 Thread 0x000001f21fc8b000 nmethod 7938 0x000001f20e37ba90 code [0x000001f20e37bc20, 0x000001f20e37bd58]

GC Heap History (10 events):
Event: 7.118 GC heap before
{Heap before GC invocations=6 (full 0):
 garbage-first heap   total 262144K, used 80220K [0x00000000e0000000, 0x0000000100000000)
  region size 1024K, 64 young (65536K), 3 survivors (3072K)
 Metaspace       used 31694K, capacity 32264K, committed 32512K, reserved 282624K
  class space    used 3854K, capacity 4059K, committed 4096K, reserved 253952K
}
Event: 7.130 GC heap after
{Heap after GC invocations=7 (full 0):
 garbage-first heap   total 262144K, used 20530K [0x00000000e0000000, 0x0000000100000000)
  region size 1024K, 8 young (8192K), 8 survivors (8192K)
 Metaspace       used 31694K, capacity 32264K, committed 32512K, reserved 282624K
  class space    used 3854K, capacity 4059K, committed 4096K, reserved 253952K
}
Event: 21.109 GC heap before
{Heap before GC invocations=7 (full 0):
 garbage-first heap   total 262144K, used 58418K [0x00000000e0000000, 0x0000000100000000)
  region size 1024K, 46 young (47104K), 8 survivors (8192K)
 Metaspace       used 35237K, capacity 35773K, committed 35840K, reserved 286720K
  class space    used 4393K, capacity 4585K, committed 4608K, reserved 253952K
}
Event: 21.124 GC heap after
{Heap after GC invocations=8 (full 0):
 garbage-first heap   total 262144K, used 23493K [0x00000000e0000000, 0x0000000100000000)
  region size 1024K, 10 young (10240K), 10 survivors (10240K)
 Metaspace       used 35237K, capacity 35773K, committed 35840K, reserved 286720K
  class space    used 4393K, capacity 4585K, committed 4608K, reserved 253952K
}
Event: 27.406 GC heap before
{Heap before GC invocations=9 (full 0):
 garbage-first heap   total 262144K, used 168901K [0x00000000e0000000, 0x0000000100000000)
  region size 1024K, 148 young (151552K), 10 survivors (10240K)
 Metaspace       used 49479K, capacity 50542K, committed 50764K, reserved 299008K
  class space    used 6281K, capacity 6650K, committed 6732K, reserved 253952K
}
Event: 27.448 GC heap after
{Heap after GC invocations=10 (full 0):
 garbage-first heap   total 262144K, used 41971K [0x00000000e0000000, 0x0000000100000000)
  region size 1024K, 19 young (19456K), 19 survivors (19456K)
 Metaspace       used 49479K, capacity 50542K, committed 50764K, reserved 299008K
  class space    used 6281K, capacity 6650K, committed 6732K, reserved 253952K
}
Event: 43.702 GC heap before
{Heap before GC invocations=10 (full 0):
 garbage-first heap   total 262144K, used 153587K [0x00000000e0000000, 0x0000000100000000)
  region size 1024K, 128 young (131072K), 19 survivors (19456K)
 Metaspace       used 58861K, capacity 60149K, committed 60236K, reserved 307200K
  class space    used 7551K, capacity 7963K, committed 8012K, reserved 253952K
}
Event: 43.759 GC heap after
{Heap after GC invocations=11 (full 0):
 garbage-first heap   total 262144K, used 52359K [0x00000000e0000000, 0x0000000100000000)
  region size 1024K, 10 young (10240K), 10 survivors (10240K)
 Metaspace       used 58861K, capacity 60149K, committed 60236K, reserved 307200K
  class space    used 7551K, capacity 7963K, committed 8012K, reserved 253952K
}
Event: 51.446 GC heap before
{Heap before GC invocations=12 (full 0):
 garbage-first heap   total 262144K, used 180359K [0x00000000e0000000, 0x0000000100000000)
  region size 1024K, 135 young (138240K), 10 survivors (10240K)
 Metaspace       used 69825K, capacity 71738K, committed 71884K, reserved 317440K
  class space    used 8943K, capacity 9626K, committed 9676K, reserved 253952K
}
Event: 51.477 GC heap after
{Heap after GC invocations=13 (full 0):
 garbage-first heap   total 262144K, used 63999K [0x00000000e0000000, 0x0000000100000000)
  region size 1024K, 12 young (12288K), 12 survivors (12288K)
 Metaspace       used 69825K, capacity 71738K, committed 71884K, reserved 317440K
  class space    used 8943K, capacity 9626K, committed 9676K, reserved 253952K
}

Deoptimization events (10 events):
Event: 50.826 Thread 0x000001f221f2d800 Uncommon trap: reason=bimorphic_or_optimized_type_check action=maybe_recompile pc=0x000001f214aae330 method=groovy.lang.MetaClassImpl.filterPropertyMethod(Ljava/lang/Object;ZZ)Ljava/lang/Object; @ 38 c2
Event: 50.865 Thread 0x000001f221f2d800 Uncommon trap: reason=unstable_if action=reinterpret pc=0x000001f214a84a10 method=java.util.TreeMap.put(Ljava/lang/Object;Ljava/lang/Object;)Ljava/lang/Object; @ 163 c2
Event: 51.045 Thread 0x000001f221f2d800 Uncommon trap: reason=profile_predicate action=maybe_recompile pc=0x000001f214b82cc4 method=java.util.regex.Pattern$Slice.match(Ljava/util/regex/Matcher;ILjava/lang/CharSequence;)Z @ 18 c2
Event: 51.045 Thread 0x000001f221f2d800 Uncommon trap: reason=profile_predicate action=maybe_recompile pc=0x000001f214b82cc4 method=java.util.regex.Pattern$Slice.match(Ljava/util/regex/Matcher;ILjava/lang/CharSequence;)Z @ 18 c2
Event: 51.045 Thread 0x000001f221f2d800 Uncommon trap: reason=profile_predicate action=maybe_recompile pc=0x000001f214b82cc4 method=java.util.regex.Pattern$Slice.match(Ljava/util/regex/Matcher;ILjava/lang/CharSequence;)Z @ 18 c2
Event: 51.308 Thread 0x000001f221f2d800 Uncommon trap: reason=profile_predicate action=maybe_recompile pc=0x000001f214b82cc4 method=java.util.regex.Pattern$Slice.match(Ljava/util/regex/Matcher;ILjava/lang/CharSequence;)Z @ 18 c2
Event: 51.481 Thread 0x000001f220752800 Uncommon trap: reason=unstable_if action=reinterpret pc=0x000001f214951204 method=java.util.ArrayDeque.addLast(Ljava/lang/Object;)V @ 42 c2
Event: 51.989 Thread 0x000001f22108f800 Uncommon trap: reason=unstable_if action=reinterpret pc=0x000001f214c21bd8 method=org.gradle.internal.time.MonotonicClock.advance(J)J @ 25 c2
Event: 53.593 Thread 0x000001f221f2d800 Uncommon trap: reason=predicate action=maybe_recompile pc=0x000001f2148792f0 method=com.google.common.base.CharMatcher.indexIn(Ljava/lang/CharSequence;I)I @ 19 c2
Event: 53.629 Thread 0x000001f221f2d800 Uncommon trap: reason=class_check action=maybe_recompile pc=0x000001f2149c7c4c method=com.google.common.collect.AbstractIndexedListIterator.next()Ljava/lang/Object; @ 27 c2

Classes redefined (0 events):
No events

Internal exceptions (10 events):
Event: 53.345 Thread 0x000001f221f2d800 Exception <a 'java/lang/ClassNotFoundException'{0x00000000ee6aa920}: build_2hqlvt8ealu3wzw8zgg6hne0rBeanInfo> (0x00000000ee6aa920) thrown at [./open/src/hotspot/share/classfile/systemDictionary.cpp, line 227]
Event: 53.345 Thread 0x000001f221f2d800 Exception <a 'java/lang/ClassNotFoundException'{0x00000000ee6b3560}: build_2hqlvt8ealu3wzw8zgg6hne0rCustomizer> (0x00000000ee6b3560) thrown at [./open/src/hotspot/share/classfile/systemDictionary.cpp, line 227]
Event: 53.365 Thread 0x000001f221f2d800 Exception <a 'java/lang/ClassNotFoundException'{0x00000000ee5172c0}: build_2hqlvt8ealu3wzw8zgg6hne0rBeanInfo> (0x00000000ee5172c0) thrown at [./open/src/hotspot/share/classfile/systemDictionary.cpp, line 227]
Event: 53.366 Thread 0x000001f221f2d800 Exception <a 'java/lang/ClassNotFoundException'{0x00000000ee51fe80}: build_2hqlvt8ealu3wzw8zgg6hne0rCustomizer> (0x00000000ee51fe80) thrown at [./open/src/hotspot/share/classfile/systemDictionary.cpp, line 227]
Event: 53.373 Thread 0x000001f221f2d800 Exception <a 'sun/nio/fs/WindowsException'{0x00000000ee53e2a0}> (0x00000000ee53e2a0) thrown at [./open/src/hotspot/share/prims/jni.cpp, line 611]
Event: 53.451 Thread 0x000001f221f2d800 Exception <a 'java/lang/ClassNotFoundException'{0x00000000ee413c00}: build_2hqlvt8ealu3wzw8zgg6hne0r$_run_closure1BeanInfo> (0x00000000ee413c00) thrown at [./open/src/hotspot/share/classfile/systemDictionary.cpp, line 227]
Event: 53.452 Thread 0x000001f221f2d800 Exception <a 'java/lang/ClassNotFoundException'{0x00000000ee421180}: build_2hqlvt8ealu3wzw8zgg6hne0r$_run_closure1Customizer> (0x00000000ee421180) thrown at [./open/src/hotspot/share/classfile/systemDictionary.cpp, line 227]
Event: 53.580 Thread 0x000001f221f2d800 Exception <a 'java/lang/ClassNotFoundException'{0x00000000ee270e00}: build_acfevb3uf8qyds9f47oocj6sfBeanInfo> (0x00000000ee270e00) thrown at [./open/src/hotspot/share/classfile/systemDictionary.cpp, line 227]
Event: 53.581 Thread 0x000001f221f2d800 Exception <a 'java/lang/ClassNotFoundException'{0x00000000ee279a40}: build_acfevb3uf8qyds9f47oocj6sfCustomizer> (0x00000000ee279a40) thrown at [./open/src/hotspot/share/classfile/systemDictionary.cpp, line 227]
Event: 53.636 Thread 0x000001f221f2d800 Exception <a 'sun/nio/fs/WindowsException'{0x00000000ee1e1030}> (0x00000000ee1e1030) thrown at [./open/src/hotspot/share/prims/jni.cpp, line 611]

Events (10 events):
Event: 53.624 loading class org/gradle/plugin/use/resolve/internal/PluginResolveContext done
Event: 53.628 loading class com/google/common/collect/FluentIterable$3$1
Event: 53.628 loading class com/google/common/collect/FluentIterable$3$1 done
Event: 53.628 loading class com/google/common/collect/Iterators$ConcatenatedIterator
Event: 53.628 loading class com/google/common/collect/Iterators$ConcatenatedIterator done
Event: 53.629 Thread 0x000001f221f2d800 Uncommon trap: trap_request=0xffffffde fr.pc=0x000001f2149c7c4c relative=0x00000000000000ac
Event: 53.629 Thread 0x000001f221f2d800 DEOPT PACKING pc=0x000001f2149c7c4c sp=0x0000005e842fb7f0
Event: 53.629 Thread 0x000001f221f2d800 DEOPT UNPACKING pc=0x000001f20cd365af sp=0x0000005e842fb788 mode 2
Event: 53.629 loading class org/gradle/plugin/use/internal/DefaultPluginRequestApplicator$4
Event: 53.629 loading class org/gradle/plugin/use/internal/DefaultPluginRequestApplicator$4 done


Dynamic libraries:
0x00007ff630090000 - 0x00007ff63009f000 	C:\Program Files\Java\jdk-11.0.13\bin\java.exe
0x00007ffd10db0000 - 0x00007ffd10fa8000 	C:\Windows\SYSTEM32\ntdll.dll
0x00007ffd10480000 - 0x00007ffd1053d000 	C:\Windows\System32\KERNEL32.DLL
0x00007ffd0e6d0000 - 0x00007ffd0e99e000 	C:\Windows\System32\KERNELBASE.dll
0x00007ffd0ed10000 - 0x00007ffd0ee10000 	C:\Windows\System32\ucrtbase.dll
0x00007ffcfdd50000 - 0x00007ffcfdd65000 	C:\Program Files\Java\jdk-11.0.13\bin\VCRUNTIME140.dll
0x00007ffcfc1f0000 - 0x00007ffcfc208000 	C:\Program Files\Java\jdk-11.0.13\bin\jli.dll
0x00007ffd0f620000 - 0x00007ffd0f6ce000 	C:\Windows\System32\ADVAPI32.dll
0x00007ffd10340000 - 0x00007ffd103de000 	C:\Windows\System32\msvcrt.dll
0x00007ffd103e0000 - 0x00007ffd1047c000 	C:\Windows\System32\sechost.dll
0x00007ffd0ee10000 - 0x00007ffd0ef35000 	C:\Windows\System32\RPCRT4.dll
0x00007ffd10b20000 - 0x00007ffd10cc0000 	C:\Windows\System32\USER32.dll
0x00007ffd0e610000 - 0x00007ffd0e632000 	C:\Windows\System32\win32u.dll
0x00007ffd00c40000 - 0x00007ffd00eda000 	C:\Windows\WinSxS\amd64_microsoft.windows.common-controls_6595b64144ccf1df_6.0.19041.1110_none_60b5254171f9507e\COMCTL32.dll
0x00007ffd102b0000 - 0x00007ffd102da000 	C:\Windows\System32\GDI32.dll
0x00007ffd0e4d0000 - 0x00007ffd0e5db000 	C:\Windows\System32\gdi32full.dll
0x00007ffd0ec20000 - 0x00007ffd0ecbd000 	C:\Windows\System32\msvcp_win.dll
0x00007ffcfdf20000 - 0x00007ffcfdf2a000 	C:\Windows\SYSTEM32\VERSION.dll
0x00007ffd10280000 - 0x00007ffd102b0000 	C:\Windows\System32\IMM32.DLL
0x00007ffcfc150000 - 0x00007ffcfc1eb000 	C:\Program Files\Java\jdk-11.0.13\bin\msvcp140.dll
0x00007ffca0ad0000 - 0x00007ffca15e3000 	C:\Program Files\Java\jdk-11.0.13\bin\server\jvm.dll
0x00007ffd0f980000 - 0x00007ffd0f988000 	C:\Windows\System32\PSAPI.DLL
0x00007ffcfceb0000 - 0x00007ffcfceb9000 	C:\Windows\SYSTEM32\WSOCK32.dll
0x00007ffcffd40000 - 0x00007ffcffd67000 	C:\Windows\SYSTEM32\WINMM.dll
0x00007ffd0ef60000 - 0x00007ffd0efcb000 	C:\Windows\System32\WS2_32.dll
0x00007ffd0c3d0000 - 0x00007ffd0c3e2000 	C:\Windows\SYSTEM32\kernel.appcore.dll
0x00007ffcfc140000 - 0x00007ffcfc150000 	C:\Program Files\Java\jdk-11.0.13\bin\verify.dll
0x00007ffcffdc0000 - 0x00007ffcfffa4000 	C:\Windows\SYSTEM32\DBGHELP.DLL
0x00007ffcffc30000 - 0x00007ffcffc5c000 	C:\Windows\SYSTEM32\dbgcore.DLL
0x00007ffd0e640000 - 0x00007ffd0e6c2000 	C:\Windows\System32\bcryptPrimitives.dll
0x00007ffcfc110000 - 0x00007ffcfc138000 	C:\Program Files\Java\jdk-11.0.13\bin\java.dll
0x00007ffcfc100000 - 0x00007ffcfc10a000 	C:\Program Files\Java\jdk-11.0.13\bin\jimage.dll
0x00007ffcfc0e0000 - 0x00007ffcfc0f6000 	C:\Program Files\Java\jdk-11.0.13\bin\zip.dll
0x00007ffd0fa40000 - 0x00007ffd10184000 	C:\Windows\System32\SHELL32.dll
0x00007ffd0c5d0000 - 0x00007ffd0cd64000 	C:\Windows\SYSTEM32\windows.storage.dll
0x00007ffd0efd0000 - 0x00007ffd0f324000 	C:\Windows\System32\combase.dll
0x00007ffd0de60000 - 0x00007ffd0de90000 	C:\Windows\SYSTEM32\Wldp.dll
0x00007ffd10cc0000 - 0x00007ffd10d6d000 	C:\Windows\System32\SHCORE.dll
0x00007ffd105d0000 - 0x00007ffd10625000 	C:\Windows\System32\shlwapi.dll
0x00007ffd0e410000 - 0x00007ffd0e42f000 	C:\Windows\SYSTEM32\profapi.dll
0x00007ffcfc0c0000 - 0x00007ffcfc0d9000 	C:\Program Files\Java\jdk-11.0.13\bin\net.dll
0x00007ffd027d0000 - 0x00007ffd028da000 	C:\Windows\SYSTEM32\WINHTTP.dll
0x00007ffd0dbc0000 - 0x00007ffd0dc2a000 	C:\Windows\system32\mswsock.dll
0x00007ffcfc0a0000 - 0x00007ffcfc0b2000 	C:\Program Files\Java\jdk-11.0.13\bin\nio.dll
0x00007ffcfc070000 - 0x00007ffcfc096000 	C:\Users\LUCKY\.gradle\native\29\windows-amd64\native-platform.dll
0x00007ffcfc040000 - 0x00007ffcfc049000 	C:\Program Files\Java\jdk-11.0.13\bin\management.dll
0x00007ffcfc030000 - 0x00007ffcfc03b000 	C:\Program Files\Java\jdk-11.0.13\bin\management_ext.dll
0x00007ffd0ddb0000 - 0x00007ffd0ddc8000 	C:\Windows\SYSTEM32\CRYPTSP.dll
0x00007ffd0d540000 - 0x00007ffd0d574000 	C:\Windows\system32\rsaenh.dll
0x00007ffd0e5e0000 - 0x00007ffd0e607000 	C:\Windows\System32\bcrypt.dll
0x00007ffd0e390000 - 0x00007ffd0e3be000 	C:\Windows\SYSTEM32\USERENV.dll
0x00007ffd0ddd0000 - 0x00007ffd0dddc000 	C:\Windows\SYSTEM32\CRYPTBASE.dll
0x00007ffd0d8b0000 - 0x00007ffd0d8eb000 	C:\Windows\SYSTEM32\IPHLPAPI.DLL
0x00007ffd10270000 - 0x00007ffd10278000 	C:\Windows\System32\NSI.dll
0x00007ffd07bd0000 - 0x00007ffd07be7000 	C:\Windows\SYSTEM32\dhcpcsvc6.DLL
0x00007ffd07ca0000 - 0x00007ffd07cbd000 	C:\Windows\SYSTEM32\dhcpcsvc.DLL
0x00007ffd0d8f0000 - 0x00007ffd0d9bb000 	C:\Windows\SYSTEM32\DNSAPI.dll

dbghelp: loaded successfully - version: 4.0.5 - missing functions: none
symbol engine: initialized successfully - sym options: 0x614 - pdb path: .;C:\Program Files\Java\jdk-11.0.13\bin;C:\Windows\SYSTEM32;C:\Windows\WinSxS\amd64_microsoft.windows.common-controls_6595b64144ccf1df_6.0.19041.1110_none_60b5254171f9507e;C:\Program Files\Java\jdk-11.0.13\bin\server;C:\Users\LUCKY\.gradle\native\29\windows-amd64

VM Arguments:
jvm_args: --add-opens=java.base/java.util=ALL-UNNAMED --add-opens=java.base/java.lang=ALL-UNNAMED --add-opens=java.base/java.lang.invoke=ALL-UNNAMED --add-opens=java.prefs/java.util.prefs=ALL-UNNAMED -XX:MaxMetaspaceSize=256m -XX:+HeapDumpOnOutOfMemoryError -Xms256m -Xmx512m -Dfile.encoding=windows-1252 -Duser.country=US -Duser.language=en -Duser.variant 
java_command: org.gradle.launcher.daemon.bootstrap.GradleDaemon 5.5
java_class_path (initial): C:\Users\LUCKY\.gradle\wrapper\dists\gradle-5.5-all\byeise1led9a3w3p149d02kfj\gradle-5.5\lib\gradle-launcher-5.5.jar
Launcher Type: SUN_STANDARD

[Global flags]
     intx CICompilerCount                          = 3                                         {product} {ergonomic}
   size_t CompressedClassSpaceSize                 = 260046848                                 {product} {ergonomic}
     uint ConcGCThreads                            = 1                                         {product} {ergonomic}
     uint G1ConcRefinementThreads                  = 4                                         {product} {ergonomic}
   size_t G1HeapRegionSize                         = 1048576                                   {product} {ergonomic}
    uintx GCDrainStackTargetSize                   = 64                                        {product} {ergonomic}
     bool HeapDumpOnOutOfMemoryError               = true                                   {manageable} {command line}
   size_t InitialHeapSize                          = 268435456                                 {product} {command line}
   size_t MarkStackSize                            = 4194304                                   {product} {ergonomic}
   size_t MaxHeapSize                              = 536870912                                 {product} {command line}
   size_t MaxMetaspaceSize                         = 268435456                                 {product} {command line}
   size_t MaxNewSize                               = 321912832                                 {product} {ergonomic}
   size_t MinHeapDeltaBytes                        = 1048576                                   {product} {ergonomic}
    uintx NonNMethodCodeHeapSize                   = 5830732                                {pd product} {ergonomic}
    uintx NonProfiledCodeHeapSize                  = 122913754                              {pd product} {ergonomic}
    uintx ProfiledCodeHeapSize                     = 122913754                              {pd product} {ergonomic}
    uintx ReservedCodeCacheSize                    = 251658240                              {pd product} {ergonomic}
     bool SegmentedCodeCache                       = true                                      {product} {ergonomic}
     bool UseCompressedClassPointers               = true                                 {lp64_product} {ergonomic}
     bool UseCompressedOops                        = true                                 {lp64_product} {ergonomic}
     bool UseG1GC                                  = true                                      {product} {ergonomic}
     bool UseLargePagesIndividualAllocation        = false                                  {pd product} {ergonomic}

Logging:
Log output configuration:
 #0: stdout all=warning uptime,level,tags
 #1: stderr all=off uptime,level,tags

Environment Variables:
JAVA_HOME=C:\Program Files\Java\jdk-11.0.13\
CLASSPATH=D:\MyWork\ReactNative\whsnxt_mvp (2)\android\\gradle\wrapper\gradle-wrapper.jar
PATH=D:\MyWork\ReactNative\whsnxt_mvp (2)\android\node_modules\.bin;D:\MyWork\ReactNative\whsnxt_mvp (2)\node_modules\.bin;D:\MyWork\ReactNative\node_modules\.bin;D:\MyWork\node_modules\.bin;D:\node_modules\.bin;C:\Program Files\nodejs;C:\Program Files (x86)\OpenJDK\jdk-8.0.262.10-hotspot\bin;C:\Program Files (x86)\Common Files\Oracle\Java\javapath;C:\Program Files\Common Files\Oracle\Java\javapath;C:\Windows\system32;C:\Windows;C:\Windows\System32\Wbem;C:\Windows\System32\WindowsPowerShell\v1.0\;C:\Windows\System32\OpenSSH\;C:\Program Files\Git\cmd;C:\Users\LUCKY\AppData\Roaming\nvm;C:\Program Files\nodejs;C:\xampp\php;C:\ProgramData\ComposerSetup\bin;C:\Program Files\PuTTY\;C:\Program Files\Java\jdk-18.0.1.1\bin;C:\Program Files\Microsoft SQL Server\150\Tools\Binn\;C:\Users\LUCKY\AppData\Local\Android\Sdk\platform-tools;C:\Program Files\Java\jdk-11.0.13\bin;C:\Users\LUCKY\AppData\Local\Android\Sdk\ndk-bundle;C:\Users\LUCKY\AppData\Local\Programs\Python\Python310\Scripts\;C:\Users\LUCKY\AppData\Local\Programs\Python\Python310\;C:\Users\LUCKY\AppData\Local\Microsoft\WindowsApps;C:\Program Files\Bandizip\;C:\Users\LUCKY\AppData\Roaming\npm;C:\Users\LUCKY\AppData\Local\Programs\Microsoft VS Code\bin;C:\Users\LUCKY\AppData\Roaming\nvm;C:\Program Files\nodejs;C:\Users\LUCKY\AppData\Roaming\Composer\vendor\bin;C:\Program Files\JetBrains\PyCharm Community Edition 2022.1.1\bin;;C:\Users\LUCKY\AppData\Local\Android\Sdk\ndk-bundle;C:\Users\LUCKY\AppData\Local\Android\Sdk\platform-tools;
USERNAME=LUCKY
OS=Windows_NT
PROCESSOR_IDENTIFIER=Intel64 Family 6 Model 58 Stepping 9, GenuineIntel



---------------  S Y S T E M  ---------------

OS: Windows 10 , 64 bit Build 19041 (10.0.19041.1806)

CPU:total 4 (initial active 4) (2 cores per cpu, 2 threads per core) family 6 model 58 stepping 9 microcode 0x21, cmov, cx8, fxsr, mmx, sse, sse2, sse3, ssse3, sse4.1, sse4.2, popcnt, avx, aes, clmul, erms, ht, tsc, tscinvbit, tscinv

Memory: 4k page, system-wide physical 12182M (3326M free)
TotalPageFile size 24470M (AvailPageFile size 13855M)
current process WorkingSet (physical memory assigned to process): 412M, peak: 415M
current process commit charge ("private bytes"): 489M, peak: 502M

vm_info: Java HotSpot(TM) 64-Bit Server VM (11.0.13+10-LTS-370) for windows-amd64 JRE (11.0.13+10-LTS-370), built on Sep 15 2021 22:10:36 by "mach5one" with MS VC++ 15.9 (VS2017)

END.
