#
# A fatal error has been detected by the Java Runtime Environment:
#
#  EXCEPTION_ACCESS_VIOLATION (0xc0000005) at pc=0x00007ffca114ad72, pid=13756, tid=14160
#
# JRE version: Java(TM) SE Runtime Environment 18.9 (11.0.13+10) (build 11.0.13+10-LTS-370)
# Java VM: Java HotSpot(TM) 64-Bit Server VM 18.9 (11.0.13+10-LTS-370, mixed mode, tiered, compressed oops, g1 gc, windows-amd64)
# Problematic frame:
# V  [jvm.dll+0x67ad72]
#
# No core dump will be written. Minidumps are not enabled by default on client versions of Windows
#
# If you would like to submit a bug report, please visit:
#   https://bugreport.java.com/bugreport/crash.jsp
#

---------------  S U M M A R Y ------------

Command Line: --add-opens=java.base/java.util=ALL-UNNAMED --add-opens=java.base/java.lang=ALL-UNNAMED --add-opens=java.base/java.lang.invoke=ALL-UNNAMED --add-opens=java.prefs/java.util.prefs=ALL-UNNAMED -XX:MaxMetaspaceSize=256m -XX:+HeapDumpOnOutOfMemoryError -Xms256m -Xmx512m -Dfile.encoding=windows-1252 -Duser.country=US -Duser.language=en -Duser.variant org.gradle.launcher.daemon.bootstrap.GradleDaemon 5.5

Host: Intel(R) Core(TM) i5-3230M CPU @ 2.60GHz, 4 cores, 11G,  Windows 10 , 64 bit Build 19041 (10.0.19041.1806)
Time: Tue Aug  9 18:07:49 2022 Tokyo Standard Time elapsed time: 27.370581 seconds (0d 0h 0m 27s)

---------------  T H R E A D  ---------------

Current thread (0x0000025112664800):  JavaThread "C2 CompilerThread1" daemon [_thread_in_native, id=14160, stack(0x000000f238000000,0x000000f238100000)]


Current CompileTask:
C2:  27370 3134       4       sun.net.util.URLUtil::urlNoFragString (114 bytes)

Stack: [0x000000f238000000,0x000000f238100000],  sp=0x000000f2380fb480,  free space=1005k
Native frames: (J=compiled Java code, j=interpreted, Vv=VM code, C=native code)
V  [jvm.dll+0x67ad72]
V  [jvm.dll+0x18c8e0]
V  [jvm.dll+0x1f8362]
V  [jvm.dll+0x1f743d]
V  [jvm.dll+0x177991]
V  [jvm.dll+0x206d84]
V  [jvm.dll+0x204ebb]
V  [jvm.dll+0x727e70]
V  [jvm.dll+0x720a54]
V  [jvm.dll+0x627606]
C  [ucrtbase.dll+0x21bb2]
C  [KERNEL32.DLL+0x17034]
C  [ntdll.dll+0x52651]


siginfo: EXCEPTION_ACCESS_VIOLATION (0xc0000005), reading address 0x0000005113ffb228


Register to memory mapping:

RIP=0x00007ffca114ad72 jvm.dll
RAX=0x0000005113ffb220 is an unknown value
RBX=0x0000000000000001 is an unknown value
RCX=0x0000000000001268 is an unknown value
RDX=0x00000000000005af is an unknown value
RSP=0x000000f2380fb480 is pointing into the stack for thread: 0x0000025112664800
RBP=0x000000f2380fb580 is pointing into the stack for thread: 0x0000025112664800
RSI=0x0000025115bf2870 points into unknown readable memory: 0x3f58c35c440256b9 | b9 56 02 44 5c c3 58 3f
RDI=0x00000000000004de is an unknown value
R8 =0x00000000000004de is an unknown value
R9 =0x0000025115942180 points into unknown readable memory: 0x0000000000000000 | 00 00 00 00 00 00 00 00
R10=0x0000025115942188 points into unknown readable memory: 0x0000025113c98458 | 58 84 c9 13 51 02 00 00
R11=0x0000025115941f88 points into unknown readable memory: 0x0000025113c98740 | 40 87 c9 13 51 02 00 00
R12=0x0000025113137a18 points into unknown readable memory: 0x00007ffca12ff970 | 70 f9 2f a1 fc 7f 00 00
R13=0x000000000000000c is an unknown value
R14=0x0000000000000002 is an unknown value
R15=0x0000025113ffb1b8 points into unknown readable memory: 0x00007ffca1313cd8 | d8 3c 31 a1 fc 7f 00 00


Registers:
RAX=0x0000005113ffb220, RBX=0x0000000000000001, RCX=0x0000000000001268, RDX=0x00000000000005af
RSP=0x000000f2380fb480, RBP=0x000000f2380fb580, RSI=0x0000025115bf2870, RDI=0x00000000000004de
R8 =0x00000000000004de, R9 =0x0000025115942180, R10=0x0000025115942188, R11=0x0000025115941f88
R12=0x0000025113137a18, R13=0x000000000000000c, R14=0x0000000000000002, R15=0x0000025113ffb1b8
RIP=0x00007ffca114ad72, EFLAGS=0x0000000000010202

Top of Stack: (sp=0x000000f2380fb480)
0x000000f2380fb480:   000000f2380fbd00 0000025113da4f20
0x000000f2380fb490:   0000000000000003 0000025115941db0
0x000000f2380fb4a0:   0000000000000bda 00007ffca0b82adc
0x000000f2380fb4b0:   000002517510a110 00000000000000aa
0x000000f2380fb4c0:   0000025100000000 000000f2b408fe42
0x000000f2380fb4d0:   000000010000000c 0000000002000002
0x000000f2380fb4e0:   000004de0000000c 0000025113137a18
0x000000f2380fb4f0:   0000000700000bcd 0000000000000000
0x000000f2380fb500:   000000f200000002 0000025115bf2870
0x000000f2380fb510:   0000025115b783b0 0000007500000000
0x000000f2380fb520:   0000025115b783f0 0000025115b93f80
0x000000f2380fb530:   0000025113ffb1b8 00000bd900000000
0x000000f2380fb540:   000000f2380fba30 000000f200000013
0x000000f2380fb550:   000002511354a7c0 0000025115b91400
0x000000f2380fb560:   0000025115b929c0 00000000000004de
0x000000f2380fb570:   0000000100000001 0000025115b8e490 

Instructions: (pc=0x00007ffca114ad72)
0x00007ffca114ad52:   80 48 c1 e6 05 48 03 70 20 41 0f b7 47 30 83 e0
0x00007ffca114ad62:   01 48 89 75 88 89 45 f4 74 6e 8b d8 49 8b 47 08
0x00007ffca114ad72:   48 8b 14 d8 48 8b 85 00 03 00 00 48 63 4a 28 48
0x00007ffca114ad82:   8b 80 28 01 00 00 3b 3c 88 75 46 49 8b cf e8 db 


Stack slot to memory mapping:
stack at sp + 0 slots: 0x000000f2380fbd00 is pointing into the stack for thread: 0x0000025112664800
stack at sp + 1 slots: 0x0000025113da4f20 points into unknown readable memory: 0x00007ffca1313cd8 | d8 3c 31 a1 fc 7f 00 00
stack at sp + 2 slots: 0x0000000000000003 is an unknown value
stack at sp + 3 slots: 0x0000025115941db0 points into unknown readable memory: 0x00007ffca12fb1d8 | d8 b1 2f a1 fc 7f 00 00
stack at sp + 4 slots: 0x0000000000000bda is an unknown value
stack at sp + 5 slots: 0x00007ffca0b82adc jvm.dll
stack at sp + 6 slots: 0x000002517510a110 points into unknown readable memory: 0x0000025114878820 | 20 88 87 14 51 02 00 00
stack at sp + 7 slots: 0x00000000000000aa is an unknown value


---------------  P R O C E S S  ---------------

Threads class SMR info:
_java_thread_list=0x00000251135d98b0, length=28, elements={
0x0000025175118800, 0x000002517ff2d000, 0x000002517ff4e000, 0x000002517ff6b000,
0x000002517ff6e800, 0x000002517ff73000, 0x000002517ff76800, 0x000002517ff7f000,
0x000002517ff81000, 0x000002510fa9b800, 0x00000251103c7800, 0x0000025110fb8000,
0x0000025110dd3000, 0x00000251107a5000, 0x00000251107a6000, 0x0000025111123000,
0x000002511110c800, 0x000002511110d000, 0x000002511146a000, 0x0000025111411000,
0x000002511140c800, 0x0000025111412000, 0x0000025111413000, 0x0000025111410800,
0x0000025112664800, 0x000002511140f800, 0x0000025115cd0800, 0x0000025115cd1000
}

Java Threads: ( => current thread )
  0x0000025175118800 JavaThread "main" [_thread_blocked, id=11612, stack(0x000000f235e00000,0x000000f235f00000)]
  0x000002517ff2d000 JavaThread "Reference Handler" daemon [_thread_blocked, id=14840, stack(0x000000f236500000,0x000000f236600000)]
  0x000002517ff4e000 JavaThread "Finalizer" daemon [_thread_blocked, id=10368, stack(0x000000f236600000,0x000000f236700000)]
  0x000002517ff6b000 JavaThread "Signal Dispatcher" daemon [_thread_blocked, id=14760, stack(0x000000f236700000,0x000000f236800000)]
  0x000002517ff6e800 JavaThread "Attach Listener" daemon [_thread_blocked, id=11880, stack(0x000000f236800000,0x000000f236900000)]
  0x000002517ff73000 JavaThread "Service Thread" daemon [_thread_blocked, id=15884, stack(0x000000f236900000,0x000000f236a00000)]
  0x000002517ff76800 JavaThread "C2 CompilerThread0" daemon [_thread_in_native, id=3640, stack(0x000000f236a00000,0x000000f236b00000)]
  0x000002517ff7f000 JavaThread "C1 CompilerThread0" daemon [_thread_blocked, id=15592, stack(0x000000f236b00000,0x000000f236c00000)]
  0x000002517ff81000 JavaThread "Sweeper thread" daemon [_thread_blocked, id=13840, stack(0x000000f236c00000,0x000000f236d00000)]
  0x000002510fa9b800 JavaThread "Common-Cleaner" daemon [_thread_blocked, id=4288, stack(0x000000f236d00000,0x000000f236e00000)]
  0x00000251103c7800 JavaThread "Daemon health stats" [_thread_blocked, id=10260, stack(0x000000f237300000,0x000000f237400000)]
  0x0000025110fb8000 JavaThread "Incoming local TCP Connector on port 53004" [_thread_in_native, id=9860, stack(0x000000f237200000,0x000000f237300000)]
  0x0000025110dd3000 JavaThread "Daemon periodic checks" [_thread_blocked, id=2844, stack(0x000000f237400000,0x000000f237500000)]
  0x00000251107a5000 JavaThread "Daemon" [_thread_blocked, id=5976, stack(0x000000f237500000,0x000000f237600000)]
  0x00000251107a6000 JavaThread "Handler for socket connection from /127.0.0.1:53004 to /127.0.0.1:53005" [_thread_in_native, id=8968, stack(0x000000f237600000,0x000000f237700000)]
  0x0000025111123000 JavaThread "Cancel handler" [_thread_blocked, id=11620, stack(0x000000f237700000,0x000000f237800000)]
  0x000002511110c800 JavaThread "Daemon worker" [_thread_in_vm, id=14736, stack(0x000000f237800000,0x000000f237900000)]
  0x000002511110d000 JavaThread "Asynchronous log dispatcher for DefaultDaemonConnection: socket connection from /127.0.0.1:53004 to /127.0.0.1:53005" [_thread_blocked, id=11832, stack(0x000000f237900000,0x000000f237a00000)]
  0x000002511146a000 JavaThread "Stdin handler" [_thread_blocked, id=14320, stack(0x000000f237a00000,0x000000f237b00000)]
  0x0000025111411000 JavaThread "Thread-8" [_thread_blocked, id=13008, stack(0x000000f237b00000,0x000000f237c00000)]
  0x000002511140c800 JavaThread "Cache worker for file hash cache (C:\Users\LUCKY\.gradle\caches\5.5\fileHashes)" [_thread_blocked, id=5328, stack(0x000000f237c00000,0x000000f237d00000)]
  0x0000025111412000 JavaThread "File lock request listener" [_thread_in_native, id=1112, stack(0x000000f237d00000,0x000000f237e00000)]
  0x0000025111413000 JavaThread "Cache worker for journal cache (C:\Users\LUCKY\.gradle\caches\journal-1)" [_thread_blocked, id=14464, stack(0x000000f237e00000,0x000000f237f00000)]
  0x0000025111410800 JavaThread "Cache worker for file hash cache (D:\MyWork\ReactNative\whsnxt_mvp (2)\android\.gradle\5.5\fileHashes)" [_thread_blocked, id=7680, stack(0x000000f237f00000,0x000000f238000000)]
=>0x0000025112664800 JavaThread "C2 CompilerThread1" daemon [_thread_in_native, id=14160, stack(0x000000f238000000,0x000000f238100000)]
  0x000002511140f800 JavaThread "Cache worker for cache directory md-supplier (C:\Users\LUCKY\.gradle\caches\5.5\md-supplier)" [_thread_blocked, id=8212, stack(0x000000f238100000,0x000000f238200000)]
  0x0000025115cd0800 JavaThread "Cache worker for cache directory md-rule (C:\Users\LUCKY\.gradle\caches\5.5\md-rule)" [_thread_blocked, id=13604, stack(0x000000f238200000,0x000000f238300000)]
  0x0000025115cd1000 JavaThread "Cache worker for execution history cache (C:\Users\LUCKY\.gradle\caches\5.5\executionHistory)" [_thread_blocked, id=4948, stack(0x000000f238300000,0x000000f238400000)]

Other Threads:
  0x000002517ff28000 VMThread "VM Thread" [stack: 0x000000f236400000,0x000000f236500000] [id=5596]
  0x000002510fac7000 WatcherThread [stack: 0x000000f236e00000,0x000000f236f00000] [id=252]
  0x000002517512c000 GCTaskThread "GC Thread#0" [stack: 0x000000f235f00000,0x000000f236000000] [id=14376]
  0x0000025110024000 GCTaskThread "GC Thread#1" [stack: 0x000000f236f00000,0x000000f237000000] [id=7836]
  0x00000251100db000 GCTaskThread "GC Thread#2" [stack: 0x000000f237000000,0x000000f237100000] [id=12856]
  0x000002511023e000 GCTaskThread "GC Thread#3" [stack: 0x000000f237100000,0x000000f237200000] [id=14876]
  0x0000025175141000 ConcurrentGCThread "G1 Main Marker" [stack: 0x000000f236000000,0x000000f236100000] [id=120]
  0x0000025175142800 ConcurrentGCThread "G1 Conc#0" [stack: 0x000000f236100000,0x000000f236200000] [id=9756]
  0x00000251751fd800 ConcurrentGCThread "G1 Refine#0" [stack: 0x000000f236200000,0x000000f236300000] [id=15296]
  0x000002517fdc0800 ConcurrentGCThread "G1 Young RemSet Sampling" [stack: 0x000000f236300000,0x000000f236400000] [id=15104]

Threads with active compile tasks:
C2 CompilerThread0  27465 3158       4       org.objectweb.asm.Frame::execute (2318 bytes)
C1 CompilerThread0  27465 3170       3       org.gradle.internal.instantiation.AbstractClassGenerator$ExtensibleTypePropertyHandler::unclaimed (64 bytes)
C2 CompilerThread1  27465 3134       4       sun.net.util.URLUtil::urlNoFragString (114 bytes)

VM state:not at safepoint (normal execution)

VM Mutex/Monitor currently owned by a thread: None

Heap address: 0x00000000e0000000, size: 512 MB, Compressed Oops mode: 32-bit
Narrow klass base: 0x0000000000000000, Narrow klass shift: 3
Compressed class space size: 260046848 Address: 0x0000000100000000

Heap:
 garbage-first heap   total 262144K, used 55464K [0x00000000e0000000, 0x0000000100000000)
  region size 1024K, 43 young (44032K), 10 survivors (10240K)
 Metaspace       used 37322K, capacity 38028K, committed 38272K, reserved 288768K
  class space    used 4755K, capacity 4973K, committed 4992K, reserved 253952K
Heap Regions: E=young(eden), S=young(survivor), O=old, HS=humongous(starts), HC=humongous(continues), CS=collection set, F=free, A=archive, TAMS=top-at-mark-start (previous, next)
|   0|0x00000000e0000000, 0x00000000e0100000, 0x00000000e0100000|100%| O|  |TAMS 0x00000000e0100000, 0x00000000e0000000| Untracked 
|   1|0x00000000e0100000, 0x00000000e0200000, 0x00000000e0200000|100%| O|  |TAMS 0x00000000e0200000, 0x00000000e0100000| Untracked 
|   2|0x00000000e0200000, 0x00000000e0300000, 0x00000000e0300000|100%|HS|  |TAMS 0x00000000e0300000, 0x00000000e0200000| Complete 
|   3|0x00000000e0300000, 0x00000000e0400000, 0x00000000e0400000|100%|HS|  |TAMS 0x00000000e0400000, 0x00000000e0300000| Complete 
|   4|0x00000000e0400000, 0x00000000e0500000, 0x00000000e0500000|100%|HC|  |TAMS 0x00000000e0500000, 0x00000000e0400000| Complete 
|   5|0x00000000e0500000, 0x00000000e0600000, 0x00000000e0600000|100%| O|  |TAMS 0x00000000e0600000, 0x00000000e0500000| Untracked 
|   6|0x00000000e0600000, 0x00000000e0700000, 0x00000000e0700000|100%| O|  |TAMS 0x00000000e0700000, 0x00000000e0600000| Untracked 
|   7|0x00000000e0700000, 0x00000000e0800000, 0x00000000e0800000|100%| O|  |TAMS 0x00000000e0800000, 0x00000000e0700000| Untracked 
|   8|0x00000000e0800000, 0x00000000e0900000, 0x00000000e0900000|100%| O|  |TAMS 0x00000000e0900000, 0x00000000e0800000| Untracked 
|   9|0x00000000e0900000, 0x00000000e0a00000, 0x00000000e0a00000|100%| O|  |TAMS 0x00000000e0a00000, 0x00000000e0900000| Untracked 
|  10|0x00000000e0a00000, 0x00000000e0b00000, 0x00000000e0b00000|100%| O|  |TAMS 0x00000000e0b00000, 0x00000000e0a00000| Untracked 
|  11|0x00000000e0b00000, 0x00000000e0c00000, 0x00000000e0c00000|100%| O|  |TAMS 0x00000000e0c00000, 0x00000000e0b00000| Untracked 
|  12|0x00000000e0c00000, 0x00000000e0ca6400, 0x00000000e0d00000| 64%| O|  |TAMS 0x00000000e0ca6400, 0x00000000e0c00000| Untracked 
|  13|0x00000000e0d00000, 0x00000000e0d00000, 0x00000000e0e00000|  0%| F|  |TAMS 0x00000000e0d00000, 0x00000000e0d00000| Untracked 
|  14|0x00000000e0e00000, 0x00000000e0e00000, 0x00000000e0f00000|  0%| F|  |TAMS 0x00000000e0e00000, 0x00000000e0e00000| Untracked 
|  15|0x00000000e0f00000, 0x00000000e0f00000, 0x00000000e1000000|  0%| F|  |TAMS 0x00000000e0f00000, 0x00000000e0f00000| Untracked 
|  16|0x00000000e1000000, 0x00000000e1000000, 0x00000000e1100000|  0%| F|  |TAMS 0x00000000e1000000, 0x00000000e1000000| Untracked 
|  17|0x00000000e1100000, 0x00000000e1100000, 0x00000000e1200000|  0%| F|  |TAMS 0x00000000e1100000, 0x00000000e1100000| Untracked 
|  18|0x00000000e1200000, 0x00000000e1200000, 0x00000000e1300000|  0%| F|  |TAMS 0x00000000e1200000, 0x00000000e1200000| Untracked 
|  19|0x00000000e1300000, 0x00000000e1300000, 0x00000000e1400000|  0%| F|  |TAMS 0x00000000e1300000, 0x00000000e1300000| Untracked 
|  20|0x00000000e1400000, 0x00000000e1400000, 0x00000000e1500000|  0%| F|  |TAMS 0x00000000e1400000, 0x00000000e1400000| Untracked 
|  21|0x00000000e1500000, 0x00000000e1500000, 0x00000000e1600000|  0%| F|  |TAMS 0x00000000e1500000, 0x00000000e1500000| Untracked 
|  22|0x00000000e1600000, 0x00000000e1600000, 0x00000000e1700000|  0%| F|  |TAMS 0x00000000e1600000, 0x00000000e1600000| Untracked 
|  23|0x00000000e1700000, 0x00000000e1700000, 0x00000000e1800000|  0%| F|  |TAMS 0x00000000e1700000, 0x00000000e1700000| Untracked 
|  24|0x00000000e1800000, 0x00000000e1800000, 0x00000000e1900000|  0%| F|  |TAMS 0x00000000e1800000, 0x00000000e1800000| Untracked 
|  25|0x00000000e1900000, 0x00000000e1900000, 0x00000000e1a00000|  0%| F|  |TAMS 0x00000000e1900000, 0x00000000e1900000| Untracked 
|  26|0x00000000e1a00000, 0x00000000e1a00000, 0x00000000e1b00000|  0%| F|  |TAMS 0x00000000e1a00000, 0x00000000e1a00000| Untracked 
|  27|0x00000000e1b00000, 0x00000000e1b00000, 0x00000000e1c00000|  0%| F|  |TAMS 0x00000000e1b00000, 0x00000000e1b00000| Untracked 
|  28|0x00000000e1c00000, 0x00000000e1c00000, 0x00000000e1d00000|  0%| F|  |TAMS 0x00000000e1c00000, 0x00000000e1c00000| Untracked 
|  29|0x00000000e1d00000, 0x00000000e1d00000, 0x00000000e1e00000|  0%| F|  |TAMS 0x00000000e1d00000, 0x00000000e1d00000| Untracked 
|  30|0x00000000e1e00000, 0x00000000e1e00000, 0x00000000e1f00000|  0%| F|  |TAMS 0x00000000e1e00000, 0x00000000e1e00000| Untracked 
|  31|0x00000000e1f00000, 0x00000000e1f00000, 0x00000000e2000000|  0%| F|  |TAMS 0x00000000e1f00000, 0x00000000e1f00000| Untracked 
|  32|0x00000000e2000000, 0x00000000e2000000, 0x00000000e2100000|  0%| F|  |TAMS 0x00000000e2000000, 0x00000000e2000000| Untracked 
|  33|0x00000000e2100000, 0x00000000e2100000, 0x00000000e2200000|  0%| F|  |TAMS 0x00000000e2100000, 0x00000000e2100000| Untracked 
|  34|0x00000000e2200000, 0x00000000e2200000, 0x00000000e2300000|  0%| F|  |TAMS 0x00000000e2200000, 0x00000000e2200000| Untracked 
|  35|0x00000000e2300000, 0x00000000e2300000, 0x00000000e2400000|  0%| F|  |TAMS 0x00000000e2300000, 0x00000000e2300000| Untracked 
|  36|0x00000000e2400000, 0x00000000e2400000, 0x00000000e2500000|  0%| F|  |TAMS 0x00000000e2400000, 0x00000000e2400000| Untracked 
|  37|0x00000000e2500000, 0x00000000e2500000, 0x00000000e2600000|  0%| F|  |TAMS 0x00000000e2500000, 0x00000000e2500000| Untracked 
|  38|0x00000000e2600000, 0x00000000e2600000, 0x00000000e2700000|  0%| F|  |TAMS 0x00000000e2600000, 0x00000000e2600000| Untracked 
|  39|0x00000000e2700000, 0x00000000e2700000, 0x00000000e2800000|  0%| F|  |TAMS 0x00000000e2700000, 0x00000000e2700000| Untracked 
|  40|0x00000000e2800000, 0x00000000e2800000, 0x00000000e2900000|  0%| F|  |TAMS 0x00000000e2800000, 0x00000000e2800000| Untracked 
|  41|0x00000000e2900000, 0x00000000e2900000, 0x00000000e2a00000|  0%| F|  |TAMS 0x00000000e2900000, 0x00000000e2900000| Untracked 
|  42|0x00000000e2a00000, 0x00000000e2a00000, 0x00000000e2b00000|  0%| F|  |TAMS 0x00000000e2a00000, 0x00000000e2a00000| Untracked 
|  43|0x00000000e2b00000, 0x00000000e2b00000, 0x00000000e2c00000|  0%| F|  |TAMS 0x00000000e2b00000, 0x00000000e2b00000| Untracked 
|  44|0x00000000e2c00000, 0x00000000e2c00000, 0x00000000e2d00000|  0%| F|  |TAMS 0x00000000e2c00000, 0x00000000e2c00000| Untracked 
|  45|0x00000000e2d00000, 0x00000000e2d00000, 0x00000000e2e00000|  0%| F|  |TAMS 0x00000000e2d00000, 0x00000000e2d00000| Untracked 
|  46|0x00000000e2e00000, 0x00000000e2e00000, 0x00000000e2f00000|  0%| F|  |TAMS 0x00000000e2e00000, 0x00000000e2e00000| Untracked 
|  47|0x00000000e2f00000, 0x00000000e2f00000, 0x00000000e3000000|  0%| F|  |TAMS 0x00000000e2f00000, 0x00000000e2f00000| Untracked 
|  48|0x00000000e3000000, 0x00000000e3000000, 0x00000000e3100000|  0%| F|  |TAMS 0x00000000e3000000, 0x00000000e3000000| Untracked 
|  49|0x00000000e3100000, 0x00000000e3100000, 0x00000000e3200000|  0%| F|  |TAMS 0x00000000e3100000, 0x00000000e3100000| Untracked 
|  50|0x00000000e3200000, 0x00000000e3200000, 0x00000000e3300000|  0%| F|  |TAMS 0x00000000e3200000, 0x00000000e3200000| Untracked 
|  51|0x00000000e3300000, 0x00000000e3300000, 0x00000000e3400000|  0%| F|  |TAMS 0x00000000e3300000, 0x00000000e3300000| Untracked 
|  52|0x00000000e3400000, 0x00000000e3400000, 0x00000000e3500000|  0%| F|  |TAMS 0x00000000e3400000, 0x00000000e3400000| Untracked 
|  53|0x00000000e3500000, 0x00000000e3500000, 0x00000000e3600000|  0%| F|  |TAMS 0x00000000e3500000, 0x00000000e3500000| Untracked 
|  54|0x00000000e3600000, 0x00000000e3600000, 0x00000000e3700000|  0%| F|  |TAMS 0x00000000e3600000, 0x00000000e3600000| Untracked 
|  55|0x00000000e3700000, 0x00000000e3700000, 0x00000000e3800000|  0%| F|  |TAMS 0x00000000e3700000, 0x00000000e3700000| Untracked 
|  56|0x00000000e3800000, 0x00000000e3800000, 0x00000000e3900000|  0%| F|  |TAMS 0x00000000e3800000, 0x00000000e3800000| Untracked 
|  57|0x00000000e3900000, 0x00000000e3900000, 0x00000000e3a00000|  0%| F|  |TAMS 0x00000000e3900000, 0x00000000e3900000| Untracked 
|  58|0x00000000e3a00000, 0x00000000e3a00000, 0x00000000e3b00000|  0%| F|  |TAMS 0x00000000e3a00000, 0x00000000e3a00000| Untracked 
|  59|0x00000000e3b00000, 0x00000000e3b00000, 0x00000000e3c00000|  0%| F|  |TAMS 0x00000000e3b00000, 0x00000000e3b00000| Untracked 
|  60|0x00000000e3c00000, 0x00000000e3c00000, 0x00000000e3d00000|  0%| F|  |TAMS 0x00000000e3c00000, 0x00000000e3c00000| Untracked 
|  61|0x00000000e3d00000, 0x00000000e3d00000, 0x00000000e3e00000|  0%| F|  |TAMS 0x00000000e3d00000, 0x00000000e3d00000| Untracked 
|  62|0x00000000e3e00000, 0x00000000e3e00000, 0x00000000e3f00000|  0%| F|  |TAMS 0x00000000e3e00000, 0x00000000e3e00000| Untracked 
|  63|0x00000000e3f00000, 0x00000000e3f00000, 0x00000000e4000000|  0%| F|  |TAMS 0x00000000e3f00000, 0x00000000e3f00000| Untracked 
|  64|0x00000000e4000000, 0x00000000e4000000, 0x00000000e4100000|  0%| F|  |TAMS 0x00000000e4000000, 0x00000000e4000000| Untracked 
|  65|0x00000000e4100000, 0x00000000e4100000, 0x00000000e4200000|  0%| F|  |TAMS 0x00000000e4100000, 0x00000000e4100000| Untracked 
|  66|0x00000000e4200000, 0x00000000e4200000, 0x00000000e4300000|  0%| F|  |TAMS 0x00000000e4200000, 0x00000000e4200000| Untracked 
|  67|0x00000000e4300000, 0x00000000e4300000, 0x00000000e4400000|  0%| F|  |TAMS 0x00000000e4300000, 0x00000000e4300000| Untracked 
|  68|0x00000000e4400000, 0x00000000e4400000, 0x00000000e4500000|  0%| F|  |TAMS 0x00000000e4400000, 0x00000000e4400000| Untracked 
|  69|0x00000000e4500000, 0x00000000e4500000, 0x00000000e4600000|  0%| F|  |TAMS 0x00000000e4500000, 0x00000000e4500000| Untracked 
|  70|0x00000000e4600000, 0x00000000e4600000, 0x00000000e4700000|  0%| F|  |TAMS 0x00000000e4600000, 0x00000000e4600000| Untracked 
|  71|0x00000000e4700000, 0x00000000e4700000, 0x00000000e4800000|  0%| F|  |TAMS 0x00000000e4700000, 0x00000000e4700000| Untracked 
|  72|0x00000000e4800000, 0x00000000e4800000, 0x00000000e4900000|  0%| F|  |TAMS 0x00000000e4800000, 0x00000000e4800000| Untracked 
|  73|0x00000000e4900000, 0x00000000e4900000, 0x00000000e4a00000|  0%| F|  |TAMS 0x00000000e4900000, 0x00000000e4900000| Untracked 
|  74|0x00000000e4a00000, 0x00000000e4a00000, 0x00000000e4b00000|  0%| F|  |TAMS 0x00000000e4a00000, 0x00000000e4a00000| Untracked 
|  75|0x00000000e4b00000, 0x00000000e4b00000, 0x00000000e4c00000|  0%| F|  |TAMS 0x00000000e4b00000, 0x00000000e4b00000| Untracked 
|  76|0x00000000e4c00000, 0x00000000e4c00000, 0x00000000e4d00000|  0%| F|  |TAMS 0x00000000e4c00000, 0x00000000e4c00000| Untracked 
|  77|0x00000000e4d00000, 0x00000000e4d00000, 0x00000000e4e00000|  0%| F|  |TAMS 0x00000000e4d00000, 0x00000000e4d00000| Untracked 
|  78|0x00000000e4e00000, 0x00000000e4e00000, 0x00000000e4f00000|  0%| F|  |TAMS 0x00000000e4e00000, 0x00000000e4e00000| Untracked 
|  79|0x00000000e4f00000, 0x00000000e4f00000, 0x00000000e5000000|  0%| F|  |TAMS 0x00000000e4f00000, 0x00000000e4f00000| Untracked 
|  80|0x00000000e5000000, 0x00000000e5000000, 0x00000000e5100000|  0%| F|  |TAMS 0x00000000e5000000, 0x00000000e5000000| Untracked 
|  81|0x00000000e5100000, 0x00000000e5100000, 0x00000000e5200000|  0%| F|  |TAMS 0x00000000e5100000, 0x00000000e5100000| Untracked 
|  82|0x00000000e5200000, 0x00000000e5200000, 0x00000000e5300000|  0%| F|  |TAMS 0x00000000e5200000, 0x00000000e5200000| Untracked 
|  83|0x00000000e5300000, 0x00000000e5300000, 0x00000000e5400000|  0%| F|  |TAMS 0x00000000e5300000, 0x00000000e5300000| Untracked 
|  84|0x00000000e5400000, 0x00000000e5400000, 0x00000000e5500000|  0%| F|  |TAMS 0x00000000e5400000, 0x00000000e5400000| Untracked 
|  85|0x00000000e5500000, 0x00000000e5500000, 0x00000000e5600000|  0%| F|  |TAMS 0x00000000e5500000, 0x00000000e5500000| Untracked 
|  86|0x00000000e5600000, 0x00000000e5600000, 0x00000000e5700000|  0%| F|  |TAMS 0x00000000e5600000, 0x00000000e5600000| Untracked 
|  87|0x00000000e5700000, 0x00000000e5700000, 0x00000000e5800000|  0%| F|  |TAMS 0x00000000e5700000, 0x00000000e5700000| Untracked 
|  88|0x00000000e5800000, 0x00000000e5800000, 0x00000000e5900000|  0%| F|  |TAMS 0x00000000e5800000, 0x00000000e5800000| Untracked 
|  89|0x00000000e5900000, 0x00000000e5900000, 0x00000000e5a00000|  0%| F|  |TAMS 0x00000000e5900000, 0x00000000e5900000| Untracked 
|  90|0x00000000e5a00000, 0x00000000e5a00000, 0x00000000e5b00000|  0%| F|  |TAMS 0x00000000e5a00000, 0x00000000e5a00000| Untracked 
|  91|0x00000000e5b00000, 0x00000000e5b00000, 0x00000000e5c00000|  0%| F|  |TAMS 0x00000000e5b00000, 0x00000000e5b00000| Untracked 
|  92|0x00000000e5c00000, 0x00000000e5c00000, 0x00000000e5d00000|  0%| F|  |TAMS 0x00000000e5c00000, 0x00000000e5c00000| Untracked 
|  93|0x00000000e5d00000, 0x00000000e5d00000, 0x00000000e5e00000|  0%| F|  |TAMS 0x00000000e5d00000, 0x00000000e5d00000| Untracked 
|  94|0x00000000e5e00000, 0x00000000e5e00000, 0x00000000e5f00000|  0%| F|  |TAMS 0x00000000e5e00000, 0x00000000e5e00000| Untracked 
|  95|0x00000000e5f00000, 0x00000000e5f00000, 0x00000000e6000000|  0%| F|  |TAMS 0x00000000e5f00000, 0x00000000e5f00000| Untracked 
|  96|0x00000000e6000000, 0x00000000e6000000, 0x00000000e6100000|  0%| F|  |TAMS 0x00000000e6000000, 0x00000000e6000000| Untracked 
|  97|0x00000000e6100000, 0x00000000e6100000, 0x00000000e6200000|  0%| F|  |TAMS 0x00000000e6100000, 0x00000000e6100000| Untracked 
|  98|0x00000000e6200000, 0x00000000e6200000, 0x00000000e6300000|  0%| F|  |TAMS 0x00000000e6200000, 0x00000000e6200000| Untracked 
|  99|0x00000000e6300000, 0x00000000e6300000, 0x00000000e6400000|  0%| F|  |TAMS 0x00000000e6300000, 0x00000000e6300000| Untracked 
| 100|0x00000000e6400000, 0x00000000e6400000, 0x00000000e6500000|  0%| F|  |TAMS 0x00000000e6400000, 0x00000000e6400000| Untracked 
| 101|0x00000000e6500000, 0x00000000e6500000, 0x00000000e6600000|  0%| F|  |TAMS 0x00000000e6500000, 0x00000000e6500000| Untracked 
| 102|0x00000000e6600000, 0x00000000e6600000, 0x00000000e6700000|  0%| F|  |TAMS 0x00000000e6600000, 0x00000000e6600000| Untracked 
| 103|0x00000000e6700000, 0x00000000e6700000, 0x00000000e6800000|  0%| F|  |TAMS 0x00000000e6700000, 0x00000000e6700000| Untracked 
| 104|0x00000000e6800000, 0x00000000e6800000, 0x00000000e6900000|  0%| F|  |TAMS 0x00000000e6800000, 0x00000000e6800000| Untracked 
| 105|0x00000000e6900000, 0x00000000e6900000, 0x00000000e6a00000|  0%| F|  |TAMS 0x00000000e6900000, 0x00000000e6900000| Untracked 
| 106|0x00000000e6a00000, 0x00000000e6a00000, 0x00000000e6b00000|  0%| F|  |TAMS 0x00000000e6a00000, 0x00000000e6a00000| Untracked 
| 107|0x00000000e6b00000, 0x00000000e6b00000, 0x00000000e6c00000|  0%| F|  |TAMS 0x00000000e6b00000, 0x00000000e6b00000| Untracked 
| 108|0x00000000e6c00000, 0x00000000e6c00000, 0x00000000e6d00000|  0%| F|  |TAMS 0x00000000e6c00000, 0x00000000e6c00000| Untracked 
| 109|0x00000000e6d00000, 0x00000000e6d00000, 0x00000000e6e00000|  0%| F|  |TAMS 0x00000000e6d00000, 0x00000000e6d00000| Untracked 
| 110|0x00000000e6e00000, 0x00000000e6e00000, 0x00000000e6f00000|  0%| F|  |TAMS 0x00000000e6e00000, 0x00000000e6e00000| Untracked 
| 111|0x00000000e6f00000, 0x00000000e6f00000, 0x00000000e7000000|  0%| F|  |TAMS 0x00000000e6f00000, 0x00000000e6f00000| Untracked 
| 112|0x00000000e7000000, 0x00000000e7000000, 0x00000000e7100000|  0%| F|  |TAMS 0x00000000e7000000, 0x00000000e7000000| Untracked 
| 113|0x00000000e7100000, 0x00000000e7100000, 0x00000000e7200000|  0%| F|  |TAMS 0x00000000e7100000, 0x00000000e7100000| Untracked 
| 114|0x00000000e7200000, 0x00000000e7200000, 0x00000000e7300000|  0%| F|  |TAMS 0x00000000e7200000, 0x00000000e7200000| Untracked 
| 115|0x00000000e7300000, 0x00000000e7300000, 0x00000000e7400000|  0%| F|  |TAMS 0x00000000e7300000, 0x00000000e7300000| Untracked 
| 116|0x00000000e7400000, 0x00000000e7400000, 0x00000000e7500000|  0%| F|  |TAMS 0x00000000e7400000, 0x00000000e7400000| Untracked 
| 117|0x00000000e7500000, 0x00000000e7500000, 0x00000000e7600000|  0%| F|  |TAMS 0x00000000e7500000, 0x00000000e7500000| Untracked 
| 118|0x00000000e7600000, 0x00000000e7600000, 0x00000000e7700000|  0%| F|  |TAMS 0x00000000e7600000, 0x00000000e7600000| Untracked 
| 119|0x00000000e7700000, 0x00000000e7700000, 0x00000000e7800000|  0%| F|  |TAMS 0x00000000e7700000, 0x00000000e7700000| Untracked 
| 120|0x00000000e7800000, 0x00000000e7800000, 0x00000000e7900000|  0%| F|  |TAMS 0x00000000e7800000, 0x00000000e7800000| Untracked 
| 121|0x00000000e7900000, 0x00000000e7900000, 0x00000000e7a00000|  0%| F|  |TAMS 0x00000000e7900000, 0x00000000e7900000| Untracked 
| 122|0x00000000e7a00000, 0x00000000e7a00000, 0x00000000e7b00000|  0%| F|  |TAMS 0x00000000e7a00000, 0x00000000e7a00000| Untracked 
| 123|0x00000000e7b00000, 0x00000000e7b00000, 0x00000000e7c00000|  0%| F|  |TAMS 0x00000000e7b00000, 0x00000000e7b00000| Untracked 
| 124|0x00000000e7c00000, 0x00000000e7c00000, 0x00000000e7d00000|  0%| F|  |TAMS 0x00000000e7c00000, 0x00000000e7c00000| Untracked 
| 125|0x00000000e7d00000, 0x00000000e7d00000, 0x00000000e7e00000|  0%| F|  |TAMS 0x00000000e7d00000, 0x00000000e7d00000| Untracked 
| 126|0x00000000e7e00000, 0x00000000e7e00000, 0x00000000e7f00000|  0%| F|  |TAMS 0x00000000e7e00000, 0x00000000e7e00000| Untracked 
| 127|0x00000000e7f00000, 0x00000000e7f00000, 0x00000000e8000000|  0%| F|  |TAMS 0x00000000e7f00000, 0x00000000e7f00000| Untracked 
| 128|0x00000000e8000000, 0x00000000e8000000, 0x00000000e8100000|  0%| F|  |TAMS 0x00000000e8000000, 0x00000000e8000000| Untracked 
| 129|0x00000000e8100000, 0x00000000e8100000, 0x00000000e8200000|  0%| F|  |TAMS 0x00000000e8100000, 0x00000000e8100000| Untracked 
| 130|0x00000000e8200000, 0x00000000e8200000, 0x00000000e8300000|  0%| F|  |TAMS 0x00000000e8200000, 0x00000000e8200000| Untracked 
| 131|0x00000000e8300000, 0x00000000e8300000, 0x00000000e8400000|  0%| F|  |TAMS 0x00000000e8300000, 0x00000000e8300000| Untracked 
| 132|0x00000000e8400000, 0x00000000e8400000, 0x00000000e8500000|  0%| F|  |TAMS 0x00000000e8400000, 0x00000000e8400000| Untracked 
| 133|0x00000000e8500000, 0x00000000e8500000, 0x00000000e8600000|  0%| F|  |TAMS 0x00000000e8500000, 0x00000000e8500000| Untracked 
| 134|0x00000000e8600000, 0x00000000e8600000, 0x00000000e8700000|  0%| F|  |TAMS 0x00000000e8600000, 0x00000000e8600000| Untracked 
| 135|0x00000000e8700000, 0x00000000e8700000, 0x00000000e8800000|  0%| F|  |TAMS 0x00000000e8700000, 0x00000000e8700000| Untracked 
| 136|0x00000000e8800000, 0x00000000e8800000, 0x00000000e8900000|  0%| F|  |TAMS 0x00000000e8800000, 0x00000000e8800000| Untracked 
| 137|0x00000000e8900000, 0x00000000e8900000, 0x00000000e8a00000|  0%| F|  |TAMS 0x00000000e8900000, 0x00000000e8900000| Untracked 
| 138|0x00000000e8a00000, 0x00000000e8a00000, 0x00000000e8b00000|  0%| F|  |TAMS 0x00000000e8a00000, 0x00000000e8a00000| Untracked 
| 139|0x00000000e8b00000, 0x00000000e8b00000, 0x00000000e8c00000|  0%| F|  |TAMS 0x00000000e8b00000, 0x00000000e8b00000| Untracked 
| 140|0x00000000e8c00000, 0x00000000e8c00000, 0x00000000e8d00000|  0%| F|  |TAMS 0x00000000e8c00000, 0x00000000e8c00000| Untracked 
| 141|0x00000000e8d00000, 0x00000000e8d00000, 0x00000000e8e00000|  0%| F|  |TAMS 0x00000000e8d00000, 0x00000000e8d00000| Untracked 
| 142|0x00000000e8e00000, 0x00000000e8e00000, 0x00000000e8f00000|  0%| F|  |TAMS 0x00000000e8e00000, 0x00000000e8e00000| Untracked 
| 143|0x00000000e8f00000, 0x00000000e8f00000, 0x00000000e9000000|  0%| F|  |TAMS 0x00000000e8f00000, 0x00000000e8f00000| Untracked 
| 144|0x00000000e9000000, 0x00000000e9000000, 0x00000000e9100000|  0%| F|  |TAMS 0x00000000e9000000, 0x00000000e9000000| Untracked 
| 145|0x00000000e9100000, 0x00000000e9100000, 0x00000000e9200000|  0%| F|  |TAMS 0x00000000e9100000, 0x00000000e9100000| Untracked 
| 146|0x00000000e9200000, 0x00000000e9200000, 0x00000000e9300000|  0%| F|  |TAMS 0x00000000e9200000, 0x00000000e9200000| Untracked 
| 147|0x00000000e9300000, 0x00000000e9300000, 0x00000000e9400000|  0%| F|  |TAMS 0x00000000e9300000, 0x00000000e9300000| Untracked 
| 148|0x00000000e9400000, 0x00000000e9400000, 0x00000000e9500000|  0%| F|  |TAMS 0x00000000e9400000, 0x00000000e9400000| Untracked 
| 149|0x00000000e9500000, 0x00000000e9500000, 0x00000000e9600000|  0%| F|  |TAMS 0x00000000e9500000, 0x00000000e9500000| Untracked 
| 150|0x00000000e9600000, 0x00000000e9600000, 0x00000000e9700000|  0%| F|  |TAMS 0x00000000e9600000, 0x00000000e9600000| Untracked 
| 151|0x00000000e9700000, 0x00000000e9700000, 0x00000000e9800000|  0%| F|  |TAMS 0x00000000e9700000, 0x00000000e9700000| Untracked 
| 152|0x00000000e9800000, 0x00000000e9800000, 0x00000000e9900000|  0%| F|  |TAMS 0x00000000e9800000, 0x00000000e9800000| Untracked 
| 153|0x00000000e9900000, 0x00000000e9900000, 0x00000000e9a00000|  0%| F|  |TAMS 0x00000000e9900000, 0x00000000e9900000| Untracked 
| 154|0x00000000e9a00000, 0x00000000e9a00000, 0x00000000e9b00000|  0%| F|  |TAMS 0x00000000e9a00000, 0x00000000e9a00000| Untracked 
| 155|0x00000000e9b00000, 0x00000000e9b00000, 0x00000000e9c00000|  0%| F|  |TAMS 0x00000000e9b00000, 0x00000000e9b00000| Untracked 
| 156|0x00000000e9c00000, 0x00000000e9c00000, 0x00000000e9d00000|  0%| F|  |TAMS 0x00000000e9c00000, 0x00000000e9c00000| Untracked 
| 157|0x00000000e9d00000, 0x00000000e9d00000, 0x00000000e9e00000|  0%| F|  |TAMS 0x00000000e9d00000, 0x00000000e9d00000| Untracked 
| 158|0x00000000e9e00000, 0x00000000e9e00000, 0x00000000e9f00000|  0%| F|  |TAMS 0x00000000e9e00000, 0x00000000e9e00000| Untracked 
| 159|0x00000000e9f00000, 0x00000000e9f00000, 0x00000000ea000000|  0%| F|  |TAMS 0x00000000e9f00000, 0x00000000e9f00000| Untracked 
| 160|0x00000000ea000000, 0x00000000ea000000, 0x00000000ea100000|  0%| F|  |TAMS 0x00000000ea000000, 0x00000000ea000000| Untracked 
| 161|0x00000000ea100000, 0x00000000ea100000, 0x00000000ea200000|  0%| F|  |TAMS 0x00000000ea100000, 0x00000000ea100000| Untracked 
| 162|0x00000000ea200000, 0x00000000ea200000, 0x00000000ea300000|  0%| F|  |TAMS 0x00000000ea200000, 0x00000000ea200000| Untracked 
| 163|0x00000000ea300000, 0x00000000ea300000, 0x00000000ea400000|  0%| F|  |TAMS 0x00000000ea300000, 0x00000000ea300000| Untracked 
| 164|0x00000000ea400000, 0x00000000ea400000, 0x00000000ea500000|  0%| F|  |TAMS 0x00000000ea400000, 0x00000000ea400000| Untracked 
| 165|0x00000000ea500000, 0x00000000ea500000, 0x00000000ea600000|  0%| F|  |TAMS 0x00000000ea500000, 0x00000000ea500000| Untracked 
| 166|0x00000000ea600000, 0x00000000ea600000, 0x00000000ea700000|  0%| F|  |TAMS 0x00000000ea600000, 0x00000000ea600000| Untracked 
| 167|0x00000000ea700000, 0x00000000ea700000, 0x00000000ea800000|  0%| F|  |TAMS 0x00000000ea700000, 0x00000000ea700000| Untracked 
| 168|0x00000000ea800000, 0x00000000ea800000, 0x00000000ea900000|  0%| F|  |TAMS 0x00000000ea800000, 0x00000000ea800000| Untracked 
| 169|0x00000000ea900000, 0x00000000ea900000, 0x00000000eaa00000|  0%| F|  |TAMS 0x00000000ea900000, 0x00000000ea900000| Untracked 
| 170|0x00000000eaa00000, 0x00000000eaa00000, 0x00000000eab00000|  0%| F|  |TAMS 0x00000000eaa00000, 0x00000000eaa00000| Untracked 
| 171|0x00000000eab00000, 0x00000000eab00000, 0x00000000eac00000|  0%| F|  |TAMS 0x00000000eab00000, 0x00000000eab00000| Untracked 
| 172|0x00000000eac00000, 0x00000000eac00000, 0x00000000ead00000|  0%| F|  |TAMS 0x00000000eac00000, 0x00000000eac00000| Untracked 
| 173|0x00000000ead00000, 0x00000000ead00000, 0x00000000eae00000|  0%| F|  |TAMS 0x00000000ead00000, 0x00000000ead00000| Untracked 
| 174|0x00000000eae00000, 0x00000000eae00000, 0x00000000eaf00000|  0%| F|  |TAMS 0x00000000eae00000, 0x00000000eae00000| Untracked 
| 175|0x00000000eaf00000, 0x00000000eaf00000, 0x00000000eb000000|  0%| F|  |TAMS 0x00000000eaf00000, 0x00000000eaf00000| Untracked 
| 176|0x00000000eb000000, 0x00000000eb000000, 0x00000000eb100000|  0%| F|  |TAMS 0x00000000eb000000, 0x00000000eb000000| Untracked 
| 177|0x00000000eb100000, 0x00000000eb100000, 0x00000000eb200000|  0%| F|  |TAMS 0x00000000eb100000, 0x00000000eb100000| Untracked 
| 178|0x00000000eb200000, 0x00000000eb200000, 0x00000000eb300000|  0%| F|  |TAMS 0x00000000eb200000, 0x00000000eb200000| Untracked 
| 179|0x00000000eb300000, 0x00000000eb300000, 0x00000000eb400000|  0%| F|  |TAMS 0x00000000eb300000, 0x00000000eb300000| Untracked 
| 180|0x00000000eb400000, 0x00000000eb400000, 0x00000000eb500000|  0%| F|  |TAMS 0x00000000eb400000, 0x00000000eb400000| Untracked 
| 181|0x00000000eb500000, 0x00000000eb500000, 0x00000000eb600000|  0%| F|  |TAMS 0x00000000eb500000, 0x00000000eb500000| Untracked 
| 182|0x00000000eb600000, 0x00000000eb600000, 0x00000000eb700000|  0%| F|  |TAMS 0x00000000eb600000, 0x00000000eb600000| Untracked 
| 183|0x00000000eb700000, 0x00000000eb700000, 0x00000000eb800000|  0%| F|  |TAMS 0x00000000eb700000, 0x00000000eb700000| Untracked 
| 184|0x00000000eb800000, 0x00000000eb800000, 0x00000000eb900000|  0%| F|  |TAMS 0x00000000eb800000, 0x00000000eb800000| Untracked 
| 185|0x00000000eb900000, 0x00000000eb900000, 0x00000000eba00000|  0%| F|  |TAMS 0x00000000eb900000, 0x00000000eb900000| Untracked 
| 186|0x00000000eba00000, 0x00000000eba00000, 0x00000000ebb00000|  0%| F|  |TAMS 0x00000000eba00000, 0x00000000eba00000| Untracked 
| 187|0x00000000ebb00000, 0x00000000ebb00000, 0x00000000ebc00000|  0%| F|  |TAMS 0x00000000ebb00000, 0x00000000ebb00000| Untracked 
| 188|0x00000000ebc00000, 0x00000000ebc00000, 0x00000000ebd00000|  0%| F|  |TAMS 0x00000000ebc00000, 0x00000000ebc00000| Untracked 
| 189|0x00000000ebd00000, 0x00000000ebd00000, 0x00000000ebe00000|  0%| F|  |TAMS 0x00000000ebd00000, 0x00000000ebd00000| Untracked 
| 190|0x00000000ebe00000, 0x00000000ebe00000, 0x00000000ebf00000|  0%| F|  |TAMS 0x00000000ebe00000, 0x00000000ebe00000| Untracked 
| 191|0x00000000ebf00000, 0x00000000ebf00000, 0x00000000ec000000|  0%| F|  |TAMS 0x00000000ebf00000, 0x00000000ebf00000| Untracked 
| 192|0x00000000ec000000, 0x00000000ec000000, 0x00000000ec100000|  0%| F|  |TAMS 0x00000000ec000000, 0x00000000ec000000| Untracked 
| 193|0x00000000ec100000, 0x00000000ec100000, 0x00000000ec200000|  0%| F|  |TAMS 0x00000000ec100000, 0x00000000ec100000| Untracked 
| 194|0x00000000ec200000, 0x00000000ec200000, 0x00000000ec300000|  0%| F|  |TAMS 0x00000000ec200000, 0x00000000ec200000| Untracked 
| 195|0x00000000ec300000, 0x00000000ec300000, 0x00000000ec400000|  0%| F|  |TAMS 0x00000000ec300000, 0x00000000ec300000| Untracked 
| 196|0x00000000ec400000, 0x00000000ec400000, 0x00000000ec500000|  0%| F|  |TAMS 0x00000000ec400000, 0x00000000ec400000| Untracked 
| 197|0x00000000ec500000, 0x00000000ec500000, 0x00000000ec600000|  0%| F|  |TAMS 0x00000000ec500000, 0x00000000ec500000| Untracked 
| 198|0x00000000ec600000, 0x00000000ec600000, 0x00000000ec700000|  0%| F|  |TAMS 0x00000000ec600000, 0x00000000ec600000| Untracked 
| 199|0x00000000ec700000, 0x00000000ec700000, 0x00000000ec800000|  0%| F|  |TAMS 0x00000000ec700000, 0x00000000ec700000| Untracked 
| 200|0x00000000ec800000, 0x00000000ec800000, 0x00000000ec900000|  0%| F|  |TAMS 0x00000000ec800000, 0x00000000ec800000| Untracked 
| 201|0x00000000ec900000, 0x00000000ec900000, 0x00000000eca00000|  0%| F|  |TAMS 0x00000000ec900000, 0x00000000ec900000| Untracked 
| 202|0x00000000eca00000, 0x00000000eca00000, 0x00000000ecb00000|  0%| F|  |TAMS 0x00000000eca00000, 0x00000000eca00000| Untracked 
| 203|0x00000000ecb00000, 0x00000000ecb00000, 0x00000000ecc00000|  0%| F|  |TAMS 0x00000000ecb00000, 0x00000000ecb00000| Untracked 
| 204|0x00000000ecc00000, 0x00000000ecc00000, 0x00000000ecd00000|  0%| F|  |TAMS 0x00000000ecc00000, 0x00000000ecc00000| Untracked 
| 205|0x00000000ecd00000, 0x00000000ecd83fb0, 0x00000000ece00000| 51%| S|CS|TAMS 0x00000000ecd00000, 0x00000000ecd00000| Complete 
| 206|0x00000000ece00000, 0x00000000ecf00000, 0x00000000ecf00000|100%| S|CS|TAMS 0x00000000ece00000, 0x00000000ece00000| Complete 
| 207|0x00000000ecf00000, 0x00000000ed000000, 0x00000000ed000000|100%| S|CS|TAMS 0x00000000ecf00000, 0x00000000ecf00000| Complete 
| 208|0x00000000ed000000, 0x00000000ed100000, 0x00000000ed100000|100%| S|CS|TAMS 0x00000000ed000000, 0x00000000ed000000| Complete 
| 209|0x00000000ed100000, 0x00000000ed200000, 0x00000000ed200000|100%| S|CS|TAMS 0x00000000ed100000, 0x00000000ed100000| Complete 
| 210|0x00000000ed200000, 0x00000000ed300000, 0x00000000ed300000|100%| S|CS|TAMS 0x00000000ed200000, 0x00000000ed200000| Complete 
| 211|0x00000000ed300000, 0x00000000ed400000, 0x00000000ed400000|100%| S|CS|TAMS 0x00000000ed300000, 0x00000000ed300000| Complete 
| 212|0x00000000ed400000, 0x00000000ed500000, 0x00000000ed500000|100%| S|CS|TAMS 0x00000000ed400000, 0x00000000ed400000| Complete 
| 213|0x00000000ed500000, 0x00000000ed600000, 0x00000000ed600000|100%| S|CS|TAMS 0x00000000ed500000, 0x00000000ed500000| Complete 
| 214|0x00000000ed600000, 0x00000000ed700000, 0x00000000ed700000|100%| S|CS|TAMS 0x00000000ed600000, 0x00000000ed600000| Complete 
| 215|0x00000000ed700000, 0x00000000ed700000, 0x00000000ed800000|  0%| F|  |TAMS 0x00000000ed700000, 0x00000000ed700000| Untracked 
| 216|0x00000000ed800000, 0x00000000ed800000, 0x00000000ed900000|  0%| F|  |TAMS 0x00000000ed800000, 0x00000000ed800000| Untracked 
| 217|0x00000000ed900000, 0x00000000ed900000, 0x00000000eda00000|  0%| F|  |TAMS 0x00000000ed900000, 0x00000000ed900000| Untracked 
| 218|0x00000000eda00000, 0x00000000eda00000, 0x00000000edb00000|  0%| F|  |TAMS 0x00000000eda00000, 0x00000000eda00000| Untracked 
| 219|0x00000000edb00000, 0x00000000edb00000, 0x00000000edc00000|  0%| F|  |TAMS 0x00000000edb00000, 0x00000000edb00000| Untracked 
| 220|0x00000000edc00000, 0x00000000edc00000, 0x00000000edd00000|  0%| F|  |TAMS 0x00000000edc00000, 0x00000000edc00000| Untracked 
| 221|0x00000000edd00000, 0x00000000edd00000, 0x00000000ede00000|  0%| F|  |TAMS 0x00000000edd00000, 0x00000000edd00000| Untracked 
| 222|0x00000000ede00000, 0x00000000ede00000, 0x00000000edf00000|  0%| F|  |TAMS 0x00000000ede00000, 0x00000000ede00000| Untracked 
| 223|0x00000000edf00000, 0x00000000ee000000, 0x00000000ee000000|100%| E|  |TAMS 0x00000000edf00000, 0x00000000edf00000| Complete 
| 224|0x00000000ee000000, 0x00000000ee100000, 0x00000000ee100000|100%| E|CS|TAMS 0x00000000ee000000, 0x00000000ee000000| Complete 
| 225|0x00000000ee100000, 0x00000000ee200000, 0x00000000ee200000|100%| E|CS|TAMS 0x00000000ee100000, 0x00000000ee100000| Complete 
| 226|0x00000000ee200000, 0x00000000ee300000, 0x00000000ee300000|100%| E|CS|TAMS 0x00000000ee200000, 0x00000000ee200000| Complete 
| 227|0x00000000ee300000, 0x00000000ee400000, 0x00000000ee400000|100%| E|CS|TAMS 0x00000000ee300000, 0x00000000ee300000| Complete 
| 228|0x00000000ee400000, 0x00000000ee500000, 0x00000000ee500000|100%| E|CS|TAMS 0x00000000ee400000, 0x00000000ee400000| Complete 
| 229|0x00000000ee500000, 0x00000000ee600000, 0x00000000ee600000|100%| E|CS|TAMS 0x00000000ee500000, 0x00000000ee500000| Complete 
| 230|0x00000000ee600000, 0x00000000ee700000, 0x00000000ee700000|100%| E|CS|TAMS 0x00000000ee600000, 0x00000000ee600000| Complete 
| 231|0x00000000ee700000, 0x00000000ee800000, 0x00000000ee800000|100%| E|CS|TAMS 0x00000000ee700000, 0x00000000ee700000| Complete 
| 232|0x00000000ee800000, 0x00000000ee900000, 0x00000000ee900000|100%| E|CS|TAMS 0x00000000ee800000, 0x00000000ee800000| Complete 
| 233|0x00000000ee900000, 0x00000000eea00000, 0x00000000eea00000|100%| E|CS|TAMS 0x00000000ee900000, 0x00000000ee900000| Complete 
| 234|0x00000000eea00000, 0x00000000eeb00000, 0x00000000eeb00000|100%| E|CS|TAMS 0x00000000eea00000, 0x00000000eea00000| Complete 
| 235|0x00000000eeb00000, 0x00000000eec00000, 0x00000000eec00000|100%| E|CS|TAMS 0x00000000eeb00000, 0x00000000eeb00000| Complete 
| 236|0x00000000eec00000, 0x00000000eed00000, 0x00000000eed00000|100%| E|CS|TAMS 0x00000000eec00000, 0x00000000eec00000| Complete 
| 237|0x00000000eed00000, 0x00000000eee00000, 0x00000000eee00000|100%| E|CS|TAMS 0x00000000eed00000, 0x00000000eed00000| Complete 
| 238|0x00000000eee00000, 0x00000000eef00000, 0x00000000eef00000|100%| E|CS|TAMS 0x00000000eee00000, 0x00000000eee00000| Complete 
| 239|0x00000000eef00000, 0x00000000ef000000, 0x00000000ef000000|100%| E|CS|TAMS 0x00000000eef00000, 0x00000000eef00000| Complete 
| 240|0x00000000ef000000, 0x00000000ef100000, 0x00000000ef100000|100%| E|CS|TAMS 0x00000000ef000000, 0x00000000ef000000| Complete 
| 241|0x00000000ef100000, 0x00000000ef200000, 0x00000000ef200000|100%| E|CS|TAMS 0x00000000ef100000, 0x00000000ef100000| Complete 
| 242|0x00000000ef200000, 0x00000000ef300000, 0x00000000ef300000|100%| E|CS|TAMS 0x00000000ef200000, 0x00000000ef200000| Complete 
| 243|0x00000000ef300000, 0x00000000ef400000, 0x00000000ef400000|100%| E|CS|TAMS 0x00000000ef300000, 0x00000000ef300000| Complete 
| 244|0x00000000ef400000, 0x00000000ef500000, 0x00000000ef500000|100%| E|CS|TAMS 0x00000000ef400000, 0x00000000ef400000| Complete 
| 245|0x00000000ef500000, 0x00000000ef600000, 0x00000000ef600000|100%| E|CS|TAMS 0x00000000ef500000, 0x00000000ef500000| Complete 
| 246|0x00000000ef600000, 0x00000000ef700000, 0x00000000ef700000|100%| E|CS|TAMS 0x00000000ef600000, 0x00000000ef600000| Complete 
| 247|0x00000000ef700000, 0x00000000ef800000, 0x00000000ef800000|100%| E|CS|TAMS 0x00000000ef700000, 0x00000000ef700000| Complete 
| 248|0x00000000ef800000, 0x00000000ef900000, 0x00000000ef900000|100%| E|CS|TAMS 0x00000000ef800000, 0x00000000ef800000| Complete 
| 249|0x00000000ef900000, 0x00000000efa00000, 0x00000000efa00000|100%| E|CS|TAMS 0x00000000ef900000, 0x00000000ef900000| Complete 
| 250|0x00000000efa00000, 0x00000000efb00000, 0x00000000efb00000|100%| E|CS|TAMS 0x00000000efa00000, 0x00000000efa00000| Complete 
| 251|0x00000000efb00000, 0x00000000efc00000, 0x00000000efc00000|100%| E|CS|TAMS 0x00000000efb00000, 0x00000000efb00000| Complete 
| 252|0x00000000efc00000, 0x00000000efd00000, 0x00000000efd00000|100%| E|CS|TAMS 0x00000000efc00000, 0x00000000efc00000| Complete 
| 253|0x00000000efd00000, 0x00000000efe00000, 0x00000000efe00000|100%| E|CS|TAMS 0x00000000efd00000, 0x00000000efd00000| Complete 
| 254|0x00000000efe00000, 0x00000000eff00000, 0x00000000eff00000|100%| E|CS|TAMS 0x00000000efe00000, 0x00000000efe00000| Complete 
| 255|0x00000000eff00000, 0x00000000f0000000, 0x00000000f0000000|100%| E|CS|TAMS 0x00000000eff00000, 0x00000000eff00000| Complete 

Card table byte_map: [0x000002517c750000,0x000002517c850000] _byte_map_base: 0x000002517c050000

Marking Bits (Prev, Next): (CMBitMap*) 0x000002517513e018, (CMBitMap*) 0x000002517513e050
 Prev Bits: [0x000002517c950000, 0x000002517d150000)
 Next Bits: [0x000002517d150000, 0x000002517d950000)

Polling page: 0x0000025172f60000

Metaspace:

Usage:
  Non-class:     32.34 MB capacity,    31.83 MB ( 98%) used,   474.13 KB (  1%) free+waste,    52.25 KB ( <1%) overhead. 
      Class:      4.86 MB capacity,     4.65 MB ( 96%) used,   186.79 KB (  4%) free+waste,    24.31 KB ( <1%) overhead. 
       Both:     37.20 MB capacity,    36.48 MB ( 98%) used,   660.92 KB (  2%) free+waste,    76.56 KB ( <1%) overhead. 

Virtual space:
  Non-class space:       34.00 MB reserved,      32.50 MB ( 96%) committed 
      Class space:      248.00 MB reserved,       4.88 MB (  2%) committed 
             Both:      282.00 MB reserved,      37.38 MB ( 13%) committed 

Chunk freelists:
   Non-Class:  4.13 KB
       Class:  2.38 KB
        Both:  6.50 KB

CodeHeap 'non-profiled nmethods': size=120064Kb used=1788Kb max_used=1788Kb free=118275Kb
 bounds [0x0000025107ac0000, 0x0000025107d30000, 0x000002510f000000]
CodeHeap 'profiled nmethods': size=120000Kb used=6752Kb max_used=6752Kb free=113247Kb
 bounds [0x0000025100590000, 0x0000025100c30000, 0x0000025107ac0000]
CodeHeap 'non-nmethods': size=5696Kb used=2195Kb max_used=2237Kb free=3500Kb
 bounds [0x0000025100000000, 0x0000025100270000, 0x0000025100590000]
 total_blobs=3924 nmethods=3168 adapters=667
 compilation: enabled
              stopped_count=0, restarted_count=0
 full_count=0

Compilation events (10 events):
Event: 27.354 Thread 0x000002517ff7f000 3160       3       com.google.common.collect.AbstractMapBasedMultimap$WrappedCollection$WrappedIterator::validateIterator (30 bytes)
Event: 27.354 Thread 0x000002517ff7f000 nmethod 3160 0x0000025100c21610 code [0x0000025100c217c0, 0x0000025100c21a98]
Event: 27.354 Thread 0x000002517ff7f000 3161       3       com.google.common.collect.LinkedHashMultimap$ValueSet$1::hasNext (21 bytes)
Event: 27.354 Thread 0x000002517ff7f000 nmethod 3161 0x0000025100c21c10 code [0x0000025100c21dc0, 0x0000025100c220a8]
Event: 27.354 Thread 0x000002517ff7f000 3162       3       com.google.common.collect.LinkedHashMultimap$ValueSet$1::checkForComodification (23 bytes)
Event: 27.355 Thread 0x000002517ff7f000 nmethod 3162 0x0000025100c22210 code [0x0000025100c223c0, 0x0000025100c225e8]
Event: 27.355 Thread 0x000002517ff7f000 3163       3       org.objectweb.asm.FieldWriter::computeFieldInfoSize (201 bytes)
Event: 27.356 Thread 0x000002517ff7f000 nmethod 3163 0x0000025100c22710 code [0x0000025100c22960, 0x0000025100c23068]
Event: 27.356 Thread 0x000002517ff7f000 3164       3       org.objectweb.asm.FieldWriter::putFieldInfo (418 bytes)
Event: 27.357 Thread 0x000002517ff7f000 nmethod 3164 0x0000025100c23310 code [0x0000025100c236c0, 0x0000025100c246f8]

GC Heap History (10 events):
Event: 2.322 GC heap before
{Heap before GC invocations=1 (full 0):
 garbage-first heap   total 262144K, used 19386K [0x00000000e0000000, 0x0000000100000000)
  region size 1024K, 14 young (14336K), 2 survivors (2048K)
 Metaspace       used 10278K, capacity 10462K, committed 10624K, reserved 264192K
  class space    used 1078K, capacity 1125K, committed 1152K, reserved 253952K
}
Event: 2.324 GC heap after
{Heap after GC invocations=2 (full 0):
 garbage-first heap   total 262144K, used 7610K [0x00000000e0000000, 0x0000000100000000)
  region size 1024K, 1 young (1024K), 1 survivors (1024K)
 Metaspace       used 10278K, capacity 10462K, committed 10624K, reserved 264192K
  class space    used 1078K, capacity 1125K, committed 1152K, reserved 253952K
}
Event: 3.804 GC heap before
{Heap before GC invocations=2 (full 0):
 garbage-first heap   total 262144K, used 39354K [0x00000000e0000000, 0x0000000100000000)
  region size 1024K, 32 young (32768K), 1 survivors (1024K)
 Metaspace       used 13370K, capacity 13696K, committed 13952K, reserved 266240K
  class space    used 1495K, capacity 1612K, committed 1664K, reserved 253952K
}
Event: 3.811 GC heap after
{Heap after GC invocations=3 (full 0):
 garbage-first heap   total 262144K, used 12873K [0x00000000e0000000, 0x0000000100000000)
  region size 1024K, 4 young (4096K), 4 survivors (4096K)
 Metaspace       used 13370K, capacity 13696K, committed 13952K, reserved 266240K
  class space    used 1495K, capacity 1612K, committed 1664K, reserved 253952K
}
Event: 5.955 GC heap before
{Heap before GC invocations=3 (full 0):
 garbage-first heap   total 262144K, used 55881K [0x00000000e0000000, 0x0000000100000000)
  region size 1024K, 47 young (48128K), 4 survivors (4096K)
 Metaspace       used 20800K, capacity 21123K, committed 21248K, reserved 272384K
  class space    used 2624K, capacity 2754K, committed 2816K, reserved 253952K
}
Event: 5.964 GC heap after
{Heap after GC invocations=4 (full 0):
 garbage-first heap   total 262144K, used 15450K [0x00000000e0000000, 0x0000000100000000)
  region size 1024K, 3 young (3072K), 3 survivors (3072K)
 Metaspace       used 20800K, capacity 21123K, committed 21248K, reserved 272384K
  class space    used 2624K, capacity 2754K, committed 2816K, reserved 253952K
}
Event: 9.162 GC heap before
{Heap before GC invocations=5 (full 0):
 garbage-first heap   total 262144K, used 74842K [0x00000000e0000000, 0x0000000100000000)
  region size 1024K, 59 young (60416K), 3 survivors (3072K)
 Metaspace       used 31424K, capacity 31916K, committed 32256K, reserved 282624K
  class space    used 3819K, capacity 4003K, committed 4096K, reserved 253952K
}
Event: 9.173 GC heap after
{Heap after GC invocations=6 (full 0):
 garbage-first heap   total 262144K, used 19515K [0x00000000e0000000, 0x0000000100000000)
  region size 1024K, 7 young (7168K), 7 survivors (7168K)
 Metaspace       used 31424K, capacity 31916K, committed 32256K, reserved 282624K
  class space    used 3819K, capacity 4003K, committed 4096K, reserved 253952K
}
Event: 26.415 GC heap before
{Heap before GC invocations=6 (full 0):
 garbage-first heap   total 262144K, used 60475K [0x00000000e0000000, 0x0000000100000000)
  region size 1024K, 48 young (49152K), 7 survivors (7168K)
 Metaspace       used 35181K, capacity 35713K, committed 35840K, reserved 286720K
  class space    used 4393K, capacity 4585K, committed 4608K, reserved 253952K
}
Event: 26.429 GC heap after
{Heap after GC invocations=7 (full 0):
 garbage-first heap   total 262144K, used 22696K [0x00000000e0000000, 0x0000000100000000)
  region size 1024K, 10 young (10240K), 10 survivors (10240K)
 Metaspace       used 35181K, capacity 35713K, committed 35840K, reserved 286720K
  class space    used 4393K, capacity 4585K, committed 4608K, reserved 253952K
}

Deoptimization events (10 events):
Event: 24.984 Thread 0x000002511110c800 Uncommon trap: reason=class_check action=maybe_recompile pc=0x0000025107b6d0a8 method=java.util.Collections$SetFromMap.remove(Ljava/lang/Object;)Z @ 5 c2
Event: 25.013 Thread 0x000002511110c800 Uncommon trap: reason=class_check action=maybe_recompile pc=0x0000025107b6d0a8 method=java.util.Collections$SetFromMap.remove(Ljava/lang/Object;)Z @ 5 c2
Event: 25.015 Thread 0x000002511110c800 Uncommon trap: reason=class_check action=maybe_recompile pc=0x0000025107b6d0a8 method=java.util.Collections$SetFromMap.remove(Ljava/lang/Object;)Z @ 5 c2
Event: 25.341 Thread 0x000002511110c800 Uncommon trap: reason=unstable_if action=reinterpret pc=0x0000025107b72fb4 method=java.util.HashMap.hash(Ljava/lang/Object;)I @ 1 c2
Event: 25.626 Thread 0x000002511110c800 Uncommon trap: reason=unstable_if action=reinterpret pc=0x0000025107b748fc method=java.util.HashMap.hash(Ljava/lang/Object;)I @ 1 c2
Event: 25.626 Thread 0x000002511110c800 Uncommon trap: reason=unstable_if action=reinterpret pc=0x0000025107b5aa04 method=java.util.HashMap.hash(Ljava/lang/Object;)I @ 1 c2
Event: 26.273 Thread 0x000002511110c800 Uncommon trap: reason=unstable_if action=reinterpret pc=0x0000025107c2ecb8 method=java.util.WeakHashMap.put(Ljava/lang/Object;Ljava/lang/Object;)Ljava/lang/Object; @ 72 c2
Event: 26.564 Thread 0x000002511110c800 Uncommon trap: reason=unstable_if action=reinterpret pc=0x0000025107b1173c method=java.io.WinNTFileSystem.resolve(Ljava/lang/String;Ljava/lang/String;)Ljava/lang/String; @ 83 c2
Event: 27.268 Thread 0x000002511110c800 Uncommon trap: reason=class_check action=maybe_recompile pc=0x0000025107c6a8b4 method=sun.reflect.generics.reflectiveObjects.TypeVariableImpl.getGenericDeclaration()Ljava/lang/reflect/GenericDeclaration; @ 4 c2
Event: 27.268 Thread 0x000002511110c800 Uncommon trap: reason=class_check action=maybe_recompile pc=0x0000025107c6a8b4 method=sun.reflect.generics.reflectiveObjects.TypeVariableImpl.getGenericDeclaration()Ljava/lang/reflect/GenericDeclaration; @ 4 c2

Classes redefined (0 events):
No events

Internal exceptions (10 events):
Event: 26.721 Thread 0x000002511110c800 Exception <a 'java/lang/ClassNotFoundException'{0x00000000ef523320}: org/gradle/api/internal/artifacts/DefaultArtifactRepositoryContainerBeanInfo> (0x00000000ef523320) thrown at [./open/src/hotspot/share/classfile/systemDictionary.cpp, line 227]
Event: 26.723 Thread 0x000002511110c800 Exception <a 'java/lang/ClassNotFoundException'{0x00000000ef541df0}: org/gradle/api/internal/DefaultNamedDomainObjectListBeanInfo> (0x00000000ef541df0) thrown at [./open/src/hotspot/share/classfile/systemDictionary.cpp, line 227]
Event: 26.724 Thread 0x000002511110c800 Exception <a 'java/lang/ClassNotFoundException'{0x00000000ef561628}: org/gradle/api/internal/DefaultNamedDomainObjectCollectionBeanInfo> (0x00000000ef561628) thrown at [./open/src/hotspot/share/classfile/systemDictionary.cpp, line 227]
Event: 26.725 Thread 0x000002511110c800 Exception <a 'java/lang/ClassNotFoundException'{0x00000000ef5803b0}: org/gradle/api/internal/DefaultDomainObjectCollectionBeanInfo> (0x00000000ef5803b0) thrown at [./open/src/hotspot/share/classfile/systemDictionary.cpp, line 227]
Event: 26.727 Thread 0x000002511110c800 Exception <a 'java/lang/ClassNotFoundException'{0x00000000ef59f3e0}: org/gradle/api/internal/DefaultDomainObjectCollectionCustomizer> (0x00000000ef59f3e0) thrown at [./open/src/hotspot/share/classfile/systemDictionary.cpp, line 227]
Event: 26.733 Thread 0x000002511110c800 Exception <a 'java/lang/ClassNotFoundException'{0x00000000ef5dbea8}: org/gradle/api/internal/DefaultNamedDomainObjectCollectionCustomizer> (0x00000000ef5dbea8) thrown at [./open/src/hotspot/share/classfile/systemDictionary.cpp, line 227]
Event: 26.739 Thread 0x000002511110c800 Exception <a 'java/lang/ClassNotFoundException'{0x00000000ef42b468}: org/gradle/api/internal/DefaultNamedDomainObjectListCustomizer> (0x00000000ef42b468) thrown at [./open/src/hotspot/share/classfile/systemDictionary.cpp, line 227]
Event: 26.743 Thread 0x000002511110c800 Exception <a 'java/lang/ClassNotFoundException'{0x00000000ef46ec28}: org/gradle/api/internal/artifacts/DefaultArtifactRepositoryContainerCustomizer> (0x00000000ef46ec28) thrown at [./open/src/hotspot/share/classfile/systemDictionary.cpp, line 227]
Event: 26.767 Thread 0x000002511110c800 Exception <a 'java/lang/ClassNotFoundException'{0x00000000ef4a8908}: org/gradle/api/internal/artifacts/dsl/DefaultRepositoryHandlerCustomizer> (0x00000000ef4a8908) thrown at [./open/src/hotspot/share/classfile/systemDictionary.cpp, line 227]
Event: 26.773 Thread 0x000002511110c800 Exception <a 'java/lang/ClassNotFoundException'{0x00000000ef4ec588}: org/gradle/api/internal/artifacts/dsl/DefaultRepositoryHandler_DecoratedCustomizer> (0x00000000ef4ec588) thrown at [./open/src/hotspot/share/classfile/systemDictionary.cpp, line 227]

Events (10 events):
Event: 27.333 loading class org/gradle/api/internal/artifacts/configurations/ConfigurationsProvider
Event: 27.333 loading class org/gradle/api/internal/artifacts/configurations/ConfigurationsProvider done
Event: 27.334 loading class org/gradle/api/internal/AbstractValidatingNamedDomainObjectContainer
Event: 27.334 loading class org/gradle/api/internal/AbstractValidatingNamedDomainObjectContainer done
Event: 27.335 loading class org/gradle/api/internal/artifacts/configurations/ConfigurationInternal
Event: 27.335 loading class org/gradle/api/internal/artifacts/configurations/ConfigurationInternal done
Event: 27.346 loading class org/gradle/api/internal/artifacts/ivyservice/moduleconverter/DefaultRootComponentMetadataBuilder
Event: 27.346 loading class org/gradle/api/internal/artifacts/ivyservice/moduleconverter/DefaultRootComponentMetadataBuilder done
Event: 27.347 loading class org/gradle/api/internal/artifacts/ivyservice/moduleconverter/RootComponentMetadataBuilder
Event: 27.347 loading class org/gradle/api/internal/artifacts/ivyservice/moduleconverter/RootComponentMetadataBuilder done


Dynamic libraries:
0x00007ff630090000 - 0x00007ff63009f000 	C:\Program Files\Java\jdk-11.0.13\bin\java.exe
0x00007ffd10db0000 - 0x00007ffd10fa8000 	C:\Windows\SYSTEM32\ntdll.dll
0x00007ffd10480000 - 0x00007ffd1053d000 	C:\Windows\System32\KERNEL32.DLL
0x00007ffd0e6d0000 - 0x00007ffd0e99e000 	C:\Windows\System32\KERNELBASE.dll
0x00007ffd0ed10000 - 0x00007ffd0ee10000 	C:\Windows\System32\ucrtbase.dll
0x00007ffcfc230000 - 0x00007ffcfc248000 	C:\Program Files\Java\jdk-11.0.13\bin\jli.dll
0x00007ffd0f620000 - 0x00007ffd0f6ce000 	C:\Windows\System32\ADVAPI32.dll
0x00007ffd10340000 - 0x00007ffd103de000 	C:\Windows\System32\msvcrt.dll
0x00007ffcfdd50000 - 0x00007ffcfdd65000 	C:\Program Files\Java\jdk-11.0.13\bin\VCRUNTIME140.dll
0x00007ffd103e0000 - 0x00007ffd1047c000 	C:\Windows\System32\sechost.dll
0x00007ffd0ee10000 - 0x00007ffd0ef35000 	C:\Windows\System32\RPCRT4.dll
0x00007ffd10b20000 - 0x00007ffd10cc0000 	C:\Windows\System32\USER32.dll
0x00007ffd0e610000 - 0x00007ffd0e632000 	C:\Windows\System32\win32u.dll
0x00007ffd102b0000 - 0x00007ffd102da000 	C:\Windows\System32\GDI32.dll
0x00007ffd0e4d0000 - 0x00007ffd0e5db000 	C:\Windows\System32\gdi32full.dll
0x00007ffd0ec20000 - 0x00007ffd0ecbd000 	C:\Windows\System32\msvcp_win.dll
0x00007ffd00c40000 - 0x00007ffd00eda000 	C:\Windows\WinSxS\amd64_microsoft.windows.common-controls_6595b64144ccf1df_6.0.19041.1110_none_60b5254171f9507e\COMCTL32.dll
0x00007ffcfdf20000 - 0x00007ffcfdf2a000 	C:\Windows\SYSTEM32\VERSION.dll
0x00007ffd10280000 - 0x00007ffd102b0000 	C:\Windows\System32\IMM32.DLL
0x00007ffcfc190000 - 0x00007ffcfc22b000 	C:\Program Files\Java\jdk-11.0.13\bin\msvcp140.dll
0x00007ffca0ad0000 - 0x00007ffca15e3000 	C:\Program Files\Java\jdk-11.0.13\bin\server\jvm.dll
0x00007ffd0f980000 - 0x00007ffd0f988000 	C:\Windows\System32\PSAPI.DLL
0x00007ffcfceb0000 - 0x00007ffcfceb9000 	C:\Windows\SYSTEM32\WSOCK32.dll
0x00007ffd0ef60000 - 0x00007ffd0efcb000 	C:\Windows\System32\WS2_32.dll
0x00007ffcffd40000 - 0x00007ffcffd67000 	C:\Windows\SYSTEM32\WINMM.dll
0x00007ffd0c3d0000 - 0x00007ffd0c3e2000 	C:\Windows\SYSTEM32\kernel.appcore.dll
0x00007ffcfc180000 - 0x00007ffcfc190000 	C:\Program Files\Java\jdk-11.0.13\bin\verify.dll
0x00007ffcffdc0000 - 0x00007ffcfffa4000 	C:\Windows\SYSTEM32\DBGHELP.DLL
0x00007ffcffc30000 - 0x00007ffcffc5c000 	C:\Windows\SYSTEM32\dbgcore.DLL
0x00007ffd0e640000 - 0x00007ffd0e6c2000 	C:\Windows\System32\bcryptPrimitives.dll
0x00007ffcfc150000 - 0x00007ffcfc178000 	C:\Program Files\Java\jdk-11.0.13\bin\java.dll
0x00007ffcfc140000 - 0x00007ffcfc14a000 	C:\Program Files\Java\jdk-11.0.13\bin\jimage.dll
0x00007ffcfc120000 - 0x00007ffcfc136000 	C:\Program Files\Java\jdk-11.0.13\bin\zip.dll
0x00007ffd0fa40000 - 0x00007ffd10184000 	C:\Windows\System32\SHELL32.dll
0x00007ffd0c5d0000 - 0x00007ffd0cd64000 	C:\Windows\SYSTEM32\windows.storage.dll
0x00007ffd0efd0000 - 0x00007ffd0f324000 	C:\Windows\System32\combase.dll
0x00007ffd0de60000 - 0x00007ffd0de90000 	C:\Windows\SYSTEM32\Wldp.dll
0x00007ffd10cc0000 - 0x00007ffd10d6d000 	C:\Windows\System32\SHCORE.dll
0x00007ffd105d0000 - 0x00007ffd10625000 	C:\Windows\System32\shlwapi.dll
0x00007ffd0e410000 - 0x00007ffd0e42f000 	C:\Windows\SYSTEM32\profapi.dll
0x00007ffcfc100000 - 0x00007ffcfc119000 	C:\Program Files\Java\jdk-11.0.13\bin\net.dll
0x00007ffd027d0000 - 0x00007ffd028da000 	C:\Windows\SYSTEM32\WINHTTP.dll
0x00007ffd0dbc0000 - 0x00007ffd0dc2a000 	C:\Windows\system32\mswsock.dll
0x00007ffcfc0e0000 - 0x00007ffcfc0f2000 	C:\Program Files\Java\jdk-11.0.13\bin\nio.dll
0x00007ffcfc0b0000 - 0x00007ffcfc0d6000 	C:\Users\LUCKY\.gradle\native\29\windows-amd64\native-platform.dll
0x00007ffcfc030000 - 0x00007ffcfc039000 	C:\Program Files\Java\jdk-11.0.13\bin\management.dll
0x00007ffcfc020000 - 0x00007ffcfc02b000 	C:\Program Files\Java\jdk-11.0.13\bin\management_ext.dll
0x00007ffd0ddb0000 - 0x00007ffd0ddc8000 	C:\Windows\SYSTEM32\CRYPTSP.dll
0x00007ffd0d540000 - 0x00007ffd0d574000 	C:\Windows\system32\rsaenh.dll
0x00007ffd0e5e0000 - 0x00007ffd0e607000 	C:\Windows\System32\bcrypt.dll
0x00007ffd0e390000 - 0x00007ffd0e3be000 	C:\Windows\SYSTEM32\USERENV.dll
0x00007ffd0ddd0000 - 0x00007ffd0dddc000 	C:\Windows\SYSTEM32\CRYPTBASE.dll
0x00007ffd0d8b0000 - 0x00007ffd0d8eb000 	C:\Windows\SYSTEM32\IPHLPAPI.DLL
0x00007ffd10270000 - 0x00007ffd10278000 	C:\Windows\System32\NSI.dll
0x00007ffd07bd0000 - 0x00007ffd07be7000 	C:\Windows\SYSTEM32\dhcpcsvc6.DLL
0x00007ffd07ca0000 - 0x00007ffd07cbd000 	C:\Windows\SYSTEM32\dhcpcsvc.DLL
0x00007ffd0d8f0000 - 0x00007ffd0d9bb000 	C:\Windows\SYSTEM32\DNSAPI.dll

dbghelp: loaded successfully - version: 4.0.5 - missing functions: none
symbol engine: initialized successfully - sym options: 0x614 - pdb path: .;C:\Program Files\Java\jdk-11.0.13\bin;C:\Windows\SYSTEM32;C:\Windows\WinSxS\amd64_microsoft.windows.common-controls_6595b64144ccf1df_6.0.19041.1110_none_60b5254171f9507e;C:\Program Files\Java\jdk-11.0.13\bin\server;C:\Users\LUCKY\.gradle\native\29\windows-amd64

VM Arguments:
jvm_args: --add-opens=java.base/java.util=ALL-UNNAMED --add-opens=java.base/java.lang=ALL-UNNAMED --add-opens=java.base/java.lang.invoke=ALL-UNNAMED --add-opens=java.prefs/java.util.prefs=ALL-UNNAMED -XX:MaxMetaspaceSize=256m -XX:+HeapDumpOnOutOfMemoryError -Xms256m -Xmx512m -Dfile.encoding=windows-1252 -Duser.country=US -Duser.language=en -Duser.variant 
java_command: org.gradle.launcher.daemon.bootstrap.GradleDaemon 5.5
java_class_path (initial): C:\Users\LUCKY\.gradle\wrapper\dists\gradle-5.5-all\byeise1led9a3w3p149d02kfj\gradle-5.5\lib\gradle-launcher-5.5.jar
Launcher Type: SUN_STANDARD

[Global flags]
     intx CICompilerCount                          = 3                                         {product} {ergonomic}
   size_t CompressedClassSpaceSize                 = 260046848                                 {product} {ergonomic}
     uint ConcGCThreads                            = 1                                         {product} {ergonomic}
     uint G1ConcRefinementThreads                  = 4                                         {product} {ergonomic}
   size_t G1HeapRegionSize                         = 1048576                                   {product} {ergonomic}
    uintx GCDrainStackTargetSize                   = 64                                        {product} {ergonomic}
     bool HeapDumpOnOutOfMemoryError               = true                                   {manageable} {command line}
   size_t InitialHeapSize                          = 268435456                                 {product} {command line}
   size_t MarkStackSize                            = 4194304                                   {product} {ergonomic}
   size_t MaxHeapSize                              = 536870912                                 {product} {command line}
   size_t MaxMetaspaceSize                         = 268435456                                 {product} {command line}
   size_t MaxNewSize                               = 321912832                                 {product} {ergonomic}
   size_t MinHeapDeltaBytes                        = 1048576                                   {product} {ergonomic}
    uintx NonNMethodCodeHeapSize                   = 5830732                                {pd product} {ergonomic}
    uintx NonProfiledCodeHeapSize                  = 122913754                              {pd product} {ergonomic}
    uintx ProfiledCodeHeapSize                     = 122913754                              {pd product} {ergonomic}
    uintx ReservedCodeCacheSize                    = 251658240                              {pd product} {ergonomic}
     bool SegmentedCodeCache                       = true                                      {product} {ergonomic}
     bool UseCompressedClassPointers               = true                                 {lp64_product} {ergonomic}
     bool UseCompressedOops                        = true                                 {lp64_product} {ergonomic}
     bool UseG1GC                                  = true                                      {product} {ergonomic}
     bool UseLargePagesIndividualAllocation        = false                                  {pd product} {ergonomic}

Logging:
Log output configuration:
 #0: stdout all=warning uptime,level,tags
 #1: stderr all=off uptime,level,tags

Environment Variables:
JAVA_HOME=C:\Program Files\Java\jdk-11.0.13\
CLASSPATH=D:\MyWork\ReactNative\whsnxt_mvp (2)\android\\gradle\wrapper\gradle-wrapper.jar
PATH=D:\MyWork\ReactNative\whsnxt_mvp (2)\android\node_modules\.bin;D:\MyWork\ReactNative\whsnxt_mvp (2)\node_modules\.bin;D:\MyWork\ReactNative\node_modules\.bin;D:\MyWork\node_modules\.bin;D:\node_modules\.bin;C:\Program Files\nodejs;C:\Program Files (x86)\OpenJDK\jdk-8.0.262.10-hotspot\bin;C:\Program Files (x86)\Common Files\Oracle\Java\javapath;C:\Program Files\Common Files\Oracle\Java\javapath;C:\Windows\system32;C:\Windows;C:\Windows\System32\Wbem;C:\Windows\System32\WindowsPowerShell\v1.0\;C:\Windows\System32\OpenSSH\;C:\Program Files\Git\cmd;C:\Users\LUCKY\AppData\Roaming\nvm;C:\Program Files\nodejs;C:\xampp\php;C:\ProgramData\ComposerSetup\bin;C:\Program Files\PuTTY\;C:\Program Files\Java\jdk-18.0.1.1\bin;C:\Program Files\Microsoft SQL Server\150\Tools\Binn\;C:\Users\LUCKY\AppData\Local\Android\Sdk\platform-tools;C:\Program Files\Java\jdk-11.0.13\bin;C:\Users\LUCKY\AppData\Local\Android\Sdk\ndk-bundle;C:\Users\LUCKY\AppData\Local\Programs\Python\Python310\Scripts\;C:\Users\LUCKY\AppData\Local\Programs\Python\Python310\;C:\Users\LUCKY\AppData\Local\Microsoft\WindowsApps;C:\Program Files\Bandizip\;C:\Users\LUCKY\AppData\Roaming\npm;C:\Users\LUCKY\AppData\Local\Programs\Microsoft VS Code\bin;C:\Users\LUCKY\AppData\Roaming\nvm;C:\Program Files\nodejs;C:\Users\LUCKY\AppData\Roaming\Composer\vendor\bin;C:\Program Files\JetBrains\PyCharm Community Edition 2022.1.1\bin;;C:\Users\LUCKY\AppData\Local\Android\Sdk\ndk-bundle;C:\Users\LUCKY\AppData\Local\Android\Sdk\platform-tools;
USERNAME=LUCKY
OS=Windows_NT
PROCESSOR_IDENTIFIER=Intel64 Family 6 Model 58 Stepping 9, GenuineIntel



---------------  S Y S T E M  ---------------

OS: Windows 10 , 64 bit Build 19041 (10.0.19041.1806)

CPU:total 4 (initial active 4) (2 cores per cpu, 2 threads per core) family 6 model 58 stepping 9 microcode 0x21, cmov, cx8, fxsr, mmx, sse, sse2, sse3, ssse3, sse4.1, sse4.2, popcnt, avx, aes, clmul, erms, ht, tsc, tscinvbit, tscinv

Memory: 4k page, system-wide physical 12182M (3784M free)
TotalPageFile size 24470M (AvailPageFile size 14173M)
current process WorkingSet (physical memory assigned to process): 210M, peak: 223M
current process commit charge ("private bytes"): 421M, peak: 436M

vm_info: Java HotSpot(TM) 64-Bit Server VM (11.0.13+10-LTS-370) for windows-amd64 JRE (11.0.13+10-LTS-370), built on Sep 15 2021 22:10:36 by "mach5one" with MS VC++ 15.9 (VS2017)

END.
