#
# A fatal error has been detected by the Java Runtime Environment:
#
#  EXCEPTION_ACCESS_VIOLATION (0xc0000005) at pc=0x00007ffb068f53a0, pid=12752, tid=6272
#
# JRE version: Java(TM) SE Runtime Environment 18.9 (11.0.13+10) (build 11.0.13+10-LTS-370)
# Java VM: Java HotSpot(TM) 64-Bit Server VM 18.9 (11.0.13+10-LTS-370, mixed mode, tiered, compressed oops, g1 gc, windows-amd64)
# Problematic frame:
# V  [jvm.dll+0x3453a0]
#
# No core dump will be written. Minidumps are not enabled by default on client versions of Windows
#
# If you would like to submit a bug report, please visit:
#   https://bugreport.java.com/bugreport/crash.jsp
#

---------------  S U M M A R Y ------------

Command Line: --add-opens=java.base/java.util=ALL-UNNAMED --add-opens=java.base/java.lang=ALL-UNNAMED --add-opens=java.base/java.lang.invoke=ALL-UNNAMED --add-opens=java.prefs/java.util.prefs=ALL-UNNAMED -XX:MaxMetaspaceSize=256m -XX:+HeapDumpOnOutOfMemoryError -Xms256m -Xmx512m -Dfile.encoding=windows-1252 -Duser.country=US -Duser.language=en -Duser.variant org.gradle.launcher.daemon.bootstrap.GradleDaemon 5.5

Host: Intel(R) Core(TM) i5-3230M CPU @ 2.60GHz, 4 cores, 11G,  Windows 10 , 64 bit Build 19041 (10.0.19041.1806)
Time: Sat Aug  6 10:42:13 2022 Tokyo Standard Time elapsed time: 76.208807 seconds (0d 0h 1m 16s)

---------------  T H R E A D  ---------------

Current thread (0x000001f04aaed000):  JavaThread "C2 CompilerThread1" daemon [_thread_in_native, id=6272, stack(0x0000007695200000,0x0000007695300000)]


Current CompileTask:
C2:  76208 8142       4       org.gradle.internal.operations.DefaultBuildOperationExecutor::execute (111 bytes)

Stack: [0x0000007695200000,0x0000007695300000],  sp=0x00000076952fb7d0,  free space=1005k
Native frames: (J=compiled Java code, j=interpreted, Vv=VM code, C=native code)
V  [jvm.dll+0x3453a0]
V  [jvm.dll+0x341350]
V  [jvm.dll+0x18d2f7]
V  [jvm.dll+0x18ca7c]
V  [jvm.dll+0x1f8362]
V  [jvm.dll+0x1f743d]
V  [jvm.dll+0x177991]
V  [jvm.dll+0x206d84]
V  [jvm.dll+0x204ebb]
V  [jvm.dll+0x727e70]
V  [jvm.dll+0x720a54]
V  [jvm.dll+0x627606]
C  [ucrtbase.dll+0x21bb2]
C  [KERNEL32.DLL+0x17034]
C  [ntdll.dll+0x52651]


siginfo: EXCEPTION_ACCESS_VIOLATION (0xc0000005), reading address 0x00007dfb06ff32e8


Register to memory mapping:

RIP=0x00007ffb068f53a0 jvm.dll
RAX=0x0 is NULL
RBX=0x0000000000000018 is an unknown value
RCX=0x0 is NULL
RDX=0x000001f04ba90e18 points into unknown readable memory: 0x000001f04aaed000 | 00 d0 ae 4a f0 01 00 00
RSP=0x00000076952fb7d0 is pointing into the stack for thread: 0x000001f04aaed000
RBP=0x0000000000000008 is an unknown value
RSI=0x00007ffb06ff32e8 jvm.dll
RDI=0x000001f04a128120 points into unknown readable memory: 0x000001f04ba90e10 | 10 0e a9 4b f0 01 00 00
R8 =0x00007dfb06ff32e8 is an unknown value
R9 =0x00000076952fb820 is pointing into the stack for thread: 0x000001f04aaed000
R10=0x0000000000000018 is an unknown value
R11=0x000001f04b680c10 points into unknown readable memory: 0x0000000000000003 | 03 00 00 00 00 00 00 00
R12=0x00007ffb065b0000 jvm.dll
R13=0x000001f04a4c35b0 points into unknown readable memory: 0x000001f04b5ed040 | 40 d0 5e 4b f0 01 00 00
R14=0x0000000000093bc0 is an unknown value
R15=0x0000000000000ec6 is an unknown value


Registers:
RAX=0x0000000000000000, RBX=0x0000000000000018, RCX=0x0000000000000000, RDX=0x000001f04ba90e18
RSP=0x00000076952fb7d0, RBP=0x0000000000000008, RSI=0x00007ffb06ff32e8, RDI=0x000001f04a128120
R8 =0x00007dfb06ff32e8, R9 =0x00000076952fb820, R10=0x0000000000000018, R11=0x000001f04b680c10
R12=0x00007ffb065b0000, R13=0x000001f04a4c35b0, R14=0x0000000000093bc0, R15=0x0000000000000ec6
RIP=0x00007ffb068f53a0, EFLAGS=0x0000000000010246

Top of Stack: (sp=0x00000076952fb7d0)
0x00000076952fb7d0:   000001f04a4c35c0 00007ffb068f0b3e
0x00000076952fb7e0:   0000000000000af7 00007ffb065b0000
0x00000076952fb7f0:   00000076952fbb00 00007ffb068f1350
0x00000076952fb800:   000001f04fb47050 0000000000000076
0x00000076952fb810:   0000000000000006 00007ffb00000020
0x00000076952fb820:   00000eca00000000 00007ffb00000007
0x00000076952fb830:   00007dfb06ff32e8 00007ffb0000000f
0x00000076952fb840:   000001f04c08c100 00007ffb00000020
0x00000076952fb850:   000001f04b680c10 00007ffb06662adc
0x00000076952fb860:   00007ffb065b0000 00000000000003d8
0x00000076952fb870:   0000000000000000 00007ffb0673d2f7
0x00000076952fb880:   0000000000000ec6 00000076952fbb30
0x00000076952fb890:   00000076952fbf98 00000076952fbeb0
0x00000076952fb8a0:   00000076952fbc10 00007ffb0677f0a9
0x00000076952fb8b0:   0000000000001ab7 0000000700000000
0x00000076952fb8c0:   00000076952fb980 0000000000000000 

Instructions: (pc=0x00007ffb068f53a0)
0x00007ffb068f5380:   49 8b 41 20 41 8b da 4c 8b 04 d8 4c 3b c6 74 7a
0x00007ffb068f5390:   33 c0 4d 89 41 10 33 c9 0f 1f 84 00 00 00 00 00
0x00007ffb068f53a0:   42 83 3c 01 00 8d 50 01 0f 85 be 00 00 00 48 83
0x00007ffb068f53b0:   c1 04 8b c2 83 fa 08 72 e7 4d 8b 59 30 4d 85 db 


Stack slot to memory mapping:
stack at sp + 0 slots: 0x000001f04a4c35c0 points into unknown readable memory: 0x00007ffb06e68160 | 60 81 e6 06 fb 7f 00 00
stack at sp + 1 slots: 0x00007ffb068f0b3e jvm.dll
stack at sp + 2 slots: 0x0000000000000af7 is an unknown value
stack at sp + 3 slots: 0x00007ffb065b0000 jvm.dll
stack at sp + 4 slots: 0x00000076952fbb00 is pointing into the stack for thread: 0x000001f04aaed000
stack at sp + 5 slots: 0x00007ffb068f1350 jvm.dll
stack at sp + 6 slots: 0x000001f04fb47050 points into unknown readable memory: 0x0000000000000000 | 00 00 00 00 00 00 00 00
stack at sp + 7 slots: 0x0000000000000076 is an unknown value


---------------  P R O C E S S  ---------------

Threads class SMR info:
_java_thread_list=0x000001f04ba9b7b0, length=34, elements={
0x000001f02b89c800, 0x000001f0456f0800, 0x000001f0456bc800, 0x000001f0456fb000,
0x000001f0456fd000, 0x000001f0456ff000, 0x000001f045704800, 0x000001f04570e000,
0x000001f0460b4000, 0x000001f0461b7800, 0x000001f046cf3800, 0x000001f0473c0800,
0x000001f0475fc800, 0x000001f046c9d800, 0x000001f0469d1800, 0x000001f046100000,
0x000001f046103000, 0x000001f0460e6000, 0x000001f0460e9000, 0x000001f0469dc000,
0x000001f0469dd000, 0x000001f0469df000, 0x000001f0469dd800, 0x000001f0469de800,
0x000001f0469e1000, 0x000001f0469db000, 0x000001f048d9a800, 0x000001f048d97000,
0x000001f048d99000, 0x000001f048d9b000, 0x000001f048d9d800, 0x000001f048d9c000,
0x000001f048d98000, 0x000001f04aaed000
}

Java Threads: ( => current thread )
  0x000001f02b89c800 JavaThread "main" [_thread_blocked, id=14100, stack(0x0000007695500000,0x0000007695600000)]
  0x000001f0456f0800 JavaThread "Reference Handler" daemon [_thread_blocked, id=13836, stack(0x0000007695c00000,0x0000007695d00000)]
  0x000001f0456bc800 JavaThread "Finalizer" daemon [_thread_blocked, id=16912, stack(0x0000007695d00000,0x0000007695e00000)]
  0x000001f0456fb000 JavaThread "Signal Dispatcher" daemon [_thread_blocked, id=12616, stack(0x0000007695e00000,0x0000007695f00000)]
  0x000001f0456fd000 JavaThread "Attach Listener" daemon [_thread_blocked, id=7476, stack(0x0000007695f00000,0x0000007696000000)]
  0x000001f0456ff000 JavaThread "Service Thread" daemon [_thread_blocked, id=8800, stack(0x0000007696000000,0x0000007696100000)]
  0x000001f045704800 JavaThread "C2 CompilerThread0" daemon [_thread_in_native, id=17036, stack(0x0000007696100000,0x0000007696200000)]
  0x000001f04570e000 JavaThread "C1 CompilerThread0" daemon [_thread_blocked, id=11280, stack(0x0000007696200000,0x0000007696300000)]
  0x000001f0460b4000 JavaThread "Sweeper thread" daemon [_thread_blocked, id=14208, stack(0x0000007696300000,0x0000007696400000)]
  0x000001f0461b7800 JavaThread "Common-Cleaner" daemon [_thread_blocked, id=11916, stack(0x0000007696400000,0x0000007696500000)]
  0x000001f046cf3800 JavaThread "Daemon health stats" [_thread_blocked, id=14648, stack(0x0000007696900000,0x0000007696a00000)]
  0x000001f0473c0800 JavaThread "Incoming local TCP Connector on port 59524" [_thread_in_native, id=16068, stack(0x0000007696a00000,0x0000007696b00000)]
  0x000001f0475fc800 JavaThread "Daemon periodic checks" [_thread_blocked, id=16092, stack(0x0000007696b00000,0x0000007696c00000)]
  0x000001f046c9d800 JavaThread "Daemon" [_thread_blocked, id=16160, stack(0x0000007696c00000,0x0000007696d00000)]
  0x000001f0469d1800 JavaThread "Handler for socket connection from /127.0.0.1:59524 to /127.0.0.1:59525" [_thread_in_native, id=15608, stack(0x0000007696d00000,0x0000007696e00000)]
  0x000001f046100000 JavaThread "Cancel handler" [_thread_blocked, id=17056, stack(0x0000007696e00000,0x0000007696f00000)]
  0x000001f046103000 JavaThread "Daemon worker" [_thread_in_Java, id=7024, stack(0x0000007696f00000,0x0000007697000000)]
  0x000001f0460e6000 JavaThread "Asynchronous log dispatcher for DefaultDaemonConnection: socket connection from /127.0.0.1:59524 to /127.0.0.1:59525" [_thread_blocked, id=5324, stack(0x0000007697000000,0x0000007697100000)]
  0x000001f0460e9000 JavaThread "Stdin handler" [_thread_blocked, id=11492, stack(0x0000007697100000,0x0000007697200000)]
  0x000001f0469dc000 JavaThread "Thread-8" [_thread_blocked, id=13740, stack(0x0000007697200000,0x0000007697300000)]
  0x000001f0469dd000 JavaThread "Cache worker for file hash cache (C:\Users\LUCKY\.gradle\caches\5.5\fileHashes)" [_thread_blocked, id=1492, stack(0x0000007697300000,0x0000007697400000)]
  0x000001f0469df000 JavaThread "File lock request listener" [_thread_in_native, id=11748, stack(0x0000007697400000,0x0000007697500000)]
  0x000001f0469dd800 JavaThread "Cache worker for journal cache (C:\Users\LUCKY\.gradle\caches\journal-1)" [_thread_blocked, id=10320, stack(0x0000007697500000,0x0000007697600000)]
  0x000001f0469de800 JavaThread "Cache worker for file hash cache (D:\MyWork\ReactNative\whsnxt_mvp\android\.gradle\5.5\fileHashes)" [_thread_blocked, id=11256, stack(0x0000007697600000,0x0000007697700000)]
  0x000001f0469e1000 JavaThread "Cache worker for cache directory md-supplier (C:\Users\LUCKY\.gradle\caches\5.5\md-supplier)" [_thread_blocked, id=14472, stack(0x0000007695400000,0x0000007695500000)]
  0x000001f0469db000 JavaThread "Cache worker for cache directory md-rule (C:\Users\LUCKY\.gradle\caches\5.5\md-rule)" [_thread_blocked, id=16380, stack(0x0000007697700000,0x0000007697800000)]
  0x000001f048d9a800 JavaThread "Cache worker for execution history cache (C:\Users\LUCKY\.gradle\caches\5.5\executionHistory)" [_thread_blocked, id=12772, stack(0x0000007697800000,0x0000007697900000)]
  0x000001f048d97000 JavaThread "Build operations" [_thread_blocked, id=3536, stack(0x0000007697b00000,0x0000007697c00000)]
  0x000001f048d99000 JavaThread "Build operations Thread 2" [_thread_blocked, id=17176, stack(0x0000007697c00000,0x0000007697d00000)]
  0x000001f048d9b000 JavaThread "Build operations Thread 3" [_thread_blocked, id=9004, stack(0x0000007697d00000,0x0000007697e00000)]
  0x000001f048d9d800 JavaThread "Build operations Thread 4" [_thread_blocked, id=6592, stack(0x0000007697e00000,0x0000007697f00000)]
  0x000001f048d9c000 JavaThread "Cache worker for Build Output Cleanup Cache (D:\MyWork\ReactNative\whsnxt_mvp\android\.gradle\buildOutputCleanup)" [_thread_blocked, id=9688, stack(0x0000007697f00000,0x0000007698000000)]
  0x000001f048d98000 JavaThread "Memory manager" [_thread_blocked, id=15272, stack(0x0000007695300000,0x0000007695400000)]
=>0x000001f04aaed000 JavaThread "C2 CompilerThread1" daemon [_thread_in_native, id=6272, stack(0x0000007695200000,0x0000007695300000)]

Other Threads:
  0x000001f0456b8800 VMThread "VM Thread" [stack: 0x0000007695b00000,0x0000007695c00000] [id=15164]
  0x000001f0461ca800 WatcherThread [stack: 0x0000007696500000,0x0000007696600000] [id=584]
  0x000001f02b8ad800 GCTaskThread "GC Thread#0" [stack: 0x0000007695600000,0x0000007695700000] [id=7580]
  0x000001f046c9f000 GCTaskThread "GC Thread#1" [stack: 0x0000007696600000,0x0000007696700000] [id=12368]
  0x000001f046a91800 GCTaskThread "GC Thread#2" [stack: 0x0000007696700000,0x0000007696800000] [id=17392]
  0x000001f046a92000 GCTaskThread "GC Thread#3" [stack: 0x0000007696800000,0x0000007696900000] [id=16064]
  0x000001f02b8c0000 ConcurrentGCThread "G1 Main Marker" [stack: 0x0000007695700000,0x0000007695800000] [id=13828]
  0x000001f02b8c3800 ConcurrentGCThread "G1 Conc#0" [stack: 0x0000007695800000,0x0000007695900000] [id=15524]
  0x000001f02b97d800 ConcurrentGCThread "G1 Refine#0" [stack: 0x0000007695900000,0x0000007695a00000] [id=5768]
  0x000001f04eae6800 ConcurrentGCThread "G1 Refine#1" [stack: 0x0000007698000000,0x0000007698100000] [id=6208]
  0x000001f04e976800 ConcurrentGCThread "G1 Refine#2" [stack: 0x0000007698100000,0x0000007698200000] [id=12560]
  0x000001f045550800 ConcurrentGCThread "G1 Young RemSet Sampling" [stack: 0x0000007695a00000,0x0000007695b00000] [id=6412]

Threads with active compile tasks:
C2 CompilerThread0  76285 8268       4       groovy.lang.MetaClassImpl::applyStrayPropertyMethods (293 bytes)
C2 CompilerThread1  76285 8142       4       org.gradle.internal.operations.DefaultBuildOperationExecutor::execute (111 bytes)

VM state:not at safepoint (normal execution)

VM Mutex/Monitor currently owned by a thread: None

Heap address: 0x00000000e0000000, size: 512 MB, Compressed Oops mode: 32-bit
Narrow klass base: 0x0000000000000000, Narrow klass shift: 3
Compressed class space size: 260046848 Address: 0x0000000100000000

Heap:
 garbage-first heap   total 262144K, used 78745K [0x00000000e0000000, 0x0000000100000000)
  region size 1024K, 16 young (16384K), 14 survivors (14336K)
 Metaspace       used 72127K, capacity 74769K, committed 75024K, reserved 319488K
  class space    used 9271K, capacity 10063K, committed 10112K, reserved 253952K
Heap Regions: E=young(eden), S=young(survivor), O=old, HS=humongous(starts), HC=humongous(continues), CS=collection set, F=free, A=archive, TAMS=top-at-mark-start (previous, next)
|   0|0x00000000e0000000, 0x00000000e0100000, 0x00000000e0100000|100%| O|  |TAMS 0x00000000e0100000, 0x00000000e0000000| Untracked 
|   1|0x00000000e0100000, 0x00000000e0200000, 0x00000000e0200000|100%| O|  |TAMS 0x00000000e0200000, 0x00000000e0100000| Untracked 
|   2|0x00000000e0200000, 0x00000000e0300000, 0x00000000e0300000|100%|HS|  |TAMS 0x00000000e0300000, 0x00000000e0200000| Complete 
|   3|0x00000000e0300000, 0x00000000e0400000, 0x00000000e0400000|100%|HS|  |TAMS 0x00000000e0400000, 0x00000000e0300000| Complete 
|   4|0x00000000e0400000, 0x00000000e0500000, 0x00000000e0500000|100%|HC|  |TAMS 0x00000000e0500000, 0x00000000e0400000| Complete 
|   5|0x00000000e0500000, 0x00000000e0600000, 0x00000000e0600000|100%| O|  |TAMS 0x00000000e0600000, 0x00000000e0500000| Untracked 
|   6|0x00000000e0600000, 0x00000000e0700000, 0x00000000e0700000|100%| O|  |TAMS 0x00000000e0700000, 0x00000000e0600000| Untracked 
|   7|0x00000000e0700000, 0x00000000e0800000, 0x00000000e0800000|100%| O|  |TAMS 0x00000000e0800000, 0x00000000e0700000| Untracked 
|   8|0x00000000e0800000, 0x00000000e0900000, 0x00000000e0900000|100%| O|  |TAMS 0x00000000e0900000, 0x00000000e0800000| Untracked 
|   9|0x00000000e0900000, 0x00000000e0a00000, 0x00000000e0a00000|100%| O|  |TAMS 0x00000000e0a00000, 0x00000000e0900000| Untracked 
|  10|0x00000000e0a00000, 0x00000000e0b00000, 0x00000000e0b00000|100%| O|  |TAMS 0x00000000e0b00000, 0x00000000e0a00000| Untracked 
|  11|0x00000000e0b00000, 0x00000000e0c00000, 0x00000000e0c00000|100%| O|  |TAMS 0x00000000e0c00000, 0x00000000e0b00000| Untracked 
|  12|0x00000000e0c00000, 0x00000000e0d00000, 0x00000000e0d00000|100%| O|  |TAMS 0x00000000e0d00000, 0x00000000e0c00000| Untracked 
|  13|0x00000000e0d00000, 0x00000000e0e00000, 0x00000000e0e00000|100%| O|  |TAMS 0x00000000e0e00000, 0x00000000e0d00000| Untracked 
|  14|0x00000000e0e00000, 0x00000000e0f00000, 0x00000000e0f00000|100%| O|  |TAMS 0x00000000e0f00000, 0x00000000e0e00000| Untracked 
|  15|0x00000000e0f00000, 0x00000000e1000000, 0x00000000e1000000|100%|HS|  |TAMS 0x00000000e1000000, 0x00000000e0f00000| Complete 
|  16|0x00000000e1000000, 0x00000000e1100000, 0x00000000e1100000|100%|HC|  |TAMS 0x00000000e1100000, 0x00000000e1000000| Complete 
|  17|0x00000000e1100000, 0x00000000e1200000, 0x00000000e1200000|100%|HC|  |TAMS 0x00000000e1200000, 0x00000000e1100000| Complete 
|  18|0x00000000e1200000, 0x00000000e1300000, 0x00000000e1300000|100%|HS|  |TAMS 0x00000000e1300000, 0x00000000e1200000| Complete 
|  19|0x00000000e1300000, 0x00000000e1400000, 0x00000000e1400000|100%|HC|  |TAMS 0x00000000e1400000, 0x00000000e1300000| Complete 
|  20|0x00000000e1400000, 0x00000000e1500000, 0x00000000e1500000|100%| O|  |TAMS 0x00000000e1500000, 0x00000000e1400000| Untracked 
|  21|0x00000000e1500000, 0x00000000e1600000, 0x00000000e1600000|100%| O|  |TAMS 0x00000000e1600000, 0x00000000e1500000| Untracked 
|  22|0x00000000e1600000, 0x00000000e1700000, 0x00000000e1700000|100%| O|  |TAMS 0x00000000e1700000, 0x00000000e1600000| Untracked 
|  23|0x00000000e1700000, 0x00000000e1800000, 0x00000000e1800000|100%| O|  |TAMS 0x00000000e1800000, 0x00000000e1700000| Untracked 
|  24|0x00000000e1800000, 0x00000000e1900000, 0x00000000e1900000|100%| O|  |TAMS 0x00000000e1900000, 0x00000000e1800000| Untracked 
|  25|0x00000000e1900000, 0x00000000e1a00000, 0x00000000e1a00000|100%| O|  |TAMS 0x00000000e1a00000, 0x00000000e1900000| Untracked 
|  26|0x00000000e1a00000, 0x00000000e1b00000, 0x00000000e1b00000|100%| O|  |TAMS 0x00000000e1b00000, 0x00000000e1a00000| Untracked 
|  27|0x00000000e1b00000, 0x00000000e1c00000, 0x00000000e1c00000|100%| O|  |TAMS 0x00000000e1c00000, 0x00000000e1b00000| Untracked 
|  28|0x00000000e1c00000, 0x00000000e1d00000, 0x00000000e1d00000|100%| O|  |TAMS 0x00000000e1d00000, 0x00000000e1c00000| Untracked 
|  29|0x00000000e1d00000, 0x00000000e1e00000, 0x00000000e1e00000|100%| O|  |TAMS 0x00000000e1e00000, 0x00000000e1d00000| Untracked 
|  30|0x00000000e1e00000, 0x00000000e1f00000, 0x00000000e1f00000|100%| O|  |TAMS 0x00000000e1f00000, 0x00000000e1e00000| Untracked 
|  31|0x00000000e1f00000, 0x00000000e2000000, 0x00000000e2000000|100%| O|  |TAMS 0x00000000e2000000, 0x00000000e1f00000| Untracked 
|  32|0x00000000e2000000, 0x00000000e2100000, 0x00000000e2100000|100%| O|  |TAMS 0x00000000e2100000, 0x00000000e2000000| Untracked 
|  33|0x00000000e2100000, 0x00000000e2200000, 0x00000000e2200000|100%| O|  |TAMS 0x00000000e2200000, 0x00000000e2100000| Untracked 
|  34|0x00000000e2200000, 0x00000000e2300000, 0x00000000e2300000|100%| O|  |TAMS 0x00000000e2300000, 0x00000000e2200000| Untracked 
|  35|0x00000000e2300000, 0x00000000e2400000, 0x00000000e2400000|100%| O|  |TAMS 0x00000000e2400000, 0x00000000e2300000| Untracked 
|  36|0x00000000e2400000, 0x00000000e2500000, 0x00000000e2500000|100%| O|  |TAMS 0x00000000e2500000, 0x00000000e2400000| Untracked 
|  37|0x00000000e2500000, 0x00000000e2600000, 0x00000000e2600000|100%| O|  |TAMS 0x00000000e2600000, 0x00000000e2500000| Untracked 
|  38|0x00000000e2600000, 0x00000000e2700000, 0x00000000e2700000|100%| O|  |TAMS 0x00000000e2700000, 0x00000000e2600000| Untracked 
|  39|0x00000000e2700000, 0x00000000e2800000, 0x00000000e2800000|100%| O|  |TAMS 0x00000000e2800000, 0x00000000e2700000| Untracked 
|  40|0x00000000e2800000, 0x00000000e2900000, 0x00000000e2900000|100%| O|  |TAMS 0x00000000e2900000, 0x00000000e2800000| Untracked 
|  41|0x00000000e2900000, 0x00000000e2a00000, 0x00000000e2a00000|100%| O|  |TAMS 0x00000000e2a00000, 0x00000000e2900000| Untracked 
|  42|0x00000000e2a00000, 0x00000000e2b00000, 0x00000000e2b00000|100%| O|  |TAMS 0x00000000e2b00000, 0x00000000e2a00000| Untracked 
|  43|0x00000000e2b00000, 0x00000000e2c00000, 0x00000000e2c00000|100%| O|  |TAMS 0x00000000e2c00000, 0x00000000e2b00000| Untracked 
|  44|0x00000000e2c00000, 0x00000000e2d00000, 0x00000000e2d00000|100%| O|  |TAMS 0x00000000e2d00000, 0x00000000e2c00000| Untracked 
|  45|0x00000000e2d00000, 0x00000000e2e00000, 0x00000000e2e00000|100%| O|  |TAMS 0x00000000e2de4e00, 0x00000000e2d00000| Untracked 
|  46|0x00000000e2e00000, 0x00000000e2f00000, 0x00000000e2f00000|100%|HS|  |TAMS 0x00000000e2e00000, 0x00000000e2e00000| Complete 
|  47|0x00000000e2f00000, 0x00000000e3000000, 0x00000000e3000000|100%|HC|  |TAMS 0x00000000e2f00000, 0x00000000e2f00000| Complete 
|  48|0x00000000e3000000, 0x00000000e3100000, 0x00000000e3100000|100%|HC|  |TAMS 0x00000000e3000000, 0x00000000e3000000| Complete 
|  49|0x00000000e3100000, 0x00000000e3200000, 0x00000000e3200000|100%| O|  |TAMS 0x00000000e3100000, 0x00000000e3100000| Untracked 
|  50|0x00000000e3200000, 0x00000000e3300000, 0x00000000e3300000|100%| O|  |TAMS 0x00000000e3200000, 0x00000000e3200000| Untracked 
|  51|0x00000000e3300000, 0x00000000e3400000, 0x00000000e3400000|100%| O|  |TAMS 0x00000000e3300000, 0x00000000e3300000| Untracked 
|  52|0x00000000e3400000, 0x00000000e3500000, 0x00000000e3500000|100%| O|  |TAMS 0x00000000e3400000, 0x00000000e3400000| Untracked 
|  53|0x00000000e3500000, 0x00000000e3600000, 0x00000000e3600000|100%| O|  |TAMS 0x00000000e3500000, 0x00000000e3500000| Untracked 
|  54|0x00000000e3600000, 0x00000000e3700000, 0x00000000e3700000|100%| O|  |TAMS 0x00000000e3600000, 0x00000000e3600000| Untracked 
|  55|0x00000000e3700000, 0x00000000e3800000, 0x00000000e3800000|100%| O|  |TAMS 0x00000000e3700000, 0x00000000e3700000| Untracked 
|  56|0x00000000e3800000, 0x00000000e3900000, 0x00000000e3900000|100%| O|  |TAMS 0x00000000e3800000, 0x00000000e3800000| Untracked 
|  57|0x00000000e3900000, 0x00000000e3a00000, 0x00000000e3a00000|100%| O|  |TAMS 0x00000000e3900000, 0x00000000e3900000| Untracked 
|  58|0x00000000e3a00000, 0x00000000e3b00000, 0x00000000e3b00000|100%| O|  |TAMS 0x00000000e3a00000, 0x00000000e3a00000| Untracked 
|  59|0x00000000e3b00000, 0x00000000e3c00000, 0x00000000e3c00000|100%| O|  |TAMS 0x00000000e3b00000, 0x00000000e3b00000| Untracked 
|  60|0x00000000e3c00000, 0x00000000e3d00000, 0x00000000e3d00000|100%| O|  |TAMS 0x00000000e3c00000, 0x00000000e3c00000| Untracked 
|  61|0x00000000e3d00000, 0x00000000e3de6400, 0x00000000e3e00000| 89%| O|  |TAMS 0x00000000e3d00000, 0x00000000e3d00000| Untracked 
|  62|0x00000000e3e00000, 0x00000000e3e00000, 0x00000000e3f00000|  0%| F|  |TAMS 0x00000000e3e00000, 0x00000000e3e00000| Untracked 
|  63|0x00000000e3f00000, 0x00000000e3f00000, 0x00000000e4000000|  0%| F|  |TAMS 0x00000000e3f00000, 0x00000000e3f00000| Untracked 
|  64|0x00000000e4000000, 0x00000000e4000000, 0x00000000e4100000|  0%| F|  |TAMS 0x00000000e4000000, 0x00000000e4000000| Untracked 
|  65|0x00000000e4100000, 0x00000000e4100000, 0x00000000e4200000|  0%| F|  |TAMS 0x00000000e4100000, 0x00000000e4100000| Untracked 
|  66|0x00000000e4200000, 0x00000000e4200000, 0x00000000e4300000|  0%| F|  |TAMS 0x00000000e4200000, 0x00000000e4200000| Untracked 
|  67|0x00000000e4300000, 0x00000000e4300000, 0x00000000e4400000|  0%| F|  |TAMS 0x00000000e4300000, 0x00000000e4300000| Untracked 
|  68|0x00000000e4400000, 0x00000000e4400000, 0x00000000e4500000|  0%| F|  |TAMS 0x00000000e4400000, 0x00000000e4400000| Untracked 
|  69|0x00000000e4500000, 0x00000000e4500000, 0x00000000e4600000|  0%| F|  |TAMS 0x00000000e4500000, 0x00000000e4500000| Untracked 
|  70|0x00000000e4600000, 0x00000000e4600000, 0x00000000e4700000|  0%| F|  |TAMS 0x00000000e4600000, 0x00000000e4600000| Untracked 
|  71|0x00000000e4700000, 0x00000000e4700000, 0x00000000e4800000|  0%| F|  |TAMS 0x00000000e4700000, 0x00000000e4700000| Untracked 
|  72|0x00000000e4800000, 0x00000000e4800000, 0x00000000e4900000|  0%| F|  |TAMS 0x00000000e4800000, 0x00000000e4800000| Untracked 
|  73|0x00000000e4900000, 0x00000000e4900000, 0x00000000e4a00000|  0%| F|  |TAMS 0x00000000e4900000, 0x00000000e4900000| Untracked 
|  74|0x00000000e4a00000, 0x00000000e4a00000, 0x00000000e4b00000|  0%| F|  |TAMS 0x00000000e4a00000, 0x00000000e4a00000| Untracked 
|  75|0x00000000e4b00000, 0x00000000e4b00000, 0x00000000e4c00000|  0%| F|  |TAMS 0x00000000e4b00000, 0x00000000e4b00000| Untracked 
|  76|0x00000000e4c00000, 0x00000000e4c00000, 0x00000000e4d00000|  0%| F|  |TAMS 0x00000000e4c00000, 0x00000000e4c00000| Untracked 
|  77|0x00000000e4d00000, 0x00000000e4d00000, 0x00000000e4e00000|  0%| F|  |TAMS 0x00000000e4d00000, 0x00000000e4d00000| Untracked 
|  78|0x00000000e4e00000, 0x00000000e4e00000, 0x00000000e4f00000|  0%| F|  |TAMS 0x00000000e4e00000, 0x00000000e4e00000| Untracked 
|  79|0x00000000e4f00000, 0x00000000e4f00000, 0x00000000e5000000|  0%| F|  |TAMS 0x00000000e4f00000, 0x00000000e4f00000| Untracked 
|  80|0x00000000e5000000, 0x00000000e5000000, 0x00000000e5100000|  0%| F|  |TAMS 0x00000000e5000000, 0x00000000e5000000| Untracked 
|  81|0x00000000e5100000, 0x00000000e5100000, 0x00000000e5200000|  0%| F|  |TAMS 0x00000000e5100000, 0x00000000e5100000| Untracked 
|  82|0x00000000e5200000, 0x00000000e5200000, 0x00000000e5300000|  0%| F|  |TAMS 0x00000000e5200000, 0x00000000e5200000| Untracked 
|  83|0x00000000e5300000, 0x00000000e5300000, 0x00000000e5400000|  0%| F|  |TAMS 0x00000000e5300000, 0x00000000e5300000| Untracked 
|  84|0x00000000e5400000, 0x00000000e5400000, 0x00000000e5500000|  0%| F|  |TAMS 0x00000000e5400000, 0x00000000e5400000| Untracked 
|  85|0x00000000e5500000, 0x00000000e5500000, 0x00000000e5600000|  0%| F|  |TAMS 0x00000000e5500000, 0x00000000e5500000| Untracked 
|  86|0x00000000e5600000, 0x00000000e5600000, 0x00000000e5700000|  0%| F|  |TAMS 0x00000000e5600000, 0x00000000e5600000| Untracked 
|  87|0x00000000e5700000, 0x00000000e5700000, 0x00000000e5800000|  0%| F|  |TAMS 0x00000000e5700000, 0x00000000e5700000| Untracked 
|  88|0x00000000e5800000, 0x00000000e5800000, 0x00000000e5900000|  0%| F|  |TAMS 0x00000000e5800000, 0x00000000e5800000| Untracked 
|  89|0x00000000e5900000, 0x00000000e5900000, 0x00000000e5a00000|  0%| F|  |TAMS 0x00000000e5900000, 0x00000000e5900000| Untracked 
|  90|0x00000000e5a00000, 0x00000000e5a00000, 0x00000000e5b00000|  0%| F|  |TAMS 0x00000000e5a00000, 0x00000000e5a00000| Untracked 
|  91|0x00000000e5b00000, 0x00000000e5b00000, 0x00000000e5c00000|  0%| F|  |TAMS 0x00000000e5b00000, 0x00000000e5b00000| Untracked 
|  92|0x00000000e5c00000, 0x00000000e5c00000, 0x00000000e5d00000|  0%| F|  |TAMS 0x00000000e5c00000, 0x00000000e5c00000| Untracked 
|  93|0x00000000e5d00000, 0x00000000e5d00000, 0x00000000e5e00000|  0%| F|  |TAMS 0x00000000e5d00000, 0x00000000e5d00000| Untracked 
|  94|0x00000000e5e00000, 0x00000000e5e00000, 0x00000000e5f00000|  0%| F|  |TAMS 0x00000000e5e00000, 0x00000000e5e00000| Untracked 
|  95|0x00000000e5f00000, 0x00000000e5f00000, 0x00000000e6000000|  0%| F|  |TAMS 0x00000000e5f00000, 0x00000000e5f00000| Untracked 
|  96|0x00000000e6000000, 0x00000000e6000000, 0x00000000e6100000|  0%| F|  |TAMS 0x00000000e6000000, 0x00000000e6000000| Untracked 
|  97|0x00000000e6100000, 0x00000000e6100000, 0x00000000e6200000|  0%| F|  |TAMS 0x00000000e6100000, 0x00000000e6100000| Untracked 
|  98|0x00000000e6200000, 0x00000000e6200000, 0x00000000e6300000|  0%| F|  |TAMS 0x00000000e6200000, 0x00000000e6200000| Untracked 
|  99|0x00000000e6300000, 0x00000000e6300000, 0x00000000e6400000|  0%| F|  |TAMS 0x00000000e6300000, 0x00000000e6300000| Untracked 
| 100|0x00000000e6400000, 0x00000000e6400000, 0x00000000e6500000|  0%| F|  |TAMS 0x00000000e6400000, 0x00000000e6400000| Untracked 
| 101|0x00000000e6500000, 0x00000000e6500000, 0x00000000e6600000|  0%| F|  |TAMS 0x00000000e6500000, 0x00000000e6500000| Untracked 
| 102|0x00000000e6600000, 0x00000000e6600000, 0x00000000e6700000|  0%| F|  |TAMS 0x00000000e6600000, 0x00000000e6600000| Untracked 
| 103|0x00000000e6700000, 0x00000000e6700000, 0x00000000e6800000|  0%| F|  |TAMS 0x00000000e6700000, 0x00000000e6700000| Untracked 
| 104|0x00000000e6800000, 0x00000000e6800000, 0x00000000e6900000|  0%| F|  |TAMS 0x00000000e6800000, 0x00000000e6800000| Untracked 
| 105|0x00000000e6900000, 0x00000000e6900000, 0x00000000e6a00000|  0%| F|  |TAMS 0x00000000e6900000, 0x00000000e6900000| Untracked 
| 106|0x00000000e6a00000, 0x00000000e6a00000, 0x00000000e6b00000|  0%| F|  |TAMS 0x00000000e6a00000, 0x00000000e6a00000| Untracked 
| 107|0x00000000e6b00000, 0x00000000e6b00000, 0x00000000e6c00000|  0%| F|  |TAMS 0x00000000e6b00000, 0x00000000e6b00000| Untracked 
| 108|0x00000000e6c00000, 0x00000000e6c00000, 0x00000000e6d00000|  0%| F|  |TAMS 0x00000000e6c00000, 0x00000000e6c00000| Untracked 
| 109|0x00000000e6d00000, 0x00000000e6d00000, 0x00000000e6e00000|  0%| F|  |TAMS 0x00000000e6d00000, 0x00000000e6d00000| Untracked 
| 110|0x00000000e6e00000, 0x00000000e6e00000, 0x00000000e6f00000|  0%| F|  |TAMS 0x00000000e6e00000, 0x00000000e6e00000| Untracked 
| 111|0x00000000e6f00000, 0x00000000e6f00000, 0x00000000e7000000|  0%| F|  |TAMS 0x00000000e6f00000, 0x00000000e6f00000| Untracked 
| 112|0x00000000e7000000, 0x00000000e7000000, 0x00000000e7100000|  0%| F|  |TAMS 0x00000000e7000000, 0x00000000e7000000| Untracked 
| 113|0x00000000e7100000, 0x00000000e7100000, 0x00000000e7200000|  0%| F|  |TAMS 0x00000000e7100000, 0x00000000e7100000| Untracked 
| 114|0x00000000e7200000, 0x00000000e7200000, 0x00000000e7300000|  0%| F|  |TAMS 0x00000000e7200000, 0x00000000e7200000| Untracked 
| 115|0x00000000e7300000, 0x00000000e7300000, 0x00000000e7400000|  0%| F|  |TAMS 0x00000000e7300000, 0x00000000e7300000| Untracked 
| 116|0x00000000e7400000, 0x00000000e7400000, 0x00000000e7500000|  0%| F|  |TAMS 0x00000000e7400000, 0x00000000e7400000| Untracked 
| 117|0x00000000e7500000, 0x00000000e7500000, 0x00000000e7600000|  0%| F|  |TAMS 0x00000000e7500000, 0x00000000e7500000| Untracked 
| 118|0x00000000e7600000, 0x00000000e7600000, 0x00000000e7700000|  0%| F|  |TAMS 0x00000000e7600000, 0x00000000e7600000| Untracked 
| 119|0x00000000e7700000, 0x00000000e7700000, 0x00000000e7800000|  0%| F|  |TAMS 0x00000000e7700000, 0x00000000e7700000| Untracked 
| 120|0x00000000e7800000, 0x00000000e7800000, 0x00000000e7900000|  0%| F|  |TAMS 0x00000000e7800000, 0x00000000e7800000| Untracked 
| 121|0x00000000e7900000, 0x00000000e7900000, 0x00000000e7a00000|  0%| F|  |TAMS 0x00000000e7900000, 0x00000000e7900000| Untracked 
| 122|0x00000000e7a00000, 0x00000000e7a00000, 0x00000000e7b00000|  0%| F|  |TAMS 0x00000000e7a00000, 0x00000000e7a00000| Untracked 
| 123|0x00000000e7b00000, 0x00000000e7b00000, 0x00000000e7c00000|  0%| F|  |TAMS 0x00000000e7b00000, 0x00000000e7b00000| Untracked 
| 124|0x00000000e7c00000, 0x00000000e7c00000, 0x00000000e7d00000|  0%| F|  |TAMS 0x00000000e7c00000, 0x00000000e7c00000| Untracked 
| 125|0x00000000e7d00000, 0x00000000e7d00000, 0x00000000e7e00000|  0%| F|  |TAMS 0x00000000e7d00000, 0x00000000e7d00000| Untracked 
| 126|0x00000000e7e00000, 0x00000000e7e00000, 0x00000000e7f00000|  0%| F|  |TAMS 0x00000000e7e00000, 0x00000000e7e00000| Untracked 
| 127|0x00000000e7f00000, 0x00000000e7f00000, 0x00000000e8000000|  0%| F|  |TAMS 0x00000000e7f00000, 0x00000000e7f00000| Untracked 
| 128|0x00000000e8000000, 0x00000000e8000000, 0x00000000e8100000|  0%| F|  |TAMS 0x00000000e8000000, 0x00000000e8000000| Untracked 
| 129|0x00000000e8100000, 0x00000000e8100000, 0x00000000e8200000|  0%| F|  |TAMS 0x00000000e8100000, 0x00000000e8100000| Untracked 
| 130|0x00000000e8200000, 0x00000000e8200000, 0x00000000e8300000|  0%| F|  |TAMS 0x00000000e8200000, 0x00000000e8200000| Untracked 
| 131|0x00000000e8300000, 0x00000000e8400000, 0x00000000e8400000|100%| S|CS|TAMS 0x00000000e8300000, 0x00000000e8300000| Complete 
| 132|0x00000000e8400000, 0x00000000e8500000, 0x00000000e8500000|100%| S|CS|TAMS 0x00000000e8400000, 0x00000000e8400000| Complete 
| 133|0x00000000e8500000, 0x00000000e8600000, 0x00000000e8600000|100%| S|CS|TAMS 0x00000000e8500000, 0x00000000e8500000| Complete 
| 134|0x00000000e8600000, 0x00000000e8700000, 0x00000000e8700000|100%| S|CS|TAMS 0x00000000e8600000, 0x00000000e8600000| Complete 
| 135|0x00000000e8700000, 0x00000000e8800000, 0x00000000e8800000|100%| S|CS|TAMS 0x00000000e8700000, 0x00000000e8700000| Complete 
| 136|0x00000000e8800000, 0x00000000e8900000, 0x00000000e8900000|100%| S|CS|TAMS 0x00000000e8800000, 0x00000000e8800000| Complete 
| 137|0x00000000e8900000, 0x00000000e8a00000, 0x00000000e8a00000|100%| S|CS|TAMS 0x00000000e8900000, 0x00000000e8900000| Complete 
| 138|0x00000000e8a00000, 0x00000000e8b00000, 0x00000000e8b00000|100%| S|CS|TAMS 0x00000000e8a00000, 0x00000000e8a00000| Complete 
| 139|0x00000000e8b00000, 0x00000000e8c00000, 0x00000000e8c00000|100%| S|CS|TAMS 0x00000000e8b00000, 0x00000000e8b00000| Complete 
| 140|0x00000000e8c00000, 0x00000000e8d00000, 0x00000000e8d00000|100%| S|CS|TAMS 0x00000000e8c00000, 0x00000000e8c00000| Complete 
| 141|0x00000000e8d00000, 0x00000000e8e00000, 0x00000000e8e00000|100%| S|CS|TAMS 0x00000000e8d00000, 0x00000000e8d00000| Complete 
| 142|0x00000000e8e00000, 0x00000000e8f00000, 0x00000000e8f00000|100%| S|CS|TAMS 0x00000000e8e00000, 0x00000000e8e00000| Complete 
| 143|0x00000000e8f00000, 0x00000000e9000000, 0x00000000e9000000|100%| S|CS|TAMS 0x00000000e8f00000, 0x00000000e8f00000| Complete 
| 144|0x00000000e9000000, 0x00000000e9100000, 0x00000000e9100000|100%| S|CS|TAMS 0x00000000e9000000, 0x00000000e9000000| Complete 
| 145|0x00000000e9100000, 0x00000000e9100000, 0x00000000e9200000|  0%| F|  |TAMS 0x00000000e9100000, 0x00000000e9100000| Untracked 
| 146|0x00000000e9200000, 0x00000000e9200000, 0x00000000e9300000|  0%| F|  |TAMS 0x00000000e9200000, 0x00000000e9200000| Untracked 
| 147|0x00000000e9300000, 0x00000000e9300000, 0x00000000e9400000|  0%| F|  |TAMS 0x00000000e9300000, 0x00000000e9300000| Untracked 
| 148|0x00000000e9400000, 0x00000000e9400000, 0x00000000e9500000|  0%| F|  |TAMS 0x00000000e9400000, 0x00000000e9400000| Untracked 
| 149|0x00000000e9500000, 0x00000000e9500000, 0x00000000e9600000|  0%| F|  |TAMS 0x00000000e9500000, 0x00000000e9500000| Untracked 
| 150|0x00000000e9600000, 0x00000000e9600000, 0x00000000e9700000|  0%| F|  |TAMS 0x00000000e9600000, 0x00000000e9600000| Untracked 
| 151|0x00000000e9700000, 0x00000000e9700000, 0x00000000e9800000|  0%| F|  |TAMS 0x00000000e9700000, 0x00000000e9700000| Untracked 
| 152|0x00000000e9800000, 0x00000000e9800000, 0x00000000e9900000|  0%| F|  |TAMS 0x00000000e9800000, 0x00000000e9800000| Untracked 
| 153|0x00000000e9900000, 0x00000000e9900000, 0x00000000e9a00000|  0%| F|  |TAMS 0x00000000e9900000, 0x00000000e9900000| Untracked 
| 154|0x00000000e9a00000, 0x00000000e9a00000, 0x00000000e9b00000|  0%| F|  |TAMS 0x00000000e9a00000, 0x00000000e9a00000| Untracked 
| 155|0x00000000e9b00000, 0x00000000e9b00000, 0x00000000e9c00000|  0%| F|  |TAMS 0x00000000e9b00000, 0x00000000e9b00000| Untracked 
| 156|0x00000000e9c00000, 0x00000000e9c00000, 0x00000000e9d00000|  0%| F|  |TAMS 0x00000000e9c00000, 0x00000000e9c00000| Untracked 
| 157|0x00000000e9d00000, 0x00000000e9d00000, 0x00000000e9e00000|  0%| F|  |TAMS 0x00000000e9d00000, 0x00000000e9d00000| Untracked 
| 158|0x00000000e9e00000, 0x00000000e9e00000, 0x00000000e9f00000|  0%| F|  |TAMS 0x00000000e9e00000, 0x00000000e9e00000| Untracked 
| 159|0x00000000e9f00000, 0x00000000e9f00000, 0x00000000ea000000|  0%| F|  |TAMS 0x00000000e9f00000, 0x00000000e9f00000| Untracked 
| 160|0x00000000ea000000, 0x00000000ea000000, 0x00000000ea100000|  0%| F|  |TAMS 0x00000000ea000000, 0x00000000ea000000| Untracked 
| 161|0x00000000ea100000, 0x00000000ea100000, 0x00000000ea200000|  0%| F|  |TAMS 0x00000000ea100000, 0x00000000ea100000| Untracked 
| 162|0x00000000ea200000, 0x00000000ea200000, 0x00000000ea300000|  0%| F|  |TAMS 0x00000000ea200000, 0x00000000ea200000| Untracked 
| 163|0x00000000ea300000, 0x00000000ea300000, 0x00000000ea400000|  0%| F|  |TAMS 0x00000000ea300000, 0x00000000ea300000| Untracked 
| 164|0x00000000ea400000, 0x00000000ea400000, 0x00000000ea500000|  0%| F|  |TAMS 0x00000000ea400000, 0x00000000ea400000| Untracked 
| 165|0x00000000ea500000, 0x00000000ea500000, 0x00000000ea600000|  0%| F|  |TAMS 0x00000000ea500000, 0x00000000ea500000| Untracked 
| 166|0x00000000ea600000, 0x00000000ea600000, 0x00000000ea700000|  0%| F|  |TAMS 0x00000000ea600000, 0x00000000ea600000| Untracked 
| 167|0x00000000ea700000, 0x00000000ea700000, 0x00000000ea800000|  0%| F|  |TAMS 0x00000000ea700000, 0x00000000ea700000| Untracked 
| 168|0x00000000ea800000, 0x00000000ea800000, 0x00000000ea900000|  0%| F|  |TAMS 0x00000000ea800000, 0x00000000ea800000| Untracked 
| 169|0x00000000ea900000, 0x00000000ea900000, 0x00000000eaa00000|  0%| F|  |TAMS 0x00000000ea900000, 0x00000000ea900000| Untracked 
| 170|0x00000000eaa00000, 0x00000000eaa00000, 0x00000000eab00000|  0%| F|  |TAMS 0x00000000eaa00000, 0x00000000eaa00000| Untracked 
| 171|0x00000000eab00000, 0x00000000eab00000, 0x00000000eac00000|  0%| F|  |TAMS 0x00000000eab00000, 0x00000000eab00000| Untracked 
| 172|0x00000000eac00000, 0x00000000eac00000, 0x00000000ead00000|  0%| F|  |TAMS 0x00000000eac00000, 0x00000000eac00000| Untracked 
| 173|0x00000000ead00000, 0x00000000ead00000, 0x00000000eae00000|  0%| F|  |TAMS 0x00000000ead00000, 0x00000000ead00000| Untracked 
| 174|0x00000000eae00000, 0x00000000eae00000, 0x00000000eaf00000|  0%| F|  |TAMS 0x00000000eae00000, 0x00000000eae00000| Untracked 
| 175|0x00000000eaf00000, 0x00000000eaf00000, 0x00000000eb000000|  0%| F|  |TAMS 0x00000000eaf00000, 0x00000000eaf00000| Untracked 
| 176|0x00000000eb000000, 0x00000000eb000000, 0x00000000eb100000|  0%| F|  |TAMS 0x00000000eb000000, 0x00000000eb000000| Untracked 
| 177|0x00000000eb100000, 0x00000000eb100000, 0x00000000eb200000|  0%| F|  |TAMS 0x00000000eb100000, 0x00000000eb100000| Untracked 
| 178|0x00000000eb200000, 0x00000000eb200000, 0x00000000eb300000|  0%| F|  |TAMS 0x00000000eb200000, 0x00000000eb200000| Untracked 
| 179|0x00000000eb300000, 0x00000000eb300000, 0x00000000eb400000|  0%| F|  |TAMS 0x00000000eb300000, 0x00000000eb300000| Untracked 
| 180|0x00000000eb400000, 0x00000000eb400000, 0x00000000eb500000|  0%| F|  |TAMS 0x00000000eb400000, 0x00000000eb400000| Untracked 
| 181|0x00000000eb500000, 0x00000000eb500000, 0x00000000eb600000|  0%| F|  |TAMS 0x00000000eb500000, 0x00000000eb500000| Untracked 
| 182|0x00000000eb600000, 0x00000000eb600000, 0x00000000eb700000|  0%| F|  |TAMS 0x00000000eb600000, 0x00000000eb600000| Untracked 
| 183|0x00000000eb700000, 0x00000000eb700000, 0x00000000eb800000|  0%| F|  |TAMS 0x00000000eb700000, 0x00000000eb700000| Untracked 
| 184|0x00000000eb800000, 0x00000000eb800000, 0x00000000eb900000|  0%| F|  |TAMS 0x00000000eb800000, 0x00000000eb800000| Untracked 
| 185|0x00000000eb900000, 0x00000000eb900000, 0x00000000eba00000|  0%| F|  |TAMS 0x00000000eb900000, 0x00000000eb900000| Untracked 
| 186|0x00000000eba00000, 0x00000000eba00000, 0x00000000ebb00000|  0%| F|  |TAMS 0x00000000eba00000, 0x00000000eba00000| Untracked 
| 187|0x00000000ebb00000, 0x00000000ebb00000, 0x00000000ebc00000|  0%| F|  |TAMS 0x00000000ebb00000, 0x00000000ebb00000| Untracked 
| 188|0x00000000ebc00000, 0x00000000ebc00000, 0x00000000ebd00000|  0%| F|  |TAMS 0x00000000ebc00000, 0x00000000ebc00000| Untracked 
| 189|0x00000000ebd00000, 0x00000000ebd00000, 0x00000000ebe00000|  0%| F|  |TAMS 0x00000000ebd00000, 0x00000000ebd00000| Untracked 
| 190|0x00000000ebe00000, 0x00000000ebe00000, 0x00000000ebf00000|  0%| F|  |TAMS 0x00000000ebe00000, 0x00000000ebe00000| Untracked 
| 191|0x00000000ebf00000, 0x00000000ebf00000, 0x00000000ec000000|  0%| F|  |TAMS 0x00000000ebf00000, 0x00000000ebf00000| Untracked 
| 192|0x00000000ec000000, 0x00000000ec000000, 0x00000000ec100000|  0%| F|  |TAMS 0x00000000ec000000, 0x00000000ec000000| Untracked 
| 193|0x00000000ec100000, 0x00000000ec100000, 0x00000000ec200000|  0%| F|  |TAMS 0x00000000ec100000, 0x00000000ec100000| Untracked 
| 194|0x00000000ec200000, 0x00000000ec200000, 0x00000000ec300000|  0%| F|  |TAMS 0x00000000ec200000, 0x00000000ec200000| Untracked 
| 195|0x00000000ec300000, 0x00000000ec300000, 0x00000000ec400000|  0%| F|  |TAMS 0x00000000ec300000, 0x00000000ec300000| Untracked 
| 196|0x00000000ec400000, 0x00000000ec400000, 0x00000000ec500000|  0%| F|  |TAMS 0x00000000ec400000, 0x00000000ec400000| Untracked 
| 197|0x00000000ec500000, 0x00000000ec500000, 0x00000000ec600000|  0%| F|  |TAMS 0x00000000ec500000, 0x00000000ec500000| Untracked 
| 198|0x00000000ec600000, 0x00000000ec600000, 0x00000000ec700000|  0%| F|  |TAMS 0x00000000ec600000, 0x00000000ec600000| Untracked 
| 199|0x00000000ec700000, 0x00000000ec700000, 0x00000000ec800000|  0%| F|  |TAMS 0x00000000ec700000, 0x00000000ec700000| Untracked 
| 200|0x00000000ec800000, 0x00000000ec800000, 0x00000000ec900000|  0%| F|  |TAMS 0x00000000ec800000, 0x00000000ec800000| Untracked 
| 201|0x00000000ec900000, 0x00000000ec900000, 0x00000000eca00000|  0%| F|  |TAMS 0x00000000ec900000, 0x00000000ec900000| Untracked 
| 202|0x00000000eca00000, 0x00000000eca00000, 0x00000000ecb00000|  0%| F|  |TAMS 0x00000000eca00000, 0x00000000eca00000| Untracked 
| 203|0x00000000ecb00000, 0x00000000ecb00000, 0x00000000ecc00000|  0%| F|  |TAMS 0x00000000ecb00000, 0x00000000ecb00000| Untracked 
| 204|0x00000000ecc00000, 0x00000000ecc00000, 0x00000000ecd00000|  0%| F|  |TAMS 0x00000000ecc00000, 0x00000000ecc00000| Untracked 
| 205|0x00000000ecd00000, 0x00000000ecd00000, 0x00000000ece00000|  0%| F|  |TAMS 0x00000000ecd00000, 0x00000000ecd00000| Untracked 
| 206|0x00000000ece00000, 0x00000000ece00000, 0x00000000ecf00000|  0%| F|  |TAMS 0x00000000ece00000, 0x00000000ece00000| Untracked 
| 207|0x00000000ecf00000, 0x00000000ecf00000, 0x00000000ed000000|  0%| F|  |TAMS 0x00000000ecf00000, 0x00000000ecf00000| Untracked 
| 208|0x00000000ed000000, 0x00000000ed000000, 0x00000000ed100000|  0%| F|  |TAMS 0x00000000ed000000, 0x00000000ed000000| Untracked 
| 209|0x00000000ed100000, 0x00000000ed100000, 0x00000000ed200000|  0%| F|  |TAMS 0x00000000ed100000, 0x00000000ed100000| Untracked 
| 210|0x00000000ed200000, 0x00000000ed200000, 0x00000000ed300000|  0%| F|  |TAMS 0x00000000ed200000, 0x00000000ed200000| Untracked 
| 211|0x00000000ed300000, 0x00000000ed300000, 0x00000000ed400000|  0%| F|  |TAMS 0x00000000ed300000, 0x00000000ed300000| Untracked 
| 212|0x00000000ed400000, 0x00000000ed400000, 0x00000000ed500000|  0%| F|  |TAMS 0x00000000ed400000, 0x00000000ed400000| Untracked 
| 213|0x00000000ed500000, 0x00000000ed500000, 0x00000000ed600000|  0%| F|  |TAMS 0x00000000ed500000, 0x00000000ed500000| Untracked 
| 214|0x00000000ed600000, 0x00000000ed600000, 0x00000000ed700000|  0%| F|  |TAMS 0x00000000ed600000, 0x00000000ed600000| Untracked 
| 215|0x00000000ed700000, 0x00000000ed700000, 0x00000000ed800000|  0%| F|  |TAMS 0x00000000ed700000, 0x00000000ed700000| Untracked 
| 216|0x00000000ed800000, 0x00000000ed800000, 0x00000000ed900000|  0%| F|  |TAMS 0x00000000ed800000, 0x00000000ed800000| Untracked 
| 217|0x00000000ed900000, 0x00000000ed900000, 0x00000000eda00000|  0%| F|  |TAMS 0x00000000ed900000, 0x00000000ed900000| Untracked 
| 218|0x00000000eda00000, 0x00000000eda00000, 0x00000000edb00000|  0%| F|  |TAMS 0x00000000eda00000, 0x00000000eda00000| Untracked 
| 219|0x00000000edb00000, 0x00000000edb00000, 0x00000000edc00000|  0%| F|  |TAMS 0x00000000edb00000, 0x00000000edb00000| Untracked 
| 220|0x00000000edc00000, 0x00000000edc00000, 0x00000000edd00000|  0%| F|  |TAMS 0x00000000edc00000, 0x00000000edc00000| Untracked 
| 221|0x00000000edd00000, 0x00000000edd00000, 0x00000000ede00000|  0%| F|  |TAMS 0x00000000edd00000, 0x00000000edd00000| Untracked 
| 222|0x00000000ede00000, 0x00000000ede00000, 0x00000000edf00000|  0%| F|  |TAMS 0x00000000ede00000, 0x00000000ede00000| Untracked 
| 223|0x00000000edf00000, 0x00000000edf00000, 0x00000000ee000000|  0%| F|  |TAMS 0x00000000edf00000, 0x00000000edf00000| Untracked 
| 224|0x00000000ee000000, 0x00000000ee000000, 0x00000000ee100000|  0%| F|  |TAMS 0x00000000ee000000, 0x00000000ee000000| Untracked 
| 225|0x00000000ee100000, 0x00000000ee100000, 0x00000000ee200000|  0%| F|  |TAMS 0x00000000ee100000, 0x00000000ee100000| Untracked 
| 226|0x00000000ee200000, 0x00000000ee200000, 0x00000000ee300000|  0%| F|  |TAMS 0x00000000ee200000, 0x00000000ee200000| Untracked 
| 227|0x00000000ee300000, 0x00000000ee300000, 0x00000000ee400000|  0%| F|  |TAMS 0x00000000ee300000, 0x00000000ee300000| Untracked 
| 228|0x00000000ee400000, 0x00000000ee400000, 0x00000000ee500000|  0%| F|  |TAMS 0x00000000ee400000, 0x00000000ee400000| Untracked 
| 229|0x00000000ee500000, 0x00000000ee500000, 0x00000000ee600000|  0%| F|  |TAMS 0x00000000ee500000, 0x00000000ee500000| Untracked 
| 230|0x00000000ee600000, 0x00000000ee600000, 0x00000000ee700000|  0%| F|  |TAMS 0x00000000ee600000, 0x00000000ee600000| Untracked 
| 231|0x00000000ee700000, 0x00000000ee700000, 0x00000000ee800000|  0%| F|  |TAMS 0x00000000ee700000, 0x00000000ee700000| Untracked 
| 232|0x00000000ee800000, 0x00000000ee800000, 0x00000000ee900000|  0%| F|  |TAMS 0x00000000ee800000, 0x00000000ee800000| Untracked 
| 233|0x00000000ee900000, 0x00000000ee900000, 0x00000000eea00000|  0%| F|  |TAMS 0x00000000ee900000, 0x00000000ee900000| Untracked 
| 234|0x00000000eea00000, 0x00000000eea00000, 0x00000000eeb00000|  0%| F|  |TAMS 0x00000000eea00000, 0x00000000eea00000| Untracked 
| 235|0x00000000eeb00000, 0x00000000eeb00000, 0x00000000eec00000|  0%| F|  |TAMS 0x00000000eeb00000, 0x00000000eeb00000| Untracked 
| 236|0x00000000eec00000, 0x00000000eec00000, 0x00000000eed00000|  0%| F|  |TAMS 0x00000000eec00000, 0x00000000eec00000| Untracked 
| 237|0x00000000eed00000, 0x00000000eed00000, 0x00000000eee00000|  0%| F|  |TAMS 0x00000000eed00000, 0x00000000eed00000| Untracked 
| 238|0x00000000eee00000, 0x00000000eee00000, 0x00000000eef00000|  0%| F|  |TAMS 0x00000000eee00000, 0x00000000eee00000| Untracked 
| 239|0x00000000eef00000, 0x00000000eef00000, 0x00000000ef000000|  0%| F|  |TAMS 0x00000000eef00000, 0x00000000eef00000| Untracked 
| 240|0x00000000ef000000, 0x00000000ef000000, 0x00000000ef100000|  0%| F|  |TAMS 0x00000000ef000000, 0x00000000ef000000| Untracked 
| 241|0x00000000ef100000, 0x00000000ef100000, 0x00000000ef200000|  0%| F|  |TAMS 0x00000000ef100000, 0x00000000ef100000| Untracked 
| 242|0x00000000ef200000, 0x00000000ef200000, 0x00000000ef300000|  0%| F|  |TAMS 0x00000000ef200000, 0x00000000ef200000| Untracked 
| 243|0x00000000ef300000, 0x00000000ef300000, 0x00000000ef400000|  0%| F|  |TAMS 0x00000000ef300000, 0x00000000ef300000| Untracked 
| 244|0x00000000ef400000, 0x00000000ef400000, 0x00000000ef500000|  0%| F|  |TAMS 0x00000000ef400000, 0x00000000ef400000| Untracked 
| 245|0x00000000ef500000, 0x00000000ef500000, 0x00000000ef600000|  0%| F|  |TAMS 0x00000000ef500000, 0x00000000ef500000| Untracked 
| 246|0x00000000ef600000, 0x00000000ef600000, 0x00000000ef700000|  0%| F|  |TAMS 0x00000000ef600000, 0x00000000ef600000| Untracked 
| 247|0x00000000ef700000, 0x00000000ef700000, 0x00000000ef800000|  0%| F|  |TAMS 0x00000000ef700000, 0x00000000ef700000| Untracked 
| 248|0x00000000ef800000, 0x00000000ef800000, 0x00000000ef900000|  0%| F|  |TAMS 0x00000000ef800000, 0x00000000ef800000| Untracked 
| 249|0x00000000ef900000, 0x00000000ef900000, 0x00000000efa00000|  0%| F|  |TAMS 0x00000000ef900000, 0x00000000ef900000| Untracked 
| 250|0x00000000efa00000, 0x00000000efa00000, 0x00000000efb00000|  0%| F|  |TAMS 0x00000000efa00000, 0x00000000efa00000| Untracked 
| 251|0x00000000efb00000, 0x00000000efb00000, 0x00000000efc00000|  0%| F|  |TAMS 0x00000000efb00000, 0x00000000efb00000| Untracked 
| 252|0x00000000efc00000, 0x00000000efc00000, 0x00000000efd00000|  0%| F|  |TAMS 0x00000000efc00000, 0x00000000efc00000| Untracked 
| 253|0x00000000efd00000, 0x00000000efd00000, 0x00000000efe00000|  0%| F|  |TAMS 0x00000000efd00000, 0x00000000efd00000| Untracked 
| 254|0x00000000efe00000, 0x00000000efe80800, 0x00000000eff00000| 50%| E|  |TAMS 0x00000000efe00000, 0x00000000efe00000| Complete 
| 255|0x00000000eff00000, 0x00000000f0000000, 0x00000000f0000000|100%| E|CS|TAMS 0x00000000eff00000, 0x00000000eff00000| Complete 

Card table byte_map: [0x000001f041ed0000,0x000001f041fd0000] _byte_map_base: 0x000001f0417d0000

Marking Bits (Prev, Next): (CMBitMap*) 0x000001f02b8bd388, (CMBitMap*) 0x000001f02b8bd3c0
 Prev Bits: [0x000001f0420d0000, 0x000001f0428d0000)
 Next Bits: [0x000001f0428d0000, 0x000001f0430d0000)

Polling page: 0x000001f029810000

Metaspace:

Usage:
  Non-class:     63.19 MB capacity,    61.39 MB ( 97%) used,     1.65 MB (  3%) free+waste,   154.06 KB ( <1%) overhead. 
      Class:      9.83 MB capacity,     9.05 MB ( 92%) used,   716.39 KB (  7%) free+waste,    75.13 KB ( <1%) overhead. 
       Both:     73.02 MB capacity,    70.44 MB ( 96%) used,     2.35 MB (  3%) free+waste,   229.19 KB ( <1%) overhead. 

Virtual space:
  Non-class space:       64.00 MB reserved,      63.39 MB (>99%) committed 
      Class space:      248.00 MB reserved,       9.88 MB (  4%) committed 
             Both:      312.00 MB reserved,      73.27 MB ( 23%) committed 

Chunk freelists:
   Non-Class:  1.75 KB
       Class:  128 bytes
        Both:  1.88 KB

CodeHeap 'non-profiled nmethods': size=120064Kb used=4915Kb max_used=4915Kb free=115148Kb
 bounds [0x000001f03a990000, 0x000001f03ae60000, 0x000001f041ed0000]
CodeHeap 'profiled nmethods': size=120000Kb used=17935Kb max_used=17935Kb free=102064Kb
 bounds [0x000001f033460000, 0x000001f0345f0000, 0x000001f03a990000]
CodeHeap 'non-nmethods': size=5696Kb used=2270Kb max_used=2310Kb free=3425Kb
 bounds [0x000001f032ed0000, 0x000001f033140000, 0x000001f033460000]
 total_blobs=9154 nmethods=8288 adapters=777
 compilation: enabled
              stopped_count=0, restarted_count=0
 full_count=0

Compilation events (10 events):
Event: 76.057 Thread 0x000001f045704800 nmethod 8217 0x000001f03ae57890 code [0x000001f03ae57a00, 0x000001f03ae57a58]
Event: 76.065 Thread 0x000001f04570e000 8267   !   3       jdk.internal.loader.URLClassPath$FileLoader::getResource (164 bytes)
Event: 76.067 Thread 0x000001f04570e000 nmethod 8267 0x000001f0345d7410 code [0x000001f0345d7700, 0x000001f0345d85a8]
Event: 76.079 Thread 0x000001f045704800 8268       4       groovy.lang.MetaClassImpl::applyStrayPropertyMethods (293 bytes)
Event: 76.081 Thread 0x000001f04570e000 8269       3       com.google.common.cache.LocalCache::evictsBySize (15 bytes)
Event: 76.082 Thread 0x000001f04570e000 nmethod 8269 0x000001f0345d8d90 code [0x000001f0345d8f20, 0x000001f0345d9098]
Event: 76.100 Thread 0x000001f04570e000 8272       3       com.google.common.cache.LocalCache::recordsAccess (5 bytes)
Event: 76.100 Thread 0x000001f04570e000 nmethod 8272 0x000001f0345d9110 code [0x000001f0345d92c0, 0x000001f0345d9498]
Event: 76.101 Thread 0x000001f04570e000 8273       3       com.google.common.cache.LocalCache::refreshes (15 bytes)
Event: 76.102 Thread 0x000001f04570e000 nmethod 8273 0x000001f0345d9590 code [0x000001f0345d9720, 0x000001f0345d9898]

GC Heap History (10 events):
Event: 38.980 GC heap before
{Heap before GC invocations=9 (full 0):
 garbage-first heap   total 262144K, used 112318K [0x00000000e0000000, 0x0000000100000000)
  region size 1024K, 91 young (93184K), 8 survivors (8192K)
 Metaspace       used 40879K, capacity 41692K, committed 41856K, reserved 290816K
  class space    used 5232K, capacity 5492K, committed 5504K, reserved 253952K
}
Event: 39.002 GC heap after
{Heap after GC invocations=10 (full 0):
 garbage-first heap   total 262144K, used 36085K [0x00000000e0000000, 0x0000000100000000)
  region size 1024K, 11 young (11264K), 11 survivors (11264K)
 Metaspace       used 40879K, capacity 41692K, committed 41856K, reserved 290816K
  class space    used 5232K, capacity 5492K, committed 5504K, reserved 253952K
}
Event: 47.903 GC heap before
{Heap before GC invocations=10 (full 0):
 garbage-first heap   total 262144K, used 159989K [0x00000000e0000000, 0x0000000100000000)
  region size 1024K, 132 young (135168K), 11 survivors (11264K)
 Metaspace       used 54248K, capacity 55404K, committed 55680K, reserved 303104K
  class space    used 6873K, capacity 7240K, committed 7296K, reserved 253952K
}
Event: 47.933 GC heap after
{Heap after GC invocations=11 (full 0):
 garbage-first heap   total 262144K, used 46464K [0x00000000e0000000, 0x0000000100000000)
  region size 1024K, 17 young (17408K), 17 survivors (17408K)
 Metaspace       used 54248K, capacity 55404K, committed 55680K, reserved 303104K
  class space    used 6873K, capacity 7240K, committed 7296K, reserved 253952K
}
Event: 65.265 GC heap before
{Heap before GC invocations=11 (full 0):
 garbage-first heap   total 262144K, used 90496K [0x00000000e0000000, 0x0000000100000000)
  region size 1024K, 61 young (62464K), 17 survivors (17408K)
 Metaspace       used 58521K, capacity 59865K, committed 59904K, reserved 307200K
  class space    used 7521K, capacity 7931K, committed 7936K, reserved 253952K
}
Event: 65.292 GC heap after
{Heap after GC invocations=12 (full 0):
 garbage-first heap   total 262144K, used 50067K [0x00000000e0000000, 0x0000000100000000)
  region size 1024K, 3 young (3072K), 3 survivors (3072K)
 Metaspace       used 58521K, capacity 59865K, committed 59904K, reserved 307200K
  class space    used 7521K, capacity 7931K, committed 7936K, reserved 253952K
}
Event: 70.203 GC heap before
{Heap before GC invocations=13 (full 0):
 garbage-first heap   total 262144K, used 149395K [0x00000000e0000000, 0x0000000100000000)
  region size 1024K, 100 young (102400K), 3 survivors (3072K)
 Metaspace       used 68266K, capacity 69901K, committed 70160K, reserved 315392K
  class space    used 8747K, capacity 9340K, committed 9344K, reserved 253952K
}
Event: 70.224 GC heap after
{Heap after GC invocations=14 (full 0):
 garbage-first heap   total 262144K, used 55443K [0x00000000e0000000, 0x0000000100000000)
  region size 1024K, 9 young (9216K), 9 survivors (9216K)
 Metaspace       used 68266K, capacity 69901K, committed 70160K, reserved 315392K
  class space    used 8747K, capacity 9340K, committed 9344K, reserved 253952K
}
Event: 76.123 GC heap before
{Heap before GC invocations=15 (full 0):
 garbage-first heap   total 262144K, used 162963K [0x00000000e0000000, 0x0000000100000000)
  region size 1024K, 111 young (113664K), 9 survivors (9216K)
 Metaspace       used 72094K, capacity 74637K, committed 74768K, reserved 319488K
  class space    used 9267K, capacity 10059K, committed 10112K, reserved 253952K
}
Event: 76.172 GC heap after
{Heap after GC invocations=16 (full 0):
 garbage-first heap   total 262144K, used 77721K [0x00000000e0000000, 0x0000000100000000)
  region size 1024K, 14 young (14336K), 14 survivors (14336K)
 Metaspace       used 72094K, capacity 74637K, committed 74768K, reserved 319488K
  class space    used 9267K, capacity 10059K, committed 10112K, reserved 253952K
}

Deoptimization events (10 events):
Event: 72.719 Thread 0x000001f046103000 Uncommon trap: reason=profile_predicate action=maybe_recompile pc=0x000001f03ad386c4 method=java.util.regex.Pattern$Slice.match(Ljava/util/regex/Matcher;ILjava/lang/CharSequence;)Z @ 18 c2
Event: 72.719 Thread 0x000001f046103000 Uncommon trap: reason=profile_predicate action=maybe_recompile pc=0x000001f03ad386c4 method=java.util.regex.Pattern$Slice.match(Ljava/util/regex/Matcher;ILjava/lang/CharSequence;)Z @ 18 c2
Event: 72.920 Thread 0x000001f046103000 Uncommon trap: reason=profile_predicate action=maybe_recompile pc=0x000001f03ad386c4 method=java.util.regex.Pattern$Slice.match(Ljava/util/regex/Matcher;ILjava/lang/CharSequence;)Z @ 18 c2
Event: 74.614 Thread 0x000001f046103000 Uncommon trap: reason=predicate action=maybe_recompile pc=0x000001f03aa3ef70 method=com.google.common.base.CharMatcher.indexIn(Ljava/lang/CharSequence;I)I @ 19 c2
Event: 74.646 Thread 0x000001f046103000 Uncommon trap: reason=class_check action=maybe_recompile pc=0x000001f03ab8294c method=com.google.common.collect.AbstractIndexedListIterator.next()Ljava/lang/Object; @ 27 c2
Event: 74.733 Thread 0x000001f046103000 Uncommon trap: reason=class_check action=maybe_recompile pc=0x000001f03ab8294c method=com.google.common.collect.AbstractIndexedListIterator.next()Ljava/lang/Object; @ 27 c2
Event: 75.114 Thread 0x000001f046103000 Uncommon trap: reason=profile_predicate action=maybe_recompile pc=0x000001f03ae3876c method=groovy.lang.MetaClassImpl$MethodIndexAction.iterate()V @ 78 c2
Event: 75.114 Thread 0x000001f046103000 Uncommon trap: reason=profile_predicate action=maybe_recompile pc=0x000001f03ae3876c method=groovy.lang.MetaClassImpl$MethodIndexAction.iterate()V @ 78 c2
Event: 75.211 Thread 0x000001f046103000 Uncommon trap: reason=profile_predicate action=maybe_recompile pc=0x000001f03ae3876c method=groovy.lang.MetaClassImpl$MethodIndexAction.iterate()V @ 78 c2
Event: 75.212 Thread 0x000001f046103000 Uncommon trap: reason=profile_predicate action=maybe_recompile pc=0x000001f03ae3876c method=groovy.lang.MetaClassImpl$MethodIndexAction.iterate()V @ 78 c2

Classes redefined (0 events):
No events

Internal exceptions (10 events):
Event: 75.828 Thread 0x000001f046103000 Exception <a 'sun/nio/fs/WindowsException'{0x00000000e9ffdc20}> (0x00000000e9ffdc20) thrown at [./open/src/hotspot/share/prims/jni.cpp, line 611]
Event: 75.890 Thread 0x000001f046103000 Exception <a 'java/lang/ClassNotFoundException'{0x00000000e9d39880}: build_a43v5jgfg2erwz3cd3ecsxgfz$_run_closure1BeanInfo> (0x00000000e9d39880) thrown at [./open/src/hotspot/share/classfile/systemDictionary.cpp, line 227]
Event: 75.892 Thread 0x000001f046103000 Exception <a 'java/lang/ClassNotFoundException'{0x00000000e9d46e00}: build_a43v5jgfg2erwz3cd3ecsxgfz$_run_closure1Customizer> (0x00000000e9d46e00) thrown at [./open/src/hotspot/share/classfile/systemDictionary.cpp, line 227]
Event: 76.047 Thread 0x000001f046103000 Exception <a 'java/lang/ClassNotFoundException'{0x00000000e927a028}: build_3837npe19ga8gshvy63uilrrpBeanInfo> (0x00000000e927a028) thrown at [./open/src/hotspot/share/classfile/systemDictionary.cpp, line 227]
Event: 76.047 Thread 0x000001f046103000 Exception <a 'java/lang/ClassNotFoundException'{0x00000000e9282ee0}: build_3837npe19ga8gshvy63uilrrpCustomizer> (0x00000000e9282ee0) thrown at [./open/src/hotspot/share/classfile/systemDictionary.cpp, line 227]
Event: 76.078 Thread 0x000001f046103000 Exception <a 'java/lang/ClassNotFoundException'{0x00000000e92e68d8}: build_3837npe19ga8gshvy63uilrrpBeanInfo> (0x00000000e92e68d8) thrown at [./open/src/hotspot/share/classfile/systemDictionary.cpp, line 227]
Event: 76.078 Thread 0x000001f046103000 Exception <a 'java/lang/ClassNotFoundException'{0x00000000e92ef4a8}: build_3837npe19ga8gshvy63uilrrpCustomizer> (0x00000000e92ef4a8) thrown at [./open/src/hotspot/share/classfile/systemDictionary.cpp, line 227]
Event: 76.082 Thread 0x000001f046103000 Exception <a 'sun/nio/fs/WindowsException'{0x00000000e9111f90}> (0x00000000e9111f90) thrown at [./open/src/hotspot/share/prims/jni.cpp, line 611]
Event: 76.116 Thread 0x000001f046103000 Exception <a 'java/lang/ClassNotFoundException'{0x00000000e91e6bb8}: build_3837npe19ga8gshvy63uilrrp$_run_closure1BeanInfo> (0x00000000e91e6bb8) thrown at [./open/src/hotspot/share/classfile/systemDictionary.cpp, line 227]
Event: 76.118 Thread 0x000001f046103000 Exception <a 'java/lang/ClassNotFoundException'{0x00000000e91f4138}: build_3837npe19ga8gshvy63uilrrp$_run_closure1Customizer> (0x00000000e91f4138) thrown at [./open/src/hotspot/share/classfile/systemDictionary.cpp, line 227]

Events (10 events):
Event: 76.118 loading class build_3837npe19ga8gshvy63uilrrp$_run_closure1Customizer
Event: 76.118 loading class build_3837npe19ga8gshvy63uilrrp$_run_closure1Customizer done
Event: 76.122 Executing VM operation: G1CollectForAllocation
Event: 76.172 Executing VM operation: G1CollectForAllocation done
Event: 76.188 loading class groovy/runtime/metaclass/build_3837npe19ga8gshvy63uilrrp$_run_closure1$_closure5MetaClass
Event: 76.188 loading class groovy/runtime/metaclass/build_3837npe19ga8gshvy63uilrrp$_run_closure1$_closure5MetaClass done
Event: 76.191 loading class groovy/runtime/metaclass/build_3837npe19ga8gshvy63uilrrp$_run_closure2MetaClass
Event: 76.191 loading class groovy/runtime/metaclass/build_3837npe19ga8gshvy63uilrrp$_run_closure2MetaClass done
Event: 76.194 loading class groovy/runtime/metaclass/build_3837npe19ga8gshvy63uilrrp$_run_closure2$_closure6MetaClass
Event: 76.194 loading class groovy/runtime/metaclass/build_3837npe19ga8gshvy63uilrrp$_run_closure2$_closure6MetaClass done


Dynamic libraries:
0x00007ff6562d0000 - 0x00007ff6562df000 	C:\Program Files\Java\jdk-11.0.13\bin\java.exe
0x00007ffb70650000 - 0x00007ffb70848000 	C:\Windows\SYSTEM32\ntdll.dll
0x00007ffb6f660000 - 0x00007ffb6f71d000 	C:\Windows\System32\KERNEL32.DLL
0x00007ffb6e130000 - 0x00007ffb6e3fe000 	C:\Windows\System32\KERNELBASE.dll
0x00007ffb6ddd0000 - 0x00007ffb6ded0000 	C:\Windows\System32\ucrtbase.dll
0x00007ffb5aa80000 - 0x00007ffb5aa95000 	C:\Program Files\Java\jdk-11.0.13\bin\VCRUNTIME140.dll
0x00007ffb522a0000 - 0x00007ffb522b8000 	C:\Program Files\Java\jdk-11.0.13\bin\jli.dll
0x00007ffb6faa0000 - 0x00007ffb6fb4e000 	C:\Windows\System32\ADVAPI32.dll
0x00007ffb6f9a0000 - 0x00007ffb6fa3e000 	C:\Windows\System32\msvcrt.dll
0x00007ffb70570000 - 0x00007ffb7060c000 	C:\Windows\System32\sechost.dll
0x00007ffb702a0000 - 0x00007ffb703c5000 	C:\Windows\System32\RPCRT4.dll
0x00007ffb6eac0000 - 0x00007ffb6ec60000 	C:\Windows\System32\USER32.dll
0x00007ffb6dd70000 - 0x00007ffb6dd92000 	C:\Windows\System32\win32u.dll
0x00007ffb6d120000 - 0x00007ffb6d3ba000 	C:\Windows\WinSxS\amd64_microsoft.windows.common-controls_6595b64144ccf1df_6.0.19041.1110_none_60b5254171f9507e\COMCTL32.dll
0x00007ffb6fa40000 - 0x00007ffb6fa6a000 	C:\Windows\System32\GDI32.dll
0x00007ffb6e400000 - 0x00007ffb6e50b000 	C:\Windows\System32\gdi32full.dll
0x00007ffb6e510000 - 0x00007ffb6e5ad000 	C:\Windows\System32\msvcp_win.dll
0x00007ffb5ea90000 - 0x00007ffb5ea9a000 	C:\Windows\SYSTEM32\VERSION.dll
0x00007ffb6fa70000 - 0x00007ffb6faa0000 	C:\Windows\System32\IMM32.DLL
0x00007ffb520f0000 - 0x00007ffb5218b000 	C:\Program Files\Java\jdk-11.0.13\bin\msvcp140.dll
0x00007ffb065b0000 - 0x00007ffb070c3000 	C:\Program Files\Java\jdk-11.0.13\bin\server\jvm.dll
0x00007ffb6ee60000 - 0x00007ffb6ee68000 	C:\Windows\System32\PSAPI.DLL
0x00007ffb5c5d0000 - 0x00007ffb5c5d9000 	C:\Windows\SYSTEM32\WSOCK32.dll
0x00007ffb60680000 - 0x00007ffb606a7000 	C:\Windows\SYSTEM32\WINMM.dll
0x00007ffb703d0000 - 0x00007ffb7043b000 	C:\Windows\System32\WS2_32.dll
0x00007ffb6b620000 - 0x00007ffb6b632000 	C:\Windows\SYSTEM32\kernel.appcore.dll
0x00007ffb5b9b0000 - 0x00007ffb5b9c0000 	C:\Program Files\Java\jdk-11.0.13\bin\verify.dll
0x00007ffb6d6a0000 - 0x00007ffb6d884000 	C:\Windows\SYSTEM32\DBGHELP.DLL
0x00007ffb6d4d0000 - 0x00007ffb6d4fc000 	C:\Windows\SYSTEM32\dbgcore.DLL
0x00007ffb6e620000 - 0x00007ffb6e6a2000 	C:\Windows\System32\bcryptPrimitives.dll
0x00007ffb52270000 - 0x00007ffb52298000 	C:\Program Files\Java\jdk-11.0.13\bin\java.dll
0x00007ffb5b980000 - 0x00007ffb5b98a000 	C:\Program Files\Java\jdk-11.0.13\bin\jimage.dll
0x00007ffb51fb0000 - 0x00007ffb51fc6000 	C:\Program Files\Java\jdk-11.0.13\bin\zip.dll
0x00007ffb6fb50000 - 0x00007ffb70294000 	C:\Windows\System32\SHELL32.dll
0x00007ffb6b820000 - 0x00007ffb6bfb4000 	C:\Windows\SYSTEM32\windows.storage.dll
0x00007ffb6e760000 - 0x00007ffb6eab4000 	C:\Windows\System32\combase.dll
0x00007ffb6d080000 - 0x00007ffb6d0b0000 	C:\Windows\SYSTEM32\Wldp.dll
0x00007ffb6eda0000 - 0x00007ffb6ee4d000 	C:\Windows\System32\SHCORE.dll
0x00007ffb6ec60000 - 0x00007ffb6ecb5000 	C:\Windows\System32\shlwapi.dll
0x00007ffb6dcb0000 - 0x00007ffb6dccf000 	C:\Windows\SYSTEM32\profapi.dll
0x00007ffb4ff30000 - 0x00007ffb4ff49000 	C:\Program Files\Java\jdk-11.0.13\bin\net.dll
0x00007ffb62080000 - 0x00007ffb6218a000 	C:\Windows\SYSTEM32\WINHTTP.dll
0x00007ffb6cf50000 - 0x00007ffb6cfba000 	C:\Windows\system32\mswsock.dll
0x00007ffb4ff10000 - 0x00007ffb4ff22000 	C:\Program Files\Java\jdk-11.0.13\bin\nio.dll
0x00007ffb4fee0000 - 0x00007ffb4ff06000 	C:\Users\LUCKY\.gradle\native\29\windows-amd64\native-platform.dll
0x00007ffb51fa0000 - 0x00007ffb51fa9000 	C:\Program Files\Java\jdk-11.0.13\bin\management.dll
0x00007ffb510c0000 - 0x00007ffb510cb000 	C:\Program Files\Java\jdk-11.0.13\bin\management_ext.dll
0x00007ffb6da30000 - 0x00007ffb6da48000 	C:\Windows\SYSTEM32\CRYPTSP.dll
0x00007ffb6c780000 - 0x00007ffb6c7b4000 	C:\Windows\system32\rsaenh.dll
0x00007ffb6dda0000 - 0x00007ffb6ddc7000 	C:\Windows\System32\bcrypt.dll
0x00007ffb6dc70000 - 0x00007ffb6dc9e000 	C:\Windows\SYSTEM32\USERENV.dll
0x00007ffb6cec0000 - 0x00007ffb6cecc000 	C:\Windows\SYSTEM32\CRYPTBASE.dll
0x00007ffb6cad0000 - 0x00007ffb6cb0b000 	C:\Windows\SYSTEM32\IPHLPAPI.DLL
0x00007ffb6ee50000 - 0x00007ffb6ee58000 	C:\Windows\System32\NSI.dll
0x00007ffb66ef0000 - 0x00007ffb66f07000 	C:\Windows\SYSTEM32\dhcpcsvc6.DLL
0x00007ffb679d0000 - 0x00007ffb679ed000 	C:\Windows\SYSTEM32\dhcpcsvc.DLL
0x00007ffb6cb10000 - 0x00007ffb6cbdb000 	C:\Windows\SYSTEM32\DNSAPI.dll

dbghelp: loaded successfully - version: 4.0.5 - missing functions: none
symbol engine: initialized successfully - sym options: 0x614 - pdb path: .;C:\Program Files\Java\jdk-11.0.13\bin;C:\Windows\SYSTEM32;C:\Windows\WinSxS\amd64_microsoft.windows.common-controls_6595b64144ccf1df_6.0.19041.1110_none_60b5254171f9507e;C:\Program Files\Java\jdk-11.0.13\bin\server;C:\Users\LUCKY\.gradle\native\29\windows-amd64

VM Arguments:
jvm_args: --add-opens=java.base/java.util=ALL-UNNAMED --add-opens=java.base/java.lang=ALL-UNNAMED --add-opens=java.base/java.lang.invoke=ALL-UNNAMED --add-opens=java.prefs/java.util.prefs=ALL-UNNAMED -XX:MaxMetaspaceSize=256m -XX:+HeapDumpOnOutOfMemoryError -Xms256m -Xmx512m -Dfile.encoding=windows-1252 -Duser.country=US -Duser.language=en -Duser.variant 
java_command: org.gradle.launcher.daemon.bootstrap.GradleDaemon 5.5
java_class_path (initial): C:\Users\LUCKY\.gradle\wrapper\dists\gradle-5.5-all\byeise1led9a3w3p149d02kfj\gradle-5.5\lib\gradle-launcher-5.5.jar
Launcher Type: SUN_STANDARD

[Global flags]
     intx CICompilerCount                          = 3                                         {product} {ergonomic}
   size_t CompressedClassSpaceSize                 = 260046848                                 {product} {ergonomic}
     uint ConcGCThreads                            = 1                                         {product} {ergonomic}
     uint G1ConcRefinementThreads                  = 4                                         {product} {ergonomic}
   size_t G1HeapRegionSize                         = 1048576                                   {product} {ergonomic}
    uintx GCDrainStackTargetSize                   = 64                                        {product} {ergonomic}
     bool HeapDumpOnOutOfMemoryError               = true                                   {manageable} {command line}
   size_t InitialHeapSize                          = 268435456                                 {product} {command line}
   size_t MarkStackSize                            = 4194304                                   {product} {ergonomic}
   size_t MaxHeapSize                              = 536870912                                 {product} {command line}
   size_t MaxMetaspaceSize                         = 268435456                                 {product} {command line}
   size_t MaxNewSize                               = 321912832                                 {product} {ergonomic}
   size_t MinHeapDeltaBytes                        = 1048576                                   {product} {ergonomic}
    uintx NonNMethodCodeHeapSize                   = 5830732                                {pd product} {ergonomic}
    uintx NonProfiledCodeHeapSize                  = 122913754                              {pd product} {ergonomic}
    uintx ProfiledCodeHeapSize                     = 122913754                              {pd product} {ergonomic}
    uintx ReservedCodeCacheSize                    = 251658240                              {pd product} {ergonomic}
     bool SegmentedCodeCache                       = true                                      {product} {ergonomic}
     bool UseCompressedClassPointers               = true                                 {lp64_product} {ergonomic}
     bool UseCompressedOops                        = true                                 {lp64_product} {ergonomic}
     bool UseG1GC                                  = true                                      {product} {ergonomic}
     bool UseLargePagesIndividualAllocation        = false                                  {pd product} {ergonomic}

Logging:
Log output configuration:
 #0: stdout all=warning uptime,level,tags
 #1: stderr all=off uptime,level,tags

Environment Variables:
JAVA_HOME=C:\Program Files\Java\jdk-11.0.13\
CLASSPATH=D:\MyWork\ReactNative\whsnxt_mvp\android\\gradle\wrapper\gradle-wrapper.jar
PATH=D:\MyWork\ReactNative\whsnxt_mvp\android\node_modules\.bin;D:\MyWork\ReactNative\whsnxt_mvp\node_modules\.bin;D:\MyWork\ReactNative\node_modules\.bin;D:\MyWork\node_modules\.bin;D:\node_modules\.bin;C:\Program Files\nodejs;C:\Program Files (x86)\OpenJDK\jdk-8.0.262.10-hotspot\bin;C:\Program Files (x86)\Common Files\Oracle\Java\javapath;C:\Program Files\Common Files\Oracle\Java\javapath;C:\Windows\system32;C:\Windows;C:\Windows\System32\Wbem;C:\Windows\System32\WindowsPowerShell\v1.0\;C:\Windows\System32\OpenSSH\;C:\Program Files\Git\cmd;C:\Users\LUCKY\AppData\Roaming\nvm;C:\Program Files\nodejs;C:\xampp\php;C:\ProgramData\ComposerSetup\bin;C:\Program Files\PuTTY\;C:\Program Files\Java\jdk-18.0.1.1\bin;C:\Program Files\Microsoft SQL Server\150\Tools\Binn\;C:\Users\LUCKY\AppData\Local\Android\Sdk\platform-tools;C:\Program Files\Java\jdk-11.0.13\bin;C:\Users\LUCKY\AppData\Local\Android\Sdk\ndk-bundle;C:\Users\LUCKY\AppData\Local\Programs\Python\Python310\Scripts\;C:\Users\LUCKY\AppData\Local\Programs\Python\Python310\;C:\Users\LUCKY\AppData\Local\Microsoft\WindowsApps;C:\Program Files\Bandizip\;C:\Users\LUCKY\AppData\Roaming\npm;C:\Users\LUCKY\AppData\Local\Programs\Microsoft VS Code\bin;C:\Users\LUCKY\AppData\Roaming\nvm;C:\Program Files\nodejs;C:\Users\LUCKY\AppData\Roaming\Composer\vendor\bin;C:\Program Files\JetBrains\PyCharm Community Edition 2022.1.1\bin;;C:\Users\LUCKY\AppData\Local\Android\Sdk\ndk-bundle;C:\Users\LUCKY\AppData\Local\Android\Sdk\platform-tools;
USERNAME=LUCKY
OS=Windows_NT
PROCESSOR_IDENTIFIER=Intel64 Family 6 Model 58 Stepping 9, GenuineIntel



---------------  S Y S T E M  ---------------

OS: Windows 10 , 64 bit Build 19041 (10.0.19041.1806)

CPU:total 4 (initial active 4) (2 cores per cpu, 2 threads per core) family 6 model 58 stepping 9 microcode 0x21, cmov, cx8, fxsr, mmx, sse, sse2, sse3, ssse3, sse4.1, sse4.2, popcnt, avx, aes, clmul, erms, ht, tsc, tscinvbit, tscinv

Memory: 4k page, system-wide physical 12182M (4420M free)
TotalPageFile size 24470M (AvailPageFile size 15119M)
current process WorkingSet (physical memory assigned to process): 420M, peak: 420M
current process commit charge ("private bytes"): 507M, peak: 508M

vm_info: Java HotSpot(TM) 64-Bit Server VM (11.0.13+10-LTS-370) for windows-amd64 JRE (11.0.13+10-LTS-370), built on Sep 15 2021 22:10:36 by "mach5one" with MS VC++ 15.9 (VS2017)

END.
