#
# A fatal error has been detected by the Java Runtime Environment:
#
#  EXCEPTION_ACCESS_VIOLATION (0xc0000005) at pc=0x00007fff35510d8d, pid=14356, tid=11820
#
# JRE version: Java(TM) SE Runtime Environment 18.9 (11.0.13+10) (build 11.0.13+10-LTS-370)
# Java VM: Java HotSpot(TM) 64-Bit Server VM 18.9 (11.0.13+10-LTS-370, mixed mode, tiered, compressed oops, g1 gc, windows-amd64)
# Problematic frame:
# V  [jvm.dll+0x340d8d]
#
# No core dump will be written. Minidumps are not enabled by default on client versions of Windows
#
# If you would like to submit a bug report, please visit:
#   https://bugreport.java.com/bugreport/crash.jsp
#

---------------  S U M M A R Y ------------

Command Line: --add-opens=java.base/java.util=ALL-UNNAMED --add-opens=java.base/java.lang=ALL-UNNAMED --add-opens=java.base/java.lang.invoke=ALL-UNNAMED --add-opens=java.prefs/java.util.prefs=ALL-UNNAMED -XX:MaxMetaspaceSize=256m -XX:+HeapDumpOnOutOfMemoryError -Xms256m -Xmx512m -Dfile.encoding=windows-1252 -Duser.country=US -Duser.language=en -Duser.variant org.gradle.launcher.daemon.bootstrap.GradleDaemon 5.5

Host: Intel(R) Core(TM) i5-3230M CPU @ 2.60GHz, 4 cores, 11G,  Windows 10 , 64 bit Build 19041 (10.0.19041.1806)
Time: Wed Aug  3 05:02:34 2022 Tokyo Standard Time elapsed time: 3865.307215 seconds (0d 1h 4m 25s)

---------------  T H R E A D  ---------------

Current thread (0x00000189e5296000):  JavaThread "C2 CompilerThread1" daemon [_thread_in_native, id=11820, stack(0x0000001f93e00000,0x0000001f93f00000)]


Current CompileTask:
C2:3865307 23770   !   4       org.gradle.execution.plan.DefaultPlanExecutor$ExecutorWorker$2::transform (143 bytes)

Stack: [0x0000001f93e00000,0x0000001f93f00000],  sp=0x0000001f93efbc70,  free space=1007k
Native frames: (J=compiled Java code, j=interpreted, Vv=VM code, C=native code)
V  [jvm.dll+0x340d8d]
V  [jvm.dll+0x18ce23]
V  [jvm.dll+0x18ca84]
V  [jvm.dll+0x1f8362]
V  [jvm.dll+0x1f743d]
V  [jvm.dll+0x177991]
V  [jvm.dll+0x206d84]
V  [jvm.dll+0x204ebb]
V  [jvm.dll+0x727e70]
V  [jvm.dll+0x720a54]
V  [jvm.dll+0x627606]
C  [ucrtbase.dll+0x21bb2]
C  [KERNEL32.DLL+0x17034]
C  [ntdll.dll+0x52651]


siginfo: EXCEPTION_ACCESS_VIOLATION (0xc0000005), reading address 0x00000389ebc9b3a0


Register to memory mapping:

RIP=0x00007fff35510d8d jvm.dll
RAX=0x00000189e0ba7090 points into unknown readable memory: 0x00007fff35c132e8 | e8 32 c1 35 ff 7f 00 00
RBX=0x00000189e943a330 points into unknown readable memory: 0x000000000000002b | 2b 00 00 00 00 00 00 00
RCX=0x0 is NULL
RDX=0x0000000000000001 is an unknown value
RSP=0x0000001f93efbc70 is pointing into the stack for thread: 0x00000189e5296000
RBP=0x0000001f93efbec0 is pointing into the stack for thread: 0x00000189e5296000
RSI=0x0 is NULL
RDI=0x0000000000002613 is an unknown value
R8 =0x0000000000080000 is an unknown value
R9 =0x00000389ebc9b3a0 is an unknown value
R10=0x00007fff351d0000 jvm.dll
R11=0x0000001f93efbce0 is pointing into the stack for thread: 0x00000189e5296000
R12=0x00007fff351d0000 jvm.dll
R13=0x000000000000752f is an unknown value
R14=0x0000000000000013 is an unknown value
R15=0x00007fff35c132e8 jvm.dll


Registers:
RAX=0x00000189e0ba7090, RBX=0x00000189e943a330, RCX=0x0000000000000000, RDX=0x0000000000000001
RSP=0x0000001f93efbc70, RBP=0x0000001f93efbec0, RSI=0x0000000000000000, RDI=0x0000000000002613
R8 =0x0000000000080000, R9 =0x00000389ebc9b3a0, R10=0x00007fff351d0000, R11=0x0000001f93efbce0
R12=0x00007fff351d0000, R13=0x000000000000752f, R14=0x0000000000000013, R15=0x00007fff35c132e8
RIP=0x00007fff35510d8d, EFLAGS=0x0000000000010246

Top of Stack: (sp=0x0000001f93efbc70)
0x0000001f93efbc70:   00000189e93e62d0 0000001f93efbec0
0x0000001f93efbc80:   0000000000000000 0000000000000000
0x0000001f93efbc90:   00000d7000000000 0000000000000004
0x0000001f93efbca0:   00000189e8b96d00 000000000000000e
0x0000001f93efbcb0:   00000189e1cfc090 00007fff0000002e
0x0000001f93efbcc0:   00000189e9530c30 0000000000000000
0x0000001f93efbcd0:   0000000000000000 000000000017cbe0
0x0000001f93efbce0:   00007fff351d0000 00007fff3535ce23
0x0000001f93efbcf0:   00000189ee1d7c30 0000001f93efc270
0x0000001f93efbd00:   0000000000000000 00000189ee1d7c20
0x0000001f93efbd10:   00000d6e00000000 00007fff00000008
0x0000001f93efbd20:   00000189e8b96be0 00007fff0000002e
0x0000001f93efbd30:   00000189e1cfbf20 000000000000002e
0x0000001f93efbd40:   00000189e9530b90 0000000000000000
0x0000001f93efbd50:   0000000000000000 0000000000000000
0x0000001f93efbd60:   0000000000000000 0000000000000000 

Instructions: (pc=0x00007fff35510d8d)
0x00007fff35510d6d:   8b cb e8 9c 47 00 00 4c 8b c8 41 8b ce 41 b8 01
0x00007fff35510d7d:   00 00 00 41 d3 e0 48 8b cf 48 c1 e9 05 83 e1 07
0x00007fff35510d8d:   41 8b 14 89 8b c2 41 0b c0 41 89 04 89 41 85 d0
0x00007fff35510d9d:   0f 85 4d ff ff ff ff 03 e9 46 ff ff ff 48 8b 9c 


Stack slot to memory mapping:
stack at sp + 0 slots: 0x00000189e93e62d0 points into unknown readable memory: 0x000000000000000f | 0f 00 00 00 00 00 00 00
stack at sp + 1 slots: 0x0000001f93efbec0 is pointing into the stack for thread: 0x00000189e5296000
stack at sp + 2 slots: 0x0 is NULL
stack at sp + 3 slots: 0x0 is NULL
stack at sp + 4 slots: 0x00000d7000000000 is an unknown value
stack at sp + 5 slots: 0x0000000000000004 is an unknown value
stack at sp + 6 slots: 0x00000189e8b96d00 points into unknown readable memory: 0x0000000000000000 | 00 00 00 00 00 00 00 00
stack at sp + 7 slots: 0x000000000000000e is an unknown value


---------------  P R O C E S S  ---------------

Threads class SMR info:
_java_thread_list=0x00000189e6561ed0, length=55, elements={
0x00000189c203b000, 0x00000189dbe80800, 0x00000189dbe8a000, 0x00000189dbe9f000,
0x00000189dbea0800, 0x00000189dbea3000, 0x00000189dbeac000, 0x00000189dbeae800,
0x00000189dbeb2000, 0x00000189dc953800, 0x00000189dde96800, 0x00000189dd10f000,
0x00000189de075000, 0x00000189de31a000, 0x00000189de31b800, 0x00000189de31c800,
0x00000189e0d2e800, 0x00000189e0d31000, 0x00000189e0d36800, 0x00000189e0d32800,
0x00000189e0d39000, 0x00000189e0d2f800, 0x00000189e0d30000, 0x00000189e0d2b800,
0x00000189e0d2d000, 0x00000189e0d33800, 0x00000189e0d2d800, 0x00000189e0d37800,
0x00000189e0d3a000, 0x00000189e0d34000, 0x00000189e0d35000, 0x00000189e0d36000,
0x00000189de31a800, 0x00000189de319000, 0x00000189de316800, 0x00000189de317800,
0x00000189e149d800, 0x00000189e149e000, 0x00000189e149c000, 0x00000189e149f000,
0x00000189e149c800, 0x00000189e1499800, 0x00000189e14a0000, 0x00000189e149a000,
0x00000189e14a0800, 0x00000189e149b000, 0x00000189e14a1800, 0x00000189e14a6800,
0x00000189e14a2800, 0x00000189e14a3000, 0x00000189e14a7000, 0x00000189e14a5800,
0x00000189e14a4000, 0x00000189e14a4800, 0x00000189e5296000
}

Java Threads: ( => current thread )
  0x00000189c203b000 JavaThread "main" [_thread_blocked, id=1108, stack(0x0000001f92000000,0x0000001f92100000)]
  0x00000189dbe80800 JavaThread "Reference Handler" daemon [_thread_blocked, id=6112, stack(0x0000001f92700000,0x0000001f92800000)]
  0x00000189dbe8a000 JavaThread "Finalizer" daemon [_thread_blocked, id=1036, stack(0x0000001f92800000,0x0000001f92900000)]
  0x00000189dbe9f000 JavaThread "Signal Dispatcher" daemon [_thread_blocked, id=10284, stack(0x0000001f92900000,0x0000001f92a00000)]
  0x00000189dbea0800 JavaThread "Attach Listener" daemon [_thread_blocked, id=15604, stack(0x0000001f92a00000,0x0000001f92b00000)]
  0x00000189dbea3000 JavaThread "Service Thread" daemon [_thread_blocked, id=3712, stack(0x0000001f92b00000,0x0000001f92c00000)]
  0x00000189dbeac000 JavaThread "C2 CompilerThread0" daemon [_thread_in_native, id=15004, stack(0x0000001f92c00000,0x0000001f92d00000)]
  0x00000189dbeae800 JavaThread "C1 CompilerThread0" daemon [_thread_in_vm, id=2788, stack(0x0000001f92d00000,0x0000001f92e00000)]
  0x00000189dbeb2000 JavaThread "Sweeper thread" daemon [_thread_blocked, id=14284, stack(0x0000001f92e00000,0x0000001f92f00000)]
  0x00000189dc953800 JavaThread "Common-Cleaner" daemon [_thread_blocked, id=12908, stack(0x0000001f92f00000,0x0000001f93000000)]
  0x00000189dde96800 JavaThread "Daemon health stats" [_thread_blocked, id=7528, stack(0x0000001f93500000,0x0000001f93600000)]
  0x00000189dd10f000 JavaThread "Incoming local TCP Connector on port 59833" [_thread_in_native, id=15096, stack(0x0000001f93400000,0x0000001f93500000)]
  0x00000189de075000 JavaThread "Daemon periodic checks" [_thread_blocked, id=12144, stack(0x0000001f93600000,0x0000001f93700000)]
  0x00000189de31a000 JavaThread "Cache worker for file hash cache (C:\Users\LUCKY\.gradle\caches\5.5\fileHashes)" [_thread_blocked, id=14404, stack(0x0000001f93b00000,0x0000001f93c00000)]
  0x00000189de31b800 JavaThread "File lock request listener" [_thread_in_native, id=15760, stack(0x0000001f93f00000,0x0000001f94000000)]
  0x00000189de31c800 JavaThread "Cache worker for journal cache (C:\Users\LUCKY\.gradle\caches\journal-1)" [_thread_blocked, id=2532, stack(0x0000001f94000000,0x0000001f94100000)]
  0x00000189e0d2e800 JavaThread "Cache worker for execution history cache (C:\Users\LUCKY\.gradle\caches\5.5\executionHistory)" [_thread_blocked, id=13220, stack(0x0000001f94400000,0x0000001f94500000)]
  0x00000189e0d31000 JavaThread "Memory manager" [_thread_blocked, id=13232, stack(0x0000001f94500000,0x0000001f94600000)]
  0x00000189e0d36800 JavaThread "Cache worker for file content cache (C:\Users\LUCKY\.gradle\caches\5.5\fileContent)" [_thread_blocked, id=5052, stack(0x0000001f94f00000,0x0000001f95000000)]
  0x00000189e0d32800 JavaThread "Monitor" [_thread_in_native, id=7196, stack(0x0000001f95400000,0x0000001f95500000)]
  0x00000189e0d39000 JavaThread "Device List Monitor" [_thread_in_native, id=5228, stack(0x0000001f95500000,0x0000001f95600000)]
  0x00000189e0d2f800 JavaThread "pool-1-thread-1" [_thread_blocked, id=14324, stack(0x0000001f91d00000,0x0000001f91e00000)]
  0x00000189e0d30000 JavaThread "Daemon Thread 3" [_thread_blocked, id=13480, stack(0x0000001f91e00000,0x0000001f91f00000)]
  0x00000189e0d2b800 JavaThread "Handler for socket connection from /127.0.0.1:59833 to /127.0.0.1:54785" [_thread_in_native, id=8324, stack(0x0000001f91f00000,0x0000001f92000000)]
  0x00000189e0d2d000 JavaThread "Cancel handler" [_thread_blocked, id=8080, stack(0x0000001f93700000,0x0000001f93800000)]
  0x00000189e0d33800 JavaThread "Daemon worker Thread 3" [_thread_blocked, id=12040, stack(0x0000001f93800000,0x0000001f93900000)]
  0x00000189e0d2d800 JavaThread "Asynchronous log dispatcher for DefaultDaemonConnection: socket connection from /127.0.0.1:59833 to /127.0.0.1:54785" [_thread_blocked, id=11636, stack(0x0000001f93900000,0x0000001f93a00000)]
  0x00000189e0d37800 JavaThread "Stdin handler" [_thread_blocked, id=10392, stack(0x0000001f93a00000,0x0000001f93b00000)]
  0x00000189e0d3a000 JavaThread "Thread-54" [_thread_blocked, id=15076, stack(0x0000001f93c00000,0x0000001f93d00000)]
  0x00000189e0d34000 JavaThread "Cache worker for file hash cache (D:\MyWork\ReactNative\whsnxt_mvp\android\.gradle\5.5\fileHashes)" [_thread_blocked, id=16156, stack(0x0000001f93d00000,0x0000001f93e00000)]
  0x00000189e0d35000 JavaThread "Cache worker for cache directory md-supplier (C:\Users\LUCKY\.gradle\caches\5.5\md-supplier)" [_thread_blocked, id=16304, stack(0x0000001f94100000,0x0000001f94200000)]
  0x00000189e0d36000 JavaThread "Cache worker for cache directory md-rule (C:\Users\LUCKY\.gradle\caches\5.5\md-rule)" [_thread_blocked, id=16184, stack(0x0000001f94200000,0x0000001f94300000)]
  0x00000189de31a800 JavaThread "Build operations" [_thread_blocked, id=12848, stack(0x0000001f94300000,0x0000001f94400000)]
  0x00000189de319000 JavaThread "Build operations Thread 2" [_thread_blocked, id=14032, stack(0x0000001f94600000,0x0000001f94700000)]
  0x00000189de316800 JavaThread "Build operations Thread 3" [_thread_blocked, id=12668, stack(0x0000001f94700000,0x0000001f94800000)]
  0x00000189de317800 JavaThread "Build operations Thread 4" [_thread_blocked, id=5640, stack(0x0000001f94800000,0x0000001f94900000)]
  0x00000189e149d800 JavaThread "Cache worker for Build Output Cleanup Cache (D:\MyWork\ReactNative\whsnxt_mvp\android\.gradle\buildOutputCleanup)" [_thread_blocked, id=13256, stack(0x0000001f94b00000,0x0000001f94c00000)]
  0x00000189e149e000 JavaThread "Cache worker for file content cache (D:\MyWork\ReactNative\whsnxt_mvp\android\.gradle\5.5\fileContent)" [_thread_blocked, id=9776, stack(0x0000001f94d00000,0x0000001f94e00000)]
  0x00000189e149c000 JavaThread "Execution worker for ':'" [_thread_blocked, id=10232, stack(0x0000001f95000000,0x0000001f95100000)]
  0x00000189e149f000 JavaThread "Execution worker for ':' Thread 2" [_thread_blocked, id=3384, stack(0x0000001f95100000,0x0000001f95200000)]
  0x00000189e149c800 JavaThread "Execution worker for ':' Thread 3" [_thread_blocked, id=13364, stack(0x0000001f95200000,0x0000001f95300000)]
  0x00000189e1499800 JavaThread "Cache worker for execution history cache (D:\MyWork\ReactNative\whsnxt_mvp\android\.gradle\5.5\executionHistory)" [_thread_blocked, id=4748, stack(0x0000001f95300000,0x0000001f95400000)]
  0x00000189e14a0000 JavaThread "ForkJoinPool.commonPool-worker-3" daemon [_thread_in_Java, id=16040, stack(0x0000001f95600000,0x0000001f95700000)]
  0x00000189e149a000 JavaThread "ForkJoinPool.commonPool-worker-5" daemon [_thread_blocked, id=15660, stack(0x0000001f95700000,0x0000001f95800000)]
  0x00000189e14a0800 JavaThread "ForkJoinPool.commonPool-worker-7" daemon [_thread_blocked, id=2152, stack(0x0000001f95800000,0x0000001f95900000)]
  0x00000189e149b000 JavaThread "pool-2-thread-1" [_thread_blocked, id=9676, stack(0x0000001f95900000,0x0000001f95a00000)]
  0x00000189e14a1800 JavaThread "stderr" daemon [_thread_in_native, id=11196, stack(0x0000001f95a00000,0x0000001f95b00000)]
  0x00000189e14a6800 JavaThread "stdout" daemon [_thread_in_native, id=15740, stack(0x0000001f95b00000,0x0000001f95c00000)]
  0x00000189e14a2800 JavaThread "stderr" daemon [_thread_in_native, id=8520, stack(0x0000001f95c00000,0x0000001f95d00000)]
  0x00000189e14a3000 JavaThread "stdout" daemon [_thread_in_native, id=1344, stack(0x0000001f95d00000,0x0000001f95e00000)]
  0x00000189e14a7000 JavaThread "stderr" daemon [_thread_in_native, id=2492, stack(0x0000001f95e00000,0x0000001f95f00000)]
  0x00000189e14a5800 JavaThread "stdout" daemon [_thread_in_native, id=15952, stack(0x0000001f95f00000,0x0000001f96000000)]
  0x00000189e14a4000 JavaThread "Cache worker for Java compile cache (C:\Users\LUCKY\.gradle\caches\5.5\javaCompile)" [_thread_blocked, id=13000, stack(0x0000001f96000000,0x0000001f96100000)]
  0x00000189e14a4800 JavaThread "Cache worker for Java compile cache (D:\MyWork\ReactNative\whsnxt_mvp\android\.gradle\5.5\javaCompile)" [_thread_blocked, id=7108, stack(0x0000001f96100000,0x0000001f96200000)]
=>0x00000189e5296000 JavaThread "C2 CompilerThread1" daemon [_thread_in_native, id=11820, stack(0x0000001f93e00000,0x0000001f93f00000)]

Other Threads:
  0x00000189dbe58800 VMThread "VM Thread" [stack: 0x0000001f92600000,0x0000001f92700000] [id=5212]
  0x00000189dc96c800 WatcherThread [stack: 0x0000001f93000000,0x0000001f93100000] [id=14288]
  0x00000189c204f800 GCTaskThread "GC Thread#0" [stack: 0x0000001f92100000,0x0000001f92200000] [id=14776]
  0x00000189dd0b1800 GCTaskThread "GC Thread#1" [stack: 0x0000001f93100000,0x0000001f93200000] [id=12524]
  0x00000189dd0d9000 GCTaskThread "GC Thread#2" [stack: 0x0000001f93200000,0x0000001f93300000] [id=15672]
  0x00000189dd0d9800 GCTaskThread "GC Thread#3" [stack: 0x0000001f93300000,0x0000001f93400000] [id=9840]
  0x00000189c2063800 ConcurrentGCThread "G1 Main Marker" [stack: 0x0000001f92200000,0x0000001f92300000] [id=1048]
  0x00000189c2064800 ConcurrentGCThread "G1 Conc#0" [stack: 0x0000001f92300000,0x0000001f92400000] [id=13368]
  0x00000189c211e000 ConcurrentGCThread "G1 Refine#0" [stack: 0x0000001f92400000,0x0000001f92500000] [id=13816]
  0x00000189bfe72000 ConcurrentGCThread "G1 Refine#1" [stack: 0x0000001f94900000,0x0000001f94a00000] [id=13864]
  0x00000189de3ac800 ConcurrentGCThread "G1 Refine#2" [stack: 0x0000001f94a00000,0x0000001f94b00000] [id=1776]
  0x00000189dcf98000 ConcurrentGCThread "G1 Refine#3" [stack: 0x0000001f94c00000,0x0000001f94d00000] [id=13716]
  0x00000189dbcf8800 ConcurrentGCThread "G1 Young RemSet Sampling" [stack: 0x0000001f92500000,0x0000001f92600000] [id=9368]

Threads with active compile tasks:
C2 CompilerThread03865389 23785       4       com.google.common.collect.ImmutableMultimap$EntryCollection::iterator (5 bytes)
C2 CompilerThread13865389 23770   !   4       org.gradle.execution.plan.DefaultPlanExecutor$ExecutorWorker$2::transform (143 bytes)

VM state:not at safepoint (normal execution)

VM Mutex/Monitor currently owned by a thread: None

Heap address: 0x00000000e0000000, size: 512 MB, Compressed Oops mode: 32-bit
Narrow klass base: 0x0000000000000000, Narrow klass shift: 3
Compressed class space size: 260046848 Address: 0x0000000100000000

Heap:
 garbage-first heap   total 395264K, used 278991K [0x00000000e0000000, 0x0000000100000000)
  region size 1024K, 17 young (17408K), 1 survivors (1024K)
 Metaspace       used 112032K, capacity 115690K, committed 115856K, reserved 356352K
  class space    used 13592K, capacity 14737K, committed 14840K, reserved 253952K
Heap Regions: E=young(eden), S=young(survivor), O=old, HS=humongous(starts), HC=humongous(continues), CS=collection set, F=free, A=archive, TAMS=top-at-mark-start (previous, next)
|   0|0x00000000e0000000, 0x00000000e0100000, 0x00000000e0100000|100%| O|  |TAMS 0x00000000e0100000, 0x00000000e0000000| Untracked 
|   1|0x00000000e0100000, 0x00000000e0200000, 0x00000000e0200000|100%| O|  |TAMS 0x00000000e0200000, 0x00000000e0100000| Untracked 
|   2|0x00000000e0200000, 0x00000000e0300000, 0x00000000e0300000|100%|HS|  |TAMS 0x00000000e0300000, 0x00000000e0200000| Complete 
|   3|0x00000000e0300000, 0x00000000e0400000, 0x00000000e0400000|100%|HS|  |TAMS 0x00000000e0400000, 0x00000000e0300000| Complete 
|   4|0x00000000e0400000, 0x00000000e0500000, 0x00000000e0500000|100%|HC|  |TAMS 0x00000000e0500000, 0x00000000e0400000| Complete 
|   5|0x00000000e0500000, 0x00000000e0600000, 0x00000000e0600000|100%| O|  |TAMS 0x00000000e0600000, 0x00000000e0500000| Untracked 
|   6|0x00000000e0600000, 0x00000000e0700000, 0x00000000e0700000|100%| O|  |TAMS 0x00000000e0700000, 0x00000000e0600000| Untracked 
|   7|0x00000000e0700000, 0x00000000e0800000, 0x00000000e0800000|100%| O|  |TAMS 0x00000000e0800000, 0x00000000e0700000| Untracked 
|   8|0x00000000e0800000, 0x00000000e0900000, 0x00000000e0900000|100%| O|  |TAMS 0x00000000e0900000, 0x00000000e0800000| Untracked 
|   9|0x00000000e0900000, 0x00000000e0a00000, 0x00000000e0a00000|100%| O|  |TAMS 0x00000000e0a00000, 0x00000000e0900000| Untracked 
|  10|0x00000000e0a00000, 0x00000000e0b00000, 0x00000000e0b00000|100%| O|  |TAMS 0x00000000e0b00000, 0x00000000e0a00000| Untracked 
|  11|0x00000000e0b00000, 0x00000000e0c00000, 0x00000000e0c00000|100%| O|  |TAMS 0x00000000e0c00000, 0x00000000e0b00000| Untracked 
|  12|0x00000000e0c00000, 0x00000000e0d00000, 0x00000000e0d00000|100%| O|  |TAMS 0x00000000e0d00000, 0x00000000e0c00000| Untracked 
|  13|0x00000000e0d00000, 0x00000000e0e00000, 0x00000000e0e00000|100%|HS|  |TAMS 0x00000000e0e00000, 0x00000000e0d00000| Complete 
|  14|0x00000000e0e00000, 0x00000000e0f00000, 0x00000000e0f00000|100%|HC|  |TAMS 0x00000000e0f00000, 0x00000000e0e00000| Complete 
|  15|0x00000000e0f00000, 0x00000000e1000000, 0x00000000e1000000|100%|HC|  |TAMS 0x00000000e1000000, 0x00000000e0f00000| Complete 
|  16|0x00000000e1000000, 0x00000000e1100000, 0x00000000e1100000|100%|HS|  |TAMS 0x00000000e1100000, 0x00000000e1000000| Complete 
|  17|0x00000000e1100000, 0x00000000e1200000, 0x00000000e1200000|100%|HC|  |TAMS 0x00000000e1200000, 0x00000000e1100000| Complete 
|  18|0x00000000e1200000, 0x00000000e1300000, 0x00000000e1300000|100%| O|  |TAMS 0x00000000e1300000, 0x00000000e1200000| Untracked 
|  19|0x00000000e1300000, 0x00000000e1400000, 0x00000000e1400000|100%| O|  |TAMS 0x00000000e1400000, 0x00000000e1300000| Untracked 
|  20|0x00000000e1400000, 0x00000000e1500000, 0x00000000e1500000|100%| O|  |TAMS 0x00000000e1500000, 0x00000000e1400000| Untracked 
|  21|0x00000000e1500000, 0x00000000e1600000, 0x00000000e1600000|100%| O|  |TAMS 0x00000000e1600000, 0x00000000e1500000| Untracked 
|  22|0x00000000e1600000, 0x00000000e1700000, 0x00000000e1700000|100%| O|  |TAMS 0x00000000e1700000, 0x00000000e1600000| Untracked 
|  23|0x00000000e1700000, 0x00000000e1800000, 0x00000000e1800000|100%| O|  |TAMS 0x00000000e1800000, 0x00000000e1700000| Untracked 
|  24|0x00000000e1800000, 0x00000000e1900000, 0x00000000e1900000|100%| O|  |TAMS 0x00000000e1900000, 0x00000000e1800000| Untracked 
|  25|0x00000000e1900000, 0x00000000e1a00000, 0x00000000e1a00000|100%| O|  |TAMS 0x00000000e1a00000, 0x00000000e1900000| Untracked 
|  26|0x00000000e1a00000, 0x00000000e1b00000, 0x00000000e1b00000|100%| O|  |TAMS 0x00000000e1b00000, 0x00000000e1a00000| Untracked 
|  27|0x00000000e1b00000, 0x00000000e1c00000, 0x00000000e1c00000|100%| O|  |TAMS 0x00000000e1c00000, 0x00000000e1b00000| Untracked 
|  28|0x00000000e1c00000, 0x00000000e1d00000, 0x00000000e1d00000|100%| O|  |TAMS 0x00000000e1d00000, 0x00000000e1c00000| Untracked 
|  29|0x00000000e1d00000, 0x00000000e1e00000, 0x00000000e1e00000|100%| O|  |TAMS 0x00000000e1e00000, 0x00000000e1d00000| Untracked 
|  30|0x00000000e1e00000, 0x00000000e1f00000, 0x00000000e1f00000|100%| O|  |TAMS 0x00000000e1f00000, 0x00000000e1e00000| Untracked 
|  31|0x00000000e1f00000, 0x00000000e2000000, 0x00000000e2000000|100%| O|  |TAMS 0x00000000e2000000, 0x00000000e1f00000| Untracked 
|  32|0x00000000e2000000, 0x00000000e2100000, 0x00000000e2100000|100%| O|  |TAMS 0x00000000e2100000, 0x00000000e2000000| Untracked 
|  33|0x00000000e2100000, 0x00000000e2200000, 0x00000000e2200000|100%| O|  |TAMS 0x00000000e2200000, 0x00000000e2100000| Untracked 
|  34|0x00000000e2200000, 0x00000000e2300000, 0x00000000e2300000|100%| O|  |TAMS 0x00000000e2300000, 0x00000000e2200000| Untracked 
|  35|0x00000000e2300000, 0x00000000e2400000, 0x00000000e2400000|100%| O|  |TAMS 0x00000000e2400000, 0x00000000e2300000| Untracked 
|  36|0x00000000e2400000, 0x00000000e2500000, 0x00000000e2500000|100%| O|  |TAMS 0x00000000e2500000, 0x00000000e2400000| Untracked 
|  37|0x00000000e2500000, 0x00000000e2600000, 0x00000000e2600000|100%| O|  |TAMS 0x00000000e2600000, 0x00000000e2500000| Untracked 
|  38|0x00000000e2600000, 0x00000000e2700000, 0x00000000e2700000|100%| O|  |TAMS 0x00000000e2700000, 0x00000000e2600000| Untracked 
|  39|0x00000000e2700000, 0x00000000e2800000, 0x00000000e2800000|100%| O|  |TAMS 0x00000000e2800000, 0x00000000e2700000| Untracked 
|  40|0x00000000e2800000, 0x00000000e2900000, 0x00000000e2900000|100%| O|  |TAMS 0x00000000e2900000, 0x00000000e2800000| Untracked 
|  41|0x00000000e2900000, 0x00000000e2a00000, 0x00000000e2a00000|100%| O|  |TAMS 0x00000000e2a00000, 0x00000000e2900000| Untracked 
|  42|0x00000000e2a00000, 0x00000000e2b00000, 0x00000000e2b00000|100%| O|  |TAMS 0x00000000e2b00000, 0x00000000e2a00000| Untracked 
|  43|0x00000000e2b00000, 0x00000000e2c00000, 0x00000000e2c00000|100%| O|  |TAMS 0x00000000e2c00000, 0x00000000e2b00000| Untracked 
|  44|0x00000000e2c00000, 0x00000000e2d00000, 0x00000000e2d00000|100%| O|  |TAMS 0x00000000e2d00000, 0x00000000e2c00000| Untracked 
|  45|0x00000000e2d00000, 0x00000000e2e00000, 0x00000000e2e00000|100%| O|  |TAMS 0x00000000e2e00000, 0x00000000e2d00000| Untracked 
|  46|0x00000000e2e00000, 0x00000000e2f00000, 0x00000000e2f00000|100%| O|  |TAMS 0x00000000e2f00000, 0x00000000e2e00000| Untracked 
|  47|0x00000000e2f00000, 0x00000000e3000000, 0x00000000e3000000|100%| O|  |TAMS 0x00000000e3000000, 0x00000000e2f00000| Untracked 
|  48|0x00000000e3000000, 0x00000000e3100000, 0x00000000e3100000|100%|HS|  |TAMS 0x00000000e3100000, 0x00000000e3000000| Complete 
|  49|0x00000000e3100000, 0x00000000e3200000, 0x00000000e3200000|100%|HC|  |TAMS 0x00000000e3200000, 0x00000000e3100000| Complete 
|  50|0x00000000e3200000, 0x00000000e3300000, 0x00000000e3300000|100%|HC|  |TAMS 0x00000000e3300000, 0x00000000e3200000| Complete 
|  51|0x00000000e3300000, 0x00000000e3400000, 0x00000000e3400000|100%| O|  |TAMS 0x00000000e3400000, 0x00000000e3300000| Untracked 
|  52|0x00000000e3400000, 0x00000000e3500000, 0x00000000e3500000|100%| O|  |TAMS 0x00000000e3500000, 0x00000000e3400000| Untracked 
|  53|0x00000000e3500000, 0x00000000e3600000, 0x00000000e3600000|100%| O|  |TAMS 0x00000000e3600000, 0x00000000e3500000| Untracked 
|  54|0x00000000e3600000, 0x00000000e3700000, 0x00000000e3700000|100%| O|  |TAMS 0x00000000e3700000, 0x00000000e3600000| Untracked 
|  55|0x00000000e3700000, 0x00000000e3800000, 0x00000000e3800000|100%| O|  |TAMS 0x00000000e3800000, 0x00000000e3700000| Untracked 
|  56|0x00000000e3800000, 0x00000000e3900000, 0x00000000e3900000|100%| O|  |TAMS 0x00000000e3900000, 0x00000000e3800000| Untracked 
|  57|0x00000000e3900000, 0x00000000e3a00000, 0x00000000e3a00000|100%| O|  |TAMS 0x00000000e3a00000, 0x00000000e3900000| Untracked 
|  58|0x00000000e3a00000, 0x00000000e3b00000, 0x00000000e3b00000|100%| O|  |TAMS 0x00000000e3b00000, 0x00000000e3a00000| Untracked 
|  59|0x00000000e3b00000, 0x00000000e3c00000, 0x00000000e3c00000|100%| O|  |TAMS 0x00000000e3c00000, 0x00000000e3b00000| Untracked 
|  60|0x00000000e3c00000, 0x00000000e3d00000, 0x00000000e3d00000|100%| O|  |TAMS 0x00000000e3d00000, 0x00000000e3c00000| Untracked 
|  61|0x00000000e3d00000, 0x00000000e3e00000, 0x00000000e3e00000|100%| O|  |TAMS 0x00000000e3e00000, 0x00000000e3d00000| Untracked 
|  62|0x00000000e3e00000, 0x00000000e3f00000, 0x00000000e3f00000|100%| O|  |TAMS 0x00000000e3f00000, 0x00000000e3e00000| Untracked 
|  63|0x00000000e3f00000, 0x00000000e4000000, 0x00000000e4000000|100%| O|  |TAMS 0x00000000e4000000, 0x00000000e3f00000| Untracked 
|  64|0x00000000e4000000, 0x00000000e4100000, 0x00000000e4100000|100%| O|  |TAMS 0x00000000e4100000, 0x00000000e4000000| Untracked 
|  65|0x00000000e4100000, 0x00000000e4200000, 0x00000000e4200000|100%| O|  |TAMS 0x00000000e4200000, 0x00000000e4100000| Untracked 
|  66|0x00000000e4200000, 0x00000000e4300000, 0x00000000e4300000|100%| O|  |TAMS 0x00000000e4300000, 0x00000000e4200000| Untracked 
|  67|0x00000000e4300000, 0x00000000e4400000, 0x00000000e4400000|100%| O|  |TAMS 0x00000000e4400000, 0x00000000e4300000| Untracked 
|  68|0x00000000e4400000, 0x00000000e4500000, 0x00000000e4500000|100%| O|  |TAMS 0x00000000e4500000, 0x00000000e4400000| Untracked 
|  69|0x00000000e4500000, 0x00000000e4600000, 0x00000000e4600000|100%| O|  |TAMS 0x00000000e4600000, 0x00000000e4500000| Untracked 
|  70|0x00000000e4600000, 0x00000000e4700000, 0x00000000e4700000|100%| O|  |TAMS 0x00000000e4700000, 0x00000000e4600000| Untracked 
|  71|0x00000000e4700000, 0x00000000e4800000, 0x00000000e4800000|100%| O|  |TAMS 0x00000000e4800000, 0x00000000e4700000| Untracked 
|  72|0x00000000e4800000, 0x00000000e4900000, 0x00000000e4900000|100%| O|  |TAMS 0x00000000e4900000, 0x00000000e4800000| Untracked 
|  73|0x00000000e4900000, 0x00000000e4a00000, 0x00000000e4a00000|100%| O|  |TAMS 0x00000000e4a00000, 0x00000000e4900000| Untracked 
|  74|0x00000000e4a00000, 0x00000000e4b00000, 0x00000000e4b00000|100%| O|  |TAMS 0x00000000e4b00000, 0x00000000e4a00000| Untracked 
|  75|0x00000000e4b00000, 0x00000000e4c00000, 0x00000000e4c00000|100%| O|  |TAMS 0x00000000e4c00000, 0x00000000e4b00000| Untracked 
|  76|0x00000000e4c00000, 0x00000000e4d00000, 0x00000000e4d00000|100%| O|  |TAMS 0x00000000e4d00000, 0x00000000e4c00000| Untracked 
|  77|0x00000000e4d00000, 0x00000000e4e00000, 0x00000000e4e00000|100%| O|  |TAMS 0x00000000e4e00000, 0x00000000e4d00000| Untracked 
|  78|0x00000000e4e00000, 0x00000000e4f00000, 0x00000000e4f00000|100%| O|  |TAMS 0x00000000e4f00000, 0x00000000e4e00000| Untracked 
|  79|0x00000000e4f00000, 0x00000000e5000000, 0x00000000e5000000|100%| O|  |TAMS 0x00000000e5000000, 0x00000000e4f00000| Untracked 
|  80|0x00000000e5000000, 0x00000000e5100000, 0x00000000e5100000|100%| O|  |TAMS 0x00000000e5100000, 0x00000000e5000000| Untracked 
|  81|0x00000000e5100000, 0x00000000e5200000, 0x00000000e5200000|100%| O|  |TAMS 0x00000000e5200000, 0x00000000e5100000| Untracked 
|  82|0x00000000e5200000, 0x00000000e5300000, 0x00000000e5300000|100%| O|  |TAMS 0x00000000e5300000, 0x00000000e5200000| Untracked 
|  83|0x00000000e5300000, 0x00000000e5300000, 0x00000000e5400000|  0%| F|  |TAMS 0x00000000e5300000, 0x00000000e5300000| Untracked 
|  84|0x00000000e5400000, 0x00000000e5500000, 0x00000000e5500000|100%| O|  |TAMS 0x00000000e5500000, 0x00000000e5400000| Untracked 
|  85|0x00000000e5500000, 0x00000000e5600000, 0x00000000e5600000|100%| O|  |TAMS 0x00000000e5600000, 0x00000000e5500000| Untracked 
|  86|0x00000000e5600000, 0x00000000e5700000, 0x00000000e5700000|100%| O|  |TAMS 0x00000000e5700000, 0x00000000e5600000| Untracked 
|  87|0x00000000e5700000, 0x00000000e5800000, 0x00000000e5800000|100%| O|  |TAMS 0x00000000e5800000, 0x00000000e5700000| Untracked 
|  88|0x00000000e5800000, 0x00000000e5900000, 0x00000000e5900000|100%| O|  |TAMS 0x00000000e5900000, 0x00000000e5800000| Untracked 
|  89|0x00000000e5900000, 0x00000000e5a00000, 0x00000000e5a00000|100%| O|  |TAMS 0x00000000e5a00000, 0x00000000e5900000| Untracked 
|  90|0x00000000e5a00000, 0x00000000e5b00000, 0x00000000e5b00000|100%| O|  |TAMS 0x00000000e5b00000, 0x00000000e5a00000| Untracked 
|  91|0x00000000e5b00000, 0x00000000e5c00000, 0x00000000e5c00000|100%| O|  |TAMS 0x00000000e5c00000, 0x00000000e5b00000| Untracked 
|  92|0x00000000e5c00000, 0x00000000e5d00000, 0x00000000e5d00000|100%| O|  |TAMS 0x00000000e5d00000, 0x00000000e5c00000| Untracked 
|  93|0x00000000e5d00000, 0x00000000e5e00000, 0x00000000e5e00000|100%| O|  |TAMS 0x00000000e5e00000, 0x00000000e5d00000| Untracked 
|  94|0x00000000e5e00000, 0x00000000e5f00000, 0x00000000e5f00000|100%| O|  |TAMS 0x00000000e5f00000, 0x00000000e5e00000| Untracked 
|  95|0x00000000e5f00000, 0x00000000e6000000, 0x00000000e6000000|100%| O|  |TAMS 0x00000000e6000000, 0x00000000e5f00000| Untracked 
|  96|0x00000000e6000000, 0x00000000e6100000, 0x00000000e6100000|100%| O|  |TAMS 0x00000000e6100000, 0x00000000e6000000| Untracked 
|  97|0x00000000e6100000, 0x00000000e6200000, 0x00000000e6200000|100%| O|  |TAMS 0x00000000e6200000, 0x00000000e6100000| Untracked 
|  98|0x00000000e6200000, 0x00000000e6300000, 0x00000000e6300000|100%| O|  |TAMS 0x00000000e6300000, 0x00000000e6200000| Untracked 
|  99|0x00000000e6300000, 0x00000000e6400000, 0x00000000e6400000|100%| O|  |TAMS 0x00000000e6400000, 0x00000000e6300000| Untracked 
| 100|0x00000000e6400000, 0x00000000e6500000, 0x00000000e6500000|100%| O|  |TAMS 0x00000000e6500000, 0x00000000e6400000| Untracked 
| 101|0x00000000e6500000, 0x00000000e6600000, 0x00000000e6600000|100%| O|  |TAMS 0x00000000e6600000, 0x00000000e6500000| Untracked 
| 102|0x00000000e6600000, 0x00000000e6700000, 0x00000000e6700000|100%| O|  |TAMS 0x00000000e6700000, 0x00000000e6600000| Untracked 
| 103|0x00000000e6700000, 0x00000000e6800000, 0x00000000e6800000|100%| O|  |TAMS 0x00000000e6800000, 0x00000000e6700000| Untracked 
| 104|0x00000000e6800000, 0x00000000e6900000, 0x00000000e6900000|100%| O|  |TAMS 0x00000000e6900000, 0x00000000e6800000| Untracked 
| 105|0x00000000e6900000, 0x00000000e6a00000, 0x00000000e6a00000|100%| O|  |TAMS 0x00000000e6a00000, 0x00000000e6900000| Untracked 
| 106|0x00000000e6a00000, 0x00000000e6b00000, 0x00000000e6b00000|100%| O|  |TAMS 0x00000000e6b00000, 0x00000000e6a00000| Untracked 
| 107|0x00000000e6b00000, 0x00000000e6c00000, 0x00000000e6c00000|100%| O|  |TAMS 0x00000000e6c00000, 0x00000000e6b00000| Untracked 
| 108|0x00000000e6c00000, 0x00000000e6d00000, 0x00000000e6d00000|100%| O|  |TAMS 0x00000000e6d00000, 0x00000000e6c00000| Untracked 
| 109|0x00000000e6d00000, 0x00000000e6e00000, 0x00000000e6e00000|100%| O|  |TAMS 0x00000000e6e00000, 0x00000000e6d00000| Untracked 
| 110|0x00000000e6e00000, 0x00000000e6f00000, 0x00000000e6f00000|100%| O|  |TAMS 0x00000000e6f00000, 0x00000000e6e00000| Untracked 
| 111|0x00000000e6f00000, 0x00000000e7000000, 0x00000000e7000000|100%| O|  |TAMS 0x00000000e7000000, 0x00000000e6f00000| Untracked 
| 112|0x00000000e7000000, 0x00000000e7000000, 0x00000000e7100000|  0%| F|  |TAMS 0x00000000e7000000, 0x00000000e7000000| Untracked 
| 113|0x00000000e7100000, 0x00000000e7200000, 0x00000000e7200000|100%|HS|  |TAMS 0x00000000e7100000, 0x00000000e7100000| Complete 
| 114|0x00000000e7200000, 0x00000000e7300000, 0x00000000e7300000|100%| O|  |TAMS 0x00000000e7300000, 0x00000000e7200000| Untracked 
| 115|0x00000000e7300000, 0x00000000e7400000, 0x00000000e7400000|100%| O|  |TAMS 0x00000000e7400000, 0x00000000e7300000| Untracked 
| 116|0x00000000e7400000, 0x00000000e7500000, 0x00000000e7500000|100%| O|  |TAMS 0x00000000e7500000, 0x00000000e7400000| Untracked 
| 117|0x00000000e7500000, 0x00000000e7600000, 0x00000000e7600000|100%| O|  |TAMS 0x00000000e7600000, 0x00000000e7500000| Untracked 
| 118|0x00000000e7600000, 0x00000000e7700000, 0x00000000e7700000|100%| O|  |TAMS 0x00000000e7700000, 0x00000000e7600000| Untracked 
| 119|0x00000000e7700000, 0x00000000e7800000, 0x00000000e7800000|100%| O|  |TAMS 0x00000000e7800000, 0x00000000e7700000| Untracked 
| 120|0x00000000e7800000, 0x00000000e7900000, 0x00000000e7900000|100%| O|  |TAMS 0x00000000e7900000, 0x00000000e7800000| Untracked 
| 121|0x00000000e7900000, 0x00000000e7a00000, 0x00000000e7a00000|100%| O|  |TAMS 0x00000000e7a00000, 0x00000000e7900000| Untracked 
| 122|0x00000000e7a00000, 0x00000000e7b00000, 0x00000000e7b00000|100%| O|  |TAMS 0x00000000e7b00000, 0x00000000e7a00000| Untracked 
| 123|0x00000000e7b00000, 0x00000000e7c00000, 0x00000000e7c00000|100%| O|  |TAMS 0x00000000e7c00000, 0x00000000e7b00000| Untracked 
| 124|0x00000000e7c00000, 0x00000000e7d00000, 0x00000000e7d00000|100%| O|  |TAMS 0x00000000e7d00000, 0x00000000e7c00000| Untracked 
| 125|0x00000000e7d00000, 0x00000000e7e00000, 0x00000000e7e00000|100%| O|  |TAMS 0x00000000e7e00000, 0x00000000e7d00000| Untracked 
| 126|0x00000000e7e00000, 0x00000000e7f00000, 0x00000000e7f00000|100%| O|  |TAMS 0x00000000e7f00000, 0x00000000e7e00000| Untracked 
| 127|0x00000000e7f00000, 0x00000000e8000000, 0x00000000e8000000|100%| O|  |TAMS 0x00000000e8000000, 0x00000000e7f00000| Untracked 
| 128|0x00000000e8000000, 0x00000000e8100000, 0x00000000e8100000|100%| O|  |TAMS 0x00000000e8100000, 0x00000000e8000000| Untracked 
| 129|0x00000000e8100000, 0x00000000e8200000, 0x00000000e8200000|100%| O|  |TAMS 0x00000000e8200000, 0x00000000e8100000| Untracked 
| 130|0x00000000e8200000, 0x00000000e8300000, 0x00000000e8300000|100%| O|  |TAMS 0x00000000e8300000, 0x00000000e8200000| Untracked 
| 131|0x00000000e8300000, 0x00000000e8400000, 0x00000000e8400000|100%| O|  |TAMS 0x00000000e8300000, 0x00000000e8300000| Untracked 
| 132|0x00000000e8400000, 0x00000000e8500000, 0x00000000e8500000|100%| O|  |TAMS 0x00000000e8500000, 0x00000000e8400000| Untracked 
| 133|0x00000000e8500000, 0x00000000e8600000, 0x00000000e8600000|100%| O|  |TAMS 0x00000000e8500000, 0x00000000e8500000| Untracked 
| 134|0x00000000e8600000, 0x00000000e8700000, 0x00000000e8700000|100%| O|  |TAMS 0x00000000e8700000, 0x00000000e8600000| Untracked 
| 135|0x00000000e8700000, 0x00000000e8800000, 0x00000000e8800000|100%| O|  |TAMS 0x00000000e8800000, 0x00000000e8700000| Untracked 
| 136|0x00000000e8800000, 0x00000000e8800000, 0x00000000e8900000|  0%| F|  |TAMS 0x00000000e8800000, 0x00000000e8800000| Untracked 
| 137|0x00000000e8900000, 0x00000000e8a00000, 0x00000000e8a00000|100%| O|  |TAMS 0x00000000e8900000, 0x00000000e8900000| Untracked 
| 138|0x00000000e8a00000, 0x00000000e8b00000, 0x00000000e8b00000|100%| O|  |TAMS 0x00000000e8b00000, 0x00000000e8a00000| Untracked 
| 139|0x00000000e8b00000, 0x00000000e8c00000, 0x00000000e8c00000|100%| O|  |TAMS 0x00000000e8b00000, 0x00000000e8b00000| Untracked 
| 140|0x00000000e8c00000, 0x00000000e8d00000, 0x00000000e8d00000|100%| O|  |TAMS 0x00000000e8c00000, 0x00000000e8c00000| Untracked 
| 141|0x00000000e8d00000, 0x00000000e8e00000, 0x00000000e8e00000|100%|HS|  |TAMS 0x00000000e8e00000, 0x00000000e8d00000| Complete 
| 142|0x00000000e8e00000, 0x00000000e8f00000, 0x00000000e8f00000|100%| O|  |TAMS 0x00000000e8f00000, 0x00000000e8e00000| Untracked 
| 143|0x00000000e8f00000, 0x00000000e9000000, 0x00000000e9000000|100%| O|  |TAMS 0x00000000e8f00000, 0x00000000e8f00000| Untracked 
| 144|0x00000000e9000000, 0x00000000e9100000, 0x00000000e9100000|100%|HS|  |TAMS 0x00000000e9100000, 0x00000000e9000000| Complete 
| 145|0x00000000e9100000, 0x00000000e9200000, 0x00000000e9200000|100%| O|  |TAMS 0x00000000e9200000, 0x00000000e9100000| Untracked 
| 146|0x00000000e9200000, 0x00000000e9300000, 0x00000000e9300000|100%| O|  |TAMS 0x00000000e9300000, 0x00000000e9200000| Untracked 
| 147|0x00000000e9300000, 0x00000000e9400000, 0x00000000e9400000|100%|HS|  |TAMS 0x00000000e9400000, 0x00000000e9300000| Complete 
| 148|0x00000000e9400000, 0x00000000e9500000, 0x00000000e9500000|100%| O|  |TAMS 0x00000000e9500000, 0x00000000e9400000| Untracked 
| 149|0x00000000e9500000, 0x00000000e9600000, 0x00000000e9600000|100%|HS|  |TAMS 0x00000000e9600000, 0x00000000e9500000| Complete 
| 150|0x00000000e9600000, 0x00000000e9700000, 0x00000000e9700000|100%| O|  |TAMS 0x00000000e9700000, 0x00000000e9600000| Untracked 
| 151|0x00000000e9700000, 0x00000000e9800000, 0x00000000e9800000|100%| O|  |TAMS 0x00000000e9800000, 0x00000000e9700000| Untracked 
| 152|0x00000000e9800000, 0x00000000e9900000, 0x00000000e9900000|100%| O|  |TAMS 0x00000000e9900000, 0x00000000e9800000| Untracked 
| 153|0x00000000e9900000, 0x00000000e9a00000, 0x00000000e9a00000|100%| O|  |TAMS 0x00000000e9a00000, 0x00000000e9900000| Untracked 
| 154|0x00000000e9a00000, 0x00000000e9a89c00, 0x00000000e9b00000| 53%| O|  |TAMS 0x00000000e9a00000, 0x00000000e9a00000| Untracked 
| 155|0x00000000e9b00000, 0x00000000e9b00000, 0x00000000e9c00000|  0%| F|  |TAMS 0x00000000e9b00000, 0x00000000e9b00000| Untracked 
| 156|0x00000000e9c00000, 0x00000000e9d00000, 0x00000000e9d00000|100%| O|  |TAMS 0x00000000e9d00000, 0x00000000e9c00000| Untracked 
| 157|0x00000000e9d00000, 0x00000000e9e00000, 0x00000000e9e00000|100%| O|  |TAMS 0x00000000e9e00000, 0x00000000e9d00000| Untracked 
| 158|0x00000000e9e00000, 0x00000000e9f00000, 0x00000000e9f00000|100%| O|  |TAMS 0x00000000e9f00000, 0x00000000e9e00000| Untracked 
| 159|0x00000000e9f00000, 0x00000000ea000000, 0x00000000ea000000|100%| O|  |TAMS 0x00000000ea000000, 0x00000000e9f00000| Untracked 
| 160|0x00000000ea000000, 0x00000000ea100000, 0x00000000ea100000|100%| O|  |TAMS 0x00000000ea100000, 0x00000000ea000000| Untracked 
| 161|0x00000000ea100000, 0x00000000ea200000, 0x00000000ea200000|100%| O|  |TAMS 0x00000000ea200000, 0x00000000ea100000| Untracked 
| 162|0x00000000ea200000, 0x00000000ea300000, 0x00000000ea300000|100%| O|  |TAMS 0x00000000ea300000, 0x00000000ea200000| Untracked 
| 163|0x00000000ea300000, 0x00000000ea400000, 0x00000000ea400000|100%| O|  |TAMS 0x00000000ea400000, 0x00000000ea300000| Untracked 
| 164|0x00000000ea400000, 0x00000000ea500000, 0x00000000ea500000|100%| O|  |TAMS 0x00000000ea500000, 0x00000000ea400000| Untracked 
| 165|0x00000000ea500000, 0x00000000ea600000, 0x00000000ea600000|100%| O|  |TAMS 0x00000000ea600000, 0x00000000ea500000| Untracked 
| 166|0x00000000ea600000, 0x00000000ea700000, 0x00000000ea700000|100%| O|  |TAMS 0x00000000ea700000, 0x00000000ea600000| Untracked 
| 167|0x00000000ea700000, 0x00000000ea800000, 0x00000000ea800000|100%| O|  |TAMS 0x00000000ea800000, 0x00000000ea700000| Untracked 
| 168|0x00000000ea800000, 0x00000000ea900000, 0x00000000ea900000|100%| O|  |TAMS 0x00000000ea900000, 0x00000000ea800000| Untracked 
| 169|0x00000000ea900000, 0x00000000eaa00000, 0x00000000eaa00000|100%| O|  |TAMS 0x00000000eaa00000, 0x00000000ea900000| Untracked 
| 170|0x00000000eaa00000, 0x00000000eab00000, 0x00000000eab00000|100%| O|  |TAMS 0x00000000eab00000, 0x00000000eaa00000| Untracked 
| 171|0x00000000eab00000, 0x00000000eac00000, 0x00000000eac00000|100%| O|  |TAMS 0x00000000eac00000, 0x00000000eab00000| Untracked 
| 172|0x00000000eac00000, 0x00000000ead00000, 0x00000000ead00000|100%| O|  |TAMS 0x00000000ead00000, 0x00000000eac00000| Untracked 
| 173|0x00000000ead00000, 0x00000000eae00000, 0x00000000eae00000|100%|HS|  |TAMS 0x00000000eae00000, 0x00000000ead00000| Complete 
| 174|0x00000000eae00000, 0x00000000eaf00000, 0x00000000eaf00000|100%| O|  |TAMS 0x00000000eaf00000, 0x00000000eae00000| Untracked 
| 175|0x00000000eaf00000, 0x00000000eaf00000, 0x00000000eb000000|  0%| F|  |TAMS 0x00000000eaf00000, 0x00000000eaf00000| Untracked 
| 176|0x00000000eb000000, 0x00000000eb100000, 0x00000000eb100000|100%|HS|  |TAMS 0x00000000eb100000, 0x00000000eb000000| Complete 
| 177|0x00000000eb100000, 0x00000000eb200000, 0x00000000eb200000|100%|HC|  |TAMS 0x00000000eb200000, 0x00000000eb100000| Complete 
| 178|0x00000000eb200000, 0x00000000eb300000, 0x00000000eb300000|100%|HS|  |TAMS 0x00000000eb300000, 0x00000000eb200000| Complete 
| 179|0x00000000eb300000, 0x00000000eb400000, 0x00000000eb400000|100%| O|  |TAMS 0x00000000eb400000, 0x00000000eb300000| Untracked 
| 180|0x00000000eb400000, 0x00000000eb500000, 0x00000000eb500000|100%| O|  |TAMS 0x00000000eb500000, 0x00000000eb400000| Untracked 
| 181|0x00000000eb500000, 0x00000000eb600000, 0x00000000eb600000|100%| O|  |TAMS 0x00000000eb600000, 0x00000000eb500000| Untracked 
| 182|0x00000000eb600000, 0x00000000eb700000, 0x00000000eb700000|100%| O|  |TAMS 0x00000000eb700000, 0x00000000eb600000| Untracked 
| 183|0x00000000eb700000, 0x00000000eb800000, 0x00000000eb800000|100%| O|  |TAMS 0x00000000eb800000, 0x00000000eb700000| Untracked 
| 184|0x00000000eb800000, 0x00000000eb800000, 0x00000000eb900000|  0%| F|  |TAMS 0x00000000eb800000, 0x00000000eb800000| Untracked 
| 185|0x00000000eb900000, 0x00000000eb900000, 0x00000000eba00000|  0%| F|  |TAMS 0x00000000eb900000, 0x00000000eb900000| Untracked 
| 186|0x00000000eba00000, 0x00000000ebb00000, 0x00000000ebb00000|100%|HS|  |TAMS 0x00000000ebb00000, 0x00000000eba00000| Complete 
| 187|0x00000000ebb00000, 0x00000000ebc00000, 0x00000000ebc00000|100%|HC|  |TAMS 0x00000000ebc00000, 0x00000000ebb00000| Complete 
| 188|0x00000000ebc00000, 0x00000000ebd00000, 0x00000000ebd00000|100%|HS|  |TAMS 0x00000000ebd00000, 0x00000000ebc00000| Complete 
| 189|0x00000000ebd00000, 0x00000000ebe00000, 0x00000000ebe00000|100%| O|  |TAMS 0x00000000ebe00000, 0x00000000ebd00000| Untracked 
| 190|0x00000000ebe00000, 0x00000000ebf00000, 0x00000000ebf00000|100%| O|  |TAMS 0x00000000ebf00000, 0x00000000ebe00000| Untracked 
| 191|0x00000000ebf00000, 0x00000000ec000000, 0x00000000ec000000|100%| O|  |TAMS 0x00000000ec000000, 0x00000000ebf00000| Untracked 
| 192|0x00000000ec000000, 0x00000000ec000000, 0x00000000ec100000|  0%| F|  |TAMS 0x00000000ec000000, 0x00000000ec000000| Untracked 
| 193|0x00000000ec100000, 0x00000000ec200000, 0x00000000ec200000|100%| O|  |TAMS 0x00000000ec200000, 0x00000000ec100000| Untracked 
| 194|0x00000000ec200000, 0x00000000ec200000, 0x00000000ec300000|  0%| F|  |TAMS 0x00000000ec200000, 0x00000000ec200000| Untracked 
| 195|0x00000000ec300000, 0x00000000ec400000, 0x00000000ec400000|100%| O|  |TAMS 0x00000000ec400000, 0x00000000ec300000| Untracked 
| 196|0x00000000ec400000, 0x00000000ec500000, 0x00000000ec500000|100%|HS|  |TAMS 0x00000000ec500000, 0x00000000ec400000| Complete 
| 197|0x00000000ec500000, 0x00000000ec600000, 0x00000000ec600000|100%| O|  |TAMS 0x00000000ec600000, 0x00000000ec500000| Untracked 
| 198|0x00000000ec600000, 0x00000000ec700000, 0x00000000ec700000|100%|HS|  |TAMS 0x00000000ec700000, 0x00000000ec600000| Complete 
| 199|0x00000000ec700000, 0x00000000ec800000, 0x00000000ec800000|100%| O|  |TAMS 0x00000000ec800000, 0x00000000ec700000| Untracked 
| 200|0x00000000ec800000, 0x00000000ec900000, 0x00000000ec900000|100%| O|  |TAMS 0x00000000ec900000, 0x00000000ec800000| Untracked 
| 201|0x00000000ec900000, 0x00000000eca00000, 0x00000000eca00000|100%|HS|  |TAMS 0x00000000eca00000, 0x00000000ec900000| Complete 
| 202|0x00000000eca00000, 0x00000000ecb00000, 0x00000000ecb00000|100%| O|  |TAMS 0x00000000ecb00000, 0x00000000eca00000| Untracked 
| 203|0x00000000ecb00000, 0x00000000ecc00000, 0x00000000ecc00000|100%|HS|  |TAMS 0x00000000ecc00000, 0x00000000ecb00000| Complete 
| 204|0x00000000ecc00000, 0x00000000ecd00000, 0x00000000ecd00000|100%|HC|  |TAMS 0x00000000ecd00000, 0x00000000ecc00000| Complete 
| 205|0x00000000ecd00000, 0x00000000ece00000, 0x00000000ece00000|100%| O|  |TAMS 0x00000000ece00000, 0x00000000ecd00000| Untracked 
| 206|0x00000000ece00000, 0x00000000ecf00000, 0x00000000ecf00000|100%|HS|  |TAMS 0x00000000ecf00000, 0x00000000ece00000| Complete 
| 207|0x00000000ecf00000, 0x00000000ed000000, 0x00000000ed000000|100%| O|  |TAMS 0x00000000ed000000, 0x00000000ecf00000| Untracked 
| 208|0x00000000ed000000, 0x00000000ed100000, 0x00000000ed100000|100%| O|  |TAMS 0x00000000ed100000, 0x00000000ed000000| Untracked 
| 209|0x00000000ed100000, 0x00000000ed200000, 0x00000000ed200000|100%| O|  |TAMS 0x00000000ed200000, 0x00000000ed100000| Untracked 
| 210|0x00000000ed200000, 0x00000000ed300000, 0x00000000ed300000|100%| O|  |TAMS 0x00000000ed300000, 0x00000000ed200000| Untracked 
| 211|0x00000000ed300000, 0x00000000ed300000, 0x00000000ed400000|  0%| F|  |TAMS 0x00000000ed300000, 0x00000000ed300000| Untracked 
| 212|0x00000000ed400000, 0x00000000ed500000, 0x00000000ed500000|100%| O|  |TAMS 0x00000000ed500000, 0x00000000ed400000| Untracked 
| 213|0x00000000ed500000, 0x00000000ed600000, 0x00000000ed600000|100%|HS|  |TAMS 0x00000000ed600000, 0x00000000ed500000| Complete 
| 214|0x00000000ed600000, 0x00000000ed700000, 0x00000000ed700000|100%| O|  |TAMS 0x00000000ed700000, 0x00000000ed600000| Untracked 
| 215|0x00000000ed700000, 0x00000000ed800000, 0x00000000ed800000|100%| O|  |TAMS 0x00000000ed800000, 0x00000000ed700000| Untracked 
| 216|0x00000000ed800000, 0x00000000ed900000, 0x00000000ed900000|100%| O|  |TAMS 0x00000000ed900000, 0x00000000ed800000| Untracked 
| 217|0x00000000ed900000, 0x00000000ed900000, 0x00000000eda00000|  0%| F|  |TAMS 0x00000000ed900000, 0x00000000ed900000| Untracked 
| 218|0x00000000eda00000, 0x00000000edb00000, 0x00000000edb00000|100%|HS|  |TAMS 0x00000000edb00000, 0x00000000eda00000| Complete 
| 219|0x00000000edb00000, 0x00000000edc00000, 0x00000000edc00000|100%|HC|  |TAMS 0x00000000edc00000, 0x00000000edb00000| Complete 
| 220|0x00000000edc00000, 0x00000000edd00000, 0x00000000edd00000|100%|HS|  |TAMS 0x00000000edd00000, 0x00000000edc00000| Complete 
| 221|0x00000000edd00000, 0x00000000ede00000, 0x00000000ede00000|100%|HC|  |TAMS 0x00000000ede00000, 0x00000000edd00000| Complete 
| 222|0x00000000ede00000, 0x00000000edf00000, 0x00000000edf00000|100%| O|  |TAMS 0x00000000edf00000, 0x00000000ede00000| Untracked 
| 223|0x00000000edf00000, 0x00000000edf00000, 0x00000000ee000000|  0%| F|  |TAMS 0x00000000edf00000, 0x00000000edf00000| Untracked 
| 224|0x00000000ee000000, 0x00000000ee100000, 0x00000000ee100000|100%|HS|  |TAMS 0x00000000ee100000, 0x00000000ee000000| Complete 
| 225|0x00000000ee100000, 0x00000000ee200000, 0x00000000ee200000|100%|HC|  |TAMS 0x00000000ee200000, 0x00000000ee100000| Complete 
| 226|0x00000000ee200000, 0x00000000ee300000, 0x00000000ee300000|100%|HS|  |TAMS 0x00000000ee300000, 0x00000000ee200000| Complete 
| 227|0x00000000ee300000, 0x00000000ee400000, 0x00000000ee400000|100%|HC|  |TAMS 0x00000000ee400000, 0x00000000ee300000| Complete 
| 228|0x00000000ee400000, 0x00000000ee500000, 0x00000000ee500000|100%| O|  |TAMS 0x00000000ee500000, 0x00000000ee400000| Untracked 
| 229|0x00000000ee500000, 0x00000000ee600000, 0x00000000ee600000|100%| O|  |TAMS 0x00000000ee600000, 0x00000000ee500000| Untracked 
| 230|0x00000000ee600000, 0x00000000ee700000, 0x00000000ee700000|100%| O|  |TAMS 0x00000000ee700000, 0x00000000ee600000| Untracked 
| 231|0x00000000ee700000, 0x00000000ee800000, 0x00000000ee800000|100%| O|  |TAMS 0x00000000ee800000, 0x00000000ee700000| Untracked 
| 232|0x00000000ee800000, 0x00000000ee900000, 0x00000000ee900000|100%| O|  |TAMS 0x00000000ee900000, 0x00000000ee800000| Untracked 
| 233|0x00000000ee900000, 0x00000000eea00000, 0x00000000eea00000|100%| O|  |TAMS 0x00000000eea00000, 0x00000000ee900000| Untracked 
| 234|0x00000000eea00000, 0x00000000eeb00000, 0x00000000eeb00000|100%| O|  |TAMS 0x00000000eeb00000, 0x00000000eea00000| Untracked 
| 235|0x00000000eeb00000, 0x00000000eec00000, 0x00000000eec00000|100%| O|  |TAMS 0x00000000eec00000, 0x00000000eeb00000| Untracked 
| 236|0x00000000eec00000, 0x00000000eed00000, 0x00000000eed00000|100%| O|  |TAMS 0x00000000eed00000, 0x00000000eec00000| Untracked 
| 237|0x00000000eed00000, 0x00000000eed00000, 0x00000000eee00000|  0%| F|  |TAMS 0x00000000eed00000, 0x00000000eed00000| Untracked 
| 238|0x00000000eee00000, 0x00000000eef00000, 0x00000000eef00000|100%| O|  |TAMS 0x00000000eef00000, 0x00000000eee00000| Untracked 
| 239|0x00000000eef00000, 0x00000000ef000000, 0x00000000ef000000|100%| O|  |TAMS 0x00000000ef000000, 0x00000000eef00000| Untracked 
| 240|0x00000000ef000000, 0x00000000ef100000, 0x00000000ef100000|100%| O|  |TAMS 0x00000000ef100000, 0x00000000ef000000| Untracked 
| 241|0x00000000ef100000, 0x00000000ef200000, 0x00000000ef200000|100%|HS|  |TAMS 0x00000000ef200000, 0x00000000ef100000| Complete 
| 242|0x00000000ef200000, 0x00000000ef300000, 0x00000000ef300000|100%| O|  |TAMS 0x00000000ef300000, 0x00000000ef200000| Untracked 
| 243|0x00000000ef300000, 0x00000000ef400000, 0x00000000ef400000|100%| O|  |TAMS 0x00000000ef400000, 0x00000000ef300000| Untracked 
| 244|0x00000000ef400000, 0x00000000ef500000, 0x00000000ef500000|100%| O|  |TAMS 0x00000000ef500000, 0x00000000ef400000| Untracked 
| 245|0x00000000ef500000, 0x00000000ef600000, 0x00000000ef600000|100%| O|  |TAMS 0x00000000ef600000, 0x00000000ef500000| Untracked 
| 246|0x00000000ef600000, 0x00000000ef700000, 0x00000000ef700000|100%| O|  |TAMS 0x00000000ef700000, 0x00000000ef600000| Untracked 
| 247|0x00000000ef700000, 0x00000000ef800000, 0x00000000ef800000|100%| O|  |TAMS 0x00000000ef800000, 0x00000000ef700000| Untracked 
| 248|0x00000000ef800000, 0x00000000ef900000, 0x00000000ef900000|100%| O|  |TAMS 0x00000000ef900000, 0x00000000ef800000| Untracked 
| 249|0x00000000ef900000, 0x00000000efa00000, 0x00000000efa00000|100%| O|  |TAMS 0x00000000efa00000, 0x00000000ef900000| Untracked 
| 250|0x00000000efa00000, 0x00000000efb00000, 0x00000000efb00000|100%| O|  |TAMS 0x00000000efb00000, 0x00000000efa00000| Untracked 
| 251|0x00000000efb00000, 0x00000000efc00000, 0x00000000efc00000|100%| O|  |TAMS 0x00000000efc00000, 0x00000000efb00000| Untracked 
| 252|0x00000000efc00000, 0x00000000efd00000, 0x00000000efd00000|100%| O|  |TAMS 0x00000000efd00000, 0x00000000efc00000| Untracked 
| 253|0x00000000efd00000, 0x00000000efe00000, 0x00000000efe00000|100%| O|  |TAMS 0x00000000efe00000, 0x00000000efd00000| Untracked 
| 254|0x00000000efe00000, 0x00000000eff00000, 0x00000000eff00000|100%| O|  |TAMS 0x00000000efe7a400, 0x00000000efe00000| Untracked 
| 255|0x00000000eff00000, 0x00000000eff00000, 0x00000000f0000000|  0%| F|  |TAMS 0x00000000eff00000, 0x00000000eff00000| Untracked 
| 256|0x00000000f0000000, 0x00000000f0000000, 0x00000000f0100000|  0%| F|  |TAMS 0x00000000f0000000, 0x00000000f0000000| Untracked 
| 257|0x00000000f0100000, 0x00000000f0100000, 0x00000000f0200000|  0%| F|  |TAMS 0x00000000f0100000, 0x00000000f0100000| Untracked 
| 258|0x00000000f0200000, 0x00000000f0200000, 0x00000000f0300000|  0%| F|  |TAMS 0x00000000f0200000, 0x00000000f0200000| Untracked 
| 259|0x00000000f0300000, 0x00000000f0300000, 0x00000000f0400000|  0%| F|  |TAMS 0x00000000f0300000, 0x00000000f0300000| Untracked 
| 260|0x00000000f0400000, 0x00000000f0400000, 0x00000000f0500000|  0%| F|  |TAMS 0x00000000f0400000, 0x00000000f0400000| Untracked 
| 261|0x00000000f0500000, 0x00000000f0500000, 0x00000000f0600000|  0%| F|  |TAMS 0x00000000f0500000, 0x00000000f0500000| Untracked 
| 262|0x00000000f0600000, 0x00000000f0600000, 0x00000000f0700000|  0%| F|  |TAMS 0x00000000f0600000, 0x00000000f0600000| Untracked 
| 263|0x00000000f0700000, 0x00000000f0700000, 0x00000000f0800000|  0%| F|  |TAMS 0x00000000f0700000, 0x00000000f0700000| Untracked 
| 264|0x00000000f0800000, 0x00000000f0800000, 0x00000000f0900000|  0%| F|  |TAMS 0x00000000f0800000, 0x00000000f0800000| Untracked 
| 265|0x00000000f0900000, 0x00000000f0a00000, 0x00000000f0a00000|100%| O|  |TAMS 0x00000000f0a00000, 0x00000000f0900000| Untracked 
| 266|0x00000000f0a00000, 0x00000000f0b00000, 0x00000000f0b00000|100%| O|  |TAMS 0x00000000f0b00000, 0x00000000f0a00000| Untracked 
| 267|0x00000000f0b00000, 0x00000000f0c00000, 0x00000000f0c00000|100%| O|  |TAMS 0x00000000f0c00000, 0x00000000f0b00000| Untracked 
| 268|0x00000000f0c00000, 0x00000000f0d00000, 0x00000000f0d00000|100%| O|  |TAMS 0x00000000f0d00000, 0x00000000f0c00000| Untracked 
| 269|0x00000000f0d00000, 0x00000000f0d00000, 0x00000000f0e00000|  0%| F|  |TAMS 0x00000000f0d00000, 0x00000000f0d00000| Untracked 
| 270|0x00000000f0e00000, 0x00000000f0e00000, 0x00000000f0f00000|  0%| F|  |TAMS 0x00000000f0e00000, 0x00000000f0e00000| Untracked 
| 271|0x00000000f0f00000, 0x00000000f1000000, 0x00000000f1000000|100%| O|  |TAMS 0x00000000f1000000, 0x00000000f0f00000| Untracked 
| 272|0x00000000f1000000, 0x00000000f1000000, 0x00000000f1100000|  0%| F|  |TAMS 0x00000000f1000000, 0x00000000f1000000| Untracked 
| 273|0x00000000f1100000, 0x00000000f1100000, 0x00000000f1200000|  0%| F|  |TAMS 0x00000000f1100000, 0x00000000f1100000| Untracked 
| 274|0x00000000f1200000, 0x00000000f1300000, 0x00000000f1300000|100%| O|  |TAMS 0x00000000f1300000, 0x00000000f1200000| Untracked 
| 275|0x00000000f1300000, 0x00000000f1400000, 0x00000000f1400000|100%|HS|  |TAMS 0x00000000f1400000, 0x00000000f1300000| Complete 
| 276|0x00000000f1400000, 0x00000000f1500000, 0x00000000f1500000|100%|HS|  |TAMS 0x00000000f1500000, 0x00000000f1400000| Complete 
| 277|0x00000000f1500000, 0x00000000f1600000, 0x00000000f1600000|100%| O|  |TAMS 0x00000000f1600000, 0x00000000f1500000| Untracked 
| 278|0x00000000f1600000, 0x00000000f1700000, 0x00000000f1700000|100%| O|  |TAMS 0x00000000f1700000, 0x00000000f1600000| Untracked 
| 279|0x00000000f1700000, 0x00000000f1800000, 0x00000000f1800000|100%| O|  |TAMS 0x00000000f1800000, 0x00000000f1700000| Untracked 
| 280|0x00000000f1800000, 0x00000000f1900000, 0x00000000f1900000|100%| O|  |TAMS 0x00000000f1900000, 0x00000000f1800000| Untracked 
| 281|0x00000000f1900000, 0x00000000f1a00000, 0x00000000f1a00000|100%| O|  |TAMS 0x00000000f1a00000, 0x00000000f1900000| Untracked 
| 282|0x00000000f1a00000, 0x00000000f1b00000, 0x00000000f1b00000|100%| O|  |TAMS 0x00000000f1b00000, 0x00000000f1a00000| Untracked 
| 283|0x00000000f1b00000, 0x00000000f1c00000, 0x00000000f1c00000|100%| O|  |TAMS 0x00000000f1c00000, 0x00000000f1b00000| Untracked 
| 284|0x00000000f1c00000, 0x00000000f1c00000, 0x00000000f1d00000|  0%| F|  |TAMS 0x00000000f1c00000, 0x00000000f1c00000| Untracked 
| 285|0x00000000f1d00000, 0x00000000f1d00000, 0x00000000f1e00000|  0%| F|  |TAMS 0x00000000f1d00000, 0x00000000f1d00000| Untracked 
| 286|0x00000000f1e00000, 0x00000000f1e00000, 0x00000000f1f00000|  0%| F|  |TAMS 0x00000000f1e00000, 0x00000000f1e00000| Untracked 
| 287|0x00000000f1f00000, 0x00000000f1f00000, 0x00000000f2000000|  0%| F|  |TAMS 0x00000000f1f00000, 0x00000000f1f00000| Untracked 
| 288|0x00000000f2000000, 0x00000000f2000000, 0x00000000f2100000|  0%| F|  |TAMS 0x00000000f2000000, 0x00000000f2000000| Untracked 
| 289|0x00000000f2100000, 0x00000000f2100000, 0x00000000f2200000|  0%| F|  |TAMS 0x00000000f2100000, 0x00000000f2100000| Untracked 
| 290|0x00000000f2200000, 0x00000000f2200000, 0x00000000f2300000|  0%| F|  |TAMS 0x00000000f2200000, 0x00000000f2200000| Untracked 
| 291|0x00000000f2300000, 0x00000000f2300000, 0x00000000f2400000|  0%| F|  |TAMS 0x00000000f2300000, 0x00000000f2300000| Untracked 
| 292|0x00000000f2400000, 0x00000000f2400000, 0x00000000f2500000|  0%| F|  |TAMS 0x00000000f2400000, 0x00000000f2400000| Untracked 
| 293|0x00000000f2500000, 0x00000000f2500000, 0x00000000f2600000|  0%| F|  |TAMS 0x00000000f2500000, 0x00000000f2500000| Untracked 
| 294|0x00000000f2600000, 0x00000000f2600000, 0x00000000f2700000|  0%| F|  |TAMS 0x00000000f2600000, 0x00000000f2600000| Untracked 
| 295|0x00000000f2700000, 0x00000000f2700000, 0x00000000f2800000|  0%| F|  |TAMS 0x00000000f2700000, 0x00000000f2700000| Untracked 
| 296|0x00000000f2800000, 0x00000000f2800000, 0x00000000f2900000|  0%| F|  |TAMS 0x00000000f2800000, 0x00000000f2800000| Untracked 
| 297|0x00000000f2900000, 0x00000000f2900000, 0x00000000f2a00000|  0%| F|  |TAMS 0x00000000f2900000, 0x00000000f2900000| Untracked 
| 298|0x00000000f2a00000, 0x00000000f2a00000, 0x00000000f2b00000|  0%| F|  |TAMS 0x00000000f2a00000, 0x00000000f2a00000| Untracked 
| 299|0x00000000f2b00000, 0x00000000f2b00000, 0x00000000f2c00000|  0%| F|  |TAMS 0x00000000f2b00000, 0x00000000f2b00000| Untracked 
| 300|0x00000000f2c00000, 0x00000000f2c00000, 0x00000000f2d00000|  0%| F|  |TAMS 0x00000000f2c00000, 0x00000000f2c00000| Untracked 
| 301|0x00000000f2d00000, 0x00000000f2d00000, 0x00000000f2e00000|  0%| F|  |TAMS 0x00000000f2d00000, 0x00000000f2d00000| Untracked 
| 302|0x00000000f2e00000, 0x00000000f2e00000, 0x00000000f2f00000|  0%| F|  |TAMS 0x00000000f2e00000, 0x00000000f2e00000| Untracked 
| 303|0x00000000f2f00000, 0x00000000f2f00000, 0x00000000f3000000|  0%| F|  |TAMS 0x00000000f2f00000, 0x00000000f2f00000| Untracked 
| 304|0x00000000f3000000, 0x00000000f3000000, 0x00000000f3100000|  0%| F|  |TAMS 0x00000000f3000000, 0x00000000f3000000| Untracked 
| 305|0x00000000f3100000, 0x00000000f3100000, 0x00000000f3200000|  0%| F|  |TAMS 0x00000000f3100000, 0x00000000f3100000| Untracked 
| 306|0x00000000f3200000, 0x00000000f3200000, 0x00000000f3300000|  0%| F|  |TAMS 0x00000000f3200000, 0x00000000f3200000| Untracked 
| 307|0x00000000f3300000, 0x00000000f3300000, 0x00000000f3400000|  0%| F|  |TAMS 0x00000000f3300000, 0x00000000f3300000| Untracked 
| 308|0x00000000f3400000, 0x00000000f3400000, 0x00000000f3500000|  0%| F|  |TAMS 0x00000000f3400000, 0x00000000f3400000| Untracked 
| 309|0x00000000f3500000, 0x00000000f3500000, 0x00000000f3600000|  0%| F|  |TAMS 0x00000000f3500000, 0x00000000f3500000| Untracked 
| 310|0x00000000f3600000, 0x00000000f3600000, 0x00000000f3700000|  0%| F|  |TAMS 0x00000000f3600000, 0x00000000f3600000| Untracked 
| 311|0x00000000f3700000, 0x00000000f3700000, 0x00000000f3800000|  0%| F|  |TAMS 0x00000000f3700000, 0x00000000f3700000| Untracked 
| 312|0x00000000f3800000, 0x00000000f3800000, 0x00000000f3900000|  0%| F|  |TAMS 0x00000000f3800000, 0x00000000f3800000| Untracked 
| 313|0x00000000f3900000, 0x00000000f3900000, 0x00000000f3a00000|  0%| F|  |TAMS 0x00000000f3900000, 0x00000000f3900000| Untracked 
| 314|0x00000000f3a00000, 0x00000000f3a00000, 0x00000000f3b00000|  0%| F|  |TAMS 0x00000000f3a00000, 0x00000000f3a00000| Untracked 
| 315|0x00000000f3b00000, 0x00000000f3b00000, 0x00000000f3c00000|  0%| F|  |TAMS 0x00000000f3b00000, 0x00000000f3b00000| Untracked 
| 316|0x00000000f3c00000, 0x00000000f3c00000, 0x00000000f3d00000|  0%| F|  |TAMS 0x00000000f3c00000, 0x00000000f3c00000| Untracked 
| 317|0x00000000f3d00000, 0x00000000f3d00000, 0x00000000f3e00000|  0%| F|  |TAMS 0x00000000f3d00000, 0x00000000f3d00000| Untracked 
| 318|0x00000000f3e00000, 0x00000000f3e00000, 0x00000000f3f00000|  0%| F|  |TAMS 0x00000000f3e00000, 0x00000000f3e00000| Untracked 
| 319|0x00000000f3f00000, 0x00000000f3f00000, 0x00000000f4000000|  0%| F|  |TAMS 0x00000000f3f00000, 0x00000000f3f00000| Untracked 
| 320|0x00000000f4000000, 0x00000000f4000000, 0x00000000f4100000|  0%| F|  |TAMS 0x00000000f4000000, 0x00000000f4000000| Untracked 
| 321|0x00000000f4100000, 0x00000000f4100000, 0x00000000f4200000|  0%| F|  |TAMS 0x00000000f4100000, 0x00000000f4100000| Untracked 
| 322|0x00000000f4200000, 0x00000000f4200000, 0x00000000f4300000|  0%| F|  |TAMS 0x00000000f4200000, 0x00000000f4200000| Untracked 
| 323|0x00000000f4300000, 0x00000000f4300000, 0x00000000f4400000|  0%| F|  |TAMS 0x00000000f4300000, 0x00000000f4300000| Untracked 
| 324|0x00000000f4400000, 0x00000000f4400000, 0x00000000f4500000|  0%| F|  |TAMS 0x00000000f4400000, 0x00000000f4400000| Untracked 
| 325|0x00000000f4500000, 0x00000000f4500000, 0x00000000f4600000|  0%| F|  |TAMS 0x00000000f4500000, 0x00000000f4500000| Untracked 
| 326|0x00000000f4600000, 0x00000000f4600000, 0x00000000f4700000|  0%| F|  |TAMS 0x00000000f4600000, 0x00000000f4600000| Untracked 
| 327|0x00000000f4700000, 0x00000000f4700000, 0x00000000f4800000|  0%| F|  |TAMS 0x00000000f4700000, 0x00000000f4700000| Untracked 
| 328|0x00000000f4800000, 0x00000000f4800000, 0x00000000f4900000|  0%| F|  |TAMS 0x00000000f4800000, 0x00000000f4800000| Untracked 
| 329|0x00000000f4900000, 0x00000000f4900000, 0x00000000f4a00000|  0%| F|  |TAMS 0x00000000f4900000, 0x00000000f4900000| Untracked 
| 330|0x00000000f4a00000, 0x00000000f4a00000, 0x00000000f4b00000|  0%| F|  |TAMS 0x00000000f4a00000, 0x00000000f4a00000| Untracked 
| 331|0x00000000f4b00000, 0x00000000f4b00000, 0x00000000f4c00000|  0%| F|  |TAMS 0x00000000f4b00000, 0x00000000f4b00000| Untracked 
| 332|0x00000000f4c00000, 0x00000000f4c00000, 0x00000000f4d00000|  0%| F|  |TAMS 0x00000000f4c00000, 0x00000000f4c00000| Untracked 
| 333|0x00000000f4d00000, 0x00000000f4d00000, 0x00000000f4e00000|  0%| F|  |TAMS 0x00000000f4d00000, 0x00000000f4d00000| Untracked 
| 334|0x00000000f4e00000, 0x00000000f4e00000, 0x00000000f4f00000|  0%| F|  |TAMS 0x00000000f4e00000, 0x00000000f4e00000| Untracked 
| 335|0x00000000f4f00000, 0x00000000f4f00000, 0x00000000f5000000|  0%| F|  |TAMS 0x00000000f4f00000, 0x00000000f4f00000| Untracked 
| 336|0x00000000f5000000, 0x00000000f5000000, 0x00000000f5100000|  0%| F|  |TAMS 0x00000000f5000000, 0x00000000f5000000| Untracked 
| 337|0x00000000f5100000, 0x00000000f5100000, 0x00000000f5200000|  0%| F|  |TAMS 0x00000000f5100000, 0x00000000f5100000| Untracked 
| 338|0x00000000f5200000, 0x00000000f5200000, 0x00000000f5300000|  0%| F|  |TAMS 0x00000000f5200000, 0x00000000f5200000| Untracked 
| 339|0x00000000f5300000, 0x00000000f5300000, 0x00000000f5400000|  0%| F|  |TAMS 0x00000000f5300000, 0x00000000f5300000| Untracked 
| 340|0x00000000f5400000, 0x00000000f5400000, 0x00000000f5500000|  0%| F|  |TAMS 0x00000000f5400000, 0x00000000f5400000| Untracked 
| 341|0x00000000f5500000, 0x00000000f5500000, 0x00000000f5600000|  0%| F|  |TAMS 0x00000000f5500000, 0x00000000f5500000| Untracked 
| 342|0x00000000f5600000, 0x00000000f5600000, 0x00000000f5700000|  0%| F|  |TAMS 0x00000000f5600000, 0x00000000f5600000| Untracked 
| 343|0x00000000f5700000, 0x00000000f5700000, 0x00000000f5800000|  0%| F|  |TAMS 0x00000000f5700000, 0x00000000f5700000| Untracked 
| 344|0x00000000f5800000, 0x00000000f5800000, 0x00000000f5900000|  0%| F|  |TAMS 0x00000000f5800000, 0x00000000f5800000| Untracked 
| 345|0x00000000f5900000, 0x00000000f5900000, 0x00000000f5a00000|  0%| F|  |TAMS 0x00000000f5900000, 0x00000000f5900000| Untracked 
| 346|0x00000000f5a00000, 0x00000000f5a00000, 0x00000000f5b00000|  0%| F|  |TAMS 0x00000000f5a00000, 0x00000000f5a00000| Untracked 
| 347|0x00000000f5b00000, 0x00000000f5b00000, 0x00000000f5c00000|  0%| F|  |TAMS 0x00000000f5b00000, 0x00000000f5b00000| Untracked 
| 348|0x00000000f5c00000, 0x00000000f5c00000, 0x00000000f5d00000|  0%| F|  |TAMS 0x00000000f5c00000, 0x00000000f5c00000| Untracked 
| 349|0x00000000f5d00000, 0x00000000f5d00000, 0x00000000f5e00000|  0%| F|  |TAMS 0x00000000f5d00000, 0x00000000f5d00000| Untracked 
| 350|0x00000000f5e00000, 0x00000000f5e00000, 0x00000000f5f00000|  0%| F|  |TAMS 0x00000000f5e00000, 0x00000000f5e00000| Untracked 
| 351|0x00000000f5f00000, 0x00000000f5f00000, 0x00000000f6000000|  0%| F|  |TAMS 0x00000000f5f00000, 0x00000000f5f00000| Untracked 
| 352|0x00000000f6000000, 0x00000000f6000000, 0x00000000f6100000|  0%| F|  |TAMS 0x00000000f6000000, 0x00000000f6000000| Untracked 
| 353|0x00000000f6100000, 0x00000000f6100000, 0x00000000f6200000|  0%| F|  |TAMS 0x00000000f6100000, 0x00000000f6100000| Untracked 
| 354|0x00000000f6200000, 0x00000000f6200000, 0x00000000f6300000|  0%| F|  |TAMS 0x00000000f6200000, 0x00000000f6200000| Untracked 
| 355|0x00000000f6300000, 0x00000000f6300000, 0x00000000f6400000|  0%| F|  |TAMS 0x00000000f6300000, 0x00000000f6300000| Untracked 
| 356|0x00000000f6400000, 0x00000000f6400000, 0x00000000f6500000|  0%| F|  |TAMS 0x00000000f6400000, 0x00000000f6400000| Untracked 
| 357|0x00000000f6500000, 0x00000000f6500000, 0x00000000f6600000|  0%| F|  |TAMS 0x00000000f6500000, 0x00000000f6500000| Untracked 
| 358|0x00000000f6600000, 0x00000000f6600000, 0x00000000f6700000|  0%| F|  |TAMS 0x00000000f6600000, 0x00000000f6600000| Untracked 
| 359|0x00000000f6700000, 0x00000000f6700000, 0x00000000f6800000|  0%| F|  |TAMS 0x00000000f6700000, 0x00000000f6700000| Untracked 
| 360|0x00000000f6800000, 0x00000000f6800000, 0x00000000f6900000|  0%| F|  |TAMS 0x00000000f6800000, 0x00000000f6800000| Untracked 
| 361|0x00000000f6900000, 0x00000000f6900000, 0x00000000f6a00000|  0%| F|  |TAMS 0x00000000f6900000, 0x00000000f6900000| Untracked 
| 362|0x00000000f6a00000, 0x00000000f6a00000, 0x00000000f6b00000|  0%| F|  |TAMS 0x00000000f6a00000, 0x00000000f6a00000| Untracked 
| 363|0x00000000f6b00000, 0x00000000f6b00000, 0x00000000f6c00000|  0%| F|  |TAMS 0x00000000f6b00000, 0x00000000f6b00000| Untracked 
| 364|0x00000000f6c00000, 0x00000000f6c00000, 0x00000000f6d00000|  0%| F|  |TAMS 0x00000000f6c00000, 0x00000000f6c00000| Untracked 
| 365|0x00000000f6d00000, 0x00000000f6d00000, 0x00000000f6e00000|  0%| F|  |TAMS 0x00000000f6d00000, 0x00000000f6d00000| Untracked 
| 366|0x00000000f6e00000, 0x00000000f6e00000, 0x00000000f6f00000|  0%| F|  |TAMS 0x00000000f6e00000, 0x00000000f6e00000| Untracked 
| 367|0x00000000f6f00000, 0x00000000f6f00000, 0x00000000f7000000|  0%| F|  |TAMS 0x00000000f6f00000, 0x00000000f6f00000| Untracked 
| 368|0x00000000f7000000, 0x00000000f7000000, 0x00000000f7100000|  0%| F|  |TAMS 0x00000000f7000000, 0x00000000f7000000| Untracked 
| 369|0x00000000f7100000, 0x00000000f71c0fe0, 0x00000000f7200000| 75%| E|  |TAMS 0x00000000f7100000, 0x00000000f7100000| Complete 
| 370|0x00000000f7200000, 0x00000000f7300000, 0x00000000f7300000|100%| E|CS|TAMS 0x00000000f7200000, 0x00000000f7200000| Complete 
| 371|0x00000000f7300000, 0x00000000f7400000, 0x00000000f7400000|100%| E|CS|TAMS 0x00000000f7300000, 0x00000000f7300000| Complete 
| 372|0x00000000f7400000, 0x00000000f74ea3c0, 0x00000000f7500000| 91%| S|CS|TAMS 0x00000000f7400000, 0x00000000f7400000| Complete 
| 373|0x00000000f7500000, 0x00000000f7600000, 0x00000000f7600000|100%| E|CS|TAMS 0x00000000f7500000, 0x00000000f7500000| Complete 
| 374|0x00000000f7600000, 0x00000000f7700000, 0x00000000f7700000|100%| E|CS|TAMS 0x00000000f7600000, 0x00000000f7600000| Complete 
| 375|0x00000000f7700000, 0x00000000f7800000, 0x00000000f7800000|100%| E|CS|TAMS 0x00000000f7700000, 0x00000000f7700000| Complete 
| 376|0x00000000f7800000, 0x00000000f7900000, 0x00000000f7900000|100%| E|CS|TAMS 0x00000000f7800000, 0x00000000f7800000| Complete 
| 377|0x00000000f7900000, 0x00000000f7a00000, 0x00000000f7a00000|100%| E|CS|TAMS 0x00000000f7900000, 0x00000000f7900000| Complete 
| 378|0x00000000f7a00000, 0x00000000f7b00000, 0x00000000f7b00000|100%| E|CS|TAMS 0x00000000f7a00000, 0x00000000f7a00000| Complete 
| 379|0x00000000f7b00000, 0x00000000f7c00000, 0x00000000f7c00000|100%| E|CS|TAMS 0x00000000f7b00000, 0x00000000f7b00000| Complete 
| 380|0x00000000f7c00000, 0x00000000f7d00000, 0x00000000f7d00000|100%| E|CS|TAMS 0x00000000f7c00000, 0x00000000f7c00000| Complete 
| 381|0x00000000f7d00000, 0x00000000f7e00000, 0x00000000f7e00000|100%| E|CS|TAMS 0x00000000f7d00000, 0x00000000f7d00000| Complete 
| 382|0x00000000f7e00000, 0x00000000f7f00000, 0x00000000f7f00000|100%| E|CS|TAMS 0x00000000f7e00000, 0x00000000f7e00000| Complete 
| 383|0x00000000f7f00000, 0x00000000f8000000, 0x00000000f8000000|100%| E|CS|TAMS 0x00000000f7f00000, 0x00000000f7f00000| Complete 
| 384|0x00000000f8000000, 0x00000000f8100000, 0x00000000f8100000|100%| E|CS|TAMS 0x00000000f8000000, 0x00000000f8000000| Complete 
| 385|0x00000000f8100000, 0x00000000f8200000, 0x00000000f8200000|100%| E|CS|TAMS 0x00000000f8100000, 0x00000000f8100000| Complete 

Card table byte_map: [0x00000189d8670000,0x00000189d8770000] _byte_map_base: 0x00000189d7f70000

Marking Bits (Prev, Next): (CMBitMap*) 0x00000189c2060728, (CMBitMap*) 0x00000189c2060760
 Prev Bits: [0x00000189d8870000, 0x00000189d9070000)
 Next Bits: [0x00000189d9070000, 0x00000189d9870000)

Polling page: 0x00000189c01d0000

Metaspace:

Usage:
  Non-class:     98.71 MB capacity,    96.18 MB ( 97%) used,     2.23 MB (  2%) free+waste,   316.44 KB ( <1%) overhead. 
      Class:     14.39 MB capacity,    13.28 MB ( 92%) used,   996.22 KB (  7%) free+waste,   141.69 KB ( <1%) overhead. 
       Both:    113.10 MB capacity,   109.46 MB ( 97%) used,     3.20 MB (  3%) free+waste,   458.13 KB ( <1%) overhead. 

Virtual space:
  Non-class space:      100.00 MB reserved,      98.90 MB ( 99%) committed 
      Class space:      248.00 MB reserved,      14.49 MB (  6%) committed 
             Both:      348.00 MB reserved,     113.39 MB ( 33%) committed 

Chunk freelists:
   Non-Class:  7.88 KB
       Class:  1.88 KB
        Both:  9.75 KB

CodeHeap 'non-profiled nmethods': size=120064Kb used=17496Kb max_used=17496Kb free=102567Kb
 bounds [0x00000189d1130000, 0x00000189d2250000, 0x00000189d8670000]
CodeHeap 'profiled nmethods': size=120000Kb used=40978Kb max_used=40978Kb free=79021Kb
 bounds [0x00000189c9c00000, 0x00000189cc430000, 0x00000189d1130000]
CodeHeap 'non-nmethods': size=5696Kb used=2334Kb max_used=2439Kb free=3361Kb
 bounds [0x00000189c9670000, 0x00000189c98e0000, 0x00000189c9c00000]
 total_blobs=20869 nmethods=19910 adapters=869
 compilation: enabled
              stopped_count=0, restarted_count=0
 full_count=0

Compilation events (10 events):
Event: 3865.287 Thread 0x00000189dbeae800 23951   !   3       sun.nio.cs.US_ASCII$Decoder::decodeArrayLoop (297 bytes)
Event: 3865.290 Thread 0x00000189dbeae800 nmethod 23951 0x00000189cc3fc710 code [0x00000189cc3fcca0, 0x00000189cc3ff4e8]
Event: 3865.290 Thread 0x00000189dbeae800 23952       2       com.android.tools.build.apkzlib.zip.ZFileOptions$$Lambda$1118/0x0000000100998440::get (4 bytes)
Event: 3865.290 Thread 0x00000189dbeae800 nmethod 23952 0x00000189cc400590 code [0x00000189cc400720, 0x00000189cc400878]
Event: 3865.290 Thread 0x00000189dbeae800 23953       2       com.android.tools.build.apkzlib.zip.VerifyLogs::devNull (8 bytes)
Event: 3865.291 Thread 0x00000189dbeae800 nmethod 23953 0x00000189cc400910 code [0x00000189cc400aa0, 0x00000189cc400bd8]
Event: 3865.291 Thread 0x00000189dbeae800 23955       2       com.google.common.util.concurrent.ImmediateFuture$ImmediateSuccessfulFuture::<init> (10 bytes)
Event: 3865.291 Thread 0x00000189dbeae800 nmethod 23955 0x00000189cc400c90 code [0x00000189cc400e20, 0x00000189cc400f58]
Event: 3865.291 Thread 0x00000189dbeae800 23954       2       com.android.tools.build.apkzlib.zip.VerifyLogs$1::<init> (5 bytes)
Event: 3865.291 Thread 0x00000189dbeae800 nmethod 23954 0x00000189cc401010 code [0x00000189cc4011a0, 0x00000189cc401298]

GC Heap History (10 events):
Event: 3863.038 GC heap before
{Heap before GC invocations=129 (full 0):
 garbage-first heap   total 395264K, used 314509K [0x00000000e0000000, 0x0000000100000000)
  region size 1024K, 51 young (52224K), 5 survivors (5120K)
 Metaspace       used 111260K, capacity 114984K, committed 115216K, reserved 356352K
  class space    used 13498K, capacity 14610K, committed 14712K, reserved 253952K
}
Event: 3863.058 GC heap after
{Heap after GC invocations=130 (full 0):
 garbage-first heap   total 395264K, used 270807K [0x00000000e0000000, 0x0000000100000000)
  region size 1024K, 7 young (7168K), 7 survivors (7168K)
 Metaspace       used 111260K, capacity 114984K, committed 115216K, reserved 356352K
  class space    used 13498K, capacity 14610K, committed 14712K, reserved 253952K
}
Event: 3863.077 GC heap before
{Heap before GC invocations=130 (full 0):
 garbage-first heap   total 395264K, used 282071K [0x00000000e0000000, 0x0000000100000000)
  region size 1024K, 19 young (19456K), 7 survivors (7168K)
 Metaspace       used 111260K, capacity 114984K, committed 115216K, reserved 356352K
  class space    used 13498K, capacity 14610K, committed 14712K, reserved 253952K
}
Event: 3863.106 GC heap after
{Heap after GC invocations=131 (full 0):
 garbage-first heap   total 395264K, used 262852K [0x00000000e0000000, 0x0000000100000000)
  region size 1024K, 3 young (3072K), 3 survivors (3072K)
 Metaspace       used 111260K, capacity 114984K, committed 115216K, reserved 356352K
  class space    used 13498K, capacity 14610K, committed 14712K, reserved 253952K
}
Event: 3863.116 GC heap before
{Heap before GC invocations=131 (full 0):
 garbage-first heap   total 395264K, used 267972K [0x00000000e0000000, 0x0000000100000000)
  region size 1024K, 9 young (9216K), 3 survivors (3072K)
 Metaspace       used 111260K, capacity 114984K, committed 115216K, reserved 356352K
  class space    used 13498K, capacity 14610K, committed 14712K, reserved 253952K
}
Event: 3863.130 GC heap after
{Heap after GC invocations=132 (full 0):
 garbage-first heap   total 395264K, used 263485K [0x00000000e0000000, 0x0000000100000000)
  region size 1024K, 3 young (3072K), 3 survivors (3072K)
 Metaspace       used 111260K, capacity 114984K, committed 115216K, reserved 356352K
  class space    used 13498K, capacity 14610K, committed 14712K, reserved 253952K
}
Event: 3864.392 GC heap before
{Heap before GC invocations=133 (full 0):
 garbage-first heap   total 395264K, used 321853K [0x00000000e0000000, 0x0000000100000000)
  region size 1024K, 53 young (54272K), 3 survivors (3072K)
 Metaspace       used 111330K, capacity 115051K, committed 115216K, reserved 356352K
  class space    used 13498K, capacity 14610K, committed 14712K, reserved 253952K
}
Event: 3864.404 GC heap after
{Heap after GC invocations=134 (full 0):
 garbage-first heap   total 395264K, used 264136K [0x00000000e0000000, 0x0000000100000000)
  region size 1024K, 6 young (6144K), 6 survivors (6144K)
 Metaspace       used 111330K, capacity 115051K, committed 115216K, reserved 356352K
  class space    used 13498K, capacity 14610K, committed 14712K, reserved 253952K
}
Event: 3864.913 GC heap before
{Heap before GC invocations=134 (full 0):
 garbage-first heap   total 395264K, used 276424K [0x00000000e0000000, 0x0000000100000000)
  region size 1024K, 19 young (19456K), 6 survivors (6144K)
 Metaspace       used 111368K, capacity 115058K, committed 115216K, reserved 356352K
  class space    used 13504K, capacity 14612K, committed 14712K, reserved 253952K
}
Event: 3864.928 GC heap after
{Heap after GC invocations=135 (full 0):
 garbage-first heap   total 395264K, used 263631K [0x00000000e0000000, 0x0000000100000000)
  region size 1024K, 1 young (1024K), 1 survivors (1024K)
 Metaspace       used 111368K, capacity 115058K, committed 115216K, reserved 356352K
  class space    used 13504K, capacity 14612K, committed 14712K, reserved 253952K
}

Deoptimization events (10 events):
Event: 3864.897 Thread 0x00000189e149c000 Uncommon trap: reason=unstable_if action=reinterpret pc=0x00000189d1cf0040 method=org.gradle.internal.change.SummarizingChangeContainer.accept(Lorg/gradle/internal/change/ChangeVisitor;)Z @ 56 c2
Event: 3865.159 Thread 0x00000189e14a0000 Uncommon trap: reason=class_check action=maybe_recompile pc=0x00000189d1f566a0 method=com.google.common.collect.Iterables.castOrCopyToCollection(Ljava/lang/Iterable;)Ljava/util/Collection; @ 1 c2
Event: 3865.159 Thread 0x00000189e14a0000 Uncommon trap: reason=bimorphic_or_optimized_type_check action=maybe_recompile pc=0x00000189d1ee60e0 method=com.google.common.collect.TransformedIterator.hasNext()Z @ 4 c2
Event: 3865.160 Thread 0x00000189e14a0000 Uncommon trap: reason=bimorphic_or_optimized_type_check action=maybe_recompile pc=0x00000189d1ee60e0 method=com.google.common.collect.TransformedIterator.hasNext()Z @ 4 c2
Event: 3865.160 Thread 0x00000189e14a0000 Uncommon trap: reason=bimorphic_or_optimized_type_check action=maybe_recompile pc=0x00000189d1ee60e0 method=com.google.common.collect.TransformedIterator.hasNext()Z @ 4 c2
Event: 3865.160 Thread 0x00000189e14a0000 Uncommon trap: reason=class_check action=maybe_recompile pc=0x00000189d1f566a0 method=com.google.common.collect.Iterables.castOrCopyToCollection(Ljava/lang/Iterable;)Ljava/util/Collection; @ 1 c2
Event: 3865.198 Thread 0x00000189e14a0000 Uncommon trap: reason=profile_predicate action=maybe_recompile pc=0x00000189d14b080c method=java.util.TreeMap.getEntryUsingComparator(Ljava/lang/Object;)Ljava/util/TreeMap$Entry; @ 19 c2
Event: 3865.198 Thread 0x00000189e14a0000 Uncommon trap: reason=profile_predicate action=maybe_recompile pc=0x00000189d14b080c method=java.util.TreeMap.getEntryUsingComparator(Ljava/lang/Object;)Ljava/util/TreeMap$Entry; @ 19 c2
Event: 3865.228 Thread 0x00000189e14a0000 Uncommon trap: reason=profile_predicate action=maybe_recompile pc=0x00000189d14b080c method=java.util.TreeMap.getEntryUsingComparator(Ljava/lang/Object;)Ljava/util/TreeMap$Entry; @ 19 c2
Event: 3865.228 Thread 0x00000189e14a0000 Uncommon trap: reason=profile_predicate action=maybe_recompile pc=0x00000189d14b080c method=java.util.TreeMap.getEntryUsingComparator(Ljava/lang/Object;)Ljava/util/TreeMap$Entry; @ 19 c2

Classes redefined (0 events):
No events

Internal exceptions (10 events):
Event: 3864.942 Thread 0x00000189e149c000 Exception <a 'java/lang/ClassNotFoundException'{0x00000000f81bfbb8}: org/gradle/api/tasks/util/PatternSetCustomizer> (0x00000000f81bfbb8) thrown at [./open/src/hotspot/share/classfile/systemDictionary.cpp, line 227]
Event: 3864.944 Thread 0x00000189e149c000 Exception <a 'java/lang/ClassNotFoundException'{0x00000000f8006650}: org/gradle/api/tasks/util/internal/PatternSets$InternalPatternSetCustomizer> (0x00000000f8006650) thrown at [./open/src/hotspot/share/classfile/systemDictionary.cpp, line 227]
Event: 3864.948 Thread 0x00000189e149c000 Exception <a 'java/lang/ClassNotFoundException'{0x00000000f804cca8}: org/gradle/api/internal/file/DefaultFileVisitDetailsBeanInfo> (0x00000000f804cca8) thrown at [./open/src/hotspot/share/classfile/systemDictionary.cpp, line 227]
Event: 3864.948 Thread 0x00000189e149c000 Exception <a 'java/lang/ClassNotFoundException'{0x00000000f80686f0}: org/gradle/api/internal/file/DefaultFileTreeElementBeanInfo> (0x00000000f80686f0) thrown at [./open/src/hotspot/share/classfile/systemDictionary.cpp, line 227]
Event: 3864.949 Thread 0x00000189e149c000 Exception <a 'java/lang/ClassNotFoundException'{0x00000000f8084930}: org/gradle/api/internal/file/AbstractFileTreeElementBeanInfo> (0x00000000f8084930) thrown at [./open/src/hotspot/share/classfile/systemDictionary.cpp, line 227]
Event: 3864.950 Thread 0x00000189e149c000 Exception <a 'java/lang/ClassNotFoundException'{0x00000000f80a0b38}: org/gradle/api/internal/file/AbstractFileTreeElementCustomizer> (0x00000000f80a0b38) thrown at [./open/src/hotspot/share/classfile/systemDictionary.cpp, line 227]
Event: 3864.951 Thread 0x00000189e149c000 Exception <a 'java/lang/ClassNotFoundException'{0x00000000f80c34c0}: org/gradle/api/internal/file/DefaultFileTreeElementCustomizer> (0x00000000f80c34c0) thrown at [./open/src/hotspot/share/classfile/systemDictionary.cpp, line 227]
Event: 3864.952 Thread 0x00000189e149c000 Exception <a 'java/lang/ClassNotFoundException'{0x00000000f80e7990}: org/gradle/api/internal/file/DefaultFileVisitDetailsCustomizer> (0x00000000f80e7990) thrown at [./open/src/hotspot/share/classfile/systemDictionary.cpp, line 227]
Event: 3865.150 Thread 0x00000189e14a0000 Exception <a 'sun/nio/fs/WindowsException'{0x00000000f7ddb460}> (0x00000000f7ddb460) thrown at [./open/src/hotspot/share/prims/jni.cpp, line 611]
Event: 3865.150 Thread 0x00000189e14a0000 Exception <a 'sun/nio/fs/WindowsException'{0x00000000f7ddb820}> (0x00000000f7ddb820) thrown at [./open/src/hotspot/share/prims/jni.cpp, line 611]

Events (10 events):
Event: 3865.240 loading class com/android/tools/build/apkzlib/utils/IOExceptionFunction
Event: 3865.240 loading class com/android/tools/build/apkzlib/utils/IOExceptionFunction done
Event: 3865.240 loading class com/android/ide/common/resources/FileStatus
Event: 3865.240 loading class com/android/ide/common/resources/FileStatus done
Event: 3865.240 loading class com/android/builder/files/RelativeFile
Event: 3865.240 loading class com/android/builder/files/RelativeFile done
Event: 3865.240 loading class com/android/ide/common/resources/FileStatus
Event: 3865.240 loading class com/android/ide/common/resources/FileStatus done
Event: 3865.286 Thread 0x00000189e14a0000 DEOPT PACKING pc=0x00000189cc3e3e40 sp=0x0000001f956fdfa0
Event: 3865.286 Thread 0x00000189e14a0000 DEOPT UNPACKING pc=0x00000189c9696d5e sp=0x0000001f956fd528 mode 0


Dynamic libraries:
0x00007ff63fc80000 - 0x00007ff63fc8f000 	C:\Program Files\Java\jdk-11.0.13\bin\java.exe
0x00007fff940d0000 - 0x00007fff942c8000 	C:\Windows\SYSTEM32\ntdll.dll
0x00007fff92b20000 - 0x00007fff92bdd000 	C:\Windows\System32\KERNEL32.DLL
0x00007fff91b40000 - 0x00007fff91e0e000 	C:\Windows\System32\KERNELBASE.dll
0x00007fff91fc0000 - 0x00007fff920c0000 	C:\Windows\System32\ucrtbase.dll
0x00007fff82db0000 - 0x00007fff82dc8000 	C:\Program Files\Java\jdk-11.0.13\bin\jli.dll
0x00007fff929a0000 - 0x00007fff92a4e000 	C:\Windows\System32\ADVAPI32.dll
0x00007fff92460000 - 0x00007fff924fe000 	C:\Windows\System32\msvcrt.dll
0x00007fff93660000 - 0x00007fff936fc000 	C:\Windows\System32\sechost.dll
0x00007fff92130000 - 0x00007fff92255000 	C:\Windows\System32\RPCRT4.dll
0x00007fff922c0000 - 0x00007fff92460000 	C:\Windows\System32\USER32.dll
0x00007fff91b10000 - 0x00007fff91b32000 	C:\Windows\System32\win32u.dll
0x00007fff93630000 - 0x00007fff9365a000 	C:\Windows\System32\GDI32.dll
0x00007fff91e10000 - 0x00007fff91f1b000 	C:\Windows\System32\gdi32full.dll
0x00007fff91f20000 - 0x00007fff91fbd000 	C:\Windows\System32\msvcp_win.dll
0x00007fff86bd0000 - 0x00007fff86e6a000 	C:\Windows\WinSxS\amd64_microsoft.windows.common-controls_6595b64144ccf1df_6.0.19041.1110_none_60b5254171f9507e\COMCTL32.dll
0x00007fff84a00000 - 0x00007fff84a0a000 	C:\Windows\SYSTEM32\VERSION.dll
0x00007fff83a50000 - 0x00007fff83a65000 	C:\Program Files\Java\jdk-11.0.13\bin\VCRUNTIME140.dll
0x00007fff92910000 - 0x00007fff92940000 	C:\Windows\System32\IMM32.DLL
0x00007fff6a0e0000 - 0x00007fff6a17b000 	C:\Program Files\Java\jdk-11.0.13\bin\msvcp140.dll
0x00007fff351d0000 - 0x00007fff35ce3000 	C:\Program Files\Java\jdk-11.0.13\bin\server\jvm.dll
0x00007fff92500000 - 0x00007fff92508000 	C:\Windows\System32\PSAPI.DLL
0x00007fff83a40000 - 0x00007fff83a49000 	C:\Windows\SYSTEM32\WSOCK32.dll
0x00007fff868b0000 - 0x00007fff868d7000 	C:\Windows\SYSTEM32\WINMM.dll
0x00007fff93a20000 - 0x00007fff93a8b000 	C:\Windows\System32\WS2_32.dll
0x00007fff8f6f0000 - 0x00007fff8f702000 	C:\Windows\SYSTEM32\kernel.appcore.dll
0x00007fff82da0000 - 0x00007fff82db0000 	C:\Program Files\Java\jdk-11.0.13\bin\verify.dll
0x00007fff869e0000 - 0x00007fff86bc4000 	C:\Windows\SYSTEM32\DBGHELP.DLL
0x00007fff86870000 - 0x00007fff8689c000 	C:\Windows\SYSTEM32\dbgcore.DLL
0x00007fff91920000 - 0x00007fff919a2000 	C:\Windows\System32\bcryptPrimitives.dll
0x00007fff81a50000 - 0x00007fff81a78000 	C:\Program Files\Java\jdk-11.0.13\bin\java.dll
0x00007fff82d90000 - 0x00007fff82d9a000 	C:\Program Files\Java\jdk-11.0.13\bin\jimage.dll
0x00007fff81a00000 - 0x00007fff81a16000 	C:\Program Files\Java\jdk-11.0.13\bin\zip.dll
0x00007fff92be0000 - 0x00007fff93324000 	C:\Windows\System32\SHELL32.dll
0x00007fff8f8f0000 - 0x00007fff90084000 	C:\Windows\SYSTEM32\windows.storage.dll
0x00007fff925b0000 - 0x00007fff92904000 	C:\Windows\System32\combase.dll
0x00007fff91180000 - 0x00007fff911b0000 	C:\Windows\SYSTEM32\Wldp.dll
0x00007fff93580000 - 0x00007fff9362d000 	C:\Windows\System32\SHCORE.dll
0x00007fff93780000 - 0x00007fff937d5000 	C:\Windows\System32\shlwapi.dll
0x00007fff91730000 - 0x00007fff9174f000 	C:\Windows\SYSTEM32\profapi.dll
0x00007fff819c0000 - 0x00007fff819d9000 	C:\Program Files\Java\jdk-11.0.13\bin\net.dll
0x00007fff87990000 - 0x00007fff87a9a000 	C:\Windows\SYSTEM32\WINHTTP.dll
0x00007fff90ee0000 - 0x00007fff90f4a000 	C:\Windows\system32\mswsock.dll
0x00007fff819a0000 - 0x00007fff819b2000 	C:\Program Files\Java\jdk-11.0.13\bin\nio.dll
0x00007fff81970000 - 0x00007fff81996000 	C:\Users\LUCKY\.gradle\native\29\windows-amd64\native-platform.dll
0x00007fff818b0000 - 0x00007fff818b9000 	C:\Program Files\Java\jdk-11.0.13\bin\management.dll
0x00007fff75910000 - 0x00007fff7591b000 	C:\Program Files\Java\jdk-11.0.13\bin\management_ext.dll
0x00007fff910d0000 - 0x00007fff910e8000 	C:\Windows\SYSTEM32\CRYPTSP.dll
0x00007fff90860000 - 0x00007fff90894000 	C:\Windows\system32\rsaenh.dll
0x00007fff917f0000 - 0x00007fff91817000 	C:\Windows\System32\bcrypt.dll
0x00007fff916f0000 - 0x00007fff9171e000 	C:\Windows\SYSTEM32\USERENV.dll
0x00007fff910f0000 - 0x00007fff910fc000 	C:\Windows\SYSTEM32\CRYPTBASE.dll
0x00007fff90bd0000 - 0x00007fff90c0b000 	C:\Windows\SYSTEM32\IPHLPAPI.DLL
0x00007fff93a10000 - 0x00007fff93a18000 	C:\Windows\System32\NSI.dll
0x00007fff89770000 - 0x00007fff89787000 	C:\Windows\SYSTEM32\dhcpcsvc6.DLL
0x00007fff89d10000 - 0x00007fff89d2d000 	C:\Windows\SYSTEM32\dhcpcsvc.DLL
0x00007fff90c10000 - 0x00007fff90cdb000 	C:\Windows\SYSTEM32\DNSAPI.dll
0x00007fff74370000 - 0x00007fff7437d000 	C:\Program Files\Java\jdk-11.0.13\bin\sunmscapi.dll
0x00007fff919b0000 - 0x00007fff91b06000 	C:\Windows\System32\CRYPT32.dll
0x00007fff911f0000 - 0x00007fff91217000 	C:\Windows\SYSTEM32\ncrypt.dll
0x00007fff911b0000 - 0x00007fff911eb000 	C:\Windows\SYSTEM32\NTASN1.dll
0x00007fff6a0b0000 - 0x00007fff6a0d5000 	C:\Program Files\Java\jdk-11.0.13\bin\sunec.dll
0x00007fff88b60000 - 0x00007fff88b6a000 	C:\Windows\System32\rasadhlp.dll
0x00007fff87910000 - 0x00007fff87990000 	C:\Windows\System32\fwpuclnt.dll
0x00007fff904f0000 - 0x00007fff90523000 	C:\Windows\SYSTEM32\ntmarta.dll

dbghelp: loaded successfully - version: 4.0.5 - missing functions: none
symbol engine: initialized successfully - sym options: 0x614 - pdb path: .;C:\Program Files\Java\jdk-11.0.13\bin;C:\Windows\SYSTEM32;C:\Windows\WinSxS\amd64_microsoft.windows.common-controls_6595b64144ccf1df_6.0.19041.1110_none_60b5254171f9507e;C:\Program Files\Java\jdk-11.0.13\bin\server;C:\Users\LUCKY\.gradle\native\29\windows-amd64

VM Arguments:
jvm_args: --add-opens=java.base/java.util=ALL-UNNAMED --add-opens=java.base/java.lang=ALL-UNNAMED --add-opens=java.base/java.lang.invoke=ALL-UNNAMED --add-opens=java.prefs/java.util.prefs=ALL-UNNAMED -XX:MaxMetaspaceSize=256m -XX:+HeapDumpOnOutOfMemoryError -Xms256m -Xmx512m -Dfile.encoding=windows-1252 -Duser.country=US -Duser.language=en -Duser.variant 
java_command: org.gradle.launcher.daemon.bootstrap.GradleDaemon 5.5
java_class_path (initial): C:\Users\LUCKY\.gradle\wrapper\dists\gradle-5.5-all\byeise1led9a3w3p149d02kfj\gradle-5.5\lib\gradle-launcher-5.5.jar
Launcher Type: SUN_STANDARD

[Global flags]
     intx CICompilerCount                          = 3                                         {product} {ergonomic}
   size_t CompressedClassSpaceSize                 = 260046848                                 {product} {ergonomic}
     uint ConcGCThreads                            = 1                                         {product} {ergonomic}
     uint G1ConcRefinementThreads                  = 4                                         {product} {ergonomic}
   size_t G1HeapRegionSize                         = 1048576                                   {product} {ergonomic}
    uintx GCDrainStackTargetSize                   = 64                                        {product} {ergonomic}
     bool HeapDumpOnOutOfMemoryError               = true                                   {manageable} {command line}
   size_t InitialHeapSize                          = 268435456                                 {product} {command line}
   size_t MarkStackSize                            = 4194304                                   {product} {ergonomic}
   size_t MaxHeapSize                              = 536870912                                 {product} {command line}
   size_t MaxMetaspaceSize                         = 268435456                                 {product} {command line}
   size_t MaxNewSize                               = 321912832                                 {product} {ergonomic}
   size_t MinHeapDeltaBytes                        = 1048576                                   {product} {ergonomic}
    uintx NonNMethodCodeHeapSize                   = 5830732                                {pd product} {ergonomic}
    uintx NonProfiledCodeHeapSize                  = 122913754                              {pd product} {ergonomic}
    uintx ProfiledCodeHeapSize                     = 122913754                              {pd product} {ergonomic}
    uintx ReservedCodeCacheSize                    = 251658240                              {pd product} {ergonomic}
     bool SegmentedCodeCache                       = true                                      {product} {ergonomic}
     bool UseCompressedClassPointers               = true                                 {lp64_product} {ergonomic}
     bool UseCompressedOops                        = true                                 {lp64_product} {ergonomic}
     bool UseG1GC                                  = true                                      {product} {ergonomic}
     bool UseLargePagesIndividualAllocation        = false                                  {pd product} {ergonomic}

Logging:
Log output configuration:
 #0: stdout all=warning uptime,level,tags
 #1: stderr all=off uptime,level,tags

Environment Variables:
JAVA_HOME=C:\Program Files\Java\jdk-11.0.13\
CLASSPATH=D:\MyWork\ReactNative\whsnxt_mvp\android\\gradle\wrapper\gradle-wrapper.jar
PATH=D:\MyWork\ReactNative\whsnxt_mvp\android\node_modules\.bin;D:\MyWork\ReactNative\whsnxt_mvp\node_modules\.bin;D:\MyWork\ReactNative\node_modules\.bin;D:\MyWork\node_modules\.bin;D:\node_modules\.bin;C:\Program Files\nodejs;C:\Program Files (x86)\OpenJDK\jdk-8.0.262.10-hotspot\bin;C:\Program Files (x86)\Common Files\Oracle\Java\javapath;C:\Program Files\Common Files\Oracle\Java\javapath;C:\Windows\system32;C:\Windows;C:\Windows\System32\Wbem;C:\Windows\System32\WindowsPowerShell\v1.0\;C:\Windows\System32\OpenSSH\;C:\Program Files\Git\cmd;C:\Users\LUCKY\AppData\Roaming\nvm;C:\Program Files\nodejs;C:\xampp\php;C:\ProgramData\ComposerSetup\bin;C:\Program Files\PuTTY\;C:\Program Files\Java\jdk-18.0.1.1\bin;C:\Program Files\Microsoft SQL Server\150\Tools\Binn\;C:\Users\LUCKY\AppData\Local\Android\Sdk\platform-tools;C:\Program Files\Java\jdk-11.0.13\bin;C:\Users\LUCKY\AppData\Local\Android\Sdk\ndk-bundle;C:\Users\LUCKY\AppData\Local\Programs\Python\Python310\Scripts\;C:\Users\LUCKY\AppData\Local\Programs\Python\Python310\;C:\Users\LUCKY\AppData\Local\Microsoft\WindowsApps;C:\Program Files\Bandizip\;C:\Users\LUCKY\AppData\Roaming\npm;C:\Users\LUCKY\AppData\Local\Programs\Microsoft VS Code\bin;C:\Users\LUCKY\AppData\Roaming\nvm;C:\Program Files\nodejs;C:\Users\LUCKY\AppData\Roaming\Composer\vendor\bin;C:\Program Files\JetBrains\PyCharm Community Edition 2022.1.1\bin;;C:\Users\LUCKY\AppData\Local\Android\Sdk\ndk-bundle;C:\Users\LUCKY\AppData\Local\Android\Sdk\platform-tools;
USERNAME=LUCKY
OS=Windows_NT
PROCESSOR_IDENTIFIER=Intel64 Family 6 Model 58 Stepping 9, GenuineIntel



---------------  S Y S T E M  ---------------

OS: Windows 10 , 64 bit Build 19041 (10.0.19041.1806)

CPU:total 4 (initial active 4) (2 cores per cpu, 2 threads per core) family 6 model 58 stepping 9 microcode 0x21, cmov, cx8, fxsr, mmx, sse, sse2, sse3, ssse3, sse4.1, sse4.2, popcnt, avx, aes, clmul, erms, ht, tsc, tscinvbit, tscinv

Memory: 4k page, system-wide physical 12182M (3083M free)
TotalPageFile size 24470M (AvailPageFile size 13252M)
current process WorkingSet (physical memory assigned to process): 698M, peak: 708M
current process commit charge ("private bytes"): 777M, peak: 790M

vm_info: Java HotSpot(TM) 64-Bit Server VM (11.0.13+10-LTS-370) for windows-amd64 JRE (11.0.13+10-LTS-370), built on Sep 15 2021 22:10:36 by "mach5one" with MS VC++ 15.9 (VS2017)

END.
