#
# A fatal error has been detected by the Java Runtime Environment:
#
#  EXCEPTION_ACCESS_VIOLATION (0xc0000005) at pc=0x00007ffca100ce9d, pid=14564, tid=6740
#
# JRE version: Java(TM) SE Runtime Environment 18.9 (11.0.13+10) (build 11.0.13+10-LTS-370)
# Java VM: Java HotSpot(TM) 64-Bit Server VM 18.9 (11.0.13+10-LTS-370, mixed mode, tiered, compressed oops, g1 gc, windows-amd64)
# Problematic frame:
# V  [jvm.dll+0x53ce9d]
#
# No core dump will be written. Minidumps are not enabled by default on client versions of Windows
#
# If you would like to submit a bug report, please visit:
#   https://bugreport.java.com/bugreport/crash.jsp
#

---------------  S U M M A R Y ------------

Command Line: --add-opens=java.base/java.util=ALL-UNNAMED --add-opens=java.base/java.lang=ALL-UNNAMED --add-opens=java.base/java.lang.invoke=ALL-UNNAMED --add-opens=java.prefs/java.util.prefs=ALL-UNNAMED -XX:MaxMetaspaceSize=256m -XX:+HeapDumpOnOutOfMemoryError -Xms256m -Xmx512m -Dfile.encoding=windows-1252 -Duser.country=US -Duser.language=en -Duser.variant org.gradle.launcher.daemon.bootstrap.GradleDaemon 5.5

Host: Intel(R) Core(TM) i5-3230M CPU @ 2.60GHz, 4 cores, 11G,  Windows 10 , 64 bit Build 19041 (10.0.19041.1806)
Time: Tue Aug  9 20:05:03 2022 Tokyo Standard Time elapsed time: 196.944285 seconds (0d 0h 3m 16s)

---------------  T H R E A D  ---------------

Current thread (0x000001dfdf5bd800):  JavaThread "C2 CompilerThread1" daemon [_thread_in_native, id=6740, stack(0x000000ce1bf00000,0x000000ce1c000000)]


Current CompileTask:
C2: 196944 15271       4       com.android.tools.r8.graph.DexEncodedAnnotation::sort (88 bytes)

Stack: [0x000000ce1bf00000,0x000000ce1c000000],  sp=0x000000ce1bffb3e0,  free space=1004k
Native frames: (J=compiled Java code, j=interpreted, Vv=VM code, C=native code)
V  [jvm.dll+0x53ce9d]
V  [jvm.dll+0x53c35b]
V  [jvm.dll+0x1f99d7]
V  [jvm.dll+0x1f731d]
V  [jvm.dll+0x177991]
V  [jvm.dll+0x206d84]
V  [jvm.dll+0x204ebb]
V  [jvm.dll+0x727e70]
V  [jvm.dll+0x720a54]
V  [jvm.dll+0x627606]
C  [ucrtbase.dll+0x21bb2]
C  [KERNEL32.DLL+0x17034]
C  [ntdll.dll+0x52651]


siginfo: EXCEPTION_ACCESS_VIOLATION (0xc0000005), reading address 0x00007dfca12fb1e8


Register to memory mapping:

RIP=0x00007ffca100ce9d jvm.dll
RAX=0x00007dfca12fb1d8 is an unknown value
RBX=0x000001dfe74151c0 points into unknown readable memory: 0x00007dfca12fb1d8 | d8 b1 2f a1 fc 7d 00 00
RCX=0x000001dfe74151c0 points into unknown readable memory: 0x00007dfca12fb1d8 | d8 b1 2f a1 fc 7d 00 00
RDX=0x00000000000002b3 is an unknown value
RSP=0x000000ce1bffb3e0 is pointing into the stack for thread: 0x000001dfdf5bd800
RBP=0x000000ce1bffb550 is pointing into the stack for thread: 0x000001dfdf5bd800
RSI=0x000000000000058e is an unknown value
RDI=0x000000ce1bffb4f8 is pointing into the stack for thread: 0x000001dfdf5bd800
R8 =0x0000000000001000 is an unknown value
R9 =0x000000ce1bffc480 is pointing into the stack for thread: 0x000001dfdf5bd800
R10=0x0 is NULL
R11=0x000001dfe9362820 points into unknown readable memory: 0x000001dfe8210ce0 | e0 0c 21 e8 df 01 00 00
R12=0x000000ce1bffb490 is pointing into the stack for thread: 0x000001dfdf5bd800
R13=0x000000ce1bffb470 is pointing into the stack for thread: 0x000001dfdf5bd800
R14=0x0000000000000003 is an unknown value
R15=0x000001dfe74109a0 points into unknown readable memory: 0x00007ffca12fb1d8 | d8 b1 2f a1 fc 7f 00 00


Registers:
RAX=0x00007dfca12fb1d8, RBX=0x000001dfe74151c0, RCX=0x000001dfe74151c0, RDX=0x00000000000002b3
RSP=0x000000ce1bffb3e0, RBP=0x000000ce1bffb550, RSI=0x000000000000058e, RDI=0x000000ce1bffb4f8
R8 =0x0000000000001000, R9 =0x000000ce1bffc480, R10=0x0000000000000000, R11=0x000001dfe9362820
R12=0x000000ce1bffb490, R13=0x000000ce1bffb470, R14=0x0000000000000003, R15=0x000001dfe74109a0
RIP=0x00007ffca100ce9d, EFLAGS=0x0000000000010206

Top of Stack: (sp=0x000000ce1bffb3e0)
0x000000ce1bffb3e0:   000001dfe7413bb8 000000ce1bffb550
0x000000ce1bffb3f0:   000000000000058e 000001dfe81a7d40
0x000000ce1bffb400:   000001dfe50b7778 00007ffca10d8acf
0x000000ce1bffb410:   0000000000000000 000001dfe50b7778
0x000000ce1bffb420:   000000ce1bffc480 000000ce1bffb550
0x000000ce1bffb430:   0000000000000001 000001dfe50b7700
0x000000ce1bffb440:   000001dfe50e9810 00007ffca100c35b
0x000000ce1bffb450:   000000ce1bffc480 0000000000000001
0x000000ce1bffb460:   000000ce00000006 000000ce1bffb4f8
0x000000ce1bffb470:   000001dfe19992a0 000001df00000800
0x000000ce1bffb480:   000001dfe935c3a0 000000000000058f
0x000000ce1bffb490:   00007ffca1388160 000001dfe19992a0
0x000000ce1bffb4a0:   0000000000000080 000001dfe822a310
0x000000ce1bffb4b0:   000001dfe19992a0 000001dfe9e7e8b0
0x000000ce1bffb4c0:   0000000000038310 000001dfe9e7e900
0x000000ce1bffb4d0:   000001dfe9e86898 000001dfe19992a0 

Instructions: (pc=0x00007ffca100ce9d)
0x00007ffca100ce7d:   8c 24 80 00 00 00 48 89 1c e8 eb 97 48 8b 43 08
0x00007ffca100ce8d:   48 83 38 00 0f 84 89 00 00 00 48 8b 03 48 8b cb
0x00007ffca100ce9d:   ff 50 10 84 c0 75 0a 8b 43 2c 83 e0 0f 3c 0c 75
0x00007ffca100cead:   6d 8b 4b 28 8b c1 c1 e8 05 41 3b 44 24 10 73 2a 


Stack slot to memory mapping:
stack at sp + 0 slots: 0x000001dfe7413bb8 points into unknown readable memory: 0x00007ffca1310370 | 70 03 31 a1 fc 7f 00 00
stack at sp + 1 slots: 0x000000ce1bffb550 is pointing into the stack for thread: 0x000001dfdf5bd800
stack at sp + 2 slots: 0x000000000000058e is an unknown value
stack at sp + 3 slots: 0x000001dfe81a7d40 points into unknown readable memory: 0x000001dfe81a1ee0 | e0 1e 1a e8 df 01 00 00
stack at sp + 4 slots: 0x000001dfe50b7778 points into unknown readable memory: 0x000001dfdf5bd800 | 00 d8 5b df df 01 00 00
stack at sp + 5 slots: 0x00007ffca10d8acf jvm.dll
stack at sp + 6 slots: 0x0 is NULL
stack at sp + 7 slots: 0x000001dfe50b7778 points into unknown readable memory: 0x000001dfdf5bd800 | 00 d8 5b df df 01 00 00


---------------  P R O C E S S  ---------------

Threads class SMR info:
_java_thread_list=0x000001dfe1bdb090, length=45, elements={
0x000001dfc2aa9000, 0x000001dfdc8cc000, 0x000001dfdc8f7800, 0x000001dfdc90b800,
0x000001dfdc90e800, 0x000001dfdc90f000, 0x000001dfdc918000, 0x000001dfdc922000,
0x000001dfdc927800, 0x000001dfdd3cf800, 0x000001dfddd94000, 0x000001dfdeda5800,
0x000001dfdea2a800, 0x000001dfdeec2000, 0x000001dfdeec0800, 0x000001dfdeec4800,
0x000001dfdecfb800, 0x000001dfdecfe000, 0x000001dfdecfd000, 0x000001dfdecff000,
0x000001dfdecff800, 0x000001dfded00800, 0x000001dfdecfa800, 0x000001dfded01800,
0x000001dfdecfc800, 0x000001dfded08000, 0x000001dfded09800, 0x000001dfded07000,
0x000001dfded05800, 0x000001dfded04800, 0x000001dfded06000, 0x000001dfded08800,
0x000001dfdeec5800, 0x000001dfdeec6000, 0x000001dfdeec3000, 0x000001dfe5ab1800,
0x000001dfe5ab4000, 0x000001dfe5ab2800, 0x000001dfe5ab3000, 0x000001dfe5ab5000,
0x000001dfe5ab5800, 0x000001dfe5abc000, 0x000001dfdf5bd800, 0x000001dfe5ab6800,
0x000001dfe5abd000
}

Java Threads: ( => current thread )
  0x000001dfc2aa9000 JavaThread "main" [_thread_blocked, id=11136, stack(0x000000ce18a00000,0x000000ce18b00000)]
  0x000001dfdc8cc000 JavaThread "Reference Handler" daemon [_thread_blocked, id=1140, stack(0x000000ce19100000,0x000000ce19200000)]
  0x000001dfdc8f7800 JavaThread "Finalizer" daemon [_thread_blocked, id=2656, stack(0x000000ce19200000,0x000000ce19300000)]
  0x000001dfdc90b800 JavaThread "Signal Dispatcher" daemon [_thread_blocked, id=8796, stack(0x000000ce19300000,0x000000ce19400000)]
  0x000001dfdc90e800 JavaThread "Attach Listener" daemon [_thread_blocked, id=13436, stack(0x000000ce19400000,0x000000ce19500000)]
  0x000001dfdc90f000 JavaThread "Service Thread" daemon [_thread_blocked, id=14232, stack(0x000000ce19500000,0x000000ce19600000)]
  0x000001dfdc918000 JavaThread "C2 CompilerThread0" daemon [_thread_in_native, id=15136, stack(0x000000ce19600000,0x000000ce19700000)]
  0x000001dfdc922000 JavaThread "C1 CompilerThread0" daemon [_thread_blocked, id=9468, stack(0x000000ce19700000,0x000000ce19800000)]
  0x000001dfdc927800 JavaThread "Sweeper thread" daemon [_thread_blocked, id=7388, stack(0x000000ce19800000,0x000000ce19900000)]
  0x000001dfdd3cf800 JavaThread "Common-Cleaner" daemon [_thread_blocked, id=6460, stack(0x000000ce19900000,0x000000ce19a00000)]
  0x000001dfddd94000 JavaThread "Daemon health stats" [_thread_blocked, id=11020, stack(0x000000ce19f00000,0x000000ce1a000000)]
  0x000001dfdeda5800 JavaThread "Incoming local TCP Connector on port 54641" [_thread_in_native, id=13384, stack(0x000000ce19e00000,0x000000ce19f00000)]
  0x000001dfdea2a800 JavaThread "Daemon periodic checks" [_thread_blocked, id=5340, stack(0x000000ce1a000000,0x000000ce1a100000)]
  0x000001dfdeec2000 JavaThread "Cache worker for file hash cache (C:\Users\LUCKY\.gradle\caches\5.5\fileHashes)" [_thread_blocked, id=11708, stack(0x000000ce1a800000,0x000000ce1a900000)]
  0x000001dfdeec0800 JavaThread "File lock request listener" [_thread_in_native, id=3468, stack(0x000000ce1a900000,0x000000ce1aa00000)]
  0x000001dfdeec4800 JavaThread "Cache worker for journal cache (C:\Users\LUCKY\.gradle\caches\journal-1)" [_thread_blocked, id=840, stack(0x000000ce1aa00000,0x000000ce1ab00000)]
  0x000001dfdecfb800 JavaThread "Cache worker for execution history cache (C:\Users\LUCKY\.gradle\caches\5.5\executionHistory)" [_thread_blocked, id=8180, stack(0x000000ce1af00000,0x000000ce1b000000)]
  0x000001dfdecfe000 JavaThread "Memory manager" [_thread_blocked, id=9780, stack(0x000000ce1b800000,0x000000ce1b900000)]
  0x000001dfdecfd000 JavaThread "pool-1-thread-1" [_thread_blocked, id=7732, stack(0x000000ce1ac00000,0x000000ce1ad00000)]
  0x000001dfdecff000 JavaThread "Daemon Thread 2" [_thread_blocked, id=10212, stack(0x000000ce18700000,0x000000ce18800000)]
  0x000001dfdecff800 JavaThread "Handler for socket connection from /127.0.0.1:54641 to /127.0.0.1:54691" [_thread_in_native, id=13584, stack(0x000000ce18800000,0x000000ce18900000)]
  0x000001dfded00800 JavaThread "Cancel handler" [_thread_blocked, id=3400, stack(0x000000ce18900000,0x000000ce18a00000)]
  0x000001dfdecfa800 JavaThread "Daemon worker Thread 2" [_thread_blocked, id=4540, stack(0x000000ce1a100000,0x000000ce1a200000)]
  0x000001dfded01800 JavaThread "Asynchronous log dispatcher for DefaultDaemonConnection: socket connection from /127.0.0.1:54641 to /127.0.0.1:54691" [_thread_blocked, id=15592, stack(0x000000ce1a200000,0x000000ce1a300000)]
  0x000001dfdecfc800 JavaThread "Stdin handler" [_thread_blocked, id=5964, stack(0x000000ce1a300000,0x000000ce1a400000)]
  0x000001dfded08000 JavaThread "Thread-28" [_thread_blocked, id=2544, stack(0x000000ce1a400000,0x000000ce1a500000)]
  0x000001dfded09800 JavaThread "Cache worker for file hash cache (D:\MyWork\ReactNative\whsnxt_mvp (2)\android\.gradle\5.5\fileHashes)" [_thread_blocked, id=15280, stack(0x000000ce1a500000,0x000000ce1a600000)]
  0x000001dfded07000 JavaThread "Cache worker for cache directory md-supplier (C:\Users\LUCKY\.gradle\caches\5.5\md-supplier)" [_thread_blocked, id=10384, stack(0x000000ce1a600000,0x000000ce1a700000)]
  0x000001dfded05800 JavaThread "Cache worker for cache directory md-rule (C:\Users\LUCKY\.gradle\caches\5.5\md-rule)" [_thread_blocked, id=12504, stack(0x000000ce1a700000,0x000000ce1a800000)]
  0x000001dfded04800 JavaThread "Build operations" [_thread_blocked, id=11572, stack(0x000000ce1ab00000,0x000000ce1ac00000)]
  0x000001dfded06000 JavaThread "Build operations Thread 2" [_thread_blocked, id=15056, stack(0x000000ce1ad00000,0x000000ce1ae00000)]
  0x000001dfded08800 JavaThread "Build operations Thread 3" [_thread_blocked, id=1856, stack(0x000000ce1ae00000,0x000000ce1af00000)]
  0x000001dfdeec5800 JavaThread "Build operations Thread 4" [_thread_blocked, id=16048, stack(0x000000ce1b000000,0x000000ce1b100000)]
  0x000001dfdeec6000 JavaThread "Cache worker for Build Output Cleanup Cache (D:\MyWork\ReactNative\whsnxt_mvp (2)\android\.gradle\buildOutputCleanup)" [_thread_blocked, id=15544, stack(0x000000ce1b100000,0x000000ce1b200000)]
  0x000001dfdeec3000 JavaThread "Cache worker for file content cache (C:\Users\LUCKY\.gradle\caches\5.5\fileContent)" [_thread_blocked, id=16044, stack(0x000000ce1b700000,0x000000ce1b800000)]
  0x000001dfe5ab1800 JavaThread "Cache worker for file content cache (D:\MyWork\ReactNative\whsnxt_mvp (2)\android\.gradle\5.5\fileContent)" [_thread_blocked, id=12860, stack(0x000000ce1b900000,0x000000ce1ba00000)]
  0x000001dfe5ab4000 JavaThread "Execution worker for ':'" [_thread_blocked, id=4272, stack(0x000000ce1ba00000,0x000000ce1bb00000)]
  0x000001dfe5ab2800 JavaThread "Execution worker for ':' Thread 2" [_thread_blocked, id=11132, stack(0x000000ce1bb00000,0x000000ce1bc00000)]
  0x000001dfe5ab3000 JavaThread "Execution worker for ':' Thread 3" [_thread_blocked, id=6944, stack(0x000000ce1bc00000,0x000000ce1bd00000)]
  0x000001dfe5ab5000 JavaThread "Cache worker for execution history cache (D:\MyWork\ReactNative\whsnxt_mvp (2)\android\.gradle\5.5\executionHistory)" [_thread_blocked, id=14152, stack(0x000000ce1bd00000,0x000000ce1be00000)]
  0x000001dfe5ab5800 JavaThread "ForkJoinPool-6-worker-3" daemon [_thread_in_vm, id=10732, stack(0x000000ce1be00000,0x000000ce1bf00000)]
  0x000001dfe5abc000 JavaThread "ForkJoinPool-6-worker-5" daemon [_thread_blocked, id=11856, stack(0x000000ce1b200000,0x000000ce1b300000)]
=>0x000001dfdf5bd800 JavaThread "C2 CompilerThread1" daemon [_thread_in_native, id=6740, stack(0x000000ce1bf00000,0x000000ce1c000000)]
  0x000001dfe5ab6800 JavaThread "ForkJoinPool-6-worker-7" daemon [_thread_blocked, id=13732, stack(0x000000ce1c000000,0x000000ce1c100000)]
  0x000001dfe5abd000 JavaThread "ForkJoinPool-6-worker-1" daemon [_thread_blocked, id=7176, stack(0x000000ce1c100000,0x000000ce1c200000)]

Other Threads:
  0x000001dfdc8c7800 VMThread "VM Thread" [stack: 0x000000ce19000000,0x000000ce19100000] [id=11920]
  0x000001dfdd426000 WatcherThread [stack: 0x000000ce19a00000,0x000000ce19b00000] [id=10440]
  0x000001dfc2abe000 GCTaskThread "GC Thread#0" [stack: 0x000000ce18b00000,0x000000ce18c00000] [id=11556]
  0x000001dfdd9c4800 GCTaskThread "GC Thread#1" [stack: 0x000000ce19b00000,0x000000ce19c00000] [id=15520]
  0x000001dfdd9c5000 GCTaskThread "GC Thread#2" [stack: 0x000000ce19c00000,0x000000ce19d00000] [id=13476]
  0x000001dfddb3d800 GCTaskThread "GC Thread#3" [stack: 0x000000ce19d00000,0x000000ce19e00000] [id=5584]
  0x000001dfc2ad1800 ConcurrentGCThread "G1 Main Marker" [stack: 0x000000ce18c00000,0x000000ce18d00000] [id=2024]
  0x000001dfc2ad3000 ConcurrentGCThread "G1 Conc#0" [stack: 0x000000ce18d00000,0x000000ce18e00000] [id=5980]
  0x000001dfdc762800 ConcurrentGCThread "G1 Refine#0" [stack: 0x000000ce18e00000,0x000000ce18f00000] [id=10944]
  0x000001dfe16fa800 ConcurrentGCThread "G1 Refine#1" [stack: 0x000000ce1b500000,0x000000ce1b600000] [id=12828]
  0x000001dfddb8a000 ConcurrentGCThread "G1 Refine#2" [stack: 0x000000ce1c200000,0x000000ce1c300000] [id=14444]
  0x000001dfddde3800 ConcurrentGCThread "G1 Refine#3" [stack: 0x000000ce1c300000,0x000000ce1c400000] [id=13580]
  0x000001dfc2b8d800 ConcurrentGCThread "G1 Young RemSet Sampling" [stack: 0x000000ce18f00000,0x000000ce19000000] [id=15460]

Threads with active compile tasks:
C2 CompilerThread0 197031 15290       4       java.util.TimSort::countRunAndMakeAscending (128 bytes)
C1 CompilerThread0 197031 15310       2       com.android.tools.r8.graph.DexItem$$Lambda$643/0x0000000100c51040::accept (12 bytes)
C2 CompilerThread1 197031 15271       4       com.android.tools.r8.graph.DexEncodedAnnotation::sort (88 bytes)

VM state:not at safepoint (normal execution)

VM Mutex/Monitor currently owned by a thread: None

Heap address: 0x00000000e0000000, size: 512 MB, Compressed Oops mode: 32-bit
Narrow klass base: 0x0000000000000000, Narrow klass shift: 3
Compressed class space size: 260046848 Address: 0x0000000100000000

Heap:
 garbage-first heap   total 262144K, used 241535K [0x00000000e0000000, 0x0000000100000000)
  region size 1024K, 10 young (10240K), 2 survivors (2048K)
 Metaspace       used 92419K, capacity 95887K, committed 96120K, reserved 337920K
  class space    used 11586K, capacity 12613K, committed 12664K, reserved 253952K
Heap Regions: E=young(eden), S=young(survivor), O=old, HS=humongous(starts), HC=humongous(continues), CS=collection set, F=free, A=archive, TAMS=top-at-mark-start (previous, next)
|   0|0x00000000e0000000, 0x00000000e0100000, 0x00000000e0100000|100%| O|  |TAMS 0x00000000e0100000, 0x00000000e0000000| Complete 
|   1|0x00000000e0100000, 0x00000000e0200000, 0x00000000e0200000|100%| O|  |TAMS 0x00000000e0200000, 0x00000000e0100000| Untracked 
|   2|0x00000000e0200000, 0x00000000e0300000, 0x00000000e0300000|100%|HS|  |TAMS 0x00000000e0300000, 0x00000000e0200000| Complete 
|   3|0x00000000e0300000, 0x00000000e0400000, 0x00000000e0400000|100%|HS|  |TAMS 0x00000000e0400000, 0x00000000e0300000| Complete 
|   4|0x00000000e0400000, 0x00000000e0500000, 0x00000000e0500000|100%|HC|  |TAMS 0x00000000e0500000, 0x00000000e0400000| Complete 
|   5|0x00000000e0500000, 0x00000000e0600000, 0x00000000e0600000|100%| O|  |TAMS 0x00000000e0600000, 0x00000000e0500000| Untracked 
|   6|0x00000000e0600000, 0x00000000e0700000, 0x00000000e0700000|100%| O|  |TAMS 0x00000000e0700000, 0x00000000e0600000| Untracked 
|   7|0x00000000e0700000, 0x00000000e0800000, 0x00000000e0800000|100%| O|  |TAMS 0x00000000e0800000, 0x00000000e0700000| Untracked 
|   8|0x00000000e0800000, 0x00000000e0900000, 0x00000000e0900000|100%| O|  |TAMS 0x00000000e0900000, 0x00000000e0800000| Untracked 
|   9|0x00000000e0900000, 0x00000000e0a00000, 0x00000000e0a00000|100%| O|  |TAMS 0x00000000e0a00000, 0x00000000e0900000| Untracked 
|  10|0x00000000e0a00000, 0x00000000e0b00000, 0x00000000e0b00000|100%| O|  |TAMS 0x00000000e0b00000, 0x00000000e0a00000| Complete 
|  11|0x00000000e0b00000, 0x00000000e0c00000, 0x00000000e0c00000|100%| O|  |TAMS 0x00000000e0c00000, 0x00000000e0b00000| Untracked 
|  12|0x00000000e0c00000, 0x00000000e0d00000, 0x00000000e0d00000|100%| O|  |TAMS 0x00000000e0d00000, 0x00000000e0c00000| Complete 
|  13|0x00000000e0d00000, 0x00000000e0e00000, 0x00000000e0e00000|100%|HS|  |TAMS 0x00000000e0e00000, 0x00000000e0d00000| Complete 
|  14|0x00000000e0e00000, 0x00000000e0f00000, 0x00000000e0f00000|100%|HC|  |TAMS 0x00000000e0f00000, 0x00000000e0e00000| Complete 
|  15|0x00000000e0f00000, 0x00000000e1000000, 0x00000000e1000000|100%|HC|  |TAMS 0x00000000e1000000, 0x00000000e0f00000| Complete 
|  16|0x00000000e1000000, 0x00000000e1100000, 0x00000000e1100000|100%|HS|  |TAMS 0x00000000e1100000, 0x00000000e1000000| Complete 
|  17|0x00000000e1100000, 0x00000000e1200000, 0x00000000e1200000|100%|HC|  |TAMS 0x00000000e1200000, 0x00000000e1100000| Complete 
|  18|0x00000000e1200000, 0x00000000e1300000, 0x00000000e1300000|100%| O|  |TAMS 0x00000000e1300000, 0x00000000e1200000| Untracked 
|  19|0x00000000e1300000, 0x00000000e1400000, 0x00000000e1400000|100%| O|  |TAMS 0x00000000e1400000, 0x00000000e1300000| Untracked 
|  20|0x00000000e1400000, 0x00000000e1500000, 0x00000000e1500000|100%| O|  |TAMS 0x00000000e1500000, 0x00000000e1400000| Untracked 
|  21|0x00000000e1500000, 0x00000000e1600000, 0x00000000e1600000|100%| O|  |TAMS 0x00000000e1600000, 0x00000000e1500000| Untracked 
|  22|0x00000000e1600000, 0x00000000e1700000, 0x00000000e1700000|100%| O|  |TAMS 0x00000000e1700000, 0x00000000e1600000| Untracked 
|  23|0x00000000e1700000, 0x00000000e1800000, 0x00000000e1800000|100%| O|  |TAMS 0x00000000e1800000, 0x00000000e1700000| Untracked 
|  24|0x00000000e1800000, 0x00000000e1900000, 0x00000000e1900000|100%| O|  |TAMS 0x00000000e1900000, 0x00000000e1800000| Untracked 
|  25|0x00000000e1900000, 0x00000000e1a00000, 0x00000000e1a00000|100%| O|  |TAMS 0x00000000e1a00000, 0x00000000e1900000| Untracked 
|  26|0x00000000e1a00000, 0x00000000e1b00000, 0x00000000e1b00000|100%| O|  |TAMS 0x00000000e1b00000, 0x00000000e1a00000| Untracked 
|  27|0x00000000e1b00000, 0x00000000e1c00000, 0x00000000e1c00000|100%| O|  |TAMS 0x00000000e1c00000, 0x00000000e1b00000| Untracked 
|  28|0x00000000e1c00000, 0x00000000e1d00000, 0x00000000e1d00000|100%| O|  |TAMS 0x00000000e1d00000, 0x00000000e1c00000| Untracked 
|  29|0x00000000e1d00000, 0x00000000e1e00000, 0x00000000e1e00000|100%| O|  |TAMS 0x00000000e1e00000, 0x00000000e1d00000| Untracked 
|  30|0x00000000e1e00000, 0x00000000e1f00000, 0x00000000e1f00000|100%| O|  |TAMS 0x00000000e1f00000, 0x00000000e1e00000| Untracked 
|  31|0x00000000e1f00000, 0x00000000e2000000, 0x00000000e2000000|100%| O|  |TAMS 0x00000000e2000000, 0x00000000e1f00000| Untracked 
|  32|0x00000000e2000000, 0x00000000e2100000, 0x00000000e2100000|100%| O|  |TAMS 0x00000000e2100000, 0x00000000e2000000| Untracked 
|  33|0x00000000e2100000, 0x00000000e2200000, 0x00000000e2200000|100%| O|  |TAMS 0x00000000e2200000, 0x00000000e2100000| Untracked 
|  34|0x00000000e2200000, 0x00000000e2300000, 0x00000000e2300000|100%| O|  |TAMS 0x00000000e2300000, 0x00000000e2200000| Untracked 
|  35|0x00000000e2300000, 0x00000000e2400000, 0x00000000e2400000|100%| O|  |TAMS 0x00000000e2400000, 0x00000000e2300000| Complete 
|  36|0x00000000e2400000, 0x00000000e2500000, 0x00000000e2500000|100%| O|  |TAMS 0x00000000e2500000, 0x00000000e2400000| Complete 
|  37|0x00000000e2500000, 0x00000000e2600000, 0x00000000e2600000|100%| O|  |TAMS 0x00000000e2600000, 0x00000000e2500000| Complete 
|  38|0x00000000e2600000, 0x00000000e2700000, 0x00000000e2700000|100%| O|  |TAMS 0x00000000e2700000, 0x00000000e2600000| Complete 
|  39|0x00000000e2700000, 0x00000000e2800000, 0x00000000e2800000|100%| O|  |TAMS 0x00000000e2800000, 0x00000000e2700000| Complete 
|  40|0x00000000e2800000, 0x00000000e2900000, 0x00000000e2900000|100%| O|  |TAMS 0x00000000e2900000, 0x00000000e2800000| Untracked 
|  41|0x00000000e2900000, 0x00000000e2a00000, 0x00000000e2a00000|100%| O|  |TAMS 0x00000000e2a00000, 0x00000000e2900000| Complete 
|  42|0x00000000e2a00000, 0x00000000e2b00000, 0x00000000e2b00000|100%|HS|  |TAMS 0x00000000e2b00000, 0x00000000e2a00000| Complete 
|  43|0x00000000e2b00000, 0x00000000e2c00000, 0x00000000e2c00000|100%|HC|  |TAMS 0x00000000e2c00000, 0x00000000e2b00000| Complete 
|  44|0x00000000e2c00000, 0x00000000e2d00000, 0x00000000e2d00000|100%|HC|  |TAMS 0x00000000e2d00000, 0x00000000e2c00000| Complete 
|  45|0x00000000e2d00000, 0x00000000e2e00000, 0x00000000e2e00000|100%| O|  |TAMS 0x00000000e2e00000, 0x00000000e2d00000| Untracked 
|  46|0x00000000e2e00000, 0x00000000e2f00000, 0x00000000e2f00000|100%| O|  |TAMS 0x00000000e2f00000, 0x00000000e2e00000| Untracked 
|  47|0x00000000e2f00000, 0x00000000e3000000, 0x00000000e3000000|100%| O|  |TAMS 0x00000000e3000000, 0x00000000e2f00000| Untracked 
|  48|0x00000000e3000000, 0x00000000e3100000, 0x00000000e3100000|100%| O|  |TAMS 0x00000000e3100000, 0x00000000e3000000| Untracked 
|  49|0x00000000e3100000, 0x00000000e3200000, 0x00000000e3200000|100%| O|  |TAMS 0x00000000e3200000, 0x00000000e3100000| Untracked 
|  50|0x00000000e3200000, 0x00000000e3300000, 0x00000000e3300000|100%| O|  |TAMS 0x00000000e3300000, 0x00000000e3200000| Untracked 
|  51|0x00000000e3300000, 0x00000000e3400000, 0x00000000e3400000|100%| O|  |TAMS 0x00000000e3400000, 0x00000000e3300000| Untracked 
|  52|0x00000000e3400000, 0x00000000e3500000, 0x00000000e3500000|100%| O|  |TAMS 0x00000000e3500000, 0x00000000e3400000| Untracked 
|  53|0x00000000e3500000, 0x00000000e3600000, 0x00000000e3600000|100%| O|  |TAMS 0x00000000e3600000, 0x00000000e3500000| Untracked 
|  54|0x00000000e3600000, 0x00000000e3700000, 0x00000000e3700000|100%| O|  |TAMS 0x00000000e3700000, 0x00000000e3600000| Untracked 
|  55|0x00000000e3700000, 0x00000000e3800000, 0x00000000e3800000|100%| O|  |TAMS 0x00000000e3800000, 0x00000000e3700000| Complete 
|  56|0x00000000e3800000, 0x00000000e3900000, 0x00000000e3900000|100%| O|  |TAMS 0x00000000e3900000, 0x00000000e3800000| Complete 
|  57|0x00000000e3900000, 0x00000000e3a00000, 0x00000000e3a00000|100%| O|  |TAMS 0x00000000e3a00000, 0x00000000e3900000| Untracked 
|  58|0x00000000e3a00000, 0x00000000e3b00000, 0x00000000e3b00000|100%|HS|  |TAMS 0x00000000e3b00000, 0x00000000e3a00000| Complete 
|  59|0x00000000e3b00000, 0x00000000e3c00000, 0x00000000e3c00000|100%| O|  |TAMS 0x00000000e3c00000, 0x00000000e3b00000| Untracked 
|  60|0x00000000e3c00000, 0x00000000e3d00000, 0x00000000e3d00000|100%| O|  |TAMS 0x00000000e3d00000, 0x00000000e3c00000| Complete 
|  61|0x00000000e3d00000, 0x00000000e3e00000, 0x00000000e3e00000|100%| O|  |TAMS 0x00000000e3e00000, 0x00000000e3d00000| Untracked 
|  62|0x00000000e3e00000, 0x00000000e3f00000, 0x00000000e3f00000|100%| O|  |TAMS 0x00000000e3f00000, 0x00000000e3e00000| Complete 
|  63|0x00000000e3f00000, 0x00000000e4000000, 0x00000000e4000000|100%| O|  |TAMS 0x00000000e4000000, 0x00000000e3f00000| Complete 
|  64|0x00000000e4000000, 0x00000000e4100000, 0x00000000e4100000|100%| O|  |TAMS 0x00000000e4100000, 0x00000000e4000000| Complete 
|  65|0x00000000e4100000, 0x00000000e4200000, 0x00000000e4200000|100%| O|  |TAMS 0x00000000e4200000, 0x00000000e4100000| Complete 
|  66|0x00000000e4200000, 0x00000000e4300000, 0x00000000e4300000|100%| O|  |TAMS 0x00000000e4300000, 0x00000000e4200000| Complete 
|  67|0x00000000e4300000, 0x00000000e4400000, 0x00000000e4400000|100%| O|  |TAMS 0x00000000e4400000, 0x00000000e4300000| Untracked 
|  68|0x00000000e4400000, 0x00000000e4500000, 0x00000000e4500000|100%| O|  |TAMS 0x00000000e4500000, 0x00000000e4400000| Untracked 
|  69|0x00000000e4500000, 0x00000000e4600000, 0x00000000e4600000|100%| O|  |TAMS 0x00000000e4600000, 0x00000000e4500000| Untracked 
|  70|0x00000000e4600000, 0x00000000e4700000, 0x00000000e4700000|100%| O|  |TAMS 0x00000000e4700000, 0x00000000e4600000| Untracked 
|  71|0x00000000e4700000, 0x00000000e4800000, 0x00000000e4800000|100%| O|  |TAMS 0x00000000e4800000, 0x00000000e4700000| Untracked 
|  72|0x00000000e4800000, 0x00000000e4900000, 0x00000000e4900000|100%| O|  |TAMS 0x00000000e4900000, 0x00000000e4800000| Complete 
|  73|0x00000000e4900000, 0x00000000e4a00000, 0x00000000e4a00000|100%| O|  |TAMS 0x00000000e4a00000, 0x00000000e4900000| Untracked 
|  74|0x00000000e4a00000, 0x00000000e4b00000, 0x00000000e4b00000|100%| O|  |TAMS 0x00000000e4b00000, 0x00000000e4a00000| Complete 
|  75|0x00000000e4b00000, 0x00000000e4c00000, 0x00000000e4c00000|100%| O|  |TAMS 0x00000000e4c00000, 0x00000000e4b00000| Untracked 
|  76|0x00000000e4c00000, 0x00000000e4d00000, 0x00000000e4d00000|100%|HS|  |TAMS 0x00000000e4d00000, 0x00000000e4c00000| Complete 
|  77|0x00000000e4d00000, 0x00000000e4e00000, 0x00000000e4e00000|100%| O|  |TAMS 0x00000000e4e00000, 0x00000000e4d00000| Untracked 
|  78|0x00000000e4e00000, 0x00000000e4f00000, 0x00000000e4f00000|100%| O|  |TAMS 0x00000000e4f00000, 0x00000000e4e00000| Untracked 
|  79|0x00000000e4f00000, 0x00000000e5000000, 0x00000000e5000000|100%| O|  |TAMS 0x00000000e5000000, 0x00000000e4f00000| Untracked 
|  80|0x00000000e5000000, 0x00000000e5100000, 0x00000000e5100000|100%| O|  |TAMS 0x00000000e5100000, 0x00000000e5000000| Complete 
|  81|0x00000000e5100000, 0x00000000e5200000, 0x00000000e5200000|100%| O|  |TAMS 0x00000000e5200000, 0x00000000e5100000| Complete 
|  82|0x00000000e5200000, 0x00000000e5300000, 0x00000000e5300000|100%| O|  |TAMS 0x00000000e5300000, 0x00000000e5200000| Untracked 
|  83|0x00000000e5300000, 0x00000000e5400000, 0x00000000e5400000|100%| O|  |TAMS 0x00000000e5400000, 0x00000000e5300000| Untracked 
|  84|0x00000000e5400000, 0x00000000e5500000, 0x00000000e5500000|100%| O|  |TAMS 0x00000000e5500000, 0x00000000e5400000| Untracked 
|  85|0x00000000e5500000, 0x00000000e5600000, 0x00000000e5600000|100%| O|  |TAMS 0x00000000e5600000, 0x00000000e5500000| Complete 
|  86|0x00000000e5600000, 0x00000000e5700000, 0x00000000e5700000|100%| O|  |TAMS 0x00000000e5700000, 0x00000000e5600000| Complete 
|  87|0x00000000e5700000, 0x00000000e5800000, 0x00000000e5800000|100%| O|  |TAMS 0x00000000e5800000, 0x00000000e5700000| Untracked 
|  88|0x00000000e5800000, 0x00000000e5900000, 0x00000000e5900000|100%| O|  |TAMS 0x00000000e5900000, 0x00000000e5800000| Untracked 
|  89|0x00000000e5900000, 0x00000000e5a00000, 0x00000000e5a00000|100%| O|  |TAMS 0x00000000e5a00000, 0x00000000e5900000| Untracked 
|  90|0x00000000e5a00000, 0x00000000e5b00000, 0x00000000e5b00000|100%| O|  |TAMS 0x00000000e5b00000, 0x00000000e5a00000| Untracked 
|  91|0x00000000e5b00000, 0x00000000e5c00000, 0x00000000e5c00000|100%| O|  |TAMS 0x00000000e5c00000, 0x00000000e5b00000| Untracked 
|  92|0x00000000e5c00000, 0x00000000e5d00000, 0x00000000e5d00000|100%| O|  |TAMS 0x00000000e5d00000, 0x00000000e5c00000| Untracked 
|  93|0x00000000e5d00000, 0x00000000e5e00000, 0x00000000e5e00000|100%| O|  |TAMS 0x00000000e5e00000, 0x00000000e5d00000| Untracked 
|  94|0x00000000e5e00000, 0x00000000e5f00000, 0x00000000e5f00000|100%| O|  |TAMS 0x00000000e5f00000, 0x00000000e5e00000| Untracked 
|  95|0x00000000e5f00000, 0x00000000e6000000, 0x00000000e6000000|100%| O|  |TAMS 0x00000000e6000000, 0x00000000e5f00000| Untracked 
|  96|0x00000000e6000000, 0x00000000e6100000, 0x00000000e6100000|100%| O|  |TAMS 0x00000000e6100000, 0x00000000e6000000| Untracked 
|  97|0x00000000e6100000, 0x00000000e6200000, 0x00000000e6200000|100%| O|  |TAMS 0x00000000e6200000, 0x00000000e6100000| Untracked 
|  98|0x00000000e6200000, 0x00000000e6300000, 0x00000000e6300000|100%| O|  |TAMS 0x00000000e6300000, 0x00000000e6200000| Untracked 
|  99|0x00000000e6300000, 0x00000000e6400000, 0x00000000e6400000|100%| O|  |TAMS 0x00000000e6400000, 0x00000000e6300000| Untracked 
| 100|0x00000000e6400000, 0x00000000e6500000, 0x00000000e6500000|100%| O|  |TAMS 0x00000000e6500000, 0x00000000e6400000| Untracked 
| 101|0x00000000e6500000, 0x00000000e6600000, 0x00000000e6600000|100%| O|  |TAMS 0x00000000e6600000, 0x00000000e6500000| Untracked 
| 102|0x00000000e6600000, 0x00000000e6700000, 0x00000000e6700000|100%| O|  |TAMS 0x00000000e6700000, 0x00000000e6600000| Complete 
| 103|0x00000000e6700000, 0x00000000e6800000, 0x00000000e6800000|100%|HS|  |TAMS 0x00000000e6800000, 0x00000000e6700000| Complete 
| 104|0x00000000e6800000, 0x00000000e6900000, 0x00000000e6900000|100%| O|  |TAMS 0x00000000e6900000, 0x00000000e6800000| Untracked 
| 105|0x00000000e6900000, 0x00000000e6a00000, 0x00000000e6a00000|100%| O|  |TAMS 0x00000000e6a00000, 0x00000000e6900000| Untracked 
| 106|0x00000000e6a00000, 0x00000000e6b00000, 0x00000000e6b00000|100%| O|  |TAMS 0x00000000e6b00000, 0x00000000e6a00000| Untracked 
| 107|0x00000000e6b00000, 0x00000000e6c00000, 0x00000000e6c00000|100%| O|  |TAMS 0x00000000e6c00000, 0x00000000e6b00000| Untracked 
| 108|0x00000000e6c00000, 0x00000000e6d00000, 0x00000000e6d00000|100%| O|  |TAMS 0x00000000e6d00000, 0x00000000e6c00000| Untracked 
| 109|0x00000000e6d00000, 0x00000000e6e00000, 0x00000000e6e00000|100%| O|  |TAMS 0x00000000e6e00000, 0x00000000e6d00000| Untracked 
| 110|0x00000000e6e00000, 0x00000000e6f00000, 0x00000000e6f00000|100%| O|  |TAMS 0x00000000e6f00000, 0x00000000e6e00000| Complete 
| 111|0x00000000e6f00000, 0x00000000e7000000, 0x00000000e7000000|100%| O|  |TAMS 0x00000000e7000000, 0x00000000e6f00000| Untracked 
| 112|0x00000000e7000000, 0x00000000e7100000, 0x00000000e7100000|100%| O|  |TAMS 0x00000000e7100000, 0x00000000e7000000| Untracked 
| 113|0x00000000e7100000, 0x00000000e7200000, 0x00000000e7200000|100%| O|  |TAMS 0x00000000e7200000, 0x00000000e7100000| Untracked 
| 114|0x00000000e7200000, 0x00000000e7300000, 0x00000000e7300000|100%| O|  |TAMS 0x00000000e7300000, 0x00000000e7200000| Untracked 
| 115|0x00000000e7300000, 0x00000000e7400000, 0x00000000e7400000|100%| O|  |TAMS 0x00000000e7400000, 0x00000000e7300000| Untracked 
| 116|0x00000000e7400000, 0x00000000e7500000, 0x00000000e7500000|100%| O|  |TAMS 0x00000000e7500000, 0x00000000e7400000| Untracked 
| 117|0x00000000e7500000, 0x00000000e7600000, 0x00000000e7600000|100%| O|  |TAMS 0x00000000e7600000, 0x00000000e7500000| Complete 
| 118|0x00000000e7600000, 0x00000000e7700000, 0x00000000e7700000|100%| O|  |TAMS 0x00000000e7700000, 0x00000000e7600000| Complete 
| 119|0x00000000e7700000, 0x00000000e7800000, 0x00000000e7800000|100%| O|  |TAMS 0x00000000e7800000, 0x00000000e7700000| Untracked 
| 120|0x00000000e7800000, 0x00000000e7900000, 0x00000000e7900000|100%| O|  |TAMS 0x00000000e7900000, 0x00000000e7800000| Untracked 
| 121|0x00000000e7900000, 0x00000000e7a00000, 0x00000000e7a00000|100%| O|  |TAMS 0x00000000e7a00000, 0x00000000e7900000| Untracked 
| 122|0x00000000e7a00000, 0x00000000e7b00000, 0x00000000e7b00000|100%| O|  |TAMS 0x00000000e7b00000, 0x00000000e7a00000| Complete 
| 123|0x00000000e7b00000, 0x00000000e7c00000, 0x00000000e7c00000|100%| O|  |TAMS 0x00000000e7c00000, 0x00000000e7b00000| Complete 
| 124|0x00000000e7c00000, 0x00000000e7d00000, 0x00000000e7d00000|100%| O|  |TAMS 0x00000000e7d00000, 0x00000000e7c00000| Untracked 
| 125|0x00000000e7d00000, 0x00000000e7e00000, 0x00000000e7e00000|100%| O|  |TAMS 0x00000000e7e00000, 0x00000000e7d00000| Complete 
| 126|0x00000000e7e00000, 0x00000000e7f00000, 0x00000000e7f00000|100%| O|  |TAMS 0x00000000e7f00000, 0x00000000e7e00000| Untracked 
| 127|0x00000000e7f00000, 0x00000000e8000000, 0x00000000e8000000|100%| O|  |TAMS 0x00000000e8000000, 0x00000000e7f00000| Untracked 
| 128|0x00000000e8000000, 0x00000000e8100000, 0x00000000e8100000|100%| O|  |TAMS 0x00000000e8100000, 0x00000000e8000000| Untracked 
| 129|0x00000000e8100000, 0x00000000e8200000, 0x00000000e8200000|100%| O|  |TAMS 0x00000000e8200000, 0x00000000e8100000| Complete 
| 130|0x00000000e8200000, 0x00000000e8300000, 0x00000000e8300000|100%| O|  |TAMS 0x00000000e8300000, 0x00000000e8200000| Untracked 
| 131|0x00000000e8300000, 0x00000000e8400000, 0x00000000e8400000|100%| O|  |TAMS 0x00000000e8400000, 0x00000000e8300000| Untracked 
| 132|0x00000000e8400000, 0x00000000e8500000, 0x00000000e8500000|100%| O|  |TAMS 0x00000000e8500000, 0x00000000e8400000| Complete 
| 133|0x00000000e8500000, 0x00000000e8600000, 0x00000000e8600000|100%| O|  |TAMS 0x00000000e8600000, 0x00000000e8500000| Complete 
| 134|0x00000000e8600000, 0x00000000e8700000, 0x00000000e8700000|100%|HS|  |TAMS 0x00000000e8700000, 0x00000000e8600000| Complete 
| 135|0x00000000e8700000, 0x00000000e8800000, 0x00000000e8800000|100%| O|  |TAMS 0x00000000e8800000, 0x00000000e8700000| Untracked 
| 136|0x00000000e8800000, 0x00000000e8900000, 0x00000000e8900000|100%| O|  |TAMS 0x00000000e8900000, 0x00000000e8800000| Untracked 
| 137|0x00000000e8900000, 0x00000000e8a00000, 0x00000000e8a00000|100%| O|  |TAMS 0x00000000e8a00000, 0x00000000e8900000| Untracked 
| 138|0x00000000e8a00000, 0x00000000e8b00000, 0x00000000e8b00000|100%| O|  |TAMS 0x00000000e8b00000, 0x00000000e8a00000| Untracked 
| 139|0x00000000e8b00000, 0x00000000e8c00000, 0x00000000e8c00000|100%| O|  |TAMS 0x00000000e8c00000, 0x00000000e8b00000| Complete 
| 140|0x00000000e8c00000, 0x00000000e8d00000, 0x00000000e8d00000|100%| O|  |TAMS 0x00000000e8d00000, 0x00000000e8c00000| Complete 
| 141|0x00000000e8d00000, 0x00000000e8e00000, 0x00000000e8e00000|100%| O|  |TAMS 0x00000000e8e00000, 0x00000000e8d00000| Untracked 
| 142|0x00000000e8e00000, 0x00000000e8f00000, 0x00000000e8f00000|100%|HS|  |TAMS 0x00000000e8f00000, 0x00000000e8e00000| Complete 
| 143|0x00000000e8f00000, 0x00000000e9000000, 0x00000000e9000000|100%| O|  |TAMS 0x00000000e9000000, 0x00000000e8f00000| Untracked 
| 144|0x00000000e9000000, 0x00000000e9100000, 0x00000000e9100000|100%| O|  |TAMS 0x00000000e9100000, 0x00000000e9000000| Untracked 
| 145|0x00000000e9100000, 0x00000000e9200000, 0x00000000e9200000|100%| O|  |TAMS 0x00000000e9200000, 0x00000000e9100000| Untracked 
| 146|0x00000000e9200000, 0x00000000e9300000, 0x00000000e9300000|100%| O|  |TAMS 0x00000000e9300000, 0x00000000e9200000| Untracked 
| 147|0x00000000e9300000, 0x00000000e9400000, 0x00000000e9400000|100%| O|  |TAMS 0x00000000e9400000, 0x00000000e9300000| Untracked 
| 148|0x00000000e9400000, 0x00000000e9500000, 0x00000000e9500000|100%| O|  |TAMS 0x00000000e9500000, 0x00000000e9400000| Untracked 
| 149|0x00000000e9500000, 0x00000000e9600000, 0x00000000e9600000|100%| O|  |TAMS 0x00000000e9600000, 0x00000000e9500000| Untracked 
| 150|0x00000000e9600000, 0x00000000e9700000, 0x00000000e9700000|100%| O|  |TAMS 0x00000000e9700000, 0x00000000e9600000| Untracked 
| 151|0x00000000e9700000, 0x00000000e9800000, 0x00000000e9800000|100%| O|  |TAMS 0x00000000e9800000, 0x00000000e9700000| Untracked 
| 152|0x00000000e9800000, 0x00000000e9900000, 0x00000000e9900000|100%| O|  |TAMS 0x00000000e9900000, 0x00000000e9800000| Complete 
| 153|0x00000000e9900000, 0x00000000e9a00000, 0x00000000e9a00000|100%| O|  |TAMS 0x00000000e9a00000, 0x00000000e9900000| Complete 
| 154|0x00000000e9a00000, 0x00000000e9b00000, 0x00000000e9b00000|100%| O|  |TAMS 0x00000000e9b00000, 0x00000000e9a00000| Untracked 
| 155|0x00000000e9b00000, 0x00000000e9c00000, 0x00000000e9c00000|100%| O|  |TAMS 0x00000000e9c00000, 0x00000000e9b00000| Untracked 
| 156|0x00000000e9c00000, 0x00000000e9d00000, 0x00000000e9d00000|100%| O|  |TAMS 0x00000000e9d00000, 0x00000000e9c00000| Untracked 
| 157|0x00000000e9d00000, 0x00000000e9e00000, 0x00000000e9e00000|100%| O|  |TAMS 0x00000000e9e00000, 0x00000000e9d00000| Untracked 
| 158|0x00000000e9e00000, 0x00000000e9f00000, 0x00000000e9f00000|100%| O|  |TAMS 0x00000000e9f00000, 0x00000000e9e00000| Untracked 
| 159|0x00000000e9f00000, 0x00000000ea000000, 0x00000000ea000000|100%| O|  |TAMS 0x00000000ea000000, 0x00000000e9f00000| Complete 
| 160|0x00000000ea000000, 0x00000000ea100000, 0x00000000ea100000|100%| O|  |TAMS 0x00000000ea100000, 0x00000000ea000000| Complete 
| 161|0x00000000ea100000, 0x00000000ea200000, 0x00000000ea200000|100%| O|  |TAMS 0x00000000ea200000, 0x00000000ea100000| Untracked 
| 162|0x00000000ea200000, 0x00000000ea300000, 0x00000000ea300000|100%| O|  |TAMS 0x00000000ea300000, 0x00000000ea200000| Untracked 
| 163|0x00000000ea300000, 0x00000000ea400000, 0x00000000ea400000|100%| O|  |TAMS 0x00000000ea400000, 0x00000000ea300000| Untracked 
| 164|0x00000000ea400000, 0x00000000ea500000, 0x00000000ea500000|100%| O|  |TAMS 0x00000000ea500000, 0x00000000ea400000| Complete 
| 165|0x00000000ea500000, 0x00000000ea600000, 0x00000000ea600000|100%| O|  |TAMS 0x00000000ea600000, 0x00000000ea500000| Complete 
| 166|0x00000000ea600000, 0x00000000ea700000, 0x00000000ea700000|100%| O|  |TAMS 0x00000000ea700000, 0x00000000ea600000| Untracked 
| 167|0x00000000ea700000, 0x00000000ea800000, 0x00000000ea800000|100%| O|  |TAMS 0x00000000ea800000, 0x00000000ea700000| Untracked 
| 168|0x00000000ea800000, 0x00000000ea900000, 0x00000000ea900000|100%| O|  |TAMS 0x00000000ea900000, 0x00000000ea800000| Untracked 
| 169|0x00000000ea900000, 0x00000000eaa00000, 0x00000000eaa00000|100%| O|  |TAMS 0x00000000eaa00000, 0x00000000ea900000| Complete 
| 170|0x00000000eaa00000, 0x00000000eab00000, 0x00000000eab00000|100%| O|  |TAMS 0x00000000eab00000, 0x00000000eaa00000| Complete 
| 171|0x00000000eab00000, 0x00000000eac00000, 0x00000000eac00000|100%|HS|  |TAMS 0x00000000eac00000, 0x00000000eab00000| Complete 
| 172|0x00000000eac00000, 0x00000000ead00000, 0x00000000ead00000|100%|HS|  |TAMS 0x00000000ead00000, 0x00000000eac00000| Complete 
| 173|0x00000000ead00000, 0x00000000eae00000, 0x00000000eae00000|100%| O|  |TAMS 0x00000000eae00000, 0x00000000ead00000| Untracked 
| 174|0x00000000eae00000, 0x00000000eaf00000, 0x00000000eaf00000|100%| O|  |TAMS 0x00000000eaf00000, 0x00000000eae00000| Untracked 
| 175|0x00000000eaf00000, 0x00000000eb000000, 0x00000000eb000000|100%| O|  |TAMS 0x00000000eb000000, 0x00000000eaf00000| Untracked 
| 176|0x00000000eb000000, 0x00000000eb100000, 0x00000000eb100000|100%| O|  |TAMS 0x00000000eb100000, 0x00000000eb000000| Untracked 
| 177|0x00000000eb100000, 0x00000000eb200000, 0x00000000eb200000|100%| O|  |TAMS 0x00000000eb200000, 0x00000000eb100000| Untracked 
| 178|0x00000000eb200000, 0x00000000eb300000, 0x00000000eb300000|100%| O|  |TAMS 0x00000000eb300000, 0x00000000eb200000| Untracked 
| 179|0x00000000eb300000, 0x00000000eb400000, 0x00000000eb400000|100%| O|  |TAMS 0x00000000eb400000, 0x00000000eb300000| Untracked 
| 180|0x00000000eb400000, 0x00000000eb500000, 0x00000000eb500000|100%| O|  |TAMS 0x00000000eb500000, 0x00000000eb400000| Untracked 
| 181|0x00000000eb500000, 0x00000000eb600000, 0x00000000eb600000|100%| O|  |TAMS 0x00000000eb600000, 0x00000000eb500000| Untracked 
| 182|0x00000000eb600000, 0x00000000eb700000, 0x00000000eb700000|100%| O|  |TAMS 0x00000000eb700000, 0x00000000eb600000| Untracked 
| 183|0x00000000eb700000, 0x00000000eb800000, 0x00000000eb800000|100%| O|  |TAMS 0x00000000eb800000, 0x00000000eb700000| Complete 
| 184|0x00000000eb800000, 0x00000000eb900000, 0x00000000eb900000|100%| O|  |TAMS 0x00000000eb900000, 0x00000000eb800000| Untracked 
| 185|0x00000000eb900000, 0x00000000eba00000, 0x00000000eba00000|100%| O|  |TAMS 0x00000000eba00000, 0x00000000eb900000| Untracked 
| 186|0x00000000eba00000, 0x00000000ebb00000, 0x00000000ebb00000|100%| O|  |TAMS 0x00000000ebb00000, 0x00000000eba00000| Untracked 
| 187|0x00000000ebb00000, 0x00000000ebc00000, 0x00000000ebc00000|100%| O|  |TAMS 0x00000000ebc00000, 0x00000000ebb00000| Untracked 
| 188|0x00000000ebc00000, 0x00000000ebd00000, 0x00000000ebd00000|100%| O|  |TAMS 0x00000000ebd00000, 0x00000000ebc00000| Untracked 
| 189|0x00000000ebd00000, 0x00000000ebe00000, 0x00000000ebe00000|100%| O|  |TAMS 0x00000000ebe00000, 0x00000000ebd00000| Untracked 
| 190|0x00000000ebe00000, 0x00000000ebf00000, 0x00000000ebf00000|100%| O|  |TAMS 0x00000000ebf00000, 0x00000000ebe00000| Untracked 
| 191|0x00000000ebf00000, 0x00000000ec000000, 0x00000000ec000000|100%| O|  |TAMS 0x00000000ec000000, 0x00000000ebf00000| Untracked 
| 192|0x00000000ec000000, 0x00000000ec100000, 0x00000000ec100000|100%| O|  |TAMS 0x00000000ec100000, 0x00000000ec000000| Untracked 
| 193|0x00000000ec100000, 0x00000000ec200000, 0x00000000ec200000|100%| O|  |TAMS 0x00000000ec200000, 0x00000000ec100000| Untracked 
| 194|0x00000000ec200000, 0x00000000ec300000, 0x00000000ec300000|100%| O|  |TAMS 0x00000000ec300000, 0x00000000ec200000| Untracked 
| 195|0x00000000ec300000, 0x00000000ec400000, 0x00000000ec400000|100%| O|  |TAMS 0x00000000ec400000, 0x00000000ec300000| Untracked 
| 196|0x00000000ec400000, 0x00000000ec500000, 0x00000000ec500000|100%| O|  |TAMS 0x00000000ec500000, 0x00000000ec400000| Untracked 
| 197|0x00000000ec500000, 0x00000000ec600000, 0x00000000ec600000|100%| O|  |TAMS 0x00000000ec600000, 0x00000000ec500000| Complete 
| 198|0x00000000ec600000, 0x00000000ec700000, 0x00000000ec700000|100%| O|  |TAMS 0x00000000ec700000, 0x00000000ec600000| Complete 
| 199|0x00000000ec700000, 0x00000000ec800000, 0x00000000ec800000|100%| O|  |TAMS 0x00000000ec800000, 0x00000000ec700000| Untracked 
| 200|0x00000000ec800000, 0x00000000ec900000, 0x00000000ec900000|100%| O|  |TAMS 0x00000000ec900000, 0x00000000ec800000| Untracked 
| 201|0x00000000ec900000, 0x00000000eca00000, 0x00000000eca00000|100%| O|  |TAMS 0x00000000eca00000, 0x00000000ec900000| Untracked 
| 202|0x00000000eca00000, 0x00000000ecb00000, 0x00000000ecb00000|100%| O|  |TAMS 0x00000000ecb00000, 0x00000000eca00000| Untracked 
| 203|0x00000000ecb00000, 0x00000000ecc00000, 0x00000000ecc00000|100%| O|  |TAMS 0x00000000ecc00000, 0x00000000ecb00000| Untracked 
| 204|0x00000000ecc00000, 0x00000000ecd00000, 0x00000000ecd00000|100%| O|  |TAMS 0x00000000ecd00000, 0x00000000ecc00000| Untracked 
| 205|0x00000000ecd00000, 0x00000000ece00000, 0x00000000ece00000|100%| O|  |TAMS 0x00000000ece00000, 0x00000000ecd00000| Untracked 
| 206|0x00000000ece00000, 0x00000000ecf00000, 0x00000000ecf00000|100%| O|  |TAMS 0x00000000ecf00000, 0x00000000ece00000| Complete 
| 207|0x00000000ecf00000, 0x00000000ed000000, 0x00000000ed000000|100%| O|  |TAMS 0x00000000ed000000, 0x00000000ecf00000| Untracked 
| 208|0x00000000ed000000, 0x00000000ed100000, 0x00000000ed100000|100%| O|  |TAMS 0x00000000ed100000, 0x00000000ed000000| Complete 
| 209|0x00000000ed100000, 0x00000000ed200000, 0x00000000ed200000|100%| O|  |TAMS 0x00000000ed200000, 0x00000000ed100000| Untracked 
| 210|0x00000000ed200000, 0x00000000ed300000, 0x00000000ed300000|100%| O|  |TAMS 0x00000000ed300000, 0x00000000ed200000| Complete 
| 211|0x00000000ed300000, 0x00000000ed400000, 0x00000000ed400000|100%| O|  |TAMS 0x00000000ed37fe00, 0x00000000ed300000| Complete 
| 212|0x00000000ed400000, 0x00000000ed500000, 0x00000000ed500000|100%| O|  |TAMS 0x00000000ed400000, 0x00000000ed400000| Untracked 
| 213|0x00000000ed500000, 0x00000000ed600000, 0x00000000ed600000|100%| O|  |TAMS 0x00000000ed500000, 0x00000000ed500000| Untracked 
| 214|0x00000000ed600000, 0x00000000ed700000, 0x00000000ed700000|100%| O|  |TAMS 0x00000000ed600000, 0x00000000ed600000| Untracked 
| 215|0x00000000ed700000, 0x00000000ed800000, 0x00000000ed800000|100%| O|  |TAMS 0x00000000ed700000, 0x00000000ed700000| Untracked 
| 216|0x00000000ed800000, 0x00000000ed900000, 0x00000000ed900000|100%| O|  |TAMS 0x00000000ed800000, 0x00000000ed800000| Untracked 
| 217|0x00000000ed900000, 0x00000000eda00000, 0x00000000eda00000|100%| O|  |TAMS 0x00000000ed900000, 0x00000000ed900000| Untracked 
| 218|0x00000000eda00000, 0x00000000edb00000, 0x00000000edb00000|100%| O|  |TAMS 0x00000000eda00000, 0x00000000eda00000| Untracked 
| 219|0x00000000edb00000, 0x00000000edc00000, 0x00000000edc00000|100%| O|  |TAMS 0x00000000edb00000, 0x00000000edb00000| Untracked 
| 220|0x00000000edc00000, 0x00000000edd00000, 0x00000000edd00000|100%| O|  |TAMS 0x00000000edc00000, 0x00000000edc00000| Untracked 
| 221|0x00000000edd00000, 0x00000000ede00000, 0x00000000ede00000|100%| O|  |TAMS 0x00000000edd00000, 0x00000000edd00000| Untracked 
| 222|0x00000000ede00000, 0x00000000edf00000, 0x00000000edf00000|100%| O|  |TAMS 0x00000000ede00000, 0x00000000ede00000| Untracked 
| 223|0x00000000edf00000, 0x00000000ee000000, 0x00000000ee000000|100%| O|  |TAMS 0x00000000edf00000, 0x00000000edf00000| Untracked 
| 224|0x00000000ee000000, 0x00000000ee100000, 0x00000000ee100000|100%| O|  |TAMS 0x00000000ee000000, 0x00000000ee000000| Untracked 
| 225|0x00000000ee100000, 0x00000000ee200000, 0x00000000ee200000|100%| O|  |TAMS 0x00000000ee100000, 0x00000000ee100000| Untracked 
| 226|0x00000000ee200000, 0x00000000ee2ea000, 0x00000000ee300000| 91%| O|  |TAMS 0x00000000ee200000, 0x00000000ee200000| Untracked 
| 227|0x00000000ee300000, 0x00000000ee300000, 0x00000000ee400000|  0%| F|  |TAMS 0x00000000ee300000, 0x00000000ee300000| Untracked 
| 228|0x00000000ee400000, 0x00000000ee400000, 0x00000000ee500000|  0%| F|  |TAMS 0x00000000ee400000, 0x00000000ee400000| Untracked 
| 229|0x00000000ee500000, 0x00000000ee500000, 0x00000000ee600000|  0%| F|  |TAMS 0x00000000ee500000, 0x00000000ee500000| Untracked 
| 230|0x00000000ee600000, 0x00000000ee600000, 0x00000000ee700000|  0%| F|  |TAMS 0x00000000ee600000, 0x00000000ee600000| Untracked 
| 231|0x00000000ee700000, 0x00000000ee700000, 0x00000000ee800000|  0%| F|  |TAMS 0x00000000ee700000, 0x00000000ee700000| Untracked 
| 232|0x00000000ee800000, 0x00000000ee800000, 0x00000000ee900000|  0%| F|  |TAMS 0x00000000ee800000, 0x00000000ee800000| Untracked 
| 233|0x00000000ee900000, 0x00000000ee900000, 0x00000000eea00000|  0%| F|  |TAMS 0x00000000ee900000, 0x00000000ee900000| Untracked 
| 234|0x00000000eea00000, 0x00000000eea00000, 0x00000000eeb00000|  0%| F|  |TAMS 0x00000000eea00000, 0x00000000eea00000| Untracked 
| 235|0x00000000eeb00000, 0x00000000eeb00000, 0x00000000eec00000|  0%| F|  |TAMS 0x00000000eeb00000, 0x00000000eeb00000| Untracked 
| 236|0x00000000eec00000, 0x00000000eec00000, 0x00000000eed00000|  0%| F|  |TAMS 0x00000000eec00000, 0x00000000eec00000| Untracked 
| 237|0x00000000eed00000, 0x00000000eed00000, 0x00000000eee00000|  0%| F|  |TAMS 0x00000000eed00000, 0x00000000eed00000| Untracked 
| 238|0x00000000eee00000, 0x00000000eee00000, 0x00000000eef00000|  0%| F|  |TAMS 0x00000000eee00000, 0x00000000eee00000| Untracked 
| 239|0x00000000eef00000, 0x00000000eef00000, 0x00000000ef000000|  0%| F|  |TAMS 0x00000000eef00000, 0x00000000eef00000| Untracked 
| 240|0x00000000ef000000, 0x00000000ef000000, 0x00000000ef100000|  0%| F|  |TAMS 0x00000000ef000000, 0x00000000ef000000| Untracked 
| 241|0x00000000ef100000, 0x00000000ef100000, 0x00000000ef200000|  0%| F|  |TAMS 0x00000000ef100000, 0x00000000ef100000| Untracked 
| 242|0x00000000ef200000, 0x00000000ef200000, 0x00000000ef300000|  0%| F|  |TAMS 0x00000000ef200000, 0x00000000ef200000| Untracked 
| 243|0x00000000ef300000, 0x00000000ef300000, 0x00000000ef400000|  0%| F|  |TAMS 0x00000000ef300000, 0x00000000ef300000| Untracked 
| 244|0x00000000ef400000, 0x00000000ef4f5f18, 0x00000000ef500000| 96%| S|CS|TAMS 0x00000000ef400000, 0x00000000ef400000| Complete 
| 245|0x00000000ef500000, 0x00000000ef600000, 0x00000000ef600000|100%| S|CS|TAMS 0x00000000ef500000, 0x00000000ef500000| Complete 
| 246|0x00000000ef600000, 0x00000000ef600000, 0x00000000ef700000|  0%| F|  |TAMS 0x00000000ef600000, 0x00000000ef600000| Untracked 
| 247|0x00000000ef700000, 0x00000000ef700000, 0x00000000ef800000|  0%| F|  |TAMS 0x00000000ef700000, 0x00000000ef700000| Untracked 
| 248|0x00000000ef800000, 0x00000000ef900000, 0x00000000ef900000|100%| E|  |TAMS 0x00000000ef800000, 0x00000000ef800000| Complete 
| 249|0x00000000ef900000, 0x00000000efa00000, 0x00000000efa00000|100%| E|CS|TAMS 0x00000000ef900000, 0x00000000ef900000| Complete 
| 250|0x00000000efa00000, 0x00000000efb00000, 0x00000000efb00000|100%| E|CS|TAMS 0x00000000efa00000, 0x00000000efa00000| Complete 
| 251|0x00000000efb00000, 0x00000000efc00000, 0x00000000efc00000|100%| E|CS|TAMS 0x00000000efb00000, 0x00000000efb00000| Complete 
| 252|0x00000000efc00000, 0x00000000efd00000, 0x00000000efd00000|100%| E|CS|TAMS 0x00000000efc00000, 0x00000000efc00000| Complete 
| 253|0x00000000efd00000, 0x00000000efe00000, 0x00000000efe00000|100%| E|CS|TAMS 0x00000000efd00000, 0x00000000efd00000| Complete 
| 254|0x00000000efe00000, 0x00000000eff00000, 0x00000000eff00000|100%| E|CS|TAMS 0x00000000efe00000, 0x00000000efe00000| Complete 
| 255|0x00000000eff00000, 0x00000000f0000000, 0x00000000f0000000|100%| E|CS|TAMS 0x00000000eff00000, 0x00000000eff00000| Complete 

Card table byte_map: [0x000001dfd90e0000,0x000001dfd91e0000] _byte_map_base: 0x000001dfd89e0000

Marking Bits (Prev, Next): (CMBitMap*) 0x000001dfc2acee98, (CMBitMap*) 0x000001dfc2aceed0
 Prev Bits: [0x000001dfd92e0000, 0x000001dfd9ae0000)
 Next Bits: [0x000001dfd9ae0000, 0x000001dfda2e0000)

Polling page: 0x000001dfc09a0000

Metaspace:

Usage:
  Non-class:     81.33 MB capacity,    78.95 MB ( 97%) used,     2.14 MB (  3%) free+waste,   238.69 KB ( <1%) overhead. 
      Class:     12.32 MB capacity,    11.31 MB ( 92%) used,   915.06 KB (  7%) free+waste,   111.44 KB ( <1%) overhead. 
       Both:     93.64 MB capacity,    90.26 MB ( 96%) used,     3.04 MB (  3%) free+waste,   350.13 KB ( <1%) overhead. 

Virtual space:
  Non-class space:       82.00 MB reserved,      81.50 MB (>99%) committed 
      Class space:      248.00 MB reserved,      12.37 MB (  5%) committed 
             Both:      330.00 MB reserved,      93.87 MB ( 28%) committed 

Chunk freelists:
   Non-Class:  6.38 KB
       Class:  0 bytes
        Both:  6.38 KB

CodeHeap 'non-profiled nmethods': size=120064Kb used=10041Kb max_used=10041Kb free=110022Kb
 bounds [0x000001dfd1ba0000, 0x000001dfd2570000, 0x000001dfd90e0000]
CodeHeap 'profiled nmethods': size=120000Kb used=30893Kb max_used=30893Kb free=89106Kb
 bounds [0x000001dfca670000, 0x000001dfcc4c0000, 0x000001dfd1ba0000]
CodeHeap 'non-nmethods': size=5696Kb used=2303Kb max_used=2358Kb free=3392Kb
 bounds [0x000001dfca0e0000, 0x000001dfca350000, 0x000001dfca670000]
 total_blobs=15321 nmethods=14406 adapters=826
 compilation: enabled
              stopped_count=0, restarted_count=0
 full_count=0

Compilation events (10 events):
Event: 196.911 Thread 0x000001dfdc918000 nmethod 15253 0x000001dfd2562290 code [0x000001dfd25624e0, 0x000001dfd2564300]
Event: 196.912 Thread 0x000001dfdc918000 15284       4       java.util.TimSort::countRunAndMakeAscending (128 bytes)
Event: 196.913 Thread 0x000001dfdc922000 15286       2       java.util.TimSort::sort (229 bytes)
Event: 196.914 Thread 0x000001dfdc922000 nmethod 15286 0x000001dfcaf75590 code [0x000001dfcaf757a0, 0x000001dfcaf75c38]
Event: 196.915 Thread 0x000001dfdc922000 15287       2       com.android.tools.r8.graph.DexValue$DexValueEnum::sort (5 bytes)
Event: 196.915 Thread 0x000001dfdc922000 nmethod 15287 0x000001dfcac50a90 code [0x000001dfcac50c20, 0x000001dfcac50d18]
Event: 196.916 Thread 0x000001dfdf5bd800 nmethod 15192 0x000001dfd2565310 code [0x000001dfd2565620, 0x000001dfd2567ff8]
Event: 196.917 Thread 0x000001dfdf5bd800 15271       4       com.android.tools.r8.graph.DexEncodedAnnotation::sort (88 bytes)
Event: 196.925 Thread 0x000001dfdc918000 nmethod 15284 0x000001dfd2569290 code [0x000001dfd2569440, 0x000001dfd2569a58]
Event: 196.926 Thread 0x000001dfdc918000 15289       4       java.util.TimSort::sort (229 bytes)

GC Heap History (10 events):
Event: 194.780 GC heap before
{Heap before GC invocations=30 (full 0):
 garbage-first heap   total 262144K, used 215934K [0x00000000e0000000, 0x0000000100000000)
  region size 1024K, 12 young (12288K), 4 survivors (4096K)
 Metaspace       used 91285K, capacity 94716K, committed 94968K, reserved 337920K
  class space    used 11456K, capacity 12460K, committed 12536K, reserved 253952K
}
Event: 194.804 GC heap after
{Heap after GC invocations=31 (full 0):
 garbage-first heap   total 262144K, used 210432K [0x00000000e0000000, 0x0000000100000000)
  region size 1024K, 2 young (2048K), 2 survivors (2048K)
 Metaspace       used 91285K, capacity 94716K, committed 94968K, reserved 337920K
  class space    used 11456K, capacity 12460K, committed 12536K, reserved 253952K
}
Event: 194.923 GC heap before
{Heap before GC invocations=31 (full 0):
 garbage-first heap   total 262144K, used 221696K [0x00000000e0000000, 0x0000000100000000)
  region size 1024K, 13 young (13312K), 2 survivors (2048K)
 Metaspace       used 91290K, capacity 94716K, committed 94968K, reserved 337920K
  class space    used 11456K, capacity 12460K, committed 12536K, reserved 253952K
}
Event: 194.939 GC heap after
{Heap after GC invocations=32 (full 0):
 garbage-first heap   total 262144K, used 218623K [0x00000000e0000000, 0x0000000100000000)
  region size 1024K, 2 young (2048K), 2 survivors (2048K)
 Metaspace       used 91290K, capacity 94716K, committed 94968K, reserved 337920K
  class space    used 11456K, capacity 12460K, committed 12536K, reserved 253952K
}
Event: 195.192 GC heap before
{Heap before GC invocations=32 (full 0):
 garbage-first heap   total 262144K, used 228863K [0x00000000e0000000, 0x0000000100000000)
  region size 1024K, 12 young (12288K), 2 survivors (2048K)
 Metaspace       used 91314K, capacity 94716K, committed 94968K, reserved 337920K
  class space    used 11456K, capacity 12460K, committed 12536K, reserved 253952K
}
Event: 195.207 GC heap after
{Heap after GC invocations=33 (full 0):
 garbage-first heap   total 262144K, used 225280K [0x00000000e0000000, 0x0000000100000000)
  region size 1024K, 2 young (2048K), 2 survivors (2048K)
 Metaspace       used 91314K, capacity 94716K, committed 94968K, reserved 337920K
  class space    used 11456K, capacity 12460K, committed 12536K, reserved 253952K
}
Event: 195.413 GC heap before
{Heap before GC invocations=33 (full 0):
 garbage-first heap   total 262144K, used 235520K [0x00000000e0000000, 0x0000000100000000)
  region size 1024K, 12 young (12288K), 2 survivors (2048K)
 Metaspace       used 91337K, capacity 94720K, committed 94968K, reserved 337920K
  class space    used 11457K, capacity 12461K, committed 12536K, reserved 253952K
}
Event: 195.427 GC heap after
{Heap after GC invocations=34 (full 0):
 garbage-first heap   total 262144K, used 232075K [0x00000000e0000000, 0x0000000100000000)
  region size 1024K, 2 young (2048K), 2 survivors (2048K)
 Metaspace       used 91337K, capacity 94720K, committed 94968K, reserved 337920K
  class space    used 11457K, capacity 12461K, committed 12536K, reserved 253952K
}
Event: 196.734 GC heap before
{Heap before GC invocations=35 (full 0):
 garbage-first heap   total 262144K, used 241291K [0x00000000e0000000, 0x0000000100000000)
  region size 1024K, 12 young (12288K), 2 survivors (2048K)
 Metaspace       used 92249K, capacity 95706K, committed 95864K, reserved 337920K
  class space    used 11570K, capacity 12596K, committed 12664K, reserved 253952K
}
Event: 196.752 GC heap after
{Heap after GC invocations=36 (full 0):
 garbage-first heap   total 262144K, used 234367K [0x00000000e0000000, 0x0000000100000000)
  region size 1024K, 2 young (2048K), 2 survivors (2048K)
 Metaspace       used 92249K, capacity 95706K, committed 95864K, reserved 337920K
  class space    used 11570K, capacity 12596K, committed 12664K, reserved 253952K
}

Deoptimization events (10 events):
Event: 196.545 Thread 0x000001dfe5ab5800 Uncommon trap: reason=bimorphic_or_optimized_type_check action=maybe_recompile pc=0x000001dfd254d888 method=com.android.tools.r8.graph.DexItemFactory.lambda$assignSortedIndices$1(Lcom/android/tools/r8/naming/NamingLens;Lcom/android/tools/r8/graph/Presorte
Event: 196.760 Thread 0x000001dfe5ab5800 Uncommon trap: reason=array_check action=maybe_recompile pc=0x000001dfd1c8d8d4 method=java.util.TimSort.reverseRange([Ljava/lang/Object;II)V @ 20 c2
Event: 196.760 Thread 0x000001dfe5ab5800 Uncommon trap: reason=array_check action=maybe_recompile pc=0x000001dfd1c8d8d4 method=java.util.TimSort.reverseRange([Ljava/lang/Object;II)V @ 20 c2
Event: 196.760 Thread 0x000001dfe5ab5800 Uncommon trap: reason=array_check action=maybe_recompile pc=0x000001dfd24b6ffc method=java.util.TimSort.binarySort([Ljava/lang/Object;IIILjava/util/Comparator;)V @ 215 c2
Event: 196.769 Thread 0x000001dfe5ab5800 Uncommon trap: reason=array_check action=maybe_recompile pc=0x000001dfd1c8d8d4 method=java.util.TimSort.reverseRange([Ljava/lang/Object;II)V @ 20 c2
Event: 196.770 Thread 0x000001dfe5ab5800 Uncommon trap: reason=array_check action=maybe_recompile pc=0x000001dfd1c8d8d4 method=java.util.TimSort.reverseRange([Ljava/lang/Object;II)V @ 20 c2
Event: 196.775 Thread 0x000001dfe5ab5800 Uncommon trap: reason=array_check action=maybe_recompile pc=0x000001dfd24b6ffc method=java.util.TimSort.binarySort([Ljava/lang/Object;IIILjava/util/Comparator;)V @ 215 c2
Event: 196.913 Thread 0x000001dfe5ab5800 Uncommon trap: reason=array_check action=maybe_recompile pc=0x000001dfd2563c40 method=java.util.TimSort.reverseRange([Ljava/lang/Object;II)V @ 27 c2
Event: 196.913 Thread 0x000001dfe5ab5800 Uncommon trap: reason=array_check action=maybe_recompile pc=0x000001dfd2563c40 method=java.util.TimSort.reverseRange([Ljava/lang/Object;II)V @ 27 c2
Event: 196.926 Thread 0x000001dfe5ab5800 Uncommon trap: reason=array_check action=maybe_recompile pc=0x000001dfd2569998 method=java.util.TimSort.reverseRange([Ljava/lang/Object;II)V @ 27 c2

Classes redefined (0 events):
No events

Internal exceptions (10 events):
Event: 189.903 Thread 0x000001dfe5ab4000 Exception <a 'java/lang/NoSuchMethodError'{0x00000000ec62c040}: static Lcom/android/builder/core/VariantAttributesProvider$SerializableIntSupplier;.<clinit>()V> (0x00000000ec62c040) thrown at [./open/src/hotspot/share/prims/jni.cpp, line 1366]
Event: 189.906 Thread 0x000001dfe5ab4000 Exception <a 'java/lang/NoSuchMethodError'{0x00000000ec63d400}: static Lcom/android/builder/core/VariantAttributesProvider$SerializableStringSupplier;.<clinit>()V> (0x00000000ec63d400) thrown at [./open/src/hotspot/share/prims/jni.cpp, line 1366]
Event: 192.113 Thread 0x000001dfe5ab3000 Exception <a 'sun/nio/fs/WindowsException'{0x00000000ebea5020}> (0x00000000ebea5020) thrown at [./open/src/hotspot/share/prims/jni.cpp, line 611]
Event: 192.723 Thread 0x000001dfe5ab5800 Exception <a 'sun/nio/fs/WindowsException'{0x00000000ee7c9058}> (0x00000000ee7c9058) thrown at [./open/src/hotspot/share/prims/jni.cpp, line 611]
Event: 192.966 Thread 0x000001dfe5ab5800 Exception <a 'java/lang/NoSuchMethodError'{0x00000000ee2c33b8}: java.lang.invoke.DirectMethodHandle$Holder.newInvokeSpecial(Ljava/lang/Object;Ljava/lang/Object;Ljava/lang/Object;Ljava/lang/Object;Ljava/lang/Object;Ljava/lang/Object;Ljava/lang/Object;Ljava
Event: 193.652 Thread 0x000001dfe5abc000 Exception <a 'java/lang/NoSuchMethodError'{0x00000000ee9fd630}: java.lang.invoke.DirectMethodHandle$Holder.newInvokeSpecial(Ljava/lang/Object;I)Ljava/lang/Object;> (0x00000000ee9fd630) thrown at [./open/src/hotspot/share/interpreter/linkResolver.cpp, line
Event: 193.748 Thread 0x000001dfe5abc000 Implicit null exception at 0x000001dfd1d5f8af to 0x000001dfd1d5f99c
Event: 193.748 Thread 0x000001dfe5ab6800 Implicit null exception at 0x000001dfd1d5f8af to 0x000001dfd1d5f99c
Event: 193.748 Thread 0x000001dfe5abd000 Implicit null exception at 0x000001dfd1d5f8af to 0x000001dfd1d5f99c
Event: 195.704 Thread 0x000001dfe5ab5800 Implicit null exception at 0x000001dfd2515b66 to 0x000001dfd25168ac

Events (10 events):
Event: 196.775 Thread 0x000001dfe5ab5800 DEOPT UNPACKING pc=0x000001dfca1065af sp=0x000000ce1befe490 mode 2
Event: 196.913 Thread 0x000001dfe5ab5800 Uncommon trap: trap_request=0xffffffd6 fr.pc=0x000001dfd2563c40 relative=0x0000000000001760
Event: 196.913 Thread 0x000001dfe5ab5800 DEOPT PACKING pc=0x000001dfd2563c40 sp=0x000000ce1befe620
Event: 196.913 Thread 0x000001dfe5ab5800 DEOPT UNPACKING pc=0x000001dfca1065af sp=0x000000ce1befe4e8 mode 2
Event: 196.913 Thread 0x000001dfe5ab5800 Uncommon trap: trap_request=0xffffffd6 fr.pc=0x000001dfd2563c40 relative=0x0000000000001760
Event: 196.913 Thread 0x000001dfe5ab5800 DEOPT PACKING pc=0x000001dfd2563c40 sp=0x000000ce1befe620
Event: 196.913 Thread 0x000001dfe5ab5800 DEOPT UNPACKING pc=0x000001dfca1065af sp=0x000000ce1befe4e8 mode 2
Event: 196.926 Thread 0x000001dfe5ab5800 Uncommon trap: trap_request=0xffffffd6 fr.pc=0x000001dfd2569998 relative=0x0000000000000558
Event: 196.926 Thread 0x000001dfe5ab5800 DEOPT PACKING pc=0x000001dfd2569998 sp=0x000000ce1befe5c0
Event: 196.926 Thread 0x000001dfe5ab5800 DEOPT UNPACKING pc=0x000001dfca1065af sp=0x000000ce1befe4f0 mode 2


Dynamic libraries:
0x00007ff630090000 - 0x00007ff63009f000 	C:\Program Files\Java\jdk-11.0.13\bin\java.exe
0x00007ffd10db0000 - 0x00007ffd10fa8000 	C:\Windows\SYSTEM32\ntdll.dll
0x00007ffd10480000 - 0x00007ffd1053d000 	C:\Windows\System32\KERNEL32.DLL
0x00007ffd0e6d0000 - 0x00007ffd0e99e000 	C:\Windows\System32\KERNELBASE.dll
0x00007ffd0ed10000 - 0x00007ffd0ee10000 	C:\Windows\System32\ucrtbase.dll
0x00007ffcfdd50000 - 0x00007ffcfdd65000 	C:\Program Files\Java\jdk-11.0.13\bin\VCRUNTIME140.dll
0x00007ffd09f70000 - 0x00007ffd09f88000 	C:\Program Files\Java\jdk-11.0.13\bin\jli.dll
0x00007ffd0f620000 - 0x00007ffd0f6ce000 	C:\Windows\System32\ADVAPI32.dll
0x00007ffd10340000 - 0x00007ffd103de000 	C:\Windows\System32\msvcrt.dll
0x00007ffd103e0000 - 0x00007ffd1047c000 	C:\Windows\System32\sechost.dll
0x00007ffd0ee10000 - 0x00007ffd0ef35000 	C:\Windows\System32\RPCRT4.dll
0x00007ffd10b20000 - 0x00007ffd10cc0000 	C:\Windows\System32\USER32.dll
0x00007ffd0e610000 - 0x00007ffd0e632000 	C:\Windows\System32\win32u.dll
0x00007ffd102b0000 - 0x00007ffd102da000 	C:\Windows\System32\GDI32.dll
0x00007ffd00c40000 - 0x00007ffd00eda000 	C:\Windows\WinSxS\amd64_microsoft.windows.common-controls_6595b64144ccf1df_6.0.19041.1110_none_60b5254171f9507e\COMCTL32.dll
0x00007ffd0e4d0000 - 0x00007ffd0e5db000 	C:\Windows\System32\gdi32full.dll
0x00007ffd0ec20000 - 0x00007ffd0ecbd000 	C:\Windows\System32\msvcp_win.dll
0x00007ffcfdf20000 - 0x00007ffcfdf2a000 	C:\Windows\SYSTEM32\VERSION.dll
0x00007ffd10280000 - 0x00007ffd102b0000 	C:\Windows\System32\IMM32.DLL
0x00007ffcfc1b0000 - 0x00007ffcfc24b000 	C:\Program Files\Java\jdk-11.0.13\bin\msvcp140.dll
0x00007ffca0ad0000 - 0x00007ffca15e3000 	C:\Program Files\Java\jdk-11.0.13\bin\server\jvm.dll
0x00007ffd0f980000 - 0x00007ffd0f988000 	C:\Windows\System32\PSAPI.DLL
0x00007ffcffd40000 - 0x00007ffcffd67000 	C:\Windows\SYSTEM32\WINMM.dll
0x00007ffcfceb0000 - 0x00007ffcfceb9000 	C:\Windows\SYSTEM32\WSOCK32.dll
0x00007ffd0ef60000 - 0x00007ffd0efcb000 	C:\Windows\System32\WS2_32.dll
0x00007ffd0c3d0000 - 0x00007ffd0c3e2000 	C:\Windows\SYSTEM32\kernel.appcore.dll
0x00007ffcfc1a0000 - 0x00007ffcfc1b0000 	C:\Program Files\Java\jdk-11.0.13\bin\verify.dll
0x00007ffcffdc0000 - 0x00007ffcfffa4000 	C:\Windows\SYSTEM32\DBGHELP.DLL
0x00007ffcffc30000 - 0x00007ffcffc5c000 	C:\Windows\SYSTEM32\dbgcore.DLL
0x00007ffd0e640000 - 0x00007ffd0e6c2000 	C:\Windows\System32\bcryptPrimitives.dll
0x00007ffcfc170000 - 0x00007ffcfc198000 	C:\Program Files\Java\jdk-11.0.13\bin\java.dll
0x00007ffcfc160000 - 0x00007ffcfc16a000 	C:\Program Files\Java\jdk-11.0.13\bin\jimage.dll
0x00007ffcfc140000 - 0x00007ffcfc156000 	C:\Program Files\Java\jdk-11.0.13\bin\zip.dll
0x00007ffd0fa40000 - 0x00007ffd10184000 	C:\Windows\System32\SHELL32.dll
0x00007ffd0c5d0000 - 0x00007ffd0cd64000 	C:\Windows\SYSTEM32\windows.storage.dll
0x00007ffd0efd0000 - 0x00007ffd0f324000 	C:\Windows\System32\combase.dll
0x00007ffd0de60000 - 0x00007ffd0de90000 	C:\Windows\SYSTEM32\Wldp.dll
0x00007ffd10cc0000 - 0x00007ffd10d6d000 	C:\Windows\System32\SHCORE.dll
0x00007ffd105d0000 - 0x00007ffd10625000 	C:\Windows\System32\shlwapi.dll
0x00007ffd0e410000 - 0x00007ffd0e42f000 	C:\Windows\SYSTEM32\profapi.dll
0x00007ffcfc120000 - 0x00007ffcfc139000 	C:\Program Files\Java\jdk-11.0.13\bin\net.dll
0x00007ffd027d0000 - 0x00007ffd028da000 	C:\Windows\SYSTEM32\WINHTTP.dll
0x00007ffd0dbc0000 - 0x00007ffd0dc2a000 	C:\Windows\system32\mswsock.dll
0x00007ffcfc040000 - 0x00007ffcfc052000 	C:\Program Files\Java\jdk-11.0.13\bin\nio.dll
0x00007ffcfbf60000 - 0x00007ffcfbf86000 	C:\Users\LUCKY\.gradle\native\29\windows-amd64\native-platform.dll
0x00007ffcfc020000 - 0x00007ffcfc029000 	C:\Program Files\Java\jdk-11.0.13\bin\management.dll
0x00007ffcfbf50000 - 0x00007ffcfbf5b000 	C:\Program Files\Java\jdk-11.0.13\bin\management_ext.dll
0x00007ffd0ddb0000 - 0x00007ffd0ddc8000 	C:\Windows\SYSTEM32\CRYPTSP.dll
0x00007ffd0d540000 - 0x00007ffd0d574000 	C:\Windows\system32\rsaenh.dll
0x00007ffd0e5e0000 - 0x00007ffd0e607000 	C:\Windows\System32\bcrypt.dll
0x00007ffd0e390000 - 0x00007ffd0e3be000 	C:\Windows\SYSTEM32\USERENV.dll
0x00007ffd0ddd0000 - 0x00007ffd0dddc000 	C:\Windows\SYSTEM32\CRYPTBASE.dll
0x00007ffd0d8b0000 - 0x00007ffd0d8eb000 	C:\Windows\SYSTEM32\IPHLPAPI.DLL
0x00007ffd10270000 - 0x00007ffd10278000 	C:\Windows\System32\NSI.dll
0x00007ffd07bd0000 - 0x00007ffd07be7000 	C:\Windows\SYSTEM32\dhcpcsvc6.DLL
0x00007ffd07ca0000 - 0x00007ffd07cbd000 	C:\Windows\SYSTEM32\dhcpcsvc.DLL
0x00007ffd0d8f0000 - 0x00007ffd0d9bb000 	C:\Windows\SYSTEM32\DNSAPI.dll
0x00007ffcfbf40000 - 0x00007ffcfbf4d000 	C:\Program Files\Java\jdk-11.0.13\bin\sunmscapi.dll
0x00007ffd0e9a0000 - 0x00007ffd0eaf6000 	C:\Windows\System32\CRYPT32.dll
0x00007ffd0ded0000 - 0x00007ffd0def7000 	C:\Windows\SYSTEM32\ncrypt.dll
0x00007ffd0de90000 - 0x00007ffd0decb000 	C:\Windows\SYSTEM32\NTASN1.dll
0x00007ffcf1cd0000 - 0x00007ffcf1cf5000 	C:\Program Files\Java\jdk-11.0.13\bin\sunec.dll
0x00007ffd01da0000 - 0x00007ffd01daa000 	C:\Windows\System32\rasadhlp.dll
0x00007ffd025e0000 - 0x00007ffd02660000 	C:\Windows\System32\fwpuclnt.dll

dbghelp: loaded successfully - version: 4.0.5 - missing functions: none
symbol engine: initialized successfully - sym options: 0x614 - pdb path: .;C:\Program Files\Java\jdk-11.0.13\bin;C:\Windows\SYSTEM32;C:\Windows\WinSxS\amd64_microsoft.windows.common-controls_6595b64144ccf1df_6.0.19041.1110_none_60b5254171f9507e;C:\Program Files\Java\jdk-11.0.13\bin\server;C:\Users\LUCKY\.gradle\native\29\windows-amd64

VM Arguments:
jvm_args: --add-opens=java.base/java.util=ALL-UNNAMED --add-opens=java.base/java.lang=ALL-UNNAMED --add-opens=java.base/java.lang.invoke=ALL-UNNAMED --add-opens=java.prefs/java.util.prefs=ALL-UNNAMED -XX:MaxMetaspaceSize=256m -XX:+HeapDumpOnOutOfMemoryError -Xms256m -Xmx512m -Dfile.encoding=windows-1252 -Duser.country=US -Duser.language=en -Duser.variant 
java_command: org.gradle.launcher.daemon.bootstrap.GradleDaemon 5.5
java_class_path (initial): C:\Users\LUCKY\.gradle\wrapper\dists\gradle-5.5-all\byeise1led9a3w3p149d02kfj\gradle-5.5\lib\gradle-launcher-5.5.jar
Launcher Type: SUN_STANDARD

[Global flags]
     intx CICompilerCount                          = 3                                         {product} {ergonomic}
   size_t CompressedClassSpaceSize                 = 260046848                                 {product} {ergonomic}
     uint ConcGCThreads                            = 1                                         {product} {ergonomic}
     uint G1ConcRefinementThreads                  = 4                                         {product} {ergonomic}
   size_t G1HeapRegionSize                         = 1048576                                   {product} {ergonomic}
    uintx GCDrainStackTargetSize                   = 64                                        {product} {ergonomic}
     bool HeapDumpOnOutOfMemoryError               = true                                   {manageable} {command line}
   size_t InitialHeapSize                          = 268435456                                 {product} {command line}
   size_t MarkStackSize                            = 4194304                                   {product} {ergonomic}
   size_t MaxHeapSize                              = 536870912                                 {product} {command line}
   size_t MaxMetaspaceSize                         = 268435456                                 {product} {command line}
   size_t MaxNewSize                               = 321912832                                 {product} {ergonomic}
   size_t MinHeapDeltaBytes                        = 1048576                                   {product} {ergonomic}
    uintx NonNMethodCodeHeapSize                   = 5830732                                {pd product} {ergonomic}
    uintx NonProfiledCodeHeapSize                  = 122913754                              {pd product} {ergonomic}
    uintx ProfiledCodeHeapSize                     = 122913754                              {pd product} {ergonomic}
    uintx ReservedCodeCacheSize                    = 251658240                              {pd product} {ergonomic}
     bool SegmentedCodeCache                       = true                                      {product} {ergonomic}
     bool UseCompressedClassPointers               = true                                 {lp64_product} {ergonomic}
     bool UseCompressedOops                        = true                                 {lp64_product} {ergonomic}
     bool UseG1GC                                  = true                                      {product} {ergonomic}
     bool UseLargePagesIndividualAllocation        = false                                  {pd product} {ergonomic}

Logging:
Log output configuration:
 #0: stdout all=warning uptime,level,tags
 #1: stderr all=off uptime,level,tags

Environment Variables:
JAVA_HOME=C:\Program Files\Java\jdk-11.0.13\
CLASSPATH=D:\MyWork\ReactNative\whsnxt_mvp (2)\android\\gradle\wrapper\gradle-wrapper.jar
PATH=C:\Program Files (x86)\OpenJDK\jdk-8.0.262.10-hotspot\bin;C:\Program Files (x86)\Common Files\Oracle\Java\javapath;C:\Program Files\Common Files\Oracle\Java\javapath;C:\Windows\system32;C:\Windows;C:\Windows\System32\Wbem;C:\Windows\System32\WindowsPowerShell\v1.0\;C:\Windows\System32\OpenSSH\;C:\Program Files\Git\cmd;C:\Users\LUCKY\AppData\Roaming\nvm;C:\Program Files\nodejs;C:\xampp\php;C:\ProgramData\ComposerSetup\bin;C:\Program Files\PuTTY\;C:\Program Files\Java\jdk-18.0.1.1\bin;C:\Program Files\Microsoft SQL Server\150\Tools\Binn\;C:\Users\LUCKY\AppData\Local\Android\Sdk\platform-tools;C:\Program Files\Java\jdk-11.0.13\bin;C:\Users\LUCKY\AppData\Local\Android\Sdk\ndk-bundle;C:\Users\LUCKY\AppData\Local\Programs\Python\Python310\Scripts\;C:\Users\LUCKY\AppData\Local\Programs\Python\Python310\;C:\Users\LUCKY\AppData\Local\Microsoft\WindowsApps;C:\Program Files\Bandizip\;C:\Users\LUCKY\AppData\Roaming\npm;C:\Users\LUCKY\AppData\Local\Programs\Microsoft VS Code\bin;C:\Users\LUCKY\AppData\Roaming\nvm;C:\Program Files\nodejs;C:\Users\LUCKY\AppData\Roaming\Composer\vendor\bin;C:\Program Files\JetBrains\PyCharm Community Edition 2022.1.1\bin;;C:\Users\LUCKY\AppData\Local\Android\Sdk\ndk-bundle;C:\Users\LUCKY\AppData\Local\Android\Sdk\platform-tools;
USERNAME=LUCKY
OS=Windows_NT
PROCESSOR_IDENTIFIER=Intel64 Family 6 Model 58 Stepping 9, GenuineIntel



---------------  S Y S T E M  ---------------

OS: Windows 10 , 64 bit Build 19041 (10.0.19041.1806)

CPU:total 4 (initial active 4) (2 cores per cpu, 2 threads per core) family 6 model 58 stepping 9 microcode 0x21, cmov, cx8, fxsr, mmx, sse, sse2, sse3, ssse3, sse4.1, sse4.2, popcnt, avx, aes, clmul, erms, ht, tsc, tscinvbit, tscinv

Memory: 4k page, system-wide physical 12182M (3493M free)
TotalPageFile size 24470M (AvailPageFile size 14169M)
current process WorkingSet (physical memory assigned to process): 553M, peak: 555M
current process commit charge ("private bytes"): 593M, peak: 596M

vm_info: Java HotSpot(TM) 64-Bit Server VM (11.0.13+10-LTS-370) for windows-amd64 JRE (11.0.13+10-LTS-370), built on Sep 15 2021 22:10:36 by "mach5one" with MS VC++ 15.9 (VS2017)

END.
