#
# A fatal error has been detected by the Java Runtime Environment:
#
#  EXCEPTION_ACCESS_VIOLATION (0xc0000005) at pc=0x00007ffc33ff04bc, pid=8380, tid=4840
#
# JRE version: Java(TM) SE Runtime Environment 18.9 (11.0.13+10) (build 11.0.13+10-LTS-370)
# Java VM: Java HotSpot(TM) 64-Bit Server VM 18.9 (11.0.13+10-LTS-370, mixed mode, tiered, compressed oops, g1 gc, windows-amd64)
# Problematic frame:
# V  [jvm.dll+0x3104bc]
#
# No core dump will be written. Minidumps are not enabled by default on client versions of Windows
#
# If you would like to submit a bug report, please visit:
#   https://bugreport.java.com/bugreport/crash.jsp
#

---------------  S U M M A R Y ------------

Command Line: --add-opens=java.base/java.util=ALL-UNNAMED --add-opens=java.base/java.lang=ALL-UNNAMED --add-opens=java.base/java.lang.invoke=ALL-UNNAMED --add-opens=java.prefs/java.util.prefs=ALL-UNNAMED -XX:MaxMetaspaceSize=256m -XX:+HeapDumpOnOutOfMemoryError -Xms256m -Xmx512m -Dfile.encoding=windows-1252 -Duser.country=US -Duser.language=en -Duser.variant org.gradle.launcher.daemon.bootstrap.GradleDaemon 5.5

Host: Intel(R) Core(TM) i5-3230M CPU @ 2.60GHz, 4 cores, 11G,  Windows 10 , 64 bit Build 19041 (10.0.19041.1806)
Time: Sat Jul 30 18:49:52 2022 Tokyo Standard Time elapsed time: 15705.282500 seconds (0d 4h 21m 45s)

---------------  T H R E A D  ---------------

Current thread (0x0000029bba86b000):  JavaThread "C2 CompilerThread1" daemon [_thread_in_native, id=4840, stack(0x000000e07a700000,0x000000e07a800000)]


Current CompileTask:
C2:15705282 16528       4       org.gradle.cache.internal.DefaultCacheAccess$UnitOfWorkFileAccess::writeFile (14 bytes)

Stack: [0x000000e07a700000,0x000000e07a800000],  sp=0x000000e07a7fb760,  free space=1005k
Native frames: (J=compiled Java code, j=interpreted, Vv=VM code, C=native code)
V  [jvm.dll+0x3104bc]
V  [jvm.dll+0x30e2a8]
V  [jvm.dll+0x30d94a]
V  [jvm.dll+0x1f8255]
V  [jvm.dll+0x1f743d]
V  [jvm.dll+0x177991]
V  [jvm.dll+0x206d84]
V  [jvm.dll+0x204ebb]
V  [jvm.dll+0x727e70]
V  [jvm.dll+0x720a54]
V  [jvm.dll+0x627606]
C  [ucrtbase.dll+0x21bb2]
C  [KERNEL32.DLL+0x17034]
C  [ntdll.dll+0x52651]


siginfo: EXCEPTION_ACCESS_VIOLATION (0xc0000005), reading address 0x0000009bba6db210


Register to memory mapping:

RIP=0x00007ffc33ff04bc jvm.dll
RAX=0x0000009bba6db210 is an unknown value
RBX=0x0 is NULL
RCX=0x0000029bb79acda0 points into unknown readable memory: 0x0000029bba6db1b8 | b8 b1 6d ba 9b 02 00 00
RDX=0x0000029bb81abb70 points into unknown readable memory: 0x7fdfffc23fefffff | ff ff ef 3f c2 ff df 7f
RSP=0x000000e07a7fb760 is pointing into the stack for thread: 0x0000029bba86b000
RBP=0x0000000000000004 is an unknown value
RSI=0x0 is NULL
RDI=0x0000029bba6db1b8 points into unknown readable memory: 0x00007ffc3450b1d8 | d8 b1 50 34 fc 7f 00 00
R8 =0x0000000000800000 is an unknown value
R9 =0x0000000000800000 is an unknown value
R10=0x0000000000000023 is an unknown value
R11=0x0000000000000002 is an unknown value
R12=0x000000e07a7fb870 is pointing into the stack for thread: 0x0000029bba86b000
R13=0x0 is NULL
R14=0x000000e07a7fb820 is pointing into the stack for thread: 0x0000029bba86b000
R15=0x000000e07a7fbcd0 is pointing into the stack for thread: 0x0000029bba86b000


Registers:
RAX=0x0000009bba6db210, RBX=0x0000000000000000, RCX=0x0000029bb79acda0, RDX=0x0000029bb81abb70
RSP=0x000000e07a7fb760, RBP=0x0000000000000004, RSI=0x0000000000000000, RDI=0x0000029bba6db1b8
R8 =0x0000000000800000, R9 =0x0000000000800000, R10=0x0000000000000023, R11=0x0000000000000002
R12=0x000000e07a7fb870, R13=0x0000000000000000, R14=0x000000e07a7fb820, R15=0x000000e07a7fbcd0
RIP=0x00007ffc33ff04bc, EFLAGS=0x0000000000010246

Top of Stack: (sp=0x000000e07a7fb760)
0x000000e07a7fb760:   0000029bbdfce170 0000000000000001
0x000000e07a7fb770:   0000029bbbb9f8a0 0000029bc1b3f900
0x000000e07a7fb780:   0000029bb81ac080 0000029bb81ac490
0x000000e07a7fb790:   0000029bb81ac090 0000029bbbb9f8a0
0x000000e07a7fb7a0:   0000029bbcebbc58 0000000000000000
0x000000e07a7fb7b0:   0000029bbbb9f8a0 0000029bb86ac1b0
0x000000e07a7fb7c0:   0000000000008530 00007ffc33fee2a8
0x000000e07a7fb7d0:   000000e07a7fb8d0 0000029bbbb9f8a0
0x000000e07a7fb7e0:   000000e07a7fbcd0 0000000000018940
0x000000e07a7fb7f0:   00000000be8a0101 0000029bc2598600
0x000000e07a7fb800:   0000000000001d27 0000000000000045
0x000000e07a7fb810:   0000000000000090 0000029bb300fd4e
0x000000e07a7fb820:   0000029bb79acd90 0000029bb79b4d30
0x000000e07a7fb830:   0000029bb79ac800 0000029bbbb9f8a0
0x000000e07a7fb840:   0000000000000dfb 0000000000000000
0x000000e07a7fb850:   0000000000000090 00000000b300fd4e 

Instructions: (pc=0x00007ffc33ff04bc)
0x00007ffc33ff049c:   1f 44 00 00 48 8b 39 48 8d 41 f0 49 89 06 41 8b
0x00007ffc33ff04ac:   f5 0f 1f 00 85 f6 0f 85 ef 00 00 00 48 8b 47 08
0x00007ffc33ff04bc:   48 8b 18 48 85 db 0f 84 a4 00 00 00 48 8b 03 48
0x00007ffc33ff04cc:   8b cb ff 50 20 48 85 c0 0f 84 cd 00 00 00 48 3b 


Stack slot to memory mapping:
stack at sp + 0 slots: 0x0000029bbdfce170 points into unknown readable memory: 0x00007ffc34541a30 | 30 1a 54 34 fc 7f 00 00
stack at sp + 1 slots: 0x0000000000000001 is an unknown value
stack at sp + 2 slots: 0x0000029bbbb9f8a0 points into unknown readable memory: 0x005c003f00000006 | 06 00 00 00 3f 00 5c 00
stack at sp + 3 slots: 0x0000029bc1b3f900 points into unknown readable memory: 0x00000000c3000000 | 00 00 00 c3 00 00 00 00
stack at sp + 4 slots: 0x0000029bb81ac080 points into unknown readable memory: 0x0000000000000000 | 00 00 00 00 00 00 00 00
stack at sp + 5 slots: 0x0000029bb81ac490 points into unknown readable memory: 0x646172672e67726f | 6f 72 67 2e 67 72 61 64
stack at sp + 6 slots: 0x0000029bb81ac090 points into unknown readable memory: 0x0000029bc219a790 | 90 a7 19 c2 9b 02 00 00
stack at sp + 7 slots: 0x0000029bbbb9f8a0 points into unknown readable memory: 0x005c003f00000006 | 06 00 00 00 3f 00 5c 00


---------------  P R O C E S S  ---------------

Threads class SMR info:
_java_thread_list=0x0000029bba199670, length=42, elements={
0x0000029b9ce87800, 0x0000029bb6caa800, 0x0000029bb6ccd800, 0x0000029bb6cea800,
0x0000029bb6cec800, 0x0000029bb6cee000, 0x0000029bb6cf1800, 0x0000029bb6cf4800,
0x0000029bb6d08000, 0x0000029bb77a6000, 0x0000029bb8cee800, 0x0000029bb8f19800,
0x0000029bb920a800, 0x0000029bb8fc0800, 0x0000029bb8fc2000, 0x0000029bb8fbf800,
0x0000029bba1ec800, 0x0000029bba1eb000, 0x0000029bba1f0000, 0x0000029bba1f4000,
0x0000029bba1f4800, 0x0000029bba1e8800, 0x0000029bba2fb800, 0x0000029bba2fe800,
0x0000029bba2f9000, 0x0000029bba2ff800, 0x0000029bba2fc000, 0x0000029bba2fe000,
0x0000029bba300800, 0x0000029bba2fa800, 0x0000029bba301000, 0x0000029bba305000,
0x0000029bba307800, 0x0000029bba304800, 0x0000029bba302000, 0x0000029bba307000,
0x0000029bba302800, 0x0000029bba86b000, 0x0000029bba303800, 0x0000029bba306000,
0x0000029bba1ed800, 0x0000029bba1ee000
}

Java Threads: ( => current thread )
  0x0000029b9ce87800 JavaThread "main" [_thread_blocked, id=9632, stack(0x000000e078600000,0x000000e078700000)]
  0x0000029bb6caa800 JavaThread "Reference Handler" daemon [_thread_blocked, id=4644, stack(0x000000e078d00000,0x000000e078e00000)]
  0x0000029bb6ccd800 JavaThread "Finalizer" daemon [_thread_blocked, id=3192, stack(0x000000e078e00000,0x000000e078f00000)]
  0x0000029bb6cea800 JavaThread "Signal Dispatcher" daemon [_thread_blocked, id=6780, stack(0x000000e078f00000,0x000000e079000000)]
  0x0000029bb6cec800 JavaThread "Attach Listener" daemon [_thread_blocked, id=3292, stack(0x000000e079000000,0x000000e079100000)]
  0x0000029bb6cee000 JavaThread "Service Thread" daemon [_thread_blocked, id=10232, stack(0x000000e079100000,0x000000e079200000)]
  0x0000029bb6cf1800 JavaThread "C2 CompilerThread0" daemon [_thread_in_native, id=9636, stack(0x000000e079200000,0x000000e079300000)]
  0x0000029bb6cf4800 JavaThread "C1 CompilerThread0" daemon [_thread_blocked, id=216, stack(0x000000e079300000,0x000000e079400000)]
  0x0000029bb6d08000 JavaThread "Sweeper thread" daemon [_thread_blocked, id=3916, stack(0x000000e079400000,0x000000e079500000)]
  0x0000029bb77a6000 JavaThread "Common-Cleaner" daemon [_thread_blocked, id=3152, stack(0x000000e079500000,0x000000e079600000)]
  0x0000029bb8cee800 JavaThread "Daemon health stats" [_thread_blocked, id=2484, stack(0x000000e079b00000,0x000000e079c00000)]
  0x0000029bb8f19800 JavaThread "Incoming local TCP Connector on port 51441" [_thread_in_native, id=5012, stack(0x000000e079a00000,0x000000e079b00000)]
  0x0000029bb920a800 JavaThread "Daemon periodic checks" [_thread_blocked, id=4184, stack(0x000000e079c00000,0x000000e079d00000)]
  0x0000029bb8fc0800 JavaThread "Cache worker for file hash cache (C:\Users\LUCKY\.gradle\caches\5.5\fileHashes)" [_thread_blocked, id=10496, stack(0x000000e07a400000,0x000000e07a500000)]
  0x0000029bb8fc2000 JavaThread "File lock request listener" [_thread_in_native, id=448, stack(0x000000e07a500000,0x000000e07a600000)]
  0x0000029bb8fbf800 JavaThread "Cache worker for journal cache (C:\Users\LUCKY\.gradle\caches\journal-1)" [_thread_blocked, id=11148, stack(0x000000e07a600000,0x000000e07a700000)]
  0x0000029bba1ec800 JavaThread "Cache worker for execution history cache (C:\Users\LUCKY\.gradle\caches\5.5\executionHistory)" [_thread_blocked, id=6756, stack(0x000000e07ab00000,0x000000e07ac00000)]
  0x0000029bba1eb000 JavaThread "Memory manager" [_thread_blocked, id=10212, stack(0x000000e07b200000,0x000000e07b300000)]
  0x0000029bba1f0000 JavaThread "Cache worker for file content cache (C:\Users\LUCKY\.gradle\caches\5.5\fileContent)" [_thread_blocked, id=1780, stack(0x000000e07b300000,0x000000e07b400000)]
  0x0000029bba1f4000 JavaThread "Monitor" [_thread_in_native, id=1256, stack(0x000000e078300000,0x000000e078400000)]
  0x0000029bba1f4800 JavaThread "Device List Monitor" [_thread_in_native, id=4140, stack(0x000000e078400000,0x000000e078500000)]
  0x0000029bba1e8800 JavaThread "pool-1-thread-1" [_thread_blocked, id=7472, stack(0x000000e07a900000,0x000000e07aa00000)]
  0x0000029bba2fb800 JavaThread "Daemon Thread 4" [_thread_blocked, id=5356, stack(0x000000e078500000,0x000000e078600000)]
  0x0000029bba2fe800 JavaThread "Handler for socket connection from /127.0.0.1:51441 to /127.0.0.1:60641" [_thread_in_native, id=11372, stack(0x000000e079d00000,0x000000e079e00000)]
  0x0000029bba2f9000 JavaThread "Cancel handler" [_thread_blocked, id=4360, stack(0x000000e079e00000,0x000000e079f00000)]
  0x0000029bba2ff800 JavaThread "Daemon worker Thread 4" [_thread_in_native, id=7116, stack(0x000000e079f00000,0x000000e07a000000)]
  0x0000029bba2fc000 JavaThread "Asynchronous log dispatcher for DefaultDaemonConnection: socket connection from /127.0.0.1:51441 to /127.0.0.1:60641" [_thread_blocked, id=9224, stack(0x000000e07a000000,0x000000e07a100000)]
  0x0000029bba2fe000 JavaThread "Stdin handler" [_thread_blocked, id=11508, stack(0x000000e07a100000,0x000000e07a200000)]
  0x0000029bba300800 JavaThread "Thread-74" [_thread_blocked, id=1044, stack(0x000000e07a200000,0x000000e07a300000)]
  0x0000029bba2fa800 JavaThread "Cache worker for file hash cache (D:\MyWork\ReactNative\whsnxt_mvp\android\.gradle\5.5\fileHashes)" [_thread_blocked, id=5552, stack(0x000000e07a300000,0x000000e07a400000)]
  0x0000029bba301000 JavaThread "Cache worker for cache directory md-supplier (C:\Users\LUCKY\.gradle\caches\5.5\md-supplier)" [_thread_blocked, id=11712, stack(0x000000e07a800000,0x000000e07a900000)]
  0x0000029bba305000 JavaThread "Cache worker for cache directory md-rule (C:\Users\LUCKY\.gradle\caches\5.5\md-rule)" [_thread_blocked, id=3608, stack(0x000000e07aa00000,0x000000e07ab00000)]
  0x0000029bba307800 JavaThread "Build operations" [_thread_blocked, id=9644, stack(0x000000e07ac00000,0x000000e07ad00000)]
  0x0000029bba304800 JavaThread "Build operations Thread 2" [_thread_blocked, id=5816, stack(0x000000e07ad00000,0x000000e07ae00000)]
  0x0000029bba302000 JavaThread "Build operations Thread 3" [_thread_blocked, id=1908, stack(0x000000e07ae00000,0x000000e07af00000)]
  0x0000029bba307000 JavaThread "Build operations Thread 4" [_thread_blocked, id=6000, stack(0x000000e07af00000,0x000000e07b000000)]
  0x0000029bba302800 JavaThread "Cache worker for Build Output Cleanup Cache (D:\MyWork\ReactNative\whsnxt_mvp\android\.gradle\buildOutputCleanup)" [_thread_blocked, id=10504, stack(0x000000e07b000000,0x000000e07b100000)]
=>0x0000029bba86b000 JavaThread "C2 CompilerThread1" daemon [_thread_in_native, id=4840, stack(0x000000e07a700000,0x000000e07a800000)]
  0x0000029bba303800 JavaThread "Cache worker for file content cache (D:\MyWork\ReactNative\whsnxt_mvp\android\.gradle\5.5\fileContent)" [_thread_blocked, id=8900, stack(0x000000e07b400000,0x000000e07b500000)]
  0x0000029bba306000 JavaThread "Execution worker for ':'" [_thread_blocked, id=1756, stack(0x000000e07b500000,0x000000e07b600000)]
  0x0000029bba1ed800 JavaThread "Execution worker for ':' Thread 2" [_thread_blocked, id=5884, stack(0x000000e07b600000,0x000000e07b700000)]
  0x0000029bba1ee000 JavaThread "Execution worker for ':' Thread 3" [_thread_blocked, id=9536, stack(0x000000e07b700000,0x000000e07b800000)]

Other Threads:
  0x0000029bb6ca5800 VMThread "VM Thread" [stack: 0x000000e078c00000,0x000000e078d00000] [id=4704]
  0x0000029bb77bb000 WatcherThread [stack: 0x000000e079600000,0x000000e079700000] [id=10324]
  0x0000029b9ce9d800 GCTaskThread "GC Thread#0" [stack: 0x000000e078700000,0x000000e078800000] [id=10124]
  0x0000029bb7a08800 GCTaskThread "GC Thread#1" [stack: 0x000000e079700000,0x000000e079800000] [id=6924]
  0x0000029bb7a09800 GCTaskThread "GC Thread#2" [stack: 0x000000e079800000,0x000000e079900000] [id=7264]
  0x0000029bb7a0a000 GCTaskThread "GC Thread#3" [stack: 0x000000e079900000,0x000000e079a00000] [id=9896]
  0x0000029b9ceb1000 ConcurrentGCThread "G1 Main Marker" [stack: 0x000000e078800000,0x000000e078900000] [id=9608]
  0x0000029b9ceb2800 ConcurrentGCThread "G1 Conc#0" [stack: 0x000000e078900000,0x000000e078a00000] [id=1556]
  0x0000029bb6b40800 ConcurrentGCThread "G1 Refine#0" [stack: 0x000000e078a00000,0x000000e078b00000] [id=9716]
  0x0000029bba3e0000 ConcurrentGCThread "G1 Refine#1" [stack: 0x000000e07b100000,0x000000e07b200000] [id=12100]
  0x0000029bb6b41800 ConcurrentGCThread "G1 Young RemSet Sampling" [stack: 0x000000e078b00000,0x000000e078c00000] [id=9760]

Threads with active compile tasks:
C2 CompilerThread015705370 16527   !   4       org.gradle.cache.internal.DefaultFileLockManager$DefaultFileLock::doWriteAction (66 bytes)
C2 CompilerThread115705371 16528       4       org.gradle.cache.internal.DefaultCacheAccess$UnitOfWorkFileAccess::writeFile (14 bytes)

VM state:not at safepoint (normal execution)

VM Mutex/Monitor currently owned by a thread: None

Heap address: 0x00000000e0000000, size: 512 MB, Compressed Oops mode: 32-bit
Narrow klass base: 0x0000000000000000, Narrow klass shift: 3
Compressed class space size: 260046848 Address: 0x0000000100000000

Heap:
 garbage-first heap   total 262144K, used 153600K [0x00000000e0000000, 0x0000000100000000)
  region size 1024K, 44 young (45056K), 11 survivors (11264K)
 Metaspace       used 83514K, capacity 86524K, committed 86776K, reserved 329728K
  class space    used 10181K, capacity 11118K, committed 11256K, reserved 253952K
Heap Regions: E=young(eden), S=young(survivor), O=old, HS=humongous(starts), HC=humongous(continues), CS=collection set, F=free, A=archive, TAMS=top-at-mark-start (previous, next)
|   0|0x00000000e0000000, 0x00000000e0100000, 0x00000000e0100000|100%| O|  |TAMS 0x00000000e0100000, 0x00000000e0000000| Untracked 
|   1|0x00000000e0100000, 0x00000000e0200000, 0x00000000e0200000|100%| O|  |TAMS 0x00000000e0200000, 0x00000000e0100000| Untracked 
|   2|0x00000000e0200000, 0x00000000e0300000, 0x00000000e0300000|100%|HS|  |TAMS 0x00000000e0300000, 0x00000000e0200000| Complete 
|   3|0x00000000e0300000, 0x00000000e0400000, 0x00000000e0400000|100%|HS|  |TAMS 0x00000000e0400000, 0x00000000e0300000| Complete 
|   4|0x00000000e0400000, 0x00000000e0500000, 0x00000000e0500000|100%|HC|  |TAMS 0x00000000e0500000, 0x00000000e0400000| Complete 
|   5|0x00000000e0500000, 0x00000000e0600000, 0x00000000e0600000|100%| O|  |TAMS 0x00000000e0600000, 0x00000000e0500000| Complete 
|   6|0x00000000e0600000, 0x00000000e0700000, 0x00000000e0700000|100%| O|  |TAMS 0x00000000e0700000, 0x00000000e0600000| Untracked 
|   7|0x00000000e0700000, 0x00000000e0800000, 0x00000000e0800000|100%| O|  |TAMS 0x00000000e0800000, 0x00000000e0700000| Complete 
|   8|0x00000000e0800000, 0x00000000e0900000, 0x00000000e0900000|100%| O|  |TAMS 0x00000000e0900000, 0x00000000e0800000| Complete 
|   9|0x00000000e0900000, 0x00000000e0a00000, 0x00000000e0a00000|100%| O|  |TAMS 0x00000000e0a00000, 0x00000000e0900000| Untracked 
|  10|0x00000000e0a00000, 0x00000000e0b00000, 0x00000000e0b00000|100%| O|  |TAMS 0x00000000e0b00000, 0x00000000e0a00000| Untracked 
|  11|0x00000000e0b00000, 0x00000000e0c00000, 0x00000000e0c00000|100%| O|  |TAMS 0x00000000e0c00000, 0x00000000e0b00000| Untracked 
|  12|0x00000000e0c00000, 0x00000000e0d00000, 0x00000000e0d00000|100%| O|  |TAMS 0x00000000e0d00000, 0x00000000e0c00000| Complete 
|  13|0x00000000e0d00000, 0x00000000e0e00000, 0x00000000e0e00000|100%| O|  |TAMS 0x00000000e0e00000, 0x00000000e0d00000| Untracked 
|  14|0x00000000e0e00000, 0x00000000e0f00000, 0x00000000e0f00000|100%| O|  |TAMS 0x00000000e0f00000, 0x00000000e0e00000| Complete 
|  15|0x00000000e0f00000, 0x00000000e1000000, 0x00000000e1000000|100%|HS|  |TAMS 0x00000000e1000000, 0x00000000e0f00000| Complete 
|  16|0x00000000e1000000, 0x00000000e1100000, 0x00000000e1100000|100%|HC|  |TAMS 0x00000000e1100000, 0x00000000e1000000| Complete 
|  17|0x00000000e1100000, 0x00000000e1200000, 0x00000000e1200000|100%|HC|  |TAMS 0x00000000e1200000, 0x00000000e1100000| Complete 
|  18|0x00000000e1200000, 0x00000000e1300000, 0x00000000e1300000|100%|HS|  |TAMS 0x00000000e1300000, 0x00000000e1200000| Complete 
|  19|0x00000000e1300000, 0x00000000e1400000, 0x00000000e1400000|100%|HC|  |TAMS 0x00000000e1400000, 0x00000000e1300000| Complete 
|  20|0x00000000e1400000, 0x00000000e1500000, 0x00000000e1500000|100%| O|  |TAMS 0x00000000e1500000, 0x00000000e1400000| Complete 
|  21|0x00000000e1500000, 0x00000000e1600000, 0x00000000e1600000|100%| O|  |TAMS 0x00000000e1600000, 0x00000000e1500000| Complete 
|  22|0x00000000e1600000, 0x00000000e1700000, 0x00000000e1700000|100%| O|  |TAMS 0x00000000e1700000, 0x00000000e1600000| Complete 
|  23|0x00000000e1700000, 0x00000000e1800000, 0x00000000e1800000|100%| O|  |TAMS 0x00000000e1800000, 0x00000000e1700000| Complete 
|  24|0x00000000e1800000, 0x00000000e1900000, 0x00000000e1900000|100%| O|  |TAMS 0x00000000e1900000, 0x00000000e1800000| Complete 
|  25|0x00000000e1900000, 0x00000000e1a00000, 0x00000000e1a00000|100%| O|  |TAMS 0x00000000e1a00000, 0x00000000e1900000| Complete 
|  26|0x00000000e1a00000, 0x00000000e1b00000, 0x00000000e1b00000|100%| O|  |TAMS 0x00000000e1b00000, 0x00000000e1a00000| Complete 
|  27|0x00000000e1b00000, 0x00000000e1c00000, 0x00000000e1c00000|100%| O|  |TAMS 0x00000000e1c00000, 0x00000000e1b00000| Complete 
|  28|0x00000000e1c00000, 0x00000000e1d00000, 0x00000000e1d00000|100%| O|  |TAMS 0x00000000e1d00000, 0x00000000e1c00000| Complete 
|  29|0x00000000e1d00000, 0x00000000e1e00000, 0x00000000e1e00000|100%|HS|  |TAMS 0x00000000e1e00000, 0x00000000e1d00000| Complete 
|  30|0x00000000e1e00000, 0x00000000e1f00000, 0x00000000e1f00000|100%|HC|  |TAMS 0x00000000e1f00000, 0x00000000e1e00000| Complete 
|  31|0x00000000e1f00000, 0x00000000e2000000, 0x00000000e2000000|100%|HC|  |TAMS 0x00000000e2000000, 0x00000000e1f00000| Complete 
|  32|0x00000000e2000000, 0x00000000e2100000, 0x00000000e2100000|100%| O|  |TAMS 0x00000000e2100000, 0x00000000e2000000| Complete 
|  33|0x00000000e2100000, 0x00000000e2200000, 0x00000000e2200000|100%| O|  |TAMS 0x00000000e2200000, 0x00000000e2100000| Complete 
|  34|0x00000000e2200000, 0x00000000e2300000, 0x00000000e2300000|100%| O|  |TAMS 0x00000000e2300000, 0x00000000e2200000| Complete 
|  35|0x00000000e2300000, 0x00000000e2400000, 0x00000000e2400000|100%| O|  |TAMS 0x00000000e2400000, 0x00000000e2300000| Untracked 
|  36|0x00000000e2400000, 0x00000000e2500000, 0x00000000e2500000|100%| O|  |TAMS 0x00000000e2500000, 0x00000000e2400000| Complete 
|  37|0x00000000e2500000, 0x00000000e2600000, 0x00000000e2600000|100%| O|  |TAMS 0x00000000e2600000, 0x00000000e2500000| Untracked 
|  38|0x00000000e2600000, 0x00000000e2600000, 0x00000000e2700000|  0%| F|  |TAMS 0x00000000e2600000, 0x00000000e2600000| Untracked 
|  39|0x00000000e2700000, 0x00000000e2800000, 0x00000000e2800000|100%| O|  |TAMS 0x00000000e2800000, 0x00000000e2700000| Untracked 
|  40|0x00000000e2800000, 0x00000000e2900000, 0x00000000e2900000|100%| O|  |TAMS 0x00000000e2900000, 0x00000000e2800000| Untracked 
|  41|0x00000000e2900000, 0x00000000e2a00000, 0x00000000e2a00000|100%| O|  |TAMS 0x00000000e2a00000, 0x00000000e2900000| Untracked 
|  42|0x00000000e2a00000, 0x00000000e2b00000, 0x00000000e2b00000|100%| O|  |TAMS 0x00000000e2b00000, 0x00000000e2a00000| Untracked 
|  43|0x00000000e2b00000, 0x00000000e2c00000, 0x00000000e2c00000|100%| O|  |TAMS 0x00000000e2c00000, 0x00000000e2b00000| Untracked 
|  44|0x00000000e2c00000, 0x00000000e2d00000, 0x00000000e2d00000|100%| O|  |TAMS 0x00000000e2d00000, 0x00000000e2c00000| Untracked 
|  45|0x00000000e2d00000, 0x00000000e2e00000, 0x00000000e2e00000|100%| O|  |TAMS 0x00000000e2e00000, 0x00000000e2d00000| Complete 
|  46|0x00000000e2e00000, 0x00000000e2f00000, 0x00000000e2f00000|100%| O|  |TAMS 0x00000000e2f00000, 0x00000000e2e00000| Complete 
|  47|0x00000000e2f00000, 0x00000000e3000000, 0x00000000e3000000|100%| O|  |TAMS 0x00000000e3000000, 0x00000000e2f00000| Untracked 
|  48|0x00000000e3000000, 0x00000000e3100000, 0x00000000e3100000|100%| O|  |TAMS 0x00000000e3100000, 0x00000000e3000000| Complete 
|  49|0x00000000e3100000, 0x00000000e3200000, 0x00000000e3200000|100%| O|  |TAMS 0x00000000e3200000, 0x00000000e3100000| Untracked 
|  50|0x00000000e3200000, 0x00000000e3300000, 0x00000000e3300000|100%| O|  |TAMS 0x00000000e3300000, 0x00000000e3200000| Untracked 
|  51|0x00000000e3300000, 0x00000000e3400000, 0x00000000e3400000|100%| O|  |TAMS 0x00000000e3400000, 0x00000000e3300000| Complete 
|  52|0x00000000e3400000, 0x00000000e3500000, 0x00000000e3500000|100%| O|  |TAMS 0x00000000e3500000, 0x00000000e3400000| Untracked 
|  53|0x00000000e3500000, 0x00000000e3500000, 0x00000000e3600000|  0%| F|  |TAMS 0x00000000e3500000, 0x00000000e3500000| Untracked 
|  54|0x00000000e3600000, 0x00000000e3700000, 0x00000000e3700000|100%| O|  |TAMS 0x00000000e3700000, 0x00000000e3600000| Complete 
|  55|0x00000000e3700000, 0x00000000e3800000, 0x00000000e3800000|100%| O|  |TAMS 0x00000000e3800000, 0x00000000e3700000| Complete 
|  56|0x00000000e3800000, 0x00000000e3800000, 0x00000000e3900000|  0%| F|  |TAMS 0x00000000e3800000, 0x00000000e3800000| Untracked 
|  57|0x00000000e3900000, 0x00000000e3a00000, 0x00000000e3a00000|100%| O|  |TAMS 0x00000000e3a00000, 0x00000000e3900000| Untracked 
|  58|0x00000000e3a00000, 0x00000000e3b00000, 0x00000000e3b00000|100%| O|  |TAMS 0x00000000e3b00000, 0x00000000e3a00000| Complete 
|  59|0x00000000e3b00000, 0x00000000e3c00000, 0x00000000e3c00000|100%| O|  |TAMS 0x00000000e3c00000, 0x00000000e3b00000| Untracked 
|  60|0x00000000e3c00000, 0x00000000e3d00000, 0x00000000e3d00000|100%| O|  |TAMS 0x00000000e3d00000, 0x00000000e3c00000| Complete 
|  61|0x00000000e3d00000, 0x00000000e3e00000, 0x00000000e3e00000|100%| O|  |TAMS 0x00000000e3e00000, 0x00000000e3d00000| Complete 
|  62|0x00000000e3e00000, 0x00000000e3f00000, 0x00000000e3f00000|100%| O|  |TAMS 0x00000000e3f00000, 0x00000000e3e00000| Complete 
|  63|0x00000000e3f00000, 0x00000000e4000000, 0x00000000e4000000|100%| O|  |TAMS 0x00000000e4000000, 0x00000000e3f00000| Untracked 
|  64|0x00000000e4000000, 0x00000000e4100000, 0x00000000e4100000|100%| O|  |TAMS 0x00000000e4100000, 0x00000000e4000000| Untracked 
|  65|0x00000000e4100000, 0x00000000e4200000, 0x00000000e4200000|100%| O|  |TAMS 0x00000000e4200000, 0x00000000e4100000| Complete 
|  66|0x00000000e4200000, 0x00000000e4300000, 0x00000000e4300000|100%| O|  |TAMS 0x00000000e4300000, 0x00000000e4200000| Untracked 
|  67|0x00000000e4300000, 0x00000000e4400000, 0x00000000e4400000|100%| O|  |TAMS 0x00000000e4400000, 0x00000000e4300000| Untracked 
|  68|0x00000000e4400000, 0x00000000e4500000, 0x00000000e4500000|100%| O|  |TAMS 0x00000000e4500000, 0x00000000e4400000| Untracked 
|  69|0x00000000e4500000, 0x00000000e4600000, 0x00000000e4600000|100%| O|  |TAMS 0x00000000e4600000, 0x00000000e4500000| Untracked 
|  70|0x00000000e4600000, 0x00000000e4700000, 0x00000000e4700000|100%| O|  |TAMS 0x00000000e4700000, 0x00000000e4600000| Untracked 
|  71|0x00000000e4700000, 0x00000000e4800000, 0x00000000e4800000|100%| O|  |TAMS 0x00000000e4800000, 0x00000000e4700000| Untracked 
|  72|0x00000000e4800000, 0x00000000e4900000, 0x00000000e4900000|100%| O|  |TAMS 0x00000000e4900000, 0x00000000e4800000| Complete 
|  73|0x00000000e4900000, 0x00000000e4a00000, 0x00000000e4a00000|100%| O|  |TAMS 0x00000000e4a00000, 0x00000000e4900000| Complete 
|  74|0x00000000e4a00000, 0x00000000e4a00000, 0x00000000e4b00000|  0%| F|  |TAMS 0x00000000e4a00000, 0x00000000e4a00000| Untracked 
|  75|0x00000000e4b00000, 0x00000000e4b00000, 0x00000000e4c00000|  0%| F|  |TAMS 0x00000000e4b00000, 0x00000000e4b00000| Untracked 
|  76|0x00000000e4c00000, 0x00000000e4c00000, 0x00000000e4d00000|  0%| F|  |TAMS 0x00000000e4c00000, 0x00000000e4c00000| Untracked 
|  77|0x00000000e4d00000, 0x00000000e4d00000, 0x00000000e4e00000|  0%| F|  |TAMS 0x00000000e4d00000, 0x00000000e4d00000| Untracked 
|  78|0x00000000e4e00000, 0x00000000e4e00000, 0x00000000e4f00000|  0%| F|  |TAMS 0x00000000e4e00000, 0x00000000e4e00000| Untracked 
|  79|0x00000000e4f00000, 0x00000000e4f00000, 0x00000000e5000000|  0%| F|  |TAMS 0x00000000e4f00000, 0x00000000e4f00000| Untracked 
|  80|0x00000000e5000000, 0x00000000e5000000, 0x00000000e5100000|  0%| F|  |TAMS 0x00000000e5000000, 0x00000000e5000000| Untracked 
|  81|0x00000000e5100000, 0x00000000e5200000, 0x00000000e5200000|100%| O|  |TAMS 0x00000000e5200000, 0x00000000e5100000| Untracked 
|  82|0x00000000e5200000, 0x00000000e5300000, 0x00000000e5300000|100%| O|  |TAMS 0x00000000e5300000, 0x00000000e5200000| Untracked 
|  83|0x00000000e5300000, 0x00000000e5400000, 0x00000000e5400000|100%| O|  |TAMS 0x00000000e5400000, 0x00000000e5300000| Untracked 
|  84|0x00000000e5400000, 0x00000000e5500000, 0x00000000e5500000|100%| O|  |TAMS 0x00000000e5500000, 0x00000000e5400000| Untracked 
|  85|0x00000000e5500000, 0x00000000e5600000, 0x00000000e5600000|100%| O|  |TAMS 0x00000000e5600000, 0x00000000e5500000| Untracked 
|  86|0x00000000e5600000, 0x00000000e5700000, 0x00000000e5700000|100%| O|  |TAMS 0x00000000e5700000, 0x00000000e5600000| Complete 
|  87|0x00000000e5700000, 0x00000000e5800000, 0x00000000e5800000|100%| O|  |TAMS 0x00000000e5800000, 0x00000000e5700000| Complete 
|  88|0x00000000e5800000, 0x00000000e5800000, 0x00000000e5900000|  0%| F|  |TAMS 0x00000000e5800000, 0x00000000e5800000| Untracked 
|  89|0x00000000e5900000, 0x00000000e5a00000, 0x00000000e5a00000|100%| O|  |TAMS 0x00000000e5a00000, 0x00000000e5900000| Complete 
|  90|0x00000000e5a00000, 0x00000000e5a00000, 0x00000000e5b00000|  0%| F|  |TAMS 0x00000000e5a00000, 0x00000000e5a00000| Untracked 
|  91|0x00000000e5b00000, 0x00000000e5b00000, 0x00000000e5c00000|  0%| F|  |TAMS 0x00000000e5b00000, 0x00000000e5b00000| Untracked 
|  92|0x00000000e5c00000, 0x00000000e5c00000, 0x00000000e5d00000|  0%| F|  |TAMS 0x00000000e5c00000, 0x00000000e5c00000| Untracked 
|  93|0x00000000e5d00000, 0x00000000e5d00000, 0x00000000e5e00000|  0%| F|  |TAMS 0x00000000e5d00000, 0x00000000e5d00000| Untracked 
|  94|0x00000000e5e00000, 0x00000000e5f00000, 0x00000000e5f00000|100%| O|  |TAMS 0x00000000e5f00000, 0x00000000e5e00000| Complete 
|  95|0x00000000e5f00000, 0x00000000e6000000, 0x00000000e6000000|100%| O|  |TAMS 0x00000000e6000000, 0x00000000e5f00000| Untracked 
|  96|0x00000000e6000000, 0x00000000e6000000, 0x00000000e6100000|  0%| F|  |TAMS 0x00000000e6000000, 0x00000000e6000000| Untracked 
|  97|0x00000000e6100000, 0x00000000e6200000, 0x00000000e6200000|100%| O|  |TAMS 0x00000000e6200000, 0x00000000e6100000| Untracked 
|  98|0x00000000e6200000, 0x00000000e6200000, 0x00000000e6300000|  0%| F|  |TAMS 0x00000000e6200000, 0x00000000e6200000| Untracked 
|  99|0x00000000e6300000, 0x00000000e6400000, 0x00000000e6400000|100%| O|  |TAMS 0x00000000e6400000, 0x00000000e6300000| Untracked 
| 100|0x00000000e6400000, 0x00000000e6500000, 0x00000000e6500000|100%| O|  |TAMS 0x00000000e6500000, 0x00000000e6400000| Untracked 
| 101|0x00000000e6500000, 0x00000000e6600000, 0x00000000e6600000|100%| O|  |TAMS 0x00000000e6600000, 0x00000000e6500000| Complete 
| 102|0x00000000e6600000, 0x00000000e6700000, 0x00000000e6700000|100%| O|  |TAMS 0x00000000e6700000, 0x00000000e6600000| Untracked 
| 103|0x00000000e6700000, 0x00000000e6800000, 0x00000000e6800000|100%| O|  |TAMS 0x00000000e6800000, 0x00000000e6700000| Complete 
| 104|0x00000000e6800000, 0x00000000e6900000, 0x00000000e6900000|100%| O|  |TAMS 0x00000000e6900000, 0x00000000e6800000| Complete 
| 105|0x00000000e6900000, 0x00000000e6a00000, 0x00000000e6a00000|100%| O|  |TAMS 0x00000000e6a00000, 0x00000000e6900000| Complete 
| 106|0x00000000e6a00000, 0x00000000e6b00000, 0x00000000e6b00000|100%| O|  |TAMS 0x00000000e6b00000, 0x00000000e6a00000| Complete 
| 107|0x00000000e6b00000, 0x00000000e6b00000, 0x00000000e6c00000|  0%| F|  |TAMS 0x00000000e6b00000, 0x00000000e6b00000| Untracked 
| 108|0x00000000e6c00000, 0x00000000e6d00000, 0x00000000e6d00000|100%| O|  |TAMS 0x00000000e6d00000, 0x00000000e6c00000| Untracked 
| 109|0x00000000e6d00000, 0x00000000e6e00000, 0x00000000e6e00000|100%| O|  |TAMS 0x00000000e6e00000, 0x00000000e6d00000| Complete 
| 110|0x00000000e6e00000, 0x00000000e6f00000, 0x00000000e6f00000|100%| O|  |TAMS 0x00000000e6f00000, 0x00000000e6e00000| Complete 
| 111|0x00000000e6f00000, 0x00000000e7000000, 0x00000000e7000000|100%| O|  |TAMS 0x00000000e7000000, 0x00000000e6f00000| Complete 
| 112|0x00000000e7000000, 0x00000000e7100000, 0x00000000e7100000|100%| O|  |TAMS 0x00000000e7100000, 0x00000000e7000000| Complete 
| 113|0x00000000e7100000, 0x00000000e7200000, 0x00000000e7200000|100%| O|  |TAMS 0x00000000e7200000, 0x00000000e7100000| Complete 
| 114|0x00000000e7200000, 0x00000000e7200000, 0x00000000e7300000|  0%| F|  |TAMS 0x00000000e7200000, 0x00000000e7200000| Untracked 
| 115|0x00000000e7300000, 0x00000000e7400000, 0x00000000e7400000|100%| O|  |TAMS 0x00000000e7400000, 0x00000000e7300000| Complete 
| 116|0x00000000e7400000, 0x00000000e7500000, 0x00000000e7500000|100%| O|  |TAMS 0x00000000e7500000, 0x00000000e7400000| Untracked 
| 117|0x00000000e7500000, 0x00000000e7500000, 0x00000000e7600000|  0%| F|  |TAMS 0x00000000e7500000, 0x00000000e7500000| Untracked 
| 118|0x00000000e7600000, 0x00000000e7700000, 0x00000000e7700000|100%| O|  |TAMS 0x00000000e7700000, 0x00000000e7600000| Complete 
| 119|0x00000000e7700000, 0x00000000e7800000, 0x00000000e7800000|100%| O|  |TAMS 0x00000000e7800000, 0x00000000e7700000| Complete 
| 120|0x00000000e7800000, 0x00000000e7900000, 0x00000000e7900000|100%| O|  |TAMS 0x00000000e7900000, 0x00000000e7800000| Complete 
| 121|0x00000000e7900000, 0x00000000e7900000, 0x00000000e7a00000|  0%| F|  |TAMS 0x00000000e7900000, 0x00000000e7900000| Untracked 
| 122|0x00000000e7a00000, 0x00000000e7b00000, 0x00000000e7b00000|100%| O|  |TAMS 0x00000000e7b00000, 0x00000000e7a00000| Complete 
| 123|0x00000000e7b00000, 0x00000000e7b00000, 0x00000000e7c00000|  0%| F|  |TAMS 0x00000000e7b00000, 0x00000000e7b00000| Untracked 
| 124|0x00000000e7c00000, 0x00000000e7c00000, 0x00000000e7d00000|  0%| F|  |TAMS 0x00000000e7c00000, 0x00000000e7c00000| Untracked 
| 125|0x00000000e7d00000, 0x00000000e7d00000, 0x00000000e7e00000|  0%| F|  |TAMS 0x00000000e7d00000, 0x00000000e7d00000| Untracked 
| 126|0x00000000e7e00000, 0x00000000e7e00000, 0x00000000e7f00000|  0%| F|  |TAMS 0x00000000e7e00000, 0x00000000e7e00000| Untracked 
| 127|0x00000000e7f00000, 0x00000000e7f00000, 0x00000000e8000000|  0%| F|  |TAMS 0x00000000e7f00000, 0x00000000e7f00000| Untracked 
| 128|0x00000000e8000000, 0x00000000e8000000, 0x00000000e8100000|  0%| F|  |TAMS 0x00000000e8000000, 0x00000000e8000000| Untracked 
| 129|0x00000000e8100000, 0x00000000e8100000, 0x00000000e8200000|  0%| F|  |TAMS 0x00000000e8100000, 0x00000000e8100000| Untracked 
| 130|0x00000000e8200000, 0x00000000e8300000, 0x00000000e8300000|100%| O|  |TAMS 0x00000000e8300000, 0x00000000e8200000| Untracked 
| 131|0x00000000e8300000, 0x00000000e8300000, 0x00000000e8400000|  0%| F|  |TAMS 0x00000000e8300000, 0x00000000e8300000| Untracked 
| 132|0x00000000e8400000, 0x00000000e8400000, 0x00000000e8500000|  0%| F|  |TAMS 0x00000000e8400000, 0x00000000e8400000| Untracked 
| 133|0x00000000e8500000, 0x00000000e8500000, 0x00000000e8600000|  0%| F|  |TAMS 0x00000000e8500000, 0x00000000e8500000| Untracked 
| 134|0x00000000e8600000, 0x00000000e8700000, 0x00000000e8700000|100%| O|  |TAMS 0x00000000e8700000, 0x00000000e8600000| Complete 
| 135|0x00000000e8700000, 0x00000000e8700000, 0x00000000e8800000|  0%| F|  |TAMS 0x00000000e8700000, 0x00000000e8700000| Untracked 
| 136|0x00000000e8800000, 0x00000000e8800000, 0x00000000e8900000|  0%| F|  |TAMS 0x00000000e8800000, 0x00000000e8800000| Untracked 
| 137|0x00000000e8900000, 0x00000000e8900000, 0x00000000e8a00000|  0%| F|  |TAMS 0x00000000e8900000, 0x00000000e8900000| Untracked 
| 138|0x00000000e8a00000, 0x00000000e8a00000, 0x00000000e8b00000|  0%| F|  |TAMS 0x00000000e8a00000, 0x00000000e8a00000| Untracked 
| 139|0x00000000e8b00000, 0x00000000e8c00000, 0x00000000e8c00000|100%| O|  |TAMS 0x00000000e8c00000, 0x00000000e8b00000| Complete 
| 140|0x00000000e8c00000, 0x00000000e8d00000, 0x00000000e8d00000|100%| O|  |TAMS 0x00000000e8d00000, 0x00000000e8c00000| Complete 
| 141|0x00000000e8d00000, 0x00000000e8d00000, 0x00000000e8e00000|  0%| F|  |TAMS 0x00000000e8d00000, 0x00000000e8d00000| Untracked 
| 142|0x00000000e8e00000, 0x00000000e8e00000, 0x00000000e8f00000|  0%| F|  |TAMS 0x00000000e8e00000, 0x00000000e8e00000| Untracked 
| 143|0x00000000e8f00000, 0x00000000e9000000, 0x00000000e9000000|100%| O|  |TAMS 0x00000000e9000000, 0x00000000e8f00000| Complete 
| 144|0x00000000e9000000, 0x00000000e9100000, 0x00000000e9100000|100%| O|  |TAMS 0x00000000e9100000, 0x00000000e9000000| Complete 
| 145|0x00000000e9100000, 0x00000000e9100000, 0x00000000e9200000|  0%| F|  |TAMS 0x00000000e9100000, 0x00000000e9100000| Untracked 
| 146|0x00000000e9200000, 0x00000000e9200000, 0x00000000e9300000|  0%| F|  |TAMS 0x00000000e9200000, 0x00000000e9200000| Untracked 
| 147|0x00000000e9300000, 0x00000000e9300000, 0x00000000e9400000|  0%| F|  |TAMS 0x00000000e9300000, 0x00000000e9300000| Untracked 
| 148|0x00000000e9400000, 0x00000000e9400000, 0x00000000e9500000|  0%| F|  |TAMS 0x00000000e9400000, 0x00000000e9400000| Untracked 
| 149|0x00000000e9500000, 0x00000000e9500000, 0x00000000e9600000|  0%| F|  |TAMS 0x00000000e9500000, 0x00000000e9500000| Untracked 
| 150|0x00000000e9600000, 0x00000000e9600000, 0x00000000e9700000|  0%| F|  |TAMS 0x00000000e9600000, 0x00000000e9600000| Untracked 
| 151|0x00000000e9700000, 0x00000000e9700000, 0x00000000e9800000|  0%| F|  |TAMS 0x00000000e9700000, 0x00000000e9700000| Untracked 
| 152|0x00000000e9800000, 0x00000000e9800000, 0x00000000e9900000|  0%| F|  |TAMS 0x00000000e9800000, 0x00000000e9800000| Untracked 
| 153|0x00000000e9900000, 0x00000000e9900000, 0x00000000e9a00000|  0%| F|  |TAMS 0x00000000e9900000, 0x00000000e9900000| Untracked 
| 154|0x00000000e9a00000, 0x00000000e9a00000, 0x00000000e9b00000|  0%| F|  |TAMS 0x00000000e9a00000, 0x00000000e9a00000| Untracked 
| 155|0x00000000e9b00000, 0x00000000e9b00000, 0x00000000e9c00000|  0%| F|  |TAMS 0x00000000e9b00000, 0x00000000e9b00000| Untracked 
| 156|0x00000000e9c00000, 0x00000000e9c00000, 0x00000000e9d00000|  0%| F|  |TAMS 0x00000000e9c00000, 0x00000000e9c00000| Untracked 
| 157|0x00000000e9d00000, 0x00000000e9d00000, 0x00000000e9e00000|  0%| F|  |TAMS 0x00000000e9d00000, 0x00000000e9d00000| Untracked 
| 158|0x00000000e9e00000, 0x00000000e9e00000, 0x00000000e9f00000|  0%| F|  |TAMS 0x00000000e9e00000, 0x00000000e9e00000| Untracked 
| 159|0x00000000e9f00000, 0x00000000e9f00000, 0x00000000ea000000|  0%| F|  |TAMS 0x00000000e9f00000, 0x00000000e9f00000| Untracked 
| 160|0x00000000ea000000, 0x00000000ea000000, 0x00000000ea100000|  0%| F|  |TAMS 0x00000000ea000000, 0x00000000ea000000| Untracked 
| 161|0x00000000ea100000, 0x00000000ea100000, 0x00000000ea200000|  0%| F|  |TAMS 0x00000000ea100000, 0x00000000ea100000| Untracked 
| 162|0x00000000ea200000, 0x00000000ea200000, 0x00000000ea300000|  0%| F|  |TAMS 0x00000000ea200000, 0x00000000ea200000| Untracked 
| 163|0x00000000ea300000, 0x00000000ea300000, 0x00000000ea400000|  0%| F|  |TAMS 0x00000000ea300000, 0x00000000ea300000| Untracked 
| 164|0x00000000ea400000, 0x00000000ea400000, 0x00000000ea500000|  0%| F|  |TAMS 0x00000000ea400000, 0x00000000ea400000| Untracked 
| 165|0x00000000ea500000, 0x00000000ea500000, 0x00000000ea600000|  0%| F|  |TAMS 0x00000000ea500000, 0x00000000ea500000| Untracked 
| 166|0x00000000ea600000, 0x00000000ea600000, 0x00000000ea700000|  0%| F|  |TAMS 0x00000000ea600000, 0x00000000ea600000| Untracked 
| 167|0x00000000ea700000, 0x00000000ea700000, 0x00000000ea800000|  0%| F|  |TAMS 0x00000000ea700000, 0x00000000ea700000| Untracked 
| 168|0x00000000ea800000, 0x00000000ea800000, 0x00000000ea900000|  0%| F|  |TAMS 0x00000000ea800000, 0x00000000ea800000| Untracked 
| 169|0x00000000ea900000, 0x00000000ea900000, 0x00000000eaa00000|  0%| F|  |TAMS 0x00000000ea900000, 0x00000000ea900000| Untracked 
| 170|0x00000000eaa00000, 0x00000000eaa00000, 0x00000000eab00000|  0%| F|  |TAMS 0x00000000eaa00000, 0x00000000eaa00000| Untracked 
| 171|0x00000000eab00000, 0x00000000eab00000, 0x00000000eac00000|  0%| F|  |TAMS 0x00000000eab00000, 0x00000000eab00000| Untracked 
| 172|0x00000000eac00000, 0x00000000ead00000, 0x00000000ead00000|100%| S|CS|TAMS 0x00000000eac00000, 0x00000000eac00000| Complete 
| 173|0x00000000ead00000, 0x00000000eae00000, 0x00000000eae00000|100%| S|CS|TAMS 0x00000000ead00000, 0x00000000ead00000| Complete 
| 174|0x00000000eae00000, 0x00000000eaf00000, 0x00000000eaf00000|100%| S|CS|TAMS 0x00000000eae00000, 0x00000000eae00000| Complete 
| 175|0x00000000eaf00000, 0x00000000eb000000, 0x00000000eb000000|100%| S|CS|TAMS 0x00000000eaf00000, 0x00000000eaf00000| Complete 
| 176|0x00000000eb000000, 0x00000000eb100000, 0x00000000eb100000|100%| S|CS|TAMS 0x00000000eb000000, 0x00000000eb000000| Complete 
| 177|0x00000000eb100000, 0x00000000eb200000, 0x00000000eb200000|100%| S|CS|TAMS 0x00000000eb100000, 0x00000000eb100000| Complete 
| 178|0x00000000eb200000, 0x00000000eb300000, 0x00000000eb300000|100%| S|CS|TAMS 0x00000000eb200000, 0x00000000eb200000| Complete 
| 179|0x00000000eb300000, 0x00000000eb400000, 0x00000000eb400000|100%| S|CS|TAMS 0x00000000eb300000, 0x00000000eb300000| Complete 
| 180|0x00000000eb400000, 0x00000000eb500000, 0x00000000eb500000|100%| S|CS|TAMS 0x00000000eb400000, 0x00000000eb400000| Complete 
| 181|0x00000000eb500000, 0x00000000eb600000, 0x00000000eb600000|100%| S|CS|TAMS 0x00000000eb500000, 0x00000000eb500000| Complete 
| 182|0x00000000eb600000, 0x00000000eb700000, 0x00000000eb700000|100%| S|CS|TAMS 0x00000000eb600000, 0x00000000eb600000| Complete 
| 183|0x00000000eb700000, 0x00000000eb700000, 0x00000000eb800000|  0%| F|  |TAMS 0x00000000eb700000, 0x00000000eb700000| Untracked 
| 184|0x00000000eb800000, 0x00000000eb800000, 0x00000000eb900000|  0%| F|  |TAMS 0x00000000eb800000, 0x00000000eb800000| Untracked 
| 185|0x00000000eb900000, 0x00000000eb900000, 0x00000000eba00000|  0%| F|  |TAMS 0x00000000eb900000, 0x00000000eb900000| Untracked 
| 186|0x00000000eba00000, 0x00000000eba00000, 0x00000000ebb00000|  0%| F|  |TAMS 0x00000000eba00000, 0x00000000eba00000| Untracked 
| 187|0x00000000ebb00000, 0x00000000ebb00000, 0x00000000ebc00000|  0%| F|  |TAMS 0x00000000ebb00000, 0x00000000ebb00000| Untracked 
| 188|0x00000000ebc00000, 0x00000000ebc00000, 0x00000000ebd00000|  0%| F|  |TAMS 0x00000000ebc00000, 0x00000000ebc00000| Untracked 
| 189|0x00000000ebd00000, 0x00000000ebd00000, 0x00000000ebe00000|  0%| F|  |TAMS 0x00000000ebd00000, 0x00000000ebd00000| Untracked 
| 190|0x00000000ebe00000, 0x00000000ebe00000, 0x00000000ebf00000|  0%| F|  |TAMS 0x00000000ebe00000, 0x00000000ebe00000| Untracked 
| 191|0x00000000ebf00000, 0x00000000ebf00000, 0x00000000ec000000|  0%| F|  |TAMS 0x00000000ebf00000, 0x00000000ebf00000| Untracked 
| 192|0x00000000ec000000, 0x00000000ec000000, 0x00000000ec100000|  0%| F|  |TAMS 0x00000000ec000000, 0x00000000ec000000| Untracked 
| 193|0x00000000ec100000, 0x00000000ec100000, 0x00000000ec200000|  0%| F|  |TAMS 0x00000000ec100000, 0x00000000ec100000| Untracked 
| 194|0x00000000ec200000, 0x00000000ec200000, 0x00000000ec300000|  0%| F|  |TAMS 0x00000000ec200000, 0x00000000ec200000| Untracked 
| 195|0x00000000ec300000, 0x00000000ec300000, 0x00000000ec400000|  0%| F|  |TAMS 0x00000000ec300000, 0x00000000ec300000| Untracked 
| 196|0x00000000ec400000, 0x00000000ec400000, 0x00000000ec500000|  0%| F|  |TAMS 0x00000000ec400000, 0x00000000ec400000| Untracked 
| 197|0x00000000ec500000, 0x00000000ec500000, 0x00000000ec600000|  0%| F|  |TAMS 0x00000000ec500000, 0x00000000ec500000| Untracked 
| 198|0x00000000ec600000, 0x00000000ec600000, 0x00000000ec700000|  0%| F|  |TAMS 0x00000000ec600000, 0x00000000ec600000| Untracked 
| 199|0x00000000ec700000, 0x00000000ec700000, 0x00000000ec800000|  0%| F|  |TAMS 0x00000000ec700000, 0x00000000ec700000| Untracked 
| 200|0x00000000ec800000, 0x00000000ec800000, 0x00000000ec900000|  0%| F|  |TAMS 0x00000000ec800000, 0x00000000ec800000| Untracked 
| 201|0x00000000ec900000, 0x00000000ec900000, 0x00000000eca00000|  0%| F|  |TAMS 0x00000000ec900000, 0x00000000ec900000| Untracked 
| 202|0x00000000eca00000, 0x00000000eca00000, 0x00000000ecb00000|  0%| F|  |TAMS 0x00000000eca00000, 0x00000000eca00000| Untracked 
| 203|0x00000000ecb00000, 0x00000000ecb00000, 0x00000000ecc00000|  0%| F|  |TAMS 0x00000000ecb00000, 0x00000000ecb00000| Untracked 
| 204|0x00000000ecc00000, 0x00000000ecc00000, 0x00000000ecd00000|  0%| F|  |TAMS 0x00000000ecc00000, 0x00000000ecc00000| Untracked 
| 205|0x00000000ecd00000, 0x00000000ecd00000, 0x00000000ece00000|  0%| F|  |TAMS 0x00000000ecd00000, 0x00000000ecd00000| Untracked 
| 206|0x00000000ece00000, 0x00000000ece00000, 0x00000000ecf00000|  0%| F|  |TAMS 0x00000000ece00000, 0x00000000ece00000| Untracked 
| 207|0x00000000ecf00000, 0x00000000ecf00000, 0x00000000ed000000|  0%| F|  |TAMS 0x00000000ecf00000, 0x00000000ecf00000| Untracked 
| 208|0x00000000ed000000, 0x00000000ed000000, 0x00000000ed100000|  0%| F|  |TAMS 0x00000000ed000000, 0x00000000ed000000| Untracked 
| 209|0x00000000ed100000, 0x00000000ed100000, 0x00000000ed200000|  0%| F|  |TAMS 0x00000000ed100000, 0x00000000ed100000| Untracked 
| 210|0x00000000ed200000, 0x00000000ed200000, 0x00000000ed300000|  0%| F|  |TAMS 0x00000000ed200000, 0x00000000ed200000| Untracked 
| 211|0x00000000ed300000, 0x00000000ed300000, 0x00000000ed400000|  0%| F|  |TAMS 0x00000000ed300000, 0x00000000ed300000| Untracked 
| 212|0x00000000ed400000, 0x00000000ed400000, 0x00000000ed500000|  0%| F|  |TAMS 0x00000000ed400000, 0x00000000ed400000| Untracked 
| 213|0x00000000ed500000, 0x00000000ed500000, 0x00000000ed600000|  0%| F|  |TAMS 0x00000000ed500000, 0x00000000ed500000| Untracked 
| 214|0x00000000ed600000, 0x00000000ed600000, 0x00000000ed700000|  0%| F|  |TAMS 0x00000000ed600000, 0x00000000ed600000| Untracked 
| 215|0x00000000ed700000, 0x00000000ed700000, 0x00000000ed800000|  0%| F|  |TAMS 0x00000000ed700000, 0x00000000ed700000| Untracked 
| 216|0x00000000ed800000, 0x00000000ed800000, 0x00000000ed900000|  0%| F|  |TAMS 0x00000000ed800000, 0x00000000ed800000| Untracked 
| 217|0x00000000ed900000, 0x00000000ed900000, 0x00000000eda00000|  0%| F|  |TAMS 0x00000000ed900000, 0x00000000ed900000| Untracked 
| 218|0x00000000eda00000, 0x00000000eda00000, 0x00000000edb00000|  0%| F|  |TAMS 0x00000000eda00000, 0x00000000eda00000| Untracked 
| 219|0x00000000edb00000, 0x00000000edb00000, 0x00000000edc00000|  0%| F|  |TAMS 0x00000000edb00000, 0x00000000edb00000| Untracked 
| 220|0x00000000edc00000, 0x00000000edc00000, 0x00000000edd00000|  0%| F|  |TAMS 0x00000000edc00000, 0x00000000edc00000| Untracked 
| 221|0x00000000edd00000, 0x00000000edd00000, 0x00000000ede00000|  0%| F|  |TAMS 0x00000000edd00000, 0x00000000edd00000| Untracked 
| 222|0x00000000ede00000, 0x00000000ede3db88, 0x00000000edf00000| 24%| E|  |TAMS 0x00000000ede00000, 0x00000000ede00000| Complete 
| 223|0x00000000edf00000, 0x00000000ee000000, 0x00000000ee000000|100%| E|CS|TAMS 0x00000000edf00000, 0x00000000edf00000| Complete 
| 224|0x00000000ee000000, 0x00000000ee100000, 0x00000000ee100000|100%| E|CS|TAMS 0x00000000ee000000, 0x00000000ee000000| Complete 
| 225|0x00000000ee100000, 0x00000000ee200000, 0x00000000ee200000|100%| E|CS|TAMS 0x00000000ee100000, 0x00000000ee100000| Complete 
| 226|0x00000000ee200000, 0x00000000ee300000, 0x00000000ee300000|100%| E|CS|TAMS 0x00000000ee200000, 0x00000000ee200000| Complete 
| 227|0x00000000ee300000, 0x00000000ee400000, 0x00000000ee400000|100%| E|CS|TAMS 0x00000000ee300000, 0x00000000ee300000| Complete 
| 228|0x00000000ee400000, 0x00000000ee500000, 0x00000000ee500000|100%| E|CS|TAMS 0x00000000ee400000, 0x00000000ee400000| Complete 
| 229|0x00000000ee500000, 0x00000000ee600000, 0x00000000ee600000|100%| E|CS|TAMS 0x00000000ee500000, 0x00000000ee500000| Complete 
| 230|0x00000000ee600000, 0x00000000ee700000, 0x00000000ee700000|100%| E|  |TAMS 0x00000000ee600000, 0x00000000ee600000| Complete 
| 231|0x00000000ee700000, 0x00000000ee800000, 0x00000000ee800000|100%| E|CS|TAMS 0x00000000ee700000, 0x00000000ee700000| Complete 
| 232|0x00000000ee800000, 0x00000000ee900000, 0x00000000ee900000|100%| E|CS|TAMS 0x00000000ee800000, 0x00000000ee800000| Complete 
| 233|0x00000000ee900000, 0x00000000eea00000, 0x00000000eea00000|100%| E|CS|TAMS 0x00000000ee900000, 0x00000000ee900000| Complete 
| 234|0x00000000eea00000, 0x00000000eeb00000, 0x00000000eeb00000|100%| E|CS|TAMS 0x00000000eea00000, 0x00000000eea00000| Complete 
| 235|0x00000000eeb00000, 0x00000000eec00000, 0x00000000eec00000|100%| E|CS|TAMS 0x00000000eeb00000, 0x00000000eeb00000| Complete 
| 236|0x00000000eec00000, 0x00000000eed00000, 0x00000000eed00000|100%| E|CS|TAMS 0x00000000eec00000, 0x00000000eec00000| Complete 
| 237|0x00000000eed00000, 0x00000000eee00000, 0x00000000eee00000|100%| E|CS|TAMS 0x00000000eed00000, 0x00000000eed00000| Complete 
| 238|0x00000000eee00000, 0x00000000eef00000, 0x00000000eef00000|100%| E|CS|TAMS 0x00000000eee00000, 0x00000000eee00000| Complete 
| 239|0x00000000eef00000, 0x00000000ef000000, 0x00000000ef000000|100%| E|CS|TAMS 0x00000000eef00000, 0x00000000eef00000| Complete 
| 240|0x00000000ef000000, 0x00000000ef100000, 0x00000000ef100000|100%| E|CS|TAMS 0x00000000ef000000, 0x00000000ef000000| Complete 
| 241|0x00000000ef100000, 0x00000000ef200000, 0x00000000ef200000|100%| E|CS|TAMS 0x00000000ef100000, 0x00000000ef100000| Complete 
| 242|0x00000000ef200000, 0x00000000ef300000, 0x00000000ef300000|100%| E|CS|TAMS 0x00000000ef200000, 0x00000000ef200000| Complete 
| 243|0x00000000ef300000, 0x00000000ef400000, 0x00000000ef400000|100%| E|CS|TAMS 0x00000000ef300000, 0x00000000ef300000| Complete 
| 244|0x00000000ef400000, 0x00000000ef500000, 0x00000000ef500000|100%| E|CS|TAMS 0x00000000ef400000, 0x00000000ef400000| Complete 
| 245|0x00000000ef500000, 0x00000000ef600000, 0x00000000ef600000|100%| E|CS|TAMS 0x00000000ef500000, 0x00000000ef500000| Complete 
| 246|0x00000000ef600000, 0x00000000ef700000, 0x00000000ef700000|100%| E|CS|TAMS 0x00000000ef600000, 0x00000000ef600000| Complete 
| 247|0x00000000ef700000, 0x00000000ef800000, 0x00000000ef800000|100%| E|CS|TAMS 0x00000000ef700000, 0x00000000ef700000| Complete 
| 248|0x00000000ef800000, 0x00000000ef900000, 0x00000000ef900000|100%| E|CS|TAMS 0x00000000ef800000, 0x00000000ef800000| Complete 
| 249|0x00000000ef900000, 0x00000000efa00000, 0x00000000efa00000|100%| E|CS|TAMS 0x00000000ef900000, 0x00000000ef900000| Complete 
| 250|0x00000000efa00000, 0x00000000efb00000, 0x00000000efb00000|100%| E|CS|TAMS 0x00000000efa00000, 0x00000000efa00000| Complete 
| 251|0x00000000efb00000, 0x00000000efc00000, 0x00000000efc00000|100%| E|CS|TAMS 0x00000000efb00000, 0x00000000efb00000| Complete 
| 252|0x00000000efc00000, 0x00000000efd00000, 0x00000000efd00000|100%| E|CS|TAMS 0x00000000efc00000, 0x00000000efc00000| Complete 
| 253|0x00000000efd00000, 0x00000000efe00000, 0x00000000efe00000|100%| E|CS|TAMS 0x00000000efd00000, 0x00000000efd00000| Complete 
| 254|0x00000000efe00000, 0x00000000eff00000, 0x00000000eff00000|100%| E|CS|TAMS 0x00000000efe00000, 0x00000000efe00000| Complete 
| 255|0x00000000eff00000, 0x00000000f0000000, 0x00000000f0000000|100%| E|CS|TAMS 0x00000000eff00000, 0x00000000eff00000| Complete 

Card table byte_map: [0x0000029bb34c0000,0x0000029bb35c0000] _byte_map_base: 0x0000029bb2dc0000

Marking Bits (Prev, Next): (CMBitMap*) 0x0000029b9ceae3a8, (CMBitMap*) 0x0000029b9ceae3e0
 Prev Bits: [0x0000029bb36c0000, 0x0000029bb3ec0000)
 Next Bits: [0x0000029bb3ec0000, 0x0000029bb46c0000)

Polling page: 0x0000029b9ada0000

Metaspace:

Usage:
  Non-class:     73.64 MB capacity,    71.61 MB ( 97%) used,     1.81 MB (  2%) free+waste,   221.31 KB ( <1%) overhead. 
      Class:     10.86 MB capacity,     9.94 MB ( 92%) used,   834.97 KB (  8%) free+waste,   101.25 KB ( <1%) overhead. 
       Both:     84.50 MB capacity,    81.56 MB ( 97%) used,     2.62 MB (  3%) free+waste,   322.56 KB ( <1%) overhead. 

Virtual space:
  Non-class space:       74.00 MB reserved,      73.75 MB (>99%) committed 
      Class space:      248.00 MB reserved,      10.99 MB (  4%) committed 
             Both:      322.00 MB reserved,      84.74 MB ( 26%) committed 

Chunk freelists:
   Non-Class:  14.25 KB
       Class:  10.25 KB
        Both:  24.50 KB

CodeHeap 'non-profiled nmethods': size=120064Kb used=13571Kb max_used=13571Kb free=106492Kb
 bounds [0x0000029babf80000, 0x0000029baccd0000, 0x0000029bb34c0000]
CodeHeap 'profiled nmethods': size=120000Kb used=30134Kb max_used=31650Kb free=89865Kb
 bounds [0x0000029ba4a50000, 0x0000029ba6950000, 0x0000029babf80000]
CodeHeap 'non-nmethods': size=5696Kb used=2281Kb max_used=2377Kb free=3414Kb
 bounds [0x0000029ba44c0000, 0x0000029ba4730000, 0x0000029ba4a50000]
 total_blobs=15656 nmethods=14773 adapters=792
 compilation: enabled
              stopped_count=0, restarted_count=0
 full_count=0

Compilation events (10 events):
Event: 15704.793 Thread 0x0000029bba86b000 16523   !   4       com.google.common.cache.LocalCache$Segment::put (439 bytes)
Event: 15704.799 Thread 0x0000029bb6cf1800 16524       4       com.esotericsoftware.kryo.io.Output::<init> (64 bytes)
Event: 15704.802 Thread 0x0000029bb6cf1800 nmethod 16524 0x0000029baccb9290 code [0x0000029baccb9420, 0x0000029baccb9658]
Event: 15704.990 Thread 0x0000029bb6cf1800 16525       4       com.google.common.cache.LocalCache$2::iterator (7 bytes)
Event: 15704.997 Thread 0x0000029bb6cf1800 nmethod 16525 0x0000029baccb9790 code [0x0000029baccb9940, 0x0000029baccb9cf8]
Event: 15705.095 Thread 0x0000029bb6cf1800 16526       4       java.util.concurrent.locks.AbstractQueuedSynchronizer::shouldParkAfterFailedAcquire (50 bytes)
Event: 15705.097 Thread 0x0000029bb6cf1800 nmethod 16526 0x0000029baccb9f10 code [0x0000029baccba080, 0x0000029baccba118]
Event: 15705.111 Thread 0x0000029bb6cf1800 16527   !   4       org.gradle.cache.internal.DefaultFileLockManager$DefaultFileLock::doWriteAction (66 bytes)
Event: 15705.119 Thread 0x0000029bba86b000 nmethod 16523 0x0000029baccba210 code [0x0000029baccba740, 0x0000029baccbea40]
Event: 15705.119 Thread 0x0000029bba86b000 16528       4       org.gradle.cache.internal.DefaultCacheAccess$UnitOfWorkFileAccess::writeFile (14 bytes)

GC Heap History (10 events):
Event: 12234.223 GC heap before
{Heap before GC invocations=33 (full 0):
 garbage-first heap   total 262144K, used 194786K [0x00000000e0000000, 0x0000000100000000)
  region size 1024K, 72 young (73728K), 1 survivors (1024K)
 Metaspace       used 83195K, capacity 86114K, committed 86520K, reserved 329728K
  class space    used 10177K, capacity 11113K, committed 11256K, reserved 253952K
}
Event: 12234.234 GC heap after
{Heap after GC invocations=34 (full 0):
 garbage-first heap   total 262144K, used 122114K [0x00000000e0000000, 0x0000000100000000)
  region size 1024K, 1 young (1024K), 1 survivors (1024K)
 Metaspace       used 83195K, capacity 86114K, committed 86520K, reserved 329728K
  class space    used 10177K, capacity 11113K, committed 11256K, reserved 253952K
}
Event: 15620.223 GC heap before
{Heap before GC invocations=35 (full 0):
 garbage-first heap   total 262144K, used 197890K [0x00000000e0000000, 0x0000000100000000)
  region size 1024K, 75 young (76800K), 1 survivors (1024K)
 Metaspace       used 82935K, capacity 85655K, committed 86520K, reserved 329728K
  class space    used 10088K, capacity 10920K, committed 11256K, reserved 253952K
}
Event: 15620.256 GC heap after
{Heap after GC invocations=36 (full 0):
 garbage-first heap   total 262144K, used 121874K [0x00000000e0000000, 0x0000000100000000)
  region size 1024K, 1 young (1024K), 1 survivors (1024K)
 Metaspace       used 82935K, capacity 85655K, committed 86520K, reserved 329728K
  class space    used 10088K, capacity 10920K, committed 11256K, reserved 253952K
}
Event: 15686.989 GC heap before
{Heap before GC invocations=36 (full 0):
 garbage-first heap   total 262144K, used 132114K [0x00000000e0000000, 0x0000000100000000)
  region size 1024K, 12 young (12288K), 1 survivors (1024K)
 Metaspace       used 83020K, capacity 85755K, committed 86520K, reserved 329728K
  class space    used 10109K, capacity 10953K, committed 11256K, reserved 253952K
}
Event: 15687.048 GC heap after
{Heap after GC invocations=37 (full 0):
 garbage-first heap   total 262144K, used 107497K [0x00000000e0000000, 0x0000000100000000)
  region size 1024K, 2 young (2048K), 2 survivors (2048K)
 Metaspace       used 83020K, capacity 85755K, committed 86520K, reserved 329728K
  class space    used 10109K, capacity 10953K, committed 11256K, reserved 253952K
}
Event: 15701.943 GC heap before
{Heap before GC invocations=37 (full 0):
 garbage-first heap   total 262144K, used 192489K [0x00000000e0000000, 0x0000000100000000)
  region size 1024K, 85 young (87040K), 2 survivors (2048K)
 Metaspace       used 83445K, capacity 86509K, committed 86776K, reserved 329728K
  class space    used 10179K, capacity 11114K, committed 11256K, reserved 253952K
}
Event: 15701.992 GC heap after
{Heap after GC invocations=38 (full 0):
 garbage-first heap   total 262144K, used 125684K [0x00000000e0000000, 0x0000000100000000)
  region size 1024K, 11 young (11264K), 11 survivors (11264K)
 Metaspace       used 83445K, capacity 86509K, committed 86776K, reserved 329728K
  class space    used 10179K, capacity 11114K, committed 11256K, reserved 253952K
}
Event: 15704.131 GC heap before
{Heap before GC invocations=38 (full 0):
 garbage-first heap   total 262144K, used 200436K [0x00000000e0000000, 0x0000000100000000)
  region size 1024K, 84 young (86016K), 11 survivors (11264K)
 Metaspace       used 83502K, capacity 86518K, committed 86776K, reserved 329728K
  class space    used 10181K, capacity 11117K, committed 11256K, reserved 253952K
}
Event: 15704.177 GC heap after
{Heap after GC invocations=39 (full 0):
 garbage-first heap   total 262144K, used 140288K [0x00000000e0000000, 0x0000000100000000)
  region size 1024K, 11 young (11264K), 11 survivors (11264K)
 Metaspace       used 83502K, capacity 86518K, committed 86776K, reserved 329728K
  class space    used 10181K, capacity 11117K, committed 11256K, reserved 253952K
}

Deoptimization events (10 events):
Event: 10140.174 Thread 0x0000029bba2fa800 Uncommon trap: reason=profile_predicate action=maybe_recompile pc=0x0000029bacb850f0 method=java.util.LinkedList.toArray([Ljava/lang/Object;)[Ljava/lang/Object; @ 39 c2
Event: 10140.176 Thread 0x0000029bba2fa800 Uncommon trap: reason=profile_predicate action=maybe_recompile pc=0x0000029bacb850f0 method=java.util.LinkedList.toArray([Ljava/lang/Object;)[Ljava/lang/Object; @ 39 c2
Event: 10140.176 Thread 0x0000029bba2fa800 Uncommon trap: reason=profile_predicate action=maybe_recompile pc=0x0000029bacb850f0 method=java.util.LinkedList.toArray([Ljava/lang/Object;)[Ljava/lang/Object; @ 39 c2
Event: 10161.340 Thread 0x0000029bba1e8800 Uncommon trap: reason=class_check action=maybe_recompile pc=0x0000029bac6ef1ac method=java.util.concurrent.FutureTask.run()V @ 39 c2
Event: 10161.496 Thread 0x0000029bb8fbe000 Uncommon trap: reason=unstable_if action=reinterpret pc=0x0000029bac132370 method=com.esotericsoftware.kryo.io.Input.require(I)I @ 180 c2
Event: 15678.489 Thread 0x0000029bba2ff800 Uncommon trap: reason=bimorphic_or_optimized_type_check action=maybe_recompile pc=0x0000029bac6f4060 method=org.gradle.internal.service.DefaultServiceRegistry.find(Ljava/lang/reflect/Type;)Ljava/lang/Object; @ 22 c2
Event: 15687.435 Thread 0x0000029bba2ff800 Uncommon trap: reason=class_check action=maybe_recompile pc=0x0000029bac0bb154 method=java.lang.Throwable.<init>(Ljava/lang/String;Ljava/lang/Throwable;)V @ 24 c2
Event: 15700.370 Thread 0x0000029bba2ff800 Uncommon trap: reason=unstable_if action=reinterpret pc=0x0000029bac2c5098 method=java.lang.ref.SoftReference.get()Ljava/lang/Object; @ 6 c2
Event: 15700.832 Thread 0x0000029bba2ff800 Uncommon trap: reason=intrinsic_or_type_checked_inlining action=make_not_entrant pc=0x0000029bac435c2c method=com.google.common.collect.RegularImmutableSet.copyIntoArray([Ljava/lang/Object;I)I @ 11 c2
Event: 15702.303 Thread 0x0000029bba2ff800 Uncommon trap: reason=unstable_if action=reinterpret pc=0x0000029bac510de8 method=java.util.ArrayDeque.circularClear([Ljava/lang/Object;II)V @ 2 c2

Classes redefined (0 events):
No events

Internal exceptions (10 events):
Event: 15700.370 Thread 0x0000029bba2ff800 Implicit null exception at 0x0000029bac2c27bf to 0x0000029bac2c5088
Event: 15700.454 Thread 0x0000029bba2ff800 Exception <a 'sun/nio/fs/WindowsException'{0x00000000ed870300}> (0x00000000ed870300) thrown at [./open/src/hotspot/share/prims/jni.cpp, line 611]
Event: 15700.587 Thread 0x0000029bba2ff800 Exception <a 'sun/nio/fs/WindowsException'{0x00000000ed53c8f8}> (0x00000000ed53c8f8) thrown at [./open/src/hotspot/share/prims/jni.cpp, line 611]
Event: 15700.655 Thread 0x0000029bba2ff800 Exception <a 'sun/nio/fs/WindowsException'{0x00000000ed2102d0}> (0x00000000ed2102d0) thrown at [./open/src/hotspot/share/prims/jni.cpp, line 611]
Event: 15700.738 Thread 0x0000029bba2ff800 Exception <a 'sun/nio/fs/WindowsException'{0x00000000ed0cf398}> (0x00000000ed0cf398) thrown at [./open/src/hotspot/share/prims/jni.cpp, line 611]
Event: 15700.849 Thread 0x0000029bba2ff800 Exception <a 'sun/nio/fs/WindowsException'{0x00000000ecdcbec0}> (0x00000000ecdcbec0) thrown at [./open/src/hotspot/share/prims/jni.cpp, line 611]
Event: 15701.045 Thread 0x0000029bba2ff800 Exception <a 'sun/nio/fs/WindowsException'{0x00000000ebf1d688}> (0x00000000ebf1d688) thrown at [./open/src/hotspot/share/prims/jni.cpp, line 611]
Event: 15701.105 Thread 0x0000029bba2ff800 Exception <a 'sun/nio/fs/WindowsException'{0x00000000ebc0cd88}> (0x00000000ebc0cd88) thrown at [./open/src/hotspot/share/prims/jni.cpp, line 611]
Event: 15701.174 Thread 0x0000029bba2ff800 Exception <a 'sun/nio/fs/WindowsException'{0x00000000ebafea78}> (0x00000000ebafea78) thrown at [./open/src/hotspot/share/prims/jni.cpp, line 611]
Event: 15701.289 Thread 0x0000029bba2ff800 Exception <a 'sun/nio/fs/WindowsException'{0x00000000eb7e80a0}> (0x00000000eb7e80a0) thrown at [./open/src/hotspot/share/prims/jni.cpp, line 611]

Events (10 events):
Event: 15704.413 Thread 0x0000029bba1ed800 Thread added: 0x0000029bba1ed800
Event: 15704.413 Thread 0x0000029bba1ee000 Thread added: 0x0000029bba1ee000
Event: 15704.464 Executing VM operation: RevokeBias
Event: 15704.464 Executing VM operation: RevokeBias done
Event: 15704.465 Executing VM operation: RevokeBias
Event: 15704.465 Executing VM operation: RevokeBias done
Event: 15704.483 Executing VM operation: CGC_Operation
Event: 15704.499 Executing VM operation: CGC_Operation done
Event: 15704.654 Executing VM operation: CGC_Operation
Event: 15704.654 Executing VM operation: CGC_Operation done


Dynamic libraries:
0x00007ff6f6eb0000 - 0x00007ff6f6ebf000 	C:\Program Files\Java\jdk-11.0.13\bin\java.exe
0x00007ffc78a70000 - 0x00007ffc78c68000 	C:\Windows\SYSTEM32\ntdll.dll
0x00007ffc77250000 - 0x00007ffc7730d000 	C:\Windows\System32\KERNEL32.DLL
0x00007ffc76750000 - 0x00007ffc76a1e000 	C:\Windows\System32\KERNELBASE.dll
0x00007ffc76230000 - 0x00007ffc76330000 	C:\Windows\System32\ucrtbase.dll
0x00007ffc62840000 - 0x00007ffc62855000 	C:\Program Files\Java\jdk-11.0.13\bin\VCRUNTIME140.dll
0x00007ffc62860000 - 0x00007ffc62878000 	C:\Program Files\Java\jdk-11.0.13\bin\jli.dll
0x00007ffc78240000 - 0x00007ffc782ee000 	C:\Windows\System32\ADVAPI32.dll
0x00007ffc78620000 - 0x00007ffc786be000 	C:\Windows\System32\msvcrt.dll
0x00007ffc77da0000 - 0x00007ffc77e3c000 	C:\Windows\System32\sechost.dll
0x00007ffc788a0000 - 0x00007ffc789c5000 	C:\Windows\System32\RPCRT4.dll
0x00007ffc77b50000 - 0x00007ffc77cf0000 	C:\Windows\System32\USER32.dll
0x00007ffc76720000 - 0x00007ffc76742000 	C:\Windows\System32\win32u.dll
0x00007ffc78210000 - 0x00007ffc7823a000 	C:\Windows\System32\GDI32.dll
0x00007ffc76380000 - 0x00007ffc7648b000 	C:\Windows\System32\gdi32full.dll
0x00007ffc76190000 - 0x00007ffc7622d000 	C:\Windows\System32\msvcp_win.dll
0x00007ffc75590000 - 0x00007ffc7582a000 	C:\Windows\WinSxS\amd64_microsoft.windows.common-controls_6595b64144ccf1df_6.0.19041.1110_none_60b5254171f9507e\COMCTL32.dll
0x00007ffc65800000 - 0x00007ffc6580a000 	C:\Windows\SYSTEM32\VERSION.dll
0x00007ffc784d0000 - 0x00007ffc78500000 	C:\Windows\System32\IMM32.DLL
0x00007ffc407a0000 - 0x00007ffc4083b000 	C:\Program Files\Java\jdk-11.0.13\bin\msvcp140.dll
0x00007ffc33ce0000 - 0x00007ffc347f3000 	C:\Program Files\Java\jdk-11.0.13\bin\server\jvm.dll
0x00007ffc78890000 - 0x00007ffc78898000 	C:\Windows\System32\PSAPI.DLL
0x00007ffc6de90000 - 0x00007ffc6de99000 	C:\Windows\SYSTEM32\WSOCK32.dll
0x00007ffc786c0000 - 0x00007ffc7872b000 	C:\Windows\System32\WS2_32.dll
0x00007ffc68870000 - 0x00007ffc68897000 	C:\Windows\SYSTEM32\WINMM.dll
0x00007ffc732f0000 - 0x00007ffc73302000 	C:\Windows\SYSTEM32\kernel.appcore.dll
0x00007ffc673a0000 - 0x00007ffc673b0000 	C:\Program Files\Java\jdk-11.0.13\bin\verify.dll
0x00007ffc75b90000 - 0x00007ffc75d74000 	C:\Windows\SYSTEM32\DBGHELP.DLL
0x00007ffc75940000 - 0x00007ffc7596c000 	C:\Windows\SYSTEM32\dbgcore.DLL
0x00007ffc76490000 - 0x00007ffc76512000 	C:\Windows\System32\bcryptPrimitives.dll
0x00007ffc5bc70000 - 0x00007ffc5bc98000 	C:\Program Files\Java\jdk-11.0.13\bin\java.dll
0x00007ffc66d30000 - 0x00007ffc66d3a000 	C:\Program Files\Java\jdk-11.0.13\bin\jimage.dll
0x00007ffc62820000 - 0x00007ffc62836000 	C:\Program Files\Java\jdk-11.0.13\bin\zip.dll
0x00007ffc76ad0000 - 0x00007ffc77214000 	C:\Windows\System32\SHELL32.dll
0x00007ffc735b0000 - 0x00007ffc73d44000 	C:\Windows\SYSTEM32\windows.storage.dll
0x00007ffc77ea0000 - 0x00007ffc781f4000 	C:\Windows\System32\combase.dll
0x00007ffc75490000 - 0x00007ffc754c0000 	C:\Windows\SYSTEM32\Wldp.dll
0x00007ffc77cf0000 - 0x00007ffc77d9d000 	C:\Windows\System32\SHCORE.dll
0x00007ffc77550000 - 0x00007ffc775a5000 	C:\Windows\System32\shlwapi.dll
0x00007ffc760d0000 - 0x00007ffc760ef000 	C:\Windows\SYSTEM32\profapi.dll
0x00007ffc626f0000 - 0x00007ffc62709000 	C:\Program Files\Java\jdk-11.0.13\bin\net.dll
0x00007ffc6a7a0000 - 0x00007ffc6a8aa000 	C:\Windows\SYSTEM32\WINHTTP.dll
0x00007ffc75360000 - 0x00007ffc753ca000 	C:\Windows\system32\mswsock.dll
0x00007ffc5bbc0000 - 0x00007ffc5bbd2000 	C:\Program Files\Java\jdk-11.0.13\bin\nio.dll
0x00007ffc5b6f0000 - 0x00007ffc5b716000 	C:\Users\LUCKY\.gradle\native\29\windows-amd64\native-platform.dll
0x00007ffc62920000 - 0x00007ffc62929000 	C:\Program Files\Java\jdk-11.0.13\bin\management.dll
0x00007ffc62760000 - 0x00007ffc6276b000 	C:\Program Files\Java\jdk-11.0.13\bin\management_ext.dll
0x00007ffc75eb0000 - 0x00007ffc75ec8000 	C:\Windows\SYSTEM32\CRYPTSP.dll
0x00007ffc74ba0000 - 0x00007ffc74bd4000 	C:\Windows\system32\rsaenh.dll
0x00007ffc76520000 - 0x00007ffc76547000 	C:\Windows\System32\bcrypt.dll
0x00007ffc76090000 - 0x00007ffc760be000 	C:\Windows\SYSTEM32\USERENV.dll
0x00007ffc75d80000 - 0x00007ffc75d8c000 	C:\Windows\SYSTEM32\CRYPTBASE.dll
0x00007ffc74ef0000 - 0x00007ffc74f2b000 	C:\Windows\SYSTEM32\IPHLPAPI.DLL
0x00007ffc78200000 - 0x00007ffc78208000 	C:\Windows\System32\NSI.dll
0x00007ffc6dde0000 - 0x00007ffc6ddf7000 	C:\Windows\SYSTEM32\dhcpcsvc6.DLL
0x00007ffc6e560000 - 0x00007ffc6e57d000 	C:\Windows\SYSTEM32\dhcpcsvc.DLL
0x00007ffc74f30000 - 0x00007ffc74ffb000 	C:\Windows\SYSTEM32\DNSAPI.dll
0x00007ffc6a020000 - 0x00007ffc6a02a000 	C:\Windows\System32\rasadhlp.dll
0x00007ffc6a720000 - 0x00007ffc6a7a0000 	C:\Windows\System32\fwpuclnt.dll

dbghelp: loaded successfully - version: 4.0.5 - missing functions: none
symbol engine: initialized successfully - sym options: 0x614 - pdb path: .;C:\Program Files\Java\jdk-11.0.13\bin;C:\Windows\SYSTEM32;C:\Windows\WinSxS\amd64_microsoft.windows.common-controls_6595b64144ccf1df_6.0.19041.1110_none_60b5254171f9507e;C:\Program Files\Java\jdk-11.0.13\bin\server;C:\Users\LUCKY\.gradle\native\29\windows-amd64

VM Arguments:
jvm_args: --add-opens=java.base/java.util=ALL-UNNAMED --add-opens=java.base/java.lang=ALL-UNNAMED --add-opens=java.base/java.lang.invoke=ALL-UNNAMED --add-opens=java.prefs/java.util.prefs=ALL-UNNAMED -XX:MaxMetaspaceSize=256m -XX:+HeapDumpOnOutOfMemoryError -Xms256m -Xmx512m -Dfile.encoding=windows-1252 -Duser.country=US -Duser.language=en -Duser.variant 
java_command: org.gradle.launcher.daemon.bootstrap.GradleDaemon 5.5
java_class_path (initial): C:\Users\LUCKY\.gradle\wrapper\dists\gradle-5.5-all\byeise1led9a3w3p149d02kfj\gradle-5.5\lib\gradle-launcher-5.5.jar
Launcher Type: SUN_STANDARD

[Global flags]
     intx CICompilerCount                          = 3                                         {product} {ergonomic}
   size_t CompressedClassSpaceSize                 = 260046848                                 {product} {ergonomic}
     uint ConcGCThreads                            = 1                                         {product} {ergonomic}
     uint G1ConcRefinementThreads                  = 4                                         {product} {ergonomic}
   size_t G1HeapRegionSize                         = 1048576                                   {product} {ergonomic}
    uintx GCDrainStackTargetSize                   = 64                                        {product} {ergonomic}
     bool HeapDumpOnOutOfMemoryError               = true                                   {manageable} {command line}
   size_t InitialHeapSize                          = 268435456                                 {product} {command line}
   size_t MarkStackSize                            = 4194304                                   {product} {ergonomic}
   size_t MaxHeapSize                              = 536870912                                 {product} {command line}
   size_t MaxMetaspaceSize                         = 268435456                                 {product} {command line}
   size_t MaxNewSize                               = 321912832                                 {product} {ergonomic}
   size_t MinHeapDeltaBytes                        = 1048576                                   {product} {ergonomic}
    uintx NonNMethodCodeHeapSize                   = 5830732                                {pd product} {ergonomic}
    uintx NonProfiledCodeHeapSize                  = 122913754                              {pd product} {ergonomic}
    uintx ProfiledCodeHeapSize                     = 122913754                              {pd product} {ergonomic}
    uintx ReservedCodeCacheSize                    = 251658240                              {pd product} {ergonomic}
     bool SegmentedCodeCache                       = true                                      {product} {ergonomic}
     bool UseCompressedClassPointers               = true                                 {lp64_product} {ergonomic}
     bool UseCompressedOops                        = true                                 {lp64_product} {ergonomic}
     bool UseG1GC                                  = true                                      {product} {ergonomic}
     bool UseLargePagesIndividualAllocation        = false                                  {pd product} {ergonomic}

Logging:
Log output configuration:
 #0: stdout all=warning uptime,level,tags
 #1: stderr all=off uptime,level,tags

Environment Variables:
JAVA_HOME=C:\Program Files\Java\jdk-11.0.13\
CLASSPATH=D:\MyWork\ReactNative\whsnxt_mvp\android\\gradle\wrapper\gradle-wrapper.jar
PATH=D:\MyWork\ReactNative\whsnxt_mvp\android\node_modules\.bin;D:\MyWork\ReactNative\whsnxt_mvp\node_modules\.bin;D:\MyWork\ReactNative\node_modules\.bin;D:\MyWork\node_modules\.bin;D:\node_modules\.bin;C:\Program Files\nodejs;C:\Program Files (x86)\OpenJDK\jdk-8.0.262.10-hotspot\bin;C:\Program Files (x86)\Common Files\Oracle\Java\javapath;C:\Program Files\Common Files\Oracle\Java\javapath;C:\Windows\system32;C:\Windows;C:\Windows\System32\Wbem;C:\Windows\System32\WindowsPowerShell\v1.0\;C:\Windows\System32\OpenSSH\;C:\Program Files\Git\cmd;C:\Users\LUCKY\AppData\Roaming\nvm;C:\Program Files\nodejs;C:\xampp\php;C:\ProgramData\ComposerSetup\bin;C:\Program Files\PuTTY\;C:\Program Files\Java\jdk-18.0.1.1\bin;C:\Program Files\Microsoft SQL Server\150\Tools\Binn\;C:\Users\LUCKY\AppData\Local\Android\Sdk\platform-tools;C:\Program Files\Java\jdk-11.0.13\bin;C:\Users\LUCKY\AppData\Local\Android\Sdk\ndk-bundle;C:\Users\LUCKY\AppData\Local\Programs\Python\Python310\Scripts\;C:\Users\LUCKY\AppData\Local\Programs\Python\Python310\;C:\Users\LUCKY\AppData\Local\Microsoft\WindowsApps;C:\Program Files\Bandizip\;C:\Users\LUCKY\AppData\Roaming\npm;C:\Users\LUCKY\AppData\Local\Programs\Microsoft VS Code\bin;C:\Users\LUCKY\AppData\Roaming\nvm;C:\Program Files\nodejs;C:\Users\LUCKY\AppData\Roaming\Composer\vendor\bin;C:\Program Files\JetBrains\PyCharm Community Edition 2022.1.1\bin;;C:\Users\LUCKY\AppData\Local\Android\Sdk\ndk-bundle;C:\Users\LUCKY\AppData\Local\Android\Sdk\platform-tools;
USERNAME=LUCKY
OS=Windows_NT
PROCESSOR_IDENTIFIER=Intel64 Family 6 Model 58 Stepping 9, GenuineIntel



---------------  S Y S T E M  ---------------

OS: Windows 10 , 64 bit Build 19041 (10.0.19041.1806)

CPU:total 4 (initial active 4) (2 cores per cpu, 2 threads per core) family 6 model 58 stepping 9 microcode 0x21, cmov, cx8, fxsr, mmx, sse, sse2, sse3, ssse3, sse4.1, sse4.2, popcnt, avx, aes, clmul, erms, ht, tsc, tscinvbit, tscinv

Memory: 4k page, system-wide physical 12182M (4434M free)
TotalPageFile size 16534M (AvailPageFile size 7143M)
current process WorkingSet (physical memory assigned to process): 396M, peak: 490M
current process commit charge ("private bytes"): 552M, peak: 564M

vm_info: Java HotSpot(TM) 64-Bit Server VM (11.0.13+10-LTS-370) for windows-amd64 JRE (11.0.13+10-LTS-370), built on Sep 15 2021 22:10:36 by "mach5one" with MS VC++ 15.9 (VS2017)

END.
