#
# A fatal error has been detected by the Java Runtime Environment:
#
#  EXCEPTION_ACCESS_VIOLATION (0xc0000005) at pc=0x00007ffb54268690, pid=12240, tid=10864
#
# JRE version: Java(TM) SE Runtime Environment 18.9 (11.0.13+10) (build 11.0.13+10-LTS-370)
# Java VM: Java HotSpot(TM) 64-Bit Server VM 18.9 (11.0.13+10-LTS-370, mixed mode, tiered, compressed oops, g1 gc, windows-amd64)
# Problematic frame:
# V  [jvm.dll+0x658690]
#
# No core dump will be written. Minidumps are not enabled by default on client versions of Windows
#
# If you would like to submit a bug report, please visit:
#   https://bugreport.java.com/bugreport/crash.jsp
#

---------------  S U M M A R Y ------------

Command Line: --add-opens=java.base/java.util=ALL-UNNAMED --add-opens=java.base/java.lang=ALL-UNNAMED --add-opens=java.base/java.lang.invoke=ALL-UNNAMED --add-opens=java.prefs/java.util.prefs=ALL-UNNAMED -XX:MaxMetaspaceSize=256m -XX:+HeapDumpOnOutOfMemoryError -Xms256m -Xmx512m -Dfile.encoding=windows-1252 -Duser.country=US -Duser.language=en -Duser.variant org.gradle.launcher.daemon.bootstrap.GradleDaemon 5.5

Host: Intel(R) Core(TM) i5-3230M CPU @ 2.60GHz, 4 cores, 11G,  Windows 10 , 64 bit Build 19041 (10.0.19041.1806)
Time: Mon Aug  1 23:09:29 2022 Tokyo Standard Time elapsed time: 34.699638 seconds (0d 0h 0m 34s)

---------------  T H R E A D  ---------------

Current thread (0x0000017cabef3800):  JavaThread "C2 CompilerThread1" daemon [_thread_in_native, id=10864, stack(0x0000007ba4500000,0x0000007ba4600000)]


Current CompileTask:
C2:  34699 7873       4       java.util.ComparableTimSort::binarySort (223 bytes)

Stack: [0x0000007ba4500000,0x0000007ba4600000],  sp=0x0000007ba45fb9a0,  free space=1006k
Native frames: (J=compiled Java code, j=interpreted, Vv=VM code, C=native code)
V  [jvm.dll+0x658690]
V  [jvm.dll+0x18caad]
V  [jvm.dll+0x1f8362]
V  [jvm.dll+0x1f743d]
V  [jvm.dll+0x177991]
V  [jvm.dll+0x206d84]
V  [jvm.dll+0x204ebb]
V  [jvm.dll+0x727e70]
V  [jvm.dll+0x720a54]
V  [jvm.dll+0x627606]
C  [ucrtbase.dll+0x21bb2]
C  [KERNEL32.DLL+0x17034]
C  [ntdll.dll+0x52651]


siginfo: EXCEPTION_ACCESS_VIOLATION (0xc0000005), reading address 0x00007dfb543fc9a0


Register to memory mapping:

RIP=0x00007ffb54268690 jvm.dll
RAX=0x00007dfb543fc8b8 is an unknown value
RBX=0x0000017ca695f990 points into unknown readable memory: 0x0000017cac81bf70 | 70 bf 81 ac 7c 01 00 00
RCX=0x0000017cacff41c0 points into unknown readable memory: 0x00007dfb543fc8b8 | b8 c8 3f 54 fb 7d 00 00
RDX=0x000000000000008c is an unknown value
RSP=0x0000007ba45fb9a0 is pointing into the stack for thread: 0x0000017cabef3800
RBP=0x0000007ba45fbaa0 is pointing into the stack for thread: 0x0000017cabef3800
RSI=0x0000007ba45fc070 is pointing into the stack for thread: 0x0000017cabef3800
RDI=0x0000017cad7b6e38 points into unknown readable memory: 0x00007ffb5443f970 | 70 f9 43 54 fb 7f 00 00
R8 =0x0000017caad136f0 points into unknown readable memory: 0x0000000000000000 | 00 00 00 00 00 00 00 00
R9 =0x0 is NULL
R10=0x0000000000000001 is an unknown value
R11=0x0000017cad20d7a0 points into unknown readable memory: 0x0000000000000000 | 00 00 00 00 00 00 00 00
R12=0x0000017cad7b6e38 points into unknown readable memory: 0x00007ffb5443f970 | 70 f9 43 54 fb 7f 00 00
R13=0x0000017ca695f9d0 points into unknown readable memory: 0x0000017cac81bf70 | 70 bf 81 ac 7c 01 00 00
R14=0x0000000000000002 is an unknown value
R15=0x0000017cacff41c0 points into unknown readable memory: 0x00007dfb543fc8b8 | b8 c8 3f 54 fb 7d 00 00


Registers:
RAX=0x00007dfb543fc8b8, RBX=0x0000017ca695f990, RCX=0x0000017cacff41c0, RDX=0x000000000000008c
RSP=0x0000007ba45fb9a0, RBP=0x0000007ba45fbaa0, RSI=0x0000007ba45fc070, RDI=0x0000017cad7b6e38
R8 =0x0000017caad136f0, R9 =0x0000000000000000, R10=0x0000000000000001, R11=0x0000017cad20d7a0
R12=0x0000017cad7b6e38, R13=0x0000017ca695f9d0, R14=0x0000000000000002, R15=0x0000017cacff41c0
RIP=0x00007ffb54268690, EFLAGS=0x0000000000010246

Top of Stack: (sp=0x0000007ba45fb9a0)
0x0000007ba45fb9a0:   000000000000025f 0000007ba45fbaa0
0x0000007ba45fb9b0:   0000007ba45fc070 0000017cad7b6f90
0x0000007ba45fb9c0:   0000017cac878ec0 0000017cac878e80
0x0000007ba45fb9d0:   0000000000000201 0000017cffffffff
0x0000007ba45fb9e0:   0000017ca695f9d0 0000017cad7b6e38
0x0000007ba45fb9f0:   0000017cacff41c0 0000001000000000
0x0000007ba45fba00:   0000000000000000 00007ffb00000008
0x0000007ba45fba10:   0000017caad13fb0 0000017caad13b50
0x0000007ba45fba20:   00007ffb00000064 0000000000000099
0x0000007ba45fba30:   0000000000000000 0000000000000000
0x0000007ba45fba40:   0000000000000000 0000000000000000
0x0000007ba45fba50:   0000000000000000 0000000000000000
0x0000007ba45fba60:   0000000000000000 0000000000000000
0x0000007ba45fba70:   0000000000000000 0000000000000000
0x0000007ba45fba80:   0000000000000000 0000000000000000
0x0000007ba45fba90:   0000017cad7b6f90 0000017caad136f0 

Instructions: (pc=0x00007ffb54268690)
0x00007ffb54268670:   0f 82 ea fd ff ff 4c 8b 6c 24 40 4c 8b 64 24 48
0x00007ffb54268680:   41 8b 47 2c 24 03 3c 02 75 14 49 8b 07 49 8b cf
0x00007ffb54268690:   ff 90 e8 00 00 00 41 8b 4f 18 8b f8 eb 02 33 ff
0x00007ffb542686a0:   4c 8b b5 68 01 00 00 bb 01 00 00 00 3b cb 76 5d 


Stack slot to memory mapping:
stack at sp + 0 slots: 0x000000000000025f is an unknown value
stack at sp + 1 slots: 0x0000007ba45fbaa0 is pointing into the stack for thread: 0x0000017cabef3800
stack at sp + 2 slots: 0x0000007ba45fc070 is pointing into the stack for thread: 0x0000017cabef3800
stack at sp + 3 slots: 0x0000017cad7b6f90 points into unknown readable memory: 0x00007ffb5443f970 | 70 f9 43 54 fb 7f 00 00
stack at sp + 4 slots: 0x0000017cac878ec0 points into unknown readable memory: 0x0000017cac81bf70 | 70 bf 81 ac 7c 01 00 00
stack at sp + 5 slots: 0x0000017cac878e80 points into unknown readable memory: 0x0000017cac81bf70 | 70 bf 81 ac 7c 01 00 00
stack at sp + 6 slots: 0x0000000000000201 is an unknown value
stack at sp + 7 slots: 0x0000017cffffffff is an unknown value


---------------  P R O C E S S  ---------------

Threads class SMR info:
_java_thread_list=0x0000017cabea76f0, length=34, elements={
0x0000017c8bea9800, 0x0000017ca5ce1000, 0x0000017ca5cea000, 0x0000017ca5cfa000,
0x0000017ca5cfc000, 0x0000017ca5cfd800, 0x0000017ca5d03000, 0x0000017ca5d0d000,
0x0000017ca5d19000, 0x0000017ca67ce000, 0x0000017ca816c800, 0x0000017ca769d000,
0x0000017ca868d800, 0x0000017ca8696800, 0x0000017ca8697800, 0x0000017ca82df800,
0x0000017ca82e0800, 0x0000017ca8138000, 0x0000017ca87d6800, 0x0000017ca8535800,
0x0000017ca8537000, 0x0000017ca8533000, 0x0000017ca8536000, 0x0000017ca8533800,
0x0000017ca8532000, 0x0000017ca8534800, 0x0000017cabf47800, 0x0000017cabf45800,
0x0000017cabf49800, 0x0000017cabf46800, 0x0000017cabf49000, 0x0000017cabf48000,
0x0000017cabef3800, 0x0000017cabf45000
}

Java Threads: ( => current thread )
  0x0000017c8bea9800 JavaThread "main" [_thread_blocked, id=808, stack(0x0000007ba2300000,0x0000007ba2400000)]
  0x0000017ca5ce1000 JavaThread "Reference Handler" daemon [_thread_blocked, id=10144, stack(0x0000007ba2a00000,0x0000007ba2b00000)]
  0x0000017ca5cea000 JavaThread "Finalizer" daemon [_thread_blocked, id=10268, stack(0x0000007ba2b00000,0x0000007ba2c00000)]
  0x0000017ca5cfa000 JavaThread "Signal Dispatcher" daemon [_thread_blocked, id=10176, stack(0x0000007ba2c00000,0x0000007ba2d00000)]
  0x0000017ca5cfc000 JavaThread "Attach Listener" daemon [_thread_blocked, id=10244, stack(0x0000007ba2d00000,0x0000007ba2e00000)]
  0x0000017ca5cfd800 JavaThread "Service Thread" daemon [_thread_blocked, id=9824, stack(0x0000007ba2e00000,0x0000007ba2f00000)]
  0x0000017ca5d03000 JavaThread "C2 CompilerThread0" daemon [_thread_in_native, id=12436, stack(0x0000007ba2f00000,0x0000007ba3000000)]
  0x0000017ca5d0d000 JavaThread "C1 CompilerThread0" daemon [_thread_blocked, id=12652, stack(0x0000007ba3000000,0x0000007ba3100000)]
  0x0000017ca5d19000 JavaThread "Sweeper thread" daemon [_thread_blocked, id=6576, stack(0x0000007ba3100000,0x0000007ba3200000)]
  0x0000017ca67ce000 JavaThread "Common-Cleaner" daemon [_thread_blocked, id=5772, stack(0x0000007ba3200000,0x0000007ba3300000)]
  0x0000017ca816c800 JavaThread "Daemon health stats" [_thread_blocked, id=10052, stack(0x0000007ba3800000,0x0000007ba3900000)]
  0x0000017ca769d000 JavaThread "Incoming local TCP Connector on port 50904" [_thread_in_native, id=12976, stack(0x0000007ba3700000,0x0000007ba3800000)]
  0x0000017ca868d800 JavaThread "Daemon periodic checks" [_thread_blocked, id=11472, stack(0x0000007ba3900000,0x0000007ba3a00000)]
  0x0000017ca8696800 JavaThread "Daemon" [_thread_blocked, id=11620, stack(0x0000007ba3a00000,0x0000007ba3b00000)]
  0x0000017ca8697800 JavaThread "Handler for socket connection from /127.0.0.1:50904 to /127.0.0.1:50905" [_thread_in_native, id=12656, stack(0x0000007ba3b00000,0x0000007ba3c00000)]
  0x0000017ca82df800 JavaThread "Cancel handler" [_thread_blocked, id=8876, stack(0x0000007ba3c00000,0x0000007ba3d00000)]
  0x0000017ca82e0800 JavaThread "Daemon worker" [_thread_in_Java, id=10816, stack(0x0000007ba3d00000,0x0000007ba3e00000)]
  0x0000017ca8138000 JavaThread "Asynchronous log dispatcher for DefaultDaemonConnection: socket connection from /127.0.0.1:50904 to /127.0.0.1:50905" [_thread_blocked, id=5560, stack(0x0000007ba3e00000,0x0000007ba3f00000)]
  0x0000017ca87d6800 JavaThread "Stdin handler" [_thread_blocked, id=9524, stack(0x0000007ba3f00000,0x0000007ba4000000)]
  0x0000017ca8535800 JavaThread "Thread-8" [_thread_blocked, id=11932, stack(0x0000007ba4000000,0x0000007ba4100000)]
  0x0000017ca8537000 JavaThread "Cache worker for file hash cache (C:\Users\LUCKY\.gradle\caches\5.5\fileHashes)" [_thread_blocked, id=6796, stack(0x0000007ba4100000,0x0000007ba4200000)]
  0x0000017ca8533000 JavaThread "File lock request listener" [_thread_in_native, id=12852, stack(0x0000007ba4200000,0x0000007ba4300000)]
  0x0000017ca8536000 JavaThread "Cache worker for journal cache (C:\Users\LUCKY\.gradle\caches\journal-1)" [_thread_blocked, id=7492, stack(0x0000007ba4300000,0x0000007ba4400000)]
  0x0000017ca8533800 JavaThread "Cache worker for file hash cache (D:\MyWork\ReactNative\whsnxt_mvp\android\.gradle\5.5\fileHashes)" [_thread_blocked, id=12796, stack(0x0000007ba4400000,0x0000007ba4500000)]
  0x0000017ca8532000 JavaThread "Cache worker for cache directory md-supplier (C:\Users\LUCKY\.gradle\caches\5.5\md-supplier)" [_thread_blocked, id=5140, stack(0x0000007ba4600000,0x0000007ba4700000)]
  0x0000017ca8534800 JavaThread "Cache worker for cache directory md-rule (C:\Users\LUCKY\.gradle\caches\5.5\md-rule)" [_thread_blocked, id=10644, stack(0x0000007ba4700000,0x0000007ba4800000)]
  0x0000017cabf47800 JavaThread "Cache worker for execution history cache (C:\Users\LUCKY\.gradle\caches\5.5\executionHistory)" [_thread_blocked, id=11528, stack(0x0000007ba4800000,0x0000007ba4900000)]
  0x0000017cabf45800 JavaThread "Build operations" [_thread_blocked, id=7180, stack(0x0000007ba4900000,0x0000007ba4a00000)]
  0x0000017cabf49800 JavaThread "Build operations Thread 2" [_thread_blocked, id=7076, stack(0x0000007ba4a00000,0x0000007ba4b00000)]
  0x0000017cabf46800 JavaThread "Build operations Thread 3" [_thread_blocked, id=2988, stack(0x0000007ba4b00000,0x0000007ba4c00000)]
  0x0000017cabf49000 JavaThread "Build operations Thread 4" [_thread_blocked, id=12820, stack(0x0000007ba4c00000,0x0000007ba4d00000)]
  0x0000017cabf48000 JavaThread "Cache worker for Build Output Cleanup Cache (D:\MyWork\ReactNative\whsnxt_mvp\android\.gradle\buildOutputCleanup)" [_thread_blocked, id=10784, stack(0x0000007ba4d00000,0x0000007ba4e00000)]
=>0x0000017cabef3800 JavaThread "C2 CompilerThread1" daemon [_thread_in_native, id=10864, stack(0x0000007ba4500000,0x0000007ba4600000)]
  0x0000017cabf45000 JavaThread "Memory manager" [_thread_blocked, id=6448, stack(0x0000007ba4e00000,0x0000007ba4f00000)]

Other Threads:
  0x0000017ca5cb9000 VMThread "VM Thread" [stack: 0x0000007ba2900000,0x0000007ba2a00000] [id=11780]
  0x0000017ca67df800 WatcherThread [stack: 0x0000007ba3300000,0x0000007ba3400000] [id=8752]
  0x0000017c8bebf000 GCTaskThread "GC Thread#0" [stack: 0x0000007ba2400000,0x0000007ba2500000] [id=1716]
  0x0000017ca6f8e000 GCTaskThread "GC Thread#1" [stack: 0x0000007ba3400000,0x0000007ba3500000] [id=5828]
  0x0000017ca6f99000 GCTaskThread "GC Thread#2" [stack: 0x0000007ba3500000,0x0000007ba3600000] [id=8572]
  0x0000017ca6f9a000 GCTaskThread "GC Thread#3" [stack: 0x0000007ba3600000,0x0000007ba3700000] [id=10660]
  0x0000017c8bed3000 ConcurrentGCThread "G1 Main Marker" [stack: 0x0000007ba2500000,0x0000007ba2600000] [id=7612]
  0x0000017c8bed4800 ConcurrentGCThread "G1 Conc#0" [stack: 0x0000007ba2600000,0x0000007ba2700000] [id=12420]
  0x0000017c8bf8e000 ConcurrentGCThread "G1 Refine#0" [stack: 0x0000007ba2700000,0x0000007ba2800000] [id=5308]
  0x0000017ca5b58800 ConcurrentGCThread "G1 Young RemSet Sampling" [stack: 0x0000007ba2800000,0x0000007ba2900000] [id=1040]

Threads with active compile tasks:
C2 CompilerThread0  34802 7884   !   4       java.util.concurrent.ConcurrentHashMap::putVal (432 bytes)
C2 CompilerThread1  34802 7873       4       java.util.ComparableTimSort::binarySort (223 bytes)

VM state:not at safepoint (normal execution)

VM Mutex/Monitor currently owned by a thread: None

Heap address: 0x00000000e0000000, size: 512 MB, Compressed Oops mode: 32-bit
Narrow klass base: 0x0000000000000000, Narrow klass shift: 3
Compressed class space size: 260046848 Address: 0x0000000100000000

Heap:
 garbage-first heap   total 262144K, used 150265K [0x00000000e0000000, 0x0000000100000000)
  region size 1024K, 99 young (101376K), 7 survivors (7168K)
 Metaspace       used 71280K, capacity 73699K, committed 73744K, reserved 319488K
  class space    used 9113K, capacity 9849K, committed 9856K, reserved 253952K
Heap Regions: E=young(eden), S=young(survivor), O=old, HS=humongous(starts), HC=humongous(continues), CS=collection set, F=free, A=archive, TAMS=top-at-mark-start (previous, next)
|   0|0x00000000e0000000, 0x00000000e0100000, 0x00000000e0100000|100%| O|  |TAMS 0x00000000e0100000, 0x00000000e0000000| Untracked 
|   1|0x00000000e0100000, 0x00000000e0200000, 0x00000000e0200000|100%| O|  |TAMS 0x00000000e0200000, 0x00000000e0100000| Untracked 
|   2|0x00000000e0200000, 0x00000000e0300000, 0x00000000e0300000|100%|HS|  |TAMS 0x00000000e0300000, 0x00000000e0200000| Complete 
|   3|0x00000000e0300000, 0x00000000e0400000, 0x00000000e0400000|100%|HS|  |TAMS 0x00000000e0400000, 0x00000000e0300000| Complete 
|   4|0x00000000e0400000, 0x00000000e0500000, 0x00000000e0500000|100%|HC|  |TAMS 0x00000000e0500000, 0x00000000e0400000| Complete 
|   5|0x00000000e0500000, 0x00000000e0600000, 0x00000000e0600000|100%| O|  |TAMS 0x00000000e0600000, 0x00000000e0500000| Untracked 
|   6|0x00000000e0600000, 0x00000000e0700000, 0x00000000e0700000|100%| O|  |TAMS 0x00000000e0700000, 0x00000000e0600000| Untracked 
|   7|0x00000000e0700000, 0x00000000e0800000, 0x00000000e0800000|100%| O|  |TAMS 0x00000000e0800000, 0x00000000e0700000| Untracked 
|   8|0x00000000e0800000, 0x00000000e0900000, 0x00000000e0900000|100%| O|  |TAMS 0x00000000e0900000, 0x00000000e0800000| Untracked 
|   9|0x00000000e0900000, 0x00000000e0a00000, 0x00000000e0a00000|100%| O|  |TAMS 0x00000000e0a00000, 0x00000000e0900000| Untracked 
|  10|0x00000000e0a00000, 0x00000000e0b00000, 0x00000000e0b00000|100%| O|  |TAMS 0x00000000e0b00000, 0x00000000e0a00000| Untracked 
|  11|0x00000000e0b00000, 0x00000000e0c00000, 0x00000000e0c00000|100%| O|  |TAMS 0x00000000e0c00000, 0x00000000e0b00000| Untracked 
|  12|0x00000000e0c00000, 0x00000000e0d00000, 0x00000000e0d00000|100%| O|  |TAMS 0x00000000e0d00000, 0x00000000e0c00000| Untracked 
|  13|0x00000000e0d00000, 0x00000000e0e00000, 0x00000000e0e00000|100%| O|  |TAMS 0x00000000e0e00000, 0x00000000e0d00000| Untracked 
|  14|0x00000000e0e00000, 0x00000000e0f00000, 0x00000000e0f00000|100%| O|  |TAMS 0x00000000e0f00000, 0x00000000e0e00000| Untracked 
|  15|0x00000000e0f00000, 0x00000000e1000000, 0x00000000e1000000|100%|HS|  |TAMS 0x00000000e1000000, 0x00000000e0f00000| Complete 
|  16|0x00000000e1000000, 0x00000000e1100000, 0x00000000e1100000|100%|HC|  |TAMS 0x00000000e1100000, 0x00000000e1000000| Complete 
|  17|0x00000000e1100000, 0x00000000e1200000, 0x00000000e1200000|100%|HC|  |TAMS 0x00000000e1200000, 0x00000000e1100000| Complete 
|  18|0x00000000e1200000, 0x00000000e1300000, 0x00000000e1300000|100%|HS|  |TAMS 0x00000000e1300000, 0x00000000e1200000| Complete 
|  19|0x00000000e1300000, 0x00000000e1400000, 0x00000000e1400000|100%|HC|  |TAMS 0x00000000e1400000, 0x00000000e1300000| Complete 
|  20|0x00000000e1400000, 0x00000000e1500000, 0x00000000e1500000|100%| O|  |TAMS 0x00000000e1500000, 0x00000000e1400000| Untracked 
|  21|0x00000000e1500000, 0x00000000e1600000, 0x00000000e1600000|100%| O|  |TAMS 0x00000000e1600000, 0x00000000e1500000| Untracked 
|  22|0x00000000e1600000, 0x00000000e1700000, 0x00000000e1700000|100%| O|  |TAMS 0x00000000e1700000, 0x00000000e1600000| Untracked 
|  23|0x00000000e1700000, 0x00000000e1800000, 0x00000000e1800000|100%| O|  |TAMS 0x00000000e1800000, 0x00000000e1700000| Untracked 
|  24|0x00000000e1800000, 0x00000000e1900000, 0x00000000e1900000|100%| O|  |TAMS 0x00000000e1900000, 0x00000000e1800000| Untracked 
|  25|0x00000000e1900000, 0x00000000e1a00000, 0x00000000e1a00000|100%| O|  |TAMS 0x00000000e1a00000, 0x00000000e1900000| Untracked 
|  26|0x00000000e1a00000, 0x00000000e1b00000, 0x00000000e1b00000|100%| O|  |TAMS 0x00000000e1b00000, 0x00000000e1a00000| Untracked 
|  27|0x00000000e1b00000, 0x00000000e1c00000, 0x00000000e1c00000|100%| O|  |TAMS 0x00000000e1c00000, 0x00000000e1b00000| Untracked 
|  28|0x00000000e1c00000, 0x00000000e1d00000, 0x00000000e1d00000|100%| O|  |TAMS 0x00000000e1d00000, 0x00000000e1c00000| Untracked 
|  29|0x00000000e1d00000, 0x00000000e1e00000, 0x00000000e1e00000|100%| O|  |TAMS 0x00000000e1e00000, 0x00000000e1d00000| Untracked 
|  30|0x00000000e1e00000, 0x00000000e1f00000, 0x00000000e1f00000|100%| O|  |TAMS 0x00000000e1f00000, 0x00000000e1e00000| Untracked 
|  31|0x00000000e1f00000, 0x00000000e2000000, 0x00000000e2000000|100%| O|  |TAMS 0x00000000e2000000, 0x00000000e1f00000| Untracked 
|  32|0x00000000e2000000, 0x00000000e2100000, 0x00000000e2100000|100%| O|  |TAMS 0x00000000e2100000, 0x00000000e2000000| Untracked 
|  33|0x00000000e2100000, 0x00000000e2200000, 0x00000000e2200000|100%| O|  |TAMS 0x00000000e2200000, 0x00000000e2100000| Untracked 
|  34|0x00000000e2200000, 0x00000000e2300000, 0x00000000e2300000|100%| O|  |TAMS 0x00000000e2300000, 0x00000000e2200000| Untracked 
|  35|0x00000000e2300000, 0x00000000e2400000, 0x00000000e2400000|100%| O|  |TAMS 0x00000000e2400000, 0x00000000e2300000| Untracked 
|  36|0x00000000e2400000, 0x00000000e2500000, 0x00000000e2500000|100%| O|  |TAMS 0x00000000e2500000, 0x00000000e2400000| Untracked 
|  37|0x00000000e2500000, 0x00000000e2600000, 0x00000000e2600000|100%| O|  |TAMS 0x00000000e2600000, 0x00000000e2500000| Untracked 
|  38|0x00000000e2600000, 0x00000000e2700000, 0x00000000e2700000|100%| O|  |TAMS 0x00000000e2700000, 0x00000000e2600000| Untracked 
|  39|0x00000000e2700000, 0x00000000e2800000, 0x00000000e2800000|100%| O|  |TAMS 0x00000000e2800000, 0x00000000e2700000| Untracked 
|  40|0x00000000e2800000, 0x00000000e2900000, 0x00000000e2900000|100%| O|  |TAMS 0x00000000e2900000, 0x00000000e2800000| Untracked 
|  41|0x00000000e2900000, 0x00000000e2a00000, 0x00000000e2a00000|100%| O|  |TAMS 0x00000000e2a00000, 0x00000000e2900000| Untracked 
|  42|0x00000000e2a00000, 0x00000000e2b00000, 0x00000000e2b00000|100%| O|  |TAMS 0x00000000e2b00000, 0x00000000e2a00000| Untracked 
|  43|0x00000000e2b00000, 0x00000000e2c00000, 0x00000000e2c00000|100%| O|  |TAMS 0x00000000e2c00000, 0x00000000e2b00000| Untracked 
|  44|0x00000000e2c00000, 0x00000000e2d00000, 0x00000000e2d00000|100%| O|  |TAMS 0x00000000e2d00000, 0x00000000e2c00000| Untracked 
|  45|0x00000000e2d00000, 0x00000000e2e00000, 0x00000000e2e00000|100%| O|  |TAMS 0x00000000e2e00000, 0x00000000e2d00000| Untracked 
|  46|0x00000000e2e00000, 0x00000000e2ebe600, 0x00000000e2f00000| 74%| O|  |TAMS 0x00000000e2ebe600, 0x00000000e2e00000| Untracked 
|  47|0x00000000e2f00000, 0x00000000e3000000, 0x00000000e3000000|100%|HS|  |TAMS 0x00000000e2f00000, 0x00000000e2f00000| Complete 
|  48|0x00000000e3000000, 0x00000000e3100000, 0x00000000e3100000|100%|HC|  |TAMS 0x00000000e3000000, 0x00000000e3000000| Complete 
|  49|0x00000000e3100000, 0x00000000e3200000, 0x00000000e3200000|100%|HC|  |TAMS 0x00000000e3100000, 0x00000000e3100000| Complete 
|  50|0x00000000e3200000, 0x00000000e3200000, 0x00000000e3300000|  0%| F|  |TAMS 0x00000000e3200000, 0x00000000e3200000| Untracked 
|  51|0x00000000e3300000, 0x00000000e3300000, 0x00000000e3400000|  0%| F|  |TAMS 0x00000000e3300000, 0x00000000e3300000| Untracked 
|  52|0x00000000e3400000, 0x00000000e3400000, 0x00000000e3500000|  0%| F|  |TAMS 0x00000000e3400000, 0x00000000e3400000| Untracked 
|  53|0x00000000e3500000, 0x00000000e3500000, 0x00000000e3600000|  0%| F|  |TAMS 0x00000000e3500000, 0x00000000e3500000| Untracked 
|  54|0x00000000e3600000, 0x00000000e3600000, 0x00000000e3700000|  0%| F|  |TAMS 0x00000000e3600000, 0x00000000e3600000| Untracked 
|  55|0x00000000e3700000, 0x00000000e3700000, 0x00000000e3800000|  0%| F|  |TAMS 0x00000000e3700000, 0x00000000e3700000| Untracked 
|  56|0x00000000e3800000, 0x00000000e3800000, 0x00000000e3900000|  0%| F|  |TAMS 0x00000000e3800000, 0x00000000e3800000| Untracked 
|  57|0x00000000e3900000, 0x00000000e3900000, 0x00000000e3a00000|  0%| F|  |TAMS 0x00000000e3900000, 0x00000000e3900000| Untracked 
|  58|0x00000000e3a00000, 0x00000000e3a00000, 0x00000000e3b00000|  0%| F|  |TAMS 0x00000000e3a00000, 0x00000000e3a00000| Untracked 
|  59|0x00000000e3b00000, 0x00000000e3b00000, 0x00000000e3c00000|  0%| F|  |TAMS 0x00000000e3b00000, 0x00000000e3b00000| Untracked 
|  60|0x00000000e3c00000, 0x00000000e3c00000, 0x00000000e3d00000|  0%| F|  |TAMS 0x00000000e3c00000, 0x00000000e3c00000| Untracked 
|  61|0x00000000e3d00000, 0x00000000e3d00000, 0x00000000e3e00000|  0%| F|  |TAMS 0x00000000e3d00000, 0x00000000e3d00000| Untracked 
|  62|0x00000000e3e00000, 0x00000000e3e00000, 0x00000000e3f00000|  0%| F|  |TAMS 0x00000000e3e00000, 0x00000000e3e00000| Untracked 
|  63|0x00000000e3f00000, 0x00000000e3f00000, 0x00000000e4000000|  0%| F|  |TAMS 0x00000000e3f00000, 0x00000000e3f00000| Untracked 
|  64|0x00000000e4000000, 0x00000000e4000000, 0x00000000e4100000|  0%| F|  |TAMS 0x00000000e4000000, 0x00000000e4000000| Untracked 
|  65|0x00000000e4100000, 0x00000000e4100000, 0x00000000e4200000|  0%| F|  |TAMS 0x00000000e4100000, 0x00000000e4100000| Untracked 
|  66|0x00000000e4200000, 0x00000000e4200000, 0x00000000e4300000|  0%| F|  |TAMS 0x00000000e4200000, 0x00000000e4200000| Untracked 
|  67|0x00000000e4300000, 0x00000000e4300000, 0x00000000e4400000|  0%| F|  |TAMS 0x00000000e4300000, 0x00000000e4300000| Untracked 
|  68|0x00000000e4400000, 0x00000000e4400000, 0x00000000e4500000|  0%| F|  |TAMS 0x00000000e4400000, 0x00000000e4400000| Untracked 
|  69|0x00000000e4500000, 0x00000000e4500000, 0x00000000e4600000|  0%| F|  |TAMS 0x00000000e4500000, 0x00000000e4500000| Untracked 
|  70|0x00000000e4600000, 0x00000000e4600000, 0x00000000e4700000|  0%| F|  |TAMS 0x00000000e4600000, 0x00000000e4600000| Untracked 
|  71|0x00000000e4700000, 0x00000000e4700000, 0x00000000e4800000|  0%| F|  |TAMS 0x00000000e4700000, 0x00000000e4700000| Untracked 
|  72|0x00000000e4800000, 0x00000000e4800000, 0x00000000e4900000|  0%| F|  |TAMS 0x00000000e4800000, 0x00000000e4800000| Untracked 
|  73|0x00000000e4900000, 0x00000000e4900000, 0x00000000e4a00000|  0%| F|  |TAMS 0x00000000e4900000, 0x00000000e4900000| Untracked 
|  74|0x00000000e4a00000, 0x00000000e4a00000, 0x00000000e4b00000|  0%| F|  |TAMS 0x00000000e4a00000, 0x00000000e4a00000| Untracked 
|  75|0x00000000e4b00000, 0x00000000e4b00000, 0x00000000e4c00000|  0%| F|  |TAMS 0x00000000e4b00000, 0x00000000e4b00000| Untracked 
|  76|0x00000000e4c00000, 0x00000000e4c00000, 0x00000000e4d00000|  0%| F|  |TAMS 0x00000000e4c00000, 0x00000000e4c00000| Untracked 
|  77|0x00000000e4d00000, 0x00000000e4d00000, 0x00000000e4e00000|  0%| F|  |TAMS 0x00000000e4d00000, 0x00000000e4d00000| Untracked 
|  78|0x00000000e4e00000, 0x00000000e4e00000, 0x00000000e4f00000|  0%| F|  |TAMS 0x00000000e4e00000, 0x00000000e4e00000| Untracked 
|  79|0x00000000e4f00000, 0x00000000e4f00000, 0x00000000e5000000|  0%| F|  |TAMS 0x00000000e4f00000, 0x00000000e4f00000| Untracked 
|  80|0x00000000e5000000, 0x00000000e5000000, 0x00000000e5100000|  0%| F|  |TAMS 0x00000000e5000000, 0x00000000e5000000| Untracked 
|  81|0x00000000e5100000, 0x00000000e5100000, 0x00000000e5200000|  0%| F|  |TAMS 0x00000000e5100000, 0x00000000e5100000| Untracked 
|  82|0x00000000e5200000, 0x00000000e5200000, 0x00000000e5300000|  0%| F|  |TAMS 0x00000000e5200000, 0x00000000e5200000| Untracked 
|  83|0x00000000e5300000, 0x00000000e5300000, 0x00000000e5400000|  0%| F|  |TAMS 0x00000000e5300000, 0x00000000e5300000| Untracked 
|  84|0x00000000e5400000, 0x00000000e5400000, 0x00000000e5500000|  0%| F|  |TAMS 0x00000000e5400000, 0x00000000e5400000| Untracked 
|  85|0x00000000e5500000, 0x00000000e5500000, 0x00000000e5600000|  0%| F|  |TAMS 0x00000000e5500000, 0x00000000e5500000| Untracked 
|  86|0x00000000e5600000, 0x00000000e5600000, 0x00000000e5700000|  0%| F|  |TAMS 0x00000000e5600000, 0x00000000e5600000| Untracked 
|  87|0x00000000e5700000, 0x00000000e5700000, 0x00000000e5800000|  0%| F|  |TAMS 0x00000000e5700000, 0x00000000e5700000| Untracked 
|  88|0x00000000e5800000, 0x00000000e5800000, 0x00000000e5900000|  0%| F|  |TAMS 0x00000000e5800000, 0x00000000e5800000| Untracked 
|  89|0x00000000e5900000, 0x00000000e5900000, 0x00000000e5a00000|  0%| F|  |TAMS 0x00000000e5900000, 0x00000000e5900000| Untracked 
|  90|0x00000000e5a00000, 0x00000000e5a00000, 0x00000000e5b00000|  0%| F|  |TAMS 0x00000000e5a00000, 0x00000000e5a00000| Untracked 
|  91|0x00000000e5b00000, 0x00000000e5b00000, 0x00000000e5c00000|  0%| F|  |TAMS 0x00000000e5b00000, 0x00000000e5b00000| Untracked 
|  92|0x00000000e5c00000, 0x00000000e5c00000, 0x00000000e5d00000|  0%| F|  |TAMS 0x00000000e5c00000, 0x00000000e5c00000| Untracked 
|  93|0x00000000e5d00000, 0x00000000e5d00000, 0x00000000e5e00000|  0%| F|  |TAMS 0x00000000e5d00000, 0x00000000e5d00000| Untracked 
|  94|0x00000000e5e00000, 0x00000000e5e00000, 0x00000000e5f00000|  0%| F|  |TAMS 0x00000000e5e00000, 0x00000000e5e00000| Untracked 
|  95|0x00000000e5f00000, 0x00000000e5f00000, 0x00000000e6000000|  0%| F|  |TAMS 0x00000000e5f00000, 0x00000000e5f00000| Untracked 
|  96|0x00000000e6000000, 0x00000000e6000000, 0x00000000e6100000|  0%| F|  |TAMS 0x00000000e6000000, 0x00000000e6000000| Untracked 
|  97|0x00000000e6100000, 0x00000000e6100000, 0x00000000e6200000|  0%| F|  |TAMS 0x00000000e6100000, 0x00000000e6100000| Untracked 
|  98|0x00000000e6200000, 0x00000000e6200000, 0x00000000e6300000|  0%| F|  |TAMS 0x00000000e6200000, 0x00000000e6200000| Untracked 
|  99|0x00000000e6300000, 0x00000000e6300000, 0x00000000e6400000|  0%| F|  |TAMS 0x00000000e6300000, 0x00000000e6300000| Untracked 
| 100|0x00000000e6400000, 0x00000000e6400000, 0x00000000e6500000|  0%| F|  |TAMS 0x00000000e6400000, 0x00000000e6400000| Untracked 
| 101|0x00000000e6500000, 0x00000000e6500000, 0x00000000e6600000|  0%| F|  |TAMS 0x00000000e6500000, 0x00000000e6500000| Untracked 
| 102|0x00000000e6600000, 0x00000000e6600000, 0x00000000e6700000|  0%| F|  |TAMS 0x00000000e6600000, 0x00000000e6600000| Untracked 
| 103|0x00000000e6700000, 0x00000000e6700000, 0x00000000e6800000|  0%| F|  |TAMS 0x00000000e6700000, 0x00000000e6700000| Untracked 
| 104|0x00000000e6800000, 0x00000000e6800000, 0x00000000e6900000|  0%| F|  |TAMS 0x00000000e6800000, 0x00000000e6800000| Untracked 
| 105|0x00000000e6900000, 0x00000000e6900000, 0x00000000e6a00000|  0%| F|  |TAMS 0x00000000e6900000, 0x00000000e6900000| Untracked 
| 106|0x00000000e6a00000, 0x00000000e6a00000, 0x00000000e6b00000|  0%| F|  |TAMS 0x00000000e6a00000, 0x00000000e6a00000| Untracked 
| 107|0x00000000e6b00000, 0x00000000e6b00000, 0x00000000e6c00000|  0%| F|  |TAMS 0x00000000e6b00000, 0x00000000e6b00000| Untracked 
| 108|0x00000000e6c00000, 0x00000000e6c00000, 0x00000000e6d00000|  0%| F|  |TAMS 0x00000000e6c00000, 0x00000000e6c00000| Untracked 
| 109|0x00000000e6d00000, 0x00000000e6d00000, 0x00000000e6e00000|  0%| F|  |TAMS 0x00000000e6d00000, 0x00000000e6d00000| Untracked 
| 110|0x00000000e6e00000, 0x00000000e6e00000, 0x00000000e6f00000|  0%| F|  |TAMS 0x00000000e6e00000, 0x00000000e6e00000| Untracked 
| 111|0x00000000e6f00000, 0x00000000e6f00000, 0x00000000e7000000|  0%| F|  |TAMS 0x00000000e6f00000, 0x00000000e6f00000| Untracked 
| 112|0x00000000e7000000, 0x00000000e7000000, 0x00000000e7100000|  0%| F|  |TAMS 0x00000000e7000000, 0x00000000e7000000| Untracked 
| 113|0x00000000e7100000, 0x00000000e7100000, 0x00000000e7200000|  0%| F|  |TAMS 0x00000000e7100000, 0x00000000e7100000| Untracked 
| 114|0x00000000e7200000, 0x00000000e7200000, 0x00000000e7300000|  0%| F|  |TAMS 0x00000000e7200000, 0x00000000e7200000| Untracked 
| 115|0x00000000e7300000, 0x00000000e7300000, 0x00000000e7400000|  0%| F|  |TAMS 0x00000000e7300000, 0x00000000e7300000| Untracked 
| 116|0x00000000e7400000, 0x00000000e7400000, 0x00000000e7500000|  0%| F|  |TAMS 0x00000000e7400000, 0x00000000e7400000| Untracked 
| 117|0x00000000e7500000, 0x00000000e7500000, 0x00000000e7600000|  0%| F|  |TAMS 0x00000000e7500000, 0x00000000e7500000| Untracked 
| 118|0x00000000e7600000, 0x00000000e7600000, 0x00000000e7700000|  0%| F|  |TAMS 0x00000000e7600000, 0x00000000e7600000| Untracked 
| 119|0x00000000e7700000, 0x00000000e7700000, 0x00000000e7800000|  0%| F|  |TAMS 0x00000000e7700000, 0x00000000e7700000| Untracked 
| 120|0x00000000e7800000, 0x00000000e7800000, 0x00000000e7900000|  0%| F|  |TAMS 0x00000000e7800000, 0x00000000e7800000| Untracked 
| 121|0x00000000e7900000, 0x00000000e7900000, 0x00000000e7a00000|  0%| F|  |TAMS 0x00000000e7900000, 0x00000000e7900000| Untracked 
| 122|0x00000000e7a00000, 0x00000000e7a00000, 0x00000000e7b00000|  0%| F|  |TAMS 0x00000000e7a00000, 0x00000000e7a00000| Untracked 
| 123|0x00000000e7b00000, 0x00000000e7b00000, 0x00000000e7c00000|  0%| F|  |TAMS 0x00000000e7b00000, 0x00000000e7b00000| Untracked 
| 124|0x00000000e7c00000, 0x00000000e7c00000, 0x00000000e7d00000|  0%| F|  |TAMS 0x00000000e7c00000, 0x00000000e7c00000| Untracked 
| 125|0x00000000e7d00000, 0x00000000e7d00000, 0x00000000e7e00000|  0%| F|  |TAMS 0x00000000e7d00000, 0x00000000e7d00000| Untracked 
| 126|0x00000000e7e00000, 0x00000000e7e00000, 0x00000000e7f00000|  0%| F|  |TAMS 0x00000000e7e00000, 0x00000000e7e00000| Untracked 
| 127|0x00000000e7f00000, 0x00000000e7f00000, 0x00000000e8000000|  0%| F|  |TAMS 0x00000000e7f00000, 0x00000000e7f00000| Untracked 
| 128|0x00000000e8000000, 0x00000000e8000000, 0x00000000e8100000|  0%| F|  |TAMS 0x00000000e8000000, 0x00000000e8000000| Untracked 
| 129|0x00000000e8100000, 0x00000000e8100000, 0x00000000e8200000|  0%| F|  |TAMS 0x00000000e8100000, 0x00000000e8100000| Untracked 
| 130|0x00000000e8200000, 0x00000000e8200000, 0x00000000e8300000|  0%| F|  |TAMS 0x00000000e8200000, 0x00000000e8200000| Untracked 
| 131|0x00000000e8300000, 0x00000000e8300000, 0x00000000e8400000|  0%| F|  |TAMS 0x00000000e8300000, 0x00000000e8300000| Untracked 
| 132|0x00000000e8400000, 0x00000000e8400000, 0x00000000e8500000|  0%| F|  |TAMS 0x00000000e8400000, 0x00000000e8400000| Untracked 
| 133|0x00000000e8500000, 0x00000000e8500000, 0x00000000e8600000|  0%| F|  |TAMS 0x00000000e8500000, 0x00000000e8500000| Untracked 
| 134|0x00000000e8600000, 0x00000000e8600000, 0x00000000e8700000|  0%| F|  |TAMS 0x00000000e8600000, 0x00000000e8600000| Untracked 
| 135|0x00000000e8700000, 0x00000000e8700000, 0x00000000e8800000|  0%| F|  |TAMS 0x00000000e8700000, 0x00000000e8700000| Untracked 
| 136|0x00000000e8800000, 0x00000000e8800000, 0x00000000e8900000|  0%| F|  |TAMS 0x00000000e8800000, 0x00000000e8800000| Untracked 
| 137|0x00000000e8900000, 0x00000000e8900000, 0x00000000e8a00000|  0%| F|  |TAMS 0x00000000e8900000, 0x00000000e8900000| Untracked 
| 138|0x00000000e8a00000, 0x00000000e8a00000, 0x00000000e8b00000|  0%| F|  |TAMS 0x00000000e8a00000, 0x00000000e8a00000| Untracked 
| 139|0x00000000e8b00000, 0x00000000e8b00000, 0x00000000e8c00000|  0%| F|  |TAMS 0x00000000e8b00000, 0x00000000e8b00000| Untracked 
| 140|0x00000000e8c00000, 0x00000000e8c00000, 0x00000000e8d00000|  0%| F|  |TAMS 0x00000000e8c00000, 0x00000000e8c00000| Untracked 
| 141|0x00000000e8d00000, 0x00000000e8d00000, 0x00000000e8e00000|  0%| F|  |TAMS 0x00000000e8d00000, 0x00000000e8d00000| Untracked 
| 142|0x00000000e8e00000, 0x00000000e8e00000, 0x00000000e8f00000|  0%| F|  |TAMS 0x00000000e8e00000, 0x00000000e8e00000| Untracked 
| 143|0x00000000e8f00000, 0x00000000e8f00000, 0x00000000e9000000|  0%| F|  |TAMS 0x00000000e8f00000, 0x00000000e8f00000| Untracked 
| 144|0x00000000e9000000, 0x00000000e9000000, 0x00000000e9100000|  0%| F|  |TAMS 0x00000000e9000000, 0x00000000e9000000| Untracked 
| 145|0x00000000e9100000, 0x00000000e9100000, 0x00000000e9200000|  0%| F|  |TAMS 0x00000000e9100000, 0x00000000e9100000| Untracked 
| 146|0x00000000e9200000, 0x00000000e9200000, 0x00000000e9300000|  0%| F|  |TAMS 0x00000000e9200000, 0x00000000e9200000| Untracked 
| 147|0x00000000e9300000, 0x00000000e9400000, 0x00000000e9400000|100%| S|CS|TAMS 0x00000000e9300000, 0x00000000e9300000| Complete 
| 148|0x00000000e9400000, 0x00000000e9500000, 0x00000000e9500000|100%| S|CS|TAMS 0x00000000e9400000, 0x00000000e9400000| Complete 
| 149|0x00000000e9500000, 0x00000000e9600000, 0x00000000e9600000|100%| S|CS|TAMS 0x00000000e9500000, 0x00000000e9500000| Complete 
| 150|0x00000000e9600000, 0x00000000e9700000, 0x00000000e9700000|100%| S|CS|TAMS 0x00000000e9600000, 0x00000000e9600000| Complete 
| 151|0x00000000e9700000, 0x00000000e9800000, 0x00000000e9800000|100%| S|CS|TAMS 0x00000000e9700000, 0x00000000e9700000| Complete 
| 152|0x00000000e9800000, 0x00000000e9900000, 0x00000000e9900000|100%| S|CS|TAMS 0x00000000e9800000, 0x00000000e9800000| Complete 
| 153|0x00000000e9900000, 0x00000000e9a00000, 0x00000000e9a00000|100%| S|CS|TAMS 0x00000000e9900000, 0x00000000e9900000| Complete 
| 154|0x00000000e9a00000, 0x00000000e9a00000, 0x00000000e9b00000|  0%| F|  |TAMS 0x00000000e9a00000, 0x00000000e9a00000| Untracked 
| 155|0x00000000e9b00000, 0x00000000e9b00000, 0x00000000e9c00000|  0%| F|  |TAMS 0x00000000e9b00000, 0x00000000e9b00000| Untracked 
| 156|0x00000000e9c00000, 0x00000000e9c00000, 0x00000000e9d00000|  0%| F|  |TAMS 0x00000000e9c00000, 0x00000000e9c00000| Untracked 
| 157|0x00000000e9d00000, 0x00000000e9d00000, 0x00000000e9e00000|  0%| F|  |TAMS 0x00000000e9d00000, 0x00000000e9d00000| Untracked 
| 158|0x00000000e9e00000, 0x00000000e9e00000, 0x00000000e9f00000|  0%| F|  |TAMS 0x00000000e9e00000, 0x00000000e9e00000| Untracked 
| 159|0x00000000e9f00000, 0x00000000e9f00000, 0x00000000ea000000|  0%| F|  |TAMS 0x00000000e9f00000, 0x00000000e9f00000| Untracked 
| 160|0x00000000ea000000, 0x00000000ea000000, 0x00000000ea100000|  0%| F|  |TAMS 0x00000000ea000000, 0x00000000ea000000| Untracked 
| 161|0x00000000ea100000, 0x00000000ea100000, 0x00000000ea200000|  0%| F|  |TAMS 0x00000000ea100000, 0x00000000ea100000| Untracked 
| 162|0x00000000ea200000, 0x00000000ea200000, 0x00000000ea300000|  0%| F|  |TAMS 0x00000000ea200000, 0x00000000ea200000| Untracked 
| 163|0x00000000ea300000, 0x00000000ea300000, 0x00000000ea400000|  0%| F|  |TAMS 0x00000000ea300000, 0x00000000ea300000| Untracked 
| 164|0x00000000ea400000, 0x00000000ea500000, 0x00000000ea500000|100%| E|  |TAMS 0x00000000ea400000, 0x00000000ea400000| Complete 
| 165|0x00000000ea500000, 0x00000000ea600000, 0x00000000ea600000|100%| E|CS|TAMS 0x00000000ea500000, 0x00000000ea500000| Complete 
| 166|0x00000000ea600000, 0x00000000ea700000, 0x00000000ea700000|100%| E|CS|TAMS 0x00000000ea600000, 0x00000000ea600000| Complete 
| 167|0x00000000ea700000, 0x00000000ea800000, 0x00000000ea800000|100%| E|CS|TAMS 0x00000000ea700000, 0x00000000ea700000| Complete 
| 168|0x00000000ea800000, 0x00000000ea900000, 0x00000000ea900000|100%| E|CS|TAMS 0x00000000ea800000, 0x00000000ea800000| Complete 
| 169|0x00000000ea900000, 0x00000000eaa00000, 0x00000000eaa00000|100%| E|CS|TAMS 0x00000000ea900000, 0x00000000ea900000| Complete 
| 170|0x00000000eaa00000, 0x00000000eab00000, 0x00000000eab00000|100%| E|CS|TAMS 0x00000000eaa00000, 0x00000000eaa00000| Complete 
| 171|0x00000000eab00000, 0x00000000eac00000, 0x00000000eac00000|100%| E|CS|TAMS 0x00000000eab00000, 0x00000000eab00000| Complete 
| 172|0x00000000eac00000, 0x00000000ead00000, 0x00000000ead00000|100%| E|CS|TAMS 0x00000000eac00000, 0x00000000eac00000| Complete 
| 173|0x00000000ead00000, 0x00000000eae00000, 0x00000000eae00000|100%| E|CS|TAMS 0x00000000ead00000, 0x00000000ead00000| Complete 
| 174|0x00000000eae00000, 0x00000000eaf00000, 0x00000000eaf00000|100%| E|CS|TAMS 0x00000000eae00000, 0x00000000eae00000| Complete 
| 175|0x00000000eaf00000, 0x00000000eb000000, 0x00000000eb000000|100%| E|CS|TAMS 0x00000000eaf00000, 0x00000000eaf00000| Complete 
| 176|0x00000000eb000000, 0x00000000eb100000, 0x00000000eb100000|100%| E|CS|TAMS 0x00000000eb000000, 0x00000000eb000000| Complete 
| 177|0x00000000eb100000, 0x00000000eb200000, 0x00000000eb200000|100%| E|CS|TAMS 0x00000000eb100000, 0x00000000eb100000| Complete 
| 178|0x00000000eb200000, 0x00000000eb300000, 0x00000000eb300000|100%| E|CS|TAMS 0x00000000eb200000, 0x00000000eb200000| Complete 
| 179|0x00000000eb300000, 0x00000000eb400000, 0x00000000eb400000|100%| E|CS|TAMS 0x00000000eb300000, 0x00000000eb300000| Complete 
| 180|0x00000000eb400000, 0x00000000eb500000, 0x00000000eb500000|100%| E|CS|TAMS 0x00000000eb400000, 0x00000000eb400000| Complete 
| 181|0x00000000eb500000, 0x00000000eb600000, 0x00000000eb600000|100%| E|CS|TAMS 0x00000000eb500000, 0x00000000eb500000| Complete 
| 182|0x00000000eb600000, 0x00000000eb700000, 0x00000000eb700000|100%| E|CS|TAMS 0x00000000eb600000, 0x00000000eb600000| Complete 
| 183|0x00000000eb700000, 0x00000000eb800000, 0x00000000eb800000|100%| E|CS|TAMS 0x00000000eb700000, 0x00000000eb700000| Complete 
| 184|0x00000000eb800000, 0x00000000eb900000, 0x00000000eb900000|100%| E|CS|TAMS 0x00000000eb800000, 0x00000000eb800000| Complete 
| 185|0x00000000eb900000, 0x00000000eba00000, 0x00000000eba00000|100%| E|CS|TAMS 0x00000000eb900000, 0x00000000eb900000| Complete 
| 186|0x00000000eba00000, 0x00000000ebb00000, 0x00000000ebb00000|100%| E|CS|TAMS 0x00000000eba00000, 0x00000000eba00000| Complete 
| 187|0x00000000ebb00000, 0x00000000ebc00000, 0x00000000ebc00000|100%| E|CS|TAMS 0x00000000ebb00000, 0x00000000ebb00000| Complete 
| 188|0x00000000ebc00000, 0x00000000ebd00000, 0x00000000ebd00000|100%| E|CS|TAMS 0x00000000ebc00000, 0x00000000ebc00000| Complete 
| 189|0x00000000ebd00000, 0x00000000ebe00000, 0x00000000ebe00000|100%| E|CS|TAMS 0x00000000ebd00000, 0x00000000ebd00000| Complete 
| 190|0x00000000ebe00000, 0x00000000ebf00000, 0x00000000ebf00000|100%| E|CS|TAMS 0x00000000ebe00000, 0x00000000ebe00000| Complete 
| 191|0x00000000ebf00000, 0x00000000ec000000, 0x00000000ec000000|100%| E|CS|TAMS 0x00000000ebf00000, 0x00000000ebf00000| Complete 
| 192|0x00000000ec000000, 0x00000000ec100000, 0x00000000ec100000|100%| E|CS|TAMS 0x00000000ec000000, 0x00000000ec000000| Complete 
| 193|0x00000000ec100000, 0x00000000ec200000, 0x00000000ec200000|100%| E|CS|TAMS 0x00000000ec100000, 0x00000000ec100000| Complete 
| 194|0x00000000ec200000, 0x00000000ec300000, 0x00000000ec300000|100%| E|CS|TAMS 0x00000000ec200000, 0x00000000ec200000| Complete 
| 195|0x00000000ec300000, 0x00000000ec400000, 0x00000000ec400000|100%| E|CS|TAMS 0x00000000ec300000, 0x00000000ec300000| Complete 
| 196|0x00000000ec400000, 0x00000000ec500000, 0x00000000ec500000|100%| E|CS|TAMS 0x00000000ec400000, 0x00000000ec400000| Complete 
| 197|0x00000000ec500000, 0x00000000ec600000, 0x00000000ec600000|100%| E|CS|TAMS 0x00000000ec500000, 0x00000000ec500000| Complete 
| 198|0x00000000ec600000, 0x00000000ec700000, 0x00000000ec700000|100%| E|CS|TAMS 0x00000000ec600000, 0x00000000ec600000| Complete 
| 199|0x00000000ec700000, 0x00000000ec800000, 0x00000000ec800000|100%| E|CS|TAMS 0x00000000ec700000, 0x00000000ec700000| Complete 
| 200|0x00000000ec800000, 0x00000000ec900000, 0x00000000ec900000|100%| E|CS|TAMS 0x00000000ec800000, 0x00000000ec800000| Complete 
| 201|0x00000000ec900000, 0x00000000eca00000, 0x00000000eca00000|100%| E|CS|TAMS 0x00000000ec900000, 0x00000000ec900000| Complete 
| 202|0x00000000eca00000, 0x00000000ecb00000, 0x00000000ecb00000|100%| E|CS|TAMS 0x00000000eca00000, 0x00000000eca00000| Complete 
| 203|0x00000000ecb00000, 0x00000000ecc00000, 0x00000000ecc00000|100%| E|CS|TAMS 0x00000000ecb00000, 0x00000000ecb00000| Complete 
| 204|0x00000000ecc00000, 0x00000000ecd00000, 0x00000000ecd00000|100%| E|CS|TAMS 0x00000000ecc00000, 0x00000000ecc00000| Complete 
| 205|0x00000000ecd00000, 0x00000000ece00000, 0x00000000ece00000|100%| E|CS|TAMS 0x00000000ecd00000, 0x00000000ecd00000| Complete 
| 206|0x00000000ece00000, 0x00000000ecf00000, 0x00000000ecf00000|100%| E|CS|TAMS 0x00000000ece00000, 0x00000000ece00000| Complete 
| 207|0x00000000ecf00000, 0x00000000ed000000, 0x00000000ed000000|100%| E|CS|TAMS 0x00000000ecf00000, 0x00000000ecf00000| Complete 
| 208|0x00000000ed000000, 0x00000000ed100000, 0x00000000ed100000|100%| E|CS|TAMS 0x00000000ed000000, 0x00000000ed000000| Complete 
| 209|0x00000000ed100000, 0x00000000ed200000, 0x00000000ed200000|100%| E|CS|TAMS 0x00000000ed100000, 0x00000000ed100000| Complete 
| 210|0x00000000ed200000, 0x00000000ed300000, 0x00000000ed300000|100%| E|CS|TAMS 0x00000000ed200000, 0x00000000ed200000| Complete 
| 211|0x00000000ed300000, 0x00000000ed400000, 0x00000000ed400000|100%| E|CS|TAMS 0x00000000ed300000, 0x00000000ed300000| Complete 
| 212|0x00000000ed400000, 0x00000000ed500000, 0x00000000ed500000|100%| E|CS|TAMS 0x00000000ed400000, 0x00000000ed400000| Complete 
| 213|0x00000000ed500000, 0x00000000ed600000, 0x00000000ed600000|100%| E|CS|TAMS 0x00000000ed500000, 0x00000000ed500000| Complete 
| 214|0x00000000ed600000, 0x00000000ed700000, 0x00000000ed700000|100%| E|  |TAMS 0x00000000ed600000, 0x00000000ed600000| Complete 
| 215|0x00000000ed700000, 0x00000000ed800000, 0x00000000ed800000|100%| E|CS|TAMS 0x00000000ed700000, 0x00000000ed700000| Complete 
| 216|0x00000000ed800000, 0x00000000ed900000, 0x00000000ed900000|100%| E|CS|TAMS 0x00000000ed800000, 0x00000000ed800000| Complete 
| 217|0x00000000ed900000, 0x00000000eda00000, 0x00000000eda00000|100%| E|CS|TAMS 0x00000000ed900000, 0x00000000ed900000| Complete 
| 218|0x00000000eda00000, 0x00000000edb00000, 0x00000000edb00000|100%| E|CS|TAMS 0x00000000eda00000, 0x00000000eda00000| Complete 
| 219|0x00000000edb00000, 0x00000000edc00000, 0x00000000edc00000|100%| E|CS|TAMS 0x00000000edb00000, 0x00000000edb00000| Complete 
| 220|0x00000000edc00000, 0x00000000edd00000, 0x00000000edd00000|100%| E|CS|TAMS 0x00000000edc00000, 0x00000000edc00000| Complete 
| 221|0x00000000edd00000, 0x00000000ede00000, 0x00000000ede00000|100%| E|CS|TAMS 0x00000000edd00000, 0x00000000edd00000| Complete 
| 222|0x00000000ede00000, 0x00000000edf00000, 0x00000000edf00000|100%| E|CS|TAMS 0x00000000ede00000, 0x00000000ede00000| Complete 
| 223|0x00000000edf00000, 0x00000000ee000000, 0x00000000ee000000|100%| E|CS|TAMS 0x00000000edf00000, 0x00000000edf00000| Complete 
| 224|0x00000000ee000000, 0x00000000ee100000, 0x00000000ee100000|100%| E|CS|TAMS 0x00000000ee000000, 0x00000000ee000000| Complete 
| 225|0x00000000ee100000, 0x00000000ee200000, 0x00000000ee200000|100%| E|CS|TAMS 0x00000000ee100000, 0x00000000ee100000| Complete 
| 226|0x00000000ee200000, 0x00000000ee300000, 0x00000000ee300000|100%| E|CS|TAMS 0x00000000ee200000, 0x00000000ee200000| Complete 
| 227|0x00000000ee300000, 0x00000000ee400000, 0x00000000ee400000|100%| E|CS|TAMS 0x00000000ee300000, 0x00000000ee300000| Complete 
| 228|0x00000000ee400000, 0x00000000ee500000, 0x00000000ee500000|100%| E|CS|TAMS 0x00000000ee400000, 0x00000000ee400000| Complete 
| 229|0x00000000ee500000, 0x00000000ee600000, 0x00000000ee600000|100%| E|CS|TAMS 0x00000000ee500000, 0x00000000ee500000| Complete 
| 230|0x00000000ee600000, 0x00000000ee700000, 0x00000000ee700000|100%| E|CS|TAMS 0x00000000ee600000, 0x00000000ee600000| Complete 
| 231|0x00000000ee700000, 0x00000000ee800000, 0x00000000ee800000|100%| E|CS|TAMS 0x00000000ee700000, 0x00000000ee700000| Complete 
| 232|0x00000000ee800000, 0x00000000ee900000, 0x00000000ee900000|100%| E|CS|TAMS 0x00000000ee800000, 0x00000000ee800000| Complete 
| 233|0x00000000ee900000, 0x00000000eea00000, 0x00000000eea00000|100%| E|CS|TAMS 0x00000000ee900000, 0x00000000ee900000| Complete 
| 234|0x00000000eea00000, 0x00000000eeb00000, 0x00000000eeb00000|100%| E|CS|TAMS 0x00000000eea00000, 0x00000000eea00000| Complete 
| 235|0x00000000eeb00000, 0x00000000eec00000, 0x00000000eec00000|100%| E|CS|TAMS 0x00000000eeb00000, 0x00000000eeb00000| Complete 
| 236|0x00000000eec00000, 0x00000000eed00000, 0x00000000eed00000|100%| E|CS|TAMS 0x00000000eec00000, 0x00000000eec00000| Complete 
| 237|0x00000000eed00000, 0x00000000eee00000, 0x00000000eee00000|100%| E|CS|TAMS 0x00000000eed00000, 0x00000000eed00000| Complete 
| 238|0x00000000eee00000, 0x00000000eef00000, 0x00000000eef00000|100%| E|CS|TAMS 0x00000000eee00000, 0x00000000eee00000| Complete 
| 239|0x00000000eef00000, 0x00000000ef000000, 0x00000000ef000000|100%| E|CS|TAMS 0x00000000eef00000, 0x00000000eef00000| Complete 
| 240|0x00000000ef000000, 0x00000000ef100000, 0x00000000ef100000|100%| E|CS|TAMS 0x00000000ef000000, 0x00000000ef000000| Complete 
| 241|0x00000000ef100000, 0x00000000ef200000, 0x00000000ef200000|100%| E|CS|TAMS 0x00000000ef100000, 0x00000000ef100000| Complete 
| 242|0x00000000ef200000, 0x00000000ef300000, 0x00000000ef300000|100%| E|CS|TAMS 0x00000000ef200000, 0x00000000ef200000| Complete 
| 243|0x00000000ef300000, 0x00000000ef400000, 0x00000000ef400000|100%| E|CS|TAMS 0x00000000ef300000, 0x00000000ef300000| Complete 
| 244|0x00000000ef400000, 0x00000000ef500000, 0x00000000ef500000|100%| E|CS|TAMS 0x00000000ef400000, 0x00000000ef400000| Complete 
| 245|0x00000000ef500000, 0x00000000ef600000, 0x00000000ef600000|100%| E|CS|TAMS 0x00000000ef500000, 0x00000000ef500000| Complete 
| 246|0x00000000ef600000, 0x00000000ef700000, 0x00000000ef700000|100%| E|CS|TAMS 0x00000000ef600000, 0x00000000ef600000| Complete 
| 247|0x00000000ef700000, 0x00000000ef800000, 0x00000000ef800000|100%| E|CS|TAMS 0x00000000ef700000, 0x00000000ef700000| Complete 
| 248|0x00000000ef800000, 0x00000000ef900000, 0x00000000ef900000|100%| E|CS|TAMS 0x00000000ef800000, 0x00000000ef800000| Complete 
| 249|0x00000000ef900000, 0x00000000efa00000, 0x00000000efa00000|100%| E|CS|TAMS 0x00000000ef900000, 0x00000000ef900000| Complete 
| 250|0x00000000efa00000, 0x00000000efb00000, 0x00000000efb00000|100%| E|CS|TAMS 0x00000000efa00000, 0x00000000efa00000| Complete 
| 251|0x00000000efb00000, 0x00000000efc00000, 0x00000000efc00000|100%| E|CS|TAMS 0x00000000efb00000, 0x00000000efb00000| Complete 
| 252|0x00000000efc00000, 0x00000000efd00000, 0x00000000efd00000|100%| E|CS|TAMS 0x00000000efc00000, 0x00000000efc00000| Complete 
| 253|0x00000000efd00000, 0x00000000efe00000, 0x00000000efe00000|100%| E|CS|TAMS 0x00000000efd00000, 0x00000000efd00000| Complete 
| 254|0x00000000efe00000, 0x00000000eff00000, 0x00000000eff00000|100%| E|CS|TAMS 0x00000000efe00000, 0x00000000efe00000| Complete 
| 255|0x00000000eff00000, 0x00000000f0000000, 0x00000000f0000000|100%| E|CS|TAMS 0x00000000eff00000, 0x00000000eff00000| Complete 

Card table byte_map: [0x0000017ca24e0000,0x0000017ca25e0000] _byte_map_base: 0x0000017ca1de0000

Marking Bits (Prev, Next): (CMBitMap*) 0x0000017c8bed0318, (CMBitMap*) 0x0000017c8bed0350
 Prev Bits: [0x0000017ca26e0000, 0x0000017ca2ee0000)
 Next Bits: [0x0000017ca2ee0000, 0x0000017ca36e0000)

Polling page: 0x0000017c89db0000

Metaspace:

Usage:
  Non-class:     62.35 MB capacity,    60.72 MB ( 97%) used,     1.49 MB (  2%) free+waste,   147.06 KB ( <1%) overhead. 
      Class:      9.65 MB capacity,     8.90 MB ( 92%) used,   691.66 KB (  7%) free+waste,    71.00 KB ( <1%) overhead. 
       Both:     72.00 MB capacity,    69.63 MB ( 97%) used,     2.16 MB (  3%) free+waste,   218.06 KB ( <1%) overhead. 

Virtual space:
  Non-class space:       64.00 MB reserved,      62.39 MB ( 97%) committed 
      Class space:      248.00 MB reserved,       9.75 MB (  4%) committed 
             Both:      312.00 MB reserved,      72.14 MB ( 23%) committed 

Chunk freelists:
   Non-Class:  4.75 KB
       Class:  896 bytes
        Both:  5.63 KB

CodeHeap 'non-profiled nmethods': size=120064Kb used=4403Kb max_used=4403Kb free=115660Kb
 bounds [0x0000017c9afa0000, 0x0000017c9b3f0000, 0x0000017ca24e0000]
CodeHeap 'profiled nmethods': size=120000Kb used=17016Kb max_used=17016Kb free=102983Kb
 bounds [0x0000017c93a70000, 0x0000017c94b10000, 0x0000017c9afa0000]
CodeHeap 'non-nmethods': size=5696Kb used=2269Kb max_used=2318Kb free=3426Kb
 bounds [0x0000017c934e0000, 0x0000017c93750000, 0x0000017c93a70000]
 total_blobs=8692 nmethods=7826 adapters=777
 compilation: enabled
              stopped_count=0, restarted_count=0
 full_count=0

Compilation events (10 events):
Event: 34.660 Thread 0x0000017cabef3800 nmethod 7775 0x0000017c9b3e2690 code [0x0000017c9b3e2820, 0x0000017c9b3e28b8]
Event: 34.660 Thread 0x0000017cabef3800 7709       4       java.util.Arrays$ArrayItr::next (36 bytes)
Event: 34.662 Thread 0x0000017cabef3800 nmethod 7709 0x0000017c9b3e2990 code [0x0000017c9b3e2b00, 0x0000017c9b3e2bb8]
Event: 34.662 Thread 0x0000017cabef3800 7642       4       java.util.regex.Matcher::start (65 bytes)
Event: 34.664 Thread 0x0000017cabef3800 nmethod 7642 0x0000017c9b3e2c90 code [0x0000017c9b3e2e20, 0x0000017c9b3e2f18]
Event: 34.664 Thread 0x0000017cabef3800 7873       4       java.util.ComparableTimSort::binarySort (223 bytes)
Event: 34.665 Thread 0x0000017ca5d0d000 7874   !   3       com.sun.proxy.$Proxy72::annotationType (29 bytes)
Event: 34.666 Thread 0x0000017ca5d0d000 nmethod 7874 0x0000017c94b01210 code [0x0000017c94b013e0, 0x0000017c94b017b8]
Event: 34.670 Thread 0x0000017ca5d0d000 7875       3       org.codehaus.groovy.runtime.metaclass.MetaMethodIndex::<init> (118 bytes)
Event: 34.671 Thread 0x0000017ca5d0d000 nmethod 7875 0x0000017c94b01990 code [0x0000017c94b01c40, 0x0000017c94b02e08]

GC Heap History (10 events):
Event: 15.854 GC heap before
{Heap before GC invocations=7 (full 0):
 garbage-first heap   total 262144K, used 61585K [0x00000000e0000000, 0x0000000100000000)
  region size 1024K, 49 young (50176K), 7 survivors (7168K)
 Metaspace       used 35153K, capacity 35705K, committed 35840K, reserved 286720K
  class space    used 4389K, capacity 4585K, committed 4608K, reserved 253952K
}
Event: 15.869 GC heap after
{Heap after GC invocations=8 (full 0):
 garbage-first heap   total 262144K, used 22903K [0x00000000e0000000, 0x0000000100000000)
  region size 1024K, 8 young (8192K), 8 survivors (8192K)
 Metaspace       used 35153K, capacity 35705K, committed 35840K, reserved 286720K
  class space    used 4389K, capacity 4585K, committed 4608K, reserved 253952K
}
Event: 17.945 GC heap before
{Heap before GC invocations=9 (full 0):
 garbage-first heap   total 262144K, used 115063K [0x00000000e0000000, 0x0000000100000000)
  region size 1024K, 94 young (96256K), 8 survivors (8192K)
 Metaspace       used 41085K, capacity 42035K, committed 42240K, reserved 290816K
  class space    used 5265K, capacity 5561K, committed 5632K, reserved 253952K
}
Event: 17.968 GC heap after
{Heap after GC invocations=10 (full 0):
 garbage-first heap   total 262144K, used 36357K [0x00000000e0000000, 0x0000000100000000)
  region size 1024K, 12 young (12288K), 12 survivors (12288K)
 Metaspace       used 41085K, capacity 42035K, committed 42240K, reserved 290816K
  class space    used 5265K, capacity 5561K, committed 5632K, reserved 253952K
}
Event: 27.626 GC heap before
{Heap before GC invocations=10 (full 0):
 garbage-first heap   total 262144K, used 161285K [0x00000000e0000000, 0x0000000100000000)
  region size 1024K, 134 young (137216K), 12 survivors (12288K)
 Metaspace       used 54403K, capacity 55566K, committed 55808K, reserved 303104K
  class space    used 6907K, capacity 7297K, committed 7424K, reserved 253952K
}
Event: 27.656 GC heap after
{Heap after GC invocations=11 (full 0):
 garbage-first heap   total 262144K, used 46622K [0x00000000e0000000, 0x0000000100000000)
  region size 1024K, 17 young (17408K), 17 survivors (17408K)
 Metaspace       used 54403K, capacity 55566K, committed 55808K, reserved 303104K
  class space    used 6907K, capacity 7297K, committed 7424K, reserved 253952K
}
Event: 28.501 GC heap before
{Heap before GC invocations=11 (full 0):
 garbage-first heap   total 262144K, used 73246K [0x00000000e0000000, 0x0000000100000000)
  region size 1024K, 44 young (45056K), 17 survivors (17408K)
 Metaspace       used 58591K, capacity 59864K, committed 59904K, reserved 307200K
  class space    used 7507K, capacity 7914K, committed 7936K, reserved 253952K
}
Event: 28.525 GC heap after
{Heap after GC invocations=12 (full 0):
 garbage-first heap   total 262144K, used 49457K [0x00000000e0000000, 0x0000000100000000)
  region size 1024K, 12 young (12288K), 12 survivors (12288K)
 Metaspace       used 58591K, capacity 59864K, committed 59904K, reserved 307200K
  class space    used 7507K, capacity 7914K, committed 7936K, reserved 253952K
}
Event: 31.265 GC heap before
{Heap before GC invocations=13 (full 0):
 garbage-first heap   total 262144K, used 141617K [0x00000000e0000000, 0x0000000100000000)
  region size 1024K, 102 young (104448K), 12 survivors (12288K)
 Metaspace       used 67602K, capacity 69165K, committed 69264K, reserved 315392K
  class space    used 8648K, capacity 9211K, committed 9216K, reserved 253952K
}
Event: 31.295 GC heap after
{Heap after GC invocations=14 (full 0):
 garbage-first heap   total 262144K, used 55033K [0x00000000e0000000, 0x0000000100000000)
  region size 1024K, 7 young (7168K), 7 survivors (7168K)
 Metaspace       used 67602K, capacity 69165K, committed 69264K, reserved 315392K
  class space    used 8648K, capacity 9211K, committed 9216K, reserved 253952K
}

Deoptimization events (10 events):
Event: 30.358 Thread 0x0000017ca82e0800 Uncommon trap: reason=unstable_if action=reinterpret pc=0x0000017c9b1dd318 method=org.gradle.internal.service.DefaultServiceRegistry$OwnServices.getService(Ljava/lang/reflect/Type;)Lorg/gradle/internal/service/Service; @ 27 c2
Event: 30.368 Thread 0x0000017ca82e0800 Uncommon trap: reason=class_check action=make_not_entrant pc=0x0000017c9b2e9bc0 method=java.util.ArrayList.toArray([Ljava/lang/Object;)[Ljava/lang/Object; @ 21 c2
Event: 30.526 Thread 0x0000017ca82e0800 Uncommon trap: reason=null_check action=make_not_entrant pc=0x0000017c9b20d420 method=java.lang.ThreadLocal$ThreadLocalMap.getEntryAfterMiss(Ljava/lang/ThreadLocal;ILjava/lang/ThreadLocal$ThreadLocalMap$Entry;)Ljava/lang/ThreadLocal$ThreadLocalMap$Entry; 
Event: 32.404 Thread 0x0000017ca82e0800 Uncommon trap: reason=predicate action=maybe_recompile pc=0x0000017c9b3487a8 method=java.util.AbstractCollection.toArray([Ljava/lang/Object;)[Ljava/lang/Object; @ 43 c2
Event: 32.525 Thread 0x0000017ca82e0800 Uncommon trap: reason=unstable_if action=reinterpret pc=0x0000017c9b31e3e8 method=org.codehaus.groovy.runtime.metaclass.MetaMethodIndex.addMethodToList(Ljava/lang/Object;Lgroovy/lang/MetaMethod;)Ljava/lang/Object; @ 55 c2
Event: 32.560 Thread 0x0000017ca82e0800 Uncommon trap: reason=unstable_if action=reinterpret pc=0x0000017c9b22f410 method=java.util.TreeMap.put(Ljava/lang/Object;Ljava/lang/Object;)Ljava/lang/Object; @ 163 c2
Event: 32.743 Thread 0x0000017ca82e0800 Uncommon trap: reason=profile_predicate action=maybe_recompile pc=0x0000017c9b2d9c44 method=java.util.regex.Pattern$Slice.match(Ljava/util/regex/Matcher;ILjava/lang/CharSequence;)Z @ 18 c2
Event: 32.743 Thread 0x0000017ca82e0800 Uncommon trap: reason=profile_predicate action=maybe_recompile pc=0x0000017c9b2d9c44 method=java.util.regex.Pattern$Slice.match(Ljava/util/regex/Matcher;ILjava/lang/CharSequence;)Z @ 18 c2
Event: 32.743 Thread 0x0000017ca82e0800 Uncommon trap: reason=profile_predicate action=maybe_recompile pc=0x0000017c9b2d9c44 method=java.util.regex.Pattern$Slice.match(Ljava/util/regex/Matcher;ILjava/lang/CharSequence;)Z @ 18 c2
Event: 32.916 Thread 0x0000017ca82e0800 Uncommon trap: reason=profile_predicate action=maybe_recompile pc=0x0000017c9b2d9c44 method=java.util.regex.Pattern$Slice.match(Ljava/util/regex/Matcher;ILjava/lang/CharSequence;)Z @ 18 c2

Classes redefined (0 events):
No events

Internal exceptions (10 events):
Event: 34.634 Thread 0x0000017ca82e0800 Exception <a 'java/lang/ClassNotFoundException'{0x00000000eaec6720}: org/gradle/api/internal/artifacts/dsl/DefaultArtifactHandler_DecoratedBeanInfo> (0x00000000eaec6720) thrown at [./open/src/hotspot/share/classfile/systemDictionary.cpp, line 227]
Event: 34.635 Thread 0x0000017ca82e0800 Exception <a 'java/lang/ClassNotFoundException'{0x00000000eaee24a0}: org/gradle/api/internal/artifacts/dsl/DefaultArtifactHandlerBeanInfo> (0x00000000eaee24a0) thrown at [./open/src/hotspot/share/classfile/systemDictionary.cpp, line 227]
Event: 34.636 Thread 0x0000017ca82e0800 Exception <a 'java/lang/ClassNotFoundException'{0x00000000eaefe4d8}: org/gradle/api/internal/artifacts/dsl/DefaultArtifactHandlerCustomizer> (0x00000000eaefe4d8) thrown at [./open/src/hotspot/share/classfile/systemDictionary.cpp, line 227]
Event: 34.638 Thread 0x0000017ca82e0800 Exception <a 'java/lang/ClassNotFoundException'{0x00000000ead21658}: org/gradle/api/internal/artifacts/dsl/DefaultArtifactHandler_DecoratedCustomizer> (0x00000000ead21658) thrown at [./open/src/hotspot/share/classfile/systemDictionary.cpp, line 227]
Event: 34.663 Thread 0x0000017ca82e0800 Exception <a 'java/lang/ClassNotFoundException'{0x00000000eac5a898}: org/gradle/api/tasks/Upload_DecoratedBeanInfo> (0x00000000eac5a898) thrown at [./open/src/hotspot/share/classfile/systemDictionary.cpp, line 227]
Event: 34.664 Thread 0x0000017ca82e0800 Exception <a 'java/lang/ClassNotFoundException'{0x00000000eac715e8}: org/gradle/api/tasks/UploadBeanInfo> (0x00000000eac715e8) thrown at [./open/src/hotspot/share/classfile/systemDictionary.cpp, line 227]
Event: 34.665 Thread 0x0000017ca82e0800 Exception <a 'java/lang/ClassNotFoundException'{0x00000000eac88648}: org/gradle/api/tasks/UploadCustomizer> (0x00000000eac88648) thrown at [./open/src/hotspot/share/classfile/systemDictionary.cpp, line 227]
Event: 34.666 Thread 0x0000017ca82e0800 Exception <a 'java/lang/ClassNotFoundException'{0x00000000eacb34c0}: org/gradle/api/tasks/Upload_DecoratedCustomizer> (0x00000000eacb34c0) thrown at [./open/src/hotspot/share/classfile/systemDictionary.cpp, line 227]
Event: 34.673 Thread 0x0000017ca82e0800 Exception <a 'java/lang/ClassNotFoundException'{0x00000000eab2bd30}: org/gradle/api/publication/maven/internal/DefaultMavenRepositoryHandlerConventionBeanInfo> (0x00000000eab2bd30) thrown at [./open/src/hotspot/share/classfile/systemDictionary.cpp, line 2
Event: 34.674 Thread 0x0000017ca82e0800 Exception <a 'java/lang/ClassNotFoundException'{0x00000000eab4bb38}: org/gradle/api/publication/maven/internal/DefaultMavenRepositoryHandlerConventionCustomizer> (0x00000000eab4bb38) thrown at [./open/src/hotspot/share/classfile/systemDictionary.cpp, line

Events (10 events):
Event: 34.685 loading class org/gradle/api/publication/maven/internal/deployer/AbstractMavenResolver
Event: 34.685 loading class org/gradle/api/publication/maven/internal/deployer/AbstractMavenResolver done
Event: 34.687 loading class org/gradle/api/publish/maven/internal/publisher/MavenProjectIdentity
Event: 34.687 loading class org/gradle/api/publish/maven/internal/publisher/MavenProjectIdentity done
Event: 34.688 loading class org/apache/ivy/core/module/descriptor/Artifact
Event: 34.688 loading class org/apache/ivy/core/module/descriptor/Artifact done
Event: 34.688 loading class org/apache/ivy/util/extendable/ExtendableItem
Event: 34.688 loading class org/apache/ivy/util/extendable/ExtendableItem done
Event: 34.689 loading class org/gradle/api/publication/maven/internal/action/MavenPublishAction
Event: 34.689 loading class org/gradle/api/publication/maven/internal/action/MavenPublishAction done


Dynamic libraries:
0x00007ff7510d0000 - 0x00007ff7510df000 	C:\Program Files\Java\jdk-11.0.13\bin\java.exe
0x00007ffba0b70000 - 0x00007ffba0d68000 	C:\Windows\SYSTEM32\ntdll.dll
0x00007ffb9ebd0000 - 0x00007ffb9ec8d000 	C:\Windows\System32\KERNEL32.DLL
0x00007ffb9e2e0000 - 0x00007ffb9e5ae000 	C:\Windows\System32\KERNELBASE.dll
0x00007ffb9e820000 - 0x00007ffb9e920000 	C:\Windows\System32\ucrtbase.dll
0x00007ffb8b830000 - 0x00007ffb8b845000 	C:\Program Files\Java\jdk-11.0.13\bin\VCRUNTIME140.dll
0x00007ffb951e0000 - 0x00007ffb951f8000 	C:\Program Files\Java\jdk-11.0.13\bin\jli.dll
0x00007ffb9ed30000 - 0x00007ffb9edde000 	C:\Windows\System32\ADVAPI32.dll
0x00007ffb9ffe0000 - 0x00007ffba007e000 	C:\Windows\System32\msvcrt.dll
0x00007ffb9ec90000 - 0x00007ffb9ed2c000 	C:\Windows\System32\sechost.dll
0x00007ffba03c0000 - 0x00007ffba04e5000 	C:\Windows\System32\RPCRT4.dll
0x00007ffb9f640000 - 0x00007ffb9f7e0000 	C:\Windows\System32\USER32.dll
0x00007ffb9e9c0000 - 0x00007ffb9e9e2000 	C:\Windows\System32\win32u.dll
0x00007ffba0a90000 - 0x00007ffba0aba000 	C:\Windows\System32\GDI32.dll
0x00007ffb9e5b0000 - 0x00007ffb9e6bb000 	C:\Windows\System32\gdi32full.dll
0x00007ffb9e9f0000 - 0x00007ffb9ea8d000 	C:\Windows\System32\msvcp_win.dll
0x00007ffb9d640000 - 0x00007ffb9d8da000 	C:\Windows\WinSxS\amd64_microsoft.windows.common-controls_6595b64144ccf1df_6.0.19041.1110_none_60b5254171f9507e\COMCTL32.dll
0x00007ffb8e4b0000 - 0x00007ffb8e4ba000 	C:\Windows\SYSTEM32\VERSION.dll
0x00007ffb9ffa0000 - 0x00007ffb9ffd0000 	C:\Windows\System32\IMM32.DLL
0x00007ffb6d540000 - 0x00007ffb6d5db000 	C:\Program Files\Java\jdk-11.0.13\bin\msvcp140.dll
0x00007ffb53c10000 - 0x00007ffb54723000 	C:\Program Files\Java\jdk-11.0.13\bin\server\jvm.dll
0x00007ffba0b20000 - 0x00007ffba0b28000 	C:\Windows\System32\PSAPI.DLL
0x00007ffb8e6c0000 - 0x00007ffb8e6c9000 	C:\Windows\SYSTEM32\WSOCK32.dll
0x00007ffb9ff30000 - 0x00007ffb9ff9b000 	C:\Windows\System32\WS2_32.dll
0x00007ffb90c20000 - 0x00007ffb90c47000 	C:\Windows\SYSTEM32\WINMM.dll
0x00007ffb9bb40000 - 0x00007ffb9bb52000 	C:\Windows\SYSTEM32\kernel.appcore.dll
0x00007ffb8cb40000 - 0x00007ffb8cb50000 	C:\Program Files\Java\jdk-11.0.13\bin\verify.dll
0x00007ffb9dbc0000 - 0x00007ffb9dda4000 	C:\Windows\SYSTEM32\DBGHELP.DLL
0x00007ffb9d9f0000 - 0x00007ffb9da1c000 	C:\Windows\SYSTEM32\dbgcore.DLL
0x00007ffb9ea90000 - 0x00007ffb9eb12000 	C:\Windows\System32\bcryptPrimitives.dll
0x00007ffb8b4a0000 - 0x00007ffb8b4c8000 	C:\Program Files\Java\jdk-11.0.13\bin\java.dll
0x00007ffb8bed0000 - 0x00007ffb8beda000 	C:\Program Files\Java\jdk-11.0.13\bin\jimage.dll
0x00007ffb8b050000 - 0x00007ffb8b066000 	C:\Program Files\Java\jdk-11.0.13\bin\zip.dll
0x00007ffb9f7e0000 - 0x00007ffb9ff24000 	C:\Windows\System32\SHELL32.dll
0x00007ffb9bd40000 - 0x00007ffb9c4d4000 	C:\Windows\SYSTEM32\windows.storage.dll
0x00007ffb9ee40000 - 0x00007ffb9f194000 	C:\Windows\System32\combase.dll
0x00007ffb9d5a0000 - 0x00007ffb9d5d0000 	C:\Windows\SYSTEM32\Wldp.dll
0x00007ffba0570000 - 0x00007ffba061d000 	C:\Windows\System32\SHCORE.dll
0x00007ffb9ede0000 - 0x00007ffb9ee35000 	C:\Windows\System32\shlwapi.dll
0x00007ffb9e1d0000 - 0x00007ffb9e1ef000 	C:\Windows\SYSTEM32\profapi.dll
0x00007ffb868a0000 - 0x00007ffb868b9000 	C:\Program Files\Java\jdk-11.0.13\bin\net.dll
0x00007ffb917f0000 - 0x00007ffb918fa000 	C:\Windows\SYSTEM32\WINHTTP.dll
0x00007ffb9d470000 - 0x00007ffb9d4da000 	C:\Windows\system32\mswsock.dll
0x00007ffb81350000 - 0x00007ffb81362000 	C:\Program Files\Java\jdk-11.0.13\bin\nio.dll
0x00007ffb76170000 - 0x00007ffb76196000 	C:\Users\LUCKY\.gradle\native\29\windows-amd64\native-platform.dll
0x00007ffb8b180000 - 0x00007ffb8b189000 	C:\Program Files\Java\jdk-11.0.13\bin\management.dll
0x00007ffb8aef0000 - 0x00007ffb8aefb000 	C:\Program Files\Java\jdk-11.0.13\bin\management_ext.dll
0x00007ffb9df50000 - 0x00007ffb9df68000 	C:\Windows\SYSTEM32\CRYPTSP.dll
0x00007ffb9cca0000 - 0x00007ffb9ccd4000 	C:\Windows\system32\rsaenh.dll
0x00007ffb9e990000 - 0x00007ffb9e9b7000 	C:\Windows\System32\bcrypt.dll
0x00007ffb9e190000 - 0x00007ffb9e1be000 	C:\Windows\SYSTEM32\USERENV.dll
0x00007ffb9d560000 - 0x00007ffb9d56c000 	C:\Windows\SYSTEM32\CRYPTBASE.dll
0x00007ffb9cff0000 - 0x00007ffb9d02b000 	C:\Windows\SYSTEM32\IPHLPAPI.DLL
0x00007ffb9ffd0000 - 0x00007ffb9ffd8000 	C:\Windows\System32\NSI.dll
0x00007ffb96bb0000 - 0x00007ffb96bc7000 	C:\Windows\SYSTEM32\dhcpcsvc6.DLL
0x00007ffb96df0000 - 0x00007ffb96e0d000 	C:\Windows\SYSTEM32\dhcpcsvc.DLL
0x00007ffb9d030000 - 0x00007ffb9d0fb000 	C:\Windows\SYSTEM32\DNSAPI.dll

dbghelp: loaded successfully - version: 4.0.5 - missing functions: none
symbol engine: initialized successfully - sym options: 0x614 - pdb path: .;C:\Program Files\Java\jdk-11.0.13\bin;C:\Windows\SYSTEM32;C:\Windows\WinSxS\amd64_microsoft.windows.common-controls_6595b64144ccf1df_6.0.19041.1110_none_60b5254171f9507e;C:\Program Files\Java\jdk-11.0.13\bin\server;C:\Users\LUCKY\.gradle\native\29\windows-amd64

VM Arguments:
jvm_args: --add-opens=java.base/java.util=ALL-UNNAMED --add-opens=java.base/java.lang=ALL-UNNAMED --add-opens=java.base/java.lang.invoke=ALL-UNNAMED --add-opens=java.prefs/java.util.prefs=ALL-UNNAMED -XX:MaxMetaspaceSize=256m -XX:+HeapDumpOnOutOfMemoryError -Xms256m -Xmx512m -Dfile.encoding=windows-1252 -Duser.country=US -Duser.language=en -Duser.variant 
java_command: org.gradle.launcher.daemon.bootstrap.GradleDaemon 5.5
java_class_path (initial): C:\Users\LUCKY\.gradle\wrapper\dists\gradle-5.5-all\byeise1led9a3w3p149d02kfj\gradle-5.5\lib\gradle-launcher-5.5.jar
Launcher Type: SUN_STANDARD

[Global flags]
     intx CICompilerCount                          = 3                                         {product} {ergonomic}
   size_t CompressedClassSpaceSize                 = 260046848                                 {product} {ergonomic}
     uint ConcGCThreads                            = 1                                         {product} {ergonomic}
     uint G1ConcRefinementThreads                  = 4                                         {product} {ergonomic}
   size_t G1HeapRegionSize                         = 1048576                                   {product} {ergonomic}
    uintx GCDrainStackTargetSize                   = 64                                        {product} {ergonomic}
     bool HeapDumpOnOutOfMemoryError               = true                                   {manageable} {command line}
   size_t InitialHeapSize                          = 268435456                                 {product} {command line}
   size_t MarkStackSize                            = 4194304                                   {product} {ergonomic}
   size_t MaxHeapSize                              = 536870912                                 {product} {command line}
   size_t MaxMetaspaceSize                         = 268435456                                 {product} {command line}
   size_t MaxNewSize                               = 321912832                                 {product} {ergonomic}
   size_t MinHeapDeltaBytes                        = 1048576                                   {product} {ergonomic}
    uintx NonNMethodCodeHeapSize                   = 5830732                                {pd product} {ergonomic}
    uintx NonProfiledCodeHeapSize                  = 122913754                              {pd product} {ergonomic}
    uintx ProfiledCodeHeapSize                     = 122913754                              {pd product} {ergonomic}
    uintx ReservedCodeCacheSize                    = 251658240                              {pd product} {ergonomic}
     bool SegmentedCodeCache                       = true                                      {product} {ergonomic}
     bool UseCompressedClassPointers               = true                                 {lp64_product} {ergonomic}
     bool UseCompressedOops                        = true                                 {lp64_product} {ergonomic}
     bool UseG1GC                                  = true                                      {product} {ergonomic}
     bool UseLargePagesIndividualAllocation        = false                                  {pd product} {ergonomic}

Logging:
Log output configuration:
 #0: stdout all=warning uptime,level,tags
 #1: stderr all=off uptime,level,tags

Environment Variables:
JAVA_HOME=C:\Program Files\Java\jdk-11.0.13\
CLASSPATH=D:\MyWork\ReactNative\whsnxt_mvp\android\\gradle\wrapper\gradle-wrapper.jar
PATH=C:\Program Files (x86)\OpenJDK\jdk-8.0.262.10-hotspot\bin;C:\Program Files (x86)\Common Files\Oracle\Java\javapath;C:\Program Files\Common Files\Oracle\Java\javapath;C:\Windows\system32;C:\Windows;C:\Windows\System32\Wbem;C:\Windows\System32\WindowsPowerShell\v1.0\;C:\Windows\System32\OpenSSH\;C:\Program Files\Git\cmd;C:\Users\LUCKY\AppData\Roaming\nvm;C:\Program Files\nodejs;C:\xampp\php;C:\ProgramData\ComposerSetup\bin;C:\Program Files\PuTTY\;C:\Program Files\Java\jdk-18.0.1.1\bin;C:\Program Files\Microsoft SQL Server\150\Tools\Binn\;C:\Users\LUCKY\AppData\Local\Android\Sdk\platform-tools;C:\Program Files\Java\jdk-11.0.13\bin;C:\Users\LUCKY\AppData\Local\Android\Sdk\ndk-bundle;C:\Users\LUCKY\AppData\Local\Programs\Python\Python310\Scripts\;C:\Users\LUCKY\AppData\Local\Programs\Python\Python310\;C:\Users\LUCKY\AppData\Local\Microsoft\WindowsApps;C:\Program Files\Bandizip\;C:\Users\LUCKY\AppData\Roaming\npm;C:\Users\LUCKY\AppData\Local\Programs\Microsoft VS Code\bin;C:\Users\LUCKY\AppData\Roaming\nvm;C:\Program Files\nodejs;C:\Users\LUCKY\AppData\Roaming\Composer\vendor\bin;C:\Program Files\JetBrains\PyCharm Community Edition 2022.1.1\bin;;C:\Users\LUCKY\AppData\Local\Android\Sdk\ndk-bundle;C:\Users\LUCKY\AppData\Local\Android\Sdk\platform-tools;
USERNAME=LUCKY
OS=Windows_NT
PROCESSOR_IDENTIFIER=Intel64 Family 6 Model 58 Stepping 9, GenuineIntel



---------------  S Y S T E M  ---------------

OS: Windows 10 , 64 bit Build 19041 (10.0.19041.1806)

CPU:total 4 (initial active 4) (2 cores per cpu, 2 threads per core) family 6 model 58 stepping 9 microcode 0x21, cmov, cx8, fxsr, mmx, sse, sse2, sse3, ssse3, sse4.1, sse4.2, popcnt, avx, aes, clmul, erms, ht, tsc, tscinvbit, tscinv

Memory: 4k page, system-wide physical 12182M (3881M free)
TotalPageFile size 24470M (AvailPageFile size 11780M)
current process WorkingSet (physical memory assigned to process): 405M, peak: 410M
current process commit charge ("private bytes"): 501M, peak: 506M

vm_info: Java HotSpot(TM) 64-Bit Server VM (11.0.13+10-LTS-370) for windows-amd64 JRE (11.0.13+10-LTS-370), built on Sep 15 2021 22:10:36 by "mach5one" with MS VC++ 15.9 (VS2017)

END.
